<?xml version="1.0" encoding="UTF-8"?>
<testsuite xmlns:xsi="http://www.w3.org/2001/XMLSchema-instance" xsi:noNamespaceSchemaLocation="https://maven.apache.org/surefire/maven-surefire-plugin/xsd/surefire-test-report-3.0.xsd" version="3.0" name="com.sharelite.CreatePostsTest" time="26.218" tests="1" errors="0" skipped="0" failures="0">
  <properties>
    <property name="java.specification.version" value="22"/>
    <property name="sun.cpu.isalist" value="amd64"/>
    <property name="sun.jnu.encoding" value="GBK"/>
    <property name="java.class.path" value="D:\Share Lite(react+springboot+electron)\springboot\target\test-classes;D:\Share Lite(react+springboot+electron)\springboot\target\classes;D:\apache-maven-3.9.9\repository\org\springframework\boot\spring-boot-starter-web\3.3.3\spring-boot-starter-web-3.3.3.jar;D:\apache-maven-3.9.9\repository\org\springframework\boot\spring-boot-starter\3.3.3\spring-boot-starter-3.3.3.jar;D:\apache-maven-3.9.9\repository\org\springframework\boot\spring-boot\3.3.3\spring-boot-3.3.3.jar;D:\apache-maven-3.9.9\repository\org\springframework\boot\spring-boot-autoconfigure\3.3.3\spring-boot-autoconfigure-3.3.3.jar;D:\apache-maven-3.9.9\repository\org\springframework\boot\spring-boot-starter-logging\3.3.3\spring-boot-starter-logging-3.3.3.jar;D:\apache-maven-3.9.9\repository\ch\qos\logback\logback-classic\1.5.7\logback-classic-1.5.7.jar;D:\apache-maven-3.9.9\repository\ch\qos\logback\logback-core\1.5.7\logback-core-1.5.7.jar;D:\apache-maven-3.9.9\repository\org\apache\logging\log4j\log4j-to-slf4j\2.23.1\log4j-to-slf4j-2.23.1.jar;D:\apache-maven-3.9.9\repository\org\apache\logging\log4j\log4j-api\2.23.1\log4j-api-2.23.1.jar;D:\apache-maven-3.9.9\repository\org\slf4j\jul-to-slf4j\2.0.16\jul-to-slf4j-2.0.16.jar;D:\apache-maven-3.9.9\repository\jakarta\annotation\jakarta.annotation-api\2.1.1\jakarta.annotation-api-2.1.1.jar;D:\apache-maven-3.9.9\repository\org\yaml\snakeyaml\2.2\snakeyaml-2.2.jar;D:\apache-maven-3.9.9\repository\org\springframework\boot\spring-boot-starter-json\3.3.3\spring-boot-starter-json-3.3.3.jar;D:\apache-maven-3.9.9\repository\com\fasterxml\jackson\datatype\jackson-datatype-jdk8\2.17.2\jackson-datatype-jdk8-2.17.2.jar;D:\apache-maven-3.9.9\repository\com\fasterxml\jackson\datatype\jackson-datatype-jsr310\2.17.2\jackson-datatype-jsr310-2.17.2.jar;D:\apache-maven-3.9.9\repository\com\fasterxml\jackson\module\jackson-module-parameter-names\2.17.2\jackson-module-parameter-names-2.17.2.jar;D:\apache-maven-3.9.9\repository\org\springframework\boot\spring-boot-starter-tomcat\3.3.3\spring-boot-starter-tomcat-3.3.3.jar;D:\apache-maven-3.9.9\repository\org\apache\tomcat\embed\tomcat-embed-core\10.1.28\tomcat-embed-core-10.1.28.jar;D:\apache-maven-3.9.9\repository\org\apache\tomcat\embed\tomcat-embed-websocket\10.1.28\tomcat-embed-websocket-10.1.28.jar;D:\apache-maven-3.9.9\repository\org\springframework\spring-web\6.1.12\spring-web-6.1.12.jar;D:\apache-maven-3.9.9\repository\org\springframework\spring-beans\6.1.12\spring-beans-6.1.12.jar;D:\apache-maven-3.9.9\repository\io\micrometer\micrometer-observation\1.13.3\micrometer-observation-1.13.3.jar;D:\apache-maven-3.9.9\repository\io\micrometer\micrometer-commons\1.13.3\micrometer-commons-1.13.3.jar;D:\apache-maven-3.9.9\repository\org\springframework\spring-webmvc\6.1.12\spring-webmvc-6.1.12.jar;D:\apache-maven-3.9.9\repository\org\springframework\spring-aop\6.1.12\spring-aop-6.1.12.jar;D:\apache-maven-3.9.9\repository\org\springframework\spring-context\6.1.12\spring-context-6.1.12.jar;D:\apache-maven-3.9.9\repository\org\springframework\spring-expression\6.1.12\spring-expression-6.1.12.jar;D:\apache-maven-3.9.9\repository\com\mysql\mysql-connector-j\8.3.0\mysql-connector-j-8.3.0.jar;D:\apache-maven-3.9.9\repository\org\projectlombok\lombok\1.18.34\lombok-1.18.34.jar;D:\apache-maven-3.9.9\repository\org\springframework\boot\spring-boot-starter-test\3.3.3\spring-boot-starter-test-3.3.3.jar;D:\apache-maven-3.9.9\repository\org\springframework\boot\spring-boot-test\3.3.3\spring-boot-test-3.3.3.jar;D:\apache-maven-3.9.9\repository\org\springframework\boot\spring-boot-test-autoconfigure\3.3.3\spring-boot-test-autoconfigure-3.3.3.jar;D:\apache-maven-3.9.9\repository\com\jayway\jsonpath\json-path\2.9.0\json-path-2.9.0.jar;D:\apache-maven-3.9.9\repository\org\slf4j\slf4j-api\2.0.16\slf4j-api-2.0.16.jar;D:\apache-maven-3.9.9\repository\jakarta\xml\bind\jakarta.xml.bind-api\4.0.2\jakarta.xml.bind-api-4.0.2.jar;D:\apache-maven-3.9.9\repository\jakarta\activation\jakarta.activation-api\2.1.3\jakarta.activation-api-2.1.3.jar;D:\apache-maven-3.9.9\repository\net\minidev\json-smart\2.5.1\json-smart-2.5.1.jar;D:\apache-maven-3.9.9\repository\net\minidev\accessors-smart\2.5.1\accessors-smart-2.5.1.jar;D:\apache-maven-3.9.9\repository\org\ow2\asm\asm\9.6\asm-9.6.jar;D:\apache-maven-3.9.9\repository\org\assertj\assertj-core\3.25.3\assertj-core-3.25.3.jar;D:\apache-maven-3.9.9\repository\net\bytebuddy\byte-buddy\1.14.19\byte-buddy-1.14.19.jar;D:\apache-maven-3.9.9\repository\org\awaitility\awaitility\4.2.2\awaitility-4.2.2.jar;D:\apache-maven-3.9.9\repository\org\hamcrest\hamcrest\2.2\hamcrest-2.2.jar;D:\apache-maven-3.9.9\repository\org\junit\jupiter\junit-jupiter\5.10.3\junit-jupiter-5.10.3.jar;D:\apache-maven-3.9.9\repository\org\junit\jupiter\junit-jupiter-api\5.10.3\junit-jupiter-api-5.10.3.jar;D:\apache-maven-3.9.9\repository\org\opentest4j\opentest4j\1.3.0\opentest4j-1.3.0.jar;D:\apache-maven-3.9.9\repository\org\junit\platform\junit-platform-commons\1.10.3\junit-platform-commons-1.10.3.jar;D:\apache-maven-3.9.9\repository\org\apiguardian\apiguardian-api\1.1.2\apiguardian-api-1.1.2.jar;D:\apache-maven-3.9.9\repository\org\junit\jupiter\junit-jupiter-params\5.10.3\junit-jupiter-params-5.10.3.jar;D:\apache-maven-3.9.9\repository\org\junit\jupiter\junit-jupiter-engine\5.10.3\junit-jupiter-engine-5.10.3.jar;D:\apache-maven-3.9.9\repository\org\junit\platform\junit-platform-engine\1.10.3\junit-platform-engine-1.10.3.jar;D:\apache-maven-3.9.9\repository\org\mockito\mockito-core\5.11.0\mockito-core-5.11.0.jar;D:\apache-maven-3.9.9\repository\net\bytebuddy\byte-buddy-agent\1.14.19\byte-buddy-agent-1.14.19.jar;D:\apache-maven-3.9.9\repository\org\objenesis\objenesis\3.3\objenesis-3.3.jar;D:\apache-maven-3.9.9\repository\org\mockito\mockito-junit-jupiter\5.11.0\mockito-junit-jupiter-5.11.0.jar;D:\apache-maven-3.9.9\repository\org\skyscreamer\jsonassert\1.5.3\jsonassert-1.5.3.jar;D:\apache-maven-3.9.9\repository\com\vaadin\external\google\android-json\0.0.20131108.vaadin1\android-json-0.0.20131108.vaadin1.jar;D:\apache-maven-3.9.9\repository\org\springframework\spring-core\6.1.12\spring-core-6.1.12.jar;D:\apache-maven-3.9.9\repository\org\springframework\spring-jcl\6.1.12\spring-jcl-6.1.12.jar;D:\apache-maven-3.9.9\repository\org\springframework\spring-test\6.1.12\spring-test-6.1.12.jar;D:\apache-maven-3.9.9\repository\org\xmlunit\xmlunit-core\2.9.1\xmlunit-core-2.9.1.jar;D:\apache-maven-3.9.9\repository\org\mybatis\spring\boot\mybatis-spring-boot-starter\3.0.3\mybatis-spring-boot-starter-3.0.3.jar;D:\apache-maven-3.9.9\repository\org\springframework\boot\spring-boot-starter-jdbc\3.3.3\spring-boot-starter-jdbc-3.3.3.jar;D:\apache-maven-3.9.9\repository\com\zaxxer\HikariCP\5.1.0\HikariCP-5.1.0.jar;D:\apache-maven-3.9.9\repository\org\springframework\spring-jdbc\6.1.12\spring-jdbc-6.1.12.jar;D:\apache-maven-3.9.9\repository\org\mybatis\spring\boot\mybatis-spring-boot-autoconfigure\3.0.3\mybatis-spring-boot-autoconfigure-3.0.3.jar;D:\apache-maven-3.9.9\repository\org\mybatis\mybatis\3.5.14\mybatis-3.5.14.jar;D:\apache-maven-3.9.9\repository\org\mybatis\mybatis-spring\3.0.3\mybatis-spring-3.0.3.jar;D:\apache-maven-3.9.9\repository\org\mybatis\spring\boot\mybatis-spring-boot-starter-test\3.0.3\mybatis-spring-boot-starter-test-3.0.3.jar;D:\apache-maven-3.9.9\repository\org\mybatis\spring\boot\mybatis-spring-boot-test-autoconfigure\3.0.3\mybatis-spring-boot-test-autoconfigure-3.0.3.jar;D:\apache-maven-3.9.9\repository\org\springframework\spring-tx\6.1.12\spring-tx-6.1.12.jar;D:\apache-maven-3.9.9\repository\org\springframework\boot\spring-boot-starter-validation\3.3.3\spring-boot-starter-validation-3.3.3.jar;D:\apache-maven-3.9.9\repository\org\apache\tomcat\embed\tomcat-embed-el\10.1.28\tomcat-embed-el-10.1.28.jar;D:\apache-maven-3.9.9\repository\org\hibernate\validator\hibernate-validator\8.0.1.Final\hibernate-validator-8.0.1.Final.jar;D:\apache-maven-3.9.9\repository\jakarta\validation\jakarta.validation-api\3.0.2\jakarta.validation-api-3.0.2.jar;D:\apache-maven-3.9.9\repository\org\jboss\logging\jboss-logging\3.5.3.Final\jboss-logging-3.5.3.Final.jar;D:\apache-maven-3.9.9\repository\com\fasterxml\classmate\1.7.0\classmate-1.7.0.jar;D:\apache-maven-3.9.9\repository\com\auth0\java-jwt\4.4.0\java-jwt-4.4.0.jar;D:\apache-maven-3.9.9\repository\com\fasterxml\jackson\core\jackson-databind\2.17.2\jackson-databind-2.17.2.jar;D:\apache-maven-3.9.9\repository\com\fasterxml\jackson\core\jackson-annotations\2.17.2\jackson-annotations-2.17.2.jar;D:\apache-maven-3.9.9\repository\com\fasterxml\jackson\core\jackson-core\2.17.2\jackson-core-2.17.2.jar;D:\apache-maven-3.9.9\repository\com\alibaba\fastjson2\fastjson2-extension-spring6\2.0.52\fastjson2-extension-spring6-2.0.52.jar;D:\apache-maven-3.9.9\repository\com\alibaba\fastjson2\fastjson2-extension\2.0.52\fastjson2-extension-2.0.52.jar;D:\apache-maven-3.9.9\repository\com\alibaba\fastjson2\fastjson2\2.0.52\fastjson2-2.0.52.jar;D:\apache-maven-3.9.9\repository\com\github\pagehelper\pagehelper-spring-boot-starter\1.4.7\pagehelper-spring-boot-starter-1.4.7.jar;D:\apache-maven-3.9.9\repository\com\github\pagehelper\pagehelper-spring-boot-autoconfigure\1.4.7\pagehelper-spring-boot-autoconfigure-1.4.7.jar;D:\apache-maven-3.9.9\repository\com\github\pagehelper\pagehelper\5.3.3\pagehelper-5.3.3.jar;D:\apache-maven-3.9.9\repository\com\github\jsqlparser\jsqlparser\4.5\jsqlparser-4.5.jar;D:\apache-maven-3.9.9\repository\org\springframework\boot\spring-boot-starter-data-redis\3.3.3\spring-boot-starter-data-redis-3.3.3.jar;D:\apache-maven-3.9.9\repository\io\lettuce\lettuce-core\6.3.2.RELEASE\lettuce-core-6.3.2.RELEASE.jar;D:\apache-maven-3.9.9\repository\io\netty\netty-common\4.1.112.Final\netty-common-4.1.112.Final.jar;D:\apache-maven-3.9.9\repository\io\netty\netty-handler\4.1.112.Final\netty-handler-4.1.112.Final.jar;D:\apache-maven-3.9.9\repository\io\netty\netty-resolver\4.1.112.Final\netty-resolver-4.1.112.Final.jar;D:\apache-maven-3.9.9\repository\io\netty\netty-buffer\4.1.112.Final\netty-buffer-4.1.112.Final.jar;D:\apache-maven-3.9.9\repository\io\netty\netty-transport-native-unix-common\4.1.112.Final\netty-transport-native-unix-common-4.1.112.Final.jar;D:\apache-maven-3.9.9\repository\io\netty\netty-codec\4.1.112.Final\netty-codec-4.1.112.Final.jar;D:\apache-maven-3.9.9\repository\io\netty\netty-transport\4.1.112.Final\netty-transport-4.1.112.Final.jar;D:\apache-maven-3.9.9\repository\io\projectreactor\reactor-core\3.6.9\reactor-core-3.6.9.jar;D:\apache-maven-3.9.9\repository\org\reactivestreams\reactive-streams\1.0.4\reactive-streams-1.0.4.jar;D:\apache-maven-3.9.9\repository\org\springframework\data\spring-data-redis\3.3.3\spring-data-redis-3.3.3.jar;D:\apache-maven-3.9.9\repository\org\springframework\data\spring-data-keyvalue\3.3.3\spring-data-keyvalue-3.3.3.jar;D:\apache-maven-3.9.9\repository\org\springframework\data\spring-data-commons\3.3.3\spring-data-commons-3.3.3.jar;D:\apache-maven-3.9.9\repository\org\springframework\spring-oxm\6.1.12\spring-oxm-6.1.12.jar;D:\apache-maven-3.9.9\repository\org\springframework\spring-context-support\6.1.12\spring-context-support-6.1.12.jar;D:\apache-maven-3.9.9\repository\com\aliyun\oss\aliyun-sdk-oss\3.17.4\aliyun-sdk-oss-3.17.4.jar;D:\apache-maven-3.9.9\repository\org\apache\httpcomponents\httpclient\4.5.13\httpclient-4.5.13.jar;D:\apache-maven-3.9.9\repository\org\apache\httpcomponents\httpcore\4.4.16\httpcore-4.4.16.jar;D:\apache-maven-3.9.9\repository\commons-logging\commons-logging\1.2\commons-logging-1.2.jar;D:\apache-maven-3.9.9\repository\commons-codec\commons-codec\1.16.1\commons-codec-1.16.1.jar;D:\apache-maven-3.9.9\repository\org\jdom\jdom2\2.0.6.1\jdom2-2.0.6.1.jar;D:\apache-maven-3.9.9\repository\org\codehaus\jettison\jettison\1.5.4\jettison-1.5.4.jar;D:\apache-maven-3.9.9\repository\com\aliyun\aliyun-java-sdk-core\4.5.10\aliyun-java-sdk-core-4.5.10.jar;D:\apache-maven-3.9.9\repository\com\google\code\gson\gson\2.10.1\gson-2.10.1.jar;D:\apache-maven-3.9.9\repository\org\jacoco\org.jacoco.agent\0.8.5\org.jacoco.agent-0.8.5-runtime.jar;D:\apache-maven-3.9.9\repository\org\ini4j\ini4j\0.5.4\ini4j-0.5.4.jar;D:\apache-maven-3.9.9\repository\io\opentracing\opentracing-api\0.33.0\opentracing-api-0.33.0.jar;D:\apache-maven-3.9.9\repository\io\opentracing\opentracing-util\0.33.0\opentracing-util-0.33.0.jar;D:\apache-maven-3.9.9\repository\io\opentracing\opentracing-noop\0.33.0\opentracing-noop-0.33.0.jar;D:\apache-maven-3.9.9\repository\com\aliyun\aliyun-java-sdk-ram\3.1.0\aliyun-java-sdk-ram-3.1.0.jar;D:\apache-maven-3.9.9\repository\com\aliyun\aliyun-java-sdk-kms\2.11.0\aliyun-java-sdk-kms-2.11.0.jar;D:\apache-maven-3.9.9\repository\javax\xml\bind\jaxb-api\2.3.1\jaxb-api-2.3.1.jar;D:\apache-maven-3.9.9\repository\javax\activation\javax.activation-api\1.2.0\javax.activation-api-1.2.0.jar;D:\apache-maven-3.9.9\repository\javax\activation\activation\1.1.1\activation-1.1.1.jar;D:\apache-maven-3.9.9\repository\org\glassfish\jaxb\jaxb-runtime\2.3.3\jaxb-runtime-2.3.3.jar;D:\apache-maven-3.9.9\repository\org\glassfish\jaxb\txw2\4.0.5\txw2-4.0.5.jar;D:\apache-maven-3.9.9\repository\com\sun\istack\istack-commons-runtime\4.1.2\istack-commons-runtime-4.1.2.jar;D:\apache-maven-3.9.9\repository\com\sun\activation\jakarta.activation\1.2.2\jakarta.activation-1.2.2.jar;"/>
    <property name="java.vm.vendor" value="Oracle Corporation"/>
    <property name="sun.arch.data.model" value="64"/>
    <property name="user.variant" value=""/>
    <property name="java.vendor.url" value="https://java.oracle.com/"/>
    <property name="user.timezone" value="Asia/Shanghai"/>
    <property name="org.jboss.logging.provider" value="slf4j"/>
    <property name="os.name" value="Windows 11"/>
    <property name="java.vm.specification.version" value="22"/>
    <property name="sun.java.launcher" value="SUN_STANDARD"/>
    <property name="user.country" value="CN"/>
    <property name="sun.boot.library.path" value="D:\JDK\bin"/>
    <property name="sun.java.command" value="C:\Users\LZH\AppData\Local\Temp\surefire8945339324834773607\surefirebooter-20240928190717017_3.jar C:\Users\LZH\AppData\Local\Temp\surefire8945339324834773607 2024-09-28T19-07-16_667-jvmRun1 surefire-20240928190717017_1tmp surefire_0-20240928190717017_2tmp"/>
    <property name="jdk.debug" value="release"/>
    <property name="surefire.test.class.path" value="D:\Share Lite(react+springboot+electron)\springboot\target\test-classes;D:\Share Lite(react+springboot+electron)\springboot\target\classes;D:\apache-maven-3.9.9\repository\org\springframework\boot\spring-boot-starter-web\3.3.3\spring-boot-starter-web-3.3.3.jar;D:\apache-maven-3.9.9\repository\org\springframework\boot\spring-boot-starter\3.3.3\spring-boot-starter-3.3.3.jar;D:\apache-maven-3.9.9\repository\org\springframework\boot\spring-boot\3.3.3\spring-boot-3.3.3.jar;D:\apache-maven-3.9.9\repository\org\springframework\boot\spring-boot-autoconfigure\3.3.3\spring-boot-autoconfigure-3.3.3.jar;D:\apache-maven-3.9.9\repository\org\springframework\boot\spring-boot-starter-logging\3.3.3\spring-boot-starter-logging-3.3.3.jar;D:\apache-maven-3.9.9\repository\ch\qos\logback\logback-classic\1.5.7\logback-classic-1.5.7.jar;D:\apache-maven-3.9.9\repository\ch\qos\logback\logback-core\1.5.7\logback-core-1.5.7.jar;D:\apache-maven-3.9.9\repository\org\apache\logging\log4j\log4j-to-slf4j\2.23.1\log4j-to-slf4j-2.23.1.jar;D:\apache-maven-3.9.9\repository\org\apache\logging\log4j\log4j-api\2.23.1\log4j-api-2.23.1.jar;D:\apache-maven-3.9.9\repository\org\slf4j\jul-to-slf4j\2.0.16\jul-to-slf4j-2.0.16.jar;D:\apache-maven-3.9.9\repository\jakarta\annotation\jakarta.annotation-api\2.1.1\jakarta.annotation-api-2.1.1.jar;D:\apache-maven-3.9.9\repository\org\yaml\snakeyaml\2.2\snakeyaml-2.2.jar;D:\apache-maven-3.9.9\repository\org\springframework\boot\spring-boot-starter-json\3.3.3\spring-boot-starter-json-3.3.3.jar;D:\apache-maven-3.9.9\repository\com\fasterxml\jackson\datatype\jackson-datatype-jdk8\2.17.2\jackson-datatype-jdk8-2.17.2.jar;D:\apache-maven-3.9.9\repository\com\fasterxml\jackson\datatype\jackson-datatype-jsr310\2.17.2\jackson-datatype-jsr310-2.17.2.jar;D:\apache-maven-3.9.9\repository\com\fasterxml\jackson\module\jackson-module-parameter-names\2.17.2\jackson-module-parameter-names-2.17.2.jar;D:\apache-maven-3.9.9\repository\org\springframework\boot\spring-boot-starter-tomcat\3.3.3\spring-boot-starter-tomcat-3.3.3.jar;D:\apache-maven-3.9.9\repository\org\apache\tomcat\embed\tomcat-embed-core\10.1.28\tomcat-embed-core-10.1.28.jar;D:\apache-maven-3.9.9\repository\org\apache\tomcat\embed\tomcat-embed-websocket\10.1.28\tomcat-embed-websocket-10.1.28.jar;D:\apache-maven-3.9.9\repository\org\springframework\spring-web\6.1.12\spring-web-6.1.12.jar;D:\apache-maven-3.9.9\repository\org\springframework\spring-beans\6.1.12\spring-beans-6.1.12.jar;D:\apache-maven-3.9.9\repository\io\micrometer\micrometer-observation\1.13.3\micrometer-observation-1.13.3.jar;D:\apache-maven-3.9.9\repository\io\micrometer\micrometer-commons\1.13.3\micrometer-commons-1.13.3.jar;D:\apache-maven-3.9.9\repository\org\springframework\spring-webmvc\6.1.12\spring-webmvc-6.1.12.jar;D:\apache-maven-3.9.9\repository\org\springframework\spring-aop\6.1.12\spring-aop-6.1.12.jar;D:\apache-maven-3.9.9\repository\org\springframework\spring-context\6.1.12\spring-context-6.1.12.jar;D:\apache-maven-3.9.9\repository\org\springframework\spring-expression\6.1.12\spring-expression-6.1.12.jar;D:\apache-maven-3.9.9\repository\com\mysql\mysql-connector-j\8.3.0\mysql-connector-j-8.3.0.jar;D:\apache-maven-3.9.9\repository\org\projectlombok\lombok\1.18.34\lombok-1.18.34.jar;D:\apache-maven-3.9.9\repository\org\springframework\boot\spring-boot-starter-test\3.3.3\spring-boot-starter-test-3.3.3.jar;D:\apache-maven-3.9.9\repository\org\springframework\boot\spring-boot-test\3.3.3\spring-boot-test-3.3.3.jar;D:\apache-maven-3.9.9\repository\org\springframework\boot\spring-boot-test-autoconfigure\3.3.3\spring-boot-test-autoconfigure-3.3.3.jar;D:\apache-maven-3.9.9\repository\com\jayway\jsonpath\json-path\2.9.0\json-path-2.9.0.jar;D:\apache-maven-3.9.9\repository\org\slf4j\slf4j-api\2.0.16\slf4j-api-2.0.16.jar;D:\apache-maven-3.9.9\repository\jakarta\xml\bind\jakarta.xml.bind-api\4.0.2\jakarta.xml.bind-api-4.0.2.jar;D:\apache-maven-3.9.9\repository\jakarta\activation\jakarta.activation-api\2.1.3\jakarta.activation-api-2.1.3.jar;D:\apache-maven-3.9.9\repository\net\minidev\json-smart\2.5.1\json-smart-2.5.1.jar;D:\apache-maven-3.9.9\repository\net\minidev\accessors-smart\2.5.1\accessors-smart-2.5.1.jar;D:\apache-maven-3.9.9\repository\org\ow2\asm\asm\9.6\asm-9.6.jar;D:\apache-maven-3.9.9\repository\org\assertj\assertj-core\3.25.3\assertj-core-3.25.3.jar;D:\apache-maven-3.9.9\repository\net\bytebuddy\byte-buddy\1.14.19\byte-buddy-1.14.19.jar;D:\apache-maven-3.9.9\repository\org\awaitility\awaitility\4.2.2\awaitility-4.2.2.jar;D:\apache-maven-3.9.9\repository\org\hamcrest\hamcrest\2.2\hamcrest-2.2.jar;D:\apache-maven-3.9.9\repository\org\junit\jupiter\junit-jupiter\5.10.3\junit-jupiter-5.10.3.jar;D:\apache-maven-3.9.9\repository\org\junit\jupiter\junit-jupiter-api\5.10.3\junit-jupiter-api-5.10.3.jar;D:\apache-maven-3.9.9\repository\org\opentest4j\opentest4j\1.3.0\opentest4j-1.3.0.jar;D:\apache-maven-3.9.9\repository\org\junit\platform\junit-platform-commons\1.10.3\junit-platform-commons-1.10.3.jar;D:\apache-maven-3.9.9\repository\org\apiguardian\apiguardian-api\1.1.2\apiguardian-api-1.1.2.jar;D:\apache-maven-3.9.9\repository\org\junit\jupiter\junit-jupiter-params\5.10.3\junit-jupiter-params-5.10.3.jar;D:\apache-maven-3.9.9\repository\org\junit\jupiter\junit-jupiter-engine\5.10.3\junit-jupiter-engine-5.10.3.jar;D:\apache-maven-3.9.9\repository\org\junit\platform\junit-platform-engine\1.10.3\junit-platform-engine-1.10.3.jar;D:\apache-maven-3.9.9\repository\org\mockito\mockito-core\5.11.0\mockito-core-5.11.0.jar;D:\apache-maven-3.9.9\repository\net\bytebuddy\byte-buddy-agent\1.14.19\byte-buddy-agent-1.14.19.jar;D:\apache-maven-3.9.9\repository\org\objenesis\objenesis\3.3\objenesis-3.3.jar;D:\apache-maven-3.9.9\repository\org\mockito\mockito-junit-jupiter\5.11.0\mockito-junit-jupiter-5.11.0.jar;D:\apache-maven-3.9.9\repository\org\skyscreamer\jsonassert\1.5.3\jsonassert-1.5.3.jar;D:\apache-maven-3.9.9\repository\com\vaadin\external\google\android-json\0.0.20131108.vaadin1\android-json-0.0.20131108.vaadin1.jar;D:\apache-maven-3.9.9\repository\org\springframework\spring-core\6.1.12\spring-core-6.1.12.jar;D:\apache-maven-3.9.9\repository\org\springframework\spring-jcl\6.1.12\spring-jcl-6.1.12.jar;D:\apache-maven-3.9.9\repository\org\springframework\spring-test\6.1.12\spring-test-6.1.12.jar;D:\apache-maven-3.9.9\repository\org\xmlunit\xmlunit-core\2.9.1\xmlunit-core-2.9.1.jar;D:\apache-maven-3.9.9\repository\org\mybatis\spring\boot\mybatis-spring-boot-starter\3.0.3\mybatis-spring-boot-starter-3.0.3.jar;D:\apache-maven-3.9.9\repository\org\springframework\boot\spring-boot-starter-jdbc\3.3.3\spring-boot-starter-jdbc-3.3.3.jar;D:\apache-maven-3.9.9\repository\com\zaxxer\HikariCP\5.1.0\HikariCP-5.1.0.jar;D:\apache-maven-3.9.9\repository\org\springframework\spring-jdbc\6.1.12\spring-jdbc-6.1.12.jar;D:\apache-maven-3.9.9\repository\org\mybatis\spring\boot\mybatis-spring-boot-autoconfigure\3.0.3\mybatis-spring-boot-autoconfigure-3.0.3.jar;D:\apache-maven-3.9.9\repository\org\mybatis\mybatis\3.5.14\mybatis-3.5.14.jar;D:\apache-maven-3.9.9\repository\org\mybatis\mybatis-spring\3.0.3\mybatis-spring-3.0.3.jar;D:\apache-maven-3.9.9\repository\org\mybatis\spring\boot\mybatis-spring-boot-starter-test\3.0.3\mybatis-spring-boot-starter-test-3.0.3.jar;D:\apache-maven-3.9.9\repository\org\mybatis\spring\boot\mybatis-spring-boot-test-autoconfigure\3.0.3\mybatis-spring-boot-test-autoconfigure-3.0.3.jar;D:\apache-maven-3.9.9\repository\org\springframework\spring-tx\6.1.12\spring-tx-6.1.12.jar;D:\apache-maven-3.9.9\repository\org\springframework\boot\spring-boot-starter-validation\3.3.3\spring-boot-starter-validation-3.3.3.jar;D:\apache-maven-3.9.9\repository\org\apache\tomcat\embed\tomcat-embed-el\10.1.28\tomcat-embed-el-10.1.28.jar;D:\apache-maven-3.9.9\repository\org\hibernate\validator\hibernate-validator\8.0.1.Final\hibernate-validator-8.0.1.Final.jar;D:\apache-maven-3.9.9\repository\jakarta\validation\jakarta.validation-api\3.0.2\jakarta.validation-api-3.0.2.jar;D:\apache-maven-3.9.9\repository\org\jboss\logging\jboss-logging\3.5.3.Final\jboss-logging-3.5.3.Final.jar;D:\apache-maven-3.9.9\repository\com\fasterxml\classmate\1.7.0\classmate-1.7.0.jar;D:\apache-maven-3.9.9\repository\com\auth0\java-jwt\4.4.0\java-jwt-4.4.0.jar;D:\apache-maven-3.9.9\repository\com\fasterxml\jackson\core\jackson-databind\2.17.2\jackson-databind-2.17.2.jar;D:\apache-maven-3.9.9\repository\com\fasterxml\jackson\core\jackson-annotations\2.17.2\jackson-annotations-2.17.2.jar;D:\apache-maven-3.9.9\repository\com\fasterxml\jackson\core\jackson-core\2.17.2\jackson-core-2.17.2.jar;D:\apache-maven-3.9.9\repository\com\alibaba\fastjson2\fastjson2-extension-spring6\2.0.52\fastjson2-extension-spring6-2.0.52.jar;D:\apache-maven-3.9.9\repository\com\alibaba\fastjson2\fastjson2-extension\2.0.52\fastjson2-extension-2.0.52.jar;D:\apache-maven-3.9.9\repository\com\alibaba\fastjson2\fastjson2\2.0.52\fastjson2-2.0.52.jar;D:\apache-maven-3.9.9\repository\com\github\pagehelper\pagehelper-spring-boot-starter\1.4.7\pagehelper-spring-boot-starter-1.4.7.jar;D:\apache-maven-3.9.9\repository\com\github\pagehelper\pagehelper-spring-boot-autoconfigure\1.4.7\pagehelper-spring-boot-autoconfigure-1.4.7.jar;D:\apache-maven-3.9.9\repository\com\github\pagehelper\pagehelper\5.3.3\pagehelper-5.3.3.jar;D:\apache-maven-3.9.9\repository\com\github\jsqlparser\jsqlparser\4.5\jsqlparser-4.5.jar;D:\apache-maven-3.9.9\repository\org\springframework\boot\spring-boot-starter-data-redis\3.3.3\spring-boot-starter-data-redis-3.3.3.jar;D:\apache-maven-3.9.9\repository\io\lettuce\lettuce-core\6.3.2.RELEASE\lettuce-core-6.3.2.RELEASE.jar;D:\apache-maven-3.9.9\repository\io\netty\netty-common\4.1.112.Final\netty-common-4.1.112.Final.jar;D:\apache-maven-3.9.9\repository\io\netty\netty-handler\4.1.112.Final\netty-handler-4.1.112.Final.jar;D:\apache-maven-3.9.9\repository\io\netty\netty-resolver\4.1.112.Final\netty-resolver-4.1.112.Final.jar;D:\apache-maven-3.9.9\repository\io\netty\netty-buffer\4.1.112.Final\netty-buffer-4.1.112.Final.jar;D:\apache-maven-3.9.9\repository\io\netty\netty-transport-native-unix-common\4.1.112.Final\netty-transport-native-unix-common-4.1.112.Final.jar;D:\apache-maven-3.9.9\repository\io\netty\netty-codec\4.1.112.Final\netty-codec-4.1.112.Final.jar;D:\apache-maven-3.9.9\repository\io\netty\netty-transport\4.1.112.Final\netty-transport-4.1.112.Final.jar;D:\apache-maven-3.9.9\repository\io\projectreactor\reactor-core\3.6.9\reactor-core-3.6.9.jar;D:\apache-maven-3.9.9\repository\org\reactivestreams\reactive-streams\1.0.4\reactive-streams-1.0.4.jar;D:\apache-maven-3.9.9\repository\org\springframework\data\spring-data-redis\3.3.3\spring-data-redis-3.3.3.jar;D:\apache-maven-3.9.9\repository\org\springframework\data\spring-data-keyvalue\3.3.3\spring-data-keyvalue-3.3.3.jar;D:\apache-maven-3.9.9\repository\org\springframework\data\spring-data-commons\3.3.3\spring-data-commons-3.3.3.jar;D:\apache-maven-3.9.9\repository\org\springframework\spring-oxm\6.1.12\spring-oxm-6.1.12.jar;D:\apache-maven-3.9.9\repository\org\springframework\spring-context-support\6.1.12\spring-context-support-6.1.12.jar;D:\apache-maven-3.9.9\repository\com\aliyun\oss\aliyun-sdk-oss\3.17.4\aliyun-sdk-oss-3.17.4.jar;D:\apache-maven-3.9.9\repository\org\apache\httpcomponents\httpclient\4.5.13\httpclient-4.5.13.jar;D:\apache-maven-3.9.9\repository\org\apache\httpcomponents\httpcore\4.4.16\httpcore-4.4.16.jar;D:\apache-maven-3.9.9\repository\commons-logging\commons-logging\1.2\commons-logging-1.2.jar;D:\apache-maven-3.9.9\repository\commons-codec\commons-codec\1.16.1\commons-codec-1.16.1.jar;D:\apache-maven-3.9.9\repository\org\jdom\jdom2\2.0.6.1\jdom2-2.0.6.1.jar;D:\apache-maven-3.9.9\repository\org\codehaus\jettison\jettison\1.5.4\jettison-1.5.4.jar;D:\apache-maven-3.9.9\repository\com\aliyun\aliyun-java-sdk-core\4.5.10\aliyun-java-sdk-core-4.5.10.jar;D:\apache-maven-3.9.9\repository\com\google\code\gson\gson\2.10.1\gson-2.10.1.jar;D:\apache-maven-3.9.9\repository\org\jacoco\org.jacoco.agent\0.8.5\org.jacoco.agent-0.8.5-runtime.jar;D:\apache-maven-3.9.9\repository\org\ini4j\ini4j\0.5.4\ini4j-0.5.4.jar;D:\apache-maven-3.9.9\repository\io\opentracing\opentracing-api\0.33.0\opentracing-api-0.33.0.jar;D:\apache-maven-3.9.9\repository\io\opentracing\opentracing-util\0.33.0\opentracing-util-0.33.0.jar;D:\apache-maven-3.9.9\repository\io\opentracing\opentracing-noop\0.33.0\opentracing-noop-0.33.0.jar;D:\apache-maven-3.9.9\repository\com\aliyun\aliyun-java-sdk-ram\3.1.0\aliyun-java-sdk-ram-3.1.0.jar;D:\apache-maven-3.9.9\repository\com\aliyun\aliyun-java-sdk-kms\2.11.0\aliyun-java-sdk-kms-2.11.0.jar;D:\apache-maven-3.9.9\repository\javax\xml\bind\jaxb-api\2.3.1\jaxb-api-2.3.1.jar;D:\apache-maven-3.9.9\repository\javax\activation\javax.activation-api\1.2.0\javax.activation-api-1.2.0.jar;D:\apache-maven-3.9.9\repository\javax\activation\activation\1.1.1\activation-1.1.1.jar;D:\apache-maven-3.9.9\repository\org\glassfish\jaxb\jaxb-runtime\2.3.3\jaxb-runtime-2.3.3.jar;D:\apache-maven-3.9.9\repository\org\glassfish\jaxb\txw2\4.0.5\txw2-4.0.5.jar;D:\apache-maven-3.9.9\repository\com\sun\istack\istack-commons-runtime\4.1.2\istack-commons-runtime-4.1.2.jar;D:\apache-maven-3.9.9\repository\com\sun\activation\jakarta.activation\1.2.2\jakarta.activation-1.2.2.jar;"/>
    <property name="sun.cpu.endian" value="little"/>
    <property name="user.home" value="C:\Users\LZH"/>
    <property name="user.language" value="zh"/>
    <property name="java.specification.vendor" value="Oracle Corporation"/>
    <property name="java.version.date" value="2024-07-16"/>
    <property name="java.home" value="D:\JDK"/>
    <property name="file.separator" value="\"/>
    <property name="basedir" value="D:\Share Lite(react+springboot+electron)\springboot"/>
    <property name="java.vm.compressedOopsMode" value="32-bit"/>
    <property name="line.separator" value="&#10;"/>
    <property name="java.vm.specification.vendor" value="Oracle Corporation"/>
    <property name="java.specification.name" value="Java Platform API Specification"/>
    <property name="FILE_LOG_CHARSET" value="UTF-8"/>
    <property name="java.awt.headless" value="true"/>
    <property name="surefire.real.class.path" value="C:\Users\LZH\AppData\Local\Temp\surefire8945339324834773607\surefirebooter-20240928190717017_3.jar"/>
    <property name="user.script" value=""/>
    <property name="sun.management.compiler" value="HotSpot 64-Bit Tiered Compilers"/>
    <property name="java.runtime.version" value="22.0.2+9-70"/>
    <property name="user.name" value="LZH"/>
    <property name="stdout.encoding" value="GBK"/>
    <property name="path.separator" value=";"/>
    <property name="os.version" value="10.0"/>
    <property name="java.runtime.name" value="Java(TM) SE Runtime Environment"/>
    <property name="file.encoding" value="UTF-8"/>
    <property name="java.vm.name" value="Java HotSpot(TM) 64-Bit Server VM"/>
    <property name="localRepository" value="D:\apache-maven-3.9.9\repository"/>
    <property name="java.vendor.url.bug" value="https://bugreport.java.com/bugreport/"/>
    <property name="java.io.tmpdir" value="C:\Users\LZH\AppData\Local\Temp\"/>
    <property name="idea.version" value="2024.2.0.1"/>
    <property name="com.zaxxer.hikari.pool_number" value="1"/>
    <property name="java.version" value="22.0.2"/>
    <property name="user.dir" value="D:\Share Lite(react+springboot+electron)\springboot"/>
    <property name="os.arch" value="amd64"/>
    <property name="java.vm.specification.name" value="Java Virtual Machine Specification"/>
    <property name="PID" value="8456"/>
    <property name="sun.os.patch.level" value=""/>
    <property name="CONSOLE_LOG_CHARSET" value="UTF-8"/>
    <property name="native.encoding" value="GBK"/>
    <property name="java.library.path" value="D:\JDK\bin;C:\WINDOWS\Sun\Java\bin;C:\WINDOWS\system32;C:\WINDOWS;C:\Program Files\Common Files\Oracle\Java\javapath;E:\python3.6.8\Scripts\;E:\python3.6.8\;C:\WINDOWS\system32;C:\WINDOWS;C:\WINDOWS\System32\Wbem;C:\WINDOWS\System32\WindowsPowerShell\v1.0\;C:\WINDOWS\System32\OpenSSH\;C:\Program Files\Microsoft VS Code\bin;E:\texlive\2022\bin\win32;C:\Program Files\python;C:\Program Files\python\Scripts;D:\BtSoft\panel\script;C:\Program Files\python;C:\Program Files\python\Scripts;D:\BtSoft\panel\script;E:\anaconda3;E:\anaconda3\Scripts\;E:\anaconda3\Library\bin;E:\anaconda3\Library\mingw-w64\bin;E:\python3.12.0;C:\ProgramData\chocolatey\bin;%NODE_HOME%;%NODE_HOME%\node_global;%NODE_HOME%\node_cache;E:\nodejs\;E:\nodejs\node_global\node_modules;D:\JDK\bin;D:\JDK\jre\bin;D:\apache-maven-3.9.9\bin;E:\Git\cmd;E:\TortoiseGit\bin;E:\Redis\;E:\python3.8.3\Scripts\;E:\python3.8.3\;E:\Scripts\;E:\;C:\Users\LZH\AppData\Local\Microsoft\WindowsApps;C:\Compiler\texlive\2020\bin\win32;C:\Program Files\JetBrains\PyCharm Community Edition 2023.2.1\bin;;E:\PyCharm 2024.1.4\bin;;D:\TCGA;F:\TCGA\gdc-client_v1.6.1_Windows_x64;E:\PhpStorm 2024.1.4\bin;;E:\Notepad++;E:\nodejs\node_global;;D:\IntelliJ IDEA 2024.2.0.1\bin;;."/>
    <property name="java.vm.info" value="mixed mode, sharing"/>
    <property name="stderr.encoding" value="GBK"/>
    <property name="java.vendor" value="Oracle Corporation"/>
    <property name="java.vm.version" value="22.0.2+9-70"/>
    <property name="sun.io.unicode.encoding" value="UnicodeLittle"/>
    <property name="maven.repo.local" value="D:\apache-maven-3.9.9\repository"/>
    <property name="java.class.version" value="66.0"/>
  </properties>
  <testcase name="createPostTest" classname="com.sharelite.CreatePostsTest" time="16.211">
    <system-out><![CDATA[19:07:21.877 [main] INFO org.springframework.test.context.support.AnnotationConfigContextLoaderUtils -- Could not detect default configuration classes for test class [com.sharelite.CreatePostsTest]: CreatePostsTest does not declare any static, non-private, non-final, nested classes annotated with @Configuration.
19:07:22.123 [main] INFO org.springframework.boot.test.context.SpringBootTestContextBootstrapper -- Found @SpringBootConfiguration com.sharelite.ShareLiteApplication for test class com.sharelite.CreatePostsTest

  .   ____          _            __ _ _
 /\\ / ___'_ __ _ _(_)_ __  __ _ \ \ \ \
( ( )\___ | '_ | '_| | '_ \/ _` | \ \ \ \
 \\/  ___)| |_)| | | | | || (_| |  ) ) ) )
  '  |____| .__|_| |_|_| |_\__, | / / / /
 =========|_|==============|___/=/_/_/_/

 :: Spring Boot ::                (v3.3.3)

2024-09-28T19:07:23.288+08:00  INFO 8456 --- [           main] com.sharelite.CreatePostsTest            : Starting CreatePostsTest using Java 22.0.2 with PID 8456 (started by LZH in D:\Share Lite(react+springboot+electron)\springboot)
2024-09-28T19:07:23.293+08:00  INFO 8456 --- [           main] com.sharelite.CreatePostsTest            : No active profile set, falling back to 1 default profile: "default"
2024-09-28T19:07:26.228+08:00  INFO 8456 --- [           main] .s.d.r.c.RepositoryConfigurationDelegate : Multiple Spring Data modules found, entering strict repository configuration mode
2024-09-28T19:07:26.238+08:00  INFO 8456 --- [           main] .s.d.r.c.RepositoryConfigurationDelegate : Bootstrapping Spring Data Redis repositories in DEFAULT mode.
2024-09-28T19:07:26.293+08:00  INFO 8456 --- [           main] .s.d.r.c.RepositoryConfigurationDelegate : Finished Spring Data repository scanning in 18 ms. Found 0 Redis repository interfaces.
Logging initialized using 'class org.apache.ibatis.logging.stdout.StdOutImpl' adapter.


,------.                           ,--.  ,--.         ,--.                         
|  .--. '  ,--,--.  ,---.   ,---.  |  '--'  |  ,---.  |  |  ,---.   ,---.  ,--.--. 
|  '--' | ' ,-.  | | .-. | | .-. : |  .--.  | | .-. : |  | | .-. | | .-. : |  .--' 
|  | --'  \ '-'  | ' '-' ' \   --. |  |  |  | \   --. |  | | '-' ' \   --. |  |    
`--'       `--`--' .`-  /   `----' `--'  `--'  `----' `--' |  |-'   `----' `--'    
                   `---'                                   `--'                        is intercepting.

2024-09-28T19:07:31.251+08:00  INFO 8456 --- [           main] com.sharelite.CreatePostsTest            : Started CreatePostsTest in 8.781 seconds (process running for 13.117)
2024-09-28T19:07:36.609+08:00  INFO 8456 --- [           main] com.zaxxer.hikari.HikariDataSource       : HikariPool-1 - Starting...
2024-09-28T19:07:39.079+08:00  INFO 8456 --- [           main] com.zaxxer.hikari.pool.HikariPool        : HikariPool-1 - Added connection com.mysql.cj.jdbc.ConnectionImpl@7e615c6a
2024-09-28T19:07:39.079+08:00  INFO 8456 --- [           main] com.zaxxer.hikari.HikariDataSource       : HikariPool-1 - Start completed.
Creating a new SqlSession
Registering transaction synchronization for SqlSession [org.apache.ibatis.session.defaults.DefaultSqlSession@24749ad3]
JDBC Connection [HikariProxyConnection@1282386874 wrapping com.mysql.cj.jdbc.ConnectionImpl@7e615c6a] will be managed by Spring
==>  Preparing: INSERT INTO `tb_post` (content, author_id, publish_at, last_update) VALUES (?, ?, ?, ?)
==> Parameters: 今天阳光正好，心情也跟着明媚起来。生活就像一场未知的旅程，我们永远不知道下一站会遇见什么，但只要保持乐观，总会有惊喜。(String), 4(Long), 2024-09-28T19:07:39.085390300(LocalDateTime), 2024-09-28T19:07:39.085390300(LocalDateTime)
<==    Updates: 1
Releasing transactional SqlSession [org.apache.ibatis.session.defaults.DefaultSqlSession@24749ad3]
Transaction synchronization committing SqlSession [org.apache.ibatis.session.defaults.DefaultSqlSession@24749ad3]
Transaction synchronization deregistering SqlSession [org.apache.ibatis.session.defaults.DefaultSqlSession@24749ad3]
Transaction synchronization closing SqlSession [org.apache.ibatis.session.defaults.DefaultSqlSession@24749ad3]
Creating a new SqlSession
Registering transaction synchronization for SqlSession [org.apache.ibatis.session.defaults.DefaultSqlSession@65f3f9e2]
JDBC Connection [HikariProxyConnection@1943878214 wrapping com.mysql.cj.jdbc.ConnectionImpl@7e615c6a] will be managed by Spring
==>  Preparing: INSERT INTO `tb_post` (content, author_id, publish_at, last_update) VALUES (?, ?, ?, ?)
==> Parameters: 有时候，我们总是在忙碌中忘记了生活的美好。停下脚步，看看身边的风景，你会发现，原来幸福就在我们身边。(String), 50(Long), 2024-09-28T19:07:39.379527(LocalDateTime), 2024-09-28T19:07:39.379527(LocalDateTime)
<==    Updates: 1
Releasing transactional SqlSession [org.apache.ibatis.session.defaults.DefaultSqlSession@65f3f9e2]
Transaction synchronization committing SqlSession [org.apache.ibatis.session.defaults.DefaultSqlSession@65f3f9e2]
Transaction synchronization deregistering SqlSession [org.apache.ibatis.session.defaults.DefaultSqlSession@65f3f9e2]
Transaction synchronization closing SqlSession [org.apache.ibatis.session.defaults.DefaultSqlSession@65f3f9e2]
Creating a new SqlSession
Registering transaction synchronization for SqlSession [org.apache.ibatis.session.defaults.DefaultSqlSession@257708e]
JDBC Connection [HikariProxyConnection@1634182230 wrapping com.mysql.cj.jdbc.ConnectionImpl@7e615c6a] will be managed by Spring
==>  Preparing: INSERT INTO `tb_post` (content, author_id, publish_at, last_update) VALUES (?, ?, ?, ?)
==> Parameters: 人生就像一杯茶，不会苦一辈子，但总会苦一阵子。在苦涩中品味生活的甘甜，这才是人生的真谛。(String), 98(Long), 2024-09-28T19:07:39.389458300(LocalDateTime), 2024-09-28T19:07:39.389458300(LocalDateTime)
<==    Updates: 1
Releasing transactional SqlSession [org.apache.ibatis.session.defaults.DefaultSqlSession@257708e]
Transaction synchronization committing SqlSession [org.apache.ibatis.session.defaults.DefaultSqlSession@257708e]
Transaction synchronization deregistering SqlSession [org.apache.ibatis.session.defaults.DefaultSqlSession@257708e]
Transaction synchronization closing SqlSession [org.apache.ibatis.session.defaults.DefaultSqlSession@257708e]
Creating a new SqlSession
Registering transaction synchronization for SqlSession [org.apache.ibatis.session.defaults.DefaultSqlSession@66e434e8]
JDBC Connection [HikariProxyConnection@935612756 wrapping com.mysql.cj.jdbc.ConnectionImpl@7e615c6a] will be managed by Spring
==>  Preparing: INSERT INTO `tb_post` (content, author_id, publish_at, last_update) VALUES (?, ?, ?, ?)
==> Parameters: 每一次的挫折都是一次成长的机会。不要害怕失败，勇敢地面对挑战，你会变得更加坚强。(String), 74(Long), 2024-09-28T19:07:39.399650400(LocalDateTime), 2024-09-28T19:07:39.399650400(LocalDateTime)
<==    Updates: 1
Releasing transactional SqlSession [org.apache.ibatis.session.defaults.DefaultSqlSession@66e434e8]
Transaction synchronization committing SqlSession [org.apache.ibatis.session.defaults.DefaultSqlSession@66e434e8]
Transaction synchronization deregistering SqlSession [org.apache.ibatis.session.defaults.DefaultSqlSession@66e434e8]
Transaction synchronization closing SqlSession [org.apache.ibatis.session.defaults.DefaultSqlSession@66e434e8]
Creating a new SqlSession
Registering transaction synchronization for SqlSession [org.apache.ibatis.session.defaults.DefaultSqlSession@4353db40]
JDBC Connection [HikariProxyConnection@61966686 wrapping com.mysql.cj.jdbc.ConnectionImpl@7e615c6a] will be managed by Spring
==>  Preparing: INSERT INTO `tb_post` (content, author_id, publish_at, last_update) VALUES (?, ?, ?, ?)
==> Parameters: 真正的幸福不是拥有多少财富，而是拥有一颗感恩的心。珍惜身边的人，感恩生活的点滴，你会发现幸福无处不在。(String), 37(Long), 2024-09-28T19:07:39.419239800(LocalDateTime), 2024-09-28T19:07:39.419963100(LocalDateTime)
<==    Updates: 1
Releasing transactional SqlSession [org.apache.ibatis.session.defaults.DefaultSqlSession@4353db40]
Transaction synchronization committing SqlSession [org.apache.ibatis.session.defaults.DefaultSqlSession@4353db40]
Transaction synchronization deregistering SqlSession [org.apache.ibatis.session.defaults.DefaultSqlSession@4353db40]
Transaction synchronization closing SqlSession [org.apache.ibatis.session.defaults.DefaultSqlSession@4353db40]
Creating a new SqlSession
Registering transaction synchronization for SqlSession [org.apache.ibatis.session.defaults.DefaultSqlSession@782ed745]
JDBC Connection [HikariProxyConnection@1489071869 wrapping com.mysql.cj.jdbc.ConnectionImpl@7e615c6a] will be managed by Spring
==>  Preparing: INSERT INTO `tb_post` (content, author_id, publish_at, last_update) VALUES (?, ?, ?, ?)
==> Parameters: 生活中总会有不如意的事情，但我们不能因此而放弃。坚持下去，相信自己，你一定能够克服困难。(String), 36(Long), 2024-09-28T19:07:39.429577500(LocalDateTime), 2024-09-28T19:07:39.429577500(LocalDateTime)
<==    Updates: 1
Releasing transactional SqlSession [org.apache.ibatis.session.defaults.DefaultSqlSession@782ed745]
Transaction synchronization committing SqlSession [org.apache.ibatis.session.defaults.DefaultSqlSession@782ed745]
Transaction synchronization deregistering SqlSession [org.apache.ibatis.session.defaults.DefaultSqlSession@782ed745]
Transaction synchronization closing SqlSession [org.apache.ibatis.session.defaults.DefaultSqlSession@782ed745]
Creating a new SqlSession
Registering transaction synchronization for SqlSession [org.apache.ibatis.session.defaults.DefaultSqlSession@23e3a27f]
JDBC Connection [HikariProxyConnection@1374355136 wrapping com.mysql.cj.jdbc.ConnectionImpl@7e615c6a] will be managed by Spring
==>  Preparing: INSERT INTO `tb_post` (content, author_id, publish_at, last_update) VALUES (?, ?, ?, ?)
==> Parameters: 微笑是生活中最美的语言。无论遇到什么困难，都要保持微笑，用积极的心态去面对生活。(String), 74(Long), 2024-09-28T19:07:39.439344800(LocalDateTime), 2024-09-28T19:07:39.439344800(LocalDateTime)
<==    Updates: 1
Releasing transactional SqlSession [org.apache.ibatis.session.defaults.DefaultSqlSession@23e3a27f]
Transaction synchronization committing SqlSession [org.apache.ibatis.session.defaults.DefaultSqlSession@23e3a27f]
Transaction synchronization deregistering SqlSession [org.apache.ibatis.session.defaults.DefaultSqlSession@23e3a27f]
Transaction synchronization closing SqlSession [org.apache.ibatis.session.defaults.DefaultSqlSession@23e3a27f]
Creating a new SqlSession
Registering transaction synchronization for SqlSession [org.apache.ibatis.session.defaults.DefaultSqlSession@57abe94d]
JDBC Connection [HikariProxyConnection@1570077936 wrapping com.mysql.cj.jdbc.ConnectionImpl@7e615c6a] will be managed by Spring
==>  Preparing: INSERT INTO `tb_post` (content, author_id, publish_at, last_update) VALUES (?, ?, ?, ?)
==> Parameters: 人生没有彩排，每天都是现场直播。珍惜每一个当下，用心去生活，让自己的人生更加精彩。(String), 10(Long), 2024-09-28T19:07:39.449675400(LocalDateTime), 2024-09-28T19:07:39.449675400(LocalDateTime)
<==    Updates: 1
Releasing transactional SqlSession [org.apache.ibatis.session.defaults.DefaultSqlSession@57abe94d]
Transaction synchronization committing SqlSession [org.apache.ibatis.session.defaults.DefaultSqlSession@57abe94d]
Transaction synchronization deregistering SqlSession [org.apache.ibatis.session.defaults.DefaultSqlSession@57abe94d]
Transaction synchronization closing SqlSession [org.apache.ibatis.session.defaults.DefaultSqlSession@57abe94d]
Creating a new SqlSession
Registering transaction synchronization for SqlSession [org.apache.ibatis.session.defaults.DefaultSqlSession@4b45c8e4]
JDBC Connection [HikariProxyConnection@1652197647 wrapping com.mysql.cj.jdbc.ConnectionImpl@7e615c6a] will be managed by Spring
==>  Preparing: INSERT INTO `tb_post` (content, author_id, publish_at, last_update) VALUES (?, ?, ?, ?)
==> Parameters: 学会放下，才能拥有更多。不要总是纠结于过去的事情，让自己的心灵得到解脱，才能更好地迎接未来。(String), 85(Long), 2024-09-28T19:07:39.464848800(LocalDateTime), 2024-09-28T19:07:39.464848800(LocalDateTime)
<==    Updates: 1
Releasing transactional SqlSession [org.apache.ibatis.session.defaults.DefaultSqlSession@4b45c8e4]
Transaction synchronization committing SqlSession [org.apache.ibatis.session.defaults.DefaultSqlSession@4b45c8e4]
Transaction synchronization deregistering SqlSession [org.apache.ibatis.session.defaults.DefaultSqlSession@4b45c8e4]
Transaction synchronization closing SqlSession [org.apache.ibatis.session.defaults.DefaultSqlSession@4b45c8e4]
Creating a new SqlSession
Registering transaction synchronization for SqlSession [org.apache.ibatis.session.defaults.DefaultSqlSession@2c9aeec6]
JDBC Connection [HikariProxyConnection@1543351283 wrapping com.mysql.cj.jdbc.ConnectionImpl@7e615c6a] will be managed by Spring
==>  Preparing: INSERT INTO `tb_post` (content, author_id, publish_at, last_update) VALUES (?, ?, ?, ?)
==> Parameters: 生活就像一面镜子，你对它笑，它就对你笑；你对它哭，它就对你哭。让我们用微笑去面对生活，让生活充满阳光。(String), 14(Long), 2024-09-28T19:07:39.469466(LocalDateTime), 2024-09-28T19:07:39.469466(LocalDateTime)
<==    Updates: 1
Releasing transactional SqlSession [org.apache.ibatis.session.defaults.DefaultSqlSession@2c9aeec6]
Transaction synchronization committing SqlSession [org.apache.ibatis.session.defaults.DefaultSqlSession@2c9aeec6]
Transaction synchronization deregistering SqlSession [org.apache.ibatis.session.defaults.DefaultSqlSession@2c9aeec6]
Transaction synchronization closing SqlSession [org.apache.ibatis.session.defaults.DefaultSqlSession@2c9aeec6]
Creating a new SqlSession
Registering transaction synchronization for SqlSession [org.apache.ibatis.session.defaults.DefaultSqlSession@50aa9a91]
JDBC Connection [HikariProxyConnection@1325038895 wrapping com.mysql.cj.jdbc.ConnectionImpl@7e615c6a] will be managed by Spring
==>  Preparing: INSERT INTO `tb_post` (content, author_id, publish_at, last_update) VALUES (?, ?, ?, ?)
==> Parameters: 今天尝试了一家新的餐厅，味道简直太棒了！强烈推荐他们家的招牌菜，让人回味无穷。(String), 66(Long), 2024-09-28T19:07:39.483012800(LocalDateTime), 2024-09-28T19:07:39.483012800(LocalDateTime)
<==    Updates: 1
Releasing transactional SqlSession [org.apache.ibatis.session.defaults.DefaultSqlSession@50aa9a91]
Transaction synchronization committing SqlSession [org.apache.ibatis.session.defaults.DefaultSqlSession@50aa9a91]
Transaction synchronization deregistering SqlSession [org.apache.ibatis.session.defaults.DefaultSqlSession@50aa9a91]
Transaction synchronization closing SqlSession [org.apache.ibatis.session.defaults.DefaultSqlSession@50aa9a91]
Creating a new SqlSession
Registering transaction synchronization for SqlSession [org.apache.ibatis.session.defaults.DefaultSqlSession@36e358de]
JDBC Connection [HikariProxyConnection@1386406651 wrapping com.mysql.cj.jdbc.ConnectionImpl@7e615c6a] will be managed by Spring
==>  Preparing: INSERT INTO `tb_post` (content, author_id, publish_at, last_update) VALUES (?, ?, ?, ?)
==> Parameters: 美食是生活中不可或缺的一部分。一道美味的菜肴可以让人心情愉悦，忘记一切烦恼。(String), 57(Long), 2024-09-28T19:07:39.495309100(LocalDateTime), 2024-09-28T19:07:39.495309100(LocalDateTime)
<==    Updates: 1
Releasing transactional SqlSession [org.apache.ibatis.session.defaults.DefaultSqlSession@36e358de]
Transaction synchronization committing SqlSession [org.apache.ibatis.session.defaults.DefaultSqlSession@36e358de]
Transaction synchronization deregistering SqlSession [org.apache.ibatis.session.defaults.DefaultSqlSession@36e358de]
Transaction synchronization closing SqlSession [org.apache.ibatis.session.defaults.DefaultSqlSession@36e358de]
Creating a new SqlSession
Registering transaction synchronization for SqlSession [org.apache.ibatis.session.defaults.DefaultSqlSession@1164990a]
JDBC Connection [HikariProxyConnection@700935541 wrapping com.mysql.cj.jdbc.ConnectionImpl@7e615c6a] will be managed by Spring
==>  Preparing: INSERT INTO `tb_post` (content, author_id, publish_at, last_update) VALUES (?, ?, ?, ?)
==> Parameters: 自己动手，丰衣足食。今天做了一道家常菜，虽然不是很完美，但却充满了家的味道。(String), 97(Long), 2024-09-28T19:07:39.499329(LocalDateTime), 2024-09-28T19:07:39.499329(LocalDateTime)
<==    Updates: 1
Releasing transactional SqlSession [org.apache.ibatis.session.defaults.DefaultSqlSession@1164990a]
Transaction synchronization committing SqlSession [org.apache.ibatis.session.defaults.DefaultSqlSession@1164990a]
Transaction synchronization deregistering SqlSession [org.apache.ibatis.session.defaults.DefaultSqlSession@1164990a]
Transaction synchronization closing SqlSession [org.apache.ibatis.session.defaults.DefaultSqlSession@1164990a]
Creating a new SqlSession
Registering transaction synchronization for SqlSession [org.apache.ibatis.session.defaults.DefaultSqlSession@75b4db22]
JDBC Connection [HikariProxyConnection@37292467 wrapping com.mysql.cj.jdbc.ConnectionImpl@7e615c6a] will be managed by Spring
==>  Preparing: INSERT INTO `tb_post` (content, author_id, publish_at, last_update) VALUES (?, ?, ?, ?)
==> Parameters: 甜品是治愈心灵的良药。一口甜蜜的蛋糕，瞬间让心情变得美好起来。(String), 75(Long), 2024-09-28T19:07:39.509441600(LocalDateTime), 2024-09-28T19:07:39.509441600(LocalDateTime)
<==    Updates: 1
Releasing transactional SqlSession [org.apache.ibatis.session.defaults.DefaultSqlSession@75b4db22]
Transaction synchronization committing SqlSession [org.apache.ibatis.session.defaults.DefaultSqlSession@75b4db22]
Transaction synchronization deregistering SqlSession [org.apache.ibatis.session.defaults.DefaultSqlSession@75b4db22]
Transaction synchronization closing SqlSession [org.apache.ibatis.session.defaults.DefaultSqlSession@75b4db22]
Creating a new SqlSession
Registering transaction synchronization for SqlSession [org.apache.ibatis.session.defaults.DefaultSqlSession@7890fbf9]
JDBC Connection [HikariProxyConnection@377204235 wrapping com.mysql.cj.jdbc.ConnectionImpl@7e615c6a] will be managed by Spring
==>  Preparing: INSERT INTO `tb_post` (content, author_id, publish_at, last_update) VALUES (?, ?, ?, ?)
==> Parameters: 咖啡是一种生活态度。在忙碌的生活中，停下来喝一杯咖啡，享受片刻的宁静。(String), 44(Long), 2024-09-28T19:07:39.519447(LocalDateTime), 2024-09-28T19:07:39.519447(LocalDateTime)
<==    Updates: 1
Releasing transactional SqlSession [org.apache.ibatis.session.defaults.DefaultSqlSession@7890fbf9]
Transaction synchronization committing SqlSession [org.apache.ibatis.session.defaults.DefaultSqlSession@7890fbf9]
Transaction synchronization deregistering SqlSession [org.apache.ibatis.session.defaults.DefaultSqlSession@7890fbf9]
Transaction synchronization closing SqlSession [org.apache.ibatis.session.defaults.DefaultSqlSession@7890fbf9]
Creating a new SqlSession
Registering transaction synchronization for SqlSession [org.apache.ibatis.session.defaults.DefaultSqlSession@294a12b5]
JDBC Connection [HikariProxyConnection@906424041 wrapping com.mysql.cj.jdbc.ConnectionImpl@7e615c6a] will be managed by Spring
==>  Preparing: INSERT INTO `tb_post` (content, author_id, publish_at, last_update) VALUES (?, ?, ?, ?)
==> Parameters: 美食不仅是味觉的享受，更是一种文化的传承。每一道传统美食都蕴含着深厚的历史和文化底蕴。(String), 35(Long), 2024-09-28T19:07:39.524737100(LocalDateTime), 2024-09-28T19:07:39.524737100(LocalDateTime)
<==    Updates: 1
Releasing transactional SqlSession [org.apache.ibatis.session.defaults.DefaultSqlSession@294a12b5]
Transaction synchronization committing SqlSession [org.apache.ibatis.session.defaults.DefaultSqlSession@294a12b5]
Transaction synchronization deregistering SqlSession [org.apache.ibatis.session.defaults.DefaultSqlSession@294a12b5]
Transaction synchronization closing SqlSession [org.apache.ibatis.session.defaults.DefaultSqlSession@294a12b5]
Creating a new SqlSession
Registering transaction synchronization for SqlSession [org.apache.ibatis.session.defaults.DefaultSqlSession@52fed5b7]
JDBC Connection [HikariProxyConnection@1763768885 wrapping com.mysql.cj.jdbc.ConnectionImpl@7e615c6a] will be managed by Spring
==>  Preparing: INSERT INTO `tb_post` (content, author_id, publish_at, last_update) VALUES (?, ?, ?, ?)
==> Parameters: 火锅是冬天的最佳选择。一群人围坐在一起，热气腾腾的火锅让人感受到了浓浓的温暖。(String), 62(Long), 2024-09-28T19:07:39.529788600(LocalDateTime), 2024-09-28T19:07:39.529788600(LocalDateTime)
<==    Updates: 1
Releasing transactional SqlSession [org.apache.ibatis.session.defaults.DefaultSqlSession@52fed5b7]
Transaction synchronization committing SqlSession [org.apache.ibatis.session.defaults.DefaultSqlSession@52fed5b7]
Transaction synchronization deregistering SqlSession [org.apache.ibatis.session.defaults.DefaultSqlSession@52fed5b7]
Transaction synchronization closing SqlSession [org.apache.ibatis.session.defaults.DefaultSqlSession@52fed5b7]
Creating a new SqlSession
Registering transaction synchronization for SqlSession [org.apache.ibatis.session.defaults.DefaultSqlSession@1e4b70c6]
JDBC Connection [HikariProxyConnection@1211112446 wrapping com.mysql.cj.jdbc.ConnectionImpl@7e615c6a] will be managed by Spring
==>  Preparing: INSERT INTO `tb_post` (content, author_id, publish_at, last_update) VALUES (?, ?, ?, ?)
==> Parameters: 水果是大自然的馈赠。新鲜的水果富含各种营养物质，让我们的身体更加健康。(String), 7(Long), 2024-09-28T19:07:39.539466300(LocalDateTime), 2024-09-28T19:07:39.539466300(LocalDateTime)
<==    Updates: 1
Releasing transactional SqlSession [org.apache.ibatis.session.defaults.DefaultSqlSession@1e4b70c6]
Transaction synchronization committing SqlSession [org.apache.ibatis.session.defaults.DefaultSqlSession@1e4b70c6]
Transaction synchronization deregistering SqlSession [org.apache.ibatis.session.defaults.DefaultSqlSession@1e4b70c6]
Transaction synchronization closing SqlSession [org.apache.ibatis.session.defaults.DefaultSqlSession@1e4b70c6]
Creating a new SqlSession
Registering transaction synchronization for SqlSession [org.apache.ibatis.session.defaults.DefaultSqlSession@7e58b0f6]
JDBC Connection [HikariProxyConnection@1423824868 wrapping com.mysql.cj.jdbc.ConnectionImpl@7e615c6a] will be managed by Spring
==>  Preparing: INSERT INTO `tb_post` (content, author_id, publish_at, last_update) VALUES (?, ?, ?, ?)
==> Parameters: 美食之旅，永不停歇。每一个地方都有自己独特的美食，让我们一起去探索吧！(String), 18(Long), 2024-09-28T19:07:39.549584200(LocalDateTime), 2024-09-28T19:07:39.549584200(LocalDateTime)
<==    Updates: 1
Releasing transactional SqlSession [org.apache.ibatis.session.defaults.DefaultSqlSession@7e58b0f6]
Transaction synchronization committing SqlSession [org.apache.ibatis.session.defaults.DefaultSqlSession@7e58b0f6]
Transaction synchronization deregistering SqlSession [org.apache.ibatis.session.defaults.DefaultSqlSession@7e58b0f6]
Transaction synchronization closing SqlSession [org.apache.ibatis.session.defaults.DefaultSqlSession@7e58b0f6]
Creating a new SqlSession
Registering transaction synchronization for SqlSession [org.apache.ibatis.session.defaults.DefaultSqlSession@477e5b69]
JDBC Connection [HikariProxyConnection@1957269967 wrapping com.mysql.cj.jdbc.ConnectionImpl@7e615c6a] will be managed by Spring
==>  Preparing: INSERT INTO `tb_post` (content, author_id, publish_at, last_update) VALUES (?, ?, ?, ?)
==> Parameters: 美食可以让人忘却一切烦恼。在享受美食的过程中，我们可以放松心情，享受生活的美好。(String), 66(Long), 2024-09-28T19:07:39.559676300(LocalDateTime), 2024-09-28T19:07:39.559676300(LocalDateTime)
<==    Updates: 1
Releasing transactional SqlSession [org.apache.ibatis.session.defaults.DefaultSqlSession@477e5b69]
Transaction synchronization committing SqlSession [org.apache.ibatis.session.defaults.DefaultSqlSession@477e5b69]
Transaction synchronization deregistering SqlSession [org.apache.ibatis.session.defaults.DefaultSqlSession@477e5b69]
Transaction synchronization closing SqlSession [org.apache.ibatis.session.defaults.DefaultSqlSession@477e5b69]
Creating a new SqlSession
Registering transaction synchronization for SqlSession [org.apache.ibatis.session.defaults.DefaultSqlSession@1e5e2e06]
JDBC Connection [HikariProxyConnection@2040015820 wrapping com.mysql.cj.jdbc.ConnectionImpl@7e615c6a] will be managed by Spring
==>  Preparing: INSERT INTO `tb_post` (content, author_id, publish_at, last_update) VALUES (?, ?, ?, ?)
==> Parameters: 旅行是一种生活方式，也是一种成长。每一次的旅行都让我收获满满，看到了不同的风景，体验了不同的文化。(String), 80(Long), 2024-09-28T19:07:39.559676300(LocalDateTime), 2024-09-28T19:07:39.559676300(LocalDateTime)
<==    Updates: 1
Releasing transactional SqlSession [org.apache.ibatis.session.defaults.DefaultSqlSession@1e5e2e06]
Transaction synchronization committing SqlSession [org.apache.ibatis.session.defaults.DefaultSqlSession@1e5e2e06]
Transaction synchronization deregistering SqlSession [org.apache.ibatis.session.defaults.DefaultSqlSession@1e5e2e06]
Transaction synchronization closing SqlSession [org.apache.ibatis.session.defaults.DefaultSqlSession@1e5e2e06]
Creating a new SqlSession
Registering transaction synchronization for SqlSession [org.apache.ibatis.session.defaults.DefaultSqlSession@50841932]
JDBC Connection [HikariProxyConnection@1757707513 wrapping com.mysql.cj.jdbc.ConnectionImpl@7e615c6a] will be managed by Spring
==>  Preparing: INSERT INTO `tb_post` (content, author_id, publish_at, last_update) VALUES (?, ?, ?, ?)
==> Parameters: 今天来到了一个美丽的小镇，这里的风景如画，让人陶醉其中。漫步在古老的街道上，感受着历史的韵味。(String), 63(Long), 2024-09-28T19:07:39.569564(LocalDateTime), 2024-09-28T19:07:39.569564(LocalDateTime)
<==    Updates: 1
Releasing transactional SqlSession [org.apache.ibatis.session.defaults.DefaultSqlSession@50841932]
Transaction synchronization committing SqlSession [org.apache.ibatis.session.defaults.DefaultSqlSession@50841932]
Transaction synchronization deregistering SqlSession [org.apache.ibatis.session.defaults.DefaultSqlSession@50841932]
Transaction synchronization closing SqlSession [org.apache.ibatis.session.defaults.DefaultSqlSession@50841932]
Creating a new SqlSession
Registering transaction synchronization for SqlSession [org.apache.ibatis.session.defaults.DefaultSqlSession@42457891]
JDBC Connection [HikariProxyConnection@1542262772 wrapping com.mysql.cj.jdbc.ConnectionImpl@7e615c6a] will be managed by Spring
==>  Preparing: INSERT INTO `tb_post` (content, author_id, publish_at, last_update) VALUES (?, ?, ?, ?)
==> Parameters: 旅行让我们更加了解自己。在陌生的环境中，我们需要面对各种挑战，这也让我们更加清楚地认识到自己的优点和不足。(String), 50(Long), 2024-09-28T19:07:39.619406300(LocalDateTime), 2024-09-28T19:07:39.619406300(LocalDateTime)
<==    Updates: 1
Releasing transactional SqlSession [org.apache.ibatis.session.defaults.DefaultSqlSession@42457891]
Transaction synchronization committing SqlSession [org.apache.ibatis.session.defaults.DefaultSqlSession@42457891]
Transaction synchronization deregistering SqlSession [org.apache.ibatis.session.defaults.DefaultSqlSession@42457891]
Transaction synchronization closing SqlSession [org.apache.ibatis.session.defaults.DefaultSqlSession@42457891]
Creating a new SqlSession
Registering transaction synchronization for SqlSession [org.apache.ibatis.session.defaults.DefaultSqlSession@183a84f4]
JDBC Connection [HikariProxyConnection@293019606 wrapping com.mysql.cj.jdbc.ConnectionImpl@7e615c6a] will be managed by Spring
==>  Preparing: INSERT INTO `tb_post` (content, author_id, publish_at, last_update) VALUES (?, ?, ?, ?)
==> Parameters: 大自然是最美的风景。走进大自然，呼吸着新鲜的空气，感受着大自然的魅力，让人心情愉悦。(String), 20(Long), 2024-09-28T19:07:39.651405600(LocalDateTime), 2024-09-28T19:07:39.651405600(LocalDateTime)
<==    Updates: 1
Releasing transactional SqlSession [org.apache.ibatis.session.defaults.DefaultSqlSession@183a84f4]
Transaction synchronization committing SqlSession [org.apache.ibatis.session.defaults.DefaultSqlSession@183a84f4]
Transaction synchronization deregistering SqlSession [org.apache.ibatis.session.defaults.DefaultSqlSession@183a84f4]
Transaction synchronization closing SqlSession [org.apache.ibatis.session.defaults.DefaultSqlSession@183a84f4]
Creating a new SqlSession
Registering transaction synchronization for SqlSession [org.apache.ibatis.session.defaults.DefaultSqlSession@3bac86a3]
JDBC Connection [HikariProxyConnection@1005924239 wrapping com.mysql.cj.jdbc.ConnectionImpl@7e615c6a] will be managed by Spring
==>  Preparing: INSERT INTO `tb_post` (content, author_id, publish_at, last_update) VALUES (?, ?, ?, ?)
==> Parameters: 每一次的旅行都是一次心灵的洗礼。在旅行中，我们可以放下一切烦恼，让自己的心灵得到放松和净化。(String), 33(Long), 2024-09-28T19:07:39.669699700(LocalDateTime), 2024-09-28T19:07:39.669699700(LocalDateTime)
<==    Updates: 1
Releasing transactional SqlSession [org.apache.ibatis.session.defaults.DefaultSqlSession@3bac86a3]
Transaction synchronization committing SqlSession [org.apache.ibatis.session.defaults.DefaultSqlSession@3bac86a3]
Transaction synchronization deregistering SqlSession [org.apache.ibatis.session.defaults.DefaultSqlSession@3bac86a3]
Transaction synchronization closing SqlSession [org.apache.ibatis.session.defaults.DefaultSqlSession@3bac86a3]
Creating a new SqlSession
Registering transaction synchronization for SqlSession [org.apache.ibatis.session.defaults.DefaultSqlSession@7f57a7a4]
JDBC Connection [HikariProxyConnection@73058675 wrapping com.mysql.cj.jdbc.ConnectionImpl@7e615c6a] will be managed by Spring
==>  Preparing: INSERT INTO `tb_post` (content, author_id, publish_at, last_update) VALUES (?, ?, ?, ?)
==> Parameters: 旅行是一种寻找自我的方式。在旅途中，我们可以不断地探索和发现，找到真正的自己。(String), 85(Long), 2024-09-28T19:07:39.680188900(LocalDateTime), 2024-09-28T19:07:39.680188900(LocalDateTime)
<==    Updates: 1
Releasing transactional SqlSession [org.apache.ibatis.session.defaults.DefaultSqlSession@7f57a7a4]
Transaction synchronization committing SqlSession [org.apache.ibatis.session.defaults.DefaultSqlSession@7f57a7a4]
Transaction synchronization deregistering SqlSession [org.apache.ibatis.session.defaults.DefaultSqlSession@7f57a7a4]
Transaction synchronization closing SqlSession [org.apache.ibatis.session.defaults.DefaultSqlSession@7f57a7a4]
Creating a new SqlSession
Registering transaction synchronization for SqlSession [org.apache.ibatis.session.defaults.DefaultSqlSession@4e553d60]
JDBC Connection [HikariProxyConnection@1173755930 wrapping com.mysql.cj.jdbc.ConnectionImpl@7e615c6a] will be managed by Spring
==>  Preparing: INSERT INTO `tb_post` (content, author_id, publish_at, last_update) VALUES (?, ?, ?, ?)
==> Parameters: 世界那么大，我想去看看。旅行让我们开阔了视野，增长了见识，让我们的人生更加丰富多彩。(String), 69(Long), 2024-09-28T19:07:39.689423500(LocalDateTime), 2024-09-28T19:07:39.689423500(LocalDateTime)
<==    Updates: 1
Releasing transactional SqlSession [org.apache.ibatis.session.defaults.DefaultSqlSession@4e553d60]
Transaction synchronization committing SqlSession [org.apache.ibatis.session.defaults.DefaultSqlSession@4e553d60]
Transaction synchronization deregistering SqlSession [org.apache.ibatis.session.defaults.DefaultSqlSession@4e553d60]
Transaction synchronization closing SqlSession [org.apache.ibatis.session.defaults.DefaultSqlSession@4e553d60]
Creating a new SqlSession
Registering transaction synchronization for SqlSession [org.apache.ibatis.session.defaults.DefaultSqlSession@5114c8a1]
JDBC Connection [HikariProxyConnection@999685353 wrapping com.mysql.cj.jdbc.ConnectionImpl@7e615c6a] will be managed by Spring
==>  Preparing: INSERT INTO `tb_post` (content, author_id, publish_at, last_update) VALUES (?, ?, ?, ?)
==> Parameters: 旅行中的美食也是一大亮点。品尝当地的特色美食，了解当地的饮食文化，是一种别样的体验。(String), 70(Long), 2024-09-28T19:07:39.699643400(LocalDateTime), 2024-09-28T19:07:39.699643400(LocalDateTime)
<==    Updates: 1
Releasing transactional SqlSession [org.apache.ibatis.session.defaults.DefaultSqlSession@5114c8a1]
Transaction synchronization committing SqlSession [org.apache.ibatis.session.defaults.DefaultSqlSession@5114c8a1]
Transaction synchronization deregistering SqlSession [org.apache.ibatis.session.defaults.DefaultSqlSession@5114c8a1]
Transaction synchronization closing SqlSession [org.apache.ibatis.session.defaults.DefaultSqlSession@5114c8a1]
Creating a new SqlSession
Registering transaction synchronization for SqlSession [org.apache.ibatis.session.defaults.DefaultSqlSession@65a8c306]
JDBC Connection [HikariProxyConnection@1220163548 wrapping com.mysql.cj.jdbc.ConnectionImpl@7e615c6a] will be managed by Spring
==>  Preparing: INSERT INTO `tb_post` (content, author_id, publish_at, last_update) VALUES (?, ?, ?, ?)
==> Parameters: 旅行是一种冒险，也是一种勇气。勇敢地走出舒适区，去探索未知的世界，你会发现自己的潜力是无限的。(String), 44(Long), 2024-09-28T19:07:39.709265(LocalDateTime), 2024-09-28T19:07:39.709265(LocalDateTime)
<==    Updates: 1
Releasing transactional SqlSession [org.apache.ibatis.session.defaults.DefaultSqlSession@65a8c306]
Transaction synchronization committing SqlSession [org.apache.ibatis.session.defaults.DefaultSqlSession@65a8c306]
Transaction synchronization deregistering SqlSession [org.apache.ibatis.session.defaults.DefaultSqlSession@65a8c306]
Transaction synchronization closing SqlSession [org.apache.ibatis.session.defaults.DefaultSqlSession@65a8c306]
Creating a new SqlSession
Registering transaction synchronization for SqlSession [org.apache.ibatis.session.defaults.DefaultSqlSession@10bcbbed]
JDBC Connection [HikariProxyConnection@1206325076 wrapping com.mysql.cj.jdbc.ConnectionImpl@7e615c6a] will be managed by Spring
==>  Preparing: INSERT INTO `tb_post` (content, author_id, publish_at, last_update) VALUES (?, ?, ?, ?)
==> Parameters: 旅行让我们更加珍惜生活。在旅行中，我们会看到很多不同的生活方式，这也让我们更加珍惜自己所拥有的一切。(String), 81(Long), 2024-09-28T19:07:39.719576700(LocalDateTime), 2024-09-28T19:07:39.719576700(LocalDateTime)
<==    Updates: 1
Releasing transactional SqlSession [org.apache.ibatis.session.defaults.DefaultSqlSession@10bcbbed]
Transaction synchronization committing SqlSession [org.apache.ibatis.session.defaults.DefaultSqlSession@10bcbbed]
Transaction synchronization deregistering SqlSession [org.apache.ibatis.session.defaults.DefaultSqlSession@10bcbbed]
Transaction synchronization closing SqlSession [org.apache.ibatis.session.defaults.DefaultSqlSession@10bcbbed]
Creating a new SqlSession
Registering transaction synchronization for SqlSession [org.apache.ibatis.session.defaults.DefaultSqlSession@47c422d3]
JDBC Connection [HikariProxyConnection@1011254112 wrapping com.mysql.cj.jdbc.ConnectionImpl@7e615c6a] will be managed by Spring
==>  Preparing: INSERT INTO `tb_post` (content, author_id, publish_at, last_update) VALUES (?, ?, ?, ?)
==> Parameters: 读书是一种享受，也是一种成长。一本好书可以让我们受益匪浅，开阔我们的视野，丰富我们的知识。(String), 23(Long), 2024-09-28T19:07:39.729549100(LocalDateTime), 2024-09-28T19:07:39.729549100(LocalDateTime)
<==    Updates: 1
Releasing transactional SqlSession [org.apache.ibatis.session.defaults.DefaultSqlSession@47c422d3]
Transaction synchronization committing SqlSession [org.apache.ibatis.session.defaults.DefaultSqlSession@47c422d3]
Transaction synchronization deregistering SqlSession [org.apache.ibatis.session.defaults.DefaultSqlSession@47c422d3]
Transaction synchronization closing SqlSession [org.apache.ibatis.session.defaults.DefaultSqlSession@47c422d3]
Creating a new SqlSession
Registering transaction synchronization for SqlSession [org.apache.ibatis.session.defaults.DefaultSqlSession@169d5567]
JDBC Connection [HikariProxyConnection@1756618311 wrapping com.mysql.cj.jdbc.ConnectionImpl@7e615c6a] will be managed by Spring
==>  Preparing: INSERT INTO `tb_post` (content, author_id, publish_at, last_update) VALUES (?, ?, ?, ?)
==> Parameters: 今天读了一本非常精彩的书，让我深受启发。书中的故事让我感受到了人性的美好和温暖。(String), 31(Long), 2024-09-28T19:07:39.749682(LocalDateTime), 2024-09-28T19:07:39.749682(LocalDateTime)
<==    Updates: 1
Releasing transactional SqlSession [org.apache.ibatis.session.defaults.DefaultSqlSession@169d5567]
Transaction synchronization committing SqlSession [org.apache.ibatis.session.defaults.DefaultSqlSession@169d5567]
Transaction synchronization deregistering SqlSession [org.apache.ibatis.session.defaults.DefaultSqlSession@169d5567]
Transaction synchronization closing SqlSession [org.apache.ibatis.session.defaults.DefaultSqlSession@169d5567]
Creating a new SqlSession
Registering transaction synchronization for SqlSession [org.apache.ibatis.session.defaults.DefaultSqlSession@7d108063]
JDBC Connection [HikariProxyConnection@1129435221 wrapping com.mysql.cj.jdbc.ConnectionImpl@7e615c6a] will be managed by Spring
==>  Preparing: INSERT INTO `tb_post` (content, author_id, publish_at, last_update) VALUES (?, ?, ?, ?)
==> Parameters: 读书可以让我们更加了解自己。在阅读的过程中，我们可以从书中的人物身上看到自己的影子，从而更好地认识自己。(String), 18(Long), 2024-09-28T19:07:39.749682(LocalDateTime), 2024-09-28T19:07:39.749682(LocalDateTime)
<==    Updates: 1
Releasing transactional SqlSession [org.apache.ibatis.session.defaults.DefaultSqlSession@7d108063]
Transaction synchronization committing SqlSession [org.apache.ibatis.session.defaults.DefaultSqlSession@7d108063]
Transaction synchronization deregistering SqlSession [org.apache.ibatis.session.defaults.DefaultSqlSession@7d108063]
Transaction synchronization closing SqlSession [org.apache.ibatis.session.defaults.DefaultSqlSession@7d108063]
Creating a new SqlSession
Registering transaction synchronization for SqlSession [org.apache.ibatis.session.defaults.DefaultSqlSession@6e7cb01a]
JDBC Connection [HikariProxyConnection@96489160 wrapping com.mysql.cj.jdbc.ConnectionImpl@7e615c6a] will be managed by Spring
==>  Preparing: INSERT INTO `tb_post` (content, author_id, publish_at, last_update) VALUES (?, ?, ?, ?)
==> Parameters: 每一本书都是一个世界。走进书的世界，我们可以体验不同的人生，感受不同的情感。(String), 93(Long), 2024-09-28T19:07:39.759521400(LocalDateTime), 2024-09-28T19:07:39.759521400(LocalDateTime)
<==    Updates: 1
Releasing transactional SqlSession [org.apache.ibatis.session.defaults.DefaultSqlSession@6e7cb01a]
Transaction synchronization committing SqlSession [org.apache.ibatis.session.defaults.DefaultSqlSession@6e7cb01a]
Transaction synchronization deregistering SqlSession [org.apache.ibatis.session.defaults.DefaultSqlSession@6e7cb01a]
Transaction synchronization closing SqlSession [org.apache.ibatis.session.defaults.DefaultSqlSession@6e7cb01a]
Creating a new SqlSession
Registering transaction synchronization for SqlSession [org.apache.ibatis.session.defaults.DefaultSqlSession@36ce0bc2]
JDBC Connection [HikariProxyConnection@1199113935 wrapping com.mysql.cj.jdbc.ConnectionImpl@7e615c6a] will be managed by Spring
==>  Preparing: INSERT INTO `tb_post` (content, author_id, publish_at, last_update) VALUES (?, ?, ?, ?)
==> Parameters: 读书是一种习惯，也是一种修养。坚持读书，让我们的内心更加充实，更加有力量。(String), 95(Long), 2024-09-28T19:07:39.769328800(LocalDateTime), 2024-09-28T19:07:39.769328800(LocalDateTime)
<==    Updates: 1
Releasing transactional SqlSession [org.apache.ibatis.session.defaults.DefaultSqlSession@36ce0bc2]
Transaction synchronization committing SqlSession [org.apache.ibatis.session.defaults.DefaultSqlSession@36ce0bc2]
Transaction synchronization deregistering SqlSession [org.apache.ibatis.session.defaults.DefaultSqlSession@36ce0bc2]
Transaction synchronization closing SqlSession [org.apache.ibatis.session.defaults.DefaultSqlSession@36ce0bc2]
Creating a new SqlSession
Registering transaction synchronization for SqlSession [org.apache.ibatis.session.defaults.DefaultSqlSession@c19bb2a]
JDBC Connection [HikariProxyConnection@339280038 wrapping com.mysql.cj.jdbc.ConnectionImpl@7e615c6a] will be managed by Spring
==>  Preparing: INSERT INTO `tb_post` (content, author_id, publish_at, last_update) VALUES (?, ?, ?, ?)
==> Parameters: 书中自有黄金屋，书中自有颜如玉。读书可以让我们获得知识和智慧，让我们的人生更加精彩。(String), 42(Long), 2024-09-28T19:07:39.769328800(LocalDateTime), 2024-09-28T19:07:39.769328800(LocalDateTime)
<==    Updates: 1
Releasing transactional SqlSession [org.apache.ibatis.session.defaults.DefaultSqlSession@c19bb2a]
Transaction synchronization committing SqlSession [org.apache.ibatis.session.defaults.DefaultSqlSession@c19bb2a]
Transaction synchronization deregistering SqlSession [org.apache.ibatis.session.defaults.DefaultSqlSession@c19bb2a]
Transaction synchronization closing SqlSession [org.apache.ibatis.session.defaults.DefaultSqlSession@c19bb2a]
Creating a new SqlSession
Registering transaction synchronization for SqlSession [org.apache.ibatis.session.defaults.DefaultSqlSession@7f6a6d46]
JDBC Connection [HikariProxyConnection@2127940748 wrapping com.mysql.cj.jdbc.ConnectionImpl@7e615c6a] will be managed by Spring
==>  Preparing: INSERT INTO `tb_post` (content, author_id, publish_at, last_update) VALUES (?, ?, ?, ?)
==> Parameters: 读书可以让我们放松心情，减轻压力。在忙碌的生活中，读一本好书，是一种很好的放松方式。(String), 44(Long), 2024-09-28T19:07:39.779392600(LocalDateTime), 2024-09-28T19:07:39.779392600(LocalDateTime)
<==    Updates: 1
Releasing transactional SqlSession [org.apache.ibatis.session.defaults.DefaultSqlSession@7f6a6d46]
Transaction synchronization committing SqlSession [org.apache.ibatis.session.defaults.DefaultSqlSession@7f6a6d46]
Transaction synchronization deregistering SqlSession [org.apache.ibatis.session.defaults.DefaultSqlSession@7f6a6d46]
Transaction synchronization closing SqlSession [org.apache.ibatis.session.defaults.DefaultSqlSession@7f6a6d46]
Creating a new SqlSession
Registering transaction synchronization for SqlSession [org.apache.ibatis.session.defaults.DefaultSqlSession@374bf34b]
JDBC Connection [HikariProxyConnection@1862049087 wrapping com.mysql.cj.jdbc.ConnectionImpl@7e615c6a] will be managed by Spring
==>  Preparing: INSERT INTO `tb_post` (content, author_id, publish_at, last_update) VALUES (?, ?, ?, ?)
==> Parameters: 一本好书就像一位良师益友。它可以给我们指引方向，帮助我们成长。(String), 10(Long), 2024-09-28T19:07:39.789668(LocalDateTime), 2024-09-28T19:07:39.789668(LocalDateTime)
<==    Updates: 1
Releasing transactional SqlSession [org.apache.ibatis.session.defaults.DefaultSqlSession@374bf34b]
Transaction synchronization committing SqlSession [org.apache.ibatis.session.defaults.DefaultSqlSession@374bf34b]
Transaction synchronization deregistering SqlSession [org.apache.ibatis.session.defaults.DefaultSqlSession@374bf34b]
Transaction synchronization closing SqlSession [org.apache.ibatis.session.defaults.DefaultSqlSession@374bf34b]
Creating a new SqlSession
Registering transaction synchronization for SqlSession [org.apache.ibatis.session.defaults.DefaultSqlSession@71ac5723]
JDBC Connection [HikariProxyConnection@255401554 wrapping com.mysql.cj.jdbc.ConnectionImpl@7e615c6a] will be managed by Spring
==>  Preparing: INSERT INTO `tb_post` (content, author_id, publish_at, last_update) VALUES (?, ?, ?, ?)
==> Parameters: 读书是一种投资，也是一种回报。投资时间和精力去读书，你会获得意想不到的回报。(String), 16(Long), 2024-09-28T19:07:39.799423100(LocalDateTime), 2024-09-28T19:07:39.799423100(LocalDateTime)
<==    Updates: 1
Releasing transactional SqlSession [org.apache.ibatis.session.defaults.DefaultSqlSession@71ac5723]
Transaction synchronization committing SqlSession [org.apache.ibatis.session.defaults.DefaultSqlSession@71ac5723]
Transaction synchronization deregistering SqlSession [org.apache.ibatis.session.defaults.DefaultSqlSession@71ac5723]
Transaction synchronization closing SqlSession [org.apache.ibatis.session.defaults.DefaultSqlSession@71ac5723]
Creating a new SqlSession
Registering transaction synchronization for SqlSession [org.apache.ibatis.session.defaults.DefaultSqlSession@294a3f2a]
JDBC Connection [HikariProxyConnection@139346939 wrapping com.mysql.cj.jdbc.ConnectionImpl@7e615c6a] will be managed by Spring
==>  Preparing: INSERT INTO `tb_post` (content, author_id, publish_at, last_update) VALUES (?, ?, ?, ?)
==> Parameters: 读书让我们的生活更加丰富多彩。在书中，我们可以找到乐趣，找到感动，找到人生的意义。(String), 65(Long), 2024-09-28T19:07:39.799423100(LocalDateTime), 2024-09-28T19:07:39.799423100(LocalDateTime)
<==    Updates: 1
Releasing transactional SqlSession [org.apache.ibatis.session.defaults.DefaultSqlSession@294a3f2a]
Transaction synchronization committing SqlSession [org.apache.ibatis.session.defaults.DefaultSqlSession@294a3f2a]
Transaction synchronization deregistering SqlSession [org.apache.ibatis.session.defaults.DefaultSqlSession@294a3f2a]
Transaction synchronization closing SqlSession [org.apache.ibatis.session.defaults.DefaultSqlSession@294a3f2a]
Creating a new SqlSession
Registering transaction synchronization for SqlSession [org.apache.ibatis.session.defaults.DefaultSqlSession@6ac4f31d]
JDBC Connection [HikariProxyConnection@191259494 wrapping com.mysql.cj.jdbc.ConnectionImpl@7e615c6a] will be managed by Spring
==>  Preparing: INSERT INTO `tb_post` (content, author_id, publish_at, last_update) VALUES (?, ?, ?, ?)
==> Parameters: 爱情是一种美好的情感，它可以让人感受到幸福和温暖。珍惜身边的人，用心去经营爱情，让它永远绽放光彩。(String), 17(Long), 2024-09-28T19:07:39.809278300(LocalDateTime), 2024-09-28T19:07:39.809278300(LocalDateTime)
<==    Updates: 1
Releasing transactional SqlSession [org.apache.ibatis.session.defaults.DefaultSqlSession@6ac4f31d]
Transaction synchronization committing SqlSession [org.apache.ibatis.session.defaults.DefaultSqlSession@6ac4f31d]
Transaction synchronization deregistering SqlSession [org.apache.ibatis.session.defaults.DefaultSqlSession@6ac4f31d]
Transaction synchronization closing SqlSession [org.apache.ibatis.session.defaults.DefaultSqlSession@6ac4f31d]
Creating a new SqlSession
Registering transaction synchronization for SqlSession [org.apache.ibatis.session.defaults.DefaultSqlSession@1299c874]
JDBC Connection [HikariProxyConnection@1654453564 wrapping com.mysql.cj.jdbc.ConnectionImpl@7e615c6a] will be managed by Spring
==>  Preparing: INSERT INTO `tb_post` (content, author_id, publish_at, last_update) VALUES (?, ?, ?, ?)
==> Parameters: 友情是人生中最宝贵的财富。真正的朋友在你需要的时候会伸出援手，陪伴你走过人生的每一个阶段。(String), 70(Long), 2024-09-28T19:07:39.819414700(LocalDateTime), 2024-09-28T19:07:39.819414700(LocalDateTime)
<==    Updates: 1
Releasing transactional SqlSession [org.apache.ibatis.session.defaults.DefaultSqlSession@1299c874]
Transaction synchronization committing SqlSession [org.apache.ibatis.session.defaults.DefaultSqlSession@1299c874]
Transaction synchronization deregistering SqlSession [org.apache.ibatis.session.defaults.DefaultSqlSession@1299c874]
Transaction synchronization closing SqlSession [org.apache.ibatis.session.defaults.DefaultSqlSession@1299c874]
Creating a new SqlSession
Registering transaction synchronization for SqlSession [org.apache.ibatis.session.defaults.DefaultSqlSession@7cb38a6a]
JDBC Connection [HikariProxyConnection@823351646 wrapping com.mysql.cj.jdbc.ConnectionImpl@7e615c6a] will be managed by Spring
==>  Preparing: INSERT INTO `tb_post` (content, author_id, publish_at, last_update) VALUES (?, ?, ?, ?)
==> Parameters: 亲情是世界上最无私的爱。无论我们走到哪里，家人永远是我们最坚强的后盾。(String), 32(Long), 2024-09-28T19:07:39.829247600(LocalDateTime), 2024-09-28T19:07:39.829247600(LocalDateTime)
<==    Updates: 1
Releasing transactional SqlSession [org.apache.ibatis.session.defaults.DefaultSqlSession@7cb38a6a]
Transaction synchronization committing SqlSession [org.apache.ibatis.session.defaults.DefaultSqlSession@7cb38a6a]
Transaction synchronization deregistering SqlSession [org.apache.ibatis.session.defaults.DefaultSqlSession@7cb38a6a]
Transaction synchronization closing SqlSession [org.apache.ibatis.session.defaults.DefaultSqlSession@7cb38a6a]
Creating a new SqlSession
Registering transaction synchronization for SqlSession [org.apache.ibatis.session.defaults.DefaultSqlSession@14580edc]
JDBC Connection [HikariProxyConnection@602052569 wrapping com.mysql.cj.jdbc.ConnectionImpl@7e615c6a] will be managed by Spring
==>  Preparing: INSERT INTO `tb_post` (content, author_id, publish_at, last_update) VALUES (?, ?, ?, ?)
==> Parameters: 感恩是一种美德，让我们学会感恩身边的人，感恩生活的点滴。用一颗感恩的心去面对生活，你会发现世界更加美好。(String), 25(Long), 2024-09-28T19:07:39.829247600(LocalDateTime), 2024-09-28T19:07:39.829247600(LocalDateTime)
<==    Updates: 1
Releasing transactional SqlSession [org.apache.ibatis.session.defaults.DefaultSqlSession@14580edc]
Transaction synchronization committing SqlSession [org.apache.ibatis.session.defaults.DefaultSqlSession@14580edc]
Transaction synchronization deregistering SqlSession [org.apache.ibatis.session.defaults.DefaultSqlSession@14580edc]
Transaction synchronization closing SqlSession [org.apache.ibatis.session.defaults.DefaultSqlSession@14580edc]
Creating a new SqlSession
Registering transaction synchronization for SqlSession [org.apache.ibatis.session.defaults.DefaultSqlSession@66576bd2]
JDBC Connection [HikariProxyConnection@2131361552 wrapping com.mysql.cj.jdbc.ConnectionImpl@7e615c6a] will be managed by Spring
==>  Preparing: INSERT INTO `tb_post` (content, author_id, publish_at, last_update) VALUES (?, ?, ?, ?)
==> Parameters: 爱是一种力量，它可以让我们变得更加坚强。在爱的世界里，我们可以克服一切困难，实现自己的梦想。(String), 1(Long), 2024-09-28T19:07:39.839323600(LocalDateTime), 2024-09-28T19:07:39.839323600(LocalDateTime)
<==    Updates: 1
Releasing transactional SqlSession [org.apache.ibatis.session.defaults.DefaultSqlSession@66576bd2]
Transaction synchronization committing SqlSession [org.apache.ibatis.session.defaults.DefaultSqlSession@66576bd2]
Transaction synchronization deregistering SqlSession [org.apache.ibatis.session.defaults.DefaultSqlSession@66576bd2]
Transaction synchronization closing SqlSession [org.apache.ibatis.session.defaults.DefaultSqlSession@66576bd2]
Creating a new SqlSession
Registering transaction synchronization for SqlSession [org.apache.ibatis.session.defaults.DefaultSqlSession@3c65f2e1]
JDBC Connection [HikariProxyConnection@126819625 wrapping com.mysql.cj.jdbc.ConnectionImpl@7e615c6a] will be managed by Spring
==>  Preparing: INSERT INTO `tb_post` (content, author_id, publish_at, last_update) VALUES (?, ?, ?, ?)
==> Parameters: 思念是一种痛苦，也是一种幸福。当我们思念一个人的时候，说明他在我们心中有着重要的位置。(String), 29(Long), 2024-09-28T19:07:39.849518500(LocalDateTime), 2024-09-28T19:07:39.849518500(LocalDateTime)
<==    Updates: 1
Releasing transactional SqlSession [org.apache.ibatis.session.defaults.DefaultSqlSession@3c65f2e1]
Transaction synchronization committing SqlSession [org.apache.ibatis.session.defaults.DefaultSqlSession@3c65f2e1]
Transaction synchronization deregistering SqlSession [org.apache.ibatis.session.defaults.DefaultSqlSession@3c65f2e1]
Transaction synchronization closing SqlSession [org.apache.ibatis.session.defaults.DefaultSqlSession@3c65f2e1]
Creating a new SqlSession
Registering transaction synchronization for SqlSession [org.apache.ibatis.session.defaults.DefaultSqlSession@4a7ac98b]
JDBC Connection [HikariProxyConnection@20706813 wrapping com.mysql.cj.jdbc.ConnectionImpl@7e615c6a] will be managed by Spring
==>  Preparing: INSERT INTO `tb_post` (content, author_id, publish_at, last_update) VALUES (?, ?, ?, ?)
==> Parameters: 宽容是一种境界，让我们学会宽容别人的错误，理解别人的难处。用宽容的心去对待他人，你会收获更多的友谊和爱。(String), 9(Long), 2024-09-28T19:07:39.859986200(LocalDateTime), 2024-09-28T19:07:39.859986200(LocalDateTime)
<==    Updates: 1
Releasing transactional SqlSession [org.apache.ibatis.session.defaults.DefaultSqlSession@4a7ac98b]
Transaction synchronization committing SqlSession [org.apache.ibatis.session.defaults.DefaultSqlSession@4a7ac98b]
Transaction synchronization deregistering SqlSession [org.apache.ibatis.session.defaults.DefaultSqlSession@4a7ac98b]
Transaction synchronization closing SqlSession [org.apache.ibatis.session.defaults.DefaultSqlSession@4a7ac98b]
Creating a new SqlSession
Registering transaction synchronization for SqlSession [org.apache.ibatis.session.defaults.DefaultSqlSession@18d14de3]
JDBC Connection [HikariProxyConnection@356539297 wrapping com.mysql.cj.jdbc.ConnectionImpl@7e615c6a] will be managed by Spring
==>  Preparing: INSERT INTO `tb_post` (content, author_id, publish_at, last_update) VALUES (?, ?, ?, ?)
==> Parameters: 真诚是一种品质，让我们用真诚的心去对待每一个人。只有真诚才能换来真诚，才能建立起真正的友谊和爱情。(String), 44(Long), 2024-09-28T19:07:39.869655400(LocalDateTime), 2024-09-28T19:07:39.869655400(LocalDateTime)
<==    Updates: 1
Releasing transactional SqlSession [org.apache.ibatis.session.defaults.DefaultSqlSession@18d14de3]
Transaction synchronization committing SqlSession [org.apache.ibatis.session.defaults.DefaultSqlSession@18d14de3]
Transaction synchronization deregistering SqlSession [org.apache.ibatis.session.defaults.DefaultSqlSession@18d14de3]
Transaction synchronization closing SqlSession [org.apache.ibatis.session.defaults.DefaultSqlSession@18d14de3]
Creating a new SqlSession
Registering transaction synchronization for SqlSession [org.apache.ibatis.session.defaults.DefaultSqlSession@579ee82]
JDBC Connection [HikariProxyConnection@1815643381 wrapping com.mysql.cj.jdbc.ConnectionImpl@7e615c6a] will be managed by Spring
==>  Preparing: INSERT INTO `tb_post` (content, author_id, publish_at, last_update) VALUES (?, ?, ?, ?)
==> Parameters: 善良是一种美德，让我们做一个善良的人。用善良的心去帮助别人，你会收获更多的快乐和幸福。(String), 29(Long), 2024-09-28T19:07:39.879744100(LocalDateTime), 2024-09-28T19:07:39.879744100(LocalDateTime)
<==    Updates: 1
Releasing transactional SqlSession [org.apache.ibatis.session.defaults.DefaultSqlSession@579ee82]
Transaction synchronization committing SqlSession [org.apache.ibatis.session.defaults.DefaultSqlSession@579ee82]
Transaction synchronization deregistering SqlSession [org.apache.ibatis.session.defaults.DefaultSqlSession@579ee82]
Transaction synchronization closing SqlSession [org.apache.ibatis.session.defaults.DefaultSqlSession@579ee82]
Creating a new SqlSession
Registering transaction synchronization for SqlSession [org.apache.ibatis.session.defaults.DefaultSqlSession@26c1244c]
JDBC Connection [HikariProxyConnection@707885815 wrapping com.mysql.cj.jdbc.ConnectionImpl@7e615c6a] will be managed by Spring
==>  Preparing: INSERT INTO `tb_post` (content, author_id, publish_at, last_update) VALUES (?, ?, ?, ?)
==> Parameters: 幸福是一种感觉，它不在于拥有多少财富，而在于拥有一颗感恩的心。珍惜身边的人，感恩生活的点滴，你就是幸福的人。(String), 5(Long), 2024-09-28T19:07:39.900246900(LocalDateTime), 2024-09-28T19:07:39.900246900(LocalDateTime)
<==    Updates: 1
Releasing transactional SqlSession [org.apache.ibatis.session.defaults.DefaultSqlSession@26c1244c]
Transaction synchronization committing SqlSession [org.apache.ibatis.session.defaults.DefaultSqlSession@26c1244c]
Transaction synchronization deregistering SqlSession [org.apache.ibatis.session.defaults.DefaultSqlSession@26c1244c]
Transaction synchronization closing SqlSession [org.apache.ibatis.session.defaults.DefaultSqlSession@26c1244c]
Creating a new SqlSession
Registering transaction synchronization for SqlSession [org.apache.ibatis.session.defaults.DefaultSqlSession@6a26eee6]
JDBC Connection [HikariProxyConnection@1992162329 wrapping com.mysql.cj.jdbc.ConnectionImpl@7e615c6a] will be managed by Spring
==>  Preparing: INSERT INTO `tb_post` (content, author_id, publish_at, last_update) VALUES (?, ?, ?, ?)
==> Parameters: 时尚是一种态度，它不仅仅是外在的穿着打扮，更是一种内在的气质和品味。(String), 80(Long), 2024-09-28T19:07:39.911690(LocalDateTime), 2024-09-28T19:07:39.911690(LocalDateTime)
<==    Updates: 1
Releasing transactional SqlSession [org.apache.ibatis.session.defaults.DefaultSqlSession@6a26eee6]
Transaction synchronization committing SqlSession [org.apache.ibatis.session.defaults.DefaultSqlSession@6a26eee6]
Transaction synchronization deregistering SqlSession [org.apache.ibatis.session.defaults.DefaultSqlSession@6a26eee6]
Transaction synchronization closing SqlSession [org.apache.ibatis.session.defaults.DefaultSqlSession@6a26eee6]
Creating a new SqlSession
Registering transaction synchronization for SqlSession [org.apache.ibatis.session.defaults.DefaultSqlSession@19b0a9f2]
JDBC Connection [HikariProxyConnection@629738723 wrapping com.mysql.cj.jdbc.ConnectionImpl@7e615c6a] will be managed by Spring
==>  Preparing: INSERT INTO `tb_post` (content, author_id, publish_at, last_update) VALUES (?, ?, ?, ?)
==> Parameters: 今天的穿搭很满意，简约又时尚。一件白色的衬衫搭配一条蓝色的牛仔裤，再加上一双小白鞋，清新又自然。(String), 31(Long), 2024-09-28T19:07:39.919683900(LocalDateTime), 2024-09-28T19:07:39.919683900(LocalDateTime)
<==    Updates: 1
Releasing transactional SqlSession [org.apache.ibatis.session.defaults.DefaultSqlSession@19b0a9f2]
Transaction synchronization committing SqlSession [org.apache.ibatis.session.defaults.DefaultSqlSession@19b0a9f2]
Transaction synchronization deregistering SqlSession [org.apache.ibatis.session.defaults.DefaultSqlSession@19b0a9f2]
Transaction synchronization closing SqlSession [org.apache.ibatis.session.defaults.DefaultSqlSession@19b0a9f2]
Creating a new SqlSession
Registering transaction synchronization for SqlSession [org.apache.ibatis.session.defaults.DefaultSqlSession@3976910]
JDBC Connection [HikariProxyConnection@431731222 wrapping com.mysql.cj.jdbc.ConnectionImpl@7e615c6a] will be managed by Spring
==>  Preparing: INSERT INTO `tb_post` (content, author_id, publish_at, last_update) VALUES (?, ?, ?, ?)
==> Parameters: 时尚不分年龄，每个人都可以有自己的时尚风格。只要敢于尝试，你就能找到适合自己的穿搭。(String), 19(Long), 2024-09-28T19:07:39.932239800(LocalDateTime), 2024-09-28T19:07:39.932239800(LocalDateTime)
<==    Updates: 1
Releasing transactional SqlSession [org.apache.ibatis.session.defaults.DefaultSqlSession@3976910]
Transaction synchronization committing SqlSession [org.apache.ibatis.session.defaults.DefaultSqlSession@3976910]
Transaction synchronization deregistering SqlSession [org.apache.ibatis.session.defaults.DefaultSqlSession@3976910]
Transaction synchronization closing SqlSession [org.apache.ibatis.session.defaults.DefaultSqlSession@3976910]
Creating a new SqlSession
Registering transaction synchronization for SqlSession [org.apache.ibatis.session.defaults.DefaultSqlSession@1edf52e6]
JDBC Connection [HikariProxyConnection@1618322666 wrapping com.mysql.cj.jdbc.ConnectionImpl@7e615c6a] will be managed by Spring
==>  Preparing: INSERT INTO `tb_post` (content, author_id, publish_at, last_update) VALUES (?, ?, ?, ?)
==> Parameters: 配饰是时尚的点睛之笔。一条漂亮的项链、一只精致的手表或者一个时尚的包包，都可以让你的整体造型更加出众。(String), 97(Long), 2024-09-28T19:07:39.939366400(LocalDateTime), 2024-09-28T19:07:39.939366400(LocalDateTime)
<==    Updates: 1
Releasing transactional SqlSession [org.apache.ibatis.session.defaults.DefaultSqlSession@1edf52e6]
Transaction synchronization committing SqlSession [org.apache.ibatis.session.defaults.DefaultSqlSession@1edf52e6]
Transaction synchronization deregistering SqlSession [org.apache.ibatis.session.defaults.DefaultSqlSession@1edf52e6]
Transaction synchronization closing SqlSession [org.apache.ibatis.session.defaults.DefaultSqlSession@1edf52e6]
Creating a new SqlSession
Registering transaction synchronization for SqlSession [org.apache.ibatis.session.defaults.DefaultSqlSession@6689bf04]
JDBC Connection [HikariProxyConnection@451573149 wrapping com.mysql.cj.jdbc.ConnectionImpl@7e615c6a] will be managed by Spring
==>  Preparing: INSERT INTO `tb_post` (content, author_id, publish_at, last_update) VALUES (?, ?, ?, ?)
==> Parameters: 时尚是一种轮回，很多经典的时尚元素会在不同的时代重新流行起来。所以，不要轻易扔掉你的旧衣服，说不定什么时候它们又会成为时尚的宠儿。(String), 29(Long), 2024-09-28T19:07:39.949630900(LocalDateTime), 2024-09-28T19:07:39.949630900(LocalDateTime)
<==    Updates: 1
Releasing transactional SqlSession [org.apache.ibatis.session.defaults.DefaultSqlSession@6689bf04]
Transaction synchronization committing SqlSession [org.apache.ibatis.session.defaults.DefaultSqlSession@6689bf04]
Transaction synchronization deregistering SqlSession [org.apache.ibatis.session.defaults.DefaultSqlSession@6689bf04]
Transaction synchronization closing SqlSession [org.apache.ibatis.session.defaults.DefaultSqlSession@6689bf04]
Creating a new SqlSession
Registering transaction synchronization for SqlSession [org.apache.ibatis.session.defaults.DefaultSqlSession@1e49a77e]
JDBC Connection [HikariProxyConnection@2022798382 wrapping com.mysql.cj.jdbc.ConnectionImpl@7e615c6a] will be managed by Spring
==>  Preparing: INSERT INTO `tb_post` (content, author_id, publish_at, last_update) VALUES (?, ?, ?, ?)
==> Parameters: 时尚不仅仅是女性的专利，男性也可以有自己的时尚品味。一套得体的西装、一双帅气的皮鞋或者一个时尚的发型，都可以让男性更加魅力四射。(String), 58(Long), 2024-09-28T19:07:39.970305400(LocalDateTime), 2024-09-28T19:07:39.970305400(LocalDateTime)
<==    Updates: 1
Releasing transactional SqlSession [org.apache.ibatis.session.defaults.DefaultSqlSession@1e49a77e]
Transaction synchronization committing SqlSession [org.apache.ibatis.session.defaults.DefaultSqlSession@1e49a77e]
Transaction synchronization deregistering SqlSession [org.apache.ibatis.session.defaults.DefaultSqlSession@1e49a77e]
Transaction synchronization closing SqlSession [org.apache.ibatis.session.defaults.DefaultSqlSession@1e49a77e]
Creating a new SqlSession
Registering transaction synchronization for SqlSession [org.apache.ibatis.session.defaults.DefaultSqlSession@1cc42abe]
JDBC Connection [HikariProxyConnection@328046478 wrapping com.mysql.cj.jdbc.ConnectionImpl@7e615c6a] will be managed by Spring
==>  Preparing: INSERT INTO `tb_post` (content, author_id, publish_at, last_update) VALUES (?, ?, ?, ?)
==> Parameters: 时尚是一种创新，不断地尝试新的穿搭风格和时尚元素，才能让自己始终保持时尚的前沿。(String), 56(Long), 2024-09-28T19:07:39.979692100(LocalDateTime), 2024-09-28T19:07:39.979692100(LocalDateTime)
<==    Updates: 1
Releasing transactional SqlSession [org.apache.ibatis.session.defaults.DefaultSqlSession@1cc42abe]
Transaction synchronization committing SqlSession [org.apache.ibatis.session.defaults.DefaultSqlSession@1cc42abe]
Transaction synchronization deregistering SqlSession [org.apache.ibatis.session.defaults.DefaultSqlSession@1cc42abe]
Transaction synchronization closing SqlSession [org.apache.ibatis.session.defaults.DefaultSqlSession@1cc42abe]
Creating a new SqlSession
Registering transaction synchronization for SqlSession [org.apache.ibatis.session.defaults.DefaultSqlSession@5feaafb3]
JDBC Connection [HikariProxyConnection@1721002441 wrapping com.mysql.cj.jdbc.ConnectionImpl@7e615c6a] will be managed by Spring
==>  Preparing: INSERT INTO `tb_post` (content, author_id, publish_at, last_update) VALUES (?, ?, ?, ?)
==> Parameters: 时尚是一种自信，相信自己的审美和品味，勇敢地展现自己的个性和魅力。(String), 22(Long), 2024-09-28T19:07:39.993978900(LocalDateTime), 2024-09-28T19:07:39.993978900(LocalDateTime)
<==    Updates: 1
Releasing transactional SqlSession [org.apache.ibatis.session.defaults.DefaultSqlSession@5feaafb3]
Transaction synchronization committing SqlSession [org.apache.ibatis.session.defaults.DefaultSqlSession@5feaafb3]
Transaction synchronization deregistering SqlSession [org.apache.ibatis.session.defaults.DefaultSqlSession@5feaafb3]
Transaction synchronization closing SqlSession [org.apache.ibatis.session.defaults.DefaultSqlSession@5feaafb3]
Creating a new SqlSession
Registering transaction synchronization for SqlSession [org.apache.ibatis.session.defaults.DefaultSqlSession@7612f385]
JDBC Connection [HikariProxyConnection@24057252 wrapping com.mysql.cj.jdbc.ConnectionImpl@7e615c6a] will be managed by Spring
==>  Preparing: INSERT INTO `tb_post` (content, author_id, publish_at, last_update) VALUES (?, ?, ?, ?)
==> Parameters: 时尚是一种生活方式，它可以让我们更加热爱生活，更加注重自己的形象和气质。(String), 63(Long), 2024-09-28T19:07:40.000216600(LocalDateTime), 2024-09-28T19:07:40.000216600(LocalDateTime)
<==    Updates: 1
Releasing transactional SqlSession [org.apache.ibatis.session.defaults.DefaultSqlSession@7612f385]
Transaction synchronization committing SqlSession [org.apache.ibatis.session.defaults.DefaultSqlSession@7612f385]
Transaction synchronization deregistering SqlSession [org.apache.ibatis.session.defaults.DefaultSqlSession@7612f385]
Transaction synchronization closing SqlSession [org.apache.ibatis.session.defaults.DefaultSqlSession@7612f385]
Creating a new SqlSession
Registering transaction synchronization for SqlSession [org.apache.ibatis.session.defaults.DefaultSqlSession@6e80de85]
JDBC Connection [HikariProxyConnection@554191469 wrapping com.mysql.cj.jdbc.ConnectionImpl@7e615c6a] will be managed by Spring
==>  Preparing: INSERT INTO `tb_post` (content, author_id, publish_at, last_update) VALUES (?, ?, ?, ?)
==> Parameters: 时尚是一种艺术，它可以让我们用服装和配饰来表达自己的情感和个性，创造出属于自己的时尚作品。(String), 78(Long), 2024-09-28T19:07:40.015279300(LocalDateTime), 2024-09-28T19:07:40.015279300(LocalDateTime)
<==    Updates: 1
Releasing transactional SqlSession [org.apache.ibatis.session.defaults.DefaultSqlSession@6e80de85]
Transaction synchronization committing SqlSession [org.apache.ibatis.session.defaults.DefaultSqlSession@6e80de85]
Transaction synchronization deregistering SqlSession [org.apache.ibatis.session.defaults.DefaultSqlSession@6e80de85]
Transaction synchronization closing SqlSession [org.apache.ibatis.session.defaults.DefaultSqlSession@6e80de85]
Creating a new SqlSession
Registering transaction synchronization for SqlSession [org.apache.ibatis.session.defaults.DefaultSqlSession@2afe825a]
JDBC Connection [HikariProxyConnection@1305748956 wrapping com.mysql.cj.jdbc.ConnectionImpl@7e615c6a] will be managed by Spring
==>  Preparing: INSERT INTO `tb_post` (content, author_id, publish_at, last_update) VALUES (?, ?, ?, ?)
==> Parameters: 健身是一种生活态度，它可以让我们拥有健康的身体和积极的心态。坚持健身，让自己变得更加优秀。(String), 15(Long), 2024-09-28T19:07:40.019404800(LocalDateTime), 2024-09-28T19:07:40.019404800(LocalDateTime)
<==    Updates: 1
Releasing transactional SqlSession [org.apache.ibatis.session.defaults.DefaultSqlSession@2afe825a]
Transaction synchronization committing SqlSession [org.apache.ibatis.session.defaults.DefaultSqlSession@2afe825a]
Transaction synchronization deregistering SqlSession [org.apache.ibatis.session.defaults.DefaultSqlSession@2afe825a]
Transaction synchronization closing SqlSession [org.apache.ibatis.session.defaults.DefaultSqlSession@2afe825a]
Creating a new SqlSession
Registering transaction synchronization for SqlSession [org.apache.ibatis.session.defaults.DefaultSqlSession@65b1693c]
JDBC Connection [HikariProxyConnection@39179479 wrapping com.mysql.cj.jdbc.ConnectionImpl@7e615c6a] will be managed by Spring
==>  Preparing: INSERT INTO `tb_post` (content, author_id, publish_at, last_update) VALUES (?, ?, ?, ?)
==> Parameters: 今天去了健身房，挥洒了汗水，感觉非常棒。运动可以让人释放压力，增强体质，让我们的生活更加美好。(String), 93(Long), 2024-09-28T19:07:40.030391200(LocalDateTime), 2024-09-28T19:07:40.030391200(LocalDateTime)
<==    Updates: 1
Releasing transactional SqlSession [org.apache.ibatis.session.defaults.DefaultSqlSession@65b1693c]
Transaction synchronization committing SqlSession [org.apache.ibatis.session.defaults.DefaultSqlSession@65b1693c]
Transaction synchronization deregistering SqlSession [org.apache.ibatis.session.defaults.DefaultSqlSession@65b1693c]
Transaction synchronization closing SqlSession [org.apache.ibatis.session.defaults.DefaultSqlSession@65b1693c]
Creating a new SqlSession
Registering transaction synchronization for SqlSession [org.apache.ibatis.session.defaults.DefaultSqlSession@1f3dafd4]
JDBC Connection [HikariProxyConnection@771996532 wrapping com.mysql.cj.jdbc.ConnectionImpl@7e615c6a] will be managed by Spring
==>  Preparing: INSERT INTO `tb_post` (content, author_id, publish_at, last_update) VALUES (?, ?, ?, ?)
==> Parameters: 健身不仅仅是为了减肥，更是为了健康。保持良好的饮食习惯和运动习惯，让我们的身体更加健康。(String), 6(Long), 2024-09-28T19:07:40.030391200(LocalDateTime), 2024-09-28T19:07:40.030391200(LocalDateTime)
<==    Updates: 1
Releasing transactional SqlSession [org.apache.ibatis.session.defaults.DefaultSqlSession@1f3dafd4]
Transaction synchronization committing SqlSession [org.apache.ibatis.session.defaults.DefaultSqlSession@1f3dafd4]
Transaction synchronization deregistering SqlSession [org.apache.ibatis.session.defaults.DefaultSqlSession@1f3dafd4]
Transaction synchronization closing SqlSession [org.apache.ibatis.session.defaults.DefaultSqlSession@1f3dafd4]
Creating a new SqlSession
Registering transaction synchronization for SqlSession [org.apache.ibatis.session.defaults.DefaultSqlSession@3e0b1f03]
JDBC Connection [HikariProxyConnection@1373194140 wrapping com.mysql.cj.jdbc.ConnectionImpl@7e615c6a] will be managed by Spring
==>  Preparing: INSERT INTO `tb_post` (content, author_id, publish_at, last_update) VALUES (?, ?, ?, ?)
==> Parameters: 运动是最好的良药。它可以预防各种疾病，提高身体的免疫力，让我们的身体更加健康。(String), 45(Long), 2024-09-28T19:07:40.039700200(LocalDateTime), 2024-09-28T19:07:40.039700200(LocalDateTime)
<==    Updates: 1
Releasing transactional SqlSession [org.apache.ibatis.session.defaults.DefaultSqlSession@3e0b1f03]
Transaction synchronization committing SqlSession [org.apache.ibatis.session.defaults.DefaultSqlSession@3e0b1f03]
Transaction synchronization deregistering SqlSession [org.apache.ibatis.session.defaults.DefaultSqlSession@3e0b1f03]
Transaction synchronization closing SqlSession [org.apache.ibatis.session.defaults.DefaultSqlSession@3e0b1f03]
Creating a new SqlSession
Registering transaction synchronization for SqlSession [org.apache.ibatis.session.defaults.DefaultSqlSession@3fcb737]
JDBC Connection [HikariProxyConnection@1257570886 wrapping com.mysql.cj.jdbc.ConnectionImpl@7e615c6a] will be managed by Spring
==>  Preparing: INSERT INTO `tb_post` (content, author_id, publish_at, last_update) VALUES (?, ?, ?, ?)
==> Parameters: 健身是一种挑战，也是一种成就。每一次的突破都让我们感受到自己的潜力是无限的。(String), 24(Long), 2024-09-28T19:07:40.039700200(LocalDateTime), 2024-09-28T19:07:40.039700200(LocalDateTime)
<==    Updates: 1
Releasing transactional SqlSession [org.apache.ibatis.session.defaults.DefaultSqlSession@3fcb737]
Transaction synchronization committing SqlSession [org.apache.ibatis.session.defaults.DefaultSqlSession@3fcb737]
Transaction synchronization deregistering SqlSession [org.apache.ibatis.session.defaults.DefaultSqlSession@3fcb737]
Transaction synchronization closing SqlSession [org.apache.ibatis.session.defaults.DefaultSqlSession@3fcb737]
Creating a new SqlSession
Registering transaction synchronization for SqlSession [org.apache.ibatis.session.defaults.DefaultSqlSession@48a38a12]
JDBC Connection [HikariProxyConnection@781600923 wrapping com.mysql.cj.jdbc.ConnectionImpl@7e615c6a] will be managed by Spring
==>  Preparing: INSERT INTO `tb_post` (content, author_id, publish_at, last_update) VALUES (?, ?, ?, ?)
==> Parameters: 坚持健身，让自己变得更加自信。拥有健康的身体和良好的身材，让我们更加有自信地面对生活。(String), 76(Long), 2024-09-28T19:07:40.049500500(LocalDateTime), 2024-09-28T19:07:40.049500500(LocalDateTime)
<==    Updates: 1
Releasing transactional SqlSession [org.apache.ibatis.session.defaults.DefaultSqlSession@48a38a12]
Transaction synchronization committing SqlSession [org.apache.ibatis.session.defaults.DefaultSqlSession@48a38a12]
Transaction synchronization deregistering SqlSession [org.apache.ibatis.session.defaults.DefaultSqlSession@48a38a12]
Transaction synchronization closing SqlSession [org.apache.ibatis.session.defaults.DefaultSqlSession@48a38a12]
Creating a new SqlSession
Registering transaction synchronization for SqlSession [org.apache.ibatis.session.defaults.DefaultSqlSession@1ac71b87]
JDBC Connection [HikariProxyConnection@965130729 wrapping com.mysql.cj.jdbc.ConnectionImpl@7e615c6a] will be managed by Spring
==>  Preparing: INSERT INTO `tb_post` (content, author_id, publish_at, last_update) VALUES (?, ?, ?, ?)
==> Parameters: 健身是一种习惯，也是一种自律。养成良好的健身习惯，让我们的生活更加规律，更加有品质。(String), 34(Long), 2024-09-28T19:07:40.059609800(LocalDateTime), 2024-09-28T19:07:40.059609800(LocalDateTime)
<==    Updates: 1
Releasing transactional SqlSession [org.apache.ibatis.session.defaults.DefaultSqlSession@1ac71b87]
Transaction synchronization committing SqlSession [org.apache.ibatis.session.defaults.DefaultSqlSession@1ac71b87]
Transaction synchronization deregistering SqlSession [org.apache.ibatis.session.defaults.DefaultSqlSession@1ac71b87]
Transaction synchronization closing SqlSession [org.apache.ibatis.session.defaults.DefaultSqlSession@1ac71b87]
Creating a new SqlSession
Registering transaction synchronization for SqlSession [org.apache.ibatis.session.defaults.DefaultSqlSession@3f12676]
JDBC Connection [HikariProxyConnection@1059245610 wrapping com.mysql.cj.jdbc.ConnectionImpl@7e615c6a] will be managed by Spring
==>  Preparing: INSERT INTO `tb_post` (content, author_id, publish_at, last_update) VALUES (?, ?, ?, ?)
==> Parameters: 运动可以让人心情愉悦，忘记一切烦恼。在运动中，我们可以释放自己的压力，让心情变得更加轻松。(String), 71(Long), 2024-09-28T19:07:40.059609800(LocalDateTime), 2024-09-28T19:07:40.059609800(LocalDateTime)
<==    Updates: 1
Releasing transactional SqlSession [org.apache.ibatis.session.defaults.DefaultSqlSession@3f12676]
Transaction synchronization committing SqlSession [org.apache.ibatis.session.defaults.DefaultSqlSession@3f12676]
Transaction synchronization deregistering SqlSession [org.apache.ibatis.session.defaults.DefaultSqlSession@3f12676]
Transaction synchronization closing SqlSession [org.apache.ibatis.session.defaults.DefaultSqlSession@3f12676]
Creating a new SqlSession
Registering transaction synchronization for SqlSession [org.apache.ibatis.session.defaults.DefaultSqlSession@45e9db77]
JDBC Connection [HikariProxyConnection@2120859512 wrapping com.mysql.cj.jdbc.ConnectionImpl@7e615c6a] will be managed by Spring
==>  Preparing: INSERT INTO `tb_post` (content, author_id, publish_at, last_update) VALUES (?, ?, ?, ?)
==> Parameters: 健身是一种投资，也是一种回报。投资时间和精力去健身，你会获得健康的身体和美好的未来。(String), 37(Long), 2024-09-28T19:07:40.069648900(LocalDateTime), 2024-09-28T19:07:40.069648900(LocalDateTime)
<==    Updates: 1
Releasing transactional SqlSession [org.apache.ibatis.session.defaults.DefaultSqlSession@45e9db77]
Transaction synchronization committing SqlSession [org.apache.ibatis.session.defaults.DefaultSqlSession@45e9db77]
Transaction synchronization deregistering SqlSession [org.apache.ibatis.session.defaults.DefaultSqlSession@45e9db77]
Transaction synchronization closing SqlSession [org.apache.ibatis.session.defaults.DefaultSqlSession@45e9db77]
Creating a new SqlSession
Registering transaction synchronization for SqlSession [org.apache.ibatis.session.defaults.DefaultSqlSession@5bfdc92b]
JDBC Connection [HikariProxyConnection@1217563479 wrapping com.mysql.cj.jdbc.ConnectionImpl@7e615c6a] will be managed by Spring
==>  Preparing: INSERT INTO `tb_post` (content, author_id, publish_at, last_update) VALUES (?, ?, ?, ?)
==> Parameters: 健身让我们的生活更加充实。在健身的过程中，我们可以结交更多的朋友，拓展自己的社交圈子。(String), 93(Long), 2024-09-28T19:07:40.074660(LocalDateTime), 2024-09-28T19:07:40.074660(LocalDateTime)
<==    Updates: 1
Releasing transactional SqlSession [org.apache.ibatis.session.defaults.DefaultSqlSession@5bfdc92b]
Transaction synchronization committing SqlSession [org.apache.ibatis.session.defaults.DefaultSqlSession@5bfdc92b]
Transaction synchronization deregistering SqlSession [org.apache.ibatis.session.defaults.DefaultSqlSession@5bfdc92b]
Transaction synchronization closing SqlSession [org.apache.ibatis.session.defaults.DefaultSqlSession@5bfdc92b]
Creating a new SqlSession
Registering transaction synchronization for SqlSession [org.apache.ibatis.session.defaults.DefaultSqlSession@15a6a91f]
JDBC Connection [HikariProxyConnection@612928907 wrapping com.mysql.cj.jdbc.ConnectionImpl@7e615c6a] will be managed by Spring
==>  Preparing: INSERT INTO `tb_post` (content, author_id, publish_at, last_update) VALUES (?, ?, ?, ?)
==> Parameters: 宠物是我们的家人，它们给我们带来了无尽的欢乐和陪伴。今天和我的宠物一起玩耍，感觉非常幸福。(String), 32(Long), 2024-09-28T19:07:40.079672500(LocalDateTime), 2024-09-28T19:07:40.079672500(LocalDateTime)
<==    Updates: 1
Releasing transactional SqlSession [org.apache.ibatis.session.defaults.DefaultSqlSession@15a6a91f]
Transaction synchronization committing SqlSession [org.apache.ibatis.session.defaults.DefaultSqlSession@15a6a91f]
Transaction synchronization deregistering SqlSession [org.apache.ibatis.session.defaults.DefaultSqlSession@15a6a91f]
Transaction synchronization closing SqlSession [org.apache.ibatis.session.defaults.DefaultSqlSession@15a6a91f]
Creating a new SqlSession
Registering transaction synchronization for SqlSession [org.apache.ibatis.session.defaults.DefaultSqlSession@eaa07bb]
JDBC Connection [HikariProxyConnection@1107909014 wrapping com.mysql.cj.jdbc.ConnectionImpl@7e615c6a] will be managed by Spring
==>  Preparing: INSERT INTO `tb_post` (content, author_id, publish_at, last_update) VALUES (?, ?, ?, ?)
==> Parameters: 狗狗是人类最好的朋友。它们忠诚、可爱、善良，总是在我们最需要的时候陪伴在我们身边。(String), 43(Long), 2024-09-28T19:07:40.089474600(LocalDateTime), 2024-09-28T19:07:40.089474600(LocalDateTime)
<==    Updates: 1
Releasing transactional SqlSession [org.apache.ibatis.session.defaults.DefaultSqlSession@eaa07bb]
Transaction synchronization committing SqlSession [org.apache.ibatis.session.defaults.DefaultSqlSession@eaa07bb]
Transaction synchronization deregistering SqlSession [org.apache.ibatis.session.defaults.DefaultSqlSession@eaa07bb]
Transaction synchronization closing SqlSession [org.apache.ibatis.session.defaults.DefaultSqlSession@eaa07bb]
Creating a new SqlSession
Registering transaction synchronization for SqlSession [org.apache.ibatis.session.defaults.DefaultSqlSession@7a7bd9a8]
JDBC Connection [HikariProxyConnection@405975286 wrapping com.mysql.cj.jdbc.ConnectionImpl@7e615c6a] will be managed by Spring
==>  Preparing: INSERT INTO `tb_post` (content, author_id, publish_at, last_update) VALUES (?, ?, ?, ?)
==> Parameters: 猫咪是一种非常独立的动物，但它们也会给我们带来很多惊喜。今天我的猫咪做了一件非常有趣的事情，让我忍不住笑了起来。(String), 35(Long), 2024-09-28T19:07:40.096488500(LocalDateTime), 2024-09-28T19:07:40.096488500(LocalDateTime)
<==    Updates: 1
Releasing transactional SqlSession [org.apache.ibatis.session.defaults.DefaultSqlSession@7a7bd9a8]
Transaction synchronization committing SqlSession [org.apache.ibatis.session.defaults.DefaultSqlSession@7a7bd9a8]
Transaction synchronization deregistering SqlSession [org.apache.ibatis.session.defaults.DefaultSqlSession@7a7bd9a8]
Transaction synchronization closing SqlSession [org.apache.ibatis.session.defaults.DefaultSqlSession@7a7bd9a8]
Creating a new SqlSession
Registering transaction synchronization for SqlSession [org.apache.ibatis.session.defaults.DefaultSqlSession@726e29d]
JDBC Connection [HikariProxyConnection@1887123617 wrapping com.mysql.cj.jdbc.ConnectionImpl@7e615c6a] will be managed by Spring
==>  Preparing: INSERT INTO `tb_post` (content, author_id, publish_at, last_update) VALUES (?, ?, ?, ?)
==> Parameters: 养宠物需要有耐心和爱心。它们需要我们的关心和照顾，只有这样，它们才能健康快乐地成长。(String), 99(Long), 2024-09-28T19:07:40.099617(LocalDateTime), 2024-09-28T19:07:40.099617(LocalDateTime)
<==    Updates: 1
Releasing transactional SqlSession [org.apache.ibatis.session.defaults.DefaultSqlSession@726e29d]
Transaction synchronization committing SqlSession [org.apache.ibatis.session.defaults.DefaultSqlSession@726e29d]
Transaction synchronization deregistering SqlSession [org.apache.ibatis.session.defaults.DefaultSqlSession@726e29d]
Transaction synchronization closing SqlSession [org.apache.ibatis.session.defaults.DefaultSqlSession@726e29d]
Creating a new SqlSession
Registering transaction synchronization for SqlSession [org.apache.ibatis.session.defaults.DefaultSqlSession@77fecd2c]
JDBC Connection [HikariProxyConnection@1387472418 wrapping com.mysql.cj.jdbc.ConnectionImpl@7e615c6a] will be managed by Spring
==>  Preparing: INSERT INTO `tb_post` (content, author_id, publish_at, last_update) VALUES (?, ?, ?, ?)
==> Parameters: 宠物的世界很简单，它们只需要我们的陪伴和爱。让我们用心去呵护它们，让它们感受到我们的温暖。(String), 12(Long), 2024-09-28T19:07:40.109711900(LocalDateTime), 2024-09-28T19:07:40.109711900(LocalDateTime)
<==    Updates: 1
Releasing transactional SqlSession [org.apache.ibatis.session.defaults.DefaultSqlSession@77fecd2c]
Transaction synchronization committing SqlSession [org.apache.ibatis.session.defaults.DefaultSqlSession@77fecd2c]
Transaction synchronization deregistering SqlSession [org.apache.ibatis.session.defaults.DefaultSqlSession@77fecd2c]
Transaction synchronization closing SqlSession [org.apache.ibatis.session.defaults.DefaultSqlSession@77fecd2c]
Creating a new SqlSession
Registering transaction synchronization for SqlSession [org.apache.ibatis.session.defaults.DefaultSqlSession@6a30f6b1]
JDBC Connection [HikariProxyConnection@1386938427 wrapping com.mysql.cj.jdbc.ConnectionImpl@7e615c6a] will be managed by Spring
==>  Preparing: INSERT INTO `tb_post` (content, author_id, publish_at, last_update) VALUES (?, ?, ?, ?)
==> Parameters: 宠物的可爱之处在于它们的天真无邪。它们不会计较得失，只会用最真诚的方式来表达自己的情感。(String), 11(Long), 2024-09-28T19:07:40.120692500(LocalDateTime), 2024-09-28T19:07:40.120692500(LocalDateTime)
<==    Updates: 1
Releasing transactional SqlSession [org.apache.ibatis.session.defaults.DefaultSqlSession@6a30f6b1]
Transaction synchronization committing SqlSession [org.apache.ibatis.session.defaults.DefaultSqlSession@6a30f6b1]
Transaction synchronization deregistering SqlSession [org.apache.ibatis.session.defaults.DefaultSqlSession@6a30f6b1]
Transaction synchronization closing SqlSession [org.apache.ibatis.session.defaults.DefaultSqlSession@6a30f6b1]
Creating a new SqlSession
Registering transaction synchronization for SqlSession [org.apache.ibatis.session.defaults.DefaultSqlSession@1771d6a5]
JDBC Connection [HikariProxyConnection@723038984 wrapping com.mysql.cj.jdbc.ConnectionImpl@7e615c6a] will be managed by Spring
==>  Preparing: INSERT INTO `tb_post` (content, author_id, publish_at, last_update) VALUES (?, ?, ?, ?)
==> Parameters: 宠物是我们生活中的调味剂。它们的存在让我们的生活更加丰富多彩，充满了乐趣。(String), 73(Long), 2024-09-28T19:07:40.129387900(LocalDateTime), 2024-09-28T19:07:40.129387900(LocalDateTime)
<==    Updates: 1
Releasing transactional SqlSession [org.apache.ibatis.session.defaults.DefaultSqlSession@1771d6a5]
Transaction synchronization committing SqlSession [org.apache.ibatis.session.defaults.DefaultSqlSession@1771d6a5]
Transaction synchronization deregistering SqlSession [org.apache.ibatis.session.defaults.DefaultSqlSession@1771d6a5]
Transaction synchronization closing SqlSession [org.apache.ibatis.session.defaults.DefaultSqlSession@1771d6a5]
Creating a new SqlSession
Registering transaction synchronization for SqlSession [org.apache.ibatis.session.defaults.DefaultSqlSession@3e755d5f]
JDBC Connection [HikariProxyConnection@69214838 wrapping com.mysql.cj.jdbc.ConnectionImpl@7e615c6a] will be managed by Spring
==>  Preparing: INSERT INTO `tb_post` (content, author_id, publish_at, last_update) VALUES (?, ?, ?, ?)
==> Parameters: 今天带我的宠物去散步，看到它开心的样子，我的心情也变得格外好。宠物的快乐就是我们的快乐。(String), 68(Long), 2024-09-28T19:07:40.144508700(LocalDateTime), 2024-09-28T19:07:40.144508700(LocalDateTime)
<==    Updates: 1
Releasing transactional SqlSession [org.apache.ibatis.session.defaults.DefaultSqlSession@3e755d5f]
Transaction synchronization committing SqlSession [org.apache.ibatis.session.defaults.DefaultSqlSession@3e755d5f]
Transaction synchronization deregistering SqlSession [org.apache.ibatis.session.defaults.DefaultSqlSession@3e755d5f]
Transaction synchronization closing SqlSession [org.apache.ibatis.session.defaults.DefaultSqlSession@3e755d5f]
Creating a new SqlSession
Registering transaction synchronization for SqlSession [org.apache.ibatis.session.defaults.DefaultSqlSession@3d01b609]
JDBC Connection [HikariProxyConnection@98717829 wrapping com.mysql.cj.jdbc.ConnectionImpl@7e615c6a] will be managed by Spring
==>  Preparing: INSERT INTO `tb_post` (content, author_id, publish_at, last_update) VALUES (?, ?, ?, ?)
==> Parameters: 宠物的陪伴是最长久的告白。它们不会因为时间的流逝而离开我们，只会一直陪伴在我们身边。(String), 17(Long), 2024-09-28T19:07:40.152882300(LocalDateTime), 2024-09-28T19:07:40.152882300(LocalDateTime)
<==    Updates: 1
Releasing transactional SqlSession [org.apache.ibatis.session.defaults.DefaultSqlSession@3d01b609]
Transaction synchronization committing SqlSession [org.apache.ibatis.session.defaults.DefaultSqlSession@3d01b609]
Transaction synchronization deregistering SqlSession [org.apache.ibatis.session.defaults.DefaultSqlSession@3d01b609]
Transaction synchronization closing SqlSession [org.apache.ibatis.session.defaults.DefaultSqlSession@3d01b609]
Creating a new SqlSession
Registering transaction synchronization for SqlSession [org.apache.ibatis.session.defaults.DefaultSqlSession@45b2d17b]
JDBC Connection [HikariProxyConnection@363850700 wrapping com.mysql.cj.jdbc.ConnectionImpl@7e615c6a] will be managed by Spring
==>  Preparing: INSERT INTO `tb_post` (content, author_id, publish_at, last_update) VALUES (?, ?, ?, ?)
==> Parameters: 养宠物让我们学会了责任和担当。它们需要我们的照顾和保护，这也让我们更加成熟和稳重。(String), 42(Long), 2024-09-28T19:07:40.159459800(LocalDateTime), 2024-09-28T19:07:40.159459800(LocalDateTime)
<==    Updates: 1
Releasing transactional SqlSession [org.apache.ibatis.session.defaults.DefaultSqlSession@45b2d17b]
Transaction synchronization committing SqlSession [org.apache.ibatis.session.defaults.DefaultSqlSession@45b2d17b]
Transaction synchronization deregistering SqlSession [org.apache.ibatis.session.defaults.DefaultSqlSession@45b2d17b]
Transaction synchronization closing SqlSession [org.apache.ibatis.session.defaults.DefaultSqlSession@45b2d17b]
Creating a new SqlSession
Registering transaction synchronization for SqlSession [org.apache.ibatis.session.defaults.DefaultSqlSession@77aeba9b]
JDBC Connection [HikariProxyConnection@1691481417 wrapping com.mysql.cj.jdbc.ConnectionImpl@7e615c6a] will be managed by Spring
==>  Preparing: INSERT INTO `tb_post` (content, author_id, publish_at, last_update) VALUES (?, ?, ?, ?)
==> Parameters: 工作是一种修行，它可以让我们不断地成长和进步。在工作中，我们要保持积极的心态，努力提高自己的能力。(String), 83(Long), 2024-09-28T19:07:40.179819400(LocalDateTime), 2024-09-28T19:07:40.179819400(LocalDateTime)
<==    Updates: 1
Releasing transactional SqlSession [org.apache.ibatis.session.defaults.DefaultSqlSession@77aeba9b]
Transaction synchronization committing SqlSession [org.apache.ibatis.session.defaults.DefaultSqlSession@77aeba9b]
Transaction synchronization deregistering SqlSession [org.apache.ibatis.session.defaults.DefaultSqlSession@77aeba9b]
Transaction synchronization closing SqlSession [org.apache.ibatis.session.defaults.DefaultSqlSession@77aeba9b]
Creating a new SqlSession
Registering transaction synchronization for SqlSession [org.apache.ibatis.session.defaults.DefaultSqlSession@2eb9c7ad]
JDBC Connection [HikariProxyConnection@1792932386 wrapping com.mysql.cj.jdbc.ConnectionImpl@7e615c6a] will be managed by Spring
==>  Preparing: INSERT INTO `tb_post` (content, author_id, publish_at, last_update) VALUES (?, ?, ?, ?)
==> Parameters: 今天完成了一项重要的任务，感觉非常有成就感。工作中的每一次挑战都是一次成长的机会，让我们勇敢地迎接挑战吧！(String), 6(Long), 2024-09-28T19:07:40.189617700(LocalDateTime), 2024-09-28T19:07:40.189617700(LocalDateTime)
<==    Updates: 1
Releasing transactional SqlSession [org.apache.ibatis.session.defaults.DefaultSqlSession@2eb9c7ad]
Transaction synchronization committing SqlSession [org.apache.ibatis.session.defaults.DefaultSqlSession@2eb9c7ad]
Transaction synchronization deregistering SqlSession [org.apache.ibatis.session.defaults.DefaultSqlSession@2eb9c7ad]
Transaction synchronization closing SqlSession [org.apache.ibatis.session.defaults.DefaultSqlSession@2eb9c7ad]
Creating a new SqlSession
Registering transaction synchronization for SqlSession [org.apache.ibatis.session.defaults.DefaultSqlSession@6aaf1ce8]
JDBC Connection [HikariProxyConnection@840991551 wrapping com.mysql.cj.jdbc.ConnectionImpl@7e615c6a] will be managed by Spring
==>  Preparing: INSERT INTO `tb_post` (content, author_id, publish_at, last_update) VALUES (?, ?, ?, ?)
==> Parameters: 团队合作是工作中非常重要的一环。只有大家齐心协力，才能共同完成任务，实现目标。(String), 27(Long), 2024-09-28T19:07:40.199578500(LocalDateTime), 2024-09-28T19:07:40.199578500(LocalDateTime)
<==    Updates: 1
Releasing transactional SqlSession [org.apache.ibatis.session.defaults.DefaultSqlSession@6aaf1ce8]
Transaction synchronization committing SqlSession [org.apache.ibatis.session.defaults.DefaultSqlSession@6aaf1ce8]
Transaction synchronization deregistering SqlSession [org.apache.ibatis.session.defaults.DefaultSqlSession@6aaf1ce8]
Transaction synchronization closing SqlSession [org.apache.ibatis.session.defaults.DefaultSqlSession@6aaf1ce8]
Creating a new SqlSession
Registering transaction synchronization for SqlSession [org.apache.ibatis.session.defaults.DefaultSqlSession@64c37088]
JDBC Connection [HikariProxyConnection@494769804 wrapping com.mysql.cj.jdbc.ConnectionImpl@7e615c6a] will be managed by Spring
==>  Preparing: INSERT INTO `tb_post` (content, author_id, publish_at, last_update) VALUES (?, ?, ?, ?)
==> Parameters: 工作不仅仅是为了赚钱，更是为了实现自己的价值。找到自己喜欢的工作，努力奋斗，让自己的人生更加有意义。(String), 43(Long), 2024-09-28T19:07:40.209638700(LocalDateTime), 2024-09-28T19:07:40.209638700(LocalDateTime)
<==    Updates: 1
Releasing transactional SqlSession [org.apache.ibatis.session.defaults.DefaultSqlSession@64c37088]
Transaction synchronization committing SqlSession [org.apache.ibatis.session.defaults.DefaultSqlSession@64c37088]
Transaction synchronization deregistering SqlSession [org.apache.ibatis.session.defaults.DefaultSqlSession@64c37088]
Transaction synchronization closing SqlSession [org.apache.ibatis.session.defaults.DefaultSqlSession@64c37088]
Creating a new SqlSession
Registering transaction synchronization for SqlSession [org.apache.ibatis.session.defaults.DefaultSqlSession@5cea47a1]
JDBC Connection [HikariProxyConnection@1159524199 wrapping com.mysql.cj.jdbc.ConnectionImpl@7e615c6a] will be managed by Spring
==>  Preparing: INSERT INTO `tb_post` (content, author_id, publish_at, last_update) VALUES (?, ?, ?, ?)
==> Parameters: 工作中的压力是不可避免的，但我们要学会正确地面对压力。通过合理的方式释放压力，让自己保持良好的状态。(String), 14(Long), 2024-09-28T19:07:40.219661500(LocalDateTime), 2024-09-28T19:07:40.219661500(LocalDateTime)
<==    Updates: 1
Releasing transactional SqlSession [org.apache.ibatis.session.defaults.DefaultSqlSession@5cea47a1]
Transaction synchronization committing SqlSession [org.apache.ibatis.session.defaults.DefaultSqlSession@5cea47a1]
Transaction synchronization deregistering SqlSession [org.apache.ibatis.session.defaults.DefaultSqlSession@5cea47a1]
Transaction synchronization closing SqlSession [org.apache.ibatis.session.defaults.DefaultSqlSession@5cea47a1]
Creating a new SqlSession
Registering transaction synchronization for SqlSession [org.apache.ibatis.session.defaults.DefaultSqlSession@215404a1]
JDBC Connection [HikariProxyConnection@1251438918 wrapping com.mysql.cj.jdbc.ConnectionImpl@7e615c6a] will be managed by Spring
==>  Preparing: INSERT INTO `tb_post` (content, author_id, publish_at, last_update) VALUES (?, ?, ?, ?)
==> Parameters: 不断学习是工作中保持竞争力的关键。只有不断地学习新知识，掌握新技能，才能在工作中脱颖而出。(String), 51(Long), 2024-09-28T19:07:40.232722500(LocalDateTime), 2024-09-28T19:07:40.232722500(LocalDateTime)
<==    Updates: 1
Releasing transactional SqlSession [org.apache.ibatis.session.defaults.DefaultSqlSession@215404a1]
Transaction synchronization committing SqlSession [org.apache.ibatis.session.defaults.DefaultSqlSession@215404a1]
Transaction synchronization deregistering SqlSession [org.apache.ibatis.session.defaults.DefaultSqlSession@215404a1]
Transaction synchronization closing SqlSession [org.apache.ibatis.session.defaults.DefaultSqlSession@215404a1]
Creating a new SqlSession
Registering transaction synchronization for SqlSession [org.apache.ibatis.session.defaults.DefaultSqlSession@4e322108]
JDBC Connection [HikariProxyConnection@528776606 wrapping com.mysql.cj.jdbc.ConnectionImpl@7e615c6a] will be managed by Spring
==>  Preparing: INSERT INTO `tb_post` (content, author_id, publish_at, last_update) VALUES (?, ?, ?, ?)
==> Parameters: 工作中的细节决定成败。我们要注重细节，认真做好每一件事情，才能取得更好的成绩。(String), 89(Long), 2024-09-28T19:07:40.239232400(LocalDateTime), 2024-09-28T19:07:40.239232400(LocalDateTime)
<==    Updates: 1
Releasing transactional SqlSession [org.apache.ibatis.session.defaults.DefaultSqlSession@4e322108]
Transaction synchronization committing SqlSession [org.apache.ibatis.session.defaults.DefaultSqlSession@4e322108]
Transaction synchronization deregistering SqlSession [org.apache.ibatis.session.defaults.DefaultSqlSession@4e322108]
Transaction synchronization closing SqlSession [org.apache.ibatis.session.defaults.DefaultSqlSession@4e322108]
Creating a new SqlSession
Registering transaction synchronization for SqlSession [org.apache.ibatis.session.defaults.DefaultSqlSession@2e51ede1]
JDBC Connection [HikariProxyConnection@687055384 wrapping com.mysql.cj.jdbc.ConnectionImpl@7e615c6a] will be managed by Spring
==>  Preparing: INSERT INTO `tb_post` (content, author_id, publish_at, last_update) VALUES (?, ?, ?, ?)
==> Parameters: 工作是一种生活方式，我们要学会在工作中找到乐趣，让自己的工作更加充实和有意义。(String), 98(Long), 2024-09-28T19:07:40.254541100(LocalDateTime), 2024-09-28T19:07:40.254541100(LocalDateTime)
<==    Updates: 1
Releasing transactional SqlSession [org.apache.ibatis.session.defaults.DefaultSqlSession@2e51ede1]
Transaction synchronization committing SqlSession [org.apache.ibatis.session.defaults.DefaultSqlSession@2e51ede1]
Transaction synchronization deregistering SqlSession [org.apache.ibatis.session.defaults.DefaultSqlSession@2e51ede1]
Transaction synchronization closing SqlSession [org.apache.ibatis.session.defaults.DefaultSqlSession@2e51ede1]
Creating a new SqlSession
Registering transaction synchronization for SqlSession [org.apache.ibatis.session.defaults.DefaultSqlSession@7c3ae369]
JDBC Connection [HikariProxyConnection@906837831 wrapping com.mysql.cj.jdbc.ConnectionImpl@7e615c6a] will be managed by Spring
==>  Preparing: INSERT INTO `tb_post` (content, author_id, publish_at, last_update) VALUES (?, ?, ?, ?)
==> Parameters: 工作中的挫折是成长的必经之路。不要害怕挫折，勇敢地面对它，从失败中吸取教训，你会变得更加坚强。(String), 83(Long), 2024-09-28T19:07:40.259552700(LocalDateTime), 2024-09-28T19:07:40.259552700(LocalDateTime)
<==    Updates: 1
Releasing transactional SqlSession [org.apache.ibatis.session.defaults.DefaultSqlSession@7c3ae369]
Transaction synchronization committing SqlSession [org.apache.ibatis.session.defaults.DefaultSqlSession@7c3ae369]
Transaction synchronization deregistering SqlSession [org.apache.ibatis.session.defaults.DefaultSqlSession@7c3ae369]
Transaction synchronization closing SqlSession [org.apache.ibatis.session.defaults.DefaultSqlSession@7c3ae369]
Creating a new SqlSession
Registering transaction synchronization for SqlSession [org.apache.ibatis.session.defaults.DefaultSqlSession@17b387ef]
JDBC Connection [HikariProxyConnection@1076406962 wrapping com.mysql.cj.jdbc.ConnectionImpl@7e615c6a] will be managed by Spring
==>  Preparing: INSERT INTO `tb_post` (content, author_id, publish_at, last_update) VALUES (?, ?, ?, ?)
==> Parameters: 工作让我们更加成熟和自信。在工作中，我们不断地挑战自己，克服困难，这也让我们变得更加成熟和自信。(String), 17(Long), 2024-09-28T19:07:40.264585300(LocalDateTime), 2024-09-28T19:07:40.264585300(LocalDateTime)
<==    Updates: 1
Releasing transactional SqlSession [org.apache.ibatis.session.defaults.DefaultSqlSession@17b387ef]
Transaction synchronization committing SqlSession [org.apache.ibatis.session.defaults.DefaultSqlSession@17b387ef]
Transaction synchronization deregistering SqlSession [org.apache.ibatis.session.defaults.DefaultSqlSession@17b387ef]
Transaction synchronization closing SqlSession [org.apache.ibatis.session.defaults.DefaultSqlSession@17b387ef]
Creating a new SqlSession
Registering transaction synchronization for SqlSession [org.apache.ibatis.session.defaults.DefaultSqlSession@2f8b48c3]
JDBC Connection [HikariProxyConnection@1747815853 wrapping com.mysql.cj.jdbc.ConnectionImpl@7e615c6a] will be managed by Spring
==>  Preparing: INSERT INTO `tb_post` (content, author_id, publish_at, last_update) VALUES (?, ?, ?, ?)
==> Parameters: 电影是一种艺术，它可以让我们感受到不同的人生和情感。今天看了一部非常精彩的电影，让我深受感动。(String), 83(Long), 2024-09-28T19:07:40.274692600(LocalDateTime), 2024-09-28T19:07:40.274692600(LocalDateTime)
<==    Updates: 1
Releasing transactional SqlSession [org.apache.ibatis.session.defaults.DefaultSqlSession@2f8b48c3]
Transaction synchronization committing SqlSession [org.apache.ibatis.session.defaults.DefaultSqlSession@2f8b48c3]
Transaction synchronization deregistering SqlSession [org.apache.ibatis.session.defaults.DefaultSqlSession@2f8b48c3]
Transaction synchronization closing SqlSession [org.apache.ibatis.session.defaults.DefaultSqlSession@2f8b48c3]
Creating a new SqlSession
Registering transaction synchronization for SqlSession [org.apache.ibatis.session.defaults.DefaultSqlSession@5dc7881d]
JDBC Connection [HikariProxyConnection@479708091 wrapping com.mysql.cj.jdbc.ConnectionImpl@7e615c6a] will be managed by Spring
==>  Preparing: INSERT INTO `tb_post` (content, author_id, publish_at, last_update) VALUES (?, ?, ?, ?)
==> Parameters: 音乐是生活中最美的旋律。一首好听的歌曲可以让人心情愉悦，忘记一切烦恼。(String), 95(Long), 2024-09-28T19:07:40.279910500(LocalDateTime), 2024-09-28T19:07:40.279910500(LocalDateTime)
<==    Updates: 1
Releasing transactional SqlSession [org.apache.ibatis.session.defaults.DefaultSqlSession@5dc7881d]
Transaction synchronization committing SqlSession [org.apache.ibatis.session.defaults.DefaultSqlSession@5dc7881d]
Transaction synchronization deregistering SqlSession [org.apache.ibatis.session.defaults.DefaultSqlSession@5dc7881d]
Transaction synchronization closing SqlSession [org.apache.ibatis.session.defaults.DefaultSqlSession@5dc7881d]
Creating a new SqlSession
Registering transaction synchronization for SqlSession [org.apache.ibatis.session.defaults.DefaultSqlSession@496e0f9d]
JDBC Connection [HikariProxyConnection@1673618401 wrapping com.mysql.cj.jdbc.ConnectionImpl@7e615c6a] will be managed by Spring
==>  Preparing: INSERT INTO `tb_post` (content, author_id, publish_at, last_update) VALUES (?, ?, ?, ?)
==> Parameters: 游戏是一种放松的方式。在忙碌的生活中，玩一会儿游戏，可以让我们放松心情，缓解压力。(String), 90(Long), 2024-09-28T19:07:40.284460400(LocalDateTime), 2024-09-28T19:07:40.284460400(LocalDateTime)
<==    Updates: 1
Releasing transactional SqlSession [org.apache.ibatis.session.defaults.DefaultSqlSession@496e0f9d]
Transaction synchronization committing SqlSession [org.apache.ibatis.session.defaults.DefaultSqlSession@496e0f9d]
Transaction synchronization deregistering SqlSession [org.apache.ibatis.session.defaults.DefaultSqlSession@496e0f9d]
Transaction synchronization closing SqlSession [org.apache.ibatis.session.defaults.DefaultSqlSession@496e0f9d]
Creating a new SqlSession
Registering transaction synchronization for SqlSession [org.apache.ibatis.session.defaults.DefaultSqlSession@5b2fc2c0]
JDBC Connection [HikariProxyConnection@619158093 wrapping com.mysql.cj.jdbc.ConnectionImpl@7e615c6a] will be managed by Spring
==>  Preparing: INSERT INTO `tb_post` (content, author_id, publish_at, last_update) VALUES (?, ?, ?, ?)
==> Parameters: 旅游是一种享受，也是一种成长。每一次的旅游都让我们收获满满，看到了不同的风景，体验了不同的文化。(String), 5(Long), 2024-09-28T19:07:40.289472(LocalDateTime), 2024-09-28T19:07:40.289472(LocalDateTime)
<==    Updates: 1
Releasing transactional SqlSession [org.apache.ibatis.session.defaults.DefaultSqlSession@5b2fc2c0]
Transaction synchronization committing SqlSession [org.apache.ibatis.session.defaults.DefaultSqlSession@5b2fc2c0]
Transaction synchronization deregistering SqlSession [org.apache.ibatis.session.defaults.DefaultSqlSession@5b2fc2c0]
Transaction synchronization closing SqlSession [org.apache.ibatis.session.defaults.DefaultSqlSession@5b2fc2c0]
Creating a new SqlSession
Registering transaction synchronization for SqlSession [org.apache.ibatis.session.defaults.DefaultSqlSession@8de4206]
JDBC Connection [HikariProxyConnection@1476061457 wrapping com.mysql.cj.jdbc.ConnectionImpl@7e615c6a] will be managed by Spring
==>  Preparing: INSERT INTO `tb_post` (content, author_id, publish_at, last_update) VALUES (?, ?, ?, ?)
==> Parameters: 运动是一种健康的生活方式。它可以让我们保持良好的身体状态，提高身体的免疫力。(String), 87(Long), 2024-09-28T19:07:40.296594800(LocalDateTime), 2024-09-28T19:07:40.296594800(LocalDateTime)
<==    Updates: 1
Releasing transactional SqlSession [org.apache.ibatis.session.defaults.DefaultSqlSession@8de4206]
Transaction synchronization committing SqlSession [org.apache.ibatis.session.defaults.DefaultSqlSession@8de4206]
Transaction synchronization deregistering SqlSession [org.apache.ibatis.session.defaults.DefaultSqlSession@8de4206]
Transaction synchronization closing SqlSession [org.apache.ibatis.session.defaults.DefaultSqlSession@8de4206]
Creating a new SqlSession
Registering transaction synchronization for SqlSession [org.apache.ibatis.session.defaults.DefaultSqlSession@24ce5d4c]
JDBC Connection [HikariProxyConnection@1936269454 wrapping com.mysql.cj.jdbc.ConnectionImpl@7e615c6a] will be managed by Spring
==>  Preparing: INSERT INTO `tb_post` (content, author_id, publish_at, last_update) VALUES (?, ?, ?, ?)
==> Parameters: 阅读是一种充实自己的方式。一本好书可以让我们受益匪浅，开阔我们的视野，丰富我们的知识。(String), 84(Long), 2024-09-28T19:07:40.304672(LocalDateTime), 2024-09-28T19:07:40.304672(LocalDateTime)
<==    Updates: 1
Releasing transactional SqlSession [org.apache.ibatis.session.defaults.DefaultSqlSession@24ce5d4c]
Transaction synchronization committing SqlSession [org.apache.ibatis.session.defaults.DefaultSqlSession@24ce5d4c]
Transaction synchronization deregistering SqlSession [org.apache.ibatis.session.defaults.DefaultSqlSession@24ce5d4c]
Transaction synchronization closing SqlSession [org.apache.ibatis.session.defaults.DefaultSqlSession@24ce5d4c]
Creating a new SqlSession
Registering transaction synchronization for SqlSession [org.apache.ibatis.session.defaults.DefaultSqlSession@6dbdbb69]
JDBC Connection [HikariProxyConnection@496534167 wrapping com.mysql.cj.jdbc.ConnectionImpl@7e615c6a] will be managed by Spring
==>  Preparing: INSERT INTO `tb_post` (content, author_id, publish_at, last_update) VALUES (?, ?, ?, ?)
==> Parameters: 美食是一种享受，也是一种文化。品尝不同的美食，可以让我们了解不同的文化，感受不同的风情。(String), 35(Long), 2024-09-28T19:07:40.311649600(LocalDateTime), 2024-09-28T19:07:40.311649600(LocalDateTime)
<==    Updates: 1
Releasing transactional SqlSession [org.apache.ibatis.session.defaults.DefaultSqlSession@6dbdbb69]
Transaction synchronization committing SqlSession [org.apache.ibatis.session.defaults.DefaultSqlSession@6dbdbb69]
Transaction synchronization deregistering SqlSession [org.apache.ibatis.session.defaults.DefaultSqlSession@6dbdbb69]
Transaction synchronization closing SqlSession [org.apache.ibatis.session.defaults.DefaultSqlSession@6dbdbb69]
Creating a new SqlSession
Registering transaction synchronization for SqlSession [org.apache.ibatis.session.defaults.DefaultSqlSession@1239c268]
JDBC Connection [HikariProxyConnection@764884044 wrapping com.mysql.cj.jdbc.ConnectionImpl@7e615c6a] will be managed by Spring
==>  Preparing: INSERT INTO `tb_post` (content, author_id, publish_at, last_update) VALUES (?, ?, ?, ?)
==> Parameters: 摄影是一种记录生活的方式。用相机记录下美好的瞬间，让我们的生活更加丰富多彩。(String), 56(Long), 2024-09-28T19:07:40.315590500(LocalDateTime), 2024-09-28T19:07:40.315590500(LocalDateTime)
<==    Updates: 1
Releasing transactional SqlSession [org.apache.ibatis.session.defaults.DefaultSqlSession@1239c268]
Transaction synchronization committing SqlSession [org.apache.ibatis.session.defaults.DefaultSqlSession@1239c268]
Transaction synchronization deregistering SqlSession [org.apache.ibatis.session.defaults.DefaultSqlSession@1239c268]
Transaction synchronization closing SqlSession [org.apache.ibatis.session.defaults.DefaultSqlSession@1239c268]
Creating a new SqlSession
Registering transaction synchronization for SqlSession [org.apache.ibatis.session.defaults.DefaultSqlSession@b859355]
JDBC Connection [HikariProxyConnection@2083660714 wrapping com.mysql.cj.jdbc.ConnectionImpl@7e615c6a] will be managed by Spring
==>  Preparing: INSERT INTO `tb_post` (content, author_id, publish_at, last_update) VALUES (?, ?, ?, ?)
==> Parameters: 绘画是一种表达情感的方式。用画笔描绘出自己的内心世界，让我们的情感得到释放。(String), 57(Long), 2024-09-28T19:07:40.319673200(LocalDateTime), 2024-09-28T19:07:40.319673200(LocalDateTime)
<==    Updates: 1
Releasing transactional SqlSession [org.apache.ibatis.session.defaults.DefaultSqlSession@b859355]
Transaction synchronization committing SqlSession [org.apache.ibatis.session.defaults.DefaultSqlSession@b859355]
Transaction synchronization deregistering SqlSession [org.apache.ibatis.session.defaults.DefaultSqlSession@b859355]
Transaction synchronization closing SqlSession [org.apache.ibatis.session.defaults.DefaultSqlSession@b859355]
Creating a new SqlSession
Registering transaction synchronization for SqlSession [org.apache.ibatis.session.defaults.DefaultSqlSession@693ed09d]
JDBC Connection [HikariProxyConnection@1814488456 wrapping com.mysql.cj.jdbc.ConnectionImpl@7e615c6a] will be managed by Spring
==>  Preparing: INSERT INTO `tb_post` (content, author_id, publish_at, last_update) VALUES (?, ?, ?, ?)
==> Parameters: 娱乐休闲是生活中不可或缺的一部分。让我们在忙碌的生活中，找到属于自己的娱乐方式，放松心情，享受生活的美好。(String), 84(Long), 2024-09-28T19:07:40.329695500(LocalDateTime), 2024-09-28T19:07:40.329695500(LocalDateTime)
<==    Updates: 1
Releasing transactional SqlSession [org.apache.ibatis.session.defaults.DefaultSqlSession@693ed09d]
Transaction synchronization committing SqlSession [org.apache.ibatis.session.defaults.DefaultSqlSession@693ed09d]
Transaction synchronization deregistering SqlSession [org.apache.ibatis.session.defaults.DefaultSqlSession@693ed09d]
Transaction synchronization closing SqlSession [org.apache.ibatis.session.defaults.DefaultSqlSession@693ed09d]
Creating a new SqlSession
Registering transaction synchronization for SqlSession [org.apache.ibatis.session.defaults.DefaultSqlSession@1d45c4b7]
JDBC Connection [HikariProxyConnection@492836007 wrapping com.mysql.cj.jdbc.ConnectionImpl@7e615c6a] will be managed by Spring
==>  Preparing: INSERT INTO `tb_post` (content, author_id, publish_at, last_update) VALUES (?, ?, ?, ?)
==> Parameters: 世界那么大，我想去看看！即将踏上新的旅程，心中充满了期待。不知道这次会遇见怎样的风景和故事呢？(String), 64(Long), 2024-09-28T19:07:40.331350600(LocalDateTime), 2024-09-28T19:07:40.331350600(LocalDateTime)
<==    Updates: 1
Releasing transactional SqlSession [org.apache.ibatis.session.defaults.DefaultSqlSession@1d45c4b7]
Transaction synchronization committing SqlSession [org.apache.ibatis.session.defaults.DefaultSqlSession@1d45c4b7]
Transaction synchronization deregistering SqlSession [org.apache.ibatis.session.defaults.DefaultSqlSession@1d45c4b7]
Transaction synchronization closing SqlSession [org.apache.ibatis.session.defaults.DefaultSqlSession@1d45c4b7]
Creating a new SqlSession
Registering transaction synchronization for SqlSession [org.apache.ibatis.session.defaults.DefaultSqlSession@2396408a]
JDBC Connection [HikariProxyConnection@1692311460 wrapping com.mysql.cj.jdbc.ConnectionImpl@7e615c6a] will be managed by Spring
==>  Preparing: INSERT INTO `tb_post` (content, author_id, publish_at, last_update) VALUES (?, ?, ?, ?)
==> Parameters: 收拾行囊，准备出发！每一次的旅行都是一次心灵的冒险，期待着在陌生的地方发现不一样的自己。(String), 91(Long), 2024-09-28T19:07:40.339360(LocalDateTime), 2024-09-28T19:07:40.339360(LocalDateTime)
<==    Updates: 1
Releasing transactional SqlSession [org.apache.ibatis.session.defaults.DefaultSqlSession@2396408a]
Transaction synchronization committing SqlSession [org.apache.ibatis.session.defaults.DefaultSqlSession@2396408a]
Transaction synchronization deregistering SqlSession [org.apache.ibatis.session.defaults.DefaultSqlSession@2396408a]
Transaction synchronization closing SqlSession [org.apache.ibatis.session.defaults.DefaultSqlSession@2396408a]
Creating a new SqlSession
Registering transaction synchronization for SqlSession [org.apache.ibatis.session.defaults.DefaultSqlSession@4fc84c92]
JDBC Connection [HikariProxyConnection@1678161997 wrapping com.mysql.cj.jdbc.ConnectionImpl@7e615c6a] will be managed by Spring
==>  Preparing: INSERT INTO `tb_post` (content, author_id, publish_at, last_update) VALUES (?, ?, ?, ?)
==> Parameters: 旅游攻略已做好，就等出发的那一刻了。期待着这场说走就走的旅行，让我邂逅最美的风景。(String), 8(Long), 2024-09-28T19:07:40.349570600(LocalDateTime), 2024-09-28T19:07:40.349570600(LocalDateTime)
<==    Updates: 1
Releasing transactional SqlSession [org.apache.ibatis.session.defaults.DefaultSqlSession@4fc84c92]
Transaction synchronization committing SqlSession [org.apache.ibatis.session.defaults.DefaultSqlSession@4fc84c92]
Transaction synchronization deregistering SqlSession [org.apache.ibatis.session.defaults.DefaultSqlSession@4fc84c92]
Transaction synchronization closing SqlSession [org.apache.ibatis.session.defaults.DefaultSqlSession@4fc84c92]
Creating a new SqlSession
Registering transaction synchronization for SqlSession [org.apache.ibatis.session.defaults.DefaultSqlSession@5e643402]
JDBC Connection [HikariProxyConnection@2014583896 wrapping com.mysql.cj.jdbc.ConnectionImpl@7e615c6a] will be managed by Spring
==>  Preparing: INSERT INTO `tb_post` (content, author_id, publish_at, last_update) VALUES (?, ?, ?, ?)
==> Parameters: 订好了机票，心情格外激动。即将飞向远方，去探索未知的世界，感受不一样的风土人情。(String), 4(Long), 2024-09-28T19:07:40.369442600(LocalDateTime), 2024-09-28T19:07:40.369442600(LocalDateTime)
<==    Updates: 1
Releasing transactional SqlSession [org.apache.ibatis.session.defaults.DefaultSqlSession@5e643402]
Transaction synchronization committing SqlSession [org.apache.ibatis.session.defaults.DefaultSqlSession@5e643402]
Transaction synchronization deregistering SqlSession [org.apache.ibatis.session.defaults.DefaultSqlSession@5e643402]
Transaction synchronization closing SqlSession [org.apache.ibatis.session.defaults.DefaultSqlSession@5e643402]
Creating a new SqlSession
Registering transaction synchronization for SqlSession [org.apache.ibatis.session.defaults.DefaultSqlSession@7010c9e4]
JDBC Connection [HikariProxyConnection@284560950 wrapping com.mysql.cj.jdbc.ConnectionImpl@7e615c6a] will be managed by Spring
==>  Preparing: INSERT INTO `tb_post` (content, author_id, publish_at, last_update) VALUES (?, ?, ?, ?)
==> Parameters: 对即将到来的旅行充满了幻想，想象着自己在美丽的风景中漫步，享受着大自然的恩赐。(String), 45(Long), 2024-09-28T19:07:40.379827900(LocalDateTime), 2024-09-28T19:07:40.379827900(LocalDateTime)
<==    Updates: 1
Releasing transactional SqlSession [org.apache.ibatis.session.defaults.DefaultSqlSession@7010c9e4]
Transaction synchronization committing SqlSession [org.apache.ibatis.session.defaults.DefaultSqlSession@7010c9e4]
Transaction synchronization deregistering SqlSession [org.apache.ibatis.session.defaults.DefaultSqlSession@7010c9e4]
Transaction synchronization closing SqlSession [org.apache.ibatis.session.defaults.DefaultSqlSession@7010c9e4]
Creating a new SqlSession
Registering transaction synchronization for SqlSession [org.apache.ibatis.session.defaults.DefaultSqlSession@218e186b]
JDBC Connection [HikariProxyConnection@1629827491 wrapping com.mysql.cj.jdbc.ConnectionImpl@7e615c6a] will be managed by Spring
==>  Preparing: INSERT INTO `tb_post` (content, author_id, publish_at, last_update) VALUES (?, ?, ?, ?)
==> Parameters: 出发前的夜晚总是格外兴奋，躺在床上辗转反侧，脑海中不断浮现出旅途中的美好画面。(String), 21(Long), 2024-09-28T19:07:40.389852800(LocalDateTime), 2024-09-28T19:07:40.389852800(LocalDateTime)
<==    Updates: 1
Releasing transactional SqlSession [org.apache.ibatis.session.defaults.DefaultSqlSession@218e186b]
Transaction synchronization committing SqlSession [org.apache.ibatis.session.defaults.DefaultSqlSession@218e186b]
Transaction synchronization deregistering SqlSession [org.apache.ibatis.session.defaults.DefaultSqlSession@218e186b]
Transaction synchronization closing SqlSession [org.apache.ibatis.session.defaults.DefaultSqlSession@218e186b]
Creating a new SqlSession
Registering transaction synchronization for SqlSession [org.apache.ibatis.session.defaults.DefaultSqlSession@23d07ad3]
JDBC Connection [HikariProxyConnection@1340744662 wrapping com.mysql.cj.jdbc.ConnectionImpl@7e615c6a] will be managed by Spring
==>  Preparing: INSERT INTO `tb_post` (content, author_id, publish_at, last_update) VALUES (?, ?, ?, ?)
==> Parameters: 准备好了相机，期待着用镜头记录下旅途中的每一个精彩瞬间，留下美好的回忆。(String), 4(Long), 2024-09-28T19:07:40.400146300(LocalDateTime), 2024-09-28T19:07:40.400146300(LocalDateTime)
<==    Updates: 1
Releasing transactional SqlSession [org.apache.ibatis.session.defaults.DefaultSqlSession@23d07ad3]
Transaction synchronization committing SqlSession [org.apache.ibatis.session.defaults.DefaultSqlSession@23d07ad3]
Transaction synchronization deregistering SqlSession [org.apache.ibatis.session.defaults.DefaultSqlSession@23d07ad3]
Transaction synchronization closing SqlSession [org.apache.ibatis.session.defaults.DefaultSqlSession@23d07ad3]
Creating a new SqlSession
Registering transaction synchronization for SqlSession [org.apache.ibatis.session.defaults.DefaultSqlSession@164db8f0]
JDBC Connection [HikariProxyConnection@569429143 wrapping com.mysql.cj.jdbc.ConnectionImpl@7e615c6a] will be managed by Spring
==>  Preparing: INSERT INTO `tb_post` (content, author_id, publish_at, last_update) VALUES (?, ?, ?, ?)
==> Parameters: 旅游是一场心灵的洗礼，我迫不及待地想要出发，去寻找那份宁静与美好。(String), 35(Long), 2024-09-28T19:07:40.410014900(LocalDateTime), 2024-09-28T19:07:40.410014900(LocalDateTime)
<==    Updates: 1
Releasing transactional SqlSession [org.apache.ibatis.session.defaults.DefaultSqlSession@164db8f0]
Transaction synchronization committing SqlSession [org.apache.ibatis.session.defaults.DefaultSqlSession@164db8f0]
Transaction synchronization deregistering SqlSession [org.apache.ibatis.session.defaults.DefaultSqlSession@164db8f0]
Transaction synchronization closing SqlSession [org.apache.ibatis.session.defaults.DefaultSqlSession@164db8f0]
Creating a new SqlSession
Registering transaction synchronization for SqlSession [org.apache.ibatis.session.defaults.DefaultSqlSession@52667676]
JDBC Connection [HikariProxyConnection@60426688 wrapping com.mysql.cj.jdbc.ConnectionImpl@7e615c6a] will be managed by Spring
==>  Preparing: INSERT INTO `tb_post` (content, author_id, publish_at, last_update) VALUES (?, ?, ?, ?)
==> Parameters: 即将踏上旅程，心情如同放飞的鸟儿一般自由。期待着在旅途中遇见更好的自己。(String), 55(Long), 2024-09-28T19:07:40.419567200(LocalDateTime), 2024-09-28T19:07:40.419567200(LocalDateTime)
<==    Updates: 1
Releasing transactional SqlSession [org.apache.ibatis.session.defaults.DefaultSqlSession@52667676]
Transaction synchronization committing SqlSession [org.apache.ibatis.session.defaults.DefaultSqlSession@52667676]
Transaction synchronization deregistering SqlSession [org.apache.ibatis.session.defaults.DefaultSqlSession@52667676]
Transaction synchronization closing SqlSession [org.apache.ibatis.session.defaults.DefaultSqlSession@52667676]
Creating a new SqlSession
Registering transaction synchronization for SqlSession [org.apache.ibatis.session.defaults.DefaultSqlSession@3b850bb7]
JDBC Connection [HikariProxyConnection@874023329 wrapping com.mysql.cj.jdbc.ConnectionImpl@7e615c6a] will be managed by Spring
==>  Preparing: INSERT INTO `tb_post` (content, author_id, publish_at, last_update) VALUES (?, ?, ?, ?)
==> Parameters: 每一次的旅行都是一次成长，我期待着这次的旅程能让我收获更多的人生感悟。(String), 7(Long), 2024-09-28T19:07:40.429348800(LocalDateTime), 2024-09-28T19:07:40.429348800(LocalDateTime)
<==    Updates: 1
Releasing transactional SqlSession [org.apache.ibatis.session.defaults.DefaultSqlSession@3b850bb7]
Transaction synchronization committing SqlSession [org.apache.ibatis.session.defaults.DefaultSqlSession@3b850bb7]
Transaction synchronization deregistering SqlSession [org.apache.ibatis.session.defaults.DefaultSqlSession@3b850bb7]
Transaction synchronization closing SqlSession [org.apache.ibatis.session.defaults.DefaultSqlSession@3b850bb7]
Creating a new SqlSession
Registering transaction synchronization for SqlSession [org.apache.ibatis.session.defaults.DefaultSqlSession@44d6f9cf]
JDBC Connection [HikariProxyConnection@1411531045 wrapping com.mysql.cj.jdbc.ConnectionImpl@7e615c6a] will be managed by Spring
==>  Preparing: INSERT INTO `tb_post` (content, author_id, publish_at, last_update) VALUES (?, ?, ?, ?)
==> Parameters: 站在山顶，俯瞰着脚下的美景，心中充满了震撼。大自然的鬼斧神工真是让人叹为观止！(String), 42(Long), 2024-09-28T19:07:40.439527900(LocalDateTime), 2024-09-28T19:07:40.439527900(LocalDateTime)
<==    Updates: 1
Releasing transactional SqlSession [org.apache.ibatis.session.defaults.DefaultSqlSession@44d6f9cf]
Transaction synchronization committing SqlSession [org.apache.ibatis.session.defaults.DefaultSqlSession@44d6f9cf]
Transaction synchronization deregistering SqlSession [org.apache.ibatis.session.defaults.DefaultSqlSession@44d6f9cf]
Transaction synchronization closing SqlSession [org.apache.ibatis.session.defaults.DefaultSqlSession@44d6f9cf]
Creating a new SqlSession
Registering transaction synchronization for SqlSession [org.apache.ibatis.session.defaults.DefaultSqlSession@229fe7ab]
JDBC Connection [HikariProxyConnection@296563327 wrapping com.mysql.cj.jdbc.ConnectionImpl@7e615c6a] will be managed by Spring
==>  Preparing: INSERT INTO `tb_post` (content, author_id, publish_at, last_update) VALUES (?, ?, ?, ?)
==> Parameters: 海边的日出真美！金色的阳光洒在海面上，波光粼粼，让人陶醉其中。(String), 20(Long), 2024-09-28T19:07:40.449615500(LocalDateTime), 2024-09-28T19:07:40.449615500(LocalDateTime)
<==    Updates: 1
Releasing transactional SqlSession [org.apache.ibatis.session.defaults.DefaultSqlSession@229fe7ab]
Transaction synchronization committing SqlSession [org.apache.ibatis.session.defaults.DefaultSqlSession@229fe7ab]
Transaction synchronization deregistering SqlSession [org.apache.ibatis.session.defaults.DefaultSqlSession@229fe7ab]
Transaction synchronization closing SqlSession [org.apache.ibatis.session.defaults.DefaultSqlSession@229fe7ab]
Creating a new SqlSession
Registering transaction synchronization for SqlSession [org.apache.ibatis.session.defaults.DefaultSqlSession@6771fc29]
JDBC Connection [HikariProxyConnection@1356405263 wrapping com.mysql.cj.jdbc.ConnectionImpl@7e615c6a] will be managed by Spring
==>  Preparing: INSERT INTO `tb_post` (content, author_id, publish_at, last_update) VALUES (?, ?, ?, ?)
==> Parameters: 漫步在古老的小镇上，感受着历史的韵味。那些古老的建筑和街道，仿佛在诉说着过去的故事。(String), 66(Long), 2024-09-28T19:07:40.459901300(LocalDateTime), 2024-09-28T19:07:40.459901300(LocalDateTime)
<==    Updates: 1
Releasing transactional SqlSession [org.apache.ibatis.session.defaults.DefaultSqlSession@6771fc29]
Transaction synchronization committing SqlSession [org.apache.ibatis.session.defaults.DefaultSqlSession@6771fc29]
Transaction synchronization deregistering SqlSession [org.apache.ibatis.session.defaults.DefaultSqlSession@6771fc29]
Transaction synchronization closing SqlSession [org.apache.ibatis.session.defaults.DefaultSqlSession@6771fc29]
Creating a new SqlSession
Registering transaction synchronization for SqlSession [org.apache.ibatis.session.defaults.DefaultSqlSession@7505dcab]
JDBC Connection [HikariProxyConnection@616421782 wrapping com.mysql.cj.jdbc.ConnectionImpl@7e615c6a] will be managed by Spring
==>  Preparing: INSERT INTO `tb_post` (content, author_id, publish_at, last_update) VALUES (?, ?, ?, ?)
==> Parameters: 森林里的空气格外清新，鸟儿在枝头欢快地歌唱。置身其中，仿佛进入了一个童话世界。(String), 51(Long), 2024-09-28T19:07:40.469987800(LocalDateTime), 2024-09-28T19:07:40.469987800(LocalDateTime)
<==    Updates: 1
Releasing transactional SqlSession [org.apache.ibatis.session.defaults.DefaultSqlSession@7505dcab]
Transaction synchronization committing SqlSession [org.apache.ibatis.session.defaults.DefaultSqlSession@7505dcab]
Transaction synchronization deregistering SqlSession [org.apache.ibatis.session.defaults.DefaultSqlSession@7505dcab]
Transaction synchronization closing SqlSession [org.apache.ibatis.session.defaults.DefaultSqlSession@7505dcab]
Creating a new SqlSession
Registering transaction synchronization for SqlSession [org.apache.ibatis.session.defaults.DefaultSqlSession@57777c23]
JDBC Connection [HikariProxyConnection@61210602 wrapping com.mysql.cj.jdbc.ConnectionImpl@7e615c6a] will be managed by Spring
==>  Preparing: INSERT INTO `tb_post` (content, author_id, publish_at, last_update) VALUES (?, ?, ?, ?)
==> Parameters: 草原上的骏马奔腾，风吹草低见牛羊。这样的美景让人心情格外舒畅。(String), 79(Long), 2024-09-28T19:07:40.479798800(LocalDateTime), 2024-09-28T19:07:40.479798800(LocalDateTime)
<==    Updates: 1
Releasing transactional SqlSession [org.apache.ibatis.session.defaults.DefaultSqlSession@57777c23]
Transaction synchronization committing SqlSession [org.apache.ibatis.session.defaults.DefaultSqlSession@57777c23]
Transaction synchronization deregistering SqlSession [org.apache.ibatis.session.defaults.DefaultSqlSession@57777c23]
Transaction synchronization closing SqlSession [org.apache.ibatis.session.defaults.DefaultSqlSession@57777c23]
Creating a new SqlSession
Registering transaction synchronization for SqlSession [org.apache.ibatis.session.defaults.DefaultSqlSession@f2b4303]
JDBC Connection [HikariProxyConnection@758750856 wrapping com.mysql.cj.jdbc.ConnectionImpl@7e615c6a] will be managed by Spring
==>  Preparing: INSERT INTO `tb_post` (content, author_id, publish_at, last_update) VALUES (?, ?, ?, ?)
==> Parameters: 雪山之巅，白雪皑皑，云雾缭绕。站在这里，仿佛置身于仙境之中。(String), 2(Long), 2024-09-28T19:07:40.479798800(LocalDateTime), 2024-09-28T19:07:40.479798800(LocalDateTime)
<==    Updates: 1
Releasing transactional SqlSession [org.apache.ibatis.session.defaults.DefaultSqlSession@f2b4303]
Transaction synchronization committing SqlSession [org.apache.ibatis.session.defaults.DefaultSqlSession@f2b4303]
Transaction synchronization deregistering SqlSession [org.apache.ibatis.session.defaults.DefaultSqlSession@f2b4303]
Transaction synchronization closing SqlSession [org.apache.ibatis.session.defaults.DefaultSqlSession@f2b4303]
Creating a new SqlSession
Registering transaction synchronization for SqlSession [org.apache.ibatis.session.defaults.DefaultSqlSession@3dbb7bb]
JDBC Connection [HikariProxyConnection@1714613017 wrapping com.mysql.cj.jdbc.ConnectionImpl@7e615c6a] will be managed by Spring
==>  Preparing: INSERT INTO `tb_post` (content, author_id, publish_at, last_update) VALUES (?, ?, ?, ?)
==> Parameters: 湖泊如镜，倒映着蓝天白云。微风拂过，水面泛起层层涟漪，美不胜收。(String), 98(Long), 2024-09-28T19:07:40.489832300(LocalDateTime), 2024-09-28T19:07:40.489832300(LocalDateTime)
<==    Updates: 1
Releasing transactional SqlSession [org.apache.ibatis.session.defaults.DefaultSqlSession@3dbb7bb]
Transaction synchronization committing SqlSession [org.apache.ibatis.session.defaults.DefaultSqlSession@3dbb7bb]
Transaction synchronization deregistering SqlSession [org.apache.ibatis.session.defaults.DefaultSqlSession@3dbb7bb]
Transaction synchronization closing SqlSession [org.apache.ibatis.session.defaults.DefaultSqlSession@3dbb7bb]
Creating a new SqlSession
Registering transaction synchronization for SqlSession [org.apache.ibatis.session.defaults.DefaultSqlSession@519e67e]
JDBC Connection [HikariProxyConnection@492394707 wrapping com.mysql.cj.jdbc.ConnectionImpl@7e615c6a] will be managed by Spring
==>  Preparing: INSERT INTO `tb_post` (content, author_id, publish_at, last_update) VALUES (?, ?, ?, ?)
==> Parameters: 古老的寺庙庄严肃穆，香火缭绕。在这里，心灵得到了宁静与慰藉。(String), 92(Long), 2024-09-28T19:07:40.496682700(LocalDateTime), 2024-09-28T19:07:40.496682700(LocalDateTime)
<==    Updates: 1
Releasing transactional SqlSession [org.apache.ibatis.session.defaults.DefaultSqlSession@519e67e]
Transaction synchronization committing SqlSession [org.apache.ibatis.session.defaults.DefaultSqlSession@519e67e]
Transaction synchronization deregistering SqlSession [org.apache.ibatis.session.defaults.DefaultSqlSession@519e67e]
Transaction synchronization closing SqlSession [org.apache.ibatis.session.defaults.DefaultSqlSession@519e67e]
Creating a new SqlSession
Registering transaction synchronization for SqlSession [org.apache.ibatis.session.defaults.DefaultSqlSession@41120e48]
JDBC Connection [HikariProxyConnection@245632159 wrapping com.mysql.cj.jdbc.ConnectionImpl@7e615c6a] will be managed by Spring
==>  Preparing: INSERT INTO `tb_post` (content, author_id, publish_at, last_update) VALUES (?, ?, ?, ?)
==> Parameters: 花海中，五彩斑斓的花朵竞相绽放。漫步其中，仿佛置身于一个美丽的梦境。(String), 6(Long), 2024-09-28T19:07:40.499760400(LocalDateTime), 2024-09-28T19:07:40.499760400(LocalDateTime)
<==    Updates: 1
Releasing transactional SqlSession [org.apache.ibatis.session.defaults.DefaultSqlSession@41120e48]
Transaction synchronization committing SqlSession [org.apache.ibatis.session.defaults.DefaultSqlSession@41120e48]
Transaction synchronization deregistering SqlSession [org.apache.ibatis.session.defaults.DefaultSqlSession@41120e48]
Transaction synchronization closing SqlSession [org.apache.ibatis.session.defaults.DefaultSqlSession@41120e48]
Creating a new SqlSession
Registering transaction synchronization for SqlSession [org.apache.ibatis.session.defaults.DefaultSqlSession@481c1e92]
JDBC Connection [HikariProxyConnection@2059697940 wrapping com.mysql.cj.jdbc.ConnectionImpl@7e615c6a] will be managed by Spring
==>  Preparing: INSERT INTO `tb_post` (content, author_id, publish_at, last_update) VALUES (?, ?, ?, ?)
==> Parameters: 瀑布从悬崖上倾泻而下，水花四溅。这样的壮观景象让人感受到了大自然的力量。(String), 4(Long), 2024-09-28T19:07:40.511933700(LocalDateTime), 2024-09-28T19:07:40.511933700(LocalDateTime)
<==    Updates: 1
Releasing transactional SqlSession [org.apache.ibatis.session.defaults.DefaultSqlSession@481c1e92]
Transaction synchronization committing SqlSession [org.apache.ibatis.session.defaults.DefaultSqlSession@481c1e92]
Transaction synchronization deregistering SqlSession [org.apache.ibatis.session.defaults.DefaultSqlSession@481c1e92]
Transaction synchronization closing SqlSession [org.apache.ibatis.session.defaults.DefaultSqlSession@481c1e92]
Creating a new SqlSession
Registering transaction synchronization for SqlSession [org.apache.ibatis.session.defaults.DefaultSqlSession@61ec2cb5]
JDBC Connection [HikariProxyConnection@884899579 wrapping com.mysql.cj.jdbc.ConnectionImpl@7e615c6a] will be managed by Spring
==>  Preparing: INSERT INTO `tb_post` (content, author_id, publish_at, last_update) VALUES (?, ?, ?, ?)
==> Parameters: 品尝当地的美食是旅行中不可或缺的一部分。今天尝试了当地的特色小吃，味道真是太棒了！(String), 2(Long), 2024-09-28T19:07:40.515216500(LocalDateTime), 2024-09-28T19:07:40.515216500(LocalDateTime)
<==    Updates: 1
Releasing transactional SqlSession [org.apache.ibatis.session.defaults.DefaultSqlSession@61ec2cb5]
Transaction synchronization committing SqlSession [org.apache.ibatis.session.defaults.DefaultSqlSession@61ec2cb5]
Transaction synchronization deregistering SqlSession [org.apache.ibatis.session.defaults.DefaultSqlSession@61ec2cb5]
Transaction synchronization closing SqlSession [org.apache.ibatis.session.defaults.DefaultSqlSession@61ec2cb5]
Creating a new SqlSession
Registering transaction synchronization for SqlSession [org.apache.ibatis.session.defaults.DefaultSqlSession@6500e886]
JDBC Connection [HikariProxyConnection@1425889113 wrapping com.mysql.cj.jdbc.ConnectionImpl@7e615c6a] will be managed by Spring
==>  Preparing: INSERT INTO `tb_post` (content, author_id, publish_at, last_update) VALUES (?, ?, ?, ?)
==> Parameters: 美食是一座城市的名片，每一道美食都蕴含着当地的文化和历史。在旅途中，我要尝遍各地的美食。(String), 55(Long), 2024-09-28T19:07:40.519834600(LocalDateTime), 2024-09-28T19:07:40.519834600(LocalDateTime)
<==    Updates: 1
Releasing transactional SqlSession [org.apache.ibatis.session.defaults.DefaultSqlSession@6500e886]
Transaction synchronization committing SqlSession [org.apache.ibatis.session.defaults.DefaultSqlSession@6500e886]
Transaction synchronization deregistering SqlSession [org.apache.ibatis.session.defaults.DefaultSqlSession@6500e886]
Transaction synchronization closing SqlSession [org.apache.ibatis.session.defaults.DefaultSqlSession@6500e886]
Creating a new SqlSession
Registering transaction synchronization for SqlSession [org.apache.ibatis.session.defaults.DefaultSqlSession@5a941fb4]
JDBC Connection [HikariProxyConnection@576066578 wrapping com.mysql.cj.jdbc.ConnectionImpl@7e615c6a] will be managed by Spring
==>  Preparing: INSERT INTO `tb_post` (content, author_id, publish_at, last_update) VALUES (?, ?, ?, ?)
==> Parameters: 这家餐厅的环境非常优雅，菜品也十分精致。在这里用餐，真是一种享受。(String), 56(Long), 2024-09-28T19:07:40.530934800(LocalDateTime), 2024-09-28T19:07:40.530934800(LocalDateTime)
<==    Updates: 1
Releasing transactional SqlSession [org.apache.ibatis.session.defaults.DefaultSqlSession@5a941fb4]
Transaction synchronization committing SqlSession [org.apache.ibatis.session.defaults.DefaultSqlSession@5a941fb4]
Transaction synchronization deregistering SqlSession [org.apache.ibatis.session.defaults.DefaultSqlSession@5a941fb4]
Transaction synchronization closing SqlSession [org.apache.ibatis.session.defaults.DefaultSqlSession@5a941fb4]
Creating a new SqlSession
Registering transaction synchronization for SqlSession [org.apache.ibatis.session.defaults.DefaultSqlSession@4280b20b]
JDBC Connection [HikariProxyConnection@1261949348 wrapping com.mysql.cj.jdbc.ConnectionImpl@7e615c6a] will be managed by Spring
==>  Preparing: INSERT INTO `tb_post` (content, author_id, publish_at, last_update) VALUES (?, ?, ?, ?)
==> Parameters: 街头小吃往往最能体现当地的特色。今天在路边摊品尝了当地的美食，味道让人回味无穷。(String), 78(Long), 2024-09-28T19:07:40.534455100(LocalDateTime), 2024-09-28T19:07:40.534455100(LocalDateTime)
<==    Updates: 1
Releasing transactional SqlSession [org.apache.ibatis.session.defaults.DefaultSqlSession@4280b20b]
Transaction synchronization committing SqlSession [org.apache.ibatis.session.defaults.DefaultSqlSession@4280b20b]
Transaction synchronization deregistering SqlSession [org.apache.ibatis.session.defaults.DefaultSqlSession@4280b20b]
Transaction synchronization closing SqlSession [org.apache.ibatis.session.defaults.DefaultSqlSession@4280b20b]
Creating a new SqlSession
Registering transaction synchronization for SqlSession [org.apache.ibatis.session.defaults.DefaultSqlSession@5923210]
JDBC Connection [HikariProxyConnection@1323407208 wrapping com.mysql.cj.jdbc.ConnectionImpl@7e615c6a] will be managed by Spring
==>  Preparing: INSERT INTO `tb_post` (content, author_id, publish_at, last_update) VALUES (?, ?, ?, ?)
==> Parameters: 海鲜是海边城市的特色美食，新鲜的海鲜让人垂涎欲滴。今天终于品尝到了正宗的海鲜大餐，满足！(String), 58(Long), 2024-09-28T19:07:40.544503900(LocalDateTime), 2024-09-28T19:07:40.544503900(LocalDateTime)
<==    Updates: 1
Releasing transactional SqlSession [org.apache.ibatis.session.defaults.DefaultSqlSession@5923210]
Transaction synchronization committing SqlSession [org.apache.ibatis.session.defaults.DefaultSqlSession@5923210]
Transaction synchronization deregistering SqlSession [org.apache.ibatis.session.defaults.DefaultSqlSession@5923210]
Transaction synchronization closing SqlSession [org.apache.ibatis.session.defaults.DefaultSqlSession@5923210]
Creating a new SqlSession
Registering transaction synchronization for SqlSession [org.apache.ibatis.session.defaults.DefaultSqlSession@78e4fa1]
JDBC Connection [HikariProxyConnection@1156790508 wrapping com.mysql.cj.jdbc.ConnectionImpl@7e615c6a] will be managed by Spring
==>  Preparing: INSERT INTO `tb_post` (content, author_id, publish_at, last_update) VALUES (?, ?, ?, ?)
==> Parameters: 当地的水果非常新鲜，口感清甜。在旅途中，多吃水果可以补充维生素，让身体更加健康。(String), 71(Long), 2024-09-28T19:07:40.549604700(LocalDateTime), 2024-09-28T19:07:40.549604700(LocalDateTime)
<==    Updates: 1
Releasing transactional SqlSession [org.apache.ibatis.session.defaults.DefaultSqlSession@78e4fa1]
Transaction synchronization committing SqlSession [org.apache.ibatis.session.defaults.DefaultSqlSession@78e4fa1]
Transaction synchronization deregistering SqlSession [org.apache.ibatis.session.defaults.DefaultSqlSession@78e4fa1]
Transaction synchronization closing SqlSession [org.apache.ibatis.session.defaults.DefaultSqlSession@78e4fa1]
Creating a new SqlSession
Registering transaction synchronization for SqlSession [org.apache.ibatis.session.defaults.DefaultSqlSession@6258f9d1]
JDBC Connection [HikariProxyConnection@1020828786 wrapping com.mysql.cj.jdbc.ConnectionImpl@7e615c6a] will be managed by Spring
==>  Preparing: INSERT INTO `tb_post` (content, author_id, publish_at, last_update) VALUES (?, ?, ?, ?)
==> Parameters: 这家咖啡馆的咖啡非常好喝，环境也很舒适。在这里坐一坐，享受片刻的宁静。(String), 7(Long), 2024-09-28T19:07:40.549604700(LocalDateTime), 2024-09-28T19:07:40.549604700(LocalDateTime)
<==    Updates: 1
Releasing transactional SqlSession [org.apache.ibatis.session.defaults.DefaultSqlSession@6258f9d1]
Transaction synchronization committing SqlSession [org.apache.ibatis.session.defaults.DefaultSqlSession@6258f9d1]
Transaction synchronization deregistering SqlSession [org.apache.ibatis.session.defaults.DefaultSqlSession@6258f9d1]
Transaction synchronization closing SqlSession [org.apache.ibatis.session.defaults.DefaultSqlSession@6258f9d1]
Creating a new SqlSession
Registering transaction synchronization for SqlSession [org.apache.ibatis.session.defaults.DefaultSqlSession@2b441609]
JDBC Connection [HikariProxyConnection@885723920 wrapping com.mysql.cj.jdbc.ConnectionImpl@7e615c6a] will be managed by Spring
==>  Preparing: INSERT INTO `tb_post` (content, author_id, publish_at, last_update) VALUES (?, ?, ?, ?)
==> Parameters: 美食之旅，永不停歇。每到一个地方，我都会寻找当地的美食，让味蕾来一场奇妙的冒险。(String), 55(Long), 2024-09-28T19:07:40.559324600(LocalDateTime), 2024-09-28T19:07:40.559324600(LocalDateTime)
<==    Updates: 1
Releasing transactional SqlSession [org.apache.ibatis.session.defaults.DefaultSqlSession@2b441609]
Transaction synchronization committing SqlSession [org.apache.ibatis.session.defaults.DefaultSqlSession@2b441609]
Transaction synchronization deregistering SqlSession [org.apache.ibatis.session.defaults.DefaultSqlSession@2b441609]
Transaction synchronization closing SqlSession [org.apache.ibatis.session.defaults.DefaultSqlSession@2b441609]
Creating a new SqlSession
Registering transaction synchronization for SqlSession [org.apache.ibatis.session.defaults.DefaultSqlSession@729c98]
JDBC Connection [HikariProxyConnection@766446793 wrapping com.mysql.cj.jdbc.ConnectionImpl@7e615c6a] will be managed by Spring
==>  Preparing: INSERT INTO `tb_post` (content, author_id, publish_at, last_update) VALUES (?, ?, ?, ?)
==> Parameters: 当地的传统美食让人感受到了浓厚的文化氛围。品尝这些美食，就像在阅读一本历史书。(String), 9(Long), 2024-09-28T19:07:40.579633100(LocalDateTime), 2024-09-28T19:07:40.579633100(LocalDateTime)
<==    Updates: 1
Releasing transactional SqlSession [org.apache.ibatis.session.defaults.DefaultSqlSession@729c98]
Transaction synchronization committing SqlSession [org.apache.ibatis.session.defaults.DefaultSqlSession@729c98]
Transaction synchronization deregistering SqlSession [org.apache.ibatis.session.defaults.DefaultSqlSession@729c98]
Transaction synchronization closing SqlSession [org.apache.ibatis.session.defaults.DefaultSqlSession@729c98]
Creating a new SqlSession
Registering transaction synchronization for SqlSession [org.apache.ibatis.session.defaults.DefaultSqlSession@461b38ca]
JDBC Connection [HikariProxyConnection@948025476 wrapping com.mysql.cj.jdbc.ConnectionImpl@7e615c6a] will be managed by Spring
==>  Preparing: INSERT INTO `tb_post` (content, author_id, publish_at, last_update) VALUES (?, ?, ?, ?)
==> Parameters: 美食是旅途中的调味剂，它让我们的旅行更加丰富多彩。在享受美食的同时，也别忘了欣赏周围的风景。(String), 14(Long), 2024-09-28T19:07:40.589854800(LocalDateTime), 2024-09-28T19:07:40.589854800(LocalDateTime)
<==    Updates: 1
Releasing transactional SqlSession [org.apache.ibatis.session.defaults.DefaultSqlSession@461b38ca]
Transaction synchronization committing SqlSession [org.apache.ibatis.session.defaults.DefaultSqlSession@461b38ca]
Transaction synchronization deregistering SqlSession [org.apache.ibatis.session.defaults.DefaultSqlSession@461b38ca]
Transaction synchronization closing SqlSession [org.apache.ibatis.session.defaults.DefaultSqlSession@461b38ca]
Creating a new SqlSession
Registering transaction synchronization for SqlSession [org.apache.ibatis.session.defaults.DefaultSqlSession@2082e0e4]
JDBC Connection [HikariProxyConnection@701379561 wrapping com.mysql.cj.jdbc.ConnectionImpl@7e615c6a] will be managed by Spring
==>  Preparing: INSERT INTO `tb_post` (content, author_id, publish_at, last_update) VALUES (?, ?, ?, ?)
==> Parameters: 当地的人们非常热情好客，让我感受到了家的温暖。在旅途中，人与人之间的交流是最珍贵的回忆。(String), 16(Long), 2024-09-28T19:07:40.599638600(LocalDateTime), 2024-09-28T19:07:40.599638600(LocalDateTime)
<==    Updates: 1
Releasing transactional SqlSession [org.apache.ibatis.session.defaults.DefaultSqlSession@2082e0e4]
Transaction synchronization committing SqlSession [org.apache.ibatis.session.defaults.DefaultSqlSession@2082e0e4]
Transaction synchronization deregistering SqlSession [org.apache.ibatis.session.defaults.DefaultSqlSession@2082e0e4]
Transaction synchronization closing SqlSession [org.apache.ibatis.session.defaults.DefaultSqlSession@2082e0e4]
Creating a new SqlSession
Registering transaction synchronization for SqlSession [org.apache.ibatis.session.defaults.DefaultSqlSession@2c0d7099]
JDBC Connection [HikariProxyConnection@1553227495 wrapping com.mysql.cj.jdbc.ConnectionImpl@7e615c6a] will be managed by Spring
==>  Preparing: INSERT INTO `tb_post` (content, author_id, publish_at, last_update) VALUES (?, ?, ?, ?)
==> Parameters: 参观了当地的博物馆，了解了这座城市的历史和文化。每一件文物都承载着过去的故事，让人感慨万千。(String), 24(Long), 2024-09-28T19:07:40.609702800(LocalDateTime), 2024-09-28T19:07:40.609702800(LocalDateTime)
<==    Updates: 1
Releasing transactional SqlSession [org.apache.ibatis.session.defaults.DefaultSqlSession@2c0d7099]
Transaction synchronization committing SqlSession [org.apache.ibatis.session.defaults.DefaultSqlSession@2c0d7099]
Transaction synchronization deregistering SqlSession [org.apache.ibatis.session.defaults.DefaultSqlSession@2c0d7099]
Transaction synchronization closing SqlSession [org.apache.ibatis.session.defaults.DefaultSqlSession@2c0d7099]
Creating a new SqlSession
Registering transaction synchronization for SqlSession [org.apache.ibatis.session.defaults.DefaultSqlSession@404566e7]
JDBC Connection [HikariProxyConnection@1111811191 wrapping com.mysql.cj.jdbc.ConnectionImpl@7e615c6a] will be managed by Spring
==>  Preparing: INSERT INTO `tb_post` (content, author_id, publish_at, last_update) VALUES (?, ?, ?, ?)
==> Parameters: 观看了当地的传统表演，被他们的精湛技艺所折服。这样的文化传承让人敬佩。(String), 83(Long), 2024-09-28T19:07:40.619826200(LocalDateTime), 2024-09-28T19:07:40.619826200(LocalDateTime)
<==    Updates: 1
Releasing transactional SqlSession [org.apache.ibatis.session.defaults.DefaultSqlSession@404566e7]
Transaction synchronization committing SqlSession [org.apache.ibatis.session.defaults.DefaultSqlSession@404566e7]
Transaction synchronization deregistering SqlSession [org.apache.ibatis.session.defaults.DefaultSqlSession@404566e7]
Transaction synchronization closing SqlSession [org.apache.ibatis.session.defaults.DefaultSqlSession@404566e7]
Creating a new SqlSession
Registering transaction synchronization for SqlSession [org.apache.ibatis.session.defaults.DefaultSqlSession@1e9f48d4]
JDBC Connection [HikariProxyConnection@816162189 wrapping com.mysql.cj.jdbc.ConnectionImpl@7e615c6a] will be managed by Spring
==>  Preparing: INSERT INTO `tb_post` (content, author_id, publish_at, last_update) VALUES (?, ?, ?, ?)
==> Parameters: 走进当地的集市，感受着浓浓的生活气息。这里的商品琳琅满目，让人目不暇接。(String), 87(Long), 2024-09-28T19:07:40.630483(LocalDateTime), 2024-09-28T19:07:40.630483(LocalDateTime)
<==    Updates: 1
Releasing transactional SqlSession [org.apache.ibatis.session.defaults.DefaultSqlSession@1e9f48d4]
Transaction synchronization committing SqlSession [org.apache.ibatis.session.defaults.DefaultSqlSession@1e9f48d4]
Transaction synchronization deregistering SqlSession [org.apache.ibatis.session.defaults.DefaultSqlSession@1e9f48d4]
Transaction synchronization closing SqlSession [org.apache.ibatis.session.defaults.DefaultSqlSession@1e9f48d4]
Creating a new SqlSession
Registering transaction synchronization for SqlSession [org.apache.ibatis.session.defaults.DefaultSqlSession@2dfab167]
JDBC Connection [HikariProxyConnection@824425077 wrapping com.mysql.cj.jdbc.ConnectionImpl@7e615c6a] will be managed by Spring
==>  Preparing: INSERT INTO `tb_post` (content, author_id, publish_at, last_update) VALUES (?, ?, ?, ?)
==> Parameters: 参加了当地的节日庆典，体验了独特的民俗风情。这样的经历让人难忘。(String), 6(Long), 2024-09-28T19:07:40.639777800(LocalDateTime), 2024-09-28T19:07:40.639777800(LocalDateTime)
<==    Updates: 1
Releasing transactional SqlSession [org.apache.ibatis.session.defaults.DefaultSqlSession@2dfab167]
Transaction synchronization committing SqlSession [org.apache.ibatis.session.defaults.DefaultSqlSession@2dfab167]
Transaction synchronization deregistering SqlSession [org.apache.ibatis.session.defaults.DefaultSqlSession@2dfab167]
Transaction synchronization closing SqlSession [org.apache.ibatis.session.defaults.DefaultSqlSession@2dfab167]
Creating a new SqlSession
Registering transaction synchronization for SqlSession [org.apache.ibatis.session.defaults.DefaultSqlSession@22a22f1]
JDBC Connection [HikariProxyConnection@1674086804 wrapping com.mysql.cj.jdbc.ConnectionImpl@7e615c6a] will be managed by Spring
==>  Preparing: INSERT INTO `tb_post` (content, author_id, publish_at, last_update) VALUES (?, ?, ?, ?)
==> Parameters: 与当地的居民交流，了解他们的生活方式和价值观。这样的交流让我更加开阔了视野。(String), 39(Long), 2024-09-28T19:07:40.650073700(LocalDateTime), 2024-09-28T19:07:40.650073700(LocalDateTime)
<==    Updates: 1
Releasing transactional SqlSession [org.apache.ibatis.session.defaults.DefaultSqlSession@22a22f1]
Transaction synchronization committing SqlSession [org.apache.ibatis.session.defaults.DefaultSqlSession@22a22f1]
Transaction synchronization deregistering SqlSession [org.apache.ibatis.session.defaults.DefaultSqlSession@22a22f1]
Transaction synchronization closing SqlSession [org.apache.ibatis.session.defaults.DefaultSqlSession@22a22f1]
Creating a new SqlSession
Registering transaction synchronization for SqlSession [org.apache.ibatis.session.defaults.DefaultSqlSession@52b49891]
JDBC Connection [HikariProxyConnection@2034284329 wrapping com.mysql.cj.jdbc.ConnectionImpl@7e615c6a] will be managed by Spring
==>  Preparing: INSERT INTO `tb_post` (content, author_id, publish_at, last_update) VALUES (?, ?, ?, ?)
==> Parameters: 当地的建筑风格独具特色，体现了不同的文化和历史背景。欣赏这些建筑，就像在欣赏一件件艺术品。(String), 47(Long), 2024-09-28T19:07:40.660038500(LocalDateTime), 2024-09-28T19:07:40.660038500(LocalDateTime)
<==    Updates: 1
Releasing transactional SqlSession [org.apache.ibatis.session.defaults.DefaultSqlSession@52b49891]
Transaction synchronization committing SqlSession [org.apache.ibatis.session.defaults.DefaultSqlSession@52b49891]
Transaction synchronization deregistering SqlSession [org.apache.ibatis.session.defaults.DefaultSqlSession@52b49891]
Transaction synchronization closing SqlSession [org.apache.ibatis.session.defaults.DefaultSqlSession@52b49891]
Creating a new SqlSession
Registering transaction synchronization for SqlSession [org.apache.ibatis.session.defaults.DefaultSqlSession@68dbe225]
JDBC Connection [HikariProxyConnection@778469013 wrapping com.mysql.cj.jdbc.ConnectionImpl@7e615c6a] will be managed by Spring
==>  Preparing: INSERT INTO `tb_post` (content, author_id, publish_at, last_update) VALUES (?, ?, ?, ?)
==> Parameters: 了解当地的宗教信仰，感受着信仰的力量。在旅途中，我们可以尊重不同的信仰，增进彼此的理解。(String), 7(Long), 2024-09-28T19:07:40.670051800(LocalDateTime), 2024-09-28T19:07:40.670051800(LocalDateTime)
<==    Updates: 1
Releasing transactional SqlSession [org.apache.ibatis.session.defaults.DefaultSqlSession@68dbe225]
Transaction synchronization committing SqlSession [org.apache.ibatis.session.defaults.DefaultSqlSession@68dbe225]
Transaction synchronization deregistering SqlSession [org.apache.ibatis.session.defaults.DefaultSqlSession@68dbe225]
Transaction synchronization closing SqlSession [org.apache.ibatis.session.defaults.DefaultSqlSession@68dbe225]
Creating a new SqlSession
Registering transaction synchronization for SqlSession [org.apache.ibatis.session.defaults.DefaultSqlSession@5440a3a]
JDBC Connection [HikariProxyConnection@279697743 wrapping com.mysql.cj.jdbc.ConnectionImpl@7e615c6a] will be managed by Spring
==>  Preparing: INSERT INTO `tb_post` (content, author_id, publish_at, last_update) VALUES (?, ?, ?, ?)
==> Parameters: 当地的手工艺品非常精美，每一件都蕴含着工匠们的心血和智慧。购买一些手工艺品，作为旅行的纪念。(String), 67(Long), 2024-09-28T19:07:40.679699100(LocalDateTime), 2024-09-28T19:07:40.679699100(LocalDateTime)
<==    Updates: 1
Releasing transactional SqlSession [org.apache.ibatis.session.defaults.DefaultSqlSession@5440a3a]
Transaction synchronization committing SqlSession [org.apache.ibatis.session.defaults.DefaultSqlSession@5440a3a]
Transaction synchronization deregistering SqlSession [org.apache.ibatis.session.defaults.DefaultSqlSession@5440a3a]
Transaction synchronization closing SqlSession [org.apache.ibatis.session.defaults.DefaultSqlSession@5440a3a]
Creating a new SqlSession
Registering transaction synchronization for SqlSession [org.apache.ibatis.session.defaults.DefaultSqlSession@20706e70]
JDBC Connection [HikariProxyConnection@1462255532 wrapping com.mysql.cj.jdbc.ConnectionImpl@7e615c6a] will be managed by Spring
==>  Preparing: INSERT INTO `tb_post` (content, author_id, publish_at, last_update) VALUES (?, ?, ?, ?)
==> Parameters: 旅途中的人文风情让我感受到了世界的多样性。尊重不同的文化，才能让我们的世界更加美好。(String), 85(Long), 2024-09-28T19:07:40.696543100(LocalDateTime), 2024-09-28T19:07:40.696543100(LocalDateTime)
<==    Updates: 1
Releasing transactional SqlSession [org.apache.ibatis.session.defaults.DefaultSqlSession@20706e70]
Transaction synchronization committing SqlSession [org.apache.ibatis.session.defaults.DefaultSqlSession@20706e70]
Transaction synchronization deregistering SqlSession [org.apache.ibatis.session.defaults.DefaultSqlSession@20706e70]
Transaction synchronization closing SqlSession [org.apache.ibatis.session.defaults.DefaultSqlSession@20706e70]
Creating a new SqlSession
Registering transaction synchronization for SqlSession [org.apache.ibatis.session.defaults.DefaultSqlSession@7dcc0296]
JDBC Connection [HikariProxyConnection@79843841 wrapping com.mysql.cj.jdbc.ConnectionImpl@7e615c6a] will be managed by Spring
==>  Preparing: INSERT INTO `tb_post` (content, author_id, publish_at, last_update) VALUES (?, ?, ?, ?)
==> Parameters: 旅行让我学会了放下烦恼，享受当下。在旅途中，我们可以抛开一切杂念，用心去感受生活的美好。(String), 52(Long), 2024-09-28T19:07:40.700006300(LocalDateTime), 2024-09-28T19:07:40.700006300(LocalDateTime)
<==    Updates: 1
Releasing transactional SqlSession [org.apache.ibatis.session.defaults.DefaultSqlSession@7dcc0296]
Transaction synchronization committing SqlSession [org.apache.ibatis.session.defaults.DefaultSqlSession@7dcc0296]
Transaction synchronization deregistering SqlSession [org.apache.ibatis.session.defaults.DefaultSqlSession@7dcc0296]
Transaction synchronization closing SqlSession [org.apache.ibatis.session.defaults.DefaultSqlSession@7dcc0296]
Creating a new SqlSession
Registering transaction synchronization for SqlSession [org.apache.ibatis.session.defaults.DefaultSqlSession@45494046]
JDBC Connection [HikariProxyConnection@1271196739 wrapping com.mysql.cj.jdbc.ConnectionImpl@7e615c6a] will be managed by Spring
==>  Preparing: INSERT INTO `tb_post` (content, author_id, publish_at, last_update) VALUES (?, ?, ?, ?)
==> Parameters: 每一次的旅行都是一次成长。在旅途中，我们会遇到各种各样的挑战和困难，这些经历让我们变得更加坚强和成熟。(String), 48(Long), 2024-09-28T19:07:40.709544800(LocalDateTime), 2024-09-28T19:07:40.709544800(LocalDateTime)
<==    Updates: 1
Releasing transactional SqlSession [org.apache.ibatis.session.defaults.DefaultSqlSession@45494046]
Transaction synchronization committing SqlSession [org.apache.ibatis.session.defaults.DefaultSqlSession@45494046]
Transaction synchronization deregistering SqlSession [org.apache.ibatis.session.defaults.DefaultSqlSession@45494046]
Transaction synchronization closing SqlSession [org.apache.ibatis.session.defaults.DefaultSqlSession@45494046]
Creating a new SqlSession
Registering transaction synchronization for SqlSession [org.apache.ibatis.session.defaults.DefaultSqlSession@5315210d]
JDBC Connection [HikariProxyConnection@1572952447 wrapping com.mysql.cj.jdbc.ConnectionImpl@7e615c6a] will be managed by Spring
==>  Preparing: INSERT INTO `tb_post` (content, author_id, publish_at, last_update) VALUES (?, ?, ?, ?)
==> Parameters: 旅行让我更加珍惜身边的人。在旅途中，我们会遇到很多善良的人，他们的帮助和支持让我们感受到了人性的美好。(String), 81(Long), 2024-09-28T19:07:40.719578800(LocalDateTime), 2024-09-28T19:07:40.719578800(LocalDateTime)
<==    Updates: 1
Releasing transactional SqlSession [org.apache.ibatis.session.defaults.DefaultSqlSession@5315210d]
Transaction synchronization committing SqlSession [org.apache.ibatis.session.defaults.DefaultSqlSession@5315210d]
Transaction synchronization deregistering SqlSession [org.apache.ibatis.session.defaults.DefaultSqlSession@5315210d]
Transaction synchronization closing SqlSession [org.apache.ibatis.session.defaults.DefaultSqlSession@5315210d]
Creating a new SqlSession
Registering transaction synchronization for SqlSession [org.apache.ibatis.session.defaults.DefaultSqlSession@2fbb098f]
JDBC Connection [HikariProxyConnection@576896134 wrapping com.mysql.cj.jdbc.ConnectionImpl@7e615c6a] will be managed by Spring
==>  Preparing: INSERT INTO `tb_post` (content, author_id, publish_at, last_update) VALUES (?, ?, ?, ?)
==> Parameters: 世界如此之大，我们应该多出去走走，看看不同的风景，体验不同的生活。这样才能让我们的人生更加丰富多彩。(String), 20(Long), 2024-09-28T19:07:40.719578800(LocalDateTime), 2024-09-28T19:07:40.719578800(LocalDateTime)
<==    Updates: 1
Releasing transactional SqlSession [org.apache.ibatis.session.defaults.DefaultSqlSession@2fbb098f]
Transaction synchronization committing SqlSession [org.apache.ibatis.session.defaults.DefaultSqlSession@2fbb098f]
Transaction synchronization deregistering SqlSession [org.apache.ibatis.session.defaults.DefaultSqlSession@2fbb098f]
Transaction synchronization closing SqlSession [org.apache.ibatis.session.defaults.DefaultSqlSession@2fbb098f]
Creating a new SqlSession
Registering transaction synchronization for SqlSession [org.apache.ibatis.session.defaults.DefaultSqlSession@2e4d252]
JDBC Connection [HikariProxyConnection@431550909 wrapping com.mysql.cj.jdbc.ConnectionImpl@7e615c6a] will be managed by Spring
==>  Preparing: INSERT INTO `tb_post` (content, author_id, publish_at, last_update) VALUES (?, ?, ?, ?)
==> Parameters: 旅行是一种生活态度，它让我们更加热爱生活，更加积极地面对人生的挑战。(String), 33(Long), 2024-09-28T19:07:40.729713700(LocalDateTime), 2024-09-28T19:07:40.729713700(LocalDateTime)
<==    Updates: 1
Releasing transactional SqlSession [org.apache.ibatis.session.defaults.DefaultSqlSession@2e4d252]
Transaction synchronization committing SqlSession [org.apache.ibatis.session.defaults.DefaultSqlSession@2e4d252]
Transaction synchronization deregistering SqlSession [org.apache.ibatis.session.defaults.DefaultSqlSession@2e4d252]
Transaction synchronization closing SqlSession [org.apache.ibatis.session.defaults.DefaultSqlSession@2e4d252]
Creating a new SqlSession
Registering transaction synchronization for SqlSession [org.apache.ibatis.session.defaults.DefaultSqlSession@79f59e0e]
JDBC Connection [HikariProxyConnection@799312012 wrapping com.mysql.cj.jdbc.ConnectionImpl@7e615c6a] will be managed by Spring
==>  Preparing: INSERT INTO `tb_post` (content, author_id, publish_at, last_update) VALUES (?, ?, ?, ?)
==> Parameters: 在旅途中，我们会发现很多美好的事物，这些事物让我们感受到了生活的幸福和快乐。(String), 92(Long), 2024-09-28T19:07:40.729713700(LocalDateTime), 2024-09-28T19:07:40.729713700(LocalDateTime)
<==    Updates: 1
Releasing transactional SqlSession [org.apache.ibatis.session.defaults.DefaultSqlSession@79f59e0e]
Transaction synchronization committing SqlSession [org.apache.ibatis.session.defaults.DefaultSqlSession@79f59e0e]
Transaction synchronization deregistering SqlSession [org.apache.ibatis.session.defaults.DefaultSqlSession@79f59e0e]
Transaction synchronization closing SqlSession [org.apache.ibatis.session.defaults.DefaultSqlSession@79f59e0e]
Creating a new SqlSession
Registering transaction synchronization for SqlSession [org.apache.ibatis.session.defaults.DefaultSqlSession@156f0281]
JDBC Connection [HikariProxyConnection@1889004246 wrapping com.mysql.cj.jdbc.ConnectionImpl@7e615c6a] will be managed by Spring
==>  Preparing: INSERT INTO `tb_post` (content, author_id, publish_at, last_update) VALUES (?, ?, ?, ?)
==> Parameters: 旅行让我明白了，人生就像一场旅行，我们要珍惜每一个瞬间，用心去感受生命的意义。(String), 35(Long), 2024-09-28T19:07:40.739778400(LocalDateTime), 2024-09-28T19:07:40.739778400(LocalDateTime)
<==    Updates: 1
Releasing transactional SqlSession [org.apache.ibatis.session.defaults.DefaultSqlSession@156f0281]
Transaction synchronization committing SqlSession [org.apache.ibatis.session.defaults.DefaultSqlSession@156f0281]
Transaction synchronization deregistering SqlSession [org.apache.ibatis.session.defaults.DefaultSqlSession@156f0281]
Transaction synchronization closing SqlSession [org.apache.ibatis.session.defaults.DefaultSqlSession@156f0281]
Creating a new SqlSession
Registering transaction synchronization for SqlSession [org.apache.ibatis.session.defaults.DefaultSqlSession@1f251bf1]
JDBC Connection [HikariProxyConnection@1128117613 wrapping com.mysql.cj.jdbc.ConnectionImpl@7e615c6a] will be managed by Spring
==>  Preparing: INSERT INTO `tb_post` (content, author_id, publish_at, last_update) VALUES (?, ?, ?, ?)
==> Parameters: 每一次的旅行都是一次心灵的洗礼。在旅途中，我们可以反思自己的人生，找到前进的方向。(String), 77(Long), 2024-09-28T19:07:40.749366800(LocalDateTime), 2024-09-28T19:07:40.749366800(LocalDateTime)
<==    Updates: 1
Releasing transactional SqlSession [org.apache.ibatis.session.defaults.DefaultSqlSession@1f251bf1]
Transaction synchronization committing SqlSession [org.apache.ibatis.session.defaults.DefaultSqlSession@1f251bf1]
Transaction synchronization deregistering SqlSession [org.apache.ibatis.session.defaults.DefaultSqlSession@1f251bf1]
Transaction synchronization closing SqlSession [org.apache.ibatis.session.defaults.DefaultSqlSession@1f251bf1]
Creating a new SqlSession
Registering transaction synchronization for SqlSession [org.apache.ibatis.session.defaults.DefaultSqlSession@35d53cd8]
JDBC Connection [HikariProxyConnection@144775705 wrapping com.mysql.cj.jdbc.ConnectionImpl@7e615c6a] will be managed by Spring
==>  Preparing: INSERT INTO `tb_post` (content, author_id, publish_at, last_update) VALUES (?, ?, ?, ?)
==> Parameters: 旅行让我学会了感恩，感恩生活中的每一个人和每一件事。只有懂得感恩，我们才能拥有幸福的人生。(String), 49(Long), 2024-09-28T19:07:40.749366800(LocalDateTime), 2024-09-28T19:07:40.749366800(LocalDateTime)
<==    Updates: 1
Releasing transactional SqlSession [org.apache.ibatis.session.defaults.DefaultSqlSession@35d53cd8]
Transaction synchronization committing SqlSession [org.apache.ibatis.session.defaults.DefaultSqlSession@35d53cd8]
Transaction synchronization deregistering SqlSession [org.apache.ibatis.session.defaults.DefaultSqlSession@35d53cd8]
Transaction synchronization closing SqlSession [org.apache.ibatis.session.defaults.DefaultSqlSession@35d53cd8]
Creating a new SqlSession
Registering transaction synchronization for SqlSession [org.apache.ibatis.session.defaults.DefaultSqlSession@2b85edc7]
JDBC Connection [HikariProxyConnection@626652764 wrapping com.mysql.cj.jdbc.ConnectionImpl@7e615c6a] will be managed by Spring
==>  Preparing: INSERT INTO `tb_post` (content, author_id, publish_at, last_update) VALUES (?, ?, ?, ?)
==> Parameters: 旅行是一种投资，它让我们收获了知识、经验和美好的回忆。这些财富将伴随我们一生。(String), 16(Long), 2024-09-28T19:07:40.759470900(LocalDateTime), 2024-09-28T19:07:40.759470900(LocalDateTime)
<==    Updates: 1
Releasing transactional SqlSession [org.apache.ibatis.session.defaults.DefaultSqlSession@2b85edc7]
Transaction synchronization committing SqlSession [org.apache.ibatis.session.defaults.DefaultSqlSession@2b85edc7]
Transaction synchronization deregistering SqlSession [org.apache.ibatis.session.defaults.DefaultSqlSession@2b85edc7]
Transaction synchronization closing SqlSession [org.apache.ibatis.session.defaults.DefaultSqlSession@2b85edc7]
Creating a new SqlSession
Registering transaction synchronization for SqlSession [org.apache.ibatis.session.defaults.DefaultSqlSession@444ebefd]
JDBC Connection [HikariProxyConnection@1595687022 wrapping com.mysql.cj.jdbc.ConnectionImpl@7e615c6a] will be managed by Spring
==>  Preparing: INSERT INTO `tb_post` (content, author_id, publish_at, last_update) VALUES (?, ?, ?, ?)
==> Parameters: 在旅途中，遇到了一只可爱的小狗，它一直跟着我，仿佛在为我带路。这样的经历让人感到格外温暖。(String), 59(Long), 2024-09-28T19:07:40.759470900(LocalDateTime), 2024-09-28T19:07:40.759470900(LocalDateTime)
<==    Updates: 1
Releasing transactional SqlSession [org.apache.ibatis.session.defaults.DefaultSqlSession@444ebefd]
Transaction synchronization committing SqlSession [org.apache.ibatis.session.defaults.DefaultSqlSession@444ebefd]
Transaction synchronization deregistering SqlSession [org.apache.ibatis.session.defaults.DefaultSqlSession@444ebefd]
Transaction synchronization closing SqlSession [org.apache.ibatis.session.defaults.DefaultSqlSession@444ebefd]
Creating a new SqlSession
Registering transaction synchronization for SqlSession [org.apache.ibatis.session.defaults.DefaultSqlSession@362e709e]
JDBC Connection [HikariProxyConnection@2100962393 wrapping com.mysql.cj.jdbc.ConnectionImpl@7e615c6a] will be managed by Spring
==>  Preparing: INSERT INTO `tb_post` (content, author_id, publish_at, last_update) VALUES (?, ?, ?, ?)
==> Parameters: 今天在旅途中迷路了，但是却意外地发现了一个美丽的小花园。有时候，迷路也是一种惊喜。(String), 33(Long), 2024-09-28T19:07:40.774956800(LocalDateTime), 2024-09-28T19:07:40.774956800(LocalDateTime)
<==    Updates: 1
Releasing transactional SqlSession [org.apache.ibatis.session.defaults.DefaultSqlSession@362e709e]
Transaction synchronization committing SqlSession [org.apache.ibatis.session.defaults.DefaultSqlSession@362e709e]
Transaction synchronization deregistering SqlSession [org.apache.ibatis.session.defaults.DefaultSqlSession@362e709e]
Transaction synchronization closing SqlSession [org.apache.ibatis.session.defaults.DefaultSqlSession@362e709e]
Creating a new SqlSession
Registering transaction synchronization for SqlSession [org.apache.ibatis.session.defaults.DefaultSqlSession@519eab1e]
JDBC Connection [HikariProxyConnection@1703412736 wrapping com.mysql.cj.jdbc.ConnectionImpl@7e615c6a] will be managed by Spring
==>  Preparing: INSERT INTO `tb_post` (content, author_id, publish_at, last_update) VALUES (?, ?, ?, ?)
==> Parameters: 旅途中遇到了一位有趣的导游，他的讲解让我对这座城市有了更深入的了解。这样的导游真是太棒了！(String), 86(Long), 2024-09-28T19:07:40.779425200(LocalDateTime), 2024-09-28T19:07:40.779425200(LocalDateTime)
<==    Updates: 1
Releasing transactional SqlSession [org.apache.ibatis.session.defaults.DefaultSqlSession@519eab1e]
Transaction synchronization committing SqlSession [org.apache.ibatis.session.defaults.DefaultSqlSession@519eab1e]
Transaction synchronization deregistering SqlSession [org.apache.ibatis.session.defaults.DefaultSqlSession@519eab1e]
Transaction synchronization closing SqlSession [org.apache.ibatis.session.defaults.DefaultSqlSession@519eab1e]
Creating a new SqlSession
Registering transaction synchronization for SqlSession [org.apache.ibatis.session.defaults.DefaultSqlSession@4a9f0360]
JDBC Connection [HikariProxyConnection@250219336 wrapping com.mysql.cj.jdbc.ConnectionImpl@7e615c6a] will be managed by Spring
==>  Preparing: INSERT INTO `tb_post` (content, author_id, publish_at, last_update) VALUES (?, ?, ?, ?)
==> Parameters: 在火车上，认识了一位志同道合的朋友。我们一起分享了旅途中的故事和经历，度过了一段美好的时光。(String), 83(Long), 2024-09-28T19:07:40.779425200(LocalDateTime), 2024-09-28T19:07:40.779425200(LocalDateTime)
<==    Updates: 1
Releasing transactional SqlSession [org.apache.ibatis.session.defaults.DefaultSqlSession@4a9f0360]
Transaction synchronization committing SqlSession [org.apache.ibatis.session.defaults.DefaultSqlSession@4a9f0360]
Transaction synchronization deregistering SqlSession [org.apache.ibatis.session.defaults.DefaultSqlSession@4a9f0360]
Transaction synchronization closing SqlSession [org.apache.ibatis.session.defaults.DefaultSqlSession@4a9f0360]
Creating a new SqlSession
Registering transaction synchronization for SqlSession [org.apache.ibatis.session.defaults.DefaultSqlSession@1784a296]
JDBC Connection [HikariProxyConnection@1257669532 wrapping com.mysql.cj.jdbc.ConnectionImpl@7e615c6a] will be managed by Spring
==>  Preparing: INSERT INTO `tb_post` (content, author_id, publish_at, last_update) VALUES (?, ?, ?, ?)
==> Parameters: 今天尝试了一种当地的特色美食，结果被辣得眼泪都出来了。但是这样的经历却让人难忘。(String), 38(Long), 2024-09-28T19:07:40.789461100(LocalDateTime), 2024-09-28T19:07:40.789461100(LocalDateTime)
<==    Updates: 1
Releasing transactional SqlSession [org.apache.ibatis.session.defaults.DefaultSqlSession@1784a296]
Transaction synchronization committing SqlSession [org.apache.ibatis.session.defaults.DefaultSqlSession@1784a296]
Transaction synchronization deregistering SqlSession [org.apache.ibatis.session.defaults.DefaultSqlSession@1784a296]
Transaction synchronization closing SqlSession [org.apache.ibatis.session.defaults.DefaultSqlSession@1784a296]
Creating a new SqlSession
Registering transaction synchronization for SqlSession [org.apache.ibatis.session.defaults.DefaultSqlSession@66b62332]
JDBC Connection [HikariProxyConnection@604991790 wrapping com.mysql.cj.jdbc.ConnectionImpl@7e615c6a] will be managed by Spring
==>  Preparing: INSERT INTO `tb_post` (content, author_id, publish_at, last_update) VALUES (?, ?, ?, ?)
==> Parameters: 旅途中，看到了一场精彩的街头表演。演员们的精彩表演让我忍不住为他们鼓掌喝彩。(String), 17(Long), 2024-09-28T19:07:40.799717600(LocalDateTime), 2024-09-28T19:07:40.799717600(LocalDateTime)
<==    Updates: 1
Releasing transactional SqlSession [org.apache.ibatis.session.defaults.DefaultSqlSession@66b62332]
Transaction synchronization committing SqlSession [org.apache.ibatis.session.defaults.DefaultSqlSession@66b62332]
Transaction synchronization deregistering SqlSession [org.apache.ibatis.session.defaults.DefaultSqlSession@66b62332]
Transaction synchronization closing SqlSession [org.apache.ibatis.session.defaults.DefaultSqlSession@66b62332]
Creating a new SqlSession
Registering transaction synchronization for SqlSession [org.apache.ibatis.session.defaults.DefaultSqlSession@641ab175]
JDBC Connection [HikariProxyConnection@1798680820 wrapping com.mysql.cj.jdbc.ConnectionImpl@7e615c6a] will be managed by Spring
==>  Preparing: INSERT INTO `tb_post` (content, author_id, publish_at, last_update) VALUES (?, ?, ?, ?)
==> Parameters: 在旅途中，遇到了一位会说中文的外国人。我们用中文交流，分享了彼此的旅行经历，感觉非常有趣。(String), 35(Long), 2024-09-28T19:07:40.815541300(LocalDateTime), 2024-09-28T19:07:40.815541300(LocalDateTime)
<==    Updates: 1
Releasing transactional SqlSession [org.apache.ibatis.session.defaults.DefaultSqlSession@641ab175]
Transaction synchronization committing SqlSession [org.apache.ibatis.session.defaults.DefaultSqlSession@641ab175]
Transaction synchronization deregistering SqlSession [org.apache.ibatis.session.defaults.DefaultSqlSession@641ab175]
Transaction synchronization closing SqlSession [org.apache.ibatis.session.defaults.DefaultSqlSession@641ab175]
Creating a new SqlSession
Registering transaction synchronization for SqlSession [org.apache.ibatis.session.defaults.DefaultSqlSession@3fe11091]
JDBC Connection [HikariProxyConnection@1723067056 wrapping com.mysql.cj.jdbc.ConnectionImpl@7e615c6a] will be managed by Spring
==>  Preparing: INSERT INTO `tb_post` (content, author_id, publish_at, last_update) VALUES (?, ?, ?, ?)
==> Parameters: 今天去了一个非常偏僻的地方，但是却发现了一处美丽的风景。有时候，探索未知的地方会带来意想不到的惊喜。(String), 84(Long), 2024-09-28T19:07:40.819712200(LocalDateTime), 2024-09-28T19:07:40.819712200(LocalDateTime)
<==    Updates: 1
Releasing transactional SqlSession [org.apache.ibatis.session.defaults.DefaultSqlSession@3fe11091]
Transaction synchronization committing SqlSession [org.apache.ibatis.session.defaults.DefaultSqlSession@3fe11091]
Transaction synchronization deregistering SqlSession [org.apache.ibatis.session.defaults.DefaultSqlSession@3fe11091]
Transaction synchronization closing SqlSession [org.apache.ibatis.session.defaults.DefaultSqlSession@3fe11091]
Creating a new SqlSession
Registering transaction synchronization for SqlSession [org.apache.ibatis.session.defaults.DefaultSqlSession@2fd05b15]
JDBC Connection [HikariProxyConnection@1706518410 wrapping com.mysql.cj.jdbc.ConnectionImpl@7e615c6a] will be managed by Spring
==>  Preparing: INSERT INTO `tb_post` (content, author_id, publish_at, last_update) VALUES (?, ?, ?, ?)
==> Parameters: 旅途中，遇到了一位热情的当地人，他邀请我去他家做客。这样的经历让我感受到了人与人之间的温暖。(String), 100(Long), 2024-09-28T19:07:40.849683300(LocalDateTime), 2024-09-28T19:07:40.849683300(LocalDateTime)
<==    Updates: 1
Releasing transactional SqlSession [org.apache.ibatis.session.defaults.DefaultSqlSession@2fd05b15]
Transaction synchronization committing SqlSession [org.apache.ibatis.session.defaults.DefaultSqlSession@2fd05b15]
Transaction synchronization deregistering SqlSession [org.apache.ibatis.session.defaults.DefaultSqlSession@2fd05b15]
Transaction synchronization closing SqlSession [org.apache.ibatis.session.defaults.DefaultSqlSession@2fd05b15]
Creating a new SqlSession
Registering transaction synchronization for SqlSession [org.apache.ibatis.session.defaults.DefaultSqlSession@734a2c17]
JDBC Connection [HikariProxyConnection@344954076 wrapping com.mysql.cj.jdbc.ConnectionImpl@7e615c6a] will be managed by Spring
==>  Preparing: INSERT INTO `tb_post` (content, author_id, publish_at, last_update) VALUES (?, ?, ?, ?)
==> Parameters: 在旅途中，看到了一只美丽的蝴蝶，它在花丛中翩翩起舞。这样的美景让人心情格外愉悦。(String), 26(Long), 2024-09-28T19:07:40.860076(LocalDateTime), 2024-09-28T19:07:40.860076(LocalDateTime)
<==    Updates: 1
Releasing transactional SqlSession [org.apache.ibatis.session.defaults.DefaultSqlSession@734a2c17]
Transaction synchronization committing SqlSession [org.apache.ibatis.session.defaults.DefaultSqlSession@734a2c17]
Transaction synchronization deregistering SqlSession [org.apache.ibatis.session.defaults.DefaultSqlSession@734a2c17]
Transaction synchronization closing SqlSession [org.apache.ibatis.session.defaults.DefaultSqlSession@734a2c17]
Creating a new SqlSession
Registering transaction synchronization for SqlSession [org.apache.ibatis.session.defaults.DefaultSqlSession@5ca10d0e]
JDBC Connection [HikariProxyConnection@362023079 wrapping com.mysql.cj.jdbc.ConnectionImpl@7e615c6a] will be managed by Spring
==>  Preparing: INSERT INTO `tb_post` (content, author_id, publish_at, last_update) VALUES (?, ?, ?, ?)
==> Parameters: 旅途中，遇到了恶劣的天气，但是我们并没有放弃，而是选择了坚持前行。这样的经历让我们变得更加坚强。(String), 53(Long), 2024-09-28T19:07:40.869707(LocalDateTime), 2024-09-28T19:07:40.869707(LocalDateTime)
<==    Updates: 1
Releasing transactional SqlSession [org.apache.ibatis.session.defaults.DefaultSqlSession@5ca10d0e]
Transaction synchronization committing SqlSession [org.apache.ibatis.session.defaults.DefaultSqlSession@5ca10d0e]
Transaction synchronization deregistering SqlSession [org.apache.ibatis.session.defaults.DefaultSqlSession@5ca10d0e]
Transaction synchronization closing SqlSession [org.apache.ibatis.session.defaults.DefaultSqlSession@5ca10d0e]
Creating a new SqlSession
Registering transaction synchronization for SqlSession [org.apache.ibatis.session.defaults.DefaultSqlSession@3146f3d7]
JDBC Connection [HikariProxyConnection@1920885229 wrapping com.mysql.cj.jdbc.ConnectionImpl@7e615c6a] will be managed by Spring
==>  Preparing: INSERT INTO `tb_post` (content, author_id, publish_at, last_update) VALUES (?, ?, ?, ?)
==> Parameters: 在旅途中，遇到了交通堵塞，耽误了很多时间。但是我们并没有因此而烦躁，而是选择了耐心等待。(String), 73(Long), 2024-09-28T19:07:40.879827100(LocalDateTime), 2024-09-28T19:07:40.879827100(LocalDateTime)
<==    Updates: 1
Releasing transactional SqlSession [org.apache.ibatis.session.defaults.DefaultSqlSession@3146f3d7]
Transaction synchronization committing SqlSession [org.apache.ibatis.session.defaults.DefaultSqlSession@3146f3d7]
Transaction synchronization deregistering SqlSession [org.apache.ibatis.session.defaults.DefaultSqlSession@3146f3d7]
Transaction synchronization closing SqlSession [org.apache.ibatis.session.defaults.DefaultSqlSession@3146f3d7]
Creating a new SqlSession
Registering transaction synchronization for SqlSession [org.apache.ibatis.session.defaults.DefaultSqlSession@2fbd47b7]
JDBC Connection [HikariProxyConnection@666642000 wrapping com.mysql.cj.jdbc.ConnectionImpl@7e615c6a] will be managed by Spring
==>  Preparing: INSERT INTO `tb_post` (content, author_id, publish_at, last_update) VALUES (?, ?, ?, ?)
==> Parameters: 旅途中，身体出现了不适，但是我们并没有退缩，而是选择了及时就医，继续前行。(String), 76(Long), 2024-09-28T19:07:40.889908300(LocalDateTime), 2024-09-28T19:07:40.889908300(LocalDateTime)
<==    Updates: 1
Releasing transactional SqlSession [org.apache.ibatis.session.defaults.DefaultSqlSession@2fbd47b7]
Transaction synchronization committing SqlSession [org.apache.ibatis.session.defaults.DefaultSqlSession@2fbd47b7]
Transaction synchronization deregistering SqlSession [org.apache.ibatis.session.defaults.DefaultSqlSession@2fbd47b7]
Transaction synchronization closing SqlSession [org.apache.ibatis.session.defaults.DefaultSqlSession@2fbd47b7]
Creating a new SqlSession
Registering transaction synchronization for SqlSession [org.apache.ibatis.session.defaults.DefaultSqlSession@5edaa572]
JDBC Connection [HikariProxyConnection@1175319617 wrapping com.mysql.cj.jdbc.ConnectionImpl@7e615c6a] will be managed by Spring
==>  Preparing: INSERT INTO `tb_post` (content, author_id, publish_at, last_update) VALUES (?, ?, ?, ?)
==> Parameters: 在旅途中，遇到了语言不通的问题，但是我们并没有害怕，而是通过手势和表情与当地人进行交流。(String), 26(Long), 2024-09-28T19:07:40.899851200(LocalDateTime), 2024-09-28T19:07:40.899851200(LocalDateTime)
<==    Updates: 1
Releasing transactional SqlSession [org.apache.ibatis.session.defaults.DefaultSqlSession@5edaa572]
Transaction synchronization committing SqlSession [org.apache.ibatis.session.defaults.DefaultSqlSession@5edaa572]
Transaction synchronization deregistering SqlSession [org.apache.ibatis.session.defaults.DefaultSqlSession@5edaa572]
Transaction synchronization closing SqlSession [org.apache.ibatis.session.defaults.DefaultSqlSession@5edaa572]
Creating a new SqlSession
Registering transaction synchronization for SqlSession [org.apache.ibatis.session.defaults.DefaultSqlSession@71c91121]
JDBC Connection [HikariProxyConnection@1452266462 wrapping com.mysql.cj.jdbc.ConnectionImpl@7e615c6a] will be managed by Spring
==>  Preparing: INSERT INTO `tb_post` (content, author_id, publish_at, last_update) VALUES (?, ?, ?, ?)
==> Parameters: 旅途中，行李丢失了，但是我们并没有惊慌，而是及时联系了当地的警方和航空公司，最终找回了行李。(String), 29(Long), 2024-09-28T19:07:40.909636(LocalDateTime), 2024-09-28T19:07:40.909636(LocalDateTime)
<==    Updates: 1
Releasing transactional SqlSession [org.apache.ibatis.session.defaults.DefaultSqlSession@71c91121]
Transaction synchronization committing SqlSession [org.apache.ibatis.session.defaults.DefaultSqlSession@71c91121]
Transaction synchronization deregistering SqlSession [org.apache.ibatis.session.defaults.DefaultSqlSession@71c91121]
Transaction synchronization closing SqlSession [org.apache.ibatis.session.defaults.DefaultSqlSession@71c91121]
Creating a new SqlSession
Registering transaction synchronization for SqlSession [org.apache.ibatis.session.defaults.DefaultSqlSession@1ecd09d5]
JDBC Connection [HikariProxyConnection@1399147309 wrapping com.mysql.cj.jdbc.ConnectionImpl@7e615c6a] will be managed by Spring
==>  Preparing: INSERT INTO `tb_post` (content, author_id, publish_at, last_update) VALUES (?, ?, ?, ?)
==> Parameters: 在旅途中，遇到了一些不友好的人，但是我们并没有与之争吵，而是选择了离开，避免了不必要的麻烦。(String), 3(Long), 2024-09-28T19:07:40.919527700(LocalDateTime), 2024-09-28T19:07:40.919527700(LocalDateTime)
<==    Updates: 1
Releasing transactional SqlSession [org.apache.ibatis.session.defaults.DefaultSqlSession@1ecd09d5]
Transaction synchronization committing SqlSession [org.apache.ibatis.session.defaults.DefaultSqlSession@1ecd09d5]
Transaction synchronization deregistering SqlSession [org.apache.ibatis.session.defaults.DefaultSqlSession@1ecd09d5]
Transaction synchronization closing SqlSession [org.apache.ibatis.session.defaults.DefaultSqlSession@1ecd09d5]
Creating a new SqlSession
Registering transaction synchronization for SqlSession [org.apache.ibatis.session.defaults.DefaultSqlSession@24e31f06]
JDBC Connection [HikariProxyConnection@222556677 wrapping com.mysql.cj.jdbc.ConnectionImpl@7e615c6a] will be managed by Spring
==>  Preparing: INSERT INTO `tb_post` (content, author_id, publish_at, last_update) VALUES (?, ?, ?, ?)
==> Parameters: 旅途中，住宿条件非常艰苦，但是我们并没有抱怨，而是选择了适应环境，继续享受旅行的乐趣。(String), 27(Long), 2024-09-28T19:07:40.930174700(LocalDateTime), 2024-09-28T19:07:40.930174700(LocalDateTime)
<==    Updates: 1
Releasing transactional SqlSession [org.apache.ibatis.session.defaults.DefaultSqlSession@24e31f06]
Transaction synchronization committing SqlSession [org.apache.ibatis.session.defaults.DefaultSqlSession@24e31f06]
Transaction synchronization deregistering SqlSession [org.apache.ibatis.session.defaults.DefaultSqlSession@24e31f06]
Transaction synchronization closing SqlSession [org.apache.ibatis.session.defaults.DefaultSqlSession@24e31f06]
Creating a new SqlSession
Registering transaction synchronization for SqlSession [org.apache.ibatis.session.defaults.DefaultSqlSession@531292ed]
JDBC Connection [HikariProxyConnection@325119885 wrapping com.mysql.cj.jdbc.ConnectionImpl@7e615c6a] will be managed by Spring
==>  Preparing: INSERT INTO `tb_post` (content, author_id, publish_at, last_update) VALUES (?, ?, ?, ?)
==> Parameters: 在旅途中，遇到了一些困难和挑战，但是我们并没有放弃，而是选择了勇敢面对，克服了困难。(String), 49(Long), 2024-09-28T19:07:40.939902500(LocalDateTime), 2024-09-28T19:07:40.939902500(LocalDateTime)
<==    Updates: 1
Releasing transactional SqlSession [org.apache.ibatis.session.defaults.DefaultSqlSession@531292ed]
Transaction synchronization committing SqlSession [org.apache.ibatis.session.defaults.DefaultSqlSession@531292ed]
Transaction synchronization deregistering SqlSession [org.apache.ibatis.session.defaults.DefaultSqlSession@531292ed]
Transaction synchronization closing SqlSession [org.apache.ibatis.session.defaults.DefaultSqlSession@531292ed]
Creating a new SqlSession
Registering transaction synchronization for SqlSession [org.apache.ibatis.session.defaults.DefaultSqlSession@5e94947e]
JDBC Connection [HikariProxyConnection@465676958 wrapping com.mysql.cj.jdbc.ConnectionImpl@7e615c6a] will be managed by Spring
==>  Preparing: INSERT INTO `tb_post` (content, author_id, publish_at, last_update) VALUES (?, ?, ?, ?)
==> Parameters: 旅途中，遇到了一些意外情况，但是我们并没有慌乱，而是保持冷静，及时采取了措施，化险为夷。(String), 69(Long), 2024-09-28T19:07:40.949666700(LocalDateTime), 2024-09-28T19:07:40.949666700(LocalDateTime)
<==    Updates: 1
Releasing transactional SqlSession [org.apache.ibatis.session.defaults.DefaultSqlSession@5e94947e]
Transaction synchronization committing SqlSession [org.apache.ibatis.session.defaults.DefaultSqlSession@5e94947e]
Transaction synchronization deregistering SqlSession [org.apache.ibatis.session.defaults.DefaultSqlSession@5e94947e]
Transaction synchronization closing SqlSession [org.apache.ibatis.session.defaults.DefaultSqlSession@5e94947e]
Creating a new SqlSession
Registering transaction synchronization for SqlSession [org.apache.ibatis.session.defaults.DefaultSqlSession@4e68aede]
JDBC Connection [HikariProxyConnection@1971858114 wrapping com.mysql.cj.jdbc.ConnectionImpl@7e615c6a] will be managed by Spring
==>  Preparing: INSERT INTO `tb_post` (content, author_id, publish_at, last_update) VALUES (?, ?, ?, ?)
==> Parameters: 在旅途中，遇到了一些挑战和困难，但是我们并没有被打败，而是选择了坚持和努力，最终实现了自己的旅行目标。(String), 87(Long), 2024-09-28T19:07:40.949666700(LocalDateTime), 2024-09-28T19:07:40.949666700(LocalDateTime)
<==    Updates: 1
Releasing transactional SqlSession [org.apache.ibatis.session.defaults.DefaultSqlSession@4e68aede]
Transaction synchronization committing SqlSession [org.apache.ibatis.session.defaults.DefaultSqlSession@4e68aede]
Transaction synchronization deregistering SqlSession [org.apache.ibatis.session.defaults.DefaultSqlSession@4e68aede]
Transaction synchronization closing SqlSession [org.apache.ibatis.session.defaults.DefaultSqlSession@4e68aede]
Creating a new SqlSession
Registering transaction synchronization for SqlSession [org.apache.ibatis.session.defaults.DefaultSqlSession@408b2ae2]
JDBC Connection [HikariProxyConnection@1009383102 wrapping com.mysql.cj.jdbc.ConnectionImpl@7e615c6a] will be managed by Spring
==>  Preparing: INSERT INTO `tb_post` (content, author_id, publish_at, last_update) VALUES (?, ?, ?, ?)
==> Parameters: 这次旅行让我收获了很多美好的回忆，这些回忆将伴随我一生。(String), 78(Long), 2024-09-28T19:07:40.959917600(LocalDateTime), 2024-09-28T19:07:40.959917600(LocalDateTime)
<==    Updates: 1
Releasing transactional SqlSession [org.apache.ibatis.session.defaults.DefaultSqlSession@408b2ae2]
Transaction synchronization committing SqlSession [org.apache.ibatis.session.defaults.DefaultSqlSession@408b2ae2]
Transaction synchronization deregistering SqlSession [org.apache.ibatis.session.defaults.DefaultSqlSession@408b2ae2]
Transaction synchronization closing SqlSession [org.apache.ibatis.session.defaults.DefaultSqlSession@408b2ae2]
Creating a new SqlSession
Registering transaction synchronization for SqlSession [org.apache.ibatis.session.defaults.DefaultSqlSession@3677c508]
JDBC Connection [HikariProxyConnection@1608524967 wrapping com.mysql.cj.jdbc.ConnectionImpl@7e615c6a] will be managed by Spring
==>  Preparing: INSERT INTO `tb_post` (content, author_id, publish_at, last_update) VALUES (?, ?, ?, ?)
==> Parameters: 旅途中，我学会了很多新的技能和知识，这些将对我的未来产生积极的影响。(String), 85(Long), 2024-09-28T19:07:40.969757300(LocalDateTime), 2024-09-28T19:07:40.969757300(LocalDateTime)
<==    Updates: 1
Releasing transactional SqlSession [org.apache.ibatis.session.defaults.DefaultSqlSession@3677c508]
Transaction synchronization committing SqlSession [org.apache.ibatis.session.defaults.DefaultSqlSession@3677c508]
Transaction synchronization deregistering SqlSession [org.apache.ibatis.session.defaults.DefaultSqlSession@3677c508]
Transaction synchronization closing SqlSession [org.apache.ibatis.session.defaults.DefaultSqlSession@3677c508]
Creating a new SqlSession
Registering transaction synchronization for SqlSession [org.apache.ibatis.session.defaults.DefaultSqlSession@7c0b792e]
JDBC Connection [HikariProxyConnection@325732352 wrapping com.mysql.cj.jdbc.ConnectionImpl@7e615c6a] will be managed by Spring
==>  Preparing: INSERT INTO `tb_post` (content, author_id, publish_at, last_update) VALUES (?, ?, ?, ?)
==> Parameters: 旅行让我更加了解自己，也让我更加明确了自己的人生目标和方向。(String), 68(Long), 2024-09-28T19:07:40.969757300(LocalDateTime), 2024-09-28T19:07:40.969757300(LocalDateTime)
<==    Updates: 1
Releasing transactional SqlSession [org.apache.ibatis.session.defaults.DefaultSqlSession@7c0b792e]
Transaction synchronization committing SqlSession [org.apache.ibatis.session.defaults.DefaultSqlSession@7c0b792e]
Transaction synchronization deregistering SqlSession [org.apache.ibatis.session.defaults.DefaultSqlSession@7c0b792e]
Transaction synchronization closing SqlSession [org.apache.ibatis.session.defaults.DefaultSqlSession@7c0b792e]
Creating a new SqlSession
Registering transaction synchronization for SqlSession [org.apache.ibatis.session.defaults.DefaultSqlSession@147c4523]
JDBC Connection [HikariProxyConnection@1980588880 wrapping com.mysql.cj.jdbc.ConnectionImpl@7e615c6a] will be managed by Spring
==>  Preparing: INSERT INTO `tb_post` (content, author_id, publish_at, last_update) VALUES (?, ?, ?, ?)
==> Parameters: 在旅途中，我结交了很多新朋友，他们来自不同的地方，有着不同的背景和故事。这些朋友将成为我人生中的宝贵财富。(String), 50(Long), 2024-09-28T19:07:40.979908700(LocalDateTime), 2024-09-28T19:07:40.979908700(LocalDateTime)
<==    Updates: 1
Releasing transactional SqlSession [org.apache.ibatis.session.defaults.DefaultSqlSession@147c4523]
Transaction synchronization committing SqlSession [org.apache.ibatis.session.defaults.DefaultSqlSession@147c4523]
Transaction synchronization deregistering SqlSession [org.apache.ibatis.session.defaults.DefaultSqlSession@147c4523]
Transaction synchronization closing SqlSession [org.apache.ibatis.session.defaults.DefaultSqlSession@147c4523]
Creating a new SqlSession
Registering transaction synchronization for SqlSession [org.apache.ibatis.session.defaults.DefaultSqlSession@46c19350]
JDBC Connection [HikariProxyConnection@852779561 wrapping com.mysql.cj.jdbc.ConnectionImpl@7e615c6a] will be managed by Spring
==>  Preparing: INSERT INTO `tb_post` (content, author_id, publish_at, last_update) VALUES (?, ?, ?, ?)
==> Parameters: 旅行让我感受到了世界的多样性，也让我更加尊重和包容不同的文化和价值观。(String), 99(Long), 2024-09-28T19:07:40.979908700(LocalDateTime), 2024-09-28T19:07:40.979908700(LocalDateTime)
<==    Updates: 1
Releasing transactional SqlSession [org.apache.ibatis.session.defaults.DefaultSqlSession@46c19350]
Transaction synchronization committing SqlSession [org.apache.ibatis.session.defaults.DefaultSqlSession@46c19350]
Transaction synchronization deregistering SqlSession [org.apache.ibatis.session.defaults.DefaultSqlSession@46c19350]
Transaction synchronization closing SqlSession [org.apache.ibatis.session.defaults.DefaultSqlSession@46c19350]
Creating a new SqlSession
Registering transaction synchronization for SqlSession [org.apache.ibatis.session.defaults.DefaultSqlSession@7fba492e]
JDBC Connection [HikariProxyConnection@392385841 wrapping com.mysql.cj.jdbc.ConnectionImpl@7e615c6a] will be managed by Spring
==>  Preparing: INSERT INTO `tb_post` (content, author_id, publish_at, last_update) VALUES (?, ?, ?, ?)
==> Parameters: 这次旅行让我收获了很多美丽的照片，这些照片将成为我回忆旅行的最好方式。(String), 86(Long), 2024-09-28T19:07:40.989846300(LocalDateTime), 2024-09-28T19:07:40.989846300(LocalDateTime)
<==    Updates: 1
Releasing transactional SqlSession [org.apache.ibatis.session.defaults.DefaultSqlSession@7fba492e]
Transaction synchronization committing SqlSession [org.apache.ibatis.session.defaults.DefaultSqlSession@7fba492e]
Transaction synchronization deregistering SqlSession [org.apache.ibatis.session.defaults.DefaultSqlSession@7fba492e]
Transaction synchronization closing SqlSession [org.apache.ibatis.session.defaults.DefaultSqlSession@7fba492e]
Creating a new SqlSession
Registering transaction synchronization for SqlSession [org.apache.ibatis.session.defaults.DefaultSqlSession@18ad085a]
JDBC Connection [HikariProxyConnection@2134545149 wrapping com.mysql.cj.jdbc.ConnectionImpl@7e615c6a] will be managed by Spring
==>  Preparing: INSERT INTO `tb_post` (content, author_id, publish_at, last_update) VALUES (?, ?, ?, ?)
==> Parameters: 旅途中，我体验了不同的生活方式，也让我更加珍惜自己现在的生活。(String), 13(Long), 2024-09-28T19:07:40.999553100(LocalDateTime), 2024-09-28T19:07:40.999553100(LocalDateTime)
<==    Updates: 1
Releasing transactional SqlSession [org.apache.ibatis.session.defaults.DefaultSqlSession@18ad085a]
Transaction synchronization committing SqlSession [org.apache.ibatis.session.defaults.DefaultSqlSession@18ad085a]
Transaction synchronization deregistering SqlSession [org.apache.ibatis.session.defaults.DefaultSqlSession@18ad085a]
Transaction synchronization closing SqlSession [org.apache.ibatis.session.defaults.DefaultSqlSession@18ad085a]
Creating a new SqlSession
Registering transaction synchronization for SqlSession [org.apache.ibatis.session.defaults.DefaultSqlSession@7bc4ac3e]
JDBC Connection [HikariProxyConnection@384156063 wrapping com.mysql.cj.jdbc.ConnectionImpl@7e615c6a] will be managed by Spring
==>  Preparing: INSERT INTO `tb_post` (content, author_id, publish_at, last_update) VALUES (?, ?, ?, ?)
==> Parameters: 旅行让我学会了独立和自主，也让我更加自信和勇敢地面对生活中的挑战。(String), 96(Long), 2024-09-28T19:07:40.999553100(LocalDateTime), 2024-09-28T19:07:40.999553100(LocalDateTime)
<==    Updates: 1
Releasing transactional SqlSession [org.apache.ibatis.session.defaults.DefaultSqlSession@7bc4ac3e]
Transaction synchronization committing SqlSession [org.apache.ibatis.session.defaults.DefaultSqlSession@7bc4ac3e]
Transaction synchronization deregistering SqlSession [org.apache.ibatis.session.defaults.DefaultSqlSession@7bc4ac3e]
Transaction synchronization closing SqlSession [org.apache.ibatis.session.defaults.DefaultSqlSession@7bc4ac3e]
Creating a new SqlSession
Registering transaction synchronization for SqlSession [org.apache.ibatis.session.defaults.DefaultSqlSession@447a557b]
JDBC Connection [HikariProxyConnection@337557595 wrapping com.mysql.cj.jdbc.ConnectionImpl@7e615c6a] will be managed by Spring
==>  Preparing: INSERT INTO `tb_post` (content, author_id, publish_at, last_update) VALUES (?, ?, ?, ?)
==> Parameters: 在旅途中，我收获了很多快乐和幸福，这些将成为我人生中最宝贵的财富。(String), 63(Long), 2024-09-28T19:07:41.009724700(LocalDateTime), 2024-09-28T19:07:41.009724700(LocalDateTime)
<==    Updates: 1
Releasing transactional SqlSession [org.apache.ibatis.session.defaults.DefaultSqlSession@447a557b]
Transaction synchronization committing SqlSession [org.apache.ibatis.session.defaults.DefaultSqlSession@447a557b]
Transaction synchronization deregistering SqlSession [org.apache.ibatis.session.defaults.DefaultSqlSession@447a557b]
Transaction synchronization closing SqlSession [org.apache.ibatis.session.defaults.DefaultSqlSession@447a557b]
Creating a new SqlSession
Registering transaction synchronization for SqlSession [org.apache.ibatis.session.defaults.DefaultSqlSession@4be5b9b1]
JDBC Connection [HikariProxyConnection@1310797638 wrapping com.mysql.cj.jdbc.ConnectionImpl@7e615c6a] will be managed by Spring
==>  Preparing: INSERT INTO `tb_post` (content, author_id, publish_at, last_update) VALUES (?, ?, ?, ?)
==> Parameters: 旅行是一次心灵的洗礼，它让我更加成熟和稳重，也让我更加热爱生活。(String), 84(Long), 2024-09-28T19:07:41.009724700(LocalDateTime), 2024-09-28T19:07:41.009724700(LocalDateTime)
<==    Updates: 1
Releasing transactional SqlSession [org.apache.ibatis.session.defaults.DefaultSqlSession@4be5b9b1]
Transaction synchronization committing SqlSession [org.apache.ibatis.session.defaults.DefaultSqlSession@4be5b9b1]
Transaction synchronization deregistering SqlSession [org.apache.ibatis.session.defaults.DefaultSqlSession@4be5b9b1]
Transaction synchronization closing SqlSession [org.apache.ibatis.session.defaults.DefaultSqlSession@4be5b9b1]
Creating a new SqlSession
Registering transaction synchronization for SqlSession [org.apache.ibatis.session.defaults.DefaultSqlSession@ab2e887]
JDBC Connection [HikariProxyConnection@70952807 wrapping com.mysql.cj.jdbc.ConnectionImpl@7e615c6a] will be managed by Spring
==>  Preparing: INSERT INTO `tb_post` (content, author_id, publish_at, last_update) VALUES (?, ?, ?, ?)
==> Parameters: 旅行结束了，但是我的心情却久久不能平静。这次旅行让我收获了很多，也让我成长了很多。(String), 74(Long), 2024-09-28T19:07:41.019631700(LocalDateTime), 2024-09-28T19:07:41.019631700(LocalDateTime)
<==    Updates: 1
Releasing transactional SqlSession [org.apache.ibatis.session.defaults.DefaultSqlSession@ab2e887]
Transaction synchronization committing SqlSession [org.apache.ibatis.session.defaults.DefaultSqlSession@ab2e887]
Transaction synchronization deregistering SqlSession [org.apache.ibatis.session.defaults.DefaultSqlSession@ab2e887]
Transaction synchronization closing SqlSession [org.apache.ibatis.session.defaults.DefaultSqlSession@ab2e887]
Creating a new SqlSession
Registering transaction synchronization for SqlSession [org.apache.ibatis.session.defaults.DefaultSqlSession@7ead0b51]
JDBC Connection [HikariProxyConnection@343170108 wrapping com.mysql.cj.jdbc.ConnectionImpl@7e615c6a] will be managed by Spring
==>  Preparing: INSERT INTO `tb_post` (content, author_id, publish_at, last_update) VALUES (?, ?, ?, ?)
==> Parameters: 回顾这次旅行，有欢笑也有泪水，有挑战也有收获。但是，这些都是我人生中最宝贵的财富。(String), 53(Long), 2024-09-28T19:07:41.019631700(LocalDateTime), 2024-09-28T19:07:41.019631700(LocalDateTime)
<==    Updates: 1
Releasing transactional SqlSession [org.apache.ibatis.session.defaults.DefaultSqlSession@7ead0b51]
Transaction synchronization committing SqlSession [org.apache.ibatis.session.defaults.DefaultSqlSession@7ead0b51]
Transaction synchronization deregistering SqlSession [org.apache.ibatis.session.defaults.DefaultSqlSession@7ead0b51]
Transaction synchronization closing SqlSession [org.apache.ibatis.session.defaults.DefaultSqlSession@7ead0b51]
Creating a new SqlSession
Registering transaction synchronization for SqlSession [org.apache.ibatis.session.defaults.DefaultSqlSession@3e371088]
JDBC Connection [HikariProxyConnection@982065774 wrapping com.mysql.cj.jdbc.ConnectionImpl@7e615c6a] will be managed by Spring
==>  Preparing: INSERT INTO `tb_post` (content, author_id, publish_at, last_update) VALUES (?, ?, ?, ?)
==> Parameters: 旅行让我明白了，人生就像一场旅行，我们要勇敢地面对挑战，珍惜每一个瞬间，用心去感受生命的意义。(String), 16(Long), 2024-09-28T19:07:41.029731700(LocalDateTime), 2024-09-28T19:07:41.029731700(LocalDateTime)
<==    Updates: 1
Releasing transactional SqlSession [org.apache.ibatis.session.defaults.DefaultSqlSession@3e371088]
Transaction synchronization committing SqlSession [org.apache.ibatis.session.defaults.DefaultSqlSession@3e371088]
Transaction synchronization deregistering SqlSession [org.apache.ibatis.session.defaults.DefaultSqlSession@3e371088]
Transaction synchronization closing SqlSession [org.apache.ibatis.session.defaults.DefaultSqlSession@3e371088]
Creating a new SqlSession
Registering transaction synchronization for SqlSession [org.apache.ibatis.session.defaults.DefaultSqlSession@3a5b1af7]
JDBC Connection [HikariProxyConnection@1979961282 wrapping com.mysql.cj.jdbc.ConnectionImpl@7e615c6a] will be managed by Spring
==>  Preparing: INSERT INTO `tb_post` (content, author_id, publish_at, last_update) VALUES (?, ?, ?, ?)
==> Parameters: 这次旅行让我更加热爱生活，也让我更加坚定了自己的人生目标和方向。我相信，在未来的日子里，我会继续勇敢地前行，去探索更多的未知世界。(String), 52(Long), 2024-09-28T19:07:41.039627300(LocalDateTime), 2024-09-28T19:07:41.039627300(LocalDateTime)
<==    Updates: 1
Releasing transactional SqlSession [org.apache.ibatis.session.defaults.DefaultSqlSession@3a5b1af7]
Transaction synchronization committing SqlSession [org.apache.ibatis.session.defaults.DefaultSqlSession@3a5b1af7]
Transaction synchronization deregistering SqlSession [org.apache.ibatis.session.defaults.DefaultSqlSession@3a5b1af7]
Transaction synchronization closing SqlSession [org.apache.ibatis.session.defaults.DefaultSqlSession@3a5b1af7]
Creating a new SqlSession
Registering transaction synchronization for SqlSession [org.apache.ibatis.session.defaults.DefaultSqlSession@5d8a1456]
JDBC Connection [HikariProxyConnection@2115589111 wrapping com.mysql.cj.jdbc.ConnectionImpl@7e615c6a] will be managed by Spring
==>  Preparing: INSERT INTO `tb_post` (content, author_id, publish_at, last_update) VALUES (?, ?, ?, ?)
==> Parameters: 旅行是一种生活态度，它让我们更加积极地面对人生的挑战，也让我们更加珍惜身边的人和事。我希望每一个人都能有机会去旅行，去感受世界的美好。(String), 42(Long), 2024-09-28T19:07:41.050090600(LocalDateTime), 2024-09-28T19:07:41.050090600(LocalDateTime)
<==    Updates: 1
Releasing transactional SqlSession [org.apache.ibatis.session.defaults.DefaultSqlSession@5d8a1456]
Transaction synchronization committing SqlSession [org.apache.ibatis.session.defaults.DefaultSqlSession@5d8a1456]
Transaction synchronization deregistering SqlSession [org.apache.ibatis.session.defaults.DefaultSqlSession@5d8a1456]
Transaction synchronization closing SqlSession [org.apache.ibatis.session.defaults.DefaultSqlSession@5d8a1456]
Creating a new SqlSession
Registering transaction synchronization for SqlSession [org.apache.ibatis.session.defaults.DefaultSqlSession@63ede2a0]
JDBC Connection [HikariProxyConnection@1922662433 wrapping com.mysql.cj.jdbc.ConnectionImpl@7e615c6a] will be managed by Spring
==>  Preparing: INSERT INTO `tb_post` (content, author_id, publish_at, last_update) VALUES (?, ?, ?, ?)
==> Parameters: 旅行结束了，但是我的梦想还在继续。我相信，在未来的日子里，我会继续踏上新的旅程，去追寻自己的梦想。(String), 97(Long), 2024-09-28T19:07:41.059585300(LocalDateTime), 2024-09-28T19:07:41.059585300(LocalDateTime)
<==    Updates: 1
Releasing transactional SqlSession [org.apache.ibatis.session.defaults.DefaultSqlSession@63ede2a0]
Transaction synchronization committing SqlSession [org.apache.ibatis.session.defaults.DefaultSqlSession@63ede2a0]
Transaction synchronization deregistering SqlSession [org.apache.ibatis.session.defaults.DefaultSqlSession@63ede2a0]
Transaction synchronization closing SqlSession [org.apache.ibatis.session.defaults.DefaultSqlSession@63ede2a0]
Creating a new SqlSession
Registering transaction synchronization for SqlSession [org.apache.ibatis.session.defaults.DefaultSqlSession@5184da2b]
JDBC Connection [HikariProxyConnection@1237547288 wrapping com.mysql.cj.jdbc.ConnectionImpl@7e615c6a] will be managed by Spring
==>  Preparing: INSERT INTO `tb_post` (content, author_id, publish_at, last_update) VALUES (?, ?, ?, ?)
==> Parameters: 这次旅行让我收获了很多美好的回忆，也让我更加了解了自己。我会把这些回忆和经验珍藏在心中，作为我人生的宝贵财富。(String), 62(Long), 2024-09-28T19:07:41.069913500(LocalDateTime), 2024-09-28T19:07:41.069913500(LocalDateTime)
<==    Updates: 1
Releasing transactional SqlSession [org.apache.ibatis.session.defaults.DefaultSqlSession@5184da2b]
Transaction synchronization committing SqlSession [org.apache.ibatis.session.defaults.DefaultSqlSession@5184da2b]
Transaction synchronization deregistering SqlSession [org.apache.ibatis.session.defaults.DefaultSqlSession@5184da2b]
Transaction synchronization closing SqlSession [org.apache.ibatis.session.defaults.DefaultSqlSession@5184da2b]
Creating a new SqlSession
Registering transaction synchronization for SqlSession [org.apache.ibatis.session.defaults.DefaultSqlSession@4d22265c]
JDBC Connection [HikariProxyConnection@676665173 wrapping com.mysql.cj.jdbc.ConnectionImpl@7e615c6a] will be managed by Spring
==>  Preparing: INSERT INTO `tb_post` (content, author_id, publish_at, last_update) VALUES (?, ?, ?, ?)
==> Parameters: 旅行是一次心灵的洗礼，它让我们更加成熟和稳重，也让我们更加热爱生活。我希望每一个人都能在旅行中找到自己的心灵归宿。(String), 76(Long), 2024-09-28T19:07:41.079875900(LocalDateTime), 2024-09-28T19:07:41.079875900(LocalDateTime)
<==    Updates: 1
Releasing transactional SqlSession [org.apache.ibatis.session.defaults.DefaultSqlSession@4d22265c]
Transaction synchronization committing SqlSession [org.apache.ibatis.session.defaults.DefaultSqlSession@4d22265c]
Transaction synchronization deregistering SqlSession [org.apache.ibatis.session.defaults.DefaultSqlSession@4d22265c]
Transaction synchronization closing SqlSession [org.apache.ibatis.session.defaults.DefaultSqlSession@4d22265c]
Creating a new SqlSession
Registering transaction synchronization for SqlSession [org.apache.ibatis.session.defaults.DefaultSqlSession@6158113e]
JDBC Connection [HikariProxyConnection@737826424 wrapping com.mysql.cj.jdbc.ConnectionImpl@7e615c6a] will be managed by Spring
==>  Preparing: INSERT INTO `tb_post` (content, author_id, publish_at, last_update) VALUES (?, ?, ?, ?)
==> Parameters: 回顾这次旅行，我感受到了世界的多样性和美好。我相信，只要我们用心去感受，生活中处处都是美景。(String), 63(Long), 2024-09-28T19:07:41.092080800(LocalDateTime), 2024-09-28T19:07:41.092080800(LocalDateTime)
<==    Updates: 1
Releasing transactional SqlSession [org.apache.ibatis.session.defaults.DefaultSqlSession@6158113e]
Transaction synchronization committing SqlSession [org.apache.ibatis.session.defaults.DefaultSqlSession@6158113e]
Transaction synchronization deregistering SqlSession [org.apache.ibatis.session.defaults.DefaultSqlSession@6158113e]
Transaction synchronization closing SqlSession [org.apache.ibatis.session.defaults.DefaultSqlSession@6158113e]
Creating a new SqlSession
Registering transaction synchronization for SqlSession [org.apache.ibatis.session.defaults.DefaultSqlSession@2178d296]
JDBC Connection [HikariProxyConnection@1595782032 wrapping com.mysql.cj.jdbc.ConnectionImpl@7e615c6a] will be managed by Spring
==>  Preparing: INSERT INTO `tb_post` (content, author_id, publish_at, last_update) VALUES (?, ?, ?, ?)
==> Parameters: 旅行结束了，但是我的心情却依然沉浸在旅途中的美好回忆中。我会把这些回忆化作动力，继续努力前行，去创造更加美好的未来。(String), 76(Long), 2024-09-28T19:07:41.099826(LocalDateTime), 2024-09-28T19:07:41.099826(LocalDateTime)
<==    Updates: 1
Releasing transactional SqlSession [org.apache.ibatis.session.defaults.DefaultSqlSession@2178d296]
Transaction synchronization committing SqlSession [org.apache.ibatis.session.defaults.DefaultSqlSession@2178d296]
Transaction synchronization deregistering SqlSession [org.apache.ibatis.session.defaults.DefaultSqlSession@2178d296]
Transaction synchronization closing SqlSession [org.apache.ibatis.session.defaults.DefaultSqlSession@2178d296]
Creating a new SqlSession
Registering transaction synchronization for SqlSession [org.apache.ibatis.session.defaults.DefaultSqlSession@7d44eab]
JDBC Connection [HikariProxyConnection@1645181497 wrapping com.mysql.cj.jdbc.ConnectionImpl@7e615c6a] will be managed by Spring
==>  Preparing: INSERT INTO `tb_post` (content, author_id, publish_at, last_update) VALUES (?, ?, ?, ?)
==> Parameters: 旅行是一种瘾，一旦开始就无法停止。我已经迫不及待地期待着下一次的旅行了。(String), 26(Long), 2024-09-28T19:07:41.109683400(LocalDateTime), 2024-09-28T19:07:41.109683400(LocalDateTime)
<==    Updates: 1
Releasing transactional SqlSession [org.apache.ibatis.session.defaults.DefaultSqlSession@7d44eab]
Transaction synchronization committing SqlSession [org.apache.ibatis.session.defaults.DefaultSqlSession@7d44eab]
Transaction synchronization deregistering SqlSession [org.apache.ibatis.session.defaults.DefaultSqlSession@7d44eab]
Transaction synchronization closing SqlSession [org.apache.ibatis.session.defaults.DefaultSqlSession@7d44eab]
Creating a new SqlSession
Registering transaction synchronization for SqlSession [org.apache.ibatis.session.defaults.DefaultSqlSession@21d6dc81]
JDBC Connection [HikariProxyConnection@1990156323 wrapping com.mysql.cj.jdbc.ConnectionImpl@7e615c6a] will be managed by Spring
==>  Preparing: INSERT INTO `tb_post` (content, author_id, publish_at, last_update) VALUES (?, ?, ?, ?)
==> Parameters: 下一次旅行，我想去一个更加遥远的地方，去探索未知的世界，感受不同的文化和风情。(String), 54(Long), 2024-09-28T19:07:41.119843900(LocalDateTime), 2024-09-28T19:07:41.119843900(LocalDateTime)
<==    Updates: 1
Releasing transactional SqlSession [org.apache.ibatis.session.defaults.DefaultSqlSession@21d6dc81]
Transaction synchronization committing SqlSession [org.apache.ibatis.session.defaults.DefaultSqlSession@21d6dc81]
Transaction synchronization deregistering SqlSession [org.apache.ibatis.session.defaults.DefaultSqlSession@21d6dc81]
Transaction synchronization closing SqlSession [org.apache.ibatis.session.defaults.DefaultSqlSession@21d6dc81]
Creating a new SqlSession
Registering transaction synchronization for SqlSession [org.apache.ibatis.session.defaults.DefaultSqlSession@1a06ec24]
JDBC Connection [HikariProxyConnection@526339400 wrapping com.mysql.cj.jdbc.ConnectionImpl@7e615c6a] will be managed by Spring
==>  Preparing: INSERT INTO `tb_post` (content, author_id, publish_at, last_update) VALUES (?, ?, ?, ?)
==> Parameters: 期待着下一次的旅行，能够和更多的朋友一起分享旅途中的快乐和美好。(String), 31(Long), 2024-09-28T19:07:41.140253200(LocalDateTime), 2024-09-28T19:07:41.140253200(LocalDateTime)
<==    Updates: 1
Releasing transactional SqlSession [org.apache.ibatis.session.defaults.DefaultSqlSession@1a06ec24]
Transaction synchronization committing SqlSession [org.apache.ibatis.session.defaults.DefaultSqlSession@1a06ec24]
Transaction synchronization deregistering SqlSession [org.apache.ibatis.session.defaults.DefaultSqlSession@1a06ec24]
Transaction synchronization closing SqlSession [org.apache.ibatis.session.defaults.DefaultSqlSession@1a06ec24]
Creating a new SqlSession
Registering transaction synchronization for SqlSession [org.apache.ibatis.session.defaults.DefaultSqlSession@3dabdd11]
JDBC Connection [HikariProxyConnection@1697685982 wrapping com.mysql.cj.jdbc.ConnectionImpl@7e615c6a] will be managed by Spring
==>  Preparing: INSERT INTO `tb_post` (content, author_id, publish_at, last_update) VALUES (?, ?, ?, ?)
==> Parameters: 旅行让我看到了世界的美丽，也让我更加渴望去探索更多的地方。下一次旅行，我准备好了！(String), 30(Long), 2024-09-28T19:07:41.149966500(LocalDateTime), 2024-09-28T19:07:41.149966500(LocalDateTime)
<==    Updates: 1
Releasing transactional SqlSession [org.apache.ibatis.session.defaults.DefaultSqlSession@3dabdd11]
Transaction synchronization committing SqlSession [org.apache.ibatis.session.defaults.DefaultSqlSession@3dabdd11]
Transaction synchronization deregistering SqlSession [org.apache.ibatis.session.defaults.DefaultSqlSession@3dabdd11]
Transaction synchronization closing SqlSession [org.apache.ibatis.session.defaults.DefaultSqlSession@3dabdd11]
Creating a new SqlSession
Registering transaction synchronization for SqlSession [org.apache.ibatis.session.defaults.DefaultSqlSession@44723d95]
JDBC Connection [HikariProxyConnection@1307655038 wrapping com.mysql.cj.jdbc.ConnectionImpl@7e615c6a] will be managed by Spring
==>  Preparing: INSERT INTO `tb_post` (content, author_id, publish_at, last_update) VALUES (?, ?, ?, ?)
==> Parameters: 每一次的旅行都是一次成长，我期待着下一次的旅行能让我收获更多的人生感悟。(String), 73(Long), 2024-09-28T19:07:41.159626400(LocalDateTime), 2024-09-28T19:07:41.159626400(LocalDateTime)
<==    Updates: 1
Releasing transactional SqlSession [org.apache.ibatis.session.defaults.DefaultSqlSession@44723d95]
Transaction synchronization committing SqlSession [org.apache.ibatis.session.defaults.DefaultSqlSession@44723d95]
Transaction synchronization deregistering SqlSession [org.apache.ibatis.session.defaults.DefaultSqlSession@44723d95]
Transaction synchronization closing SqlSession [org.apache.ibatis.session.defaults.DefaultSqlSession@44723d95]
Creating a new SqlSession
Registering transaction synchronization for SqlSession [org.apache.ibatis.session.defaults.DefaultSqlSession@5408fca1]
JDBC Connection [HikariProxyConnection@1020021920 wrapping com.mysql.cj.jdbc.ConnectionImpl@7e615c6a] will be managed by Spring
==>  Preparing: INSERT INTO `tb_post` (content, author_id, publish_at, last_update) VALUES (?, ?, ?, ?)
==> Parameters: 下一次旅行，我要去一个有海的地方，听着海浪的声音，感受着海风的吹拂，享受着大自然的恩赐。(String), 69(Long), 2024-09-28T19:07:41.170066400(LocalDateTime), 2024-09-28T19:07:41.170066400(LocalDateTime)
<==    Updates: 1
Releasing transactional SqlSession [org.apache.ibatis.session.defaults.DefaultSqlSession@5408fca1]
Transaction synchronization committing SqlSession [org.apache.ibatis.session.defaults.DefaultSqlSession@5408fca1]
Transaction synchronization deregistering SqlSession [org.apache.ibatis.session.defaults.DefaultSqlSession@5408fca1]
Transaction synchronization closing SqlSession [org.apache.ibatis.session.defaults.DefaultSqlSession@5408fca1]
Creating a new SqlSession
Registering transaction synchronization for SqlSession [org.apache.ibatis.session.defaults.DefaultSqlSession@2e3b4394]
JDBC Connection [HikariProxyConnection@285205295 wrapping com.mysql.cj.jdbc.ConnectionImpl@7e615c6a] will be managed by Spring
==>  Preparing: INSERT INTO `tb_post` (content, author_id, publish_at, last_update) VALUES (?, ?, ?, ?)
==> Parameters: 期待着下一次的旅行，能够品尝到更多的美食，了解更多的文化，结交更多的朋友。(String), 58(Long), 2024-09-28T19:07:41.170066400(LocalDateTime), 2024-09-28T19:07:41.170066400(LocalDateTime)
<==    Updates: 1
Releasing transactional SqlSession [org.apache.ibatis.session.defaults.DefaultSqlSession@2e3b4394]
Transaction synchronization committing SqlSession [org.apache.ibatis.session.defaults.DefaultSqlSession@2e3b4394]
Transaction synchronization deregistering SqlSession [org.apache.ibatis.session.defaults.DefaultSqlSession@2e3b4394]
Transaction synchronization closing SqlSession [org.apache.ibatis.session.defaults.DefaultSqlSession@2e3b4394]
Creating a new SqlSession
Registering transaction synchronization for SqlSession [org.apache.ibatis.session.defaults.DefaultSqlSession@72115c48]
JDBC Connection [HikariProxyConnection@987450568 wrapping com.mysql.cj.jdbc.ConnectionImpl@7e615c6a] will be managed by Spring
==>  Preparing: INSERT INTO `tb_post` (content, author_id, publish_at, last_update) VALUES (?, ?, ?, ?)
==> Parameters: 旅行是一种生活方式，我希望下一次的旅行能够让我更加深入地了解不同的生活方式，拓宽自己的视野。(String), 56(Long), 2024-09-28T19:07:41.179574700(LocalDateTime), 2024-09-28T19:07:41.179574700(LocalDateTime)
<==    Updates: 1
Releasing transactional SqlSession [org.apache.ibatis.session.defaults.DefaultSqlSession@72115c48]
Transaction synchronization committing SqlSession [org.apache.ibatis.session.defaults.DefaultSqlSession@72115c48]
Transaction synchronization deregistering SqlSession [org.apache.ibatis.session.defaults.DefaultSqlSession@72115c48]
Transaction synchronization closing SqlSession [org.apache.ibatis.session.defaults.DefaultSqlSession@72115c48]
Creating a new SqlSession
Registering transaction synchronization for SqlSession [org.apache.ibatis.session.defaults.DefaultSqlSession@53a3fc8b]
JDBC Connection [HikariProxyConnection@1294248741 wrapping com.mysql.cj.jdbc.ConnectionImpl@7e615c6a] will be managed by Spring
==>  Preparing: INSERT INTO `tb_post` (content, author_id, publish_at, last_update) VALUES (?, ?, ?, ?)
==> Parameters: 下一次旅行，我要去一个有故事的地方，听着当地人讲述过去的故事，感受着历史的韵味。(String), 61(Long), 2024-09-28T19:07:41.179574700(LocalDateTime), 2024-09-28T19:07:41.179574700(LocalDateTime)
<==    Updates: 1
Releasing transactional SqlSession [org.apache.ibatis.session.defaults.DefaultSqlSession@53a3fc8b]
Transaction synchronization committing SqlSession [org.apache.ibatis.session.defaults.DefaultSqlSession@53a3fc8b]
Transaction synchronization deregistering SqlSession [org.apache.ibatis.session.defaults.DefaultSqlSession@53a3fc8b]
Transaction synchronization closing SqlSession [org.apache.ibatis.session.defaults.DefaultSqlSession@53a3fc8b]
Creating a new SqlSession
Registering transaction synchronization for SqlSession [org.apache.ibatis.session.defaults.DefaultSqlSession@1952ad9d]
JDBC Connection [HikariProxyConnection@495471129 wrapping com.mysql.cj.jdbc.ConnectionImpl@7e615c6a] will be managed by Spring
==>  Preparing: INSERT INTO `tb_post` (content, author_id, publish_at, last_update) VALUES (?, ?, ?, ?)
==> Parameters: 旅行让我充满了期待，我相信下一次的旅行一定会更加精彩！(String), 6(Long), 2024-09-28T19:07:41.189392100(LocalDateTime), 2024-09-28T19:07:41.189392100(LocalDateTime)
<==    Updates: 1
Releasing transactional SqlSession [org.apache.ibatis.session.defaults.DefaultSqlSession@1952ad9d]
Transaction synchronization committing SqlSession [org.apache.ibatis.session.defaults.DefaultSqlSession@1952ad9d]
Transaction synchronization deregistering SqlSession [org.apache.ibatis.session.defaults.DefaultSqlSession@1952ad9d]
Transaction synchronization closing SqlSession [org.apache.ibatis.session.defaults.DefaultSqlSession@1952ad9d]
Creating a new SqlSession
Registering transaction synchronization for SqlSession [org.apache.ibatis.session.defaults.DefaultSqlSession@256c6f7a]
JDBC Connection [HikariProxyConnection@136108302 wrapping com.mysql.cj.jdbc.ConnectionImpl@7e615c6a] will be managed by Spring
==>  Preparing: INSERT INTO `tb_post` (content, author_id, publish_at, last_update) VALUES (?, ?, ?, ?)
==> Parameters: 每一天都是学习的新开始，把握现在，让知识成为你最宝贵的财富！(String), 12(Long), 2024-09-28T19:07:41.197428200(LocalDateTime), 2024-09-28T19:07:41.197428200(LocalDateTime)
<==    Updates: 1
Releasing transactional SqlSession [org.apache.ibatis.session.defaults.DefaultSqlSession@256c6f7a]
Transaction synchronization committing SqlSession [org.apache.ibatis.session.defaults.DefaultSqlSession@256c6f7a]
Transaction synchronization deregistering SqlSession [org.apache.ibatis.session.defaults.DefaultSqlSession@256c6f7a]
Transaction synchronization closing SqlSession [org.apache.ibatis.session.defaults.DefaultSqlSession@256c6f7a]
Creating a new SqlSession
Registering transaction synchronization for SqlSession [org.apache.ibatis.session.defaults.DefaultSqlSession@69c6e5]
JDBC Connection [HikariProxyConnection@1495860636 wrapping com.mysql.cj.jdbc.ConnectionImpl@7e615c6a] will be managed by Spring
==>  Preparing: INSERT INTO `tb_post` (content, author_id, publish_at, last_update) VALUES (?, ?, ?, ?)
==> Parameters: 学习不在于速度，而在于深度。深入理解，让知识根深蒂固。(String), 56(Long), 2024-09-28T19:07:41.199619800(LocalDateTime), 2024-09-28T19:07:41.199619800(LocalDateTime)
<==    Updates: 1
Releasing transactional SqlSession [org.apache.ibatis.session.defaults.DefaultSqlSession@69c6e5]
Transaction synchronization committing SqlSession [org.apache.ibatis.session.defaults.DefaultSqlSession@69c6e5]
Transaction synchronization deregistering SqlSession [org.apache.ibatis.session.defaults.DefaultSqlSession@69c6e5]
Transaction synchronization closing SqlSession [org.apache.ibatis.session.defaults.DefaultSqlSession@69c6e5]
Creating a new SqlSession
Registering transaction synchronization for SqlSession [org.apache.ibatis.session.defaults.DefaultSqlSession@188058fb]
JDBC Connection [HikariProxyConnection@2043922005 wrapping com.mysql.cj.jdbc.ConnectionImpl@7e615c6a] will be managed by Spring
==>  Preparing: INSERT INTO `tb_post` (content, author_id, publish_at, last_update) VALUES (?, ?, ?, ?)
==> Parameters: 书籍是知识的海洋，每翻开一页，都是对未知世界的探索。(String), 91(Long), 2024-09-28T19:07:41.209712400(LocalDateTime), 2024-09-28T19:07:41.209712400(LocalDateTime)
<==    Updates: 1
Releasing transactional SqlSession [org.apache.ibatis.session.defaults.DefaultSqlSession@188058fb]
Transaction synchronization committing SqlSession [org.apache.ibatis.session.defaults.DefaultSqlSession@188058fb]
Transaction synchronization deregistering SqlSession [org.apache.ibatis.session.defaults.DefaultSqlSession@188058fb]
Transaction synchronization closing SqlSession [org.apache.ibatis.session.defaults.DefaultSqlSession@188058fb]
Creating a new SqlSession
Registering transaction synchronization for SqlSession [org.apache.ibatis.session.defaults.DefaultSqlSession@74d3b331]
JDBC Connection [HikariProxyConnection@25734038 wrapping com.mysql.cj.jdbc.ConnectionImpl@7e615c6a] will be managed by Spring
==>  Preparing: INSERT INTO `tb_post` (content, author_id, publish_at, last_update) VALUES (?, ?, ?, ?)
==> Parameters: 学习是通往梦想的桥梁，坚持不懈，终会到达彼岸。(String), 21(Long), 2024-09-28T19:07:41.215738300(LocalDateTime), 2024-09-28T19:07:41.215738300(LocalDateTime)
<==    Updates: 1
Releasing transactional SqlSession [org.apache.ibatis.session.defaults.DefaultSqlSession@74d3b331]
Transaction synchronization committing SqlSession [org.apache.ibatis.session.defaults.DefaultSqlSession@74d3b331]
Transaction synchronization deregistering SqlSession [org.apache.ibatis.session.defaults.DefaultSqlSession@74d3b331]
Transaction synchronization closing SqlSession [org.apache.ibatis.session.defaults.DefaultSqlSession@74d3b331]
Creating a new SqlSession
Registering transaction synchronization for SqlSession [org.apache.ibatis.session.defaults.DefaultSqlSession@345d641e]
JDBC Connection [HikariProxyConnection@953718248 wrapping com.mysql.cj.jdbc.ConnectionImpl@7e615c6a] will be managed by Spring
==>  Preparing: INSERT INTO `tb_post` (content, author_id, publish_at, last_update) VALUES (?, ?, ?, ?)
==> Parameters: 与其抱怨不懂，不如主动学习。知识不会主动来找你，但你可以去寻找它。(String), 5(Long), 2024-09-28T19:07:41.220101600(LocalDateTime), 2024-09-28T19:07:41.220101600(LocalDateTime)
<==    Updates: 1
Releasing transactional SqlSession [org.apache.ibatis.session.defaults.DefaultSqlSession@345d641e]
Transaction synchronization committing SqlSession [org.apache.ibatis.session.defaults.DefaultSqlSession@345d641e]
Transaction synchronization deregistering SqlSession [org.apache.ibatis.session.defaults.DefaultSqlSession@345d641e]
Transaction synchronization closing SqlSession [org.apache.ibatis.session.defaults.DefaultSqlSession@345d641e]
Creating a new SqlSession
Registering transaction synchronization for SqlSession [org.apache.ibatis.session.defaults.DefaultSqlSession@40696fc6]
JDBC Connection [HikariProxyConnection@547566106 wrapping com.mysql.cj.jdbc.ConnectionImpl@7e615c6a] will be managed by Spring
==>  Preparing: INSERT INTO `tb_post` (content, author_id, publish_at, last_update) VALUES (?, ?, ?, ?)
==> Parameters: 学习不是负担，而是成长的阶梯。每一步都让你更接近理想中的自己。(String), 62(Long), 2024-09-28T19:07:41.220101600(LocalDateTime), 2024-09-28T19:07:41.220101600(LocalDateTime)
<==    Updates: 1
Releasing transactional SqlSession [org.apache.ibatis.session.defaults.DefaultSqlSession@40696fc6]
Transaction synchronization committing SqlSession [org.apache.ibatis.session.defaults.DefaultSqlSession@40696fc6]
Transaction synchronization deregistering SqlSession [org.apache.ibatis.session.defaults.DefaultSqlSession@40696fc6]
Transaction synchronization closing SqlSession [org.apache.ibatis.session.defaults.DefaultSqlSession@40696fc6]
Creating a new SqlSession
Registering transaction synchronization for SqlSession [org.apache.ibatis.session.defaults.DefaultSqlSession@553d828a]
JDBC Connection [HikariProxyConnection@732526171 wrapping com.mysql.cj.jdbc.ConnectionImpl@7e615c6a] will be managed by Spring
==>  Preparing: INSERT INTO `tb_post` (content, author_id, publish_at, last_update) VALUES (?, ?, ?, ?)
==> Parameters: 在学习的路上，没有捷径可走，但每一步都算数。(String), 74(Long), 2024-09-28T19:07:41.231417100(LocalDateTime), 2024-09-28T19:07:41.231417100(LocalDateTime)
<==    Updates: 1
Releasing transactional SqlSession [org.apache.ibatis.session.defaults.DefaultSqlSession@553d828a]
Transaction synchronization committing SqlSession [org.apache.ibatis.session.defaults.DefaultSqlSession@553d828a]
Transaction synchronization deregistering SqlSession [org.apache.ibatis.session.defaults.DefaultSqlSession@553d828a]
Transaction synchronization closing SqlSession [org.apache.ibatis.session.defaults.DefaultSqlSession@553d828a]
Creating a new SqlSession
Registering transaction synchronization for SqlSession [org.apache.ibatis.session.defaults.DefaultSqlSession@6a4d57b7]
JDBC Connection [HikariProxyConnection@516913231 wrapping com.mysql.cj.jdbc.ConnectionImpl@7e615c6a] will be managed by Spring
==>  Preparing: INSERT INTO `tb_post` (content, author_id, publish_at, last_update) VALUES (?, ?, ?, ?)
==> Parameters: 不要害怕提问，因为每一个问题都是成长的种子。(String), 43(Long), 2024-09-28T19:07:41.231417100(LocalDateTime), 2024-09-28T19:07:41.231417100(LocalDateTime)
<==    Updates: 1
Releasing transactional SqlSession [org.apache.ibatis.session.defaults.DefaultSqlSession@6a4d57b7]
Transaction synchronization committing SqlSession [org.apache.ibatis.session.defaults.DefaultSqlSession@6a4d57b7]
Transaction synchronization deregistering SqlSession [org.apache.ibatis.session.defaults.DefaultSqlSession@6a4d57b7]
Transaction synchronization closing SqlSession [org.apache.ibatis.session.defaults.DefaultSqlSession@6a4d57b7]
Creating a new SqlSession
Registering transaction synchronization for SqlSession [org.apache.ibatis.session.defaults.DefaultSqlSession@9c40f43]
JDBC Connection [HikariProxyConnection@1663673785 wrapping com.mysql.cj.jdbc.ConnectionImpl@7e615c6a] will be managed by Spring
==>  Preparing: INSERT INTO `tb_post` (content, author_id, publish_at, last_update) VALUES (?, ?, ?, ?)
==> Parameters: 学习是一场旅行，不在于目的地，而在于沿途的风景和看风景的心情。(String), 53(Long), 2024-09-28T19:07:41.239570800(LocalDateTime), 2024-09-28T19:07:41.239570800(LocalDateTime)
<==    Updates: 1
Releasing transactional SqlSession [org.apache.ibatis.session.defaults.DefaultSqlSession@9c40f43]
Transaction synchronization committing SqlSession [org.apache.ibatis.session.defaults.DefaultSqlSession@9c40f43]
Transaction synchronization deregistering SqlSession [org.apache.ibatis.session.defaults.DefaultSqlSession@9c40f43]
Transaction synchronization closing SqlSession [org.apache.ibatis.session.defaults.DefaultSqlSession@9c40f43]
Creating a new SqlSession
Registering transaction synchronization for SqlSession [org.apache.ibatis.session.defaults.DefaultSqlSession@49bc1f6c]
JDBC Connection [HikariProxyConnection@508661949 wrapping com.mysql.cj.jdbc.ConnectionImpl@7e615c6a] will be managed by Spring
==>  Preparing: INSERT INTO `tb_post` (content, author_id, publish_at, last_update) VALUES (?, ?, ?, ?)
==> Parameters: 用好奇心点燃学习的热情，让每一天都充满探索的乐趣。(String), 95(Long), 2024-09-28T19:07:41.249622200(LocalDateTime), 2024-09-28T19:07:41.249622200(LocalDateTime)
<==    Updates: 1
Releasing transactional SqlSession [org.apache.ibatis.session.defaults.DefaultSqlSession@49bc1f6c]
Transaction synchronization committing SqlSession [org.apache.ibatis.session.defaults.DefaultSqlSession@49bc1f6c]
Transaction synchronization deregistering SqlSession [org.apache.ibatis.session.defaults.DefaultSqlSession@49bc1f6c]
Transaction synchronization closing SqlSession [org.apache.ibatis.session.defaults.DefaultSqlSession@49bc1f6c]
Creating a new SqlSession
Registering transaction synchronization for SqlSession [org.apache.ibatis.session.defaults.DefaultSqlSession@e638553]
JDBC Connection [HikariProxyConnection@1976617670 wrapping com.mysql.cj.jdbc.ConnectionImpl@7e615c6a] will be managed by Spring
==>  Preparing: INSERT INTO `tb_post` (content, author_id, publish_at, last_update) VALUES (?, ?, ?, ?)
==> Parameters: 学习不是为了考试，而是为了生活。让知识成为你生活的指南。(String), 46(Long), 2024-09-28T19:07:41.260062900(LocalDateTime), 2024-09-28T19:07:41.260062900(LocalDateTime)
<==    Updates: 1
Releasing transactional SqlSession [org.apache.ibatis.session.defaults.DefaultSqlSession@e638553]
Transaction synchronization committing SqlSession [org.apache.ibatis.session.defaults.DefaultSqlSession@e638553]
Transaction synchronization deregistering SqlSession [org.apache.ibatis.session.defaults.DefaultSqlSession@e638553]
Transaction synchronization closing SqlSession [org.apache.ibatis.session.defaults.DefaultSqlSession@e638553]
Creating a new SqlSession
Registering transaction synchronization for SqlSession [org.apache.ibatis.session.defaults.DefaultSqlSession@63a9af28]
JDBC Connection [HikariProxyConnection@1393284987 wrapping com.mysql.cj.jdbc.ConnectionImpl@7e615c6a] will be managed by Spring
==>  Preparing: INSERT INTO `tb_post` (content, author_id, publish_at, last_update) VALUES (?, ?, ?, ?)
==> Parameters: 分享你的学习成果，让知识的光芒照亮更多人的心灵。(String), 21(Long), 2024-09-28T19:07:41.270102300(LocalDateTime), 2024-09-28T19:07:41.270102300(LocalDateTime)
<==    Updates: 1
Releasing transactional SqlSession [org.apache.ibatis.session.defaults.DefaultSqlSession@63a9af28]
Transaction synchronization committing SqlSession [org.apache.ibatis.session.defaults.DefaultSqlSession@63a9af28]
Transaction synchronization deregistering SqlSession [org.apache.ibatis.session.defaults.DefaultSqlSession@63a9af28]
Transaction synchronization closing SqlSession [org.apache.ibatis.session.defaults.DefaultSqlSession@63a9af28]
Creating a new SqlSession
Registering transaction synchronization for SqlSession [org.apache.ibatis.session.defaults.DefaultSqlSession@6ace3]
JDBC Connection [HikariProxyConnection@448206835 wrapping com.mysql.cj.jdbc.ConnectionImpl@7e615c6a] will be managed by Spring
==>  Preparing: INSERT INTO `tb_post` (content, author_id, publish_at, last_update) VALUES (?, ?, ?, ?)
==> Parameters: 学习是一种习惯，培养它，就像每天刷牙一样自然。(String), 1(Long), 2024-09-28T19:07:41.280041300(LocalDateTime), 2024-09-28T19:07:41.280041300(LocalDateTime)
<==    Updates: 1
Releasing transactional SqlSession [org.apache.ibatis.session.defaults.DefaultSqlSession@6ace3]
Transaction synchronization committing SqlSession [org.apache.ibatis.session.defaults.DefaultSqlSession@6ace3]
Transaction synchronization deregistering SqlSession [org.apache.ibatis.session.defaults.DefaultSqlSession@6ace3]
Transaction synchronization closing SqlSession [org.apache.ibatis.session.defaults.DefaultSqlSession@6ace3]
Creating a new SqlSession
Registering transaction synchronization for SqlSession [org.apache.ibatis.session.defaults.DefaultSqlSession@329aa2d1]
JDBC Connection [HikariProxyConnection@626071701 wrapping com.mysql.cj.jdbc.ConnectionImpl@7e615c6a] will be managed by Spring
==>  Preparing: INSERT INTO `tb_post` (content, author_id, publish_at, last_update) VALUES (?, ?, ?, ?)
==> Parameters: 不要害怕失败，因为每一次失败都是向成功迈进的一步。(String), 82(Long), 2024-09-28T19:07:41.290175900(LocalDateTime), 2024-09-28T19:07:41.290175900(LocalDateTime)
<==    Updates: 1
Releasing transactional SqlSession [org.apache.ibatis.session.defaults.DefaultSqlSession@329aa2d1]
Transaction synchronization committing SqlSession [org.apache.ibatis.session.defaults.DefaultSqlSession@329aa2d1]
Transaction synchronization deregistering SqlSession [org.apache.ibatis.session.defaults.DefaultSqlSession@329aa2d1]
Transaction synchronization closing SqlSession [org.apache.ibatis.session.defaults.DefaultSqlSession@329aa2d1]
Creating a new SqlSession
Registering transaction synchronization for SqlSession [org.apache.ibatis.session.defaults.DefaultSqlSession@755a90a6]
JDBC Connection [HikariProxyConnection@555754759 wrapping com.mysql.cj.jdbc.ConnectionImpl@7e615c6a] will be managed by Spring
==>  Preparing: INSERT INTO `tb_post` (content, author_id, publish_at, last_update) VALUES (?, ?, ?, ?)
==> Parameters: 学习是永无止境的旅程，享受过程，珍惜每一次成长的机会。(String), 46(Long), 2024-09-28T19:07:41.300429700(LocalDateTime), 2024-09-28T19:07:41.300429700(LocalDateTime)
<==    Updates: 1
Releasing transactional SqlSession [org.apache.ibatis.session.defaults.DefaultSqlSession@755a90a6]
Transaction synchronization committing SqlSession [org.apache.ibatis.session.defaults.DefaultSqlSession@755a90a6]
Transaction synchronization deregistering SqlSession [org.apache.ibatis.session.defaults.DefaultSqlSession@755a90a6]
Transaction synchronization closing SqlSession [org.apache.ibatis.session.defaults.DefaultSqlSession@755a90a6]
Creating a new SqlSession
Registering transaction synchronization for SqlSession [org.apache.ibatis.session.defaults.DefaultSqlSession@e0f2686]
JDBC Connection [HikariProxyConnection@1888859784 wrapping com.mysql.cj.jdbc.ConnectionImpl@7e615c6a] will be managed by Spring
==>  Preparing: INSERT INTO `tb_post` (content, author_id, publish_at, last_update) VALUES (?, ?, ?, ?)
==> Parameters: 用学习来丰富你的内心世界，让心灵变得更加宽广和深邃。(String), 46(Long), 2024-09-28T19:07:41.309885500(LocalDateTime), 2024-09-28T19:07:41.309885500(LocalDateTime)
<==    Updates: 1
Releasing transactional SqlSession [org.apache.ibatis.session.defaults.DefaultSqlSession@e0f2686]
Transaction synchronization committing SqlSession [org.apache.ibatis.session.defaults.DefaultSqlSession@e0f2686]
Transaction synchronization deregistering SqlSession [org.apache.ibatis.session.defaults.DefaultSqlSession@e0f2686]
Transaction synchronization closing SqlSession [org.apache.ibatis.session.defaults.DefaultSqlSession@e0f2686]
Creating a new SqlSession
Registering transaction synchronization for SqlSession [org.apache.ibatis.session.defaults.DefaultSqlSession@1c7fd2e0]
JDBC Connection [HikariProxyConnection@831656273 wrapping com.mysql.cj.jdbc.ConnectionImpl@7e615c6a] will be managed by Spring
==>  Preparing: INSERT INTO `tb_post` (content, author_id, publish_at, last_update) VALUES (?, ?, ?, ?)
==> Parameters: 学习是通往自由的钥匙，它让你拥有更多的选择和可能性。(String), 29(Long), 2024-09-28T19:07:41.319766400(LocalDateTime), 2024-09-28T19:07:41.319766400(LocalDateTime)
<==    Updates: 1
Releasing transactional SqlSession [org.apache.ibatis.session.defaults.DefaultSqlSession@1c7fd2e0]
Transaction synchronization committing SqlSession [org.apache.ibatis.session.defaults.DefaultSqlSession@1c7fd2e0]
Transaction synchronization deregistering SqlSession [org.apache.ibatis.session.defaults.DefaultSqlSession@1c7fd2e0]
Transaction synchronization closing SqlSession [org.apache.ibatis.session.defaults.DefaultSqlSession@1c7fd2e0]
Creating a new SqlSession
Registering transaction synchronization for SqlSession [org.apache.ibatis.session.defaults.DefaultSqlSession@6ca97ddf]
JDBC Connection [HikariProxyConnection@1433464429 wrapping com.mysql.cj.jdbc.ConnectionImpl@7e615c6a] will be managed by Spring
==>  Preparing: INSERT INTO `tb_post` (content, author_id, publish_at, last_update) VALUES (?, ?, ?, ?)
==> Parameters: 不要让过去的成就或失败定义你，持续学习，才能不断进步。(String), 22(Long), 2024-09-28T19:07:41.329414600(LocalDateTime), 2024-09-28T19:07:41.329414600(LocalDateTime)
<==    Updates: 1
Releasing transactional SqlSession [org.apache.ibatis.session.defaults.DefaultSqlSession@6ca97ddf]
Transaction synchronization committing SqlSession [org.apache.ibatis.session.defaults.DefaultSqlSession@6ca97ddf]
Transaction synchronization deregistering SqlSession [org.apache.ibatis.session.defaults.DefaultSqlSession@6ca97ddf]
Transaction synchronization closing SqlSession [org.apache.ibatis.session.defaults.DefaultSqlSession@6ca97ddf]
Creating a new SqlSession
Registering transaction synchronization for SqlSession [org.apache.ibatis.session.defaults.DefaultSqlSession@1399ad68]
JDBC Connection [HikariProxyConnection@1205094026 wrapping com.mysql.cj.jdbc.ConnectionImpl@7e615c6a] will be managed by Spring
==>  Preparing: INSERT INTO `tb_post` (content, author_id, publish_at, last_update) VALUES (?, ?, ?, ?)
==> Parameters: 学习是一种投资，它带来的回报是无尽的智慧和人生的丰富。(String), 14(Long), 2024-09-28T19:07:41.339849400(LocalDateTime), 2024-09-28T19:07:41.339849400(LocalDateTime)
<==    Updates: 1
Releasing transactional SqlSession [org.apache.ibatis.session.defaults.DefaultSqlSession@1399ad68]
Transaction synchronization committing SqlSession [org.apache.ibatis.session.defaults.DefaultSqlSession@1399ad68]
Transaction synchronization deregistering SqlSession [org.apache.ibatis.session.defaults.DefaultSqlSession@1399ad68]
Transaction synchronization closing SqlSession [org.apache.ibatis.session.defaults.DefaultSqlSession@1399ad68]
Creating a new SqlSession
Registering transaction synchronization for SqlSession [org.apache.ibatis.session.defaults.DefaultSqlSession@3e563293]
JDBC Connection [HikariProxyConnection@400976621 wrapping com.mysql.cj.jdbc.ConnectionImpl@7e615c6a] will be managed by Spring
==>  Preparing: INSERT INTO `tb_post` (content, author_id, publish_at, last_update) VALUES (?, ?, ?, ?)
==> Parameters: 与志同道合的人一起学习，可以激发更多的灵感和动力。(String), 60(Long), 2024-09-28T19:07:41.349406500(LocalDateTime), 2024-09-28T19:07:41.349406500(LocalDateTime)
<==    Updates: 1
Releasing transactional SqlSession [org.apache.ibatis.session.defaults.DefaultSqlSession@3e563293]
Transaction synchronization committing SqlSession [org.apache.ibatis.session.defaults.DefaultSqlSession@3e563293]
Transaction synchronization deregistering SqlSession [org.apache.ibatis.session.defaults.DefaultSqlSession@3e563293]
Transaction synchronization closing SqlSession [org.apache.ibatis.session.defaults.DefaultSqlSession@3e563293]
Creating a new SqlSession
Registering transaction synchronization for SqlSession [org.apache.ibatis.session.defaults.DefaultSqlSession@2f98fe6f]
JDBC Connection [HikariProxyConnection@131084586 wrapping com.mysql.cj.jdbc.ConnectionImpl@7e615c6a] will be managed by Spring
==>  Preparing: INSERT INTO `tb_post` (content, author_id, publish_at, last_update) VALUES (?, ?, ?, ?)
==> Parameters: 学习不仅是获取知识，更是培养思维能力和解决问题的能力。(String), 94(Long), 2024-09-28T19:07:41.359770900(LocalDateTime), 2024-09-28T19:07:41.359770900(LocalDateTime)
<==    Updates: 1
Releasing transactional SqlSession [org.apache.ibatis.session.defaults.DefaultSqlSession@2f98fe6f]
Transaction synchronization committing SqlSession [org.apache.ibatis.session.defaults.DefaultSqlSession@2f98fe6f]
Transaction synchronization deregistering SqlSession [org.apache.ibatis.session.defaults.DefaultSqlSession@2f98fe6f]
Transaction synchronization closing SqlSession [org.apache.ibatis.session.defaults.DefaultSqlSession@2f98fe6f]
Creating a new SqlSession
Registering transaction synchronization for SqlSession [org.apache.ibatis.session.defaults.DefaultSqlSession@66acaa54]
JDBC Connection [HikariProxyConnection@163190398 wrapping com.mysql.cj.jdbc.ConnectionImpl@7e615c6a] will be managed by Spring
==>  Preparing: INSERT INTO `tb_post` (content, author_id, publish_at, last_update) VALUES (?, ?, ?, ?)
==> Parameters: 不要害怕挑战自己，因为每一次挑战都是成长的契机。(String), 71(Long), 2024-09-28T19:07:41.369728100(LocalDateTime), 2024-09-28T19:07:41.369728100(LocalDateTime)
<==    Updates: 1
Releasing transactional SqlSession [org.apache.ibatis.session.defaults.DefaultSqlSession@66acaa54]
Transaction synchronization committing SqlSession [org.apache.ibatis.session.defaults.DefaultSqlSession@66acaa54]
Transaction synchronization deregistering SqlSession [org.apache.ibatis.session.defaults.DefaultSqlSession@66acaa54]
Transaction synchronization closing SqlSession [org.apache.ibatis.session.defaults.DefaultSqlSession@66acaa54]
Creating a new SqlSession
Registering transaction synchronization for SqlSession [org.apache.ibatis.session.defaults.DefaultSqlSession@68838767]
JDBC Connection [HikariProxyConnection@523771567 wrapping com.mysql.cj.jdbc.ConnectionImpl@7e615c6a] will be managed by Spring
==>  Preparing: INSERT INTO `tb_post` (content, author_id, publish_at, last_update) VALUES (?, ?, ?, ?)
==> Parameters: 学习是一种享受，它让你感受到知识的力量和智慧的魅力。(String), 89(Long), 2024-09-28T19:07:41.379678900(LocalDateTime), 2024-09-28T19:07:41.379678900(LocalDateTime)
<==    Updates: 1
Releasing transactional SqlSession [org.apache.ibatis.session.defaults.DefaultSqlSession@68838767]
Transaction synchronization committing SqlSession [org.apache.ibatis.session.defaults.DefaultSqlSession@68838767]
Transaction synchronization deregistering SqlSession [org.apache.ibatis.session.defaults.DefaultSqlSession@68838767]
Transaction synchronization closing SqlSession [org.apache.ibatis.session.defaults.DefaultSqlSession@68838767]
Creating a new SqlSession
Registering transaction synchronization for SqlSession [org.apache.ibatis.session.defaults.DefaultSqlSession@36dc6b9]
JDBC Connection [HikariProxyConnection@1016602486 wrapping com.mysql.cj.jdbc.ConnectionImpl@7e615c6a] will be managed by Spring
==>  Preparing: INSERT INTO `tb_post` (content, author_id, publish_at, last_update) VALUES (?, ?, ?, ?)
==> Parameters: 用学习来充实自己，让自己变得更加有内涵和魅力。(String), 79(Long), 2024-09-28T19:07:41.389797500(LocalDateTime), 2024-09-28T19:07:41.389797500(LocalDateTime)
<==    Updates: 1
Releasing transactional SqlSession [org.apache.ibatis.session.defaults.DefaultSqlSession@36dc6b9]
Transaction synchronization committing SqlSession [org.apache.ibatis.session.defaults.DefaultSqlSession@36dc6b9]
Transaction synchronization deregistering SqlSession [org.apache.ibatis.session.defaults.DefaultSqlSession@36dc6b9]
Transaction synchronization closing SqlSession [org.apache.ibatis.session.defaults.DefaultSqlSession@36dc6b9]
Creating a new SqlSession
Registering transaction synchronization for SqlSession [org.apache.ibatis.session.defaults.DefaultSqlSession@241abc2]
JDBC Connection [HikariProxyConnection@291996777 wrapping com.mysql.cj.jdbc.ConnectionImpl@7e615c6a] will be managed by Spring
==>  Preparing: INSERT INTO `tb_post` (content, author_id, publish_at, last_update) VALUES (?, ?, ?, ?)
==> Parameters: 学习是打开新世界大门的钥匙，勇敢地去探索未知吧！(String), 16(Long), 2024-09-28T19:07:41.399703700(LocalDateTime), 2024-09-28T19:07:41.399703700(LocalDateTime)
<==    Updates: 1
Releasing transactional SqlSession [org.apache.ibatis.session.defaults.DefaultSqlSession@241abc2]
Transaction synchronization committing SqlSession [org.apache.ibatis.session.defaults.DefaultSqlSession@241abc2]
Transaction synchronization deregistering SqlSession [org.apache.ibatis.session.defaults.DefaultSqlSession@241abc2]
Transaction synchronization closing SqlSession [org.apache.ibatis.session.defaults.DefaultSqlSession@241abc2]
Creating a new SqlSession
Registering transaction synchronization for SqlSession [org.apache.ibatis.session.defaults.DefaultSqlSession@3b28ab9b]
JDBC Connection [HikariProxyConnection@663535450 wrapping com.mysql.cj.jdbc.ConnectionImpl@7e615c6a] will be managed by Spring
==>  Preparing: INSERT INTO `tb_post` (content, author_id, publish_at, last_update) VALUES (?, ?, ?, ?)
==> Parameters: 不要让年龄成为学习的障碍，无论何时何地，都可以开始学习。(String), 10(Long), 2024-09-28T19:07:41.399703700(LocalDateTime), 2024-09-28T19:07:41.399703700(LocalDateTime)
<==    Updates: 1
Releasing transactional SqlSession [org.apache.ibatis.session.defaults.DefaultSqlSession@3b28ab9b]
Transaction synchronization committing SqlSession [org.apache.ibatis.session.defaults.DefaultSqlSession@3b28ab9b]
Transaction synchronization deregistering SqlSession [org.apache.ibatis.session.defaults.DefaultSqlSession@3b28ab9b]
Transaction synchronization closing SqlSession [org.apache.ibatis.session.defaults.DefaultSqlSession@3b28ab9b]
Creating a new SqlSession
Registering transaction synchronization for SqlSession [org.apache.ibatis.session.defaults.DefaultSqlSession@7db70494]
JDBC Connection [HikariProxyConnection@801808302 wrapping com.mysql.cj.jdbc.ConnectionImpl@7e615c6a] will be managed by Spring
==>  Preparing: INSERT INTO `tb_post` (content, author_id, publish_at, last_update) VALUES (?, ?, ?, ?)
==> Parameters: 学习是一种态度，它让你更加积极向上、乐观面对生活。(String), 63(Long), 2024-09-28T19:07:41.415204400(LocalDateTime), 2024-09-28T19:07:41.415204400(LocalDateTime)
<==    Updates: 1
Releasing transactional SqlSession [org.apache.ibatis.session.defaults.DefaultSqlSession@7db70494]
Transaction synchronization committing SqlSession [org.apache.ibatis.session.defaults.DefaultSqlSession@7db70494]
Transaction synchronization deregistering SqlSession [org.apache.ibatis.session.defaults.DefaultSqlSession@7db70494]
Transaction synchronization closing SqlSession [org.apache.ibatis.session.defaults.DefaultSqlSession@7db70494]
Creating a new SqlSession
Registering transaction synchronization for SqlSession [org.apache.ibatis.session.defaults.DefaultSqlSession@73e63b4d]
JDBC Connection [HikariProxyConnection@1014071026 wrapping com.mysql.cj.jdbc.ConnectionImpl@7e615c6a] will be managed by Spring
==>  Preparing: INSERT INTO `tb_post` (content, author_id, publish_at, last_update) VALUES (?, ?, ?, ?)
==> Parameters: 用学习来提升自己的竞争力，让自己在职场中脱颖而出。(String), 71(Long), 2024-09-28T19:07:41.419979600(LocalDateTime), 2024-09-28T19:07:41.419979600(LocalDateTime)
<==    Updates: 1
Releasing transactional SqlSession [org.apache.ibatis.session.defaults.DefaultSqlSession@73e63b4d]
Transaction synchronization committing SqlSession [org.apache.ibatis.session.defaults.DefaultSqlSession@73e63b4d]
Transaction synchronization deregistering SqlSession [org.apache.ibatis.session.defaults.DefaultSqlSession@73e63b4d]
Transaction synchronization closing SqlSession [org.apache.ibatis.session.defaults.DefaultSqlSession@73e63b4d]
Creating a new SqlSession
Registering transaction synchronization for SqlSession [org.apache.ibatis.session.defaults.DefaultSqlSession@61c0fb12]
JDBC Connection [HikariProxyConnection@799729654 wrapping com.mysql.cj.jdbc.ConnectionImpl@7e615c6a] will be managed by Spring
==>  Preparing: INSERT INTO `tb_post` (content, author_id, publish_at, last_update) VALUES (?, ?, ?, ?)
==> Parameters: 学习是一种责任，它让你更加明白自己的使命和价值。(String), 53(Long), 2024-09-28T19:07:41.419979600(LocalDateTime), 2024-09-28T19:07:41.419979600(LocalDateTime)
<==    Updates: 1
Releasing transactional SqlSession [org.apache.ibatis.session.defaults.DefaultSqlSession@61c0fb12]
Transaction synchronization committing SqlSession [org.apache.ibatis.session.defaults.DefaultSqlSession@61c0fb12]
Transaction synchronization deregistering SqlSession [org.apache.ibatis.session.defaults.DefaultSqlSession@61c0fb12]
Transaction synchronization closing SqlSession [org.apache.ibatis.session.defaults.DefaultSqlSession@61c0fb12]
Creating a new SqlSession
Registering transaction synchronization for SqlSession [org.apache.ibatis.session.defaults.DefaultSqlSession@5b160208]
JDBC Connection [HikariProxyConnection@379671137 wrapping com.mysql.cj.jdbc.ConnectionImpl@7e615c6a] will be managed by Spring
==>  Preparing: INSERT INTO `tb_post` (content, author_id, publish_at, last_update) VALUES (?, ?, ?, ?)
==> Parameters: 不要害怕改变，因为每一次改变都可能带来新的机遇和挑战。(String), 6(Long), 2024-09-28T19:07:41.429769400(LocalDateTime), 2024-09-28T19:07:41.429769400(LocalDateTime)
<==    Updates: 1
Releasing transactional SqlSession [org.apache.ibatis.session.defaults.DefaultSqlSession@5b160208]
Transaction synchronization committing SqlSession [org.apache.ibatis.session.defaults.DefaultSqlSession@5b160208]
Transaction synchronization deregistering SqlSession [org.apache.ibatis.session.defaults.DefaultSqlSession@5b160208]
Transaction synchronization closing SqlSession [org.apache.ibatis.session.defaults.DefaultSqlSession@5b160208]
Creating a new SqlSession
Registering transaction synchronization for SqlSession [org.apache.ibatis.session.defaults.DefaultSqlSession@20d92f1e]
JDBC Connection [HikariProxyConnection@1758225177 wrapping com.mysql.cj.jdbc.ConnectionImpl@7e615c6a] will be managed by Spring
==>  Preparing: INSERT INTO `tb_post` (content, author_id, publish_at, last_update) VALUES (?, ?, ?, ?)
==> Parameters: 学习是通往智慧的桥梁，它让你更加明智、更加成熟。(String), 53(Long), 2024-09-28T19:07:41.429769400(LocalDateTime), 2024-09-28T19:07:41.429769400(LocalDateTime)
<==    Updates: 1
Releasing transactional SqlSession [org.apache.ibatis.session.defaults.DefaultSqlSession@20d92f1e]
Transaction synchronization committing SqlSession [org.apache.ibatis.session.defaults.DefaultSqlSession@20d92f1e]
Transaction synchronization deregistering SqlSession [org.apache.ibatis.session.defaults.DefaultSqlSession@20d92f1e]
Transaction synchronization closing SqlSession [org.apache.ibatis.session.defaults.DefaultSqlSession@20d92f1e]
Creating a new SqlSession
Registering transaction synchronization for SqlSession [org.apache.ibatis.session.defaults.DefaultSqlSession@522f74a1]
JDBC Connection [HikariProxyConnection@510536150 wrapping com.mysql.cj.jdbc.ConnectionImpl@7e615c6a] will be managed by Spring
==>  Preparing: INSERT INTO `tb_post` (content, author_id, publish_at, last_update) VALUES (?, ?, ?, ?)
==> Parameters: 用学习来丰富自己的人生经历，让生命变得更加精彩和有意义。(String), 40(Long), 2024-09-28T19:07:41.439495700(LocalDateTime), 2024-09-28T19:07:41.439495700(LocalDateTime)
<==    Updates: 1
Releasing transactional SqlSession [org.apache.ibatis.session.defaults.DefaultSqlSession@522f74a1]
Transaction synchronization committing SqlSession [org.apache.ibatis.session.defaults.DefaultSqlSession@522f74a1]
Transaction synchronization deregistering SqlSession [org.apache.ibatis.session.defaults.DefaultSqlSession@522f74a1]
Transaction synchronization closing SqlSession [org.apache.ibatis.session.defaults.DefaultSqlSession@522f74a1]
Creating a new SqlSession
Registering transaction synchronization for SqlSession [org.apache.ibatis.session.defaults.DefaultSqlSession@3d9cba2]
JDBC Connection [HikariProxyConnection@1349400619 wrapping com.mysql.cj.jdbc.ConnectionImpl@7e615c6a] will be managed by Spring
==>  Preparing: INSERT INTO `tb_post` (content, author_id, publish_at, last_update) VALUES (?, ?, ?, ?)
==> Parameters: 学习是一种享受孤独的方式，它让你在独处中找到内心的平静和力量。(String), 2(Long), 2024-09-28T19:07:41.449651400(LocalDateTime), 2024-09-28T19:07:41.449651400(LocalDateTime)
<==    Updates: 1
Releasing transactional SqlSession [org.apache.ibatis.session.defaults.DefaultSqlSession@3d9cba2]
Transaction synchronization committing SqlSession [org.apache.ibatis.session.defaults.DefaultSqlSession@3d9cba2]
Transaction synchronization deregistering SqlSession [org.apache.ibatis.session.defaults.DefaultSqlSession@3d9cba2]
Transaction synchronization closing SqlSession [org.apache.ibatis.session.defaults.DefaultSqlSession@3d9cba2]
Creating a new SqlSession
Registering transaction synchronization for SqlSession [org.apache.ibatis.session.defaults.DefaultSqlSession@48d24d63]
JDBC Connection [HikariProxyConnection@28175501 wrapping com.mysql.cj.jdbc.ConnectionImpl@7e615c6a] will be managed by Spring
==>  Preparing: INSERT INTO `tb_post` (content, author_id, publish_at, last_update) VALUES (?, ?, ?, ?)
==> Parameters: 不要害怕尝试新事物，因为每一次尝试都可能带来新的发现和惊喜。(String), 40(Long), 2024-09-28T19:07:41.449651400(LocalDateTime), 2024-09-28T19:07:41.449651400(LocalDateTime)
<==    Updates: 1
Releasing transactional SqlSession [org.apache.ibatis.session.defaults.DefaultSqlSession@48d24d63]
Transaction synchronization committing SqlSession [org.apache.ibatis.session.defaults.DefaultSqlSession@48d24d63]
Transaction synchronization deregistering SqlSession [org.apache.ibatis.session.defaults.DefaultSqlSession@48d24d63]
Transaction synchronization closing SqlSession [org.apache.ibatis.session.defaults.DefaultSqlSession@48d24d63]
Creating a new SqlSession
Registering transaction synchronization for SqlSession [org.apache.ibatis.session.defaults.DefaultSqlSession@3958db82]
JDBC Connection [HikariProxyConnection@539825188 wrapping com.mysql.cj.jdbc.ConnectionImpl@7e615c6a] will be managed by Spring
==>  Preparing: INSERT INTO `tb_post` (content, author_id, publish_at, last_update) VALUES (?, ?, ?, ?)
==> Parameters: 学习是通往成功的必经之路，只有不断学习，才能不断进步。(String), 50(Long), 2024-09-28T19:07:41.460102400(LocalDateTime), 2024-09-28T19:07:41.460102400(LocalDateTime)
<==    Updates: 1
Releasing transactional SqlSession [org.apache.ibatis.session.defaults.DefaultSqlSession@3958db82]
Transaction synchronization committing SqlSession [org.apache.ibatis.session.defaults.DefaultSqlSession@3958db82]
Transaction synchronization deregistering SqlSession [org.apache.ibatis.session.defaults.DefaultSqlSession@3958db82]
Transaction synchronization closing SqlSession [org.apache.ibatis.session.defaults.DefaultSqlSession@3958db82]
Creating a new SqlSession
Registering transaction synchronization for SqlSession [org.apache.ibatis.session.defaults.DefaultSqlSession@467421cc]
JDBC Connection [HikariProxyConnection@676470485 wrapping com.mysql.cj.jdbc.ConnectionImpl@7e615c6a] will be managed by Spring
==>  Preparing: INSERT INTO `tb_post` (content, author_id, publish_at, last_update) VALUES (?, ?, ?, ?)
==> Parameters: 用学习来拓宽自己的视野，让自己看到更广阔的世界和更多的可能性。(String), 82(Long), 2024-09-28T19:07:41.460102400(LocalDateTime), 2024-09-28T19:07:41.460102400(LocalDateTime)
<==    Updates: 1
Releasing transactional SqlSession [org.apache.ibatis.session.defaults.DefaultSqlSession@467421cc]
Transaction synchronization committing SqlSession [org.apache.ibatis.session.defaults.DefaultSqlSession@467421cc]
Transaction synchronization deregistering SqlSession [org.apache.ibatis.session.defaults.DefaultSqlSession@467421cc]
Transaction synchronization closing SqlSession [org.apache.ibatis.session.defaults.DefaultSqlSession@467421cc]
Creating a new SqlSession
Registering transaction synchronization for SqlSession [org.apache.ibatis.session.defaults.DefaultSqlSession@4629dde5]
JDBC Connection [HikariProxyConnection@1672626574 wrapping com.mysql.cj.jdbc.ConnectionImpl@7e615c6a] will be managed by Spring
==>  Preparing: INSERT INTO `tb_post` (content, author_id, publish_at, last_update) VALUES (?, ?, ?, ?)
==> Parameters: 学习是一种自我提升的过程，它让你变得更加优秀和出色。(String), 34(Long), 2024-09-28T19:07:41.469550900(LocalDateTime), 2024-09-28T19:07:41.469550900(LocalDateTime)
<==    Updates: 1
Releasing transactional SqlSession [org.apache.ibatis.session.defaults.DefaultSqlSession@4629dde5]
Transaction synchronization committing SqlSession [org.apache.ibatis.session.defaults.DefaultSqlSession@4629dde5]
Transaction synchronization deregistering SqlSession [org.apache.ibatis.session.defaults.DefaultSqlSession@4629dde5]
Transaction synchronization closing SqlSession [org.apache.ibatis.session.defaults.DefaultSqlSession@4629dde5]
Creating a new SqlSession
Registering transaction synchronization for SqlSession [org.apache.ibatis.session.defaults.DefaultSqlSession@28c00acd]
JDBC Connection [HikariProxyConnection@577220795 wrapping com.mysql.cj.jdbc.ConnectionImpl@7e615c6a] will be managed by Spring
==>  Preparing: INSERT INTO `tb_post` (content, author_id, publish_at, last_update) VALUES (?, ?, ?, ?)
==> Parameters: 不要害怕失败后的重新开始，因为每一次开始都是新的机会和希望。(String), 19(Long), 2024-09-28T19:07:41.479789900(LocalDateTime), 2024-09-28T19:07:41.479789900(LocalDateTime)
<==    Updates: 1
Releasing transactional SqlSession [org.apache.ibatis.session.defaults.DefaultSqlSession@28c00acd]
Transaction synchronization committing SqlSession [org.apache.ibatis.session.defaults.DefaultSqlSession@28c00acd]
Transaction synchronization deregistering SqlSession [org.apache.ibatis.session.defaults.DefaultSqlSession@28c00acd]
Transaction synchronization closing SqlSession [org.apache.ibatis.session.defaults.DefaultSqlSession@28c00acd]
Creating a new SqlSession
Registering transaction synchronization for SqlSession [org.apache.ibatis.session.defaults.DefaultSqlSession@2dc77962]
JDBC Connection [HikariProxyConnection@275466090 wrapping com.mysql.cj.jdbc.ConnectionImpl@7e615c6a] will be managed by Spring
==>  Preparing: INSERT INTO `tb_post` (content, author_id, publish_at, last_update) VALUES (?, ?, ?, ?)
==> Parameters: 学习是通往内心深处的旅程，它让你更加了解自己、认识自己。(String), 38(Long), 2024-09-28T19:07:41.489590700(LocalDateTime), 2024-09-28T19:07:41.489590700(LocalDateTime)
<==    Updates: 1
Releasing transactional SqlSession [org.apache.ibatis.session.defaults.DefaultSqlSession@2dc77962]
Transaction synchronization committing SqlSession [org.apache.ibatis.session.defaults.DefaultSqlSession@2dc77962]
Transaction synchronization deregistering SqlSession [org.apache.ibatis.session.defaults.DefaultSqlSession@2dc77962]
Transaction synchronization closing SqlSession [org.apache.ibatis.session.defaults.DefaultSqlSession@2dc77962]
Creating a new SqlSession
Registering transaction synchronization for SqlSession [org.apache.ibatis.session.defaults.DefaultSqlSession@1e2bc241]
JDBC Connection [HikariProxyConnection@1300216352 wrapping com.mysql.cj.jdbc.ConnectionImpl@7e615c6a] will be managed by Spring
==>  Preparing: INSERT INTO `tb_post` (content, author_id, publish_at, last_update) VALUES (?, ?, ?, ?)
==> Parameters: 用学习来培养自己的兴趣爱好，让生活变得更加多彩和有趣。(String), 71(Long), 2024-09-28T19:07:41.500162400(LocalDateTime), 2024-09-28T19:07:41.500162400(LocalDateTime)
<==    Updates: 1
Releasing transactional SqlSession [org.apache.ibatis.session.defaults.DefaultSqlSession@1e2bc241]
Transaction synchronization committing SqlSession [org.apache.ibatis.session.defaults.DefaultSqlSession@1e2bc241]
Transaction synchronization deregistering SqlSession [org.apache.ibatis.session.defaults.DefaultSqlSession@1e2bc241]
Transaction synchronization closing SqlSession [org.apache.ibatis.session.defaults.DefaultSqlSession@1e2bc241]
Creating a new SqlSession
Registering transaction synchronization for SqlSession [org.apache.ibatis.session.defaults.DefaultSqlSession@90c01ab]
JDBC Connection [HikariProxyConnection@1910857288 wrapping com.mysql.cj.jdbc.ConnectionImpl@7e615c6a] will be managed by Spring
==>  Preparing: INSERT INTO `tb_post` (content, author_id, publish_at, last_update) VALUES (?, ?, ?, ?)
==> Parameters: 学习是一种永不停歇的追求，它让你永远保持年轻和活力。(String), 22(Long), 2024-09-28T19:07:41.510225600(LocalDateTime), 2024-09-28T19:07:41.510225600(LocalDateTime)
<==    Updates: 1
Releasing transactional SqlSession [org.apache.ibatis.session.defaults.DefaultSqlSession@90c01ab]
Transaction synchronization committing SqlSession [org.apache.ibatis.session.defaults.DefaultSqlSession@90c01ab]
Transaction synchronization deregistering SqlSession [org.apache.ibatis.session.defaults.DefaultSqlSession@90c01ab]
Transaction synchronization closing SqlSession [org.apache.ibatis.session.defaults.DefaultSqlSession@90c01ab]
Creating a new SqlSession
Registering transaction synchronization for SqlSession [org.apache.ibatis.session.defaults.DefaultSqlSession@769a9b7a]
JDBC Connection [HikariProxyConnection@1342423316 wrapping com.mysql.cj.jdbc.ConnectionImpl@7e615c6a] will be managed by Spring
==>  Preparing: INSERT INTO `tb_post` (content, author_id, publish_at, last_update) VALUES (?, ?, ?, ?)
==> Parameters: 不要害怕困难，因为每一次克服困难都是对自己能力的肯定和提升。(String), 74(Long), 2024-09-28T19:07:41.519583900(LocalDateTime), 2024-09-28T19:07:41.519583900(LocalDateTime)
<==    Updates: 1
Releasing transactional SqlSession [org.apache.ibatis.session.defaults.DefaultSqlSession@769a9b7a]
Transaction synchronization committing SqlSession [org.apache.ibatis.session.defaults.DefaultSqlSession@769a9b7a]
Transaction synchronization deregistering SqlSession [org.apache.ibatis.session.defaults.DefaultSqlSession@769a9b7a]
Transaction synchronization closing SqlSession [org.apache.ibatis.session.defaults.DefaultSqlSession@769a9b7a]
Creating a new SqlSession
Registering transaction synchronization for SqlSession [org.apache.ibatis.session.defaults.DefaultSqlSession@3d2ff73a]
JDBC Connection [HikariProxyConnection@1347111575 wrapping com.mysql.cj.jdbc.ConnectionImpl@7e615c6a] will be managed by Spring
==>  Preparing: INSERT INTO `tb_post` (content, author_id, publish_at, last_update) VALUES (?, ?, ?, ?)
==> Parameters: 学习是通往更高境界的阶梯，只有不断攀登，才能看到更美的风景。(String), 29(Long), 2024-09-28T19:07:41.529653800(LocalDateTime), 2024-09-28T19:07:41.529653800(LocalDateTime)
<==    Updates: 1
Releasing transactional SqlSession [org.apache.ibatis.session.defaults.DefaultSqlSession@3d2ff73a]
Transaction synchronization committing SqlSession [org.apache.ibatis.session.defaults.DefaultSqlSession@3d2ff73a]
Transaction synchronization deregistering SqlSession [org.apache.ibatis.session.defaults.DefaultSqlSession@3d2ff73a]
Transaction synchronization closing SqlSession [org.apache.ibatis.session.defaults.DefaultSqlSession@3d2ff73a]
Creating a new SqlSession
Registering transaction synchronization for SqlSession [org.apache.ibatis.session.defaults.DefaultSqlSession@2caa9666]
JDBC Connection [HikariProxyConnection@1232346752 wrapping com.mysql.cj.jdbc.ConnectionImpl@7e615c6a] will be managed by Spring
==>  Preparing: INSERT INTO `tb_post` (content, author_id, publish_at, last_update) VALUES (?, ?, ?, ?)
==> Parameters: 用学习来丰富自己的精神世界，让内心变得更加充实和满足。(String), 7(Long), 2024-09-28T19:07:41.540186900(LocalDateTime), 2024-09-28T19:07:41.540186900(LocalDateTime)
<==    Updates: 1
Releasing transactional SqlSession [org.apache.ibatis.session.defaults.DefaultSqlSession@2caa9666]
Transaction synchronization committing SqlSession [org.apache.ibatis.session.defaults.DefaultSqlSession@2caa9666]
Transaction synchronization deregistering SqlSession [org.apache.ibatis.session.defaults.DefaultSqlSession@2caa9666]
Transaction synchronization closing SqlSession [org.apache.ibatis.session.defaults.DefaultSqlSession@2caa9666]
Creating a new SqlSession
Registering transaction synchronization for SqlSession [org.apache.ibatis.session.defaults.DefaultSqlSession@643a73fa]
JDBC Connection [HikariProxyConnection@646359041 wrapping com.mysql.cj.jdbc.ConnectionImpl@7e615c6a] will be managed by Spring
==>  Preparing: INSERT INTO `tb_post` (content, author_id, publish_at, last_update) VALUES (?, ?, ?, ?)
==> Parameters: 学习是一种传承，它将前人的智慧和经验传递给我们，让我们少走弯路。(String), 16(Long), 2024-09-28T19:07:41.550527500(LocalDateTime), 2024-09-28T19:07:41.550527500(LocalDateTime)
<==    Updates: 1
Releasing transactional SqlSession [org.apache.ibatis.session.defaults.DefaultSqlSession@643a73fa]
Transaction synchronization committing SqlSession [org.apache.ibatis.session.defaults.DefaultSqlSession@643a73fa]
Transaction synchronization deregistering SqlSession [org.apache.ibatis.session.defaults.DefaultSqlSession@643a73fa]
Transaction synchronization closing SqlSession [org.apache.ibatis.session.defaults.DefaultSqlSession@643a73fa]
Creating a new SqlSession
Registering transaction synchronization for SqlSession [org.apache.ibatis.session.defaults.DefaultSqlSession@5d24703e]
JDBC Connection [HikariProxyConnection@1956642247 wrapping com.mysql.cj.jdbc.ConnectionImpl@7e615c6a] will be managed by Spring
==>  Preparing: INSERT INTO `tb_post` (content, author_id, publish_at, last_update) VALUES (?, ?, ?, ?)
==> Parameters: 不要害怕未知，因为每一次探索未知都是对自己勇气的考验和锻炼。(String), 51(Long), 2024-09-28T19:07:41.559875900(LocalDateTime), 2024-09-28T19:07:41.559875900(LocalDateTime)
<==    Updates: 1
Releasing transactional SqlSession [org.apache.ibatis.session.defaults.DefaultSqlSession@5d24703e]
Transaction synchronization committing SqlSession [org.apache.ibatis.session.defaults.DefaultSqlSession@5d24703e]
Transaction synchronization deregistering SqlSession [org.apache.ibatis.session.defaults.DefaultSqlSession@5d24703e]
Transaction synchronization closing SqlSession [org.apache.ibatis.session.defaults.DefaultSqlSession@5d24703e]
Creating a new SqlSession
Registering transaction synchronization for SqlSession [org.apache.ibatis.session.defaults.DefaultSqlSession@518b0c12]
JDBC Connection [HikariProxyConnection@1085888709 wrapping com.mysql.cj.jdbc.ConnectionImpl@7e615c6a] will be managed by Spring
==>  Preparing: INSERT INTO `tb_post` (content, author_id, publish_at, last_update) VALUES (?, ?, ?, ?)
==> Parameters: 学习是通往未来的桥梁，它让我们看到未来的希望和可能性。(String), 62(Long), 2024-09-28T19:07:41.569940300(LocalDateTime), 2024-09-28T19:07:41.569940300(LocalDateTime)
<==    Updates: 1
Releasing transactional SqlSession [org.apache.ibatis.session.defaults.DefaultSqlSession@518b0c12]
Transaction synchronization committing SqlSession [org.apache.ibatis.session.defaults.DefaultSqlSession@518b0c12]
Transaction synchronization deregistering SqlSession [org.apache.ibatis.session.defaults.DefaultSqlSession@518b0c12]
Transaction synchronization closing SqlSession [org.apache.ibatis.session.defaults.DefaultSqlSession@518b0c12]
Creating a new SqlSession
Registering transaction synchronization for SqlSession [org.apache.ibatis.session.defaults.DefaultSqlSession@231c521e]
JDBC Connection [HikariProxyConnection@467903124 wrapping com.mysql.cj.jdbc.ConnectionImpl@7e615c6a] will be managed by Spring
==>  Preparing: INSERT INTO `tb_post` (content, author_id, publish_at, last_update) VALUES (?, ?, ?, ?)
==> Parameters: 用学习来提升自己的综合素质，让自己成为更全面、更优秀的人。(String), 99(Long), 2024-09-28T19:07:41.579635300(LocalDateTime), 2024-09-28T19:07:41.579635300(LocalDateTime)
<==    Updates: 1
Releasing transactional SqlSession [org.apache.ibatis.session.defaults.DefaultSqlSession@231c521e]
Transaction synchronization committing SqlSession [org.apache.ibatis.session.defaults.DefaultSqlSession@231c521e]
Transaction synchronization deregistering SqlSession [org.apache.ibatis.session.defaults.DefaultSqlSession@231c521e]
Transaction synchronization closing SqlSession [org.apache.ibatis.session.defaults.DefaultSqlSession@231c521e]
Creating a new SqlSession
Registering transaction synchronization for SqlSession [org.apache.ibatis.session.defaults.DefaultSqlSession@115924ba]
JDBC Connection [HikariProxyConnection@623717056 wrapping com.mysql.cj.jdbc.ConnectionImpl@7e615c6a] will be managed by Spring
==>  Preparing: INSERT INTO `tb_post` (content, author_id, publish_at, last_update) VALUES (?, ?, ?, ?)
==> Parameters: 学习是一种享受过程的心态，它让我们在追求目标的过程中找到快乐和满足。(String), 58(Long), 2024-09-28T19:07:41.589607200(LocalDateTime), 2024-09-28T19:07:41.589607200(LocalDateTime)
<==    Updates: 1
Releasing transactional SqlSession [org.apache.ibatis.session.defaults.DefaultSqlSession@115924ba]
Transaction synchronization committing SqlSession [org.apache.ibatis.session.defaults.DefaultSqlSession@115924ba]
Transaction synchronization deregistering SqlSession [org.apache.ibatis.session.defaults.DefaultSqlSession@115924ba]
Transaction synchronization closing SqlSession [org.apache.ibatis.session.defaults.DefaultSqlSession@115924ba]
Creating a new SqlSession
Registering transaction synchronization for SqlSession [org.apache.ibatis.session.defaults.DefaultSqlSession@36ce9eaf]
JDBC Connection [HikariProxyConnection@522711892 wrapping com.mysql.cj.jdbc.ConnectionImpl@7e615c6a] will be managed by Spring
==>  Preparing: INSERT INTO `tb_post` (content, author_id, publish_at, last_update) VALUES (?, ?, ?, ?)
==> Parameters: 不要害怕承认自己的不足，因为每一次承认都是对自己诚实的表现和对未来的期许。(String), 90(Long), 2024-09-28T19:07:41.599549900(LocalDateTime), 2024-09-28T19:07:41.599549900(LocalDateTime)
<==    Updates: 1
Releasing transactional SqlSession [org.apache.ibatis.session.defaults.DefaultSqlSession@36ce9eaf]
Transaction synchronization committing SqlSession [org.apache.ibatis.session.defaults.DefaultSqlSession@36ce9eaf]
Transaction synchronization deregistering SqlSession [org.apache.ibatis.session.defaults.DefaultSqlSession@36ce9eaf]
Transaction synchronization closing SqlSession [org.apache.ibatis.session.defaults.DefaultSqlSession@36ce9eaf]
Creating a new SqlSession
Registering transaction synchronization for SqlSession [org.apache.ibatis.session.defaults.DefaultSqlSession@702432cc]
JDBC Connection [HikariProxyConnection@895175732 wrapping com.mysql.cj.jdbc.ConnectionImpl@7e615c6a] will be managed by Spring
==>  Preparing: INSERT INTO `tb_post` (content, author_id, publish_at, last_update) VALUES (?, ?, ?, ?)
==> Parameters: 学习是通往内心深处宁静的途径，它让我们在喧嚣的世界中找到内心的平静和安宁。(String), 73(Long), 2024-09-28T19:07:41.611044600(LocalDateTime), 2024-09-28T19:07:41.611044600(LocalDateTime)
<==    Updates: 1
Releasing transactional SqlSession [org.apache.ibatis.session.defaults.DefaultSqlSession@702432cc]
Transaction synchronization committing SqlSession [org.apache.ibatis.session.defaults.DefaultSqlSession@702432cc]
Transaction synchronization deregistering SqlSession [org.apache.ibatis.session.defaults.DefaultSqlSession@702432cc]
Transaction synchronization closing SqlSession [org.apache.ibatis.session.defaults.DefaultSqlSession@702432cc]
Creating a new SqlSession
Registering transaction synchronization for SqlSession [org.apache.ibatis.session.defaults.DefaultSqlSession@1372696b]
JDBC Connection [HikariProxyConnection@544100739 wrapping com.mysql.cj.jdbc.ConnectionImpl@7e615c6a] will be managed by Spring
==>  Preparing: INSERT INTO `tb_post` (content, author_id, publish_at, last_update) VALUES (?, ?, ?, ?)
==> Parameters: 用学习来培养自己的创造力和想象力，让思维变得更加开阔和灵活。(String), 60(Long), 2024-09-28T19:07:41.619465200(LocalDateTime), 2024-09-28T19:07:41.619465200(LocalDateTime)
<==    Updates: 1
Releasing transactional SqlSession [org.apache.ibatis.session.defaults.DefaultSqlSession@1372696b]
Transaction synchronization committing SqlSession [org.apache.ibatis.session.defaults.DefaultSqlSession@1372696b]
Transaction synchronization deregistering SqlSession [org.apache.ibatis.session.defaults.DefaultSqlSession@1372696b]
Transaction synchronization closing SqlSession [org.apache.ibatis.session.defaults.DefaultSqlSession@1372696b]
Creating a new SqlSession
Registering transaction synchronization for SqlSession [org.apache.ibatis.session.defaults.DefaultSqlSession@73633230]
JDBC Connection [HikariProxyConnection@34994391 wrapping com.mysql.cj.jdbc.ConnectionImpl@7e615c6a] will be managed by Spring
==>  Preparing: INSERT INTO `tb_post` (content, author_id, publish_at, last_update) VALUES (?, ?, ?, ?)
==> Parameters: 学习是一种不断超越自我的过程，它让我们不断挑战自己的极限和突破自己的束缚。(String), 3(Long), 2024-09-28T19:07:41.631447800(LocalDateTime), 2024-09-28T19:07:41.631447800(LocalDateTime)
<==    Updates: 1
Releasing transactional SqlSession [org.apache.ibatis.session.defaults.DefaultSqlSession@73633230]
Transaction synchronization committing SqlSession [org.apache.ibatis.session.defaults.DefaultSqlSession@73633230]
Transaction synchronization deregistering SqlSession [org.apache.ibatis.session.defaults.DefaultSqlSession@73633230]
Transaction synchronization closing SqlSession [org.apache.ibatis.session.defaults.DefaultSqlSession@73633230]
Creating a new SqlSession
Registering transaction synchronization for SqlSession [org.apache.ibatis.session.defaults.DefaultSqlSession@3e984100]
JDBC Connection [HikariProxyConnection@1818817180 wrapping com.mysql.cj.jdbc.ConnectionImpl@7e615c6a] will be managed by Spring
==>  Preparing: INSERT INTO `tb_post` (content, author_id, publish_at, last_update) VALUES (?, ?, ?, ?)
==> Parameters: 不要害怕改变自己的想法和观念，因为每一次改变都是对自己认知的升级和拓展。(String), 51(Long), 2024-09-28T19:07:41.639581700(LocalDateTime), 2024-09-28T19:07:41.639581700(LocalDateTime)
<==    Updates: 1
Releasing transactional SqlSession [org.apache.ibatis.session.defaults.DefaultSqlSession@3e984100]
Transaction synchronization committing SqlSession [org.apache.ibatis.session.defaults.DefaultSqlSession@3e984100]
Transaction synchronization deregistering SqlSession [org.apache.ibatis.session.defaults.DefaultSqlSession@3e984100]
Transaction synchronization closing SqlSession [org.apache.ibatis.session.defaults.DefaultSqlSession@3e984100]
Creating a new SqlSession
Registering transaction synchronization for SqlSession [org.apache.ibatis.session.defaults.DefaultSqlSession@623ed5ed]
JDBC Connection [HikariProxyConnection@732214059 wrapping com.mysql.cj.jdbc.ConnectionImpl@7e615c6a] will be managed by Spring
==>  Preparing: INSERT INTO `tb_post` (content, author_id, publish_at, last_update) VALUES (?, ?, ?, ?)
==> Parameters: 学习是通往更高层次思维和认知的必经之路，只有不断学习，才能不断提升自己的思维水平和认知能力。(String), 38(Long), 2024-09-28T19:07:41.644591600(LocalDateTime), 2024-09-28T19:07:41.644591600(LocalDateTime)
<==    Updates: 1
Releasing transactional SqlSession [org.apache.ibatis.session.defaults.DefaultSqlSession@623ed5ed]
Transaction synchronization committing SqlSession [org.apache.ibatis.session.defaults.DefaultSqlSession@623ed5ed]
Transaction synchronization deregistering SqlSession [org.apache.ibatis.session.defaults.DefaultSqlSession@623ed5ed]
Transaction synchronization closing SqlSession [org.apache.ibatis.session.defaults.DefaultSqlSession@623ed5ed]
Creating a new SqlSession
Registering transaction synchronization for SqlSession [org.apache.ibatis.session.defaults.DefaultSqlSession@47fbf95e]
JDBC Connection [HikariProxyConnection@1791032605 wrapping com.mysql.cj.jdbc.ConnectionImpl@7e615c6a] will be managed by Spring
==>  Preparing: INSERT INTO `tb_post` (content, author_id, publish_at, last_update) VALUES (?, ?, ?, ?)
==> Parameters: 用学习来拓宽自己的社交圈子，结交更多志同道合的朋友和伙伴。(String), 77(Long), 2024-09-28T19:07:41.649674200(LocalDateTime), 2024-09-28T19:07:41.649674200(LocalDateTime)
<==    Updates: 1
Releasing transactional SqlSession [org.apache.ibatis.session.defaults.DefaultSqlSession@47fbf95e]
Transaction synchronization committing SqlSession [org.apache.ibatis.session.defaults.DefaultSqlSession@47fbf95e]
Transaction synchronization deregistering SqlSession [org.apache.ibatis.session.defaults.DefaultSqlSession@47fbf95e]
Transaction synchronization closing SqlSession [org.apache.ibatis.session.defaults.DefaultSqlSession@47fbf95e]
Creating a new SqlSession
Registering transaction synchronization for SqlSession [org.apache.ibatis.session.defaults.DefaultSqlSession@6413eeb7]
JDBC Connection [HikariProxyConnection@1898058733 wrapping com.mysql.cj.jdbc.ConnectionImpl@7e615c6a] will be managed by Spring
==>  Preparing: INSERT INTO `tb_post` (content, author_id, publish_at, last_update) VALUES (?, ?, ?, ?)
==> Parameters: 学习是一种对自己的投资，它带来的回报是长期的、持久的。(String), 50(Long), 2024-09-28T19:07:41.654684200(LocalDateTime), 2024-09-28T19:07:41.654684200(LocalDateTime)
<==    Updates: 1
Releasing transactional SqlSession [org.apache.ibatis.session.defaults.DefaultSqlSession@6413eeb7]
Transaction synchronization committing SqlSession [org.apache.ibatis.session.defaults.DefaultSqlSession@6413eeb7]
Transaction synchronization deregistering SqlSession [org.apache.ibatis.session.defaults.DefaultSqlSession@6413eeb7]
Transaction synchronization closing SqlSession [org.apache.ibatis.session.defaults.DefaultSqlSession@6413eeb7]
Creating a new SqlSession
Registering transaction synchronization for SqlSession [org.apache.ibatis.session.defaults.DefaultSqlSession@1c15a6aa]
JDBC Connection [HikariProxyConnection@1640299572 wrapping com.mysql.cj.jdbc.ConnectionImpl@7e615c6a] will be managed by Spring
==>  Preparing: INSERT INTO `tb_post` (content, author_id, publish_at, last_update) VALUES (?, ?, ?, ?)
==> Parameters: 不要害怕面对自己的弱点和缺陷，因为每一次面对都是对自己成长的促进和推动。(String), 8(Long), 2024-09-28T19:07:41.659698800(LocalDateTime), 2024-09-28T19:07:41.659698800(LocalDateTime)
<==    Updates: 1
Releasing transactional SqlSession [org.apache.ibatis.session.defaults.DefaultSqlSession@1c15a6aa]
Transaction synchronization committing SqlSession [org.apache.ibatis.session.defaults.DefaultSqlSession@1c15a6aa]
Transaction synchronization deregistering SqlSession [org.apache.ibatis.session.defaults.DefaultSqlSession@1c15a6aa]
Transaction synchronization closing SqlSession [org.apache.ibatis.session.defaults.DefaultSqlSession@1c15a6aa]
Creating a new SqlSession
Registering transaction synchronization for SqlSession [org.apache.ibatis.session.defaults.DefaultSqlSession@68ea1eb5]
JDBC Connection [HikariProxyConnection@226230494 wrapping com.mysql.cj.jdbc.ConnectionImpl@7e615c6a] will be managed by Spring
==>  Preparing: INSERT INTO `tb_post` (content, author_id, publish_at, last_update) VALUES (?, ?, ?, ?)
==> Parameters: 学习是通往内心深处自信和力量的源泉，它让我们更加坚定地追求自己的梦想和目标。(String), 50(Long), 2024-09-28T19:07:41.669566200(LocalDateTime), 2024-09-28T19:07:41.669566200(LocalDateTime)
<==    Updates: 1
Releasing transactional SqlSession [org.apache.ibatis.session.defaults.DefaultSqlSession@68ea1eb5]
Transaction synchronization committing SqlSession [org.apache.ibatis.session.defaults.DefaultSqlSession@68ea1eb5]
Transaction synchronization deregistering SqlSession [org.apache.ibatis.session.defaults.DefaultSqlSession@68ea1eb5]
Transaction synchronization closing SqlSession [org.apache.ibatis.session.defaults.DefaultSqlSession@68ea1eb5]
Creating a new SqlSession
Registering transaction synchronization for SqlSession [org.apache.ibatis.session.defaults.DefaultSqlSession@4c678a1f]
JDBC Connection [HikariProxyConnection@1615264672 wrapping com.mysql.cj.jdbc.ConnectionImpl@7e615c6a] will be managed by Spring
==>  Preparing: INSERT INTO `tb_post` (content, author_id, publish_at, last_update) VALUES (?, ?, ?, ?)
==> Parameters: 用学习来提升自己的领导力和团队协作能力，成为更优秀的领导者或团队成员。(String), 99(Long), 2024-09-28T19:07:41.669566200(LocalDateTime), 2024-09-28T19:07:41.669566200(LocalDateTime)
<==    Updates: 1
Releasing transactional SqlSession [org.apache.ibatis.session.defaults.DefaultSqlSession@4c678a1f]
Transaction synchronization committing SqlSession [org.apache.ibatis.session.defaults.DefaultSqlSession@4c678a1f]
Transaction synchronization deregistering SqlSession [org.apache.ibatis.session.defaults.DefaultSqlSession@4c678a1f]
Transaction synchronization closing SqlSession [org.apache.ibatis.session.defaults.DefaultSqlSession@4c678a1f]
Creating a new SqlSession
Registering transaction synchronization for SqlSession [org.apache.ibatis.session.defaults.DefaultSqlSession@755033c5]
JDBC Connection [HikariProxyConnection@1531556319 wrapping com.mysql.cj.jdbc.ConnectionImpl@7e615c6a] will be managed by Spring
==>  Preparing: INSERT INTO `tb_post` (content, author_id, publish_at, last_update) VALUES (?, ?, ?, ?)
==> Parameters: 学习是一种不断适应变化的能力，它让我们在快速变化的世界中保持竞争力和生存能力。(String), 54(Long), 2024-09-28T19:07:41.679482700(LocalDateTime), 2024-09-28T19:07:41.679482700(LocalDateTime)
<==    Updates: 1
Releasing transactional SqlSession [org.apache.ibatis.session.defaults.DefaultSqlSession@755033c5]
Transaction synchronization committing SqlSession [org.apache.ibatis.session.defaults.DefaultSqlSession@755033c5]
Transaction synchronization deregistering SqlSession [org.apache.ibatis.session.defaults.DefaultSqlSession@755033c5]
Transaction synchronization closing SqlSession [org.apache.ibatis.session.defaults.DefaultSqlSession@755033c5]
Creating a new SqlSession
Registering transaction synchronization for SqlSession [org.apache.ibatis.session.defaults.DefaultSqlSession@5c9168c3]
JDBC Connection [HikariProxyConnection@1461257215 wrapping com.mysql.cj.jdbc.ConnectionImpl@7e615c6a] will be managed by Spring
==>  Preparing: INSERT INTO `tb_post` (content, author_id, publish_at, last_update) VALUES (?, ?, ?, ?)
==> Parameters: 不要害怕接受新的挑战和任务，因为每一次接受都是对自己能力的锻炼和提升。(String), 73(Long), 2024-09-28T19:07:41.685852800(LocalDateTime), 2024-09-28T19:07:41.685852800(LocalDateTime)
<==    Updates: 1
Releasing transactional SqlSession [org.apache.ibatis.session.defaults.DefaultSqlSession@5c9168c3]
Transaction synchronization committing SqlSession [org.apache.ibatis.session.defaults.DefaultSqlSession@5c9168c3]
Transaction synchronization deregistering SqlSession [org.apache.ibatis.session.defaults.DefaultSqlSession@5c9168c3]
Transaction synchronization closing SqlSession [org.apache.ibatis.session.defaults.DefaultSqlSession@5c9168c3]
Creating a new SqlSession
Registering transaction synchronization for SqlSession [org.apache.ibatis.session.defaults.DefaultSqlSession@727de450]
JDBC Connection [HikariProxyConnection@1886891676 wrapping com.mysql.cj.jdbc.ConnectionImpl@7e615c6a] will be managed by Spring
==>  Preparing: INSERT INTO `tb_post` (content, author_id, publish_at, last_update) VALUES (?, ?, ?, ?)
==> Parameters: 学习是通往更高层次人生境界的阶梯，只有不断学习，才能不断提升自己的人生质量和幸福感。(String), 9(Long), 2024-09-28T19:07:41.689360200(LocalDateTime), 2024-09-28T19:07:41.689360200(LocalDateTime)
<==    Updates: 1
Releasing transactional SqlSession [org.apache.ibatis.session.defaults.DefaultSqlSession@727de450]
Transaction synchronization committing SqlSession [org.apache.ibatis.session.defaults.DefaultSqlSession@727de450]
Transaction synchronization deregistering SqlSession [org.apache.ibatis.session.defaults.DefaultSqlSession@727de450]
Transaction synchronization closing SqlSession [org.apache.ibatis.session.defaults.DefaultSqlSession@727de450]
Creating a new SqlSession
Registering transaction synchronization for SqlSession [org.apache.ibatis.session.defaults.DefaultSqlSession@6f30d0eb]
JDBC Connection [HikariProxyConnection@39864640 wrapping com.mysql.cj.jdbc.ConnectionImpl@7e615c6a] will be managed by Spring
==>  Preparing: INSERT INTO `tb_post` (content, author_id, publish_at, last_update) VALUES (?, ?, ?, ?)
==> Parameters: 用学习来培养自己的耐心和毅力，让自己在面对困难和挑战时更加坚韧不拔。(String), 94(Long), 2024-09-28T19:07:41.698507700(LocalDateTime), 2024-09-28T19:07:41.698507700(LocalDateTime)
<==    Updates: 1
Releasing transactional SqlSession [org.apache.ibatis.session.defaults.DefaultSqlSession@6f30d0eb]
Transaction synchronization committing SqlSession [org.apache.ibatis.session.defaults.DefaultSqlSession@6f30d0eb]
Transaction synchronization deregistering SqlSession [org.apache.ibatis.session.defaults.DefaultSqlSession@6f30d0eb]
Transaction synchronization closing SqlSession [org.apache.ibatis.session.defaults.DefaultSqlSession@6f30d0eb]
Creating a new SqlSession
Registering transaction synchronization for SqlSession [org.apache.ibatis.session.defaults.DefaultSqlSession@11267e87]
JDBC Connection [HikariProxyConnection@228963439 wrapping com.mysql.cj.jdbc.ConnectionImpl@7e615c6a] will be managed by Spring
==>  Preparing: INSERT INTO `tb_post` (content, author_id, publish_at, last_update) VALUES (?, ?, ?, ?)
==> Parameters: 学习是一种对自己的善待和关爱，它让我们在忙碌的生活中找到片刻的宁静和放松。(String), 74(Long), 2024-09-28T19:07:41.701635700(LocalDateTime), 2024-09-28T19:07:41.701635700(LocalDateTime)
<==    Updates: 1
Releasing transactional SqlSession [org.apache.ibatis.session.defaults.DefaultSqlSession@11267e87]
Transaction synchronization committing SqlSession [org.apache.ibatis.session.defaults.DefaultSqlSession@11267e87]
Transaction synchronization deregistering SqlSession [org.apache.ibatis.session.defaults.DefaultSqlSession@11267e87]
Transaction synchronization closing SqlSession [org.apache.ibatis.session.defaults.DefaultSqlSession@11267e87]
Creating a new SqlSession
Registering transaction synchronization for SqlSession [org.apache.ibatis.session.defaults.DefaultSqlSession@5aefdb9e]
JDBC Connection [HikariProxyConnection@134963352 wrapping com.mysql.cj.jdbc.ConnectionImpl@7e615c6a] will be managed by Spring
==>  Preparing: INSERT INTO `tb_post` (content, author_id, publish_at, last_update) VALUES (?, ?, ?, ?)
==> Parameters: 不要害怕失败后的反思和总结，因为每一次反思都是对自己成长的促进和推动。(String), 8(Long), 2024-09-28T19:07:41.709780100(LocalDateTime), 2024-09-28T19:07:41.709780100(LocalDateTime)
<==    Updates: 1
Releasing transactional SqlSession [org.apache.ibatis.session.defaults.DefaultSqlSession@5aefdb9e]
Transaction synchronization committing SqlSession [org.apache.ibatis.session.defaults.DefaultSqlSession@5aefdb9e]
Transaction synchronization deregistering SqlSession [org.apache.ibatis.session.defaults.DefaultSqlSession@5aefdb9e]
Transaction synchronization closing SqlSession [org.apache.ibatis.session.defaults.DefaultSqlSession@5aefdb9e]
Creating a new SqlSession
Registering transaction synchronization for SqlSession [org.apache.ibatis.session.defaults.DefaultSqlSession@4a0f4282]
JDBC Connection [HikariProxyConnection@1137678248 wrapping com.mysql.cj.jdbc.ConnectionImpl@7e615c6a] will be managed by Spring
==>  Preparing: INSERT INTO `tb_post` (content, author_id, publish_at, last_update) VALUES (?, ?, ?, ?)
==> Parameters: 学习是通往内心深处智慧和灵感的源泉，它让我们更加敏锐地洞察世界和人生。(String), 75(Long), 2024-09-28T19:07:41.714843800(LocalDateTime), 2024-09-28T19:07:41.714843800(LocalDateTime)
<==    Updates: 1
Releasing transactional SqlSession [org.apache.ibatis.session.defaults.DefaultSqlSession@4a0f4282]
Transaction synchronization committing SqlSession [org.apache.ibatis.session.defaults.DefaultSqlSession@4a0f4282]
Transaction synchronization deregistering SqlSession [org.apache.ibatis.session.defaults.DefaultSqlSession@4a0f4282]
Transaction synchronization closing SqlSession [org.apache.ibatis.session.defaults.DefaultSqlSession@4a0f4282]
Creating a new SqlSession
Registering transaction synchronization for SqlSession [org.apache.ibatis.session.defaults.DefaultSqlSession@3398ed12]
JDBC Connection [HikariProxyConnection@105784446 wrapping com.mysql.cj.jdbc.ConnectionImpl@7e615c6a] will be managed by Spring
==>  Preparing: INSERT INTO `tb_post` (content, author_id, publish_at, last_update) VALUES (?, ?, ?, ?)
==> Parameters: 用学习来提升自己的创新能力和解决问题的能力，成为更优秀的创新者或问题解决者。(String), 70(Long), 2024-09-28T19:07:41.719507500(LocalDateTime), 2024-09-28T19:07:41.719507500(LocalDateTime)
<==    Updates: 1
Releasing transactional SqlSession [org.apache.ibatis.session.defaults.DefaultSqlSession@3398ed12]
Transaction synchronization committing SqlSession [org.apache.ibatis.session.defaults.DefaultSqlSession@3398ed12]
Transaction synchronization deregistering SqlSession [org.apache.ibatis.session.defaults.DefaultSqlSession@3398ed12]
Transaction synchronization closing SqlSession [org.apache.ibatis.session.defaults.DefaultSqlSession@3398ed12]
Creating a new SqlSession
Registering transaction synchronization for SqlSession [org.apache.ibatis.session.defaults.DefaultSqlSession@3458be63]
JDBC Connection [HikariProxyConnection@1555243328 wrapping com.mysql.cj.jdbc.ConnectionImpl@7e615c6a] will be managed by Spring
==>  Preparing: INSERT INTO `tb_post` (content, author_id, publish_at, last_update) VALUES (?, ?, ?, ?)
==> Parameters: 学习是一种不断追求进步和完美的态度，它让我们永远不满足于现状，不断追求更好的自己和更好的未来。(String), 77(Long), 2024-09-28T19:07:41.752974300(LocalDateTime), 2024-09-28T19:07:41.752974300(LocalDateTime)
<==    Updates: 1
Releasing transactional SqlSession [org.apache.ibatis.session.defaults.DefaultSqlSession@3458be63]
Transaction synchronization committing SqlSession [org.apache.ibatis.session.defaults.DefaultSqlSession@3458be63]
Transaction synchronization deregistering SqlSession [org.apache.ibatis.session.defaults.DefaultSqlSession@3458be63]
Transaction synchronization closing SqlSession [org.apache.ibatis.session.defaults.DefaultSqlSession@3458be63]
Creating a new SqlSession
Registering transaction synchronization for SqlSession [org.apache.ibatis.session.defaults.DefaultSqlSession@31daf094]
JDBC Connection [HikariProxyConnection@1042700305 wrapping com.mysql.cj.jdbc.ConnectionImpl@7e615c6a] will be managed by Spring
==>  Preparing: INSERT INTO `tb_post` (content, author_id, publish_at, last_update) VALUES (?, ?, ?, ?)
==> Parameters: 不要害怕尝试新的学习方法和技巧，因为每一次尝试都可能带来新的突破和进步。(String), 39(Long), 2024-09-28T19:07:41.759549300(LocalDateTime), 2024-09-28T19:07:41.759549300(LocalDateTime)
<==    Updates: 1
Releasing transactional SqlSession [org.apache.ibatis.session.defaults.DefaultSqlSession@31daf094]
Transaction synchronization committing SqlSession [org.apache.ibatis.session.defaults.DefaultSqlSession@31daf094]
Transaction synchronization deregistering SqlSession [org.apache.ibatis.session.defaults.DefaultSqlSession@31daf094]
Transaction synchronization closing SqlSession [org.apache.ibatis.session.defaults.DefaultSqlSession@31daf094]
Creating a new SqlSession
Registering transaction synchronization for SqlSession [org.apache.ibatis.session.defaults.DefaultSqlSession@748fa354]
JDBC Connection [HikariProxyConnection@779034440 wrapping com.mysql.cj.jdbc.ConnectionImpl@7e615c6a] will be managed by Spring
==>  Preparing: INSERT INTO `tb_post` (content, author_id, publish_at, last_update) VALUES (?, ?, ?, ?)
==> Parameters: 学习是通往内心深处喜悦和满足的途径，它让我们在追求知识的过程中找到真正的快乐和幸福。(String), 32(Long), 2024-09-28T19:07:41.780176200(LocalDateTime), 2024-09-28T19:07:41.780176200(LocalDateTime)
<==    Updates: 1
Releasing transactional SqlSession [org.apache.ibatis.session.defaults.DefaultSqlSession@748fa354]
Transaction synchronization committing SqlSession [org.apache.ibatis.session.defaults.DefaultSqlSession@748fa354]
Transaction synchronization deregistering SqlSession [org.apache.ibatis.session.defaults.DefaultSqlSession@748fa354]
Transaction synchronization closing SqlSession [org.apache.ibatis.session.defaults.DefaultSqlSession@748fa354]
Creating a new SqlSession
Registering transaction synchronization for SqlSession [org.apache.ibatis.session.defaults.DefaultSqlSession@3ad9fea]
JDBC Connection [HikariProxyConnection@1331556370 wrapping com.mysql.cj.jdbc.ConnectionImpl@7e615c6a] will be managed by Spring
==>  Preparing: INSERT INTO `tb_post` (content, author_id, publish_at, last_update) VALUES (?, ?, ?, ?)
==> Parameters: 用学习来拓宽自己的职业道路和发展空间，成为更优秀的职场人士或创业者。(String), 58(Long), 2024-09-28T19:07:41.790068800(LocalDateTime), 2024-09-28T19:07:41.790068800(LocalDateTime)
<==    Updates: 1
Releasing transactional SqlSession [org.apache.ibatis.session.defaults.DefaultSqlSession@3ad9fea]
Transaction synchronization committing SqlSession [org.apache.ibatis.session.defaults.DefaultSqlSession@3ad9fea]
Transaction synchronization deregistering SqlSession [org.apache.ibatis.session.defaults.DefaultSqlSession@3ad9fea]
Transaction synchronization closing SqlSession [org.apache.ibatis.session.defaults.DefaultSqlSession@3ad9fea]
Creating a new SqlSession
Registering transaction synchronization for SqlSession [org.apache.ibatis.session.defaults.DefaultSqlSession@70ab1ce0]
JDBC Connection [HikariProxyConnection@1985918977 wrapping com.mysql.cj.jdbc.ConnectionImpl@7e615c6a] will be managed by Spring
==>  Preparing: INSERT INTO `tb_post` (content, author_id, publish_at, last_update) VALUES (?, ?, ?, ?)
==> Parameters: 学习是一种对自己的责任和担当，它让我们更加明确自己的目标和方向。(String), 5(Long), 2024-09-28T19:07:41.799901700(LocalDateTime), 2024-09-28T19:07:41.799901700(LocalDateTime)
<==    Updates: 1
Releasing transactional SqlSession [org.apache.ibatis.session.defaults.DefaultSqlSession@70ab1ce0]
Transaction synchronization committing SqlSession [org.apache.ibatis.session.defaults.DefaultSqlSession@70ab1ce0]
Transaction synchronization deregistering SqlSession [org.apache.ibatis.session.defaults.DefaultSqlSession@70ab1ce0]
Transaction synchronization closing SqlSession [org.apache.ibatis.session.defaults.DefaultSqlSession@70ab1ce0]
Creating a new SqlSession
Registering transaction synchronization for SqlSession [org.apache.ibatis.session.defaults.DefaultSqlSession@1e12fdcf]
JDBC Connection [HikariProxyConnection@33570527 wrapping com.mysql.cj.jdbc.ConnectionImpl@7e615c6a] will be managed by Spring
==>  Preparing: INSERT INTO `tb_post` (content, author_id, publish_at, last_update) VALUES (?, ?, ?, ?)
==> Parameters: 不要害怕面对自己的恐惧和不安，因为每一次面对都是对自己勇气和信心的考验和锻炼。(String), 1(Long), 2024-09-28T19:07:41.812499500(LocalDateTime), 2024-09-28T19:07:41.812499500(LocalDateTime)
<==    Updates: 1
Releasing transactional SqlSession [org.apache.ibatis.session.defaults.DefaultSqlSession@1e12fdcf]
Transaction synchronization committing SqlSession [org.apache.ibatis.session.defaults.DefaultSqlSession@1e12fdcf]
Transaction synchronization deregistering SqlSession [org.apache.ibatis.session.defaults.DefaultSqlSession@1e12fdcf]
Transaction synchronization closing SqlSession [org.apache.ibatis.session.defaults.DefaultSqlSession@1e12fdcf]
Creating a new SqlSession
Registering transaction synchronization for SqlSession [org.apache.ibatis.session.defaults.DefaultSqlSession@7da9b32c]
JDBC Connection [HikariProxyConnection@1189050702 wrapping com.mysql.cj.jdbc.ConnectionImpl@7e615c6a] will be managed by Spring
==>  Preparing: INSERT INTO `tb_post` (content, author_id, publish_at, last_update) VALUES (?, ?, ?, ?)
==> Parameters: 学习是通往内心深处成长和成熟的阶梯，它让我们在不断学习的过程中变得更加坚强和自信。(String), 35(Long), 2024-09-28T19:07:41.820074200(LocalDateTime), 2024-09-28T19:07:41.820074200(LocalDateTime)
<==    Updates: 1
Releasing transactional SqlSession [org.apache.ibatis.session.defaults.DefaultSqlSession@7da9b32c]
Transaction synchronization committing SqlSession [org.apache.ibatis.session.defaults.DefaultSqlSession@7da9b32c]
Transaction synchronization deregistering SqlSession [org.apache.ibatis.session.defaults.DefaultSqlSession@7da9b32c]
Transaction synchronization closing SqlSession [org.apache.ibatis.session.defaults.DefaultSqlSession@7da9b32c]
Creating a new SqlSession
Registering transaction synchronization for SqlSession [org.apache.ibatis.session.defaults.DefaultSqlSession@7674f9d4]
JDBC Connection [HikariProxyConnection@581100929 wrapping com.mysql.cj.jdbc.ConnectionImpl@7e615c6a] will be managed by Spring
==>  Preparing: INSERT INTO `tb_post` (content, author_id, publish_at, last_update) VALUES (?, ?, ?, ?)
==> Parameters: 用学习来培养自己的同理心和关爱他人的能力，成为更善良、更有爱心的人。(String), 31(Long), 2024-09-28T19:07:41.830024400(LocalDateTime), 2024-09-28T19:07:41.830024400(LocalDateTime)
<==    Updates: 1
Releasing transactional SqlSession [org.apache.ibatis.session.defaults.DefaultSqlSession@7674f9d4]
Transaction synchronization committing SqlSession [org.apache.ibatis.session.defaults.DefaultSqlSession@7674f9d4]
Transaction synchronization deregistering SqlSession [org.apache.ibatis.session.defaults.DefaultSqlSession@7674f9d4]
Transaction synchronization closing SqlSession [org.apache.ibatis.session.defaults.DefaultSqlSession@7674f9d4]
Creating a new SqlSession
Registering transaction synchronization for SqlSession [org.apache.ibatis.session.defaults.DefaultSqlSession@1690929]
JDBC Connection [HikariProxyConnection@267331432 wrapping com.mysql.cj.jdbc.ConnectionImpl@7e615c6a] will be managed by Spring
==>  Preparing: INSERT INTO `tb_post` (content, author_id, publish_at, last_update) VALUES (?, ?, ?, ?)
==> Parameters: 学习是一种不断追求真理和智慧的过程，它让我们更加明白人生的意义和价值。(String), 73(Long), 2024-09-28T19:07:41.830024400(LocalDateTime), 2024-09-28T19:07:41.830024400(LocalDateTime)
<==    Updates: 1
Releasing transactional SqlSession [org.apache.ibatis.session.defaults.DefaultSqlSession@1690929]
Transaction synchronization committing SqlSession [org.apache.ibatis.session.defaults.DefaultSqlSession@1690929]
Transaction synchronization deregistering SqlSession [org.apache.ibatis.session.defaults.DefaultSqlSession@1690929]
Transaction synchronization closing SqlSession [org.apache.ibatis.session.defaults.DefaultSqlSession@1690929]
Creating a new SqlSession
Registering transaction synchronization for SqlSession [org.apache.ibatis.session.defaults.DefaultSqlSession@5418893c]
JDBC Connection [HikariProxyConnection@582787150 wrapping com.mysql.cj.jdbc.ConnectionImpl@7e615c6a] will be managed by Spring
==>  Preparing: INSERT INTO `tb_post` (content, author_id, publish_at, last_update) VALUES (?, ?, ?, ?)
==> Parameters: 不要害怕承认自己的错误和不足，因为每一次承认都是对自己成长的促进和对未来的期许。(String), 11(Long), 2024-09-28T19:07:41.839873600(LocalDateTime), 2024-09-28T19:07:41.839873600(LocalDateTime)
<==    Updates: 1
Releasing transactional SqlSession [org.apache.ibatis.session.defaults.DefaultSqlSession@5418893c]
Transaction synchronization committing SqlSession [org.apache.ibatis.session.defaults.DefaultSqlSession@5418893c]
Transaction synchronization deregistering SqlSession [org.apache.ibatis.session.defaults.DefaultSqlSession@5418893c]
Transaction synchronization closing SqlSession [org.apache.ibatis.session.defaults.DefaultSqlSession@5418893c]
Creating a new SqlSession
Registering transaction synchronization for SqlSession [org.apache.ibatis.session.defaults.DefaultSqlSession@436d2bb9]
JDBC Connection [HikariProxyConnection@539452434 wrapping com.mysql.cj.jdbc.ConnectionImpl@7e615c6a] will be managed by Spring
==>  Preparing: INSERT INTO `tb_post` (content, author_id, publish_at, last_update) VALUES (?, ?, ?, ?)
==> Parameters: 学习是通往内心深处自由和解放的途径，它让我们摆脱束缚和限制，追求真正的自由和幸福。(String), 62(Long), 2024-09-28T19:07:41.839873600(LocalDateTime), 2024-09-28T19:07:41.839873600(LocalDateTime)
<==    Updates: 1
Releasing transactional SqlSession [org.apache.ibatis.session.defaults.DefaultSqlSession@436d2bb9]
Transaction synchronization committing SqlSession [org.apache.ibatis.session.defaults.DefaultSqlSession@436d2bb9]
Transaction synchronization deregistering SqlSession [org.apache.ibatis.session.defaults.DefaultSqlSession@436d2bb9]
Transaction synchronization closing SqlSession [org.apache.ibatis.session.defaults.DefaultSqlSession@436d2bb9]
Creating a new SqlSession
Registering transaction synchronization for SqlSession [org.apache.ibatis.session.defaults.DefaultSqlSession@11ec2b2f]
JDBC Connection [HikariProxyConnection@1665400909 wrapping com.mysql.cj.jdbc.ConnectionImpl@7e615c6a] will be managed by Spring
==>  Preparing: INSERT INTO `tb_post` (content, author_id, publish_at, last_update) VALUES (?, ?, ?, ?)
==> Parameters: 用学习来提升自己的沟通能力和人际交往能力，成为更优秀的沟通者或人际交往者。(String), 24(Long), 2024-09-28T19:07:41.850382800(LocalDateTime), 2024-09-28T19:07:41.850382800(LocalDateTime)
<==    Updates: 1
Releasing transactional SqlSession [org.apache.ibatis.session.defaults.DefaultSqlSession@11ec2b2f]
Transaction synchronization committing SqlSession [org.apache.ibatis.session.defaults.DefaultSqlSession@11ec2b2f]
Transaction synchronization deregistering SqlSession [org.apache.ibatis.session.defaults.DefaultSqlSession@11ec2b2f]
Transaction synchronization closing SqlSession [org.apache.ibatis.session.defaults.DefaultSqlSession@11ec2b2f]
Creating a new SqlSession
Registering transaction synchronization for SqlSession [org.apache.ibatis.session.defaults.DefaultSqlSession@a7fd77f]
JDBC Connection [HikariProxyConnection@805744373 wrapping com.mysql.cj.jdbc.ConnectionImpl@7e615c6a] will be managed by Spring
==>  Preparing: INSERT INTO `tb_post` (content, author_id, publish_at, last_update) VALUES (?, ?, ?, ?)
==> Parameters: 学习是一种对自己的挑战和突破，它让我们不断超越自己的极限和拓展自己的边界。(String), 20(Long), 2024-09-28T19:07:41.859624200(LocalDateTime), 2024-09-28T19:07:41.859624200(LocalDateTime)
<==    Updates: 1
Releasing transactional SqlSession [org.apache.ibatis.session.defaults.DefaultSqlSession@a7fd77f]
Transaction synchronization committing SqlSession [org.apache.ibatis.session.defaults.DefaultSqlSession@a7fd77f]
Transaction synchronization deregistering SqlSession [org.apache.ibatis.session.defaults.DefaultSqlSession@a7fd77f]
Transaction synchronization closing SqlSession [org.apache.ibatis.session.defaults.DefaultSqlSession@a7fd77f]
Creating a new SqlSession
Registering transaction synchronization for SqlSession [org.apache.ibatis.session.defaults.DefaultSqlSession@7c31e01f]
JDBC Connection [HikariProxyConnection@1143034321 wrapping com.mysql.cj.jdbc.ConnectionImpl@7e615c6a] will be managed by Spring
==>  Preparing: INSERT INTO `tb_post` (content, author_id, publish_at, last_update) VALUES (?, ?, ?, ?)
==> Parameters: 不要害怕面对未知的挑战和机遇，因为每一次面对都是对自己能力和智慧的考验和锻炼。(String), 14(Long), 2024-09-28T19:07:41.859624200(LocalDateTime), 2024-09-28T19:07:41.859624200(LocalDateTime)
<==    Updates: 1
Releasing transactional SqlSession [org.apache.ibatis.session.defaults.DefaultSqlSession@7c31e01f]
Transaction synchronization committing SqlSession [org.apache.ibatis.session.defaults.DefaultSqlSession@7c31e01f]
Transaction synchronization deregistering SqlSession [org.apache.ibatis.session.defaults.DefaultSqlSession@7c31e01f]
Transaction synchronization closing SqlSession [org.apache.ibatis.session.defaults.DefaultSqlSession@7c31e01f]
Creating a new SqlSession
Registering transaction synchronization for SqlSession [org.apache.ibatis.session.defaults.DefaultSqlSession@2cdb53d6]
JDBC Connection [HikariProxyConnection@964416619 wrapping com.mysql.cj.jdbc.ConnectionImpl@7e615c6a] will be managed by Spring
==>  Preparing: INSERT INTO `tb_post` (content, author_id, publish_at, last_update) VALUES (?, ?, ?, ?)
==> Parameters: 学习是通往内心深处平静和安宁的源泉，它让我们在喧嚣的世界中找到内心的宁静和力量。(String), 75(Long), 2024-09-28T19:07:41.869667600(LocalDateTime), 2024-09-28T19:07:41.869667600(LocalDateTime)
<==    Updates: 1
Releasing transactional SqlSession [org.apache.ibatis.session.defaults.DefaultSqlSession@2cdb53d6]
Transaction synchronization committing SqlSession [org.apache.ibatis.session.defaults.DefaultSqlSession@2cdb53d6]
Transaction synchronization deregistering SqlSession [org.apache.ibatis.session.defaults.DefaultSqlSession@2cdb53d6]
Transaction synchronization closing SqlSession [org.apache.ibatis.session.defaults.DefaultSqlSession@2cdb53d6]
Creating a new SqlSession
Registering transaction synchronization for SqlSession [org.apache.ibatis.session.defaults.DefaultSqlSession@4560eb15]
JDBC Connection [HikariProxyConnection@1641667861 wrapping com.mysql.cj.jdbc.ConnectionImpl@7e615c6a] will be managed by Spring
==>  Preparing: INSERT INTO `tb_post` (content, author_id, publish_at, last_update) VALUES (?, ?, ?, ?)
==> Parameters: 用学习来培养自己的领导力和决策能力，成为更优秀的领导者或决策者。(String), 84(Long), 2024-09-28T19:07:41.879743500(LocalDateTime), 2024-09-28T19:07:41.879743500(LocalDateTime)
<==    Updates: 1
Releasing transactional SqlSession [org.apache.ibatis.session.defaults.DefaultSqlSession@4560eb15]
Transaction synchronization committing SqlSession [org.apache.ibatis.session.defaults.DefaultSqlSession@4560eb15]
Transaction synchronization deregistering SqlSession [org.apache.ibatis.session.defaults.DefaultSqlSession@4560eb15]
Transaction synchronization closing SqlSession [org.apache.ibatis.session.defaults.DefaultSqlSession@4560eb15]
Creating a new SqlSession
Registering transaction synchronization for SqlSession [org.apache.ibatis.session.defaults.DefaultSqlSession@54f62ac6]
JDBC Connection [HikariProxyConnection@100550728 wrapping com.mysql.cj.jdbc.ConnectionImpl@7e615c6a] will be managed by Spring
==>  Preparing: INSERT INTO `tb_post` (content, author_id, publish_at, last_update) VALUES (?, ?, ?, ?)
==> Parameters: 学习是一种不断追求成长和进步的心态，它让我们永远保持年轻和活力。(String), 35(Long), 2024-09-28T19:07:41.889880(LocalDateTime), 2024-09-28T19:07:41.889880(LocalDateTime)
<==    Updates: 1
Releasing transactional SqlSession [org.apache.ibatis.session.defaults.DefaultSqlSession@54f62ac6]
Transaction synchronization committing SqlSession [org.apache.ibatis.session.defaults.DefaultSqlSession@54f62ac6]
Transaction synchronization deregistering SqlSession [org.apache.ibatis.session.defaults.DefaultSqlSession@54f62ac6]
Transaction synchronization closing SqlSession [org.apache.ibatis.session.defaults.DefaultSqlSession@54f62ac6]
Creating a new SqlSession
Registering transaction synchronization for SqlSession [org.apache.ibatis.session.defaults.DefaultSqlSession@3724ab90]
JDBC Connection [HikariProxyConnection@689251057 wrapping com.mysql.cj.jdbc.ConnectionImpl@7e615c6a] will be managed by Spring
==>  Preparing: INSERT INTO `tb_post` (content, author_id, publish_at, last_update) VALUES (?, ?, ?, ?)
==> Parameters: 不要害怕接受新的观点和想法，因为每一次接受都是对自己思维的拓展和升级。(String), 8(Long), 2024-09-28T19:07:41.899665800(LocalDateTime), 2024-09-28T19:07:41.899665800(LocalDateTime)
<==    Updates: 1
Releasing transactional SqlSession [org.apache.ibatis.session.defaults.DefaultSqlSession@3724ab90]
Transaction synchronization committing SqlSession [org.apache.ibatis.session.defaults.DefaultSqlSession@3724ab90]
Transaction synchronization deregistering SqlSession [org.apache.ibatis.session.defaults.DefaultSqlSession@3724ab90]
Transaction synchronization closing SqlSession [org.apache.ibatis.session.defaults.DefaultSqlSession@3724ab90]
Creating a new SqlSession
Registering transaction synchronization for SqlSession [org.apache.ibatis.session.defaults.DefaultSqlSession@222a7429]
JDBC Connection [HikariProxyConnection@1599695386 wrapping com.mysql.cj.jdbc.ConnectionImpl@7e615c6a] will be managed by Spring
==>  Preparing: INSERT INTO `tb_post` (content, author_id, publish_at, last_update) VALUES (?, ?, ?, ?)
==> Parameters: 学习是通往内心深处智慧和灵感的桥梁，它让我们更加敏锐地感知世界和人生的美好。(String), 32(Long), 2024-09-28T19:07:41.909749700(LocalDateTime), 2024-09-28T19:07:41.909749700(LocalDateTime)
<==    Updates: 1
Releasing transactional SqlSession [org.apache.ibatis.session.defaults.DefaultSqlSession@222a7429]
Transaction synchronization committing SqlSession [org.apache.ibatis.session.defaults.DefaultSqlSession@222a7429]
Transaction synchronization deregistering SqlSession [org.apache.ibatis.session.defaults.DefaultSqlSession@222a7429]
Transaction synchronization closing SqlSession [org.apache.ibatis.session.defaults.DefaultSqlSession@222a7429]
Creating a new SqlSession
Registering transaction synchronization for SqlSession [org.apache.ibatis.session.defaults.DefaultSqlSession@77604a86]
JDBC Connection [HikariProxyConnection@979634668 wrapping com.mysql.cj.jdbc.ConnectionImpl@7e615c6a] will be managed by Spring
==>  Preparing: INSERT INTO `tb_post` (content, author_id, publish_at, last_update) VALUES (?, ?, ?, ?)
==> Parameters: 用学习来提升自己的创造力和艺术修养，成为更优秀的艺术家或创造者。(String), 94(Long), 2024-09-28T19:07:41.919947600(LocalDateTime), 2024-09-28T19:07:41.919947600(LocalDateTime)
<==    Updates: 1
Releasing transactional SqlSession [org.apache.ibatis.session.defaults.DefaultSqlSession@77604a86]
Transaction synchronization committing SqlSession [org.apache.ibatis.session.defaults.DefaultSqlSession@77604a86]
Transaction synchronization deregistering SqlSession [org.apache.ibatis.session.defaults.DefaultSqlSession@77604a86]
Transaction synchronization closing SqlSession [org.apache.ibatis.session.defaults.DefaultSqlSession@77604a86]
Creating a new SqlSession
Registering transaction synchronization for SqlSession [org.apache.ibatis.session.defaults.DefaultSqlSession@3ef7fb04]
JDBC Connection [HikariProxyConnection@760159709 wrapping com.mysql.cj.jdbc.ConnectionImpl@7e615c6a] will be managed by Spring
==>  Preparing: INSERT INTO `tb_post` (content, author_id, publish_at, last_update) VALUES (?, ?, ?, ?)
==> Parameters: 学习是一种对自己的善待和呵护，它让我们在忙碌的生活中找到片刻的放松和愉悦。(String), 85(Long), 2024-09-28T19:07:41.929916500(LocalDateTime), 2024-09-28T19:07:41.929916500(LocalDateTime)
<==    Updates: 1
Releasing transactional SqlSession [org.apache.ibatis.session.defaults.DefaultSqlSession@3ef7fb04]
Transaction synchronization committing SqlSession [org.apache.ibatis.session.defaults.DefaultSqlSession@3ef7fb04]
Transaction synchronization deregistering SqlSession [org.apache.ibatis.session.defaults.DefaultSqlSession@3ef7fb04]
Transaction synchronization closing SqlSession [org.apache.ibatis.session.defaults.DefaultSqlSession@3ef7fb04]
Creating a new SqlSession
Registering transaction synchronization for SqlSession [org.apache.ibatis.session.defaults.DefaultSqlSession@4bc39640]
JDBC Connection [HikariProxyConnection@23436669 wrapping com.mysql.cj.jdbc.ConnectionImpl@7e615c6a] will be managed by Spring
==>  Preparing: INSERT INTO `tb_post` (content, author_id, publish_at, last_update) VALUES (?, ?, ?, ?)
==> Parameters: 不要害怕面对自己的弱点和不足，因为每一次面对都是对自己成长的促进和对未来的期待。(String), 60(Long), 2024-09-28T19:07:41.939811900(LocalDateTime), 2024-09-28T19:07:41.939811900(LocalDateTime)
<==    Updates: 1
Releasing transactional SqlSession [org.apache.ibatis.session.defaults.DefaultSqlSession@4bc39640]
Transaction synchronization committing SqlSession [org.apache.ibatis.session.defaults.DefaultSqlSession@4bc39640]
Transaction synchronization deregistering SqlSession [org.apache.ibatis.session.defaults.DefaultSqlSession@4bc39640]
Transaction synchronization closing SqlSession [org.apache.ibatis.session.defaults.DefaultSqlSession@4bc39640]
Creating a new SqlSession
Registering transaction synchronization for SqlSession [org.apache.ibatis.session.defaults.DefaultSqlSession@1f7b1d6a]
JDBC Connection [HikariProxyConnection@1284775193 wrapping com.mysql.cj.jdbc.ConnectionImpl@7e615c6a] will be managed by Spring
==>  Preparing: INSERT INTO `tb_post` (content, author_id, publish_at, last_update) VALUES (?, ?, ?, ?)
==> Parameters: 学习让我们看见不一样的世界，感受不一样的文化，理解不一样的人生。(String), 24(Long), 2024-09-28T19:07:41.949897200(LocalDateTime), 2024-09-28T19:07:41.949897200(LocalDateTime)
<==    Updates: 1
Releasing transactional SqlSession [org.apache.ibatis.session.defaults.DefaultSqlSession@1f7b1d6a]
Transaction synchronization committing SqlSession [org.apache.ibatis.session.defaults.DefaultSqlSession@1f7b1d6a]
Transaction synchronization deregistering SqlSession [org.apache.ibatis.session.defaults.DefaultSqlSession@1f7b1d6a]
Transaction synchronization closing SqlSession [org.apache.ibatis.session.defaults.DefaultSqlSession@1f7b1d6a]
Creating a new SqlSession
Registering transaction synchronization for SqlSession [org.apache.ibatis.session.defaults.DefaultSqlSession@601e7c97]
JDBC Connection [HikariProxyConnection@416322179 wrapping com.mysql.cj.jdbc.ConnectionImpl@7e615c6a] will be managed by Spring
==>  Preparing: INSERT INTO `tb_post` (content, author_id, publish_at, last_update) VALUES (?, ?, ?, ?)
==> Parameters: 在学习的道路上，每一步都算数，每一次努力都值得。(String), 41(Long), 2024-09-28T19:07:41.959692500(LocalDateTime), 2024-09-28T19:07:41.959692500(LocalDateTime)
<==    Updates: 1
Releasing transactional SqlSession [org.apache.ibatis.session.defaults.DefaultSqlSession@601e7c97]
Transaction synchronization committing SqlSession [org.apache.ibatis.session.defaults.DefaultSqlSession@601e7c97]
Transaction synchronization deregistering SqlSession [org.apache.ibatis.session.defaults.DefaultSqlSession@601e7c97]
Transaction synchronization closing SqlSession [org.apache.ibatis.session.defaults.DefaultSqlSession@601e7c97]
Creating a new SqlSession
Registering transaction synchronization for SqlSession [org.apache.ibatis.session.defaults.DefaultSqlSession@1ccce165]
JDBC Connection [HikariProxyConnection@690419645 wrapping com.mysql.cj.jdbc.ConnectionImpl@7e615c6a] will be managed by Spring
==>  Preparing: INSERT INTO `tb_post` (content, author_id, publish_at, last_update) VALUES (?, ?, ?, ?)
==> Parameters: 学习不是为了别人，而是为了自己，为了成为更好的自己。(String), 65(Long), 2024-09-28T19:07:41.969495800(LocalDateTime), 2024-09-28T19:07:41.969495800(LocalDateTime)
<==    Updates: 1
Releasing transactional SqlSession [org.apache.ibatis.session.defaults.DefaultSqlSession@1ccce165]
Transaction synchronization committing SqlSession [org.apache.ibatis.session.defaults.DefaultSqlSession@1ccce165]
Transaction synchronization deregistering SqlSession [org.apache.ibatis.session.defaults.DefaultSqlSession@1ccce165]
Transaction synchronization closing SqlSession [org.apache.ibatis.session.defaults.DefaultSqlSession@1ccce165]
Creating a new SqlSession
Registering transaction synchronization for SqlSession [org.apache.ibatis.session.defaults.DefaultSqlSession@4e0139]
JDBC Connection [HikariProxyConnection@1133143463 wrapping com.mysql.cj.jdbc.ConnectionImpl@7e615c6a] will be managed by Spring
==>  Preparing: INSERT INTO `tb_post` (content, author_id, publish_at, last_update) VALUES (?, ?, ?, ?)
==> Parameters: 用学习点亮生活的每一个角落，让每一天都充满希望和活力。(String), 56(Long), 2024-09-28T19:07:41.979747300(LocalDateTime), 2024-09-28T19:07:41.979747300(LocalDateTime)
<==    Updates: 1
Releasing transactional SqlSession [org.apache.ibatis.session.defaults.DefaultSqlSession@4e0139]
Transaction synchronization committing SqlSession [org.apache.ibatis.session.defaults.DefaultSqlSession@4e0139]
Transaction synchronization deregistering SqlSession [org.apache.ibatis.session.defaults.DefaultSqlSession@4e0139]
Transaction synchronization closing SqlSession [org.apache.ibatis.session.defaults.DefaultSqlSession@4e0139]
Creating a new SqlSession
Registering transaction synchronization for SqlSession [org.apache.ibatis.session.defaults.DefaultSqlSession@3751baf6]
JDBC Connection [HikariProxyConnection@1023063405 wrapping com.mysql.cj.jdbc.ConnectionImpl@7e615c6a] will be managed by Spring
==>  Preparing: INSERT INTO `tb_post` (content, author_id, publish_at, last_update) VALUES (?, ?, ?, ?)
==> Parameters: 学习是一种投资，投资在自己身上，永远不会亏本。(String), 76(Long), 2024-09-28T19:07:41.992235(LocalDateTime), 2024-09-28T19:07:41.992235(LocalDateTime)
<==    Updates: 1
Releasing transactional SqlSession [org.apache.ibatis.session.defaults.DefaultSqlSession@3751baf6]
Transaction synchronization committing SqlSession [org.apache.ibatis.session.defaults.DefaultSqlSession@3751baf6]
Transaction synchronization deregistering SqlSession [org.apache.ibatis.session.defaults.DefaultSqlSession@3751baf6]
Transaction synchronization closing SqlSession [org.apache.ibatis.session.defaults.DefaultSqlSession@3751baf6]
Creating a new SqlSession
Registering transaction synchronization for SqlSession [org.apache.ibatis.session.defaults.DefaultSqlSession@441762b8]
JDBC Connection [HikariProxyConnection@941702906 wrapping com.mysql.cj.jdbc.ConnectionImpl@7e615c6a] will be managed by Spring
==>  Preparing: INSERT INTO `tb_post` (content, author_id, publish_at, last_update) VALUES (?, ?, ?, ?)
==> Parameters: 不要害怕提问，因为每一个问题都可能是通往新知识的钥匙。(String), 49(Long), 2024-09-28T19:07:42.000007700(LocalDateTime), 2024-09-28T19:07:42.000007700(LocalDateTime)
<==    Updates: 1
Releasing transactional SqlSession [org.apache.ibatis.session.defaults.DefaultSqlSession@441762b8]
Transaction synchronization committing SqlSession [org.apache.ibatis.session.defaults.DefaultSqlSession@441762b8]
Transaction synchronization deregistering SqlSession [org.apache.ibatis.session.defaults.DefaultSqlSession@441762b8]
Transaction synchronization closing SqlSession [org.apache.ibatis.session.defaults.DefaultSqlSession@441762b8]
Creating a new SqlSession
Registering transaction synchronization for SqlSession [org.apache.ibatis.session.defaults.DefaultSqlSession@5e75cf7a]
JDBC Connection [HikariProxyConnection@314771492 wrapping com.mysql.cj.jdbc.ConnectionImpl@7e615c6a] will be managed by Spring
==>  Preparing: INSERT INTO `tb_post` (content, author_id, publish_at, last_update) VALUES (?, ?, ?, ?)
==> Parameters: 学习让我们更加自信，更加勇敢地面对生活的挑战。(String), 98(Long), 2024-09-28T19:07:42.009585(LocalDateTime), 2024-09-28T19:07:42.009585(LocalDateTime)
<==    Updates: 1
Releasing transactional SqlSession [org.apache.ibatis.session.defaults.DefaultSqlSession@5e75cf7a]
Transaction synchronization committing SqlSession [org.apache.ibatis.session.defaults.DefaultSqlSession@5e75cf7a]
Transaction synchronization deregistering SqlSession [org.apache.ibatis.session.defaults.DefaultSqlSession@5e75cf7a]
Transaction synchronization closing SqlSession [org.apache.ibatis.session.defaults.DefaultSqlSession@5e75cf7a]
Creating a new SqlSession
Registering transaction synchronization for SqlSession [org.apache.ibatis.session.defaults.DefaultSqlSession@757f47f0]
JDBC Connection [HikariProxyConnection@1885867912 wrapping com.mysql.cj.jdbc.ConnectionImpl@7e615c6a] will be managed by Spring
==>  Preparing: INSERT INTO `tb_post` (content, author_id, publish_at, last_update) VALUES (?, ?, ?, ?)
==> Parameters: 与书籍为伴，与知识同行，让学习成为你生命中最美好的习惯。(String), 44(Long), 2024-09-28T19:07:42.009585(LocalDateTime), 2024-09-28T19:07:42.009585(LocalDateTime)
<==    Updates: 1
Releasing transactional SqlSession [org.apache.ibatis.session.defaults.DefaultSqlSession@757f47f0]
Transaction synchronization committing SqlSession [org.apache.ibatis.session.defaults.DefaultSqlSession@757f47f0]
Transaction synchronization deregistering SqlSession [org.apache.ibatis.session.defaults.DefaultSqlSession@757f47f0]
Transaction synchronization closing SqlSession [org.apache.ibatis.session.defaults.DefaultSqlSession@757f47f0]
Creating a new SqlSession
Registering transaction synchronization for SqlSession [org.apache.ibatis.session.defaults.DefaultSqlSession@309d54ac]
JDBC Connection [HikariProxyConnection@90292273 wrapping com.mysql.cj.jdbc.ConnectionImpl@7e615c6a] will be managed by Spring
==>  Preparing: INSERT INTO `tb_post` (content, author_id, publish_at, last_update) VALUES (?, ?, ?, ?)
==> Parameters: 学习不仅是为了获取知识，更是为了培养我们的思维方式和解决问题的能力。(String), 48(Long), 2024-09-28T19:07:42.019518400(LocalDateTime), 2024-09-28T19:07:42.019518400(LocalDateTime)
<==    Updates: 1
Releasing transactional SqlSession [org.apache.ibatis.session.defaults.DefaultSqlSession@309d54ac]
Transaction synchronization committing SqlSession [org.apache.ibatis.session.defaults.DefaultSqlSession@309d54ac]
Transaction synchronization deregistering SqlSession [org.apache.ibatis.session.defaults.DefaultSqlSession@309d54ac]
Transaction synchronization closing SqlSession [org.apache.ibatis.session.defaults.DefaultSqlSession@309d54ac]
Creating a new SqlSession
Registering transaction synchronization for SqlSession [org.apache.ibatis.session.defaults.DefaultSqlSession@619b7436]
JDBC Connection [HikariProxyConnection@119282849 wrapping com.mysql.cj.jdbc.ConnectionImpl@7e615c6a] will be managed by Spring
==>  Preparing: INSERT INTO `tb_post` (content, author_id, publish_at, last_update) VALUES (?, ?, ?, ?)
==> Parameters: 让我们一起在学习的道路上携手前行，共同探索未知的世界，创造美好的未来！(String), 45(Long), 2024-09-28T19:07:42.029553700(LocalDateTime), 2024-09-28T19:07:42.029553700(LocalDateTime)
<==    Updates: 1
Releasing transactional SqlSession [org.apache.ibatis.session.defaults.DefaultSqlSession@619b7436]
Transaction synchronization committing SqlSession [org.apache.ibatis.session.defaults.DefaultSqlSession@619b7436]
Transaction synchronization deregistering SqlSession [org.apache.ibatis.session.defaults.DefaultSqlSession@619b7436]
Transaction synchronization closing SqlSession [org.apache.ibatis.session.defaults.DefaultSqlSession@619b7436]
Creating a new SqlSession
Registering transaction synchronization for SqlSession [org.apache.ibatis.session.defaults.DefaultSqlSession@725490dd]
JDBC Connection [HikariProxyConnection@1284098442 wrapping com.mysql.cj.jdbc.ConnectionImpl@7e615c6a] will be managed by Spring
==>  Preparing: INSERT INTO `tb_post` (content, author_id, publish_at, last_update) VALUES (?, ?, ?, ?)
==> Parameters: 阳光洒在窗台上，带来了一天的好心情。(String), 93(Long), 2024-09-28T19:07:42.029553700(LocalDateTime), 2024-09-28T19:07:42.029553700(LocalDateTime)
<==    Updates: 1
Releasing transactional SqlSession [org.apache.ibatis.session.defaults.DefaultSqlSession@725490dd]
Transaction synchronization committing SqlSession [org.apache.ibatis.session.defaults.DefaultSqlSession@725490dd]
Transaction synchronization deregistering SqlSession [org.apache.ibatis.session.defaults.DefaultSqlSession@725490dd]
Transaction synchronization closing SqlSession [org.apache.ibatis.session.defaults.DefaultSqlSession@725490dd]
Creating a new SqlSession
Registering transaction synchronization for SqlSession [org.apache.ibatis.session.defaults.DefaultSqlSession@38318d67]
JDBC Connection [HikariProxyConnection@311725690 wrapping com.mysql.cj.jdbc.ConnectionImpl@7e615c6a] will be managed by Spring
==>  Preparing: INSERT INTO `tb_post` (content, author_id, publish_at, last_update) VALUES (?, ?, ?, ?)
==> Parameters: 书籍是人类进步的阶梯，阅读是心灵的旅行。(String), 31(Long), 2024-09-28T19:07:42.039871(LocalDateTime), 2024-09-28T19:07:42.039871(LocalDateTime)
<==    Updates: 1
Releasing transactional SqlSession [org.apache.ibatis.session.defaults.DefaultSqlSession@38318d67]
Transaction synchronization committing SqlSession [org.apache.ibatis.session.defaults.DefaultSqlSession@38318d67]
Transaction synchronization deregistering SqlSession [org.apache.ibatis.session.defaults.DefaultSqlSession@38318d67]
Transaction synchronization closing SqlSession [org.apache.ibatis.session.defaults.DefaultSqlSession@38318d67]
Creating a new SqlSession
Registering transaction synchronization for SqlSession [org.apache.ibatis.session.defaults.DefaultSqlSession@71db6703]
JDBC Connection [HikariProxyConnection@1848939096 wrapping com.mysql.cj.jdbc.ConnectionImpl@7e615c6a] will be managed by Spring
==>  Preparing: INSERT INTO `tb_post` (content, author_id, publish_at, last_update) VALUES (?, ?, ?, ?)
==> Parameters: 音乐的旋律能够治愈心灵，带来平静。(String), 89(Long), 2024-09-28T19:07:42.049824800(LocalDateTime), 2024-09-28T19:07:42.049824800(LocalDateTime)
<==    Updates: 1
Releasing transactional SqlSession [org.apache.ibatis.session.defaults.DefaultSqlSession@71db6703]
Transaction synchronization committing SqlSession [org.apache.ibatis.session.defaults.DefaultSqlSession@71db6703]
Transaction synchronization deregistering SqlSession [org.apache.ibatis.session.defaults.DefaultSqlSession@71db6703]
Transaction synchronization closing SqlSession [org.apache.ibatis.session.defaults.DefaultSqlSession@71db6703]
Creating a new SqlSession
Registering transaction synchronization for SqlSession [org.apache.ibatis.session.defaults.DefaultSqlSession@3fc2a1d1]
JDBC Connection [HikariProxyConnection@1965557916 wrapping com.mysql.cj.jdbc.ConnectionImpl@7e615c6a] will be managed by Spring
==>  Preparing: INSERT INTO `tb_post` (content, author_id, publish_at, last_update) VALUES (?, ?, ?, ?)
==> Parameters: 运动不仅能够锻炼身体，还能提升精神。(String), 51(Long), 2024-09-28T19:07:42.049824800(LocalDateTime), 2024-09-28T19:07:42.049824800(LocalDateTime)
<==    Updates: 1
Releasing transactional SqlSession [org.apache.ibatis.session.defaults.DefaultSqlSession@3fc2a1d1]
Transaction synchronization committing SqlSession [org.apache.ibatis.session.defaults.DefaultSqlSession@3fc2a1d1]
Transaction synchronization deregistering SqlSession [org.apache.ibatis.session.defaults.DefaultSqlSession@3fc2a1d1]
Transaction synchronization closing SqlSession [org.apache.ibatis.session.defaults.DefaultSqlSession@3fc2a1d1]
Creating a new SqlSession
Registering transaction synchronization for SqlSession [org.apache.ibatis.session.defaults.DefaultSqlSession@3eb8057c]
JDBC Connection [HikariProxyConnection@740654090 wrapping com.mysql.cj.jdbc.ConnectionImpl@7e615c6a] will be managed by Spring
==>  Preparing: INSERT INTO `tb_post` (content, author_id, publish_at, last_update) VALUES (?, ?, ?, ?)
==> Parameters: 艺术作品总能激发人们的想象力和创造力。(String), 60(Long), 2024-09-28T19:07:42.059939800(LocalDateTime), 2024-09-28T19:07:42.059939800(LocalDateTime)
<==    Updates: 1
Releasing transactional SqlSession [org.apache.ibatis.session.defaults.DefaultSqlSession@3eb8057c]
Transaction synchronization committing SqlSession [org.apache.ibatis.session.defaults.DefaultSqlSession@3eb8057c]
Transaction synchronization deregistering SqlSession [org.apache.ibatis.session.defaults.DefaultSqlSession@3eb8057c]
Transaction synchronization closing SqlSession [org.apache.ibatis.session.defaults.DefaultSqlSession@3eb8057c]
Creating a new SqlSession
Registering transaction synchronization for SqlSession [org.apache.ibatis.session.defaults.DefaultSqlSession@6f9b5f01]
JDBC Connection [HikariProxyConnection@1243762708 wrapping com.mysql.cj.jdbc.ConnectionImpl@7e615c6a] will be managed by Spring
==>  Preparing: INSERT INTO `tb_post` (content, author_id, publish_at, last_update) VALUES (?, ?, ?, ?)
==> Parameters: 旅行是探索世界，发现自我的最好方式。(String), 13(Long), 2024-09-28T19:07:42.069915300(LocalDateTime), 2024-09-28T19:07:42.069915300(LocalDateTime)
<==    Updates: 1
Releasing transactional SqlSession [org.apache.ibatis.session.defaults.DefaultSqlSession@6f9b5f01]
Transaction synchronization committing SqlSession [org.apache.ibatis.session.defaults.DefaultSqlSession@6f9b5f01]
Transaction synchronization deregistering SqlSession [org.apache.ibatis.session.defaults.DefaultSqlSession@6f9b5f01]
Transaction synchronization closing SqlSession [org.apache.ibatis.session.defaults.DefaultSqlSession@6f9b5f01]
Creating a new SqlSession
Registering transaction synchronization for SqlSession [org.apache.ibatis.session.defaults.DefaultSqlSession@6d77d269]
JDBC Connection [HikariProxyConnection@1393182452 wrapping com.mysql.cj.jdbc.ConnectionImpl@7e615c6a] will be managed by Spring
==>  Preparing: INSERT INTO `tb_post` (content, author_id, publish_at, last_update) VALUES (?, ?, ?, ?)
==> Parameters: 科技的发展让生活变得更加便捷和智能。(String), 59(Long), 2024-09-28T19:07:42.079678800(LocalDateTime), 2024-09-28T19:07:42.079678800(LocalDateTime)
<==    Updates: 1
Releasing transactional SqlSession [org.apache.ibatis.session.defaults.DefaultSqlSession@6d77d269]
Transaction synchronization committing SqlSession [org.apache.ibatis.session.defaults.DefaultSqlSession@6d77d269]
Transaction synchronization deregistering SqlSession [org.apache.ibatis.session.defaults.DefaultSqlSession@6d77d269]
Transaction synchronization closing SqlSession [org.apache.ibatis.session.defaults.DefaultSqlSession@6d77d269]
Creating a new SqlSession
Registering transaction synchronization for SqlSession [org.apache.ibatis.session.defaults.DefaultSqlSession@3b8a063d]
JDBC Connection [HikariProxyConnection@186595045 wrapping com.mysql.cj.jdbc.ConnectionImpl@7e615c6a] will be managed by Spring
==>  Preparing: INSERT INTO `tb_post` (content, author_id, publish_at, last_update) VALUES (?, ?, ?, ?)
==> Parameters: 家庭的温馨是每个人心灵的避风港。(String), 6(Long), 2024-09-28T19:07:42.079678800(LocalDateTime), 2024-09-28T19:07:42.079678800(LocalDateTime)
<==    Updates: 1
Releasing transactional SqlSession [org.apache.ibatis.session.defaults.DefaultSqlSession@3b8a063d]
Transaction synchronization committing SqlSession [org.apache.ibatis.session.defaults.DefaultSqlSession@3b8a063d]
Transaction synchronization deregistering SqlSession [org.apache.ibatis.session.defaults.DefaultSqlSession@3b8a063d]
Transaction synchronization closing SqlSession [org.apache.ibatis.session.defaults.DefaultSqlSession@3b8a063d]
Creating a new SqlSession
Registering transaction synchronization for SqlSession [org.apache.ibatis.session.defaults.DefaultSqlSession@35975b05]
JDBC Connection [HikariProxyConnection@1805660016 wrapping com.mysql.cj.jdbc.ConnectionImpl@7e615c6a] will be managed by Spring
==>  Preparing: INSERT INTO `tb_post` (content, author_id, publish_at, last_update) VALUES (?, ?, ?, ?)
==> Parameters: 朋友之间的真挚友谊是生活中最宝贵的财富。(String), 64(Long), 2024-09-28T19:07:42.100190700(LocalDateTime), 2024-09-28T19:07:42.100190700(LocalDateTime)
<==    Updates: 1
Releasing transactional SqlSession [org.apache.ibatis.session.defaults.DefaultSqlSession@35975b05]
Transaction synchronization committing SqlSession [org.apache.ibatis.session.defaults.DefaultSqlSession@35975b05]
Transaction synchronization deregistering SqlSession [org.apache.ibatis.session.defaults.DefaultSqlSession@35975b05]
Transaction synchronization closing SqlSession [org.apache.ibatis.session.defaults.DefaultSqlSession@35975b05]
Creating a new SqlSession
Registering transaction synchronization for SqlSession [org.apache.ibatis.session.defaults.DefaultSqlSession@9771c71]
JDBC Connection [HikariProxyConnection@147646893 wrapping com.mysql.cj.jdbc.ConnectionImpl@7e615c6a] will be managed by Spring
==>  Preparing: INSERT INTO `tb_post` (content, author_id, publish_at, last_update) VALUES (?, ?, ?, ?)
==> Parameters: 学习新技能可以让人保持年轻和活力。(String), 38(Long), 2024-09-28T19:07:42.111672800(LocalDateTime), 2024-09-28T19:07:42.111672800(LocalDateTime)
<==    Updates: 1
Releasing transactional SqlSession [org.apache.ibatis.session.defaults.DefaultSqlSession@9771c71]
Transaction synchronization committing SqlSession [org.apache.ibatis.session.defaults.DefaultSqlSession@9771c71]
Transaction synchronization deregistering SqlSession [org.apache.ibatis.session.defaults.DefaultSqlSession@9771c71]
Transaction synchronization closing SqlSession [org.apache.ibatis.session.defaults.DefaultSqlSession@9771c71]
Creating a new SqlSession
Registering transaction synchronization for SqlSession [org.apache.ibatis.session.defaults.DefaultSqlSession@c3a1d7f]
JDBC Connection [HikariProxyConnection@554817465 wrapping com.mysql.cj.jdbc.ConnectionImpl@7e615c6a] will be managed by Spring
==>  Preparing: INSERT INTO `tb_post` (content, author_id, publish_at, last_update) VALUES (?, ?, ?, ?)
==> Parameters: 健康的饮食是维持身体健康的重要因素。(String), 2(Long), 2024-09-28T19:07:42.119962800(LocalDateTime), 2024-09-28T19:07:42.119962800(LocalDateTime)
<==    Updates: 1
Releasing transactional SqlSession [org.apache.ibatis.session.defaults.DefaultSqlSession@c3a1d7f]
Transaction synchronization committing SqlSession [org.apache.ibatis.session.defaults.DefaultSqlSession@c3a1d7f]
Transaction synchronization deregistering SqlSession [org.apache.ibatis.session.defaults.DefaultSqlSession@c3a1d7f]
Transaction synchronization closing SqlSession [org.apache.ibatis.session.defaults.DefaultSqlSession@c3a1d7f]
Creating a new SqlSession
Registering transaction synchronization for SqlSession [org.apache.ibatis.session.defaults.DefaultSqlSession@65fe1f47]
JDBC Connection [HikariProxyConnection@560321707 wrapping com.mysql.cj.jdbc.ConnectionImpl@7e615c6a] will be managed by Spring
==>  Preparing: INSERT INTO `tb_post` (content, author_id, publish_at, last_update) VALUES (?, ?, ?, ?)
==> Parameters: 保护环境是每个人的责任，也是对未来的投资。(String), 89(Long), 2024-09-28T19:07:42.131703500(LocalDateTime), 2024-09-28T19:07:42.131703500(LocalDateTime)
<==    Updates: 1
Releasing transactional SqlSession [org.apache.ibatis.session.defaults.DefaultSqlSession@65fe1f47]
Transaction synchronization committing SqlSession [org.apache.ibatis.session.defaults.DefaultSqlSession@65fe1f47]
Transaction synchronization deregistering SqlSession [org.apache.ibatis.session.defaults.DefaultSqlSession@65fe1f47]
Transaction synchronization closing SqlSession [org.apache.ibatis.session.defaults.DefaultSqlSession@65fe1f47]
Creating a new SqlSession
Registering transaction synchronization for SqlSession [org.apache.ibatis.session.defaults.DefaultSqlSession@4d529bc0]
JDBC Connection [HikariProxyConnection@1628242023 wrapping com.mysql.cj.jdbc.ConnectionImpl@7e615c6a] will be managed by Spring
==>  Preparing: INSERT INTO `tb_post` (content, author_id, publish_at, last_update) VALUES (?, ?, ?, ?)
==> Parameters: 志愿服务能够带来内心的满足和快乐。(String), 57(Long), 2024-09-28T19:07:42.140071400(LocalDateTime), 2024-09-28T19:07:42.140071400(LocalDateTime)
<==    Updates: 1
Releasing transactional SqlSession [org.apache.ibatis.session.defaults.DefaultSqlSession@4d529bc0]
Transaction synchronization committing SqlSession [org.apache.ibatis.session.defaults.DefaultSqlSession@4d529bc0]
Transaction synchronization deregistering SqlSession [org.apache.ibatis.session.defaults.DefaultSqlSession@4d529bc0]
Transaction synchronization closing SqlSession [org.apache.ibatis.session.defaults.DefaultSqlSession@4d529bc0]
Creating a new SqlSession
Registering transaction synchronization for SqlSession [org.apache.ibatis.session.defaults.DefaultSqlSession@2b625e82]
JDBC Connection [HikariProxyConnection@1488129598 wrapping com.mysql.cj.jdbc.ConnectionImpl@7e615c6a] will be managed by Spring
==>  Preparing: INSERT INTO `tb_post` (content, author_id, publish_at, last_update) VALUES (?, ?, ?, ?)
==> Parameters: 电影是讲述故事，传递情感的艺术形式。(String), 56(Long), 2024-09-28T19:07:42.149707600(LocalDateTime), 2024-09-28T19:07:42.149707600(LocalDateTime)
<==    Updates: 1
Releasing transactional SqlSession [org.apache.ibatis.session.defaults.DefaultSqlSession@2b625e82]
Transaction synchronization committing SqlSession [org.apache.ibatis.session.defaults.DefaultSqlSession@2b625e82]
Transaction synchronization deregistering SqlSession [org.apache.ibatis.session.defaults.DefaultSqlSession@2b625e82]
Transaction synchronization closing SqlSession [org.apache.ibatis.session.defaults.DefaultSqlSession@2b625e82]
Creating a new SqlSession
Registering transaction synchronization for SqlSession [org.apache.ibatis.session.defaults.DefaultSqlSession@630bd5e7]
JDBC Connection [HikariProxyConnection@1533987146 wrapping com.mysql.cj.jdbc.ConnectionImpl@7e615c6a] will be managed by Spring
==>  Preparing: INSERT INTO `tb_post` (content, author_id, publish_at, last_update) VALUES (?, ?, ?, ?)
==> Parameters: 游戏是放松心情，享受生活的一种方式。(String), 63(Long), 2024-09-28T19:07:42.160259600(LocalDateTime), 2024-09-28T19:07:42.160259600(LocalDateTime)
<==    Updates: 1
Releasing transactional SqlSession [org.apache.ibatis.session.defaults.DefaultSqlSession@630bd5e7]
Transaction synchronization committing SqlSession [org.apache.ibatis.session.defaults.DefaultSqlSession@630bd5e7]
Transaction synchronization deregistering SqlSession [org.apache.ibatis.session.defaults.DefaultSqlSession@630bd5e7]
Transaction synchronization closing SqlSession [org.apache.ibatis.session.defaults.DefaultSqlSession@630bd5e7]
Creating a new SqlSession
Registering transaction synchronization for SqlSession [org.apache.ibatis.session.defaults.DefaultSqlSession@35a2ea5a]
JDBC Connection [HikariProxyConnection@1586128778 wrapping com.mysql.cj.jdbc.ConnectionImpl@7e615c6a] will be managed by Spring
==>  Preparing: INSERT INTO `tb_post` (content, author_id, publish_at, last_update) VALUES (?, ?, ?, ?)
==> Parameters: 舞蹈是一种表达自我，释放情感的艺术。(String), 16(Long), 2024-09-28T19:07:42.169737100(LocalDateTime), 2024-09-28T19:07:42.169737100(LocalDateTime)
<==    Updates: 1
Releasing transactional SqlSession [org.apache.ibatis.session.defaults.DefaultSqlSession@35a2ea5a]
Transaction synchronization committing SqlSession [org.apache.ibatis.session.defaults.DefaultSqlSession@35a2ea5a]
Transaction synchronization deregistering SqlSession [org.apache.ibatis.session.defaults.DefaultSqlSession@35a2ea5a]
Transaction synchronization closing SqlSession [org.apache.ibatis.session.defaults.DefaultSqlSession@35a2ea5a]
Creating a new SqlSession
Registering transaction synchronization for SqlSession [org.apache.ibatis.session.defaults.DefaultSqlSession@f5b4ca6]
JDBC Connection [HikariProxyConnection@627451005 wrapping com.mysql.cj.jdbc.ConnectionImpl@7e615c6a] will be managed by Spring
==>  Preparing: INSERT INTO `tb_post` (content, author_id, publish_at, last_update) VALUES (?, ?, ?, ?)
==> Parameters: 瑜伽帮助人们达到身心的平衡和和谐。(String), 34(Long), 2024-09-28T19:07:42.179777400(LocalDateTime), 2024-09-28T19:07:42.179777400(LocalDateTime)
<==    Updates: 1
Releasing transactional SqlSession [org.apache.ibatis.session.defaults.DefaultSqlSession@f5b4ca6]
Transaction synchronization committing SqlSession [org.apache.ibatis.session.defaults.DefaultSqlSession@f5b4ca6]
Transaction synchronization deregistering SqlSession [org.apache.ibatis.session.defaults.DefaultSqlSession@f5b4ca6]
Transaction synchronization closing SqlSession [org.apache.ibatis.session.defaults.DefaultSqlSession@f5b4ca6]
Creating a new SqlSession
Registering transaction synchronization for SqlSession [org.apache.ibatis.session.defaults.DefaultSqlSession@67521a79]
JDBC Connection [HikariProxyConnection@353562601 wrapping com.mysql.cj.jdbc.ConnectionImpl@7e615c6a] will be managed by Spring
==>  Preparing: INSERT INTO `tb_post` (content, author_id, publish_at, last_update) VALUES (?, ?, ?, ?)
==> Parameters: 摄影能够捕捉生活中的美好瞬间。(String), 38(Long), 2024-09-28T19:07:42.189656300(LocalDateTime), 2024-09-28T19:07:42.189656300(LocalDateTime)
<==    Updates: 1
Releasing transactional SqlSession [org.apache.ibatis.session.defaults.DefaultSqlSession@67521a79]
Transaction synchronization committing SqlSession [org.apache.ibatis.session.defaults.DefaultSqlSession@67521a79]
Transaction synchronization deregistering SqlSession [org.apache.ibatis.session.defaults.DefaultSqlSession@67521a79]
Transaction synchronization closing SqlSession [org.apache.ibatis.session.defaults.DefaultSqlSession@67521a79]
Creating a new SqlSession
Registering transaction synchronization for SqlSession [org.apache.ibatis.session.defaults.DefaultSqlSession@64245ca9]
JDBC Connection [HikariProxyConnection@627937047 wrapping com.mysql.cj.jdbc.ConnectionImpl@7e615c6a] will be managed by Spring
==>  Preparing: INSERT INTO `tb_post` (content, author_id, publish_at, last_update) VALUES (?, ?, ?, ?)
==> Parameters: 写作是表达思想，记录生活的重要手段。(String), 23(Long), 2024-09-28T19:07:42.200396400(LocalDateTime), 2024-09-28T19:07:42.200396400(LocalDateTime)
<==    Updates: 1
Releasing transactional SqlSession [org.apache.ibatis.session.defaults.DefaultSqlSession@64245ca9]
Transaction synchronization committing SqlSession [org.apache.ibatis.session.defaults.DefaultSqlSession@64245ca9]
Transaction synchronization deregistering SqlSession [org.apache.ibatis.session.defaults.DefaultSqlSession@64245ca9]
Transaction synchronization closing SqlSession [org.apache.ibatis.session.defaults.DefaultSqlSession@64245ca9]
Creating a new SqlSession
Registering transaction synchronization for SqlSession [org.apache.ibatis.session.defaults.DefaultSqlSession@5f3c866c]
JDBC Connection [HikariProxyConnection@2073782870 wrapping com.mysql.cj.jdbc.ConnectionImpl@7e615c6a] will be managed by Spring
==>  Preparing: INSERT INTO `tb_post` (content, author_id, publish_at, last_update) VALUES (?, ?, ?, ?)
==> Parameters: 绘画能够展现内心世界，传递情感。(String), 20(Long), 2024-09-28T19:07:42.209902900(LocalDateTime), 2024-09-28T19:07:42.209902900(LocalDateTime)
<==    Updates: 1
Releasing transactional SqlSession [org.apache.ibatis.session.defaults.DefaultSqlSession@5f3c866c]
Transaction synchronization committing SqlSession [org.apache.ibatis.session.defaults.DefaultSqlSession@5f3c866c]
Transaction synchronization deregistering SqlSession [org.apache.ibatis.session.defaults.DefaultSqlSession@5f3c866c]
Transaction synchronization closing SqlSession [org.apache.ibatis.session.defaults.DefaultSqlSession@5f3c866c]
Creating a new SqlSession
Registering transaction synchronization for SqlSession [org.apache.ibatis.session.defaults.DefaultSqlSession@46ab8e4b]
JDBC Connection [HikariProxyConnection@14818675 wrapping com.mysql.cj.jdbc.ConnectionImpl@7e615c6a] will be managed by Spring
==>  Preparing: INSERT INTO `tb_post` (content, author_id, publish_at, last_update) VALUES (?, ?, ?, ?)
==> Parameters: 园艺是一种让人亲近自然，享受宁静的活动。(String), 20(Long), 2024-09-28T19:07:42.219435(LocalDateTime), 2024-09-28T19:07:42.219435(LocalDateTime)
<==    Updates: 1
Releasing transactional SqlSession [org.apache.ibatis.session.defaults.DefaultSqlSession@46ab8e4b]
Transaction synchronization committing SqlSession [org.apache.ibatis.session.defaults.DefaultSqlSession@46ab8e4b]
Transaction synchronization deregistering SqlSession [org.apache.ibatis.session.defaults.DefaultSqlSession@46ab8e4b]
Transaction synchronization closing SqlSession [org.apache.ibatis.session.defaults.DefaultSqlSession@46ab8e4b]
Creating a new SqlSession
Registering transaction synchronization for SqlSession [org.apache.ibatis.session.defaults.DefaultSqlSession@129348e8]
JDBC Connection [HikariProxyConnection@966802636 wrapping com.mysql.cj.jdbc.ConnectionImpl@7e615c6a] will be managed by Spring
==>  Preparing: INSERT INTO `tb_post` (content, author_id, publish_at, last_update) VALUES (?, ?, ?, ?)
==> Parameters: 烹饪是一种创造性的艺术，能够带来家庭的欢乐。(String), 83(Long), 2024-09-28T19:07:42.219435(LocalDateTime), 2024-09-28T19:07:42.219435(LocalDateTime)
<==    Updates: 1
Releasing transactional SqlSession [org.apache.ibatis.session.defaults.DefaultSqlSession@129348e8]
Transaction synchronization committing SqlSession [org.apache.ibatis.session.defaults.DefaultSqlSession@129348e8]
Transaction synchronization deregistering SqlSession [org.apache.ibatis.session.defaults.DefaultSqlSession@129348e8]
Transaction synchronization closing SqlSession [org.apache.ibatis.session.defaults.DefaultSqlSession@129348e8]
Creating a new SqlSession
Registering transaction synchronization for SqlSession [org.apache.ibatis.session.defaults.DefaultSqlSession@5c7d675c]
JDBC Connection [HikariProxyConnection@159504850 wrapping com.mysql.cj.jdbc.ConnectionImpl@7e615c6a] will be managed by Spring
==>  Preparing: INSERT INTO `tb_post` (content, author_id, publish_at, last_update) VALUES (?, ?, ?, ?)
==> Parameters: 阅读历史书籍能够让我们更好地理解现在。(String), 9(Long), 2024-09-28T19:07:42.229699700(LocalDateTime), 2024-09-28T19:07:42.229699700(LocalDateTime)
<==    Updates: 1
Releasing transactional SqlSession [org.apache.ibatis.session.defaults.DefaultSqlSession@5c7d675c]
Transaction synchronization committing SqlSession [org.apache.ibatis.session.defaults.DefaultSqlSession@5c7d675c]
Transaction synchronization deregistering SqlSession [org.apache.ibatis.session.defaults.DefaultSqlSession@5c7d675c]
Transaction synchronization closing SqlSession [org.apache.ibatis.session.defaults.DefaultSqlSession@5c7d675c]
Creating a new SqlSession
Registering transaction synchronization for SqlSession [org.apache.ibatis.session.defaults.DefaultSqlSession@42684d86]
JDBC Connection [HikariProxyConnection@2104139102 wrapping com.mysql.cj.jdbc.ConnectionImpl@7e615c6a] will be managed by Spring
==>  Preparing: INSERT INTO `tb_post` (content, author_id, publish_at, last_update) VALUES (?, ?, ?, ?)
==> Parameters: 学习外语能够开阔视野，增进对不同文化的了解。(String), 70(Long), 2024-09-28T19:07:42.229699700(LocalDateTime), 2024-09-28T19:07:42.229699700(LocalDateTime)
<==    Updates: 1
Releasing transactional SqlSession [org.apache.ibatis.session.defaults.DefaultSqlSession@42684d86]
Transaction synchronization committing SqlSession [org.apache.ibatis.session.defaults.DefaultSqlSession@42684d86]
Transaction synchronization deregistering SqlSession [org.apache.ibatis.session.defaults.DefaultSqlSession@42684d86]
Transaction synchronization closing SqlSession [org.apache.ibatis.session.defaults.DefaultSqlSession@42684d86]
Creating a new SqlSession
Registering transaction synchronization for SqlSession [org.apache.ibatis.session.defaults.DefaultSqlSession@3314f179]
JDBC Connection [HikariProxyConnection@88573335 wrapping com.mysql.cj.jdbc.ConnectionImpl@7e615c6a] will be managed by Spring
==>  Preparing: INSERT INTO `tb_post` (content, author_id, publish_at, last_update) VALUES (?, ?, ?, ?)
==> Parameters: 冥想有助于减少压力，提高专注力。(String), 100(Long), 2024-09-28T19:07:42.239733900(LocalDateTime), 2024-09-28T19:07:42.239733900(LocalDateTime)
<==    Updates: 1
Releasing transactional SqlSession [org.apache.ibatis.session.defaults.DefaultSqlSession@3314f179]
Transaction synchronization committing SqlSession [org.apache.ibatis.session.defaults.DefaultSqlSession@3314f179]
Transaction synchronization deregistering SqlSession [org.apache.ibatis.session.defaults.DefaultSqlSession@3314f179]
Transaction synchronization closing SqlSession [org.apache.ibatis.session.defaults.DefaultSqlSession@3314f179]
Creating a new SqlSession
Registering transaction synchronization for SqlSession [org.apache.ibatis.session.defaults.DefaultSqlSession@5f346355]
JDBC Connection [HikariProxyConnection@1358847474 wrapping com.mysql.cj.jdbc.ConnectionImpl@7e615c6a] will be managed by Spring
==>  Preparing: INSERT INTO `tb_post` (content, author_id, publish_at, last_update) VALUES (?, ?, ?, ?)
==> Parameters: 散步是一种简单而有效的锻炼方式。(String), 53(Long), 2024-09-28T19:07:42.239733900(LocalDateTime), 2024-09-28T19:07:42.239733900(LocalDateTime)
<==    Updates: 1
Releasing transactional SqlSession [org.apache.ibatis.session.defaults.DefaultSqlSession@5f346355]
Transaction synchronization committing SqlSession [org.apache.ibatis.session.defaults.DefaultSqlSession@5f346355]
Transaction synchronization deregistering SqlSession [org.apache.ibatis.session.defaults.DefaultSqlSession@5f346355]
Transaction synchronization closing SqlSession [org.apache.ibatis.session.defaults.DefaultSqlSession@5f346355]
Creating a new SqlSession
Registering transaction synchronization for SqlSession [org.apache.ibatis.session.defaults.DefaultSqlSession@43c3354]
JDBC Connection [HikariProxyConnection@1950308547 wrapping com.mysql.cj.jdbc.ConnectionImpl@7e615c6a] will be managed by Spring
==>  Preparing: INSERT INTO `tb_post` (content, author_id, publish_at, last_update) VALUES (?, ?, ?, ?)
==> Parameters: 志愿服务能够带来内心的满足和快乐。(String), 36(Long), 2024-09-28T19:07:42.249821800(LocalDateTime), 2024-09-28T19:07:42.249821800(LocalDateTime)
<==    Updates: 1
Releasing transactional SqlSession [org.apache.ibatis.session.defaults.DefaultSqlSession@43c3354]
Transaction synchronization committing SqlSession [org.apache.ibatis.session.defaults.DefaultSqlSession@43c3354]
Transaction synchronization deregistering SqlSession [org.apache.ibatis.session.defaults.DefaultSqlSession@43c3354]
Transaction synchronization closing SqlSession [org.apache.ibatis.session.defaults.DefaultSqlSession@43c3354]
Creating a new SqlSession
Registering transaction synchronization for SqlSession [org.apache.ibatis.session.defaults.DefaultSqlSession@71dfca65]
JDBC Connection [HikariProxyConnection@513761429 wrapping com.mysql.cj.jdbc.ConnectionImpl@7e615c6a] will be managed by Spring
==>  Preparing: INSERT INTO `tb_post` (content, author_id, publish_at, last_update) VALUES (?, ?, ?, ?)
==> Parameters: 电影之夜是与家人朋友共享美好时光的好机会。(String), 87(Long), 2024-09-28T19:07:42.249821800(LocalDateTime), 2024-09-28T19:07:42.249821800(LocalDateTime)
<==    Updates: 1
Releasing transactional SqlSession [org.apache.ibatis.session.defaults.DefaultSqlSession@71dfca65]
Transaction synchronization committing SqlSession [org.apache.ibatis.session.defaults.DefaultSqlSession@71dfca65]
Transaction synchronization deregistering SqlSession [org.apache.ibatis.session.defaults.DefaultSqlSession@71dfca65]
Transaction synchronization closing SqlSession [org.apache.ibatis.session.defaults.DefaultSqlSession@71dfca65]
Creating a new SqlSession
Registering transaction synchronization for SqlSession [org.apache.ibatis.session.defaults.DefaultSqlSession@308d4981]
JDBC Connection [HikariProxyConnection@1963645656 wrapping com.mysql.cj.jdbc.ConnectionImpl@7e615c6a] will be managed by Spring
==>  Preparing: INSERT INTO `tb_post` (content, author_id, publish_at, last_update) VALUES (?, ?, ?, ?)
==> Parameters: 学习编程能够锻炼逻辑思维，提高解决问题的能力。(String), 52(Long), 2024-09-28T19:07:42.259557(LocalDateTime), 2024-09-28T19:07:42.259557(LocalDateTime)
<==    Updates: 1
Releasing transactional SqlSession [org.apache.ibatis.session.defaults.DefaultSqlSession@308d4981]
Transaction synchronization committing SqlSession [org.apache.ibatis.session.defaults.DefaultSqlSession@308d4981]
Transaction synchronization deregistering SqlSession [org.apache.ibatis.session.defaults.DefaultSqlSession@308d4981]
Transaction synchronization closing SqlSession [org.apache.ibatis.session.defaults.DefaultSqlSession@308d4981]
Creating a new SqlSession
Registering transaction synchronization for SqlSession [org.apache.ibatis.session.defaults.DefaultSqlSession@565030b7]
JDBC Connection [HikariProxyConnection@783488821 wrapping com.mysql.cj.jdbc.ConnectionImpl@7e615c6a] will be managed by Spring
==>  Preparing: INSERT INTO `tb_post` (content, author_id, publish_at, last_update) VALUES (?, ?, ?, ?)
==> Parameters: 游泳是一项全身运动，对健康大有裨益。(String), 52(Long), 2024-09-28T19:07:42.269644(LocalDateTime), 2024-09-28T19:07:42.269644(LocalDateTime)
<==    Updates: 1
Releasing transactional SqlSession [org.apache.ibatis.session.defaults.DefaultSqlSession@565030b7]
Transaction synchronization committing SqlSession [org.apache.ibatis.session.defaults.DefaultSqlSession@565030b7]
Transaction synchronization deregistering SqlSession [org.apache.ibatis.session.defaults.DefaultSqlSession@565030b7]
Transaction synchronization closing SqlSession [org.apache.ibatis.session.defaults.DefaultSqlSession@565030b7]
Creating a new SqlSession
Registering transaction synchronization for SqlSession [org.apache.ibatis.session.defaults.DefaultSqlSession@2eb73a42]
JDBC Connection [HikariProxyConnection@1111320106 wrapping com.mysql.cj.jdbc.ConnectionImpl@7e615c6a] will be managed by Spring
==>  Preparing: INSERT INTO `tb_post` (content, author_id, publish_at, last_update) VALUES (?, ?, ?, ?)
==> Parameters: 骑自行车是一种环保的出行方式，也是锻炼身体的好方法。(String), 61(Long), 2024-09-28T19:07:42.269726700(LocalDateTime), 2024-09-28T19:07:42.269726700(LocalDateTime)
<==    Updates: 1
Releasing transactional SqlSession [org.apache.ibatis.session.defaults.DefaultSqlSession@2eb73a42]
Transaction synchronization committing SqlSession [org.apache.ibatis.session.defaults.DefaultSqlSession@2eb73a42]
Transaction synchronization deregistering SqlSession [org.apache.ibatis.session.defaults.DefaultSqlSession@2eb73a42]
Transaction synchronization closing SqlSession [org.apache.ibatis.session.defaults.DefaultSqlSession@2eb73a42]
Creating a new SqlSession
Registering transaction synchronization for SqlSession [org.apache.ibatis.session.defaults.DefaultSqlSession@ebbbe20]
JDBC Connection [HikariProxyConnection@1286968216 wrapping com.mysql.cj.jdbc.ConnectionImpl@7e615c6a] will be managed by Spring
==>  Preparing: INSERT INTO `tb_post` (content, author_id, publish_at, last_update) VALUES (?, ?, ?, ?)
==> Parameters: 学习乐器能够提升音乐素养，也是一种放松的方式。(String), 84(Long), 2024-09-28T19:07:42.279690100(LocalDateTime), 2024-09-28T19:07:42.279690100(LocalDateTime)
<==    Updates: 1
Releasing transactional SqlSession [org.apache.ibatis.session.defaults.DefaultSqlSession@ebbbe20]
Transaction synchronization committing SqlSession [org.apache.ibatis.session.defaults.DefaultSqlSession@ebbbe20]
Transaction synchronization deregistering SqlSession [org.apache.ibatis.session.defaults.DefaultSqlSession@ebbbe20]
Transaction synchronization closing SqlSession [org.apache.ibatis.session.defaults.DefaultSqlSession@ebbbe20]
Creating a new SqlSession
Registering transaction synchronization for SqlSession [org.apache.ibatis.session.defaults.DefaultSqlSession@22349ad3]
JDBC Connection [HikariProxyConnection@405318481 wrapping com.mysql.cj.jdbc.ConnectionImpl@7e615c6a] will be managed by Spring
==>  Preparing: INSERT INTO `tb_post` (content, author_id, publish_at, last_update) VALUES (?, ?, ?, ?)
==> Parameters: 写作日记能够帮助我们记录生活，反思自我。(String), 65(Long), 2024-09-28T19:07:42.279690100(LocalDateTime), 2024-09-28T19:07:42.279690100(LocalDateTime)
<==    Updates: 1
Releasing transactional SqlSession [org.apache.ibatis.session.defaults.DefaultSqlSession@22349ad3]
Transaction synchronization committing SqlSession [org.apache.ibatis.session.defaults.DefaultSqlSession@22349ad3]
Transaction synchronization deregistering SqlSession [org.apache.ibatis.session.defaults.DefaultSqlSession@22349ad3]
Transaction synchronization closing SqlSession [org.apache.ibatis.session.defaults.DefaultSqlSession@22349ad3]
Creating a new SqlSession
Registering transaction synchronization for SqlSession [org.apache.ibatis.session.defaults.DefaultSqlSession@7568134c]
JDBC Connection [HikariProxyConnection@55711712 wrapping com.mysql.cj.jdbc.ConnectionImpl@7e615c6a] will be managed by Spring
==>  Preparing: INSERT INTO `tb_post` (content, author_id, publish_at, last_update) VALUES (?, ?, ?, ?)
==> Parameters: 观看体育赛事能够激发人们的团队精神和竞争意识。(String), 21(Long), 2024-09-28T19:07:42.289581200(LocalDateTime), 2024-09-28T19:07:42.289581200(LocalDateTime)
<==    Updates: 1
Releasing transactional SqlSession [org.apache.ibatis.session.defaults.DefaultSqlSession@7568134c]
Transaction synchronization committing SqlSession [org.apache.ibatis.session.defaults.DefaultSqlSession@7568134c]
Transaction synchronization deregistering SqlSession [org.apache.ibatis.session.defaults.DefaultSqlSession@7568134c]
Transaction synchronization closing SqlSession [org.apache.ibatis.session.defaults.DefaultSqlSession@7568134c]
Creating a new SqlSession
Registering transaction synchronization for SqlSession [org.apache.ibatis.session.defaults.DefaultSqlSession@2e2c9e24]
JDBC Connection [HikariProxyConnection@1663141254 wrapping com.mysql.cj.jdbc.ConnectionImpl@7e615c6a] will be managed by Spring
==>  Preparing: INSERT INTO `tb_post` (content, author_id, publish_at, last_update) VALUES (?, ?, ?, ?)
==> Parameters: 尝试新的食谱能够给生活带来新鲜感。(String), 42(Long), 2024-09-28T19:07:42.289581200(LocalDateTime), 2024-09-28T19:07:42.289581200(LocalDateTime)
<==    Updates: 1
Releasing transactional SqlSession [org.apache.ibatis.session.defaults.DefaultSqlSession@2e2c9e24]
Transaction synchronization committing SqlSession [org.apache.ibatis.session.defaults.DefaultSqlSession@2e2c9e24]
Transaction synchronization deregistering SqlSession [org.apache.ibatis.session.defaults.DefaultSqlSession@2e2c9e24]
Transaction synchronization closing SqlSession [org.apache.ibatis.session.defaults.DefaultSqlSession@2e2c9e24]
Creating a new SqlSession
Registering transaction synchronization for SqlSession [org.apache.ibatis.session.defaults.DefaultSqlSession@507fecf3]
JDBC Connection [HikariProxyConnection@1807402813 wrapping com.mysql.cj.jdbc.ConnectionImpl@7e615c6a] will be managed by Spring
==>  Preparing: INSERT INTO `tb_post` (content, author_id, publish_at, last_update) VALUES (?, ?, ?, ?)
==> Parameters: 参观博物馆能够增长知识，了解历史和文化。(String), 74(Long), 2024-09-28T19:07:42.300528600(LocalDateTime), 2024-09-28T19:07:42.300528600(LocalDateTime)
<==    Updates: 1
Releasing transactional SqlSession [org.apache.ibatis.session.defaults.DefaultSqlSession@507fecf3]
Transaction synchronization committing SqlSession [org.apache.ibatis.session.defaults.DefaultSqlSession@507fecf3]
Transaction synchronization deregistering SqlSession [org.apache.ibatis.session.defaults.DefaultSqlSession@507fecf3]
Transaction synchronization closing SqlSession [org.apache.ibatis.session.defaults.DefaultSqlSession@507fecf3]
Creating a new SqlSession
Registering transaction synchronization for SqlSession [org.apache.ibatis.session.defaults.DefaultSqlSession@345af277]
JDBC Connection [HikariProxyConnection@1498452883 wrapping com.mysql.cj.jdbc.ConnectionImpl@7e615c6a] will be managed by Spring
==>  Preparing: INSERT INTO `tb_post` (content, author_id, publish_at, last_update) VALUES (?, ?, ?, ?)
==> Parameters: 学习法律知识能够帮助我们更好地维护自己的权益。(String), 57(Long), 2024-09-28T19:07:42.309782500(LocalDateTime), 2024-09-28T19:07:42.309782500(LocalDateTime)
<==    Updates: 1
Releasing transactional SqlSession [org.apache.ibatis.session.defaults.DefaultSqlSession@345af277]
Transaction synchronization committing SqlSession [org.apache.ibatis.session.defaults.DefaultSqlSession@345af277]
Transaction synchronization deregistering SqlSession [org.apache.ibatis.session.defaults.DefaultSqlSession@345af277]
Transaction synchronization closing SqlSession [org.apache.ibatis.session.defaults.DefaultSqlSession@345af277]
Creating a new SqlSession
Registering transaction synchronization for SqlSession [org.apache.ibatis.session.defaults.DefaultSqlSession@55cf5626]
JDBC Connection [HikariProxyConnection@2069229734 wrapping com.mysql.cj.jdbc.ConnectionImpl@7e615c6a] will be managed by Spring
==>  Preparing: INSERT INTO `tb_post` (content, author_id, publish_at, last_update) VALUES (?, ?, ?, ?)
==> Parameters: 练习书法能够培养耐心和审美能力。(String), 100(Long), 2024-09-28T19:07:42.319475100(LocalDateTime), 2024-09-28T19:07:42.319475100(LocalDateTime)
<==    Updates: 1
Releasing transactional SqlSession [org.apache.ibatis.session.defaults.DefaultSqlSession@55cf5626]
Transaction synchronization committing SqlSession [org.apache.ibatis.session.defaults.DefaultSqlSession@55cf5626]
Transaction synchronization deregistering SqlSession [org.apache.ibatis.session.defaults.DefaultSqlSession@55cf5626]
Transaction synchronization closing SqlSession [org.apache.ibatis.session.defaults.DefaultSqlSession@55cf5626]
Creating a new SqlSession
Registering transaction synchronization for SqlSession [org.apache.ibatis.session.defaults.DefaultSqlSession@6c6c93f8]
JDBC Connection [HikariProxyConnection@980552419 wrapping com.mysql.cj.jdbc.ConnectionImpl@7e615c6a] will be managed by Spring
==>  Preparing: INSERT INTO `tb_post` (content, author_id, publish_at, last_update) VALUES (?, ?, ?, ?)
==> Parameters: 观看纪录片能够让我们更深入地了解世界。(String), 42(Long), 2024-09-28T19:07:42.331674700(LocalDateTime), 2024-09-28T19:07:42.331674700(LocalDateTime)
<==    Updates: 1
Releasing transactional SqlSession [org.apache.ibatis.session.defaults.DefaultSqlSession@6c6c93f8]
Transaction synchronization committing SqlSession [org.apache.ibatis.session.defaults.DefaultSqlSession@6c6c93f8]
Transaction synchronization deregistering SqlSession [org.apache.ibatis.session.defaults.DefaultSqlSession@6c6c93f8]
Transaction synchronization closing SqlSession [org.apache.ibatis.session.defaults.DefaultSqlSession@6c6c93f8]
Creating a new SqlSession
Registering transaction synchronization for SqlSession [org.apache.ibatis.session.defaults.DefaultSqlSession@6bfc5296]
JDBC Connection [HikariProxyConnection@1165836116 wrapping com.mysql.cj.jdbc.ConnectionImpl@7e615c6a] will be managed by Spring
==>  Preparing: INSERT INTO `tb_post` (content, author_id, publish_at, last_update) VALUES (?, ?, ?, ?)
==> Parameters: 学习心理学能够增进对自己和他人的理解。(String), 46(Long), 2024-09-28T19:07:42.339798300(LocalDateTime), 2024-09-28T19:07:42.339798300(LocalDateTime)
<==    Updates: 1
Releasing transactional SqlSession [org.apache.ibatis.session.defaults.DefaultSqlSession@6bfc5296]
Transaction synchronization committing SqlSession [org.apache.ibatis.session.defaults.DefaultSqlSession@6bfc5296]
Transaction synchronization deregistering SqlSession [org.apache.ibatis.session.defaults.DefaultSqlSession@6bfc5296]
Transaction synchronization closing SqlSession [org.apache.ibatis.session.defaults.DefaultSqlSession@6bfc5296]
Creating a new SqlSession
Registering transaction synchronization for SqlSession [org.apache.ibatis.session.defaults.DefaultSqlSession@47cf922d]
JDBC Connection [HikariProxyConnection@1134388380 wrapping com.mysql.cj.jdbc.ConnectionImpl@7e615c6a] will be managed by Spring
==>  Preparing: INSERT INTO `tb_post` (content, author_id, publish_at, last_update) VALUES (?, ?, ?, ?)
==> Parameters: 旅行计划的制定是一种充满期待和乐趣的过程。(String), 1(Long), 2024-09-28T19:07:42.349827100(LocalDateTime), 2024-09-28T19:07:42.349827100(LocalDateTime)
<==    Updates: 1
Releasing transactional SqlSession [org.apache.ibatis.session.defaults.DefaultSqlSession@47cf922d]
Transaction synchronization committing SqlSession [org.apache.ibatis.session.defaults.DefaultSqlSession@47cf922d]
Transaction synchronization deregistering SqlSession [org.apache.ibatis.session.defaults.DefaultSqlSession@47cf922d]
Transaction synchronization closing SqlSession [org.apache.ibatis.session.defaults.DefaultSqlSession@47cf922d]
Creating a new SqlSession
Registering transaction synchronization for SqlSession [org.apache.ibatis.session.defaults.DefaultSqlSession@1a99744a]
JDBC Connection [HikariProxyConnection@1725382189 wrapping com.mysql.cj.jdbc.ConnectionImpl@7e615c6a] will be managed by Spring
==>  Preparing: INSERT INTO `tb_post` (content, author_id, publish_at, last_update) VALUES (?, ?, ?, ?)
==> Parameters: 学习新语言能够打开通往不同文化的大门。(String), 79(Long), 2024-09-28T19:07:42.359920800(LocalDateTime), 2024-09-28T19:07:42.359920800(LocalDateTime)
<==    Updates: 1
Releasing transactional SqlSession [org.apache.ibatis.session.defaults.DefaultSqlSession@1a99744a]
Transaction synchronization committing SqlSession [org.apache.ibatis.session.defaults.DefaultSqlSession@1a99744a]
Transaction synchronization deregistering SqlSession [org.apache.ibatis.session.defaults.DefaultSqlSession@1a99744a]
Transaction synchronization closing SqlSession [org.apache.ibatis.session.defaults.DefaultSqlSession@1a99744a]
Creating a new SqlSession
Registering transaction synchronization for SqlSession [org.apache.ibatis.session.defaults.DefaultSqlSession@5f1a3c4]
JDBC Connection [HikariProxyConnection@1675886984 wrapping com.mysql.cj.jdbc.ConnectionImpl@7e615c6a] will be managed by Spring
==>  Preparing: INSERT INTO `tb_post` (content, author_id, publish_at, last_update) VALUES (?, ?, ?, ?)
==> Parameters: 种植花草能够让人享受园艺的乐趣，同时也美化环境。(String), 75(Long), 2024-09-28T19:07:42.369978200(LocalDateTime), 2024-09-28T19:07:42.369978200(LocalDateTime)
<==    Updates: 1
Releasing transactional SqlSession [org.apache.ibatis.session.defaults.DefaultSqlSession@5f1a3c4]
Transaction synchronization committing SqlSession [org.apache.ibatis.session.defaults.DefaultSqlSession@5f1a3c4]
Transaction synchronization deregistering SqlSession [org.apache.ibatis.session.defaults.DefaultSqlSession@5f1a3c4]
Transaction synchronization closing SqlSession [org.apache.ibatis.session.defaults.DefaultSqlSession@5f1a3c4]
Creating a new SqlSession
Registering transaction synchronization for SqlSession [org.apache.ibatis.session.defaults.DefaultSqlSession@4f571c0e]
JDBC Connection [HikariProxyConnection@917379055 wrapping com.mysql.cj.jdbc.ConnectionImpl@7e615c6a] will be managed by Spring
==>  Preparing: INSERT INTO `tb_post` (content, author_id, publish_at, last_update) VALUES (?, ?, ?, ?)
==> Parameters: 学习经济学能够帮助我们更好地理解社会运作。(String), 89(Long), 2024-09-28T19:07:42.379652800(LocalDateTime), 2024-09-28T19:07:42.379652800(LocalDateTime)
<==    Updates: 1
Releasing transactional SqlSession [org.apache.ibatis.session.defaults.DefaultSqlSession@4f571c0e]
Transaction synchronization committing SqlSession [org.apache.ibatis.session.defaults.DefaultSqlSession@4f571c0e]
Transaction synchronization deregistering SqlSession [org.apache.ibatis.session.defaults.DefaultSqlSession@4f571c0e]
Transaction synchronization closing SqlSession [org.apache.ibatis.session.defaults.DefaultSqlSession@4f571c0e]
Creating a new SqlSession
Registering transaction synchronization for SqlSession [org.apache.ibatis.session.defaults.DefaultSqlSession@21251e43]
JDBC Connection [HikariProxyConnection@1421965867 wrapping com.mysql.cj.jdbc.ConnectionImpl@7e615c6a] will be managed by Spring
==>  Preparing: INSERT INTO `tb_post` (content, author_id, publish_at, last_update) VALUES (?, ?, ?, ?)
==> Parameters: 练习武术不仅能够强身健体，还能培养自律精神。(String), 63(Long), 2024-09-28T19:07:42.389794(LocalDateTime), 2024-09-28T19:07:42.389794(LocalDateTime)
<==    Updates: 1
Releasing transactional SqlSession [org.apache.ibatis.session.defaults.DefaultSqlSession@21251e43]
Transaction synchronization committing SqlSession [org.apache.ibatis.session.defaults.DefaultSqlSession@21251e43]
Transaction synchronization deregistering SqlSession [org.apache.ibatis.session.defaults.DefaultSqlSession@21251e43]
Transaction synchronization closing SqlSession [org.apache.ibatis.session.defaults.DefaultSqlSession@21251e43]
Creating a new SqlSession
Registering transaction synchronization for SqlSession [org.apache.ibatis.session.defaults.DefaultSqlSession@6bd8c398]
JDBC Connection [HikariProxyConnection@508067159 wrapping com.mysql.cj.jdbc.ConnectionImpl@7e615c6a] will be managed by Spring
==>  Preparing: INSERT INTO `tb_post` (content, author_id, publish_at, last_update) VALUES (?, ?, ?, ?)
==> Parameters: 观看戏剧表演是一种感受艺术魅力的方式。(String), 56(Long), 2024-09-28T19:07:42.399897900(LocalDateTime), 2024-09-28T19:07:42.399897900(LocalDateTime)
<==    Updates: 1
Releasing transactional SqlSession [org.apache.ibatis.session.defaults.DefaultSqlSession@6bd8c398]
Transaction synchronization committing SqlSession [org.apache.ibatis.session.defaults.DefaultSqlSession@6bd8c398]
Transaction synchronization deregistering SqlSession [org.apache.ibatis.session.defaults.DefaultSqlSession@6bd8c398]
Transaction synchronization closing SqlSession [org.apache.ibatis.session.defaults.DefaultSqlSession@6bd8c398]
Creating a new SqlSession
Registering transaction synchronization for SqlSession [org.apache.ibatis.session.defaults.DefaultSqlSession@6d387e9b]
JDBC Connection [HikariProxyConnection@745932773 wrapping com.mysql.cj.jdbc.ConnectionImpl@7e615c6a] will be managed by Spring
==>  Preparing: INSERT INTO `tb_post` (content, author_id, publish_at, last_update) VALUES (?, ?, ?, ?)
==> Parameters: 学习天文学能够让我们对宇宙有更深的认识。(String), 86(Long), 2024-09-28T19:07:42.405479300(LocalDateTime), 2024-09-28T19:07:42.405479300(LocalDateTime)
<==    Updates: 1
Releasing transactional SqlSession [org.apache.ibatis.session.defaults.DefaultSqlSession@6d387e9b]
Transaction synchronization committing SqlSession [org.apache.ibatis.session.defaults.DefaultSqlSession@6d387e9b]
Transaction synchronization deregistering SqlSession [org.apache.ibatis.session.defaults.DefaultSqlSession@6d387e9b]
Transaction synchronization closing SqlSession [org.apache.ibatis.session.defaults.DefaultSqlSession@6d387e9b]
Creating a new SqlSession
Registering transaction synchronization for SqlSession [org.apache.ibatis.session.defaults.DefaultSqlSession@75b25ec3]
JDBC Connection [HikariProxyConnection@1801509276 wrapping com.mysql.cj.jdbc.ConnectionImpl@7e615c6a] will be managed by Spring
==>  Preparing: INSERT INTO `tb_post` (content, author_id, publish_at, last_update) VALUES (?, ?, ?, ?)
==> Parameters: 学习地理知识能够让我们更好地理解世界的多样性。(String), 6(Long), 2024-09-28T19:07:42.409569800(LocalDateTime), 2024-09-28T19:07:42.409569800(LocalDateTime)
<==    Updates: 1
Releasing transactional SqlSession [org.apache.ibatis.session.defaults.DefaultSqlSession@75b25ec3]
Transaction synchronization committing SqlSession [org.apache.ibatis.session.defaults.DefaultSqlSession@75b25ec3]
Transaction synchronization deregistering SqlSession [org.apache.ibatis.session.defaults.DefaultSqlSession@75b25ec3]
Transaction synchronization closing SqlSession [org.apache.ibatis.session.defaults.DefaultSqlSession@75b25ec3]
Creating a new SqlSession
Registering transaction synchronization for SqlSession [org.apache.ibatis.session.defaults.DefaultSqlSession@639bf405]
JDBC Connection [HikariProxyConnection@165128275 wrapping com.mysql.cj.jdbc.ConnectionImpl@7e615c6a] will be managed by Spring
==>  Preparing: INSERT INTO `tb_post` (content, author_id, publish_at, last_update) VALUES (?, ?, ?, ?)
==> Parameters: 练习演讲能够提高沟通能力和自信心。(String), 45(Long), 2024-09-28T19:07:42.419601100(LocalDateTime), 2024-09-28T19:07:42.419601100(LocalDateTime)
<==    Updates: 1
Releasing transactional SqlSession [org.apache.ibatis.session.defaults.DefaultSqlSession@639bf405]
Transaction synchronization committing SqlSession [org.apache.ibatis.session.defaults.DefaultSqlSession@639bf405]
Transaction synchronization deregistering SqlSession [org.apache.ibatis.session.defaults.DefaultSqlSession@639bf405]
Transaction synchronization closing SqlSession [org.apache.ibatis.session.defaults.DefaultSqlSession@639bf405]
Creating a new SqlSession
Registering transaction synchronization for SqlSession [org.apache.ibatis.session.defaults.DefaultSqlSession@1028a747]
JDBC Connection [HikariProxyConnection@1631298894 wrapping com.mysql.cj.jdbc.ConnectionImpl@7e615c6a] will be managed by Spring
==>  Preparing: INSERT INTO `tb_post` (content, author_id, publish_at, last_update) VALUES (?, ?, ?, ?)
==> Parameters: 学习哲学能够锻炼我们的思辨能力和批判性思维。(String), 49(Long), 2024-09-28T19:07:42.429639700(LocalDateTime), 2024-09-28T19:07:42.429639700(LocalDateTime)
<==    Updates: 1
Releasing transactional SqlSession [org.apache.ibatis.session.defaults.DefaultSqlSession@1028a747]
Transaction synchronization committing SqlSession [org.apache.ibatis.session.defaults.DefaultSqlSession@1028a747]
Transaction synchronization deregistering SqlSession [org.apache.ibatis.session.defaults.DefaultSqlSession@1028a747]
Transaction synchronization closing SqlSession [org.apache.ibatis.session.defaults.DefaultSqlSession@1028a747]
Creating a new SqlSession
Registering transaction synchronization for SqlSession [org.apache.ibatis.session.defaults.DefaultSqlSession@1ee126de]
JDBC Connection [HikariProxyConnection@347386462 wrapping com.mysql.cj.jdbc.ConnectionImpl@7e615c6a] will be managed by Spring
==>  Preparing: INSERT INTO `tb_post` (content, author_id, publish_at, last_update) VALUES (?, ?, ?, ?)
==> Parameters: 参观艺术展览能够激发我们的创造力和想象力。(String), 1(Long), 2024-09-28T19:07:42.439840700(LocalDateTime), 2024-09-28T19:07:42.439840700(LocalDateTime)
<==    Updates: 1
Releasing transactional SqlSession [org.apache.ibatis.session.defaults.DefaultSqlSession@1ee126de]
Transaction synchronization committing SqlSession [org.apache.ibatis.session.defaults.DefaultSqlSession@1ee126de]
Transaction synchronization deregistering SqlSession [org.apache.ibatis.session.defaults.DefaultSqlSession@1ee126de]
Transaction synchronization closing SqlSession [org.apache.ibatis.session.defaults.DefaultSqlSession@1ee126de]
Creating a new SqlSession
Registering transaction synchronization for SqlSession [org.apache.ibatis.session.defaults.DefaultSqlSession@19ee0a2f]
JDBC Connection [HikariProxyConnection@1019562230 wrapping com.mysql.cj.jdbc.ConnectionImpl@7e615c6a] will be managed by Spring
==>  Preparing: INSERT INTO `tb_post` (content, author_id, publish_at, last_update) VALUES (?, ?, ?, ?)
==> Parameters: 学习历史能够帮助我们从过去中汲取智慧。(String), 33(Long), 2024-09-28T19:07:42.439840700(LocalDateTime), 2024-09-28T19:07:42.439840700(LocalDateTime)
<==    Updates: 1
Releasing transactional SqlSession [org.apache.ibatis.session.defaults.DefaultSqlSession@19ee0a2f]
Transaction synchronization committing SqlSession [org.apache.ibatis.session.defaults.DefaultSqlSession@19ee0a2f]
Transaction synchronization deregistering SqlSession [org.apache.ibatis.session.defaults.DefaultSqlSession@19ee0a2f]
Transaction synchronization closing SqlSession [org.apache.ibatis.session.defaults.DefaultSqlSession@19ee0a2f]
Creating a new SqlSession
Registering transaction synchronization for SqlSession [org.apache.ibatis.session.defaults.DefaultSqlSession@3549c070]
JDBC Connection [HikariProxyConnection@1946618260 wrapping com.mysql.cj.jdbc.ConnectionImpl@7e615c6a] will be managed by Spring
==>  Preparing: INSERT INTO `tb_post` (content, author_id, publish_at, last_update) VALUES (?, ?, ?, ?)
==> Parameters: 练习瑜伽能够帮助我们达到身心的平衡。(String), 21(Long), 2024-09-28T19:07:42.449592600(LocalDateTime), 2024-09-28T19:07:42.449592600(LocalDateTime)
<==    Updates: 1
Releasing transactional SqlSession [org.apache.ibatis.session.defaults.DefaultSqlSession@3549c070]
Transaction synchronization committing SqlSession [org.apache.ibatis.session.defaults.DefaultSqlSession@3549c070]
Transaction synchronization deregistering SqlSession [org.apache.ibatis.session.defaults.DefaultSqlSession@3549c070]
Transaction synchronization closing SqlSession [org.apache.ibatis.session.defaults.DefaultSqlSession@3549c070]
Creating a new SqlSession
Registering transaction synchronization for SqlSession [org.apache.ibatis.session.defaults.DefaultSqlSession@49c555c3]
JDBC Connection [HikariProxyConnection@1917717111 wrapping com.mysql.cj.jdbc.ConnectionImpl@7e615c6a] will be managed by Spring
==>  Preparing: INSERT INTO `tb_post` (content, author_id, publish_at, last_update) VALUES (?, ?, ?, ?)
==> Parameters: 学习生物知识能够让我们更好地理解自然界。(String), 42(Long), 2024-09-28T19:07:42.454602500(LocalDateTime), 2024-09-28T19:07:42.454602500(LocalDateTime)
<==    Updates: 1
Releasing transactional SqlSession [org.apache.ibatis.session.defaults.DefaultSqlSession@49c555c3]
Transaction synchronization committing SqlSession [org.apache.ibatis.session.defaults.DefaultSqlSession@49c555c3]
Transaction synchronization deregistering SqlSession [org.apache.ibatis.session.defaults.DefaultSqlSession@49c555c3]
Transaction synchronization closing SqlSession [org.apache.ibatis.session.defaults.DefaultSqlSession@49c555c3]
Creating a new SqlSession
Registering transaction synchronization for SqlSession [org.apache.ibatis.session.defaults.DefaultSqlSession@5812935]
JDBC Connection [HikariProxyConnection@484728344 wrapping com.mysql.cj.jdbc.ConnectionImpl@7e615c6a] will be managed by Spring
==>  Preparing: INSERT INTO `tb_post` (content, author_id, publish_at, last_update) VALUES (?, ?, ?, ?)
==> Parameters: 练习烹饪新菜肴能够提升我们的生活品质。(String), 14(Long), 2024-09-28T19:07:42.459665300(LocalDateTime), 2024-09-28T19:07:42.459665300(LocalDateTime)
<==    Updates: 1
Releasing transactional SqlSession [org.apache.ibatis.session.defaults.DefaultSqlSession@5812935]
Transaction synchronization committing SqlSession [org.apache.ibatis.session.defaults.DefaultSqlSession@5812935]
Transaction synchronization deregistering SqlSession [org.apache.ibatis.session.defaults.DefaultSqlSession@5812935]
Transaction synchronization closing SqlSession [org.apache.ibatis.session.defaults.DefaultSqlSession@5812935]
Creating a new SqlSession
Registering transaction synchronization for SqlSession [org.apache.ibatis.session.defaults.DefaultSqlSession@5a6d4dee]
JDBC Connection [HikariProxyConnection@1885192614 wrapping com.mysql.cj.jdbc.ConnectionImpl@7e615c6a] will be managed by Spring
==>  Preparing: INSERT INTO `tb_post` (content, author_id, publish_at, last_update) VALUES (?, ?, ?, ?)
==> Parameters: 学习物理知识能够让我们更好地理解自然现象。(String), 73(Long), 2024-09-28T19:07:42.464674(LocalDateTime), 2024-09-28T19:07:42.464674(LocalDateTime)
<==    Updates: 1
Releasing transactional SqlSession [org.apache.ibatis.session.defaults.DefaultSqlSession@5a6d4dee]
Transaction synchronization committing SqlSession [org.apache.ibatis.session.defaults.DefaultSqlSession@5a6d4dee]
Transaction synchronization deregistering SqlSession [org.apache.ibatis.session.defaults.DefaultSqlSession@5a6d4dee]
Transaction synchronization closing SqlSession [org.apache.ibatis.session.defaults.DefaultSqlSession@5a6d4dee]
Creating a new SqlSession
Registering transaction synchronization for SqlSession [org.apache.ibatis.session.defaults.DefaultSqlSession@208b8425]
JDBC Connection [HikariProxyConnection@1528622589 wrapping com.mysql.cj.jdbc.ConnectionImpl@7e615c6a] will be managed by Spring
==>  Preparing: INSERT INTO `tb_post` (content, author_id, publish_at, last_update) VALUES (?, ?, ?, ?)
==> Parameters: 练习摄影技术能够记录生活中的美好瞬间。(String), 57(Long), 2024-09-28T19:07:42.469738300(LocalDateTime), 2024-09-28T19:07:42.469738300(LocalDateTime)
<==    Updates: 1
Releasing transactional SqlSession [org.apache.ibatis.session.defaults.DefaultSqlSession@208b8425]
Transaction synchronization committing SqlSession [org.apache.ibatis.session.defaults.DefaultSqlSession@208b8425]
Transaction synchronization deregistering SqlSession [org.apache.ibatis.session.defaults.DefaultSqlSession@208b8425]
Transaction synchronization closing SqlSession [org.apache.ibatis.session.defaults.DefaultSqlSession@208b8425]
Creating a new SqlSession
Registering transaction synchronization for SqlSession [org.apache.ibatis.session.defaults.DefaultSqlSession@74ed3be4]
JDBC Connection [HikariProxyConnection@1105475717 wrapping com.mysql.cj.jdbc.ConnectionImpl@7e615c6a] will be managed by Spring
==>  Preparing: INSERT INTO `tb_post` (content, author_id, publish_at, last_update) VALUES (?, ?, ?, ?)
==> Parameters: 学习化学知识能够让我们更好地理解物质世界。(String), 42(Long), 2024-09-28T19:07:42.469738300(LocalDateTime), 2024-09-28T19:07:42.469738300(LocalDateTime)
<==    Updates: 1
Releasing transactional SqlSession [org.apache.ibatis.session.defaults.DefaultSqlSession@74ed3be4]
Transaction synchronization committing SqlSession [org.apache.ibatis.session.defaults.DefaultSqlSession@74ed3be4]
Transaction synchronization deregistering SqlSession [org.apache.ibatis.session.defaults.DefaultSqlSession@74ed3be4]
Transaction synchronization closing SqlSession [org.apache.ibatis.session.defaults.DefaultSqlSession@74ed3be4]
Creating a new SqlSession
Registering transaction synchronization for SqlSession [org.apache.ibatis.session.defaults.DefaultSqlSession@43d84df1]
JDBC Connection [HikariProxyConnection@1057291015 wrapping com.mysql.cj.jdbc.ConnectionImpl@7e615c6a] will be managed by Spring
==>  Preparing: INSERT INTO `tb_post` (content, author_id, publish_at, last_update) VALUES (?, ?, ?, ?)
==> Parameters: 练习公共演讲能够提高我们的表达能力。(String), 99(Long), 2024-09-28T19:07:42.480823(LocalDateTime), 2024-09-28T19:07:42.480823(LocalDateTime)
<==    Updates: 1
Releasing transactional SqlSession [org.apache.ibatis.session.defaults.DefaultSqlSession@43d84df1]
Transaction synchronization committing SqlSession [org.apache.ibatis.session.defaults.DefaultSqlSession@43d84df1]
Transaction synchronization deregistering SqlSession [org.apache.ibatis.session.defaults.DefaultSqlSession@43d84df1]
Transaction synchronization closing SqlSession [org.apache.ibatis.session.defaults.DefaultSqlSession@43d84df1]
Creating a new SqlSession
Registering transaction synchronization for SqlSession [org.apache.ibatis.session.defaults.DefaultSqlSession@267e0ca0]
JDBC Connection [HikariProxyConnection@1060786847 wrapping com.mysql.cj.jdbc.ConnectionImpl@7e615c6a] will be managed by Spring
==>  Preparing: INSERT INTO `tb_post` (content, author_id, publish_at, last_update) VALUES (?, ?, ?, ?)
==> Parameters: 学习外语歌曲是一种有趣的语言学习方式。(String), 47(Long), 2024-09-28T19:07:42.480823(LocalDateTime), 2024-09-28T19:07:42.480823(LocalDateTime)
<==    Updates: 1
Releasing transactional SqlSession [org.apache.ibatis.session.defaults.DefaultSqlSession@267e0ca0]
Transaction synchronization committing SqlSession [org.apache.ibatis.session.defaults.DefaultSqlSession@267e0ca0]
Transaction synchronization deregistering SqlSession [org.apache.ibatis.session.defaults.DefaultSqlSession@267e0ca0]
Transaction synchronization closing SqlSession [org.apache.ibatis.session.defaults.DefaultSqlSession@267e0ca0]
Creating a new SqlSession
Registering transaction synchronization for SqlSession [org.apache.ibatis.session.defaults.DefaultSqlSession@344cf00f]
JDBC Connection [HikariProxyConnection@268630105 wrapping com.mysql.cj.jdbc.ConnectionImpl@7e615c6a] will be managed by Spring
==>  Preparing: INSERT INTO `tb_post` (content, author_id, publish_at, last_update) VALUES (?, ?, ?, ?)
==> Parameters: 练习绘画能够提升我们的审美和创造力。(String), 11(Long), 2024-09-28T19:07:42.489833900(LocalDateTime), 2024-09-28T19:07:42.489833900(LocalDateTime)
<==    Updates: 1
Releasing transactional SqlSession [org.apache.ibatis.session.defaults.DefaultSqlSession@344cf00f]
Transaction synchronization committing SqlSession [org.apache.ibatis.session.defaults.DefaultSqlSession@344cf00f]
Transaction synchronization deregistering SqlSession [org.apache.ibatis.session.defaults.DefaultSqlSession@344cf00f]
Transaction synchronization closing SqlSession [org.apache.ibatis.session.defaults.DefaultSqlSession@344cf00f]
Creating a new SqlSession
Registering transaction synchronization for SqlSession [org.apache.ibatis.session.defaults.DefaultSqlSession@126e2710]
JDBC Connection [HikariProxyConnection@438448733 wrapping com.mysql.cj.jdbc.ConnectionImpl@7e615c6a] will be managed by Spring
==>  Preparing: INSERT INTO `tb_post` (content, author_id, publish_at, last_update) VALUES (?, ?, ?, ?)
==> Parameters: 学习数学知识能够锻炼我们的逻辑思维。(String), 92(Long), 2024-09-28T19:07:42.489833900(LocalDateTime), 2024-09-28T19:07:42.499470300(LocalDateTime)
<==    Updates: 1
Releasing transactional SqlSession [org.apache.ibatis.session.defaults.DefaultSqlSession@126e2710]
Transaction synchronization committing SqlSession [org.apache.ibatis.session.defaults.DefaultSqlSession@126e2710]
Transaction synchronization deregistering SqlSession [org.apache.ibatis.session.defaults.DefaultSqlSession@126e2710]
Transaction synchronization closing SqlSession [org.apache.ibatis.session.defaults.DefaultSqlSession@126e2710]
Creating a new SqlSession
Registering transaction synchronization for SqlSession [org.apache.ibatis.session.defaults.DefaultSqlSession@432b883]
JDBC Connection [HikariProxyConnection@1443641176 wrapping com.mysql.cj.jdbc.ConnectionImpl@7e615c6a] will be managed by Spring
==>  Preparing: INSERT INTO `tb_post` (content, author_id, publish_at, last_update) VALUES (?, ?, ?, ?)
==> Parameters: 练习写作能够提高我们的表达和沟通能力。(String), 34(Long), 2024-09-28T19:07:42.501078200(LocalDateTime), 2024-09-28T19:07:42.501078200(LocalDateTime)
<==    Updates: 1
Releasing transactional SqlSession [org.apache.ibatis.session.defaults.DefaultSqlSession@432b883]
Transaction synchronization committing SqlSession [org.apache.ibatis.session.defaults.DefaultSqlSession@432b883]
Transaction synchronization deregistering SqlSession [org.apache.ibatis.session.defaults.DefaultSqlSession@432b883]
Transaction synchronization closing SqlSession [org.apache.ibatis.session.defaults.DefaultSqlSession@432b883]
Creating a new SqlSession
Registering transaction synchronization for SqlSession [org.apache.ibatis.session.defaults.DefaultSqlSession@13fad0c7]
JDBC Connection [HikariProxyConnection@1831833867 wrapping com.mysql.cj.jdbc.ConnectionImpl@7e615c6a] will be managed by Spring
==>  Preparing: INSERT INTO `tb_post` (content, author_id, publish_at, last_update) VALUES (?, ?, ?, ?)
==> Parameters: 学习自然科学能够让我们更好地理解世界。(String), 38(Long), 2024-09-28T19:07:42.509743300(LocalDateTime), 2024-09-28T19:07:42.509743300(LocalDateTime)
<==    Updates: 1
Releasing transactional SqlSession [org.apache.ibatis.session.defaults.DefaultSqlSession@13fad0c7]
Transaction synchronization committing SqlSession [org.apache.ibatis.session.defaults.DefaultSqlSession@13fad0c7]
Transaction synchronization deregistering SqlSession [org.apache.ibatis.session.defaults.DefaultSqlSession@13fad0c7]
Transaction synchronization closing SqlSession [org.apache.ibatis.session.defaults.DefaultSqlSession@13fad0c7]
Creating a new SqlSession
Registering transaction synchronization for SqlSession [org.apache.ibatis.session.defaults.DefaultSqlSession@32675dd4]
JDBC Connection [HikariProxyConnection@83375833 wrapping com.mysql.cj.jdbc.ConnectionImpl@7e615c6a] will be managed by Spring
==>  Preparing: INSERT INTO `tb_post` (content, author_id, publish_at, last_update) VALUES (?, ?, ?, ?)
==> Parameters: 练习舞蹈能够提升我们的身体协调性和节奏感。(String), 4(Long), 2024-09-28T19:07:42.509743300(LocalDateTime), 2024-09-28T19:07:42.509743300(LocalDateTime)
<==    Updates: 1
Releasing transactional SqlSession [org.apache.ibatis.session.defaults.DefaultSqlSession@32675dd4]
Transaction synchronization committing SqlSession [org.apache.ibatis.session.defaults.DefaultSqlSession@32675dd4]
Transaction synchronization deregistering SqlSession [org.apache.ibatis.session.defaults.DefaultSqlSession@32675dd4]
Transaction synchronization closing SqlSession [org.apache.ibatis.session.defaults.DefaultSqlSession@32675dd4]
Creating a new SqlSession
Registering transaction synchronization for SqlSession [org.apache.ibatis.session.defaults.DefaultSqlSession@89ff043]
JDBC Connection [HikariProxyConnection@525859363 wrapping com.mysql.cj.jdbc.ConnectionImpl@7e615c6a] will be managed by Spring
==>  Preparing: INSERT INTO `tb_post` (content, author_id, publish_at, last_update) VALUES (?, ?, ?, ?)
==> Parameters: 学习社会学能够增进我们对社会现象的理解。(String), 93(Long), 2024-09-28T19:07:42.519858300(LocalDateTime), 2024-09-28T19:07:42.519858300(LocalDateTime)
<==    Updates: 1
Releasing transactional SqlSession [org.apache.ibatis.session.defaults.DefaultSqlSession@89ff043]
Transaction synchronization committing SqlSession [org.apache.ibatis.session.defaults.DefaultSqlSession@89ff043]
Transaction synchronization deregistering SqlSession [org.apache.ibatis.session.defaults.DefaultSqlSession@89ff043]
Transaction synchronization closing SqlSession [org.apache.ibatis.session.defaults.DefaultSqlSession@89ff043]
Creating a new SqlSession
Registering transaction synchronization for SqlSession [org.apache.ibatis.session.defaults.DefaultSqlSession@5687ade6]
JDBC Connection [HikariProxyConnection@1369080285 wrapping com.mysql.cj.jdbc.ConnectionImpl@7e615c6a] will be managed by Spring
==>  Preparing: INSERT INTO `tb_post` (content, author_id, publish_at, last_update) VALUES (?, ?, ?, ?)
==> Parameters: 练习手工艺能够培养我们的耐心和创造力。(String), 33(Long), 2024-09-28T19:07:42.529715100(LocalDateTime), 2024-09-28T19:07:42.529715100(LocalDateTime)
<==    Updates: 1
Releasing transactional SqlSession [org.apache.ibatis.session.defaults.DefaultSqlSession@5687ade6]
Transaction synchronization committing SqlSession [org.apache.ibatis.session.defaults.DefaultSqlSession@5687ade6]
Transaction synchronization deregistering SqlSession [org.apache.ibatis.session.defaults.DefaultSqlSession@5687ade6]
Transaction synchronization closing SqlSession [org.apache.ibatis.session.defaults.DefaultSqlSession@5687ade6]
Creating a new SqlSession
Registering transaction synchronization for SqlSession [org.apache.ibatis.session.defaults.DefaultSqlSession@45cddfd3]
JDBC Connection [HikariProxyConnection@1373072083 wrapping com.mysql.cj.jdbc.ConnectionImpl@7e615c6a] will be managed by Spring
==>  Preparing: INSERT INTO `tb_post` (content, author_id, publish_at, last_update) VALUES (?, ?, ?, ?)
==> Parameters: 学习人类学能够让我们更好地理解不同文化。(String), 3(Long), 2024-09-28T19:07:42.539707800(LocalDateTime), 2024-09-28T19:07:42.539707800(LocalDateTime)
<==    Updates: 1
Releasing transactional SqlSession [org.apache.ibatis.session.defaults.DefaultSqlSession@45cddfd3]
Transaction synchronization committing SqlSession [org.apache.ibatis.session.defaults.DefaultSqlSession@45cddfd3]
Transaction synchronization deregistering SqlSession [org.apache.ibatis.session.defaults.DefaultSqlSession@45cddfd3]
Transaction synchronization closing SqlSession [org.apache.ibatis.session.defaults.DefaultSqlSession@45cddfd3]
Creating a new SqlSession
Registering transaction synchronization for SqlSession [org.apache.ibatis.session.defaults.DefaultSqlSession@3a61d819]
JDBC Connection [HikariProxyConnection@2008027686 wrapping com.mysql.cj.jdbc.ConnectionImpl@7e615c6a] will be managed by Spring
==>  Preparing: INSERT INTO `tb_post` (content, author_id, publish_at, last_update) VALUES (?, ?, ?, ?)
==> Parameters: 练习园艺能够让我们享受自然和宁静。(String), 73(Long), 2024-09-28T19:07:42.549971(LocalDateTime), 2024-09-28T19:07:42.549971(LocalDateTime)
<==    Updates: 1
Releasing transactional SqlSession [org.apache.ibatis.session.defaults.DefaultSqlSession@3a61d819]
Transaction synchronization committing SqlSession [org.apache.ibatis.session.defaults.DefaultSqlSession@3a61d819]
Transaction synchronization deregistering SqlSession [org.apache.ibatis.session.defaults.DefaultSqlSession@3a61d819]
Transaction synchronization closing SqlSession [org.apache.ibatis.session.defaults.DefaultSqlSession@3a61d819]
Creating a new SqlSession
Registering transaction synchronization for SqlSession [org.apache.ibatis.session.defaults.DefaultSqlSession@99774ec]
JDBC Connection [HikariProxyConnection@869464531 wrapping com.mysql.cj.jdbc.ConnectionImpl@7e615c6a] will be managed by Spring
==>  Preparing: INSERT INTO `tb_post` (content, author_id, publish_at, last_update) VALUES (?, ?, ?, ?)
==> Parameters: 学习政治学能够让我们更好地理解国家和社会的运作。(String), 8(Long), 2024-09-28T19:07:42.560774300(LocalDateTime), 2024-09-28T19:07:42.560774300(LocalDateTime)
<==    Updates: 1
Releasing transactional SqlSession [org.apache.ibatis.session.defaults.DefaultSqlSession@99774ec]
Transaction synchronization committing SqlSession [org.apache.ibatis.session.defaults.DefaultSqlSession@99774ec]
Transaction synchronization deregistering SqlSession [org.apache.ibatis.session.defaults.DefaultSqlSession@99774ec]
Transaction synchronization closing SqlSession [org.apache.ibatis.session.defaults.DefaultSqlSession@99774ec]
Creating a new SqlSession
Registering transaction synchronization for SqlSession [org.apache.ibatis.session.defaults.DefaultSqlSession@20fdaf3e]
JDBC Connection [HikariProxyConnection@164806893 wrapping com.mysql.cj.jdbc.ConnectionImpl@7e615c6a] will be managed by Spring
==>  Preparing: INSERT INTO `tb_post` (content, author_id, publish_at, last_update) VALUES (?, ?, ?, ?)
==> Parameters: 练习陶艺是一种放松心情，发挥创意的活动。(String), 75(Long), 2024-09-28T19:07:42.569910200(LocalDateTime), 2024-09-28T19:07:42.569910200(LocalDateTime)
<==    Updates: 1
Releasing transactional SqlSession [org.apache.ibatis.session.defaults.DefaultSqlSession@20fdaf3e]
Transaction synchronization committing SqlSession [org.apache.ibatis.session.defaults.DefaultSqlSession@20fdaf3e]
Transaction synchronization deregistering SqlSession [org.apache.ibatis.session.defaults.DefaultSqlSession@20fdaf3e]
Transaction synchronization closing SqlSession [org.apache.ibatis.session.defaults.DefaultSqlSession@20fdaf3e]
Creating a new SqlSession
Registering transaction synchronization for SqlSession [org.apache.ibatis.session.defaults.DefaultSqlSession@40b678b3]
JDBC Connection [HikariProxyConnection@1559673372 wrapping com.mysql.cj.jdbc.ConnectionImpl@7e615c6a] will be managed by Spring
==>  Preparing: INSERT INTO `tb_post` (content, author_id, publish_at, last_update) VALUES (?, ?, ?, ?)
==> Parameters: 学习环境科学能够让我们更好地保护地球。(String), 74(Long), 2024-09-28T19:07:42.579857100(LocalDateTime), 2024-09-28T19:07:42.579857100(LocalDateTime)
<==    Updates: 1
Releasing transactional SqlSession [org.apache.ibatis.session.defaults.DefaultSqlSession@40b678b3]
Transaction synchronization committing SqlSession [org.apache.ibatis.session.defaults.DefaultSqlSession@40b678b3]
Transaction synchronization deregistering SqlSession [org.apache.ibatis.session.defaults.DefaultSqlSession@40b678b3]
Transaction synchronization closing SqlSession [org.apache.ibatis.session.defaults.DefaultSqlSession@40b678b3]
Creating a new SqlSession
Registering transaction synchronization for SqlSession [org.apache.ibatis.session.defaults.DefaultSqlSession@10664c3d]
JDBC Connection [HikariProxyConnection@1997725558 wrapping com.mysql.cj.jdbc.ConnectionImpl@7e615c6a] will be managed by Spring
==>  Preparing: INSERT INTO `tb_post` (content, author_id, publish_at, last_update) VALUES (?, ?, ?, ?)
==> Parameters: 练习唱歌能够提升我们的声乐技巧和自信心。(String), 57(Long), 2024-09-28T19:07:42.589834300(LocalDateTime), 2024-09-28T19:07:42.589834300(LocalDateTime)
<==    Updates: 1
Releasing transactional SqlSession [org.apache.ibatis.session.defaults.DefaultSqlSession@10664c3d]
Transaction synchronization committing SqlSession [org.apache.ibatis.session.defaults.DefaultSqlSession@10664c3d]
Transaction synchronization deregistering SqlSession [org.apache.ibatis.session.defaults.DefaultSqlSession@10664c3d]
Transaction synchronization closing SqlSession [org.apache.ibatis.session.defaults.DefaultSqlSession@10664c3d]
Creating a new SqlSession
Registering transaction synchronization for SqlSession [org.apache.ibatis.session.defaults.DefaultSqlSession@1cb73a92]
JDBC Connection [HikariProxyConnection@906065973 wrapping com.mysql.cj.jdbc.ConnectionImpl@7e615c6a] will be managed by Spring
==>  Preparing: INSERT INTO `tb_post` (content, author_id, publish_at, last_update) VALUES (?, ?, ?, ?)
==> Parameters: 学习国际关系能够增进我们对全球事务的理解。(String), 45(Long), 2024-09-28T19:07:42.601318400(LocalDateTime), 2024-09-28T19:07:42.601318400(LocalDateTime)
<==    Updates: 1
Releasing transactional SqlSession [org.apache.ibatis.session.defaults.DefaultSqlSession@1cb73a92]
Transaction synchronization committing SqlSession [org.apache.ibatis.session.defaults.DefaultSqlSession@1cb73a92]
Transaction synchronization deregistering SqlSession [org.apache.ibatis.session.defaults.DefaultSqlSession@1cb73a92]
Transaction synchronization closing SqlSession [org.apache.ibatis.session.defaults.DefaultSqlSession@1cb73a92]
Creating a new SqlSession
Registering transaction synchronization for SqlSession [org.apache.ibatis.session.defaults.DefaultSqlSession@57063e08]
JDBC Connection [HikariProxyConnection@657412979 wrapping com.mysql.cj.jdbc.ConnectionImpl@7e615c6a] will be managed by Spring
==>  Preparing: INSERT INTO `tb_post` (content, author_id, publish_at, last_update) VALUES (?, ?, ?, ?)
==> Parameters: 练习写作小说能够锻炼我们的想象力和叙事能力。(String), 12(Long), 2024-09-28T19:07:42.609873700(LocalDateTime), 2024-09-28T19:07:42.609873700(LocalDateTime)
<==    Updates: 1
Releasing transactional SqlSession [org.apache.ibatis.session.defaults.DefaultSqlSession@57063e08]
Transaction synchronization committing SqlSession [org.apache.ibatis.session.defaults.DefaultSqlSession@57063e08]
Transaction synchronization deregistering SqlSession [org.apache.ibatis.session.defaults.DefaultSqlSession@57063e08]
Transaction synchronization closing SqlSession [org.apache.ibatis.session.defaults.DefaultSqlSession@57063e08]
Creating a new SqlSession
Registering transaction synchronization for SqlSession [org.apache.ibatis.session.defaults.DefaultSqlSession@2c6d442d]
JDBC Connection [HikariProxyConnection@578555127 wrapping com.mysql.cj.jdbc.ConnectionImpl@7e615c6a] will be managed by Spring
==>  Preparing: INSERT INTO `tb_post` (content, author_id, publish_at, last_update) VALUES (?, ?, ?, ?)
==> Parameters: 学习心理学能够增进我们对人类行为的理解。(String), 69(Long), 2024-09-28T19:07:42.619787100(LocalDateTime), 2024-09-28T19:07:42.619787100(LocalDateTime)
<==    Updates: 1
Releasing transactional SqlSession [org.apache.ibatis.session.defaults.DefaultSqlSession@2c6d442d]
Transaction synchronization committing SqlSession [org.apache.ibatis.session.defaults.DefaultSqlSession@2c6d442d]
Transaction synchronization deregistering SqlSession [org.apache.ibatis.session.defaults.DefaultSqlSession@2c6d442d]
Transaction synchronization closing SqlSession [org.apache.ibatis.session.defaults.DefaultSqlSession@2c6d442d]
Creating a new SqlSession
Registering transaction synchronization for SqlSession [org.apache.ibatis.session.defaults.DefaultSqlSession@5625ba2]
JDBC Connection [HikariProxyConnection@902427943 wrapping com.mysql.cj.jdbc.ConnectionImpl@7e615c6a] will be managed by Spring
==>  Preparing: INSERT INTO `tb_post` (content, author_id, publish_at, last_update) VALUES (?, ?, ?, ?)
==> Parameters: 练习雕刻能够提升我们的艺术技巧和耐心。(String), 68(Long), 2024-09-28T19:07:42.629858100(LocalDateTime), 2024-09-28T19:07:42.629858100(LocalDateTime)
<==    Updates: 1
Releasing transactional SqlSession [org.apache.ibatis.session.defaults.DefaultSqlSession@5625ba2]
Transaction synchronization committing SqlSession [org.apache.ibatis.session.defaults.DefaultSqlSession@5625ba2]
Transaction synchronization deregistering SqlSession [org.apache.ibatis.session.defaults.DefaultSqlSession@5625ba2]
Transaction synchronization closing SqlSession [org.apache.ibatis.session.defaults.DefaultSqlSession@5625ba2]
Creating a new SqlSession
Registering transaction synchronization for SqlSession [org.apache.ibatis.session.defaults.DefaultSqlSession@5d1eb214]
JDBC Connection [HikariProxyConnection@1272033405 wrapping com.mysql.cj.jdbc.ConnectionImpl@7e615c6a] will be managed by Spring
==>  Preparing: INSERT INTO `tb_post` (content, author_id, publish_at, last_update) VALUES (?, ?, ?, ?)
==> Parameters: 学习健康科学能够让我们更好地照顾自己和他人。(String), 31(Long), 2024-09-28T19:07:42.639743700(LocalDateTime), 2024-09-28T19:07:42.639743700(LocalDateTime)
<==    Updates: 1
Releasing transactional SqlSession [org.apache.ibatis.session.defaults.DefaultSqlSession@5d1eb214]
Transaction synchronization committing SqlSession [org.apache.ibatis.session.defaults.DefaultSqlSession@5d1eb214]
Transaction synchronization deregistering SqlSession [org.apache.ibatis.session.defaults.DefaultSqlSession@5d1eb214]
Transaction synchronization closing SqlSession [org.apache.ibatis.session.defaults.DefaultSqlSession@5d1eb214]
Creating a new SqlSession
Registering transaction synchronization for SqlSession [org.apache.ibatis.session.defaults.DefaultSqlSession@580e01cd]
JDBC Connection [HikariProxyConnection@591211382 wrapping com.mysql.cj.jdbc.ConnectionImpl@7e615c6a] will be managed by Spring
==>  Preparing: INSERT INTO `tb_post` (content, author_id, publish_at, last_update) VALUES (?, ?, ?, ?)
==> Parameters: 练习编织能够带来手工艺的乐趣和满足感。(String), 100(Long), 2024-09-28T19:07:42.649382700(LocalDateTime), 2024-09-28T19:07:42.649382700(LocalDateTime)
<==    Updates: 1
Releasing transactional SqlSession [org.apache.ibatis.session.defaults.DefaultSqlSession@580e01cd]
Transaction synchronization committing SqlSession [org.apache.ibatis.session.defaults.DefaultSqlSession@580e01cd]
Transaction synchronization deregistering SqlSession [org.apache.ibatis.session.defaults.DefaultSqlSession@580e01cd]
Transaction synchronization closing SqlSession [org.apache.ibatis.session.defaults.DefaultSqlSession@580e01cd]
Creating a new SqlSession
Registering transaction synchronization for SqlSession [org.apache.ibatis.session.defaults.DefaultSqlSession@644c3590]
JDBC Connection [HikariProxyConnection@336141860 wrapping com.mysql.cj.jdbc.ConnectionImpl@7e615c6a] will be managed by Spring
==>  Preparing: INSERT INTO `tb_post` (content, author_id, publish_at, last_update) VALUES (?, ?, ?, ?)
==> Parameters: 学习营养学能够帮助我们做出更健康的饮食选择。(String), 79(Long), 2024-09-28T19:07:42.659804(LocalDateTime), 2024-09-28T19:07:42.659804(LocalDateTime)
<==    Updates: 1
Releasing transactional SqlSession [org.apache.ibatis.session.defaults.DefaultSqlSession@644c3590]
Transaction synchronization committing SqlSession [org.apache.ibatis.session.defaults.DefaultSqlSession@644c3590]
Transaction synchronization deregistering SqlSession [org.apache.ibatis.session.defaults.DefaultSqlSession@644c3590]
Transaction synchronization closing SqlSession [org.apache.ibatis.session.defaults.DefaultSqlSession@644c3590]
Creating a new SqlSession
Registering transaction synchronization for SqlSession [org.apache.ibatis.session.defaults.DefaultSqlSession@68e62b3b]
JDBC Connection [HikariProxyConnection@400867034 wrapping com.mysql.cj.jdbc.ConnectionImpl@7e615c6a] will be managed by Spring
==>  Preparing: INSERT INTO `tb_post` (content, author_id, publish_at, last_update) VALUES (?, ?, ?, ?)
==> Parameters: 练习插花艺术能够提升我们的审美和创造力。(String), 84(Long), 2024-09-28T19:07:42.659804(LocalDateTime), 2024-09-28T19:07:42.659804(LocalDateTime)
<==    Updates: 1
Releasing transactional SqlSession [org.apache.ibatis.session.defaults.DefaultSqlSession@68e62b3b]
Transaction synchronization committing SqlSession [org.apache.ibatis.session.defaults.DefaultSqlSession@68e62b3b]
Transaction synchronization deregistering SqlSession [org.apache.ibatis.session.defaults.DefaultSqlSession@68e62b3b]
Transaction synchronization closing SqlSession [org.apache.ibatis.session.defaults.DefaultSqlSession@68e62b3b]
Creating a new SqlSession
Registering transaction synchronization for SqlSession [org.apache.ibatis.session.defaults.DefaultSqlSession@61627c9d]
JDBC Connection [HikariProxyConnection@1872257073 wrapping com.mysql.cj.jdbc.ConnectionImpl@7e615c6a] will be managed by Spring
==>  Preparing: INSERT INTO `tb_post` (content, author_id, publish_at, last_update) VALUES (?, ?, ?, ?)
==> Parameters: 学习工程学能够让我们更好地理解现代技术。(String), 1(Long), 2024-09-28T19:07:42.669650700(LocalDateTime), 2024-09-28T19:07:42.669650700(LocalDateTime)
<==    Updates: 1
Releasing transactional SqlSession [org.apache.ibatis.session.defaults.DefaultSqlSession@61627c9d]
Transaction synchronization committing SqlSession [org.apache.ibatis.session.defaults.DefaultSqlSession@61627c9d]
Transaction synchronization deregistering SqlSession [org.apache.ibatis.session.defaults.DefaultSqlSession@61627c9d]
Transaction synchronization closing SqlSession [org.apache.ibatis.session.defaults.DefaultSqlSession@61627c9d]
Creating a new SqlSession
Registering transaction synchronization for SqlSession [org.apache.ibatis.session.defaults.DefaultSqlSession@92775a3]
JDBC Connection [HikariProxyConnection@250977006 wrapping com.mysql.cj.jdbc.ConnectionImpl@7e615c6a] will be managed by Spring
==>  Preparing: INSERT INTO `tb_post` (content, author_id, publish_at, last_update) VALUES (?, ?, ?, ?)
==> Parameters: 练习建筑设计能够激发我们的创造力和空间感。(String), 42(Long), 2024-09-28T19:07:42.669650700(LocalDateTime), 2024-09-28T19:07:42.669650700(LocalDateTime)
<==    Updates: 1
Releasing transactional SqlSession [org.apache.ibatis.session.defaults.DefaultSqlSession@92775a3]
Transaction synchronization committing SqlSession [org.apache.ibatis.session.defaults.DefaultSqlSession@92775a3]
Transaction synchronization deregistering SqlSession [org.apache.ibatis.session.defaults.DefaultSqlSession@92775a3]
Transaction synchronization closing SqlSession [org.apache.ibatis.session.defaults.DefaultSqlSession@92775a3]
Creating a new SqlSession
Registering transaction synchronization for SqlSession [org.apache.ibatis.session.defaults.DefaultSqlSession@70a91d72]
JDBC Connection [HikariProxyConnection@1076721351 wrapping com.mysql.cj.jdbc.ConnectionImpl@7e615c6a] will be managed by Spring
==>  Preparing: INSERT INTO `tb_post` (content, author_id, publish_at, last_update) VALUES (?, ?, ?, ?)
==> Parameters: 学习计算机科学能够让我们更好地适应数字时代。(String), 72(Long), 2024-09-28T19:07:42.679593200(LocalDateTime), 2024-09-28T19:07:42.679593200(LocalDateTime)
<==    Updates: 1
Releasing transactional SqlSession [org.apache.ibatis.session.defaults.DefaultSqlSession@70a91d72]
Transaction synchronization committing SqlSession [org.apache.ibatis.session.defaults.DefaultSqlSession@70a91d72]
Transaction synchronization deregistering SqlSession [org.apache.ibatis.session.defaults.DefaultSqlSession@70a91d72]
Transaction synchronization closing SqlSession [org.apache.ibatis.session.defaults.DefaultSqlSession@70a91d72]
Creating a new SqlSession
Registering transaction synchronization for SqlSession [org.apache.ibatis.session.defaults.DefaultSqlSession@3b9c05f]
JDBC Connection [HikariProxyConnection@1655088254 wrapping com.mysql.cj.jdbc.ConnectionImpl@7e615c6a] will be managed by Spring
==>  Preparing: INSERT INTO `tb_post` (content, author_id, publish_at, last_update) VALUES (?, ?, ?, ?)
==> Parameters: 练习电子音乐制作能够带来音乐创作的新体验。(String), 90(Long), 2024-09-28T19:07:42.689465100(LocalDateTime), 2024-09-28T19:07:42.689465100(LocalDateTime)
<==    Updates: 1
Releasing transactional SqlSession [org.apache.ibatis.session.defaults.DefaultSqlSession@3b9c05f]
Transaction synchronization committing SqlSession [org.apache.ibatis.session.defaults.DefaultSqlSession@3b9c05f]
Transaction synchronization deregistering SqlSession [org.apache.ibatis.session.defaults.DefaultSqlSession@3b9c05f]
Transaction synchronization closing SqlSession [org.apache.ibatis.session.defaults.DefaultSqlSession@3b9c05f]
Creating a new SqlSession
Registering transaction synchronization for SqlSession [org.apache.ibatis.session.defaults.DefaultSqlSession@6bf70600]
JDBC Connection [HikariProxyConnection@1470148280 wrapping com.mysql.cj.jdbc.ConnectionImpl@7e615c6a] will be managed by Spring
==>  Preparing: INSERT INTO `tb_post` (content, author_id, publish_at, last_update) VALUES (?, ?, ?, ?)
==> Parameters: 学习海洋学能够让我们更好地了解和保护海洋环境。(String), 19(Long), 2024-09-28T19:07:42.695486600(LocalDateTime), 2024-09-28T19:07:42.695486600(LocalDateTime)
<==    Updates: 1
Releasing transactional SqlSession [org.apache.ibatis.session.defaults.DefaultSqlSession@6bf70600]
Transaction synchronization committing SqlSession [org.apache.ibatis.session.defaults.DefaultSqlSession@6bf70600]
Transaction synchronization deregistering SqlSession [org.apache.ibatis.session.defaults.DefaultSqlSession@6bf70600]
Transaction synchronization closing SqlSession [org.apache.ibatis.session.defaults.DefaultSqlSession@6bf70600]
Creating a new SqlSession
Registering transaction synchronization for SqlSession [org.apache.ibatis.session.defaults.DefaultSqlSession@406d922]
JDBC Connection [HikariProxyConnection@737196947 wrapping com.mysql.cj.jdbc.ConnectionImpl@7e615c6a] will be managed by Spring
==>  Preparing: INSERT INTO `tb_post` (content, author_id, publish_at, last_update) VALUES (?, ?, ?, ?)
==> Parameters: 练习视频编辑能够提升我们的多媒体制作能力。(String), 18(Long), 2024-09-28T19:07:42.701631200(LocalDateTime), 2024-09-28T19:07:42.701631200(LocalDateTime)
<==    Updates: 1
Releasing transactional SqlSession [org.apache.ibatis.session.defaults.DefaultSqlSession@406d922]
Transaction synchronization committing SqlSession [org.apache.ibatis.session.defaults.DefaultSqlSession@406d922]
Transaction synchronization deregistering SqlSession [org.apache.ibatis.session.defaults.DefaultSqlSession@406d922]
Transaction synchronization closing SqlSession [org.apache.ibatis.session.defaults.DefaultSqlSession@406d922]
Creating a new SqlSession
Registering transaction synchronization for SqlSession [org.apache.ibatis.session.defaults.DefaultSqlSession@4c1fed69]
JDBC Connection [HikariProxyConnection@747984007 wrapping com.mysql.cj.jdbc.ConnectionImpl@7e615c6a] will be managed by Spring
==>  Preparing: INSERT INTO `tb_post` (content, author_id, publish_at, last_update) VALUES (?, ?, ?, ?)
==> Parameters: 学习遗传学能够让我们更好地理解生命的奥秘。(String), 28(Long), 2024-09-28T19:07:42.701631200(LocalDateTime), 2024-09-28T19:07:42.701631200(LocalDateTime)
<==    Updates: 1
Releasing transactional SqlSession [org.apache.ibatis.session.defaults.DefaultSqlSession@4c1fed69]
Transaction synchronization committing SqlSession [org.apache.ibatis.session.defaults.DefaultSqlSession@4c1fed69]
Transaction synchronization deregistering SqlSession [org.apache.ibatis.session.defaults.DefaultSqlSession@4c1fed69]
Transaction synchronization closing SqlSession [org.apache.ibatis.session.defaults.DefaultSqlSession@4c1fed69]
Creating a new SqlSession
Registering transaction synchronization for SqlSession [org.apache.ibatis.session.defaults.DefaultSqlSession@623d222]
JDBC Connection [HikariProxyConnection@1262399289 wrapping com.mysql.cj.jdbc.ConnectionImpl@7e615c6a] will be managed by Spring
==>  Preparing: INSERT INTO `tb_post` (content, author_id, publish_at, last_update) VALUES (?, ?, ?, ?)
==> Parameters: 练习园艺设计能够让我们享受创造美丽空间的乐趣。(String), 36(Long), 2024-09-28T19:07:42.713498400(LocalDateTime), 2024-09-28T19:07:42.713498400(LocalDateTime)
<==    Updates: 1
Releasing transactional SqlSession [org.apache.ibatis.session.defaults.DefaultSqlSession@623d222]
Transaction synchronization committing SqlSession [org.apache.ibatis.session.defaults.DefaultSqlSession@623d222]
Transaction synchronization deregistering SqlSession [org.apache.ibatis.session.defaults.DefaultSqlSession@623d222]
Transaction synchronization closing SqlSession [org.apache.ibatis.session.defaults.DefaultSqlSession@623d222]
Creating a new SqlSession
Registering transaction synchronization for SqlSession [org.apache.ibatis.session.defaults.DefaultSqlSession@318a81a0]
JDBC Connection [HikariProxyConnection@1100517919 wrapping com.mysql.cj.jdbc.ConnectionImpl@7e615c6a] will be managed by Spring
==>  Preparing: INSERT INTO `tb_post` (content, author_id, publish_at, last_update) VALUES (?, ?, ?, ?)
==> Parameters: 学习气象学能够让我们更好地理解天气和气候。(String), 44(Long), 2024-09-28T19:07:42.715627(LocalDateTime), 2024-09-28T19:07:42.715627(LocalDateTime)
<==    Updates: 1
Releasing transactional SqlSession [org.apache.ibatis.session.defaults.DefaultSqlSession@318a81a0]
Transaction synchronization committing SqlSession [org.apache.ibatis.session.defaults.DefaultSqlSession@318a81a0]
Transaction synchronization deregistering SqlSession [org.apache.ibatis.session.defaults.DefaultSqlSession@318a81a0]
Transaction synchronization closing SqlSession [org.apache.ibatis.session.defaults.DefaultSqlSession@318a81a0]
Creating a new SqlSession
Registering transaction synchronization for SqlSession [org.apache.ibatis.session.defaults.DefaultSqlSession@33a58fcb]
JDBC Connection [HikariProxyConnection@848193662 wrapping com.mysql.cj.jdbc.ConnectionImpl@7e615c6a] will be managed by Spring
==>  Preparing: INSERT INTO `tb_post` (content, author_id, publish_at, last_update) VALUES (?, ?, ?, ?)
==> Parameters: 练习制作短片能够提升我们的叙事和视觉表达能力。(String), 39(Long), 2024-09-28T19:07:42.719684500(LocalDateTime), 2024-09-28T19:07:42.719684500(LocalDateTime)
<==    Updates: 1
Releasing transactional SqlSession [org.apache.ibatis.session.defaults.DefaultSqlSession@33a58fcb]
Transaction synchronization committing SqlSession [org.apache.ibatis.session.defaults.DefaultSqlSession@33a58fcb]
Transaction synchronization deregistering SqlSession [org.apache.ibatis.session.defaults.DefaultSqlSession@33a58fcb]
Transaction synchronization closing SqlSession [org.apache.ibatis.session.defaults.DefaultSqlSession@33a58fcb]
Creating a new SqlSession
Registering transaction synchronization for SqlSession [org.apache.ibatis.session.defaults.DefaultSqlSession@2d093067]
JDBC Connection [HikariProxyConnection@2093499056 wrapping com.mysql.cj.jdbc.ConnectionImpl@7e615c6a] will be managed by Spring
==>  Preparing: INSERT INTO `tb_post` (content, author_id, publish_at, last_update) VALUES (?, ?, ?, ?)
==> Parameters: 学习考古学能够让我们更好地了解人类的过去。(String), 23(Long), 2024-09-28T19:07:42.731432700(LocalDateTime), 2024-09-28T19:07:42.731432700(LocalDateTime)
<==    Updates: 1
Releasing transactional SqlSession [org.apache.ibatis.session.defaults.DefaultSqlSession@2d093067]
Transaction synchronization committing SqlSession [org.apache.ibatis.session.defaults.DefaultSqlSession@2d093067]
Transaction synchronization deregistering SqlSession [org.apache.ibatis.session.defaults.DefaultSqlSession@2d093067]
Transaction synchronization closing SqlSession [org.apache.ibatis.session.defaults.DefaultSqlSession@2d093067]
Creating a new SqlSession
Registering transaction synchronization for SqlSession [org.apache.ibatis.session.defaults.DefaultSqlSession@70f0c352]
JDBC Connection [HikariProxyConnection@1950052389 wrapping com.mysql.cj.jdbc.ConnectionImpl@7e615c6a] will be managed by Spring
==>  Preparing: INSERT INTO `tb_post` (content, author_id, publish_at, last_update) VALUES (?, ?, ?, ?)
==> Parameters: 练习陶瓷艺术能够带来手工艺的乐趣和满足感。(String), 92(Long), 2024-09-28T19:07:42.731432700(LocalDateTime), 2024-09-28T19:07:42.731432700(LocalDateTime)
<==    Updates: 1
Releasing transactional SqlSession [org.apache.ibatis.session.defaults.DefaultSqlSession@70f0c352]
Transaction synchronization committing SqlSession [org.apache.ibatis.session.defaults.DefaultSqlSession@70f0c352]
Transaction synchronization deregistering SqlSession [org.apache.ibatis.session.defaults.DefaultSqlSession@70f0c352]
Transaction synchronization closing SqlSession [org.apache.ibatis.session.defaults.DefaultSqlSession@70f0c352]
Creating a new SqlSession
Registering transaction synchronization for SqlSession [org.apache.ibatis.session.defaults.DefaultSqlSession@78e34499]
JDBC Connection [HikariProxyConnection@1735520170 wrapping com.mysql.cj.jdbc.ConnectionImpl@7e615c6a] will be managed by Spring
==>  Preparing: INSERT INTO `tb_post` (content, author_id, publish_at, last_update) VALUES (?, ?, ?, ?)
==> Parameters: 学习农业科学能够让我们更好地理解食物的生产。(String), 79(Long), 2024-09-28T19:07:42.739460(LocalDateTime), 2024-09-28T19:07:42.739460(LocalDateTime)
<==    Updates: 1
Releasing transactional SqlSession [org.apache.ibatis.session.defaults.DefaultSqlSession@78e34499]
Transaction synchronization committing SqlSession [org.apache.ibatis.session.defaults.DefaultSqlSession@78e34499]
Transaction synchronization deregistering SqlSession [org.apache.ibatis.session.defaults.DefaultSqlSession@78e34499]
Transaction synchronization closing SqlSession [org.apache.ibatis.session.defaults.DefaultSqlSession@78e34499]
Creating a new SqlSession
Registering transaction synchronization for SqlSession [org.apache.ibatis.session.defaults.DefaultSqlSession@4411a0fe]
JDBC Connection [HikariProxyConnection@362417934 wrapping com.mysql.cj.jdbc.ConnectionImpl@7e615c6a] will be managed by Spring
==>  Preparing: INSERT INTO `tb_post` (content, author_id, publish_at, last_update) VALUES (?, ?, ?, ?)
==> Parameters: 练习制作动画能够提升我们的创意和视觉表达能力。(String), 90(Long), 2024-09-28T19:07:42.749463(LocalDateTime), 2024-09-28T19:07:42.749463(LocalDateTime)
<==    Updates: 1
Releasing transactional SqlSession [org.apache.ibatis.session.defaults.DefaultSqlSession@4411a0fe]
Transaction synchronization committing SqlSession [org.apache.ibatis.session.defaults.DefaultSqlSession@4411a0fe]
Transaction synchronization deregistering SqlSession [org.apache.ibatis.session.defaults.DefaultSqlSession@4411a0fe]
Transaction synchronization closing SqlSession [org.apache.ibatis.session.defaults.DefaultSqlSession@4411a0fe]
Creating a new SqlSession
Registering transaction synchronization for SqlSession [org.apache.ibatis.session.defaults.DefaultSqlSession@29f114e0]
JDBC Connection [HikariProxyConnection@698743076 wrapping com.mysql.cj.jdbc.ConnectionImpl@7e615c6a] will be managed by Spring
==>  Preparing: INSERT INTO `tb_post` (content, author_id, publish_at, last_update) VALUES (?, ?, ?, ?)
==> Parameters: 学习动物学能够让我们更好地了解和保护动物。(String), 91(Long), 2024-09-28T19:07:42.759830100(LocalDateTime), 2024-09-28T19:07:42.759830100(LocalDateTime)
<==    Updates: 1
Releasing transactional SqlSession [org.apache.ibatis.session.defaults.DefaultSqlSession@29f114e0]
Transaction synchronization committing SqlSession [org.apache.ibatis.session.defaults.DefaultSqlSession@29f114e0]
Transaction synchronization deregistering SqlSession [org.apache.ibatis.session.defaults.DefaultSqlSession@29f114e0]
Transaction synchronization closing SqlSession [org.apache.ibatis.session.defaults.DefaultSqlSession@29f114e0]
Creating a new SqlSession
Registering transaction synchronization for SqlSession [org.apache.ibatis.session.defaults.DefaultSqlSession@26f7b114]
JDBC Connection [HikariProxyConnection@586212137 wrapping com.mysql.cj.jdbc.ConnectionImpl@7e615c6a] will be managed by Spring
==>  Preparing: INSERT INTO `tb_post` (content, author_id, publish_at, last_update) VALUES (?, ?, ?, ?)
==> Parameters: 练习制作手工艺品能够带来创造的满足感。(String), 83(Long), 2024-09-28T19:07:42.774016(LocalDateTime), 2024-09-28T19:07:42.774016(LocalDateTime)
<==    Updates: 1
Releasing transactional SqlSession [org.apache.ibatis.session.defaults.DefaultSqlSession@26f7b114]
Transaction synchronization committing SqlSession [org.apache.ibatis.session.defaults.DefaultSqlSession@26f7b114]
Transaction synchronization deregistering SqlSession [org.apache.ibatis.session.defaults.DefaultSqlSession@26f7b114]
Transaction synchronization closing SqlSession [org.apache.ibatis.session.defaults.DefaultSqlSession@26f7b114]
Creating a new SqlSession
Registering transaction synchronization for SqlSession [org.apache.ibatis.session.defaults.DefaultSqlSession@6889e714]
JDBC Connection [HikariProxyConnection@998101363 wrapping com.mysql.cj.jdbc.ConnectionImpl@7e615c6a] will be managed by Spring
==>  Preparing: INSERT INTO `tb_post` (content, author_id, publish_at, last_update) VALUES (?, ?, ?, ?)
==> Parameters: 学习生态学能够让我们更好地理解自然生态系统。(String), 36(Long), 2024-09-28T19:07:42.779527300(LocalDateTime), 2024-09-28T19:07:42.779527300(LocalDateTime)
<==    Updates: 1
Releasing transactional SqlSession [org.apache.ibatis.session.defaults.DefaultSqlSession@6889e714]
Transaction synchronization committing SqlSession [org.apache.ibatis.session.defaults.DefaultSqlSession@6889e714]
Transaction synchronization deregistering SqlSession [org.apache.ibatis.session.defaults.DefaultSqlSession@6889e714]
Transaction synchronization closing SqlSession [org.apache.ibatis.session.defaults.DefaultSqlSession@6889e714]
Creating a new SqlSession
Registering transaction synchronization for SqlSession [org.apache.ibatis.session.defaults.DefaultSqlSession@322593ed]
JDBC Connection [HikariProxyConnection@95735296 wrapping com.mysql.cj.jdbc.ConnectionImpl@7e615c6a] will be managed by Spring
==>  Preparing: INSERT INTO `tb_post` (content, author_id, publish_at, last_update) VALUES (?, ?, ?, ?)
==> Parameters: 练习制作珠宝能够提升我们的精细工艺技能。(String), 51(Long), 2024-09-28T19:07:42.789542300(LocalDateTime), 2024-09-28T19:07:42.789542300(LocalDateTime)
<==    Updates: 1
Releasing transactional SqlSession [org.apache.ibatis.session.defaults.DefaultSqlSession@322593ed]
Transaction synchronization committing SqlSession [org.apache.ibatis.session.defaults.DefaultSqlSession@322593ed]
Transaction synchronization deregistering SqlSession [org.apache.ibatis.session.defaults.DefaultSqlSession@322593ed]
Transaction synchronization closing SqlSession [org.apache.ibatis.session.defaults.DefaultSqlSession@322593ed]
Creating a new SqlSession
Registering transaction synchronization for SqlSession [org.apache.ibatis.session.defaults.DefaultSqlSession@3f67f5ff]
JDBC Connection [HikariProxyConnection@1370665958 wrapping com.mysql.cj.jdbc.ConnectionImpl@7e615c6a] will be managed by Spring
==>  Preparing: INSERT INTO `tb_post` (content, author_id, publish_at, last_update) VALUES (?, ?, ?, ?)
==> Parameters: 学习地质学能够让我们更好地理解地球的历史和结构。(String), 2(Long), 2024-09-28T19:07:42.805297(LocalDateTime), 2024-09-28T19:07:42.805297(LocalDateTime)
<==    Updates: 1
Releasing transactional SqlSession [org.apache.ibatis.session.defaults.DefaultSqlSession@3f67f5ff]
Transaction synchronization committing SqlSession [org.apache.ibatis.session.defaults.DefaultSqlSession@3f67f5ff]
Transaction synchronization deregistering SqlSession [org.apache.ibatis.session.defaults.DefaultSqlSession@3f67f5ff]
Transaction synchronization closing SqlSession [org.apache.ibatis.session.defaults.DefaultSqlSession@3f67f5ff]
Creating a new SqlSession
Registering transaction synchronization for SqlSession [org.apache.ibatis.session.defaults.DefaultSqlSession@3b72860c]
JDBC Connection [HikariProxyConnection@1733110667 wrapping com.mysql.cj.jdbc.ConnectionImpl@7e615c6a] will be managed by Spring
==>  Preparing: INSERT INTO `tb_post` (content, author_id, publish_at, last_update) VALUES (?, ?, ?, ?)
==> Parameters: 工作是实现个人价值和职业发展的重要途径。(String), 11(Long), 2024-09-28T19:07:42.809819400(LocalDateTime), 2024-09-28T19:07:42.809819400(LocalDateTime)
<==    Updates: 1
Releasing transactional SqlSession [org.apache.ibatis.session.defaults.DefaultSqlSession@3b72860c]
Transaction synchronization committing SqlSession [org.apache.ibatis.session.defaults.DefaultSqlSession@3b72860c]
Transaction synchronization deregistering SqlSession [org.apache.ibatis.session.defaults.DefaultSqlSession@3b72860c]
Transaction synchronization closing SqlSession [org.apache.ibatis.session.defaults.DefaultSqlSession@3b72860c]
Creating a new SqlSession
Registering transaction synchronization for SqlSession [org.apache.ibatis.session.defaults.DefaultSqlSession@30b29f55]
JDBC Connection [HikariProxyConnection@1427013366 wrapping com.mysql.cj.jdbc.ConnectionImpl@7e615c6a] will be managed by Spring
==>  Preparing: INSERT INTO `tb_post` (content, author_id, publish_at, last_update) VALUES (?, ?, ?, ?)
==> Parameters: 保持工作与生活的平衡对于身心健康至关重要。(String), 60(Long), 2024-09-28T19:07:42.829465(LocalDateTime), 2024-09-28T19:07:42.829465(LocalDateTime)
<==    Updates: 1
Releasing transactional SqlSession [org.apache.ibatis.session.defaults.DefaultSqlSession@30b29f55]
Transaction synchronization committing SqlSession [org.apache.ibatis.session.defaults.DefaultSqlSession@30b29f55]
Transaction synchronization deregistering SqlSession [org.apache.ibatis.session.defaults.DefaultSqlSession@30b29f55]
Transaction synchronization closing SqlSession [org.apache.ibatis.session.defaults.DefaultSqlSession@30b29f55]
Creating a new SqlSession
Registering transaction synchronization for SqlSession [org.apache.ibatis.session.defaults.DefaultSqlSession@951461a]
JDBC Connection [HikariProxyConnection@813603842 wrapping com.mysql.cj.jdbc.ConnectionImpl@7e615c6a] will be managed by Spring
==>  Preparing: INSERT INTO `tb_post` (content, author_id, publish_at, last_update) VALUES (?, ?, ?, ?)
==> Parameters: 团队合作是完成大型项目的关键。(String), 69(Long), 2024-09-28T19:07:42.839715800(LocalDateTime), 2024-09-28T19:07:42.839715800(LocalDateTime)
<==    Updates: 1
Releasing transactional SqlSession [org.apache.ibatis.session.defaults.DefaultSqlSession@951461a]
Transaction synchronization committing SqlSession [org.apache.ibatis.session.defaults.DefaultSqlSession@951461a]
Transaction synchronization deregistering SqlSession [org.apache.ibatis.session.defaults.DefaultSqlSession@951461a]
Transaction synchronization closing SqlSession [org.apache.ibatis.session.defaults.DefaultSqlSession@951461a]
Creating a new SqlSession
Registering transaction synchronization for SqlSession [org.apache.ibatis.session.defaults.DefaultSqlSession@37922937]
JDBC Connection [HikariProxyConnection@144055893 wrapping com.mysql.cj.jdbc.ConnectionImpl@7e615c6a] will be managed by Spring
==>  Preparing: INSERT INTO `tb_post` (content, author_id, publish_at, last_update) VALUES (?, ?, ?, ?)
==> Parameters: 有效的沟通能够提高工作效率。(String), 14(Long), 2024-09-28T19:07:42.849787600(LocalDateTime), 2024-09-28T19:07:42.849787600(LocalDateTime)
<==    Updates: 1
Releasing transactional SqlSession [org.apache.ibatis.session.defaults.DefaultSqlSession@37922937]
Transaction synchronization committing SqlSession [org.apache.ibatis.session.defaults.DefaultSqlSession@37922937]
Transaction synchronization deregistering SqlSession [org.apache.ibatis.session.defaults.DefaultSqlSession@37922937]
Transaction synchronization closing SqlSession [org.apache.ibatis.session.defaults.DefaultSqlSession@37922937]
Creating a new SqlSession
Registering transaction synchronization for SqlSession [org.apache.ibatis.session.defaults.DefaultSqlSession@73072745]
JDBC Connection [HikariProxyConnection@2037601809 wrapping com.mysql.cj.jdbc.ConnectionImpl@7e615c6a] will be managed by Spring
==>  Preparing: INSERT INTO `tb_post` (content, author_id, publish_at, last_update) VALUES (?, ?, ?, ?)
==> Parameters: 创新思维在工作中能够带来突破性的成果。(String), 19(Long), 2024-09-28T19:07:42.859852100(LocalDateTime), 2024-09-28T19:07:42.859852100(LocalDateTime)
<==    Updates: 1
Releasing transactional SqlSession [org.apache.ibatis.session.defaults.DefaultSqlSession@73072745]
Transaction synchronization committing SqlSession [org.apache.ibatis.session.defaults.DefaultSqlSession@73072745]
Transaction synchronization deregistering SqlSession [org.apache.ibatis.session.defaults.DefaultSqlSession@73072745]
Transaction synchronization closing SqlSession [org.apache.ibatis.session.defaults.DefaultSqlSession@73072745]
Creating a new SqlSession
Registering transaction synchronization for SqlSession [org.apache.ibatis.session.defaults.DefaultSqlSession@593e594f]
JDBC Connection [HikariProxyConnection@2020015678 wrapping com.mysql.cj.jdbc.ConnectionImpl@7e615c6a] will be managed by Spring
==>  Preparing: INSERT INTO `tb_post` (content, author_id, publish_at, last_update) VALUES (?, ?, ?, ?)
==> Parameters: 专业技能的提升对于职业发展非常重要。(String), 46(Long), 2024-09-28T19:07:42.869935700(LocalDateTime), 2024-09-28T19:07:42.869935700(LocalDateTime)
<==    Updates: 1
Releasing transactional SqlSession [org.apache.ibatis.session.defaults.DefaultSqlSession@593e594f]
Transaction synchronization committing SqlSession [org.apache.ibatis.session.defaults.DefaultSqlSession@593e594f]
Transaction synchronization deregistering SqlSession [org.apache.ibatis.session.defaults.DefaultSqlSession@593e594f]
Transaction synchronization closing SqlSession [org.apache.ibatis.session.defaults.DefaultSqlSession@593e594f]
Creating a new SqlSession
Registering transaction synchronization for SqlSession [org.apache.ibatis.session.defaults.DefaultSqlSession@2a7b4bb6]
JDBC Connection [HikariProxyConnection@1416013849 wrapping com.mysql.cj.jdbc.ConnectionImpl@7e615c6a] will be managed by Spring
==>  Preparing: INSERT INTO `tb_post` (content, author_id, publish_at, last_update) VALUES (?, ?, ?, ?)
==> Parameters: 工作中的挑战可以促进个人成长。(String), 10(Long), 2024-09-28T19:07:42.879605300(LocalDateTime), 2024-09-28T19:07:42.879605300(LocalDateTime)
<==    Updates: 1
Releasing transactional SqlSession [org.apache.ibatis.session.defaults.DefaultSqlSession@2a7b4bb6]
Transaction synchronization committing SqlSession [org.apache.ibatis.session.defaults.DefaultSqlSession@2a7b4bb6]
Transaction synchronization deregistering SqlSession [org.apache.ibatis.session.defaults.DefaultSqlSession@2a7b4bb6]
Transaction synchronization closing SqlSession [org.apache.ibatis.session.defaults.DefaultSqlSession@2a7b4bb6]
Creating a new SqlSession
Registering transaction synchronization for SqlSession [org.apache.ibatis.session.defaults.DefaultSqlSession@3b7b099b]
JDBC Connection [HikariProxyConnection@819545304 wrapping com.mysql.cj.jdbc.ConnectionImpl@7e615c6a] will be managed by Spring
==>  Preparing: INSERT INTO `tb_post` (content, author_id, publish_at, last_update) VALUES (?, ?, ?, ?)
==> Parameters: 良好的时间管理是提高工作效率的关键。(String), 3(Long), 2024-09-28T19:07:42.883304200(LocalDateTime), 2024-09-28T19:07:42.883304200(LocalDateTime)
<==    Updates: 1
Releasing transactional SqlSession [org.apache.ibatis.session.defaults.DefaultSqlSession@3b7b099b]
Transaction synchronization committing SqlSession [org.apache.ibatis.session.defaults.DefaultSqlSession@3b7b099b]
Transaction synchronization deregistering SqlSession [org.apache.ibatis.session.defaults.DefaultSqlSession@3b7b099b]
Transaction synchronization closing SqlSession [org.apache.ibatis.session.defaults.DefaultSqlSession@3b7b099b]
Creating a new SqlSession
Registering transaction synchronization for SqlSession [org.apache.ibatis.session.defaults.DefaultSqlSession@47629063]
JDBC Connection [HikariProxyConnection@347035587 wrapping com.mysql.cj.jdbc.ConnectionImpl@7e615c6a] will be managed by Spring
==>  Preparing: INSERT INTO `tb_post` (content, author_id, publish_at, last_update) VALUES (?, ?, ?, ?)
==> Parameters: 工作满意度与个人幸福感密切相关。(String), 99(Long), 2024-09-28T19:07:42.889870800(LocalDateTime), 2024-09-28T19:07:42.889870800(LocalDateTime)
<==    Updates: 1
Releasing transactional SqlSession [org.apache.ibatis.session.defaults.DefaultSqlSession@47629063]
Transaction synchronization committing SqlSession [org.apache.ibatis.session.defaults.DefaultSqlSession@47629063]
Transaction synchronization deregistering SqlSession [org.apache.ibatis.session.defaults.DefaultSqlSession@47629063]
Transaction synchronization closing SqlSession [org.apache.ibatis.session.defaults.DefaultSqlSession@47629063]
Creating a new SqlSession
Registering transaction synchronization for SqlSession [org.apache.ibatis.session.defaults.DefaultSqlSession@281028ce]
JDBC Connection [HikariProxyConnection@1976233207 wrapping com.mysql.cj.jdbc.ConnectionImpl@7e615c6a] will be managed by Spring
==>  Preparing: INSERT INTO `tb_post` (content, author_id, publish_at, last_update) VALUES (?, ?, ?, ?)
==> Parameters: 持续学习是保持工作竞争力的必要条件。(String), 55(Long), 2024-09-28T19:07:42.889870800(LocalDateTime), 2024-09-28T19:07:42.889870800(LocalDateTime)
<==    Updates: 1
Releasing transactional SqlSession [org.apache.ibatis.session.defaults.DefaultSqlSession@281028ce]
Transaction synchronization committing SqlSession [org.apache.ibatis.session.defaults.DefaultSqlSession@281028ce]
Transaction synchronization deregistering SqlSession [org.apache.ibatis.session.defaults.DefaultSqlSession@281028ce]
Transaction synchronization closing SqlSession [org.apache.ibatis.session.defaults.DefaultSqlSession@281028ce]
Creating a new SqlSession
Registering transaction synchronization for SqlSession [org.apache.ibatis.session.defaults.DefaultSqlSession@121c1a08]
JDBC Connection [HikariProxyConnection@1851422703 wrapping com.mysql.cj.jdbc.ConnectionImpl@7e615c6a] will be managed by Spring
==>  Preparing: INSERT INTO `tb_post` (content, author_id, publish_at, last_update) VALUES (?, ?, ?, ?)
==> Parameters: 工作中的责任感对于完成任务至关重要。(String), 25(Long), 2024-09-28T19:07:42.902203300(LocalDateTime), 2024-09-28T19:07:42.902203300(LocalDateTime)
<==    Updates: 1
Releasing transactional SqlSession [org.apache.ibatis.session.defaults.DefaultSqlSession@121c1a08]
Transaction synchronization committing SqlSession [org.apache.ibatis.session.defaults.DefaultSqlSession@121c1a08]
Transaction synchronization deregistering SqlSession [org.apache.ibatis.session.defaults.DefaultSqlSession@121c1a08]
Transaction synchronization closing SqlSession [org.apache.ibatis.session.defaults.DefaultSqlSession@121c1a08]
Creating a new SqlSession
Registering transaction synchronization for SqlSession [org.apache.ibatis.session.defaults.DefaultSqlSession@3cc2c4b8]
JDBC Connection [HikariProxyConnection@532986070 wrapping com.mysql.cj.jdbc.ConnectionImpl@7e615c6a] will be managed by Spring
==>  Preparing: INSERT INTO `tb_post` (content, author_id, publish_at, last_update) VALUES (?, ?, ?, ?)
==> Parameters: 领导力在管理工作中发挥着重要作用。(String), 47(Long), 2024-09-28T19:07:42.902203300(LocalDateTime), 2024-09-28T19:07:42.902203300(LocalDateTime)
<==    Updates: 1
Releasing transactional SqlSession [org.apache.ibatis.session.defaults.DefaultSqlSession@3cc2c4b8]
Transaction synchronization committing SqlSession [org.apache.ibatis.session.defaults.DefaultSqlSession@3cc2c4b8]
Transaction synchronization deregistering SqlSession [org.apache.ibatis.session.defaults.DefaultSqlSession@3cc2c4b8]
Transaction synchronization closing SqlSession [org.apache.ibatis.session.defaults.DefaultSqlSession@3cc2c4b8]
Creating a new SqlSession
Registering transaction synchronization for SqlSession [org.apache.ibatis.session.defaults.DefaultSqlSession@7d381eae]
JDBC Connection [HikariProxyConnection@1280821776 wrapping com.mysql.cj.jdbc.ConnectionImpl@7e615c6a] will be managed by Spring
==>  Preparing: INSERT INTO `tb_post` (content, author_id, publish_at, last_update) VALUES (?, ?, ?, ?)
==> Parameters: 工作中的适应能力可以帮助应对变化。(String), 99(Long), 2024-09-28T19:07:42.909779500(LocalDateTime), 2024-09-28T19:07:42.909779500(LocalDateTime)
<==    Updates: 1
Releasing transactional SqlSession [org.apache.ibatis.session.defaults.DefaultSqlSession@7d381eae]
Transaction synchronization committing SqlSession [org.apache.ibatis.session.defaults.DefaultSqlSession@7d381eae]
Transaction synchronization deregistering SqlSession [org.apache.ibatis.session.defaults.DefaultSqlSession@7d381eae]
Transaction synchronization closing SqlSession [org.apache.ibatis.session.defaults.DefaultSqlSession@7d381eae]
Creating a new SqlSession
Registering transaction synchronization for SqlSession [org.apache.ibatis.session.defaults.DefaultSqlSession@787b7796]
JDBC Connection [HikariProxyConnection@494865616 wrapping com.mysql.cj.jdbc.ConnectionImpl@7e615c6a] will be managed by Spring
==>  Preparing: INSERT INTO `tb_post` (content, author_id, publish_at, last_update) VALUES (?, ?, ?, ?)
==> Parameters: 工作态度往往决定了工作成果的质量。(String), 6(Long), 2024-09-28T19:07:42.909779500(LocalDateTime), 2024-09-28T19:07:42.909779500(LocalDateTime)
<==    Updates: 1
Releasing transactional SqlSession [org.apache.ibatis.session.defaults.DefaultSqlSession@787b7796]
Transaction synchronization committing SqlSession [org.apache.ibatis.session.defaults.DefaultSqlSession@787b7796]
Transaction synchronization deregistering SqlSession [org.apache.ibatis.session.defaults.DefaultSqlSession@787b7796]
Transaction synchronization closing SqlSession [org.apache.ibatis.session.defaults.DefaultSqlSession@787b7796]
Creating a new SqlSession
Registering transaction synchronization for SqlSession [org.apache.ibatis.session.defaults.DefaultSqlSession@6ae5e1cf]
JDBC Connection [HikariProxyConnection@1851947704 wrapping com.mysql.cj.jdbc.ConnectionImpl@7e615c6a] will be managed by Spring
==>  Preparing: INSERT INTO `tb_post` (content, author_id, publish_at, last_update) VALUES (?, ?, ?, ?)
==> Parameters: 工作中的人际关系对于团队协作非常重要。(String), 16(Long), 2024-09-28T19:07:42.919983(LocalDateTime), 2024-09-28T19:07:42.919983(LocalDateTime)
<==    Updates: 1
Releasing transactional SqlSession [org.apache.ibatis.session.defaults.DefaultSqlSession@6ae5e1cf]
Transaction synchronization committing SqlSession [org.apache.ibatis.session.defaults.DefaultSqlSession@6ae5e1cf]
Transaction synchronization deregistering SqlSession [org.apache.ibatis.session.defaults.DefaultSqlSession@6ae5e1cf]
Transaction synchronization closing SqlSession [org.apache.ibatis.session.defaults.DefaultSqlSession@6ae5e1cf]
Creating a new SqlSession
Registering transaction synchronization for SqlSession [org.apache.ibatis.session.defaults.DefaultSqlSession@df34b01]
JDBC Connection [HikariProxyConnection@254917009 wrapping com.mysql.cj.jdbc.ConnectionImpl@7e615c6a] will be managed by Spring
==>  Preparing: INSERT INTO `tb_post` (content, author_id, publish_at, last_update) VALUES (?, ?, ?, ?)
==> Parameters: 目标设定是推动工作进展的重要手段。(String), 86(Long), 2024-09-28T19:07:42.929947100(LocalDateTime), 2024-09-28T19:07:42.929947100(LocalDateTime)
<==    Updates: 1
Releasing transactional SqlSession [org.apache.ibatis.session.defaults.DefaultSqlSession@df34b01]
Transaction synchronization committing SqlSession [org.apache.ibatis.session.defaults.DefaultSqlSession@df34b01]
Transaction synchronization deregistering SqlSession [org.apache.ibatis.session.defaults.DefaultSqlSession@df34b01]
Transaction synchronization closing SqlSession [org.apache.ibatis.session.defaults.DefaultSqlSession@df34b01]
Creating a new SqlSession
Registering transaction synchronization for SqlSession [org.apache.ibatis.session.defaults.DefaultSqlSession@6b3da23f]
JDBC Connection [HikariProxyConnection@1348009723 wrapping com.mysql.cj.jdbc.ConnectionImpl@7e615c6a] will be managed by Spring
==>  Preparing: INSERT INTO `tb_post` (content, author_id, publish_at, last_update) VALUES (?, ?, ?, ?)
==> Parameters: 工作中的自我激励能够提高工作动力。(String), 49(Long), 2024-09-28T19:07:42.929947100(LocalDateTime), 2024-09-28T19:07:42.929947100(LocalDateTime)
<==    Updates: 1
Releasing transactional SqlSession [org.apache.ibatis.session.defaults.DefaultSqlSession@6b3da23f]
Transaction synchronization committing SqlSession [org.apache.ibatis.session.defaults.DefaultSqlSession@6b3da23f]
Transaction synchronization deregistering SqlSession [org.apache.ibatis.session.defaults.DefaultSqlSession@6b3da23f]
Transaction synchronization closing SqlSession [org.apache.ibatis.session.defaults.DefaultSqlSession@6b3da23f]
Creating a new SqlSession
Registering transaction synchronization for SqlSession [org.apache.ibatis.session.defaults.DefaultSqlSession@65871cfd]
JDBC Connection [HikariProxyConnection@1004308853 wrapping com.mysql.cj.jdbc.ConnectionImpl@7e615c6a] will be managed by Spring
==>  Preparing: INSERT INTO `tb_post` (content, author_id, publish_at, last_update) VALUES (?, ?, ?, ?)
==> Parameters: 工作绩效评估是衡量员工表现的重要方式。(String), 55(Long), 2024-09-28T19:07:42.939776700(LocalDateTime), 2024-09-28T19:07:42.939776700(LocalDateTime)
<==    Updates: 1
Releasing transactional SqlSession [org.apache.ibatis.session.defaults.DefaultSqlSession@65871cfd]
Transaction synchronization committing SqlSession [org.apache.ibatis.session.defaults.DefaultSqlSession@65871cfd]
Transaction synchronization deregistering SqlSession [org.apache.ibatis.session.defaults.DefaultSqlSession@65871cfd]
Transaction synchronization closing SqlSession [org.apache.ibatis.session.defaults.DefaultSqlSession@65871cfd]
Creating a new SqlSession
Registering transaction synchronization for SqlSession [org.apache.ibatis.session.defaults.DefaultSqlSession@742aa00a]
JDBC Connection [HikariProxyConnection@1590977463 wrapping com.mysql.cj.jdbc.ConnectionImpl@7e615c6a] will be managed by Spring
==>  Preparing: INSERT INTO `tb_post` (content, author_id, publish_at, last_update) VALUES (?, ?, ?, ?)
==> Parameters: 工作中的反馈机制有助于个人成长和改进。(String), 43(Long), 2024-09-28T19:07:42.939776700(LocalDateTime), 2024-09-28T19:07:42.939776700(LocalDateTime)
<==    Updates: 1
Releasing transactional SqlSession [org.apache.ibatis.session.defaults.DefaultSqlSession@742aa00a]
Transaction synchronization committing SqlSession [org.apache.ibatis.session.defaults.DefaultSqlSession@742aa00a]
Transaction synchronization deregistering SqlSession [org.apache.ibatis.session.defaults.DefaultSqlSession@742aa00a]
Transaction synchronization closing SqlSession [org.apache.ibatis.session.defaults.DefaultSqlSession@742aa00a]
Creating a new SqlSession
Registering transaction synchronization for SqlSession [org.apache.ibatis.session.defaults.DefaultSqlSession@7db679]
JDBC Connection [HikariProxyConnection@798483422 wrapping com.mysql.cj.jdbc.ConnectionImpl@7e615c6a] will be managed by Spring
==>  Preparing: INSERT INTO `tb_post` (content, author_id, publish_at, last_update) VALUES (?, ?, ?, ?)
==> Parameters: 工作安全是每个员工的基本权利。(String), 39(Long), 2024-09-28T19:07:42.949848200(LocalDateTime), 2024-09-28T19:07:42.949848200(LocalDateTime)
<==    Updates: 1
Releasing transactional SqlSession [org.apache.ibatis.session.defaults.DefaultSqlSession@7db679]
Transaction synchronization committing SqlSession [org.apache.ibatis.session.defaults.DefaultSqlSession@7db679]
Transaction synchronization deregistering SqlSession [org.apache.ibatis.session.defaults.DefaultSqlSession@7db679]
Transaction synchronization closing SqlSession [org.apache.ibatis.session.defaults.DefaultSqlSession@7db679]
Creating a new SqlSession
Registering transaction synchronization for SqlSession [org.apache.ibatis.session.defaults.DefaultSqlSession@5f8a29ca]
JDBC Connection [HikariProxyConnection@1227700386 wrapping com.mysql.cj.jdbc.ConnectionImpl@7e615c6a] will be managed by Spring
==>  Preparing: INSERT INTO `tb_post` (content, author_id, publish_at, last_update) VALUES (?, ?, ?, ?)
==> Parameters: 工作中的诚信是建立信任的基石。(String), 66(Long), 2024-09-28T19:07:42.959435200(LocalDateTime), 2024-09-28T19:07:42.959435200(LocalDateTime)
<==    Updates: 1
Releasing transactional SqlSession [org.apache.ibatis.session.defaults.DefaultSqlSession@5f8a29ca]
Transaction synchronization committing SqlSession [org.apache.ibatis.session.defaults.DefaultSqlSession@5f8a29ca]
Transaction synchronization deregistering SqlSession [org.apache.ibatis.session.defaults.DefaultSqlSession@5f8a29ca]
Transaction synchronization closing SqlSession [org.apache.ibatis.session.defaults.DefaultSqlSession@5f8a29ca]
Creating a new SqlSession
Registering transaction synchronization for SqlSession [org.apache.ibatis.session.defaults.DefaultSqlSession@638e8194]
JDBC Connection [HikariProxyConnection@1797553910 wrapping com.mysql.cj.jdbc.ConnectionImpl@7e615c6a] will be managed by Spring
==>  Preparing: INSERT INTO `tb_post` (content, author_id, publish_at, last_update) VALUES (?, ?, ?, ?)
==> Parameters: 工作中的细节关注能够提升工作质量。(String), 75(Long), 2024-09-28T19:07:42.969981600(LocalDateTime), 2024-09-28T19:07:42.969981600(LocalDateTime)
<==    Updates: 1
Releasing transactional SqlSession [org.apache.ibatis.session.defaults.DefaultSqlSession@638e8194]
Transaction synchronization committing SqlSession [org.apache.ibatis.session.defaults.DefaultSqlSession@638e8194]
Transaction synchronization deregistering SqlSession [org.apache.ibatis.session.defaults.DefaultSqlSession@638e8194]
Transaction synchronization closing SqlSession [org.apache.ibatis.session.defaults.DefaultSqlSession@638e8194]
Creating a new SqlSession
Registering transaction synchronization for SqlSession [org.apache.ibatis.session.defaults.DefaultSqlSession@7e4c0bc7]
JDBC Connection [HikariProxyConnection@125173444 wrapping com.mysql.cj.jdbc.ConnectionImpl@7e615c6a] will be managed by Spring
==>  Preparing: INSERT INTO `tb_post` (content, author_id, publish_at, last_update) VALUES (?, ?, ?, ?)
==> Parameters: 工作中的创新可以带来新的机遇。(String), 66(Long), 2024-09-28T19:07:42.979814700(LocalDateTime), 2024-09-28T19:07:42.979814700(LocalDateTime)
<==    Updates: 1
Releasing transactional SqlSession [org.apache.ibatis.session.defaults.DefaultSqlSession@7e4c0bc7]
Transaction synchronization committing SqlSession [org.apache.ibatis.session.defaults.DefaultSqlSession@7e4c0bc7]
Transaction synchronization deregistering SqlSession [org.apache.ibatis.session.defaults.DefaultSqlSession@7e4c0bc7]
Transaction synchronization closing SqlSession [org.apache.ibatis.session.defaults.DefaultSqlSession@7e4c0bc7]
Creating a new SqlSession
Registering transaction synchronization for SqlSession [org.apache.ibatis.session.defaults.DefaultSqlSession@1c618295]
JDBC Connection [HikariProxyConnection@1357570394 wrapping com.mysql.cj.jdbc.ConnectionImpl@7e615c6a] will be managed by Spring
==>  Preparing: INSERT INTO `tb_post` (content, author_id, publish_at, last_update) VALUES (?, ?, ?, ?)
==> Parameters: 工作中的团队精神能够增强团队凝聚力。(String), 20(Long), 2024-09-28T19:07:42.990043500(LocalDateTime), 2024-09-28T19:07:42.990043500(LocalDateTime)
<==    Updates: 1
Releasing transactional SqlSession [org.apache.ibatis.session.defaults.DefaultSqlSession@1c618295]
Transaction synchronization committing SqlSession [org.apache.ibatis.session.defaults.DefaultSqlSession@1c618295]
Transaction synchronization deregistering SqlSession [org.apache.ibatis.session.defaults.DefaultSqlSession@1c618295]
Transaction synchronization closing SqlSession [org.apache.ibatis.session.defaults.DefaultSqlSession@1c618295]
Creating a new SqlSession
Registering transaction synchronization for SqlSession [org.apache.ibatis.session.defaults.DefaultSqlSession@39179470]
JDBC Connection [HikariProxyConnection@610844900 wrapping com.mysql.cj.jdbc.ConnectionImpl@7e615c6a] will be managed by Spring
==>  Preparing: INSERT INTO `tb_post` (content, author_id, publish_at, last_update) VALUES (?, ?, ?, ?)
==> Parameters: 工作中的积极态度能够影响团队氛围。(String), 31(Long), 2024-09-28T19:07:42.999992400(LocalDateTime), 2024-09-28T19:07:42.999992400(LocalDateTime)
<==    Updates: 1
Releasing transactional SqlSession [org.apache.ibatis.session.defaults.DefaultSqlSession@39179470]
Transaction synchronization committing SqlSession [org.apache.ibatis.session.defaults.DefaultSqlSession@39179470]
Transaction synchronization deregistering SqlSession [org.apache.ibatis.session.defaults.DefaultSqlSession@39179470]
Transaction synchronization closing SqlSession [org.apache.ibatis.session.defaults.DefaultSqlSession@39179470]
Creating a new SqlSession
Registering transaction synchronization for SqlSession [org.apache.ibatis.session.defaults.DefaultSqlSession@3df54fd5]
JDBC Connection [HikariProxyConnection@395068544 wrapping com.mysql.cj.jdbc.ConnectionImpl@7e615c6a] will be managed by Spring
==>  Preparing: INSERT INTO `tb_post` (content, author_id, publish_at, last_update) VALUES (?, ?, ?, ?)
==> Parameters: 工作中的决策能力对于领导层至关重要。(String), 28(Long), 2024-09-28T19:07:43.009929800(LocalDateTime), 2024-09-28T19:07:43.009929800(LocalDateTime)
<==    Updates: 1
Releasing transactional SqlSession [org.apache.ibatis.session.defaults.DefaultSqlSession@3df54fd5]
Transaction synchronization committing SqlSession [org.apache.ibatis.session.defaults.DefaultSqlSession@3df54fd5]
Transaction synchronization deregistering SqlSession [org.apache.ibatis.session.defaults.DefaultSqlSession@3df54fd5]
Transaction synchronization closing SqlSession [org.apache.ibatis.session.defaults.DefaultSqlSession@3df54fd5]
Creating a new SqlSession
Registering transaction synchronization for SqlSession [org.apache.ibatis.session.defaults.DefaultSqlSession@5980e29f]
JDBC Connection [HikariProxyConnection@1216070398 wrapping com.mysql.cj.jdbc.ConnectionImpl@7e615c6a] will be managed by Spring
==>  Preparing: INSERT INTO `tb_post` (content, author_id, publish_at, last_update) VALUES (?, ?, ?, ?)
==> Parameters: 工作中的批判性思维有助于解决问题。(String), 28(Long), 2024-09-28T19:07:43.019643800(LocalDateTime), 2024-09-28T19:07:43.019643800(LocalDateTime)
<==    Updates: 1
Releasing transactional SqlSession [org.apache.ibatis.session.defaults.DefaultSqlSession@5980e29f]
Transaction synchronization committing SqlSession [org.apache.ibatis.session.defaults.DefaultSqlSession@5980e29f]
Transaction synchronization deregistering SqlSession [org.apache.ibatis.session.defaults.DefaultSqlSession@5980e29f]
Transaction synchronization closing SqlSession [org.apache.ibatis.session.defaults.DefaultSqlSession@5980e29f]
Creating a new SqlSession
Registering transaction synchronization for SqlSession [org.apache.ibatis.session.defaults.DefaultSqlSession@42fb2be9]
JDBC Connection [HikariProxyConnection@275432948 wrapping com.mysql.cj.jdbc.ConnectionImpl@7e615c6a] will be managed by Spring
==>  Preparing: INSERT INTO `tb_post` (content, author_id, publish_at, last_update) VALUES (?, ?, ?, ?)
==> Parameters: 工作中的自我管理能力能够提升个人效率。(String), 83(Long), 2024-09-28T19:07:43.030092300(LocalDateTime), 2024-09-28T19:07:43.030092300(LocalDateTime)
<==    Updates: 1
Releasing transactional SqlSession [org.apache.ibatis.session.defaults.DefaultSqlSession@42fb2be9]
Transaction synchronization committing SqlSession [org.apache.ibatis.session.defaults.DefaultSqlSession@42fb2be9]
Transaction synchronization deregistering SqlSession [org.apache.ibatis.session.defaults.DefaultSqlSession@42fb2be9]
Transaction synchronization closing SqlSession [org.apache.ibatis.session.defaults.DefaultSqlSession@42fb2be9]
Creating a new SqlSession
Registering transaction synchronization for SqlSession [org.apache.ibatis.session.defaults.DefaultSqlSession@1a67bde5]
JDBC Connection [HikariProxyConnection@1808324797 wrapping com.mysql.cj.jdbc.ConnectionImpl@7e615c6a] will be managed by Spring
==>  Preparing: INSERT INTO `tb_post` (content, author_id, publish_at, last_update) VALUES (?, ?, ?, ?)
==> Parameters: 工作中的沟通技巧对于协作非常重要。(String), 47(Long), 2024-09-28T19:07:43.040142100(LocalDateTime), 2024-09-28T19:07:43.040142100(LocalDateTime)
<==    Updates: 1
Releasing transactional SqlSession [org.apache.ibatis.session.defaults.DefaultSqlSession@1a67bde5]
Transaction synchronization committing SqlSession [org.apache.ibatis.session.defaults.DefaultSqlSession@1a67bde5]
Transaction synchronization deregistering SqlSession [org.apache.ibatis.session.defaults.DefaultSqlSession@1a67bde5]
Transaction synchronization closing SqlSession [org.apache.ibatis.session.defaults.DefaultSqlSession@1a67bde5]
Creating a new SqlSession
Registering transaction synchronization for SqlSession [org.apache.ibatis.session.defaults.DefaultSqlSession@669e730d]
JDBC Connection [HikariProxyConnection@330652043 wrapping com.mysql.cj.jdbc.ConnectionImpl@7e615c6a] will be managed by Spring
==>  Preparing: INSERT INTO `tb_post` (content, author_id, publish_at, last_update) VALUES (?, ?, ?, ?)
==> Parameters: 工作中的专业知识是提升工作表现的基础。(String), 6(Long), 2024-09-28T19:07:43.049857700(LocalDateTime), 2024-09-28T19:07:43.049857700(LocalDateTime)
<==    Updates: 1
Releasing transactional SqlSession [org.apache.ibatis.session.defaults.DefaultSqlSession@669e730d]
Transaction synchronization committing SqlSession [org.apache.ibatis.session.defaults.DefaultSqlSession@669e730d]
Transaction synchronization deregistering SqlSession [org.apache.ibatis.session.defaults.DefaultSqlSession@669e730d]
Transaction synchronization closing SqlSession [org.apache.ibatis.session.defaults.DefaultSqlSession@669e730d]
Creating a new SqlSession
Registering transaction synchronization for SqlSession [org.apache.ibatis.session.defaults.DefaultSqlSession@389a9ff6]
JDBC Connection [HikariProxyConnection@1988584481 wrapping com.mysql.cj.jdbc.ConnectionImpl@7e615c6a] will be managed by Spring
==>  Preparing: INSERT INTO `tb_post` (content, author_id, publish_at, last_update) VALUES (?, ?, ?, ?)
==> Parameters: 工作中的灵活性能够适应不断变化的环境。(String), 95(Long), 2024-09-28T19:07:43.060124(LocalDateTime), 2024-09-28T19:07:43.060124(LocalDateTime)
<==    Updates: 1
Releasing transactional SqlSession [org.apache.ibatis.session.defaults.DefaultSqlSession@389a9ff6]
Transaction synchronization committing SqlSession [org.apache.ibatis.session.defaults.DefaultSqlSession@389a9ff6]
Transaction synchronization deregistering SqlSession [org.apache.ibatis.session.defaults.DefaultSqlSession@389a9ff6]
Transaction synchronization closing SqlSession [org.apache.ibatis.session.defaults.DefaultSqlSession@389a9ff6]
Creating a new SqlSession
Registering transaction synchronization for SqlSession [org.apache.ibatis.session.defaults.DefaultSqlSession@363e2009]
JDBC Connection [HikariProxyConnection@907409625 wrapping com.mysql.cj.jdbc.ConnectionImpl@7e615c6a] will be managed by Spring
==>  Preparing: INSERT INTO `tb_post` (content, author_id, publish_at, last_update) VALUES (?, ?, ?, ?)
==> Parameters: 工作中的耐心是解决问题的关键。(String), 16(Long), 2024-09-28T19:07:43.070313(LocalDateTime), 2024-09-28T19:07:43.070313(LocalDateTime)
<==    Updates: 1
Releasing transactional SqlSession [org.apache.ibatis.session.defaults.DefaultSqlSession@363e2009]
Transaction synchronization committing SqlSession [org.apache.ibatis.session.defaults.DefaultSqlSession@363e2009]
Transaction synchronization deregistering SqlSession [org.apache.ibatis.session.defaults.DefaultSqlSession@363e2009]
Transaction synchronization closing SqlSession [org.apache.ibatis.session.defaults.DefaultSqlSession@363e2009]
Creating a new SqlSession
Registering transaction synchronization for SqlSession [org.apache.ibatis.session.defaults.DefaultSqlSession@4e3c0627]
JDBC Connection [HikariProxyConnection@182834500 wrapping com.mysql.cj.jdbc.ConnectionImpl@7e615c6a] will be managed by Spring
==>  Preparing: INSERT INTO `tb_post` (content, author_id, publish_at, last_update) VALUES (?, ?, ?, ?)
==> Parameters: 工作中的组织能力有助于提高工作效率。(String), 19(Long), 2024-09-28T19:07:43.080671200(LocalDateTime), 2024-09-28T19:07:43.080671200(LocalDateTime)
<==    Updates: 1
Releasing transactional SqlSession [org.apache.ibatis.session.defaults.DefaultSqlSession@4e3c0627]
Transaction synchronization committing SqlSession [org.apache.ibatis.session.defaults.DefaultSqlSession@4e3c0627]
Transaction synchronization deregistering SqlSession [org.apache.ibatis.session.defaults.DefaultSqlSession@4e3c0627]
Transaction synchronization closing SqlSession [org.apache.ibatis.session.defaults.DefaultSqlSession@4e3c0627]
Creating a new SqlSession
Registering transaction synchronization for SqlSession [org.apache.ibatis.session.defaults.DefaultSqlSession@14b9817b]
JDBC Connection [HikariProxyConnection@170698369 wrapping com.mysql.cj.jdbc.ConnectionImpl@7e615c6a] will be managed by Spring
==>  Preparing: INSERT INTO `tb_post` (content, author_id, publish_at, last_update) VALUES (?, ?, ?, ?)
==> Parameters: 工作中的主动性能够带来新的机遇。(String), 84(Long), 2024-09-28T19:07:43.089750300(LocalDateTime), 2024-09-28T19:07:43.089750300(LocalDateTime)
<==    Updates: 1
Releasing transactional SqlSession [org.apache.ibatis.session.defaults.DefaultSqlSession@14b9817b]
Transaction synchronization committing SqlSession [org.apache.ibatis.session.defaults.DefaultSqlSession@14b9817b]
Transaction synchronization deregistering SqlSession [org.apache.ibatis.session.defaults.DefaultSqlSession@14b9817b]
Transaction synchronization closing SqlSession [org.apache.ibatis.session.defaults.DefaultSqlSession@14b9817b]
Creating a new SqlSession
Registering transaction synchronization for SqlSession [org.apache.ibatis.session.defaults.DefaultSqlSession@7e577eed]
JDBC Connection [HikariProxyConnection@817880261 wrapping com.mysql.cj.jdbc.ConnectionImpl@7e615c6a] will be managed by Spring
==>  Preparing: INSERT INTO `tb_post` (content, author_id, publish_at, last_update) VALUES (?, ?, ?, ?)
==> Parameters: 工作中的专注力能够提升工作质量。(String), 5(Long), 2024-09-28T19:07:43.099872500(LocalDateTime), 2024-09-28T19:07:43.099872500(LocalDateTime)
<==    Updates: 1
Releasing transactional SqlSession [org.apache.ibatis.session.defaults.DefaultSqlSession@7e577eed]
Transaction synchronization committing SqlSession [org.apache.ibatis.session.defaults.DefaultSqlSession@7e577eed]
Transaction synchronization deregistering SqlSession [org.apache.ibatis.session.defaults.DefaultSqlSession@7e577eed]
Transaction synchronization closing SqlSession [org.apache.ibatis.session.defaults.DefaultSqlSession@7e577eed]
Creating a new SqlSession
Registering transaction synchronization for SqlSession [org.apache.ibatis.session.defaults.DefaultSqlSession@4cf1bd4a]
JDBC Connection [HikariProxyConnection@1147103911 wrapping com.mysql.cj.jdbc.ConnectionImpl@7e615c6a] will be managed by Spring
==>  Preparing: INSERT INTO `tb_post` (content, author_id, publish_at, last_update) VALUES (?, ?, ?, ?)
==> Parameters: 工作中的责任感能够增强团队信任。(String), 95(Long), 2024-09-28T19:07:43.102453(LocalDateTime), 2024-09-28T19:07:43.102453(LocalDateTime)
<==    Updates: 1
Releasing transactional SqlSession [org.apache.ibatis.session.defaults.DefaultSqlSession@4cf1bd4a]
Transaction synchronization committing SqlSession [org.apache.ibatis.session.defaults.DefaultSqlSession@4cf1bd4a]
Transaction synchronization deregistering SqlSession [org.apache.ibatis.session.defaults.DefaultSqlSession@4cf1bd4a]
Transaction synchronization closing SqlSession [org.apache.ibatis.session.defaults.DefaultSqlSession@4cf1bd4a]
Creating a new SqlSession
Registering transaction synchronization for SqlSession [org.apache.ibatis.session.defaults.DefaultSqlSession@19834eb7]
JDBC Connection [HikariProxyConnection@1573405835 wrapping com.mysql.cj.jdbc.ConnectionImpl@7e615c6a] will be managed by Spring
==>  Preparing: INSERT INTO `tb_post` (content, author_id, publish_at, last_update) VALUES (?, ?, ?, ?)
==> Parameters: 工作中的创新思维能够推动行业发展。(String), 50(Long), 2024-09-28T19:07:43.111627500(LocalDateTime), 2024-09-28T19:07:43.111627500(LocalDateTime)
<==    Updates: 1
Releasing transactional SqlSession [org.apache.ibatis.session.defaults.DefaultSqlSession@19834eb7]
Transaction synchronization committing SqlSession [org.apache.ibatis.session.defaults.DefaultSqlSession@19834eb7]
Transaction synchronization deregistering SqlSession [org.apache.ibatis.session.defaults.DefaultSqlSession@19834eb7]
Transaction synchronization closing SqlSession [org.apache.ibatis.session.defaults.DefaultSqlSession@19834eb7]
Creating a new SqlSession
Registering transaction synchronization for SqlSession [org.apache.ibatis.session.defaults.DefaultSqlSession@255b84a9]
JDBC Connection [HikariProxyConnection@645018917 wrapping com.mysql.cj.jdbc.ConnectionImpl@7e615c6a] will be managed by Spring
==>  Preparing: INSERT INTO `tb_post` (content, author_id, publish_at, last_update) VALUES (?, ?, ?, ?)
==> Parameters: 工作中的领导力能够激励团队成员。(String), 14(Long), 2024-09-28T19:07:43.116134600(LocalDateTime), 2024-09-28T19:07:43.116134600(LocalDateTime)
<==    Updates: 1
Releasing transactional SqlSession [org.apache.ibatis.session.defaults.DefaultSqlSession@255b84a9]
Transaction synchronization committing SqlSession [org.apache.ibatis.session.defaults.DefaultSqlSession@255b84a9]
Transaction synchronization deregistering SqlSession [org.apache.ibatis.session.defaults.DefaultSqlSession@255b84a9]
Transaction synchronization closing SqlSession [org.apache.ibatis.session.defaults.DefaultSqlSession@255b84a9]
Creating a new SqlSession
Registering transaction synchronization for SqlSession [org.apache.ibatis.session.defaults.DefaultSqlSession@1196537d]
JDBC Connection [HikariProxyConnection@391915263 wrapping com.mysql.cj.jdbc.ConnectionImpl@7e615c6a] will be managed by Spring
==>  Preparing: INSERT INTO `tb_post` (content, author_id, publish_at, last_update) VALUES (?, ?, ?, ?)
==> Parameters: 工作中的适应性是面对挑战的重要能力。(String), 78(Long), 2024-09-28T19:07:43.119887800(LocalDateTime), 2024-09-28T19:07:43.119887800(LocalDateTime)
<==    Updates: 1
Releasing transactional SqlSession [org.apache.ibatis.session.defaults.DefaultSqlSession@1196537d]
Transaction synchronization committing SqlSession [org.apache.ibatis.session.defaults.DefaultSqlSession@1196537d]
Transaction synchronization deregistering SqlSession [org.apache.ibatis.session.defaults.DefaultSqlSession@1196537d]
Transaction synchronization closing SqlSession [org.apache.ibatis.session.defaults.DefaultSqlSession@1196537d]
Creating a new SqlSession
Registering transaction synchronization for SqlSession [org.apache.ibatis.session.defaults.DefaultSqlSession@332610ad]
JDBC Connection [HikariProxyConnection@2036240117 wrapping com.mysql.cj.jdbc.ConnectionImpl@7e615c6a] will be managed by Spring
==>  Preparing: INSERT INTO `tb_post` (content, author_id, publish_at, last_update) VALUES (?, ?, ?, ?)
==> Parameters: 工作中的自我驱动能够提升个人成就。(String), 66(Long), 2024-09-28T19:07:43.129979200(LocalDateTime), 2024-09-28T19:07:43.129979200(LocalDateTime)
<==    Updates: 1
Releasing transactional SqlSession [org.apache.ibatis.session.defaults.DefaultSqlSession@332610ad]
Transaction synchronization committing SqlSession [org.apache.ibatis.session.defaults.DefaultSqlSession@332610ad]
Transaction synchronization deregistering SqlSession [org.apache.ibatis.session.defaults.DefaultSqlSession@332610ad]
Transaction synchronization closing SqlSession [org.apache.ibatis.session.defaults.DefaultSqlSession@332610ad]
Creating a new SqlSession
Registering transaction synchronization for SqlSession [org.apache.ibatis.session.defaults.DefaultSqlSession@80b70fd]
JDBC Connection [HikariProxyConnection@770854681 wrapping com.mysql.cj.jdbc.ConnectionImpl@7e615c6a] will be managed by Spring
==>  Preparing: INSERT INTO `tb_post` (content, author_id, publish_at, last_update) VALUES (?, ?, ?, ?)
==> Parameters: 工作中的团队协作能够实现共同目标。(String), 80(Long), 2024-09-28T19:07:43.134529700(LocalDateTime), 2024-09-28T19:07:43.134529700(LocalDateTime)
<==    Updates: 1
Releasing transactional SqlSession [org.apache.ibatis.session.defaults.DefaultSqlSession@80b70fd]
Transaction synchronization committing SqlSession [org.apache.ibatis.session.defaults.DefaultSqlSession@80b70fd]
Transaction synchronization deregistering SqlSession [org.apache.ibatis.session.defaults.DefaultSqlSession@80b70fd]
Transaction synchronization closing SqlSession [org.apache.ibatis.session.defaults.DefaultSqlSession@80b70fd]
Creating a new SqlSession
Registering transaction synchronization for SqlSession [org.apache.ibatis.session.defaults.DefaultSqlSession@2db82155]
JDBC Connection [HikariProxyConnection@692760632 wrapping com.mysql.cj.jdbc.ConnectionImpl@7e615c6a] will be managed by Spring
==>  Preparing: INSERT INTO `tb_post` (content, author_id, publish_at, last_update) VALUES (?, ?, ?, ?)
==> Parameters: 工作中的沟通能力是建立良好关系的基础。(String), 11(Long), 2024-09-28T19:07:43.139541500(LocalDateTime), 2024-09-28T19:07:43.139541500(LocalDateTime)
<==    Updates: 1
Releasing transactional SqlSession [org.apache.ibatis.session.defaults.DefaultSqlSession@2db82155]
Transaction synchronization committing SqlSession [org.apache.ibatis.session.defaults.DefaultSqlSession@2db82155]
Transaction synchronization deregistering SqlSession [org.apache.ibatis.session.defaults.DefaultSqlSession@2db82155]
Transaction synchronization closing SqlSession [org.apache.ibatis.session.defaults.DefaultSqlSession@2db82155]
Creating a new SqlSession
Registering transaction synchronization for SqlSession [org.apache.ibatis.session.defaults.DefaultSqlSession@2eb91767]
JDBC Connection [HikariProxyConnection@1053596586 wrapping com.mysql.cj.jdbc.ConnectionImpl@7e615c6a] will be managed by Spring
==>  Preparing: INSERT INTO `tb_post` (content, author_id, publish_at, last_update) VALUES (?, ?, ?, ?)
==> Parameters: 工作中的目标导向有助于保持工作方向。(String), 78(Long), 2024-09-28T19:07:43.144623100(LocalDateTime), 2024-09-28T19:07:43.144623100(LocalDateTime)
<==    Updates: 1
Releasing transactional SqlSession [org.apache.ibatis.session.defaults.DefaultSqlSession@2eb91767]
Transaction synchronization committing SqlSession [org.apache.ibatis.session.defaults.DefaultSqlSession@2eb91767]
Transaction synchronization deregistering SqlSession [org.apache.ibatis.session.defaults.DefaultSqlSession@2eb91767]
Transaction synchronization closing SqlSession [org.apache.ibatis.session.defaults.DefaultSqlSession@2eb91767]
Creating a new SqlSession
Registering transaction synchronization for SqlSession [org.apache.ibatis.session.defaults.DefaultSqlSession@e280006]
JDBC Connection [HikariProxyConnection@1327145660 wrapping com.mysql.cj.jdbc.ConnectionImpl@7e615c6a] will be managed by Spring
==>  Preparing: INSERT INTO `tb_post` (content, author_id, publish_at, last_update) VALUES (?, ?, ?, ?)
==> Parameters: 工作中的自我提升是职业发展的关键。(String), 76(Long), 2024-09-28T19:07:43.149722400(LocalDateTime), 2024-09-28T19:07:43.149722400(LocalDateTime)
<==    Updates: 1
Releasing transactional SqlSession [org.apache.ibatis.session.defaults.DefaultSqlSession@e280006]
Transaction synchronization committing SqlSession [org.apache.ibatis.session.defaults.DefaultSqlSession@e280006]
Transaction synchronization deregistering SqlSession [org.apache.ibatis.session.defaults.DefaultSqlSession@e280006]
Transaction synchronization closing SqlSession [org.apache.ibatis.session.defaults.DefaultSqlSession@e280006]
Creating a new SqlSession
Registering transaction synchronization for SqlSession [org.apache.ibatis.session.defaults.DefaultSqlSession@17f7a1af]
JDBC Connection [HikariProxyConnection@814945818 wrapping com.mysql.cj.jdbc.ConnectionImpl@7e615c6a] will be managed by Spring
==>  Preparing: INSERT INTO `tb_post` (content, author_id, publish_at, last_update) VALUES (?, ?, ?, ?)
==> Parameters: 工作中的批判性思维有助于优化流程。(String), 36(Long), 2024-09-28T19:07:43.154732(LocalDateTime), 2024-09-28T19:07:43.154732(LocalDateTime)
<==    Updates: 1
Releasing transactional SqlSession [org.apache.ibatis.session.defaults.DefaultSqlSession@17f7a1af]
Transaction synchronization committing SqlSession [org.apache.ibatis.session.defaults.DefaultSqlSession@17f7a1af]
Transaction synchronization deregistering SqlSession [org.apache.ibatis.session.defaults.DefaultSqlSession@17f7a1af]
Transaction synchronization closing SqlSession [org.apache.ibatis.session.defaults.DefaultSqlSession@17f7a1af]
Creating a new SqlSession
Registering transaction synchronization for SqlSession [org.apache.ibatis.session.defaults.DefaultSqlSession@43f5b014]
JDBC Connection [HikariProxyConnection@1549393863 wrapping com.mysql.cj.jdbc.ConnectionImpl@7e615c6a] will be managed by Spring
==>  Preparing: INSERT INTO `tb_post` (content, author_id, publish_at, last_update) VALUES (?, ?, ?, ?)
==> Parameters: 工作中的细致观察能够发现潜在问题。(String), 54(Long), 2024-09-28T19:07:43.159745800(LocalDateTime), 2024-09-28T19:07:43.159745800(LocalDateTime)
<==    Updates: 1
Releasing transactional SqlSession [org.apache.ibatis.session.defaults.DefaultSqlSession@43f5b014]
Transaction synchronization committing SqlSession [org.apache.ibatis.session.defaults.DefaultSqlSession@43f5b014]
Transaction synchronization deregistering SqlSession [org.apache.ibatis.session.defaults.DefaultSqlSession@43f5b014]
Transaction synchronization closing SqlSession [org.apache.ibatis.session.defaults.DefaultSqlSession@43f5b014]
Creating a new SqlSession
Registering transaction synchronization for SqlSession [org.apache.ibatis.session.defaults.DefaultSqlSession@377cc0f8]
JDBC Connection [HikariProxyConnection@264092188 wrapping com.mysql.cj.jdbc.ConnectionImpl@7e615c6a] will be managed by Spring
==>  Preparing: INSERT INTO `tb_post` (content, author_id, publish_at, last_update) VALUES (?, ?, ?, ?)
==> Parameters: 工作中的积极反馈能够激励团队成员。(String), 51(Long), 2024-09-28T19:07:43.169905(LocalDateTime), 2024-09-28T19:07:43.169905(LocalDateTime)
<==    Updates: 1
Releasing transactional SqlSession [org.apache.ibatis.session.defaults.DefaultSqlSession@377cc0f8]
Transaction synchronization committing SqlSession [org.apache.ibatis.session.defaults.DefaultSqlSession@377cc0f8]
Transaction synchronization deregistering SqlSession [org.apache.ibatis.session.defaults.DefaultSqlSession@377cc0f8]
Transaction synchronization closing SqlSession [org.apache.ibatis.session.defaults.DefaultSqlSession@377cc0f8]
Creating a new SqlSession
Registering transaction synchronization for SqlSession [org.apache.ibatis.session.defaults.DefaultSqlSession@28b47211]
JDBC Connection [HikariProxyConnection@611587518 wrapping com.mysql.cj.jdbc.ConnectionImpl@7e615c6a] will be managed by Spring
==>  Preparing: INSERT INTO `tb_post` (content, author_id, publish_at, last_update) VALUES (?, ?, ?, ?)
==> Parameters: 工作中的领导力能够引导团队前进。(String), 74(Long), 2024-09-28T19:07:43.169905(LocalDateTime), 2024-09-28T19:07:43.169905(LocalDateTime)
<==    Updates: 1
Releasing transactional SqlSession [org.apache.ibatis.session.defaults.DefaultSqlSession@28b47211]
Transaction synchronization committing SqlSession [org.apache.ibatis.session.defaults.DefaultSqlSession@28b47211]
Transaction synchronization deregistering SqlSession [org.apache.ibatis.session.defaults.DefaultSqlSession@28b47211]
Transaction synchronization closing SqlSession [org.apache.ibatis.session.defaults.DefaultSqlSession@28b47211]
Creating a new SqlSession
Registering transaction synchronization for SqlSession [org.apache.ibatis.session.defaults.DefaultSqlSession@535aa7c7]
JDBC Connection [HikariProxyConnection@2076021838 wrapping com.mysql.cj.jdbc.ConnectionImpl@7e615c6a] will be managed by Spring
==>  Preparing: INSERT INTO `tb_post` (content, author_id, publish_at, last_update) VALUES (?, ?, ?, ?)
==> Parameters: 工作中的自我管理有助于提高个人效率。(String), 77(Long), 2024-09-28T19:07:43.179724800(LocalDateTime), 2024-09-28T19:07:43.179724800(LocalDateTime)
<==    Updates: 1
Releasing transactional SqlSession [org.apache.ibatis.session.defaults.DefaultSqlSession@535aa7c7]
Transaction synchronization committing SqlSession [org.apache.ibatis.session.defaults.DefaultSqlSession@535aa7c7]
Transaction synchronization deregistering SqlSession [org.apache.ibatis.session.defaults.DefaultSqlSession@535aa7c7]
Transaction synchronization closing SqlSession [org.apache.ibatis.session.defaults.DefaultSqlSession@535aa7c7]
Creating a new SqlSession
Registering transaction synchronization for SqlSession [org.apache.ibatis.session.defaults.DefaultSqlSession@4fe3199d]
JDBC Connection [HikariProxyConnection@1755838330 wrapping com.mysql.cj.jdbc.ConnectionImpl@7e615c6a] will be managed by Spring
==>  Preparing: INSERT INTO `tb_post` (content, author_id, publish_at, last_update) VALUES (?, ?, ?, ?)
==> Parameters: 工作中的专业知识是提升工作表现的基石。(String), 3(Long), 2024-09-28T19:07:43.189860300(LocalDateTime), 2024-09-28T19:07:43.189860300(LocalDateTime)
<==    Updates: 1
Releasing transactional SqlSession [org.apache.ibatis.session.defaults.DefaultSqlSession@4fe3199d]
Transaction synchronization committing SqlSession [org.apache.ibatis.session.defaults.DefaultSqlSession@4fe3199d]
Transaction synchronization deregistering SqlSession [org.apache.ibatis.session.defaults.DefaultSqlSession@4fe3199d]
Transaction synchronization closing SqlSession [org.apache.ibatis.session.defaults.DefaultSqlSession@4fe3199d]
Creating a new SqlSession
Registering transaction synchronization for SqlSession [org.apache.ibatis.session.defaults.DefaultSqlSession@192aeae2]
JDBC Connection [HikariProxyConnection@42801967 wrapping com.mysql.cj.jdbc.ConnectionImpl@7e615c6a] will be managed by Spring
==>  Preparing: INSERT INTO `tb_post` (content, author_id, publish_at, last_update) VALUES (?, ?, ?, ?)
==> Parameters: 工作中的团队合作能够实现更大的成就。(String), 17(Long), 2024-09-28T19:07:43.199687800(LocalDateTime), 2024-09-28T19:07:43.199687800(LocalDateTime)
<==    Updates: 1
Releasing transactional SqlSession [org.apache.ibatis.session.defaults.DefaultSqlSession@192aeae2]
Transaction synchronization committing SqlSession [org.apache.ibatis.session.defaults.DefaultSqlSession@192aeae2]
Transaction synchronization deregistering SqlSession [org.apache.ibatis.session.defaults.DefaultSqlSession@192aeae2]
Transaction synchronization closing SqlSession [org.apache.ibatis.session.defaults.DefaultSqlSession@192aeae2]
Creating a new SqlSession
Registering transaction synchronization for SqlSession [org.apache.ibatis.session.defaults.DefaultSqlSession@5134a7d6]
JDBC Connection [HikariProxyConnection@1921324291 wrapping com.mysql.cj.jdbc.ConnectionImpl@7e615c6a] will be managed by Spring
==>  Preparing: INSERT INTO `tb_post` (content, author_id, publish_at, last_update) VALUES (?, ?, ?, ?)
==> Parameters: 工作中的创新策略能够带来新的解决方案。(String), 54(Long), 2024-09-28T19:07:43.209895200(LocalDateTime), 2024-09-28T19:07:43.209895200(LocalDateTime)
<==    Updates: 1
Releasing transactional SqlSession [org.apache.ibatis.session.defaults.DefaultSqlSession@5134a7d6]
Transaction synchronization committing SqlSession [org.apache.ibatis.session.defaults.DefaultSqlSession@5134a7d6]
Transaction synchronization deregistering SqlSession [org.apache.ibatis.session.defaults.DefaultSqlSession@5134a7d6]
Transaction synchronization closing SqlSession [org.apache.ibatis.session.defaults.DefaultSqlSession@5134a7d6]
Creating a new SqlSession
Registering transaction synchronization for SqlSession [org.apache.ibatis.session.defaults.DefaultSqlSession@72c29d87]
JDBC Connection [HikariProxyConnection@552186123 wrapping com.mysql.cj.jdbc.ConnectionImpl@7e615c6a] will be managed by Spring
==>  Preparing: INSERT INTO `tb_post` (content, author_id, publish_at, last_update) VALUES (?, ?, ?, ?)
==> Parameters: 工作中的积极态度能够提升团队士气。(String), 51(Long), 2024-09-28T19:07:43.219520400(LocalDateTime), 2024-09-28T19:07:43.219520400(LocalDateTime)
<==    Updates: 1
Releasing transactional SqlSession [org.apache.ibatis.session.defaults.DefaultSqlSession@72c29d87]
Transaction synchronization committing SqlSession [org.apache.ibatis.session.defaults.DefaultSqlSession@72c29d87]
Transaction synchronization deregistering SqlSession [org.apache.ibatis.session.defaults.DefaultSqlSession@72c29d87]
Transaction synchronization closing SqlSession [org.apache.ibatis.session.defaults.DefaultSqlSession@72c29d87]
Creating a new SqlSession
Registering transaction synchronization for SqlSession [org.apache.ibatis.session.defaults.DefaultSqlSession@4fae4c3b]
JDBC Connection [HikariProxyConnection@1289602009 wrapping com.mysql.cj.jdbc.ConnectionImpl@7e615c6a] will be managed by Spring
==>  Preparing: INSERT INTO `tb_post` (content, author_id, publish_at, last_update) VALUES (?, ?, ?, ?)
==> Parameters: 工作中的决策能力对于项目成功至关重要。(String), 22(Long), 2024-09-28T19:07:43.229640600(LocalDateTime), 2024-09-28T19:07:43.229640600(LocalDateTime)
<==    Updates: 1
Releasing transactional SqlSession [org.apache.ibatis.session.defaults.DefaultSqlSession@4fae4c3b]
Transaction synchronization committing SqlSession [org.apache.ibatis.session.defaults.DefaultSqlSession@4fae4c3b]
Transaction synchronization deregistering SqlSession [org.apache.ibatis.session.defaults.DefaultSqlSession@4fae4c3b]
Transaction synchronization closing SqlSession [org.apache.ibatis.session.defaults.DefaultSqlSession@4fae4c3b]
Creating a new SqlSession
Registering transaction synchronization for SqlSession [org.apache.ibatis.session.defaults.DefaultSqlSession@930911e]
JDBC Connection [HikariProxyConnection@1121544005 wrapping com.mysql.cj.jdbc.ConnectionImpl@7e615c6a] will be managed by Spring
==>  Preparing: INSERT INTO `tb_post` (content, author_id, publish_at, last_update) VALUES (?, ?, ?, ?)
==> Parameters: 工作中的自我激励能够提高工作动力。(String), 69(Long), 2024-09-28T19:07:43.239905800(LocalDateTime), 2024-09-28T19:07:43.239905800(LocalDateTime)
<==    Updates: 1
Releasing transactional SqlSession [org.apache.ibatis.session.defaults.DefaultSqlSession@930911e]
Transaction synchronization committing SqlSession [org.apache.ibatis.session.defaults.DefaultSqlSession@930911e]
Transaction synchronization deregistering SqlSession [org.apache.ibatis.session.defaults.DefaultSqlSession@930911e]
Transaction synchronization closing SqlSession [org.apache.ibatis.session.defaults.DefaultSqlSession@930911e]
Creating a new SqlSession
Registering transaction synchronization for SqlSession [org.apache.ibatis.session.defaults.DefaultSqlSession@28532753]
JDBC Connection [HikariProxyConnection@711487917 wrapping com.mysql.cj.jdbc.ConnectionImpl@7e615c6a] will be managed by Spring
==>  Preparing: INSERT INTO `tb_post` (content, author_id, publish_at, last_update) VALUES (?, ?, ?, ?)
==> Parameters: 工作中的沟通技巧有助于解决冲突。(String), 93(Long), 2024-09-28T19:07:43.249537400(LocalDateTime), 2024-09-28T19:07:43.249537400(LocalDateTime)
<==    Updates: 1
Releasing transactional SqlSession [org.apache.ibatis.session.defaults.DefaultSqlSession@28532753]
Transaction synchronization committing SqlSession [org.apache.ibatis.session.defaults.DefaultSqlSession@28532753]
Transaction synchronization deregistering SqlSession [org.apache.ibatis.session.defaults.DefaultSqlSession@28532753]
Transaction synchronization closing SqlSession [org.apache.ibatis.session.defaults.DefaultSqlSession@28532753]
Creating a new SqlSession
Registering transaction synchronization for SqlSession [org.apache.ibatis.session.defaults.DefaultSqlSession@5e1e19af]
JDBC Connection [HikariProxyConnection@902907387 wrapping com.mysql.cj.jdbc.ConnectionImpl@7e615c6a] will be managed by Spring
==>  Preparing: INSERT INTO `tb_post` (content, author_id, publish_at, last_update) VALUES (?, ?, ?, ?)
==> Parameters: 工作中的细节关注能够提升产品或服务质量。(String), 41(Long), 2024-09-28T19:07:43.249537400(LocalDateTime), 2024-09-28T19:07:43.249537400(LocalDateTime)
<==    Updates: 1
Releasing transactional SqlSession [org.apache.ibatis.session.defaults.DefaultSqlSession@5e1e19af]
Transaction synchronization committing SqlSession [org.apache.ibatis.session.defaults.DefaultSqlSession@5e1e19af]
Transaction synchronization deregistering SqlSession [org.apache.ibatis.session.defaults.DefaultSqlSession@5e1e19af]
Transaction synchronization closing SqlSession [org.apache.ibatis.session.defaults.DefaultSqlSession@5e1e19af]
Creating a new SqlSession
Registering transaction synchronization for SqlSession [org.apache.ibatis.session.defaults.DefaultSqlSession@4e312811]
JDBC Connection [HikariProxyConnection@2001804956 wrapping com.mysql.cj.jdbc.ConnectionImpl@7e615c6a] will be managed by Spring
==>  Preparing: INSERT INTO `tb_post` (content, author_id, publish_at, last_update) VALUES (?, ?, ?, ?)
==> Parameters: 工作中的诚信是建立客户信任的基础。(String), 98(Long), 2024-09-28T19:07:43.262317700(LocalDateTime), 2024-09-28T19:07:43.262317700(LocalDateTime)
<==    Updates: 1
Releasing transactional SqlSession [org.apache.ibatis.session.defaults.DefaultSqlSession@4e312811]
Transaction synchronization committing SqlSession [org.apache.ibatis.session.defaults.DefaultSqlSession@4e312811]
Transaction synchronization deregistering SqlSession [org.apache.ibatis.session.defaults.DefaultSqlSession@4e312811]
Transaction synchronization closing SqlSession [org.apache.ibatis.session.defaults.DefaultSqlSession@4e312811]
Creating a new SqlSession
Registering transaction synchronization for SqlSession [org.apache.ibatis.session.defaults.DefaultSqlSession@6b8cdc4]
JDBC Connection [HikariProxyConnection@181806430 wrapping com.mysql.cj.jdbc.ConnectionImpl@7e615c6a] will be managed by Spring
==>  Preparing: INSERT INTO `tb_post` (content, author_id, publish_at, last_update) VALUES (?, ?, ?, ?)
==> Parameters: 工作中的组织能力有助于管理工作流程。(String), 28(Long), 2024-09-28T19:07:43.269843100(LocalDateTime), 2024-09-28T19:07:43.269843100(LocalDateTime)
<==    Updates: 1
Releasing transactional SqlSession [org.apache.ibatis.session.defaults.DefaultSqlSession@6b8cdc4]
Transaction synchronization committing SqlSession [org.apache.ibatis.session.defaults.DefaultSqlSession@6b8cdc4]
Transaction synchronization deregistering SqlSession [org.apache.ibatis.session.defaults.DefaultSqlSession@6b8cdc4]
Transaction synchronization closing SqlSession [org.apache.ibatis.session.defaults.DefaultSqlSession@6b8cdc4]
Creating a new SqlSession
Registering transaction synchronization for SqlSession [org.apache.ibatis.session.defaults.DefaultSqlSession@2530baf6]
JDBC Connection [HikariProxyConnection@1141042529 wrapping com.mysql.cj.jdbc.ConnectionImpl@7e615c6a] will be managed by Spring
==>  Preparing: INSERT INTO `tb_post` (content, author_id, publish_at, last_update) VALUES (?, ?, ?, ?)
==> Parameters: 工作中的主动性能够带来新的机遇。(String), 61(Long), 2024-09-28T19:07:43.274910500(LocalDateTime), 2024-09-28T19:07:43.274910500(LocalDateTime)
<==    Updates: 1
Releasing transactional SqlSession [org.apache.ibatis.session.defaults.DefaultSqlSession@2530baf6]
Transaction synchronization committing SqlSession [org.apache.ibatis.session.defaults.DefaultSqlSession@2530baf6]
Transaction synchronization deregistering SqlSession [org.apache.ibatis.session.defaults.DefaultSqlSession@2530baf6]
Transaction synchronization closing SqlSession [org.apache.ibatis.session.defaults.DefaultSqlSession@2530baf6]
Creating a new SqlSession
Registering transaction synchronization for SqlSession [org.apache.ibatis.session.defaults.DefaultSqlSession@6d6ddeb5]
JDBC Connection [HikariProxyConnection@1559928458 wrapping com.mysql.cj.jdbc.ConnectionImpl@7e615c6a] will be managed by Spring
==>  Preparing: INSERT INTO `tb_post` (content, author_id, publish_at, last_update) VALUES (?, ?, ?, ?)
==> Parameters: 工作中的专注力能够提升工作效率。(String), 57(Long), 2024-09-28T19:07:43.279524100(LocalDateTime), 2024-09-28T19:07:43.279524100(LocalDateTime)
<==    Updates: 1
Releasing transactional SqlSession [org.apache.ibatis.session.defaults.DefaultSqlSession@6d6ddeb5]
Transaction synchronization committing SqlSession [org.apache.ibatis.session.defaults.DefaultSqlSession@6d6ddeb5]
Transaction synchronization deregistering SqlSession [org.apache.ibatis.session.defaults.DefaultSqlSession@6d6ddeb5]
Transaction synchronization closing SqlSession [org.apache.ibatis.session.defaults.DefaultSqlSession@6d6ddeb5]
Creating a new SqlSession
Registering transaction synchronization for SqlSession [org.apache.ibatis.session.defaults.DefaultSqlSession@26bbbe9e]
JDBC Connection [HikariProxyConnection@1900903547 wrapping com.mysql.cj.jdbc.ConnectionImpl@7e615c6a] will be managed by Spring
==>  Preparing: INSERT INTO `tb_post` (content, author_id, publish_at, last_update) VALUES (?, ?, ?, ?)
==> Parameters: 工作中的责任感能够增强团队合作。(String), 27(Long), 2024-09-28T19:07:43.284544800(LocalDateTime), 2024-09-28T19:07:43.284544800(LocalDateTime)
<==    Updates: 1
Releasing transactional SqlSession [org.apache.ibatis.session.defaults.DefaultSqlSession@26bbbe9e]
Transaction synchronization committing SqlSession [org.apache.ibatis.session.defaults.DefaultSqlSession@26bbbe9e]
Transaction synchronization deregistering SqlSession [org.apache.ibatis.session.defaults.DefaultSqlSession@26bbbe9e]
Transaction synchronization closing SqlSession [org.apache.ibatis.session.defaults.DefaultSqlSession@26bbbe9e]
Creating a new SqlSession
Registering transaction synchronization for SqlSession [org.apache.ibatis.session.defaults.DefaultSqlSession@4c31b6c2]
JDBC Connection [HikariProxyConnection@1317746351 wrapping com.mysql.cj.jdbc.ConnectionImpl@7e615c6a] will be managed by Spring
==>  Preparing: INSERT INTO `tb_post` (content, author_id, publish_at, last_update) VALUES (?, ?, ?, ?)
==> Parameters: 工作中的创新思维能够推动技术进步。(String), 51(Long), 2024-09-28T19:07:43.289643300(LocalDateTime), 2024-09-28T19:07:43.289643300(LocalDateTime)
<==    Updates: 1
Releasing transactional SqlSession [org.apache.ibatis.session.defaults.DefaultSqlSession@4c31b6c2]
Transaction synchronization committing SqlSession [org.apache.ibatis.session.defaults.DefaultSqlSession@4c31b6c2]
Transaction synchronization deregistering SqlSession [org.apache.ibatis.session.defaults.DefaultSqlSession@4c31b6c2]
Transaction synchronization closing SqlSession [org.apache.ibatis.session.defaults.DefaultSqlSession@4c31b6c2]
Creating a new SqlSession
Registering transaction synchronization for SqlSession [org.apache.ibatis.session.defaults.DefaultSqlSession@37823482]
JDBC Connection [HikariProxyConnection@525041703 wrapping com.mysql.cj.jdbc.ConnectionImpl@7e615c6a] will be managed by Spring
==>  Preparing: INSERT INTO `tb_post` (content, author_id, publish_at, last_update) VALUES (?, ?, ?, ?)
==> Parameters: 工作中的领导力能够激发团队潜力。(String), 38(Long), 2024-09-28T19:07:43.294167300(LocalDateTime), 2024-09-28T19:07:43.294167300(LocalDateTime)
<==    Updates: 1
Releasing transactional SqlSession [org.apache.ibatis.session.defaults.DefaultSqlSession@37823482]
Transaction synchronization committing SqlSession [org.apache.ibatis.session.defaults.DefaultSqlSession@37823482]
Transaction synchronization deregistering SqlSession [org.apache.ibatis.session.defaults.DefaultSqlSession@37823482]
Transaction synchronization closing SqlSession [org.apache.ibatis.session.defaults.DefaultSqlSession@37823482]
Creating a new SqlSession
Registering transaction synchronization for SqlSession [org.apache.ibatis.session.defaults.DefaultSqlSession@c5e7696]
JDBC Connection [HikariProxyConnection@1198122764 wrapping com.mysql.cj.jdbc.ConnectionImpl@7e615c6a] will be managed by Spring
==>  Preparing: INSERT INTO `tb_post` (content, author_id, publish_at, last_update) VALUES (?, ?, ?, ?)
==> Parameters: 工作中的适应性是面对市场变化的关键。(String), 51(Long), 2024-09-28T19:07:43.302837(LocalDateTime), 2024-09-28T19:07:43.302837(LocalDateTime)
<==    Updates: 1
Releasing transactional SqlSession [org.apache.ibatis.session.defaults.DefaultSqlSession@c5e7696]
Transaction synchronization committing SqlSession [org.apache.ibatis.session.defaults.DefaultSqlSession@c5e7696]
Transaction synchronization deregistering SqlSession [org.apache.ibatis.session.defaults.DefaultSqlSession@c5e7696]
Transaction synchronization closing SqlSession [org.apache.ibatis.session.defaults.DefaultSqlSession@c5e7696]
Creating a new SqlSession
Registering transaction synchronization for SqlSession [org.apache.ibatis.session.defaults.DefaultSqlSession@65293ca5]
JDBC Connection [HikariProxyConnection@663139908 wrapping com.mysql.cj.jdbc.ConnectionImpl@7e615c6a] will be managed by Spring
==>  Preparing: INSERT INTO `tb_post` (content, author_id, publish_at, last_update) VALUES (?, ?, ?, ?)
==> Parameters: 工作中的自我驱动能够提升个人成就。(String), 73(Long), 2024-09-28T19:07:43.302837(LocalDateTime), 2024-09-28T19:07:43.302837(LocalDateTime)
<==    Updates: 1
Releasing transactional SqlSession [org.apache.ibatis.session.defaults.DefaultSqlSession@65293ca5]
Transaction synchronization committing SqlSession [org.apache.ibatis.session.defaults.DefaultSqlSession@65293ca5]
Transaction synchronization deregistering SqlSession [org.apache.ibatis.session.defaults.DefaultSqlSession@65293ca5]
Transaction synchronization closing SqlSession [org.apache.ibatis.session.defaults.DefaultSqlSession@65293ca5]
Creating a new SqlSession
Registering transaction synchronization for SqlSession [org.apache.ibatis.session.defaults.DefaultSqlSession@7d76d72a]
JDBC Connection [HikariProxyConnection@320192254 wrapping com.mysql.cj.jdbc.ConnectionImpl@7e615c6a] will be managed by Spring
==>  Preparing: INSERT INTO `tb_post` (content, author_id, publish_at, last_update) VALUES (?, ?, ?, ?)
==> Parameters: 工作中的团队协作能够实现共同目标。(String), 2(Long), 2024-09-28T19:07:43.314953(LocalDateTime), 2024-09-28T19:07:43.314953(LocalDateTime)
<==    Updates: 1
Releasing transactional SqlSession [org.apache.ibatis.session.defaults.DefaultSqlSession@7d76d72a]
Transaction synchronization committing SqlSession [org.apache.ibatis.session.defaults.DefaultSqlSession@7d76d72a]
Transaction synchronization deregistering SqlSession [org.apache.ibatis.session.defaults.DefaultSqlSession@7d76d72a]
Transaction synchronization closing SqlSession [org.apache.ibatis.session.defaults.DefaultSqlSession@7d76d72a]
Creating a new SqlSession
Registering transaction synchronization for SqlSession [org.apache.ibatis.session.defaults.DefaultSqlSession@620e0d36]
JDBC Connection [HikariProxyConnection@1039453590 wrapping com.mysql.cj.jdbc.ConnectionImpl@7e615c6a] will be managed by Spring
==>  Preparing: INSERT INTO `tb_post` (content, author_id, publish_at, last_update) VALUES (?, ?, ?, ?)
==> Parameters: 工作中的沟通能力是建立良好关系的基础。(String), 61(Long), 2024-09-28T19:07:43.319554(LocalDateTime), 2024-09-28T19:07:43.319554(LocalDateTime)
<==    Updates: 1
Releasing transactional SqlSession [org.apache.ibatis.session.defaults.DefaultSqlSession@620e0d36]
Transaction synchronization committing SqlSession [org.apache.ibatis.session.defaults.DefaultSqlSession@620e0d36]
Transaction synchronization deregistering SqlSession [org.apache.ibatis.session.defaults.DefaultSqlSession@620e0d36]
Transaction synchronization closing SqlSession [org.apache.ibatis.session.defaults.DefaultSqlSession@620e0d36]
Creating a new SqlSession
Registering transaction synchronization for SqlSession [org.apache.ibatis.session.defaults.DefaultSqlSession@6ebf9c2d]
JDBC Connection [HikariProxyConnection@1000347057 wrapping com.mysql.cj.jdbc.ConnectionImpl@7e615c6a] will be managed by Spring
==>  Preparing: INSERT INTO `tb_post` (content, author_id, publish_at, last_update) VALUES (?, ?, ?, ?)
==> Parameters: 工作中的目标导向有助于保持工作方向。(String), 5(Long), 2024-09-28T19:07:43.325593900(LocalDateTime), 2024-09-28T19:07:43.325593900(LocalDateTime)
<==    Updates: 1
Releasing transactional SqlSession [org.apache.ibatis.session.defaults.DefaultSqlSession@6ebf9c2d]
Transaction synchronization committing SqlSession [org.apache.ibatis.session.defaults.DefaultSqlSession@6ebf9c2d]
Transaction synchronization deregistering SqlSession [org.apache.ibatis.session.defaults.DefaultSqlSession@6ebf9c2d]
Transaction synchronization closing SqlSession [org.apache.ibatis.session.defaults.DefaultSqlSession@6ebf9c2d]
Creating a new SqlSession
Registering transaction synchronization for SqlSession [org.apache.ibatis.session.defaults.DefaultSqlSession@4d529dbf]
JDBC Connection [HikariProxyConnection@498427378 wrapping com.mysql.cj.jdbc.ConnectionImpl@7e615c6a] will be managed by Spring
==>  Preparing: INSERT INTO `tb_post` (content, author_id, publish_at, last_update) VALUES (?, ?, ?, ?)
==> Parameters: 工作中的自我提升是职业发展的关键。(String), 70(Long), 2024-09-28T19:07:43.332585800(LocalDateTime), 2024-09-28T19:07:43.332585800(LocalDateTime)
<==    Updates: 1
Releasing transactional SqlSession [org.apache.ibatis.session.defaults.DefaultSqlSession@4d529dbf]
Transaction synchronization committing SqlSession [org.apache.ibatis.session.defaults.DefaultSqlSession@4d529dbf]
Transaction synchronization deregistering SqlSession [org.apache.ibatis.session.defaults.DefaultSqlSession@4d529dbf]
Transaction synchronization closing SqlSession [org.apache.ibatis.session.defaults.DefaultSqlSession@4d529dbf]
Creating a new SqlSession
Registering transaction synchronization for SqlSession [org.apache.ibatis.session.defaults.DefaultSqlSession@e356940]
JDBC Connection [HikariProxyConnection@1012364136 wrapping com.mysql.cj.jdbc.ConnectionImpl@7e615c6a] will be managed by Spring
==>  Preparing: INSERT INTO `tb_post` (content, author_id, publish_at, last_update) VALUES (?, ?, ?, ?)
==> Parameters: 工作中的批判性思维有助于优化流程。(String), 54(Long), 2024-09-28T19:07:43.332585800(LocalDateTime), 2024-09-28T19:07:43.332585800(LocalDateTime)
<==    Updates: 1
Releasing transactional SqlSession [org.apache.ibatis.session.defaults.DefaultSqlSession@e356940]
Transaction synchronization committing SqlSession [org.apache.ibatis.session.defaults.DefaultSqlSession@e356940]
Transaction synchronization deregistering SqlSession [org.apache.ibatis.session.defaults.DefaultSqlSession@e356940]
Transaction synchronization closing SqlSession [org.apache.ibatis.session.defaults.DefaultSqlSession@e356940]
Creating a new SqlSession
Registering transaction synchronization for SqlSession [org.apache.ibatis.session.defaults.DefaultSqlSession@2c8c42c]
JDBC Connection [HikariProxyConnection@1833824722 wrapping com.mysql.cj.jdbc.ConnectionImpl@7e615c6a] will be managed by Spring
==>  Preparing: INSERT INTO `tb_post` (content, author_id, publish_at, last_update) VALUES (?, ?, ?, ?)
==> Parameters: 工作中的细致观察能够发现潜在问题。(String), 30(Long), 2024-09-28T19:07:43.341317700(LocalDateTime), 2024-09-28T19:07:43.341317700(LocalDateTime)
<==    Updates: 1
Releasing transactional SqlSession [org.apache.ibatis.session.defaults.DefaultSqlSession@2c8c42c]
Transaction synchronization committing SqlSession [org.apache.ibatis.session.defaults.DefaultSqlSession@2c8c42c]
Transaction synchronization deregistering SqlSession [org.apache.ibatis.session.defaults.DefaultSqlSession@2c8c42c]
Transaction synchronization closing SqlSession [org.apache.ibatis.session.defaults.DefaultSqlSession@2c8c42c]
Creating a new SqlSession
Registering transaction synchronization for SqlSession [org.apache.ibatis.session.defaults.DefaultSqlSession@2821da0a]
JDBC Connection [HikariProxyConnection@243130253 wrapping com.mysql.cj.jdbc.ConnectionImpl@7e615c6a] will be managed by Spring
==>  Preparing: INSERT INTO `tb_post` (content, author_id, publish_at, last_update) VALUES (?, ?, ?, ?)
==> Parameters: 工作中的积极反馈能够激励团队成员。(String), 33(Long), 2024-09-28T19:07:43.349886600(LocalDateTime), 2024-09-28T19:07:43.349886600(LocalDateTime)
<==    Updates: 1
Releasing transactional SqlSession [org.apache.ibatis.session.defaults.DefaultSqlSession@2821da0a]
Transaction synchronization committing SqlSession [org.apache.ibatis.session.defaults.DefaultSqlSession@2821da0a]
Transaction synchronization deregistering SqlSession [org.apache.ibatis.session.defaults.DefaultSqlSession@2821da0a]
Transaction synchronization closing SqlSession [org.apache.ibatis.session.defaults.DefaultSqlSession@2821da0a]
Creating a new SqlSession
Registering transaction synchronization for SqlSession [org.apache.ibatis.session.defaults.DefaultSqlSession@b8c6406]
JDBC Connection [HikariProxyConnection@334563687 wrapping com.mysql.cj.jdbc.ConnectionImpl@7e615c6a] will be managed by Spring
==>  Preparing: INSERT INTO `tb_post` (content, author_id, publish_at, last_update) VALUES (?, ?, ?, ?)
==> Parameters: 工作中的领导力能够引导团队前进。(String), 71(Long), 2024-09-28T19:07:43.359991500(LocalDateTime), 2024-09-28T19:07:43.359991500(LocalDateTime)
<==    Updates: 1
Releasing transactional SqlSession [org.apache.ibatis.session.defaults.DefaultSqlSession@b8c6406]
Transaction synchronization committing SqlSession [org.apache.ibatis.session.defaults.DefaultSqlSession@b8c6406]
Transaction synchronization deregistering SqlSession [org.apache.ibatis.session.defaults.DefaultSqlSession@b8c6406]
Transaction synchronization closing SqlSession [org.apache.ibatis.session.defaults.DefaultSqlSession@b8c6406]
Creating a new SqlSession
Registering transaction synchronization for SqlSession [org.apache.ibatis.session.defaults.DefaultSqlSession@1f4de96e]
JDBC Connection [HikariProxyConnection@202984526 wrapping com.mysql.cj.jdbc.ConnectionImpl@7e615c6a] will be managed by Spring
==>  Preparing: INSERT INTO `tb_post` (content, author_id, publish_at, last_update) VALUES (?, ?, ?, ?)
==> Parameters: 工作中的自我管理有助于提高个人效率。(String), 58(Long), 2024-09-28T19:07:43.374612600(LocalDateTime), 2024-09-28T19:07:43.374612600(LocalDateTime)
<==    Updates: 1
Releasing transactional SqlSession [org.apache.ibatis.session.defaults.DefaultSqlSession@1f4de96e]
Transaction synchronization committing SqlSession [org.apache.ibatis.session.defaults.DefaultSqlSession@1f4de96e]
Transaction synchronization deregistering SqlSession [org.apache.ibatis.session.defaults.DefaultSqlSession@1f4de96e]
Transaction synchronization closing SqlSession [org.apache.ibatis.session.defaults.DefaultSqlSession@1f4de96e]
Creating a new SqlSession
Registering transaction synchronization for SqlSession [org.apache.ibatis.session.defaults.DefaultSqlSession@5c20841d]
JDBC Connection [HikariProxyConnection@1307545610 wrapping com.mysql.cj.jdbc.ConnectionImpl@7e615c6a] will be managed by Spring
==>  Preparing: INSERT INTO `tb_post` (content, author_id, publish_at, last_update) VALUES (?, ?, ?, ?)
==> Parameters: 工作中的专业知识是提升工作表现的基石。(String), 57(Long), 2024-09-28T19:07:43.381218500(LocalDateTime), 2024-09-28T19:07:43.381218500(LocalDateTime)
<==    Updates: 1
Releasing transactional SqlSession [org.apache.ibatis.session.defaults.DefaultSqlSession@5c20841d]
Transaction synchronization committing SqlSession [org.apache.ibatis.session.defaults.DefaultSqlSession@5c20841d]
Transaction synchronization deregistering SqlSession [org.apache.ibatis.session.defaults.DefaultSqlSession@5c20841d]
Transaction synchronization closing SqlSession [org.apache.ibatis.session.defaults.DefaultSqlSession@5c20841d]
Creating a new SqlSession
Registering transaction synchronization for SqlSession [org.apache.ibatis.session.defaults.DefaultSqlSession@726dd367]
JDBC Connection [HikariProxyConnection@1113218094 wrapping com.mysql.cj.jdbc.ConnectionImpl@7e615c6a] will be managed by Spring
==>  Preparing: INSERT INTO `tb_post` (content, author_id, publish_at, last_update) VALUES (?, ?, ?, ?)
==> Parameters: 工作中的团队合作能够实现更大的成就。(String), 45(Long), 2024-09-28T19:07:43.394813500(LocalDateTime), 2024-09-28T19:07:43.394813500(LocalDateTime)
<==    Updates: 1
Releasing transactional SqlSession [org.apache.ibatis.session.defaults.DefaultSqlSession@726dd367]
Transaction synchronization committing SqlSession [org.apache.ibatis.session.defaults.DefaultSqlSession@726dd367]
Transaction synchronization deregistering SqlSession [org.apache.ibatis.session.defaults.DefaultSqlSession@726dd367]
Transaction synchronization closing SqlSession [org.apache.ibatis.session.defaults.DefaultSqlSession@726dd367]
Creating a new SqlSession
Registering transaction synchronization for SqlSession [org.apache.ibatis.session.defaults.DefaultSqlSession@1cdb280b]
JDBC Connection [HikariProxyConnection@1066026148 wrapping com.mysql.cj.jdbc.ConnectionImpl@7e615c6a] will be managed by Spring
==>  Preparing: INSERT INTO `tb_post` (content, author_id, publish_at, last_update) VALUES (?, ?, ?, ?)
==> Parameters: 工作中的创新策略能够带来新的解决方案。(String), 19(Long), 2024-09-28T19:07:43.403004300(LocalDateTime), 2024-09-28T19:07:43.403004300(LocalDateTime)
<==    Updates: 1
Releasing transactional SqlSession [org.apache.ibatis.session.defaults.DefaultSqlSession@1cdb280b]
Transaction synchronization committing SqlSession [org.apache.ibatis.session.defaults.DefaultSqlSession@1cdb280b]
Transaction synchronization deregistering SqlSession [org.apache.ibatis.session.defaults.DefaultSqlSession@1cdb280b]
Transaction synchronization closing SqlSession [org.apache.ibatis.session.defaults.DefaultSqlSession@1cdb280b]
Creating a new SqlSession
Registering transaction synchronization for SqlSession [org.apache.ibatis.session.defaults.DefaultSqlSession@c2191a8]
JDBC Connection [HikariProxyConnection@856000892 wrapping com.mysql.cj.jdbc.ConnectionImpl@7e615c6a] will be managed by Spring
==>  Preparing: INSERT INTO `tb_post` (content, author_id, publish_at, last_update) VALUES (?, ?, ?, ?)
==> Parameters: 工作中的积极态度能够提升团队士气。(String), 12(Long), 2024-09-28T19:07:43.413095600(LocalDateTime), 2024-09-28T19:07:43.413095600(LocalDateTime)
<==    Updates: 1
Releasing transactional SqlSession [org.apache.ibatis.session.defaults.DefaultSqlSession@c2191a8]
Transaction synchronization committing SqlSession [org.apache.ibatis.session.defaults.DefaultSqlSession@c2191a8]
Transaction synchronization deregistering SqlSession [org.apache.ibatis.session.defaults.DefaultSqlSession@c2191a8]
Transaction synchronization closing SqlSession [org.apache.ibatis.session.defaults.DefaultSqlSession@c2191a8]
Creating a new SqlSession
Registering transaction synchronization for SqlSession [org.apache.ibatis.session.defaults.DefaultSqlSession@28ffa527]
JDBC Connection [HikariProxyConnection@1178027755 wrapping com.mysql.cj.jdbc.ConnectionImpl@7e615c6a] will be managed by Spring
==>  Preparing: INSERT INTO `tb_post` (content, author_id, publish_at, last_update) VALUES (?, ?, ?, ?)
==> Parameters: 工作中的决策能力对于项目成功至关重要。(String), 61(Long), 2024-09-28T19:07:43.424738900(LocalDateTime), 2024-09-28T19:07:43.424738900(LocalDateTime)
<==    Updates: 1
Releasing transactional SqlSession [org.apache.ibatis.session.defaults.DefaultSqlSession@28ffa527]
Transaction synchronization committing SqlSession [org.apache.ibatis.session.defaults.DefaultSqlSession@28ffa527]
Transaction synchronization deregistering SqlSession [org.apache.ibatis.session.defaults.DefaultSqlSession@28ffa527]
Transaction synchronization closing SqlSession [org.apache.ibatis.session.defaults.DefaultSqlSession@28ffa527]
Creating a new SqlSession
Registering transaction synchronization for SqlSession [org.apache.ibatis.session.defaults.DefaultSqlSession@428e9be2]
JDBC Connection [HikariProxyConnection@656650448 wrapping com.mysql.cj.jdbc.ConnectionImpl@7e615c6a] will be managed by Spring
==>  Preparing: INSERT INTO `tb_post` (content, author_id, publish_at, last_update) VALUES (?, ?, ?, ?)
==> Parameters: 工作中的自我激励能够提高工作动力。(String), 34(Long), 2024-09-28T19:07:43.432205500(LocalDateTime), 2024-09-28T19:07:43.432205500(LocalDateTime)
<==    Updates: 1
Releasing transactional SqlSession [org.apache.ibatis.session.defaults.DefaultSqlSession@428e9be2]
Transaction synchronization committing SqlSession [org.apache.ibatis.session.defaults.DefaultSqlSession@428e9be2]
Transaction synchronization deregistering SqlSession [org.apache.ibatis.session.defaults.DefaultSqlSession@428e9be2]
Transaction synchronization closing SqlSession [org.apache.ibatis.session.defaults.DefaultSqlSession@428e9be2]
Creating a new SqlSession
Registering transaction synchronization for SqlSession [org.apache.ibatis.session.defaults.DefaultSqlSession@6de2344a]
JDBC Connection [HikariProxyConnection@418223232 wrapping com.mysql.cj.jdbc.ConnectionImpl@7e615c6a] will be managed by Spring
==>  Preparing: INSERT INTO `tb_post` (content, author_id, publish_at, last_update) VALUES (?, ?, ?, ?)
==> Parameters: 工作中的沟通技巧有助于解决冲突。(String), 24(Long), 2024-09-28T19:07:43.449846500(LocalDateTime), 2024-09-28T19:07:43.449846500(LocalDateTime)
<==    Updates: 1
Releasing transactional SqlSession [org.apache.ibatis.session.defaults.DefaultSqlSession@6de2344a]
Transaction synchronization committing SqlSession [org.apache.ibatis.session.defaults.DefaultSqlSession@6de2344a]
Transaction synchronization deregistering SqlSession [org.apache.ibatis.session.defaults.DefaultSqlSession@6de2344a]
Transaction synchronization closing SqlSession [org.apache.ibatis.session.defaults.DefaultSqlSession@6de2344a]
Creating a new SqlSession
Registering transaction synchronization for SqlSession [org.apache.ibatis.session.defaults.DefaultSqlSession@192b76a4]
JDBC Connection [HikariProxyConnection@815497540 wrapping com.mysql.cj.jdbc.ConnectionImpl@7e615c6a] will be managed by Spring
==>  Preparing: INSERT INTO `tb_post` (content, author_id, publish_at, last_update) VALUES (?, ?, ?, ?)
==> Parameters: 工作中的细节关注能够提升产品或服务质量。(String), 11(Long), 2024-09-28T19:07:43.459455800(LocalDateTime), 2024-09-28T19:07:43.459455800(LocalDateTime)
<==    Updates: 1
Releasing transactional SqlSession [org.apache.ibatis.session.defaults.DefaultSqlSession@192b76a4]
Transaction synchronization committing SqlSession [org.apache.ibatis.session.defaults.DefaultSqlSession@192b76a4]
Transaction synchronization deregistering SqlSession [org.apache.ibatis.session.defaults.DefaultSqlSession@192b76a4]
Transaction synchronization closing SqlSession [org.apache.ibatis.session.defaults.DefaultSqlSession@192b76a4]
Creating a new SqlSession
Registering transaction synchronization for SqlSession [org.apache.ibatis.session.defaults.DefaultSqlSession@6a9f8c2f]
JDBC Connection [HikariProxyConnection@979865152 wrapping com.mysql.cj.jdbc.ConnectionImpl@7e615c6a] will be managed by Spring
==>  Preparing: INSERT INTO `tb_post` (content, author_id, publish_at, last_update) VALUES (?, ?, ?, ?)
==> Parameters: 工作中的诚信是建立客户信任的基础。(String), 45(Long), 2024-09-28T19:07:43.463510900(LocalDateTime), 2024-09-28T19:07:43.463510900(LocalDateTime)
<==    Updates: 1
Releasing transactional SqlSession [org.apache.ibatis.session.defaults.DefaultSqlSession@6a9f8c2f]
Transaction synchronization committing SqlSession [org.apache.ibatis.session.defaults.DefaultSqlSession@6a9f8c2f]
Transaction synchronization deregistering SqlSession [org.apache.ibatis.session.defaults.DefaultSqlSession@6a9f8c2f]
Transaction synchronization closing SqlSession [org.apache.ibatis.session.defaults.DefaultSqlSession@6a9f8c2f]
Creating a new SqlSession
Registering transaction synchronization for SqlSession [org.apache.ibatis.session.defaults.DefaultSqlSession@27b84c9a]
JDBC Connection [HikariProxyConnection@1834041945 wrapping com.mysql.cj.jdbc.ConnectionImpl@7e615c6a] will be managed by Spring
==>  Preparing: INSERT INTO `tb_post` (content, author_id, publish_at, last_update) VALUES (?, ?, ?, ?)
==> Parameters: 工作中的组织能力有助于管理工作流程。(String), 51(Long), 2024-09-28T19:07:43.474590400(LocalDateTime), 2024-09-28T19:07:43.474590400(LocalDateTime)
<==    Updates: 1
Releasing transactional SqlSession [org.apache.ibatis.session.defaults.DefaultSqlSession@27b84c9a]
Transaction synchronization committing SqlSession [org.apache.ibatis.session.defaults.DefaultSqlSession@27b84c9a]
Transaction synchronization deregistering SqlSession [org.apache.ibatis.session.defaults.DefaultSqlSession@27b84c9a]
Transaction synchronization closing SqlSession [org.apache.ibatis.session.defaults.DefaultSqlSession@27b84c9a]
Creating a new SqlSession
Registering transaction synchronization for SqlSession [org.apache.ibatis.session.defaults.DefaultSqlSession@6d911985]
JDBC Connection [HikariProxyConnection@1886136102 wrapping com.mysql.cj.jdbc.ConnectionImpl@7e615c6a] will be managed by Spring
==>  Preparing: INSERT INTO `tb_post` (content, author_id, publish_at, last_update) VALUES (?, ?, ?, ?)
==> Parameters: 工作中的主动性能够带来新的机遇。(String), 25(Long), 2024-09-28T19:07:43.479671500(LocalDateTime), 2024-09-28T19:07:43.479671500(LocalDateTime)
<==    Updates: 1
Releasing transactional SqlSession [org.apache.ibatis.session.defaults.DefaultSqlSession@6d911985]
Transaction synchronization committing SqlSession [org.apache.ibatis.session.defaults.DefaultSqlSession@6d911985]
Transaction synchronization deregistering SqlSession [org.apache.ibatis.session.defaults.DefaultSqlSession@6d911985]
Transaction synchronization closing SqlSession [org.apache.ibatis.session.defaults.DefaultSqlSession@6d911985]
Creating a new SqlSession
Registering transaction synchronization for SqlSession [org.apache.ibatis.session.defaults.DefaultSqlSession@641255d1]
JDBC Connection [HikariProxyConnection@1947573705 wrapping com.mysql.cj.jdbc.ConnectionImpl@7e615c6a] will be managed by Spring
==>  Preparing: INSERT INTO `tb_post` (content, author_id, publish_at, last_update) VALUES (?, ?, ?, ?)
==> Parameters: 工作中的专注力能够提升工作效率。(String), 73(Long), 2024-09-28T19:07:43.489801(LocalDateTime), 2024-09-28T19:07:43.489801(LocalDateTime)
<==    Updates: 1
Releasing transactional SqlSession [org.apache.ibatis.session.defaults.DefaultSqlSession@641255d1]
Transaction synchronization committing SqlSession [org.apache.ibatis.session.defaults.DefaultSqlSession@641255d1]
Transaction synchronization deregistering SqlSession [org.apache.ibatis.session.defaults.DefaultSqlSession@641255d1]
Transaction synchronization closing SqlSession [org.apache.ibatis.session.defaults.DefaultSqlSession@641255d1]
Creating a new SqlSession
Registering transaction synchronization for SqlSession [org.apache.ibatis.session.defaults.DefaultSqlSession@600a1270]
JDBC Connection [HikariProxyConnection@686815807 wrapping com.mysql.cj.jdbc.ConnectionImpl@7e615c6a] will be managed by Spring
==>  Preparing: INSERT INTO `tb_post` (content, author_id, publish_at, last_update) VALUES (?, ?, ?, ?)
==> Parameters: 工作中的责任感能够增强团队合作。(String), 63(Long), 2024-09-28T19:07:43.499944400(LocalDateTime), 2024-09-28T19:07:43.499944400(LocalDateTime)
<==    Updates: 1
Releasing transactional SqlSession [org.apache.ibatis.session.defaults.DefaultSqlSession@600a1270]
Transaction synchronization committing SqlSession [org.apache.ibatis.session.defaults.DefaultSqlSession@600a1270]
Transaction synchronization deregistering SqlSession [org.apache.ibatis.session.defaults.DefaultSqlSession@600a1270]
Transaction synchronization closing SqlSession [org.apache.ibatis.session.defaults.DefaultSqlSession@600a1270]
Creating a new SqlSession
Registering transaction synchronization for SqlSession [org.apache.ibatis.session.defaults.DefaultSqlSession@5cef5fc9]
JDBC Connection [HikariProxyConnection@2070645994 wrapping com.mysql.cj.jdbc.ConnectionImpl@7e615c6a] will be managed by Spring
==>  Preparing: INSERT INTO `tb_post` (content, author_id, publish_at, last_update) VALUES (?, ?, ?, ?)
==> Parameters: 工作中的创新思维能够推动技术进步。(String), 32(Long), 2024-09-28T19:07:43.503001800(LocalDateTime), 2024-09-28T19:07:43.503001800(LocalDateTime)
<==    Updates: 1
Releasing transactional SqlSession [org.apache.ibatis.session.defaults.DefaultSqlSession@5cef5fc9]
Transaction synchronization committing SqlSession [org.apache.ibatis.session.defaults.DefaultSqlSession@5cef5fc9]
Transaction synchronization deregistering SqlSession [org.apache.ibatis.session.defaults.DefaultSqlSession@5cef5fc9]
Transaction synchronization closing SqlSession [org.apache.ibatis.session.defaults.DefaultSqlSession@5cef5fc9]
Creating a new SqlSession
Registering transaction synchronization for SqlSession [org.apache.ibatis.session.defaults.DefaultSqlSession@6d5fea64]
JDBC Connection [HikariProxyConnection@358049703 wrapping com.mysql.cj.jdbc.ConnectionImpl@7e615c6a] will be managed by Spring
==>  Preparing: INSERT INTO `tb_post` (content, author_id, publish_at, last_update) VALUES (?, ?, ?, ?)
==> Parameters: 工作中的领导力能够激发团队潜力。(String), 80(Long), 2024-09-28T19:07:43.509687400(LocalDateTime), 2024-09-28T19:07:43.509687400(LocalDateTime)
<==    Updates: 1
Releasing transactional SqlSession [org.apache.ibatis.session.defaults.DefaultSqlSession@6d5fea64]
Transaction synchronization committing SqlSession [org.apache.ibatis.session.defaults.DefaultSqlSession@6d5fea64]
Transaction synchronization deregistering SqlSession [org.apache.ibatis.session.defaults.DefaultSqlSession@6d5fea64]
Transaction synchronization closing SqlSession [org.apache.ibatis.session.defaults.DefaultSqlSession@6d5fea64]
Creating a new SqlSession
Registering transaction synchronization for SqlSession [org.apache.ibatis.session.defaults.DefaultSqlSession@2d26c6a2]
JDBC Connection [HikariProxyConnection@307868325 wrapping com.mysql.cj.jdbc.ConnectionImpl@7e615c6a] will be managed by Spring
==>  Preparing: INSERT INTO `tb_post` (content, author_id, publish_at, last_update) VALUES (?, ?, ?, ?)
==> Parameters: 工作中的适应性是面对市场变化的关键。(String), 77(Long), 2024-09-28T19:07:43.509687400(LocalDateTime), 2024-09-28T19:07:43.509687400(LocalDateTime)
<==    Updates: 1
Releasing transactional SqlSession [org.apache.ibatis.session.defaults.DefaultSqlSession@2d26c6a2]
Transaction synchronization committing SqlSession [org.apache.ibatis.session.defaults.DefaultSqlSession@2d26c6a2]
Transaction synchronization deregistering SqlSession [org.apache.ibatis.session.defaults.DefaultSqlSession@2d26c6a2]
Transaction synchronization closing SqlSession [org.apache.ibatis.session.defaults.DefaultSqlSession@2d26c6a2]
Creating a new SqlSession
Registering transaction synchronization for SqlSession [org.apache.ibatis.session.defaults.DefaultSqlSession@68303aad]
JDBC Connection [HikariProxyConnection@487246735 wrapping com.mysql.cj.jdbc.ConnectionImpl@7e615c6a] will be managed by Spring
==>  Preparing: INSERT INTO `tb_post` (content, author_id, publish_at, last_update) VALUES (?, ?, ?, ?)
==> Parameters: 工作中的自我驱动能够提升个人成就。(String), 18(Long), 2024-09-28T19:07:43.519998500(LocalDateTime), 2024-09-28T19:07:43.519998500(LocalDateTime)
<==    Updates: 1
Releasing transactional SqlSession [org.apache.ibatis.session.defaults.DefaultSqlSession@68303aad]
Transaction synchronization committing SqlSession [org.apache.ibatis.session.defaults.DefaultSqlSession@68303aad]
Transaction synchronization deregistering SqlSession [org.apache.ibatis.session.defaults.DefaultSqlSession@68303aad]
Transaction synchronization closing SqlSession [org.apache.ibatis.session.defaults.DefaultSqlSession@68303aad]
Creating a new SqlSession
Registering transaction synchronization for SqlSession [org.apache.ibatis.session.defaults.DefaultSqlSession@2f3565c0]
JDBC Connection [HikariProxyConnection@1529335869 wrapping com.mysql.cj.jdbc.ConnectionImpl@7e615c6a] will be managed by Spring
==>  Preparing: INSERT INTO `tb_post` (content, author_id, publish_at, last_update) VALUES (?, ?, ?, ?)
==> Parameters: 工作中的团队协作能够实现共同目标。(String), 66(Long), 2024-09-28T19:07:43.519998500(LocalDateTime), 2024-09-28T19:07:43.519998500(LocalDateTime)
<==    Updates: 1
Releasing transactional SqlSession [org.apache.ibatis.session.defaults.DefaultSqlSession@2f3565c0]
Transaction synchronization committing SqlSession [org.apache.ibatis.session.defaults.DefaultSqlSession@2f3565c0]
Transaction synchronization deregistering SqlSession [org.apache.ibatis.session.defaults.DefaultSqlSession@2f3565c0]
Transaction synchronization closing SqlSession [org.apache.ibatis.session.defaults.DefaultSqlSession@2f3565c0]
Creating a new SqlSession
Registering transaction synchronization for SqlSession [org.apache.ibatis.session.defaults.DefaultSqlSession@4cc28ad0]
JDBC Connection [HikariProxyConnection@686850477 wrapping com.mysql.cj.jdbc.ConnectionImpl@7e615c6a] will be managed by Spring
==>  Preparing: INSERT INTO `tb_post` (content, author_id, publish_at, last_update) VALUES (?, ?, ?, ?)
==> Parameters: 工作中的沟通能力是建立良好关系的基础。(String), 74(Long), 2024-09-28T19:07:43.529866900(LocalDateTime), 2024-09-28T19:07:43.529866900(LocalDateTime)
<==    Updates: 1
Releasing transactional SqlSession [org.apache.ibatis.session.defaults.DefaultSqlSession@4cc28ad0]
Transaction synchronization committing SqlSession [org.apache.ibatis.session.defaults.DefaultSqlSession@4cc28ad0]
Transaction synchronization deregistering SqlSession [org.apache.ibatis.session.defaults.DefaultSqlSession@4cc28ad0]
Transaction synchronization closing SqlSession [org.apache.ibatis.session.defaults.DefaultSqlSession@4cc28ad0]
Creating a new SqlSession
Registering transaction synchronization for SqlSession [org.apache.ibatis.session.defaults.DefaultSqlSession@2ffaa711]
JDBC Connection [HikariProxyConnection@872890697 wrapping com.mysql.cj.jdbc.ConnectionImpl@7e615c6a] will be managed by Spring
==>  Preparing: INSERT INTO `tb_post` (content, author_id, publish_at, last_update) VALUES (?, ?, ?, ?)
==> Parameters: 工作中的目标导向有助于保持工作方向。(String), 91(Long), 2024-09-28T19:07:43.529866900(LocalDateTime), 2024-09-28T19:07:43.529866900(LocalDateTime)
<==    Updates: 1
Releasing transactional SqlSession [org.apache.ibatis.session.defaults.DefaultSqlSession@2ffaa711]
Transaction synchronization committing SqlSession [org.apache.ibatis.session.defaults.DefaultSqlSession@2ffaa711]
Transaction synchronization deregistering SqlSession [org.apache.ibatis.session.defaults.DefaultSqlSession@2ffaa711]
Transaction synchronization closing SqlSession [org.apache.ibatis.session.defaults.DefaultSqlSession@2ffaa711]
Creating a new SqlSession
Registering transaction synchronization for SqlSession [org.apache.ibatis.session.defaults.DefaultSqlSession@1b83fac3]
JDBC Connection [HikariProxyConnection@1973179365 wrapping com.mysql.cj.jdbc.ConnectionImpl@7e615c6a] will be managed by Spring
==>  Preparing: INSERT INTO `tb_post` (content, author_id, publish_at, last_update) VALUES (?, ?, ?, ?)
==> Parameters: 工作中的自我提升是职业发展的关键。(String), 32(Long), 2024-09-28T19:07:43.539679(LocalDateTime), 2024-09-28T19:07:43.539679(LocalDateTime)
<==    Updates: 1
Releasing transactional SqlSession [org.apache.ibatis.session.defaults.DefaultSqlSession@1b83fac3]
Transaction synchronization committing SqlSession [org.apache.ibatis.session.defaults.DefaultSqlSession@1b83fac3]
Transaction synchronization deregistering SqlSession [org.apache.ibatis.session.defaults.DefaultSqlSession@1b83fac3]
Transaction synchronization closing SqlSession [org.apache.ibatis.session.defaults.DefaultSqlSession@1b83fac3]
Creating a new SqlSession
Registering transaction synchronization for SqlSession [org.apache.ibatis.session.defaults.DefaultSqlSession@3e7fc07e]
JDBC Connection [HikariProxyConnection@442627636 wrapping com.mysql.cj.jdbc.ConnectionImpl@7e615c6a] will be managed by Spring
==>  Preparing: INSERT INTO `tb_post` (content, author_id, publish_at, last_update) VALUES (?, ?, ?, ?)
==> Parameters: 工作中的批判性思维有助于优化流程。(String), 13(Long), 2024-09-28T19:07:43.549965(LocalDateTime), 2024-09-28T19:07:43.549965(LocalDateTime)
<==    Updates: 1
Releasing transactional SqlSession [org.apache.ibatis.session.defaults.DefaultSqlSession@3e7fc07e]
Transaction synchronization committing SqlSession [org.apache.ibatis.session.defaults.DefaultSqlSession@3e7fc07e]
Transaction synchronization deregistering SqlSession [org.apache.ibatis.session.defaults.DefaultSqlSession@3e7fc07e]
Transaction synchronization closing SqlSession [org.apache.ibatis.session.defaults.DefaultSqlSession@3e7fc07e]
Creating a new SqlSession
Registering transaction synchronization for SqlSession [org.apache.ibatis.session.defaults.DefaultSqlSession@147892be]
JDBC Connection [HikariProxyConnection@892589968 wrapping com.mysql.cj.jdbc.ConnectionImpl@7e615c6a] will be managed by Spring
==>  Preparing: INSERT INTO `tb_post` (content, author_id, publish_at, last_update) VALUES (?, ?, ?, ?)
==> Parameters: 工作中的细致观察能够发现潜在问题。(String), 50(Long), 2024-09-28T19:07:43.549965(LocalDateTime), 2024-09-28T19:07:43.549965(LocalDateTime)
<==    Updates: 1
Releasing transactional SqlSession [org.apache.ibatis.session.defaults.DefaultSqlSession@147892be]
Transaction synchronization committing SqlSession [org.apache.ibatis.session.defaults.DefaultSqlSession@147892be]
Transaction synchronization deregistering SqlSession [org.apache.ibatis.session.defaults.DefaultSqlSession@147892be]
Transaction synchronization closing SqlSession [org.apache.ibatis.session.defaults.DefaultSqlSession@147892be]
Creating a new SqlSession
Registering transaction synchronization for SqlSession [org.apache.ibatis.session.defaults.DefaultSqlSession@1a3a6216]
JDBC Connection [HikariProxyConnection@501455043 wrapping com.mysql.cj.jdbc.ConnectionImpl@7e615c6a] will be managed by Spring
==>  Preparing: INSERT INTO `tb_post` (content, author_id, publish_at, last_update) VALUES (?, ?, ?, ?)
==> Parameters: 工作中的积极反馈能够激励团队成员。(String), 32(Long), 2024-09-28T19:07:43.559851300(LocalDateTime), 2024-09-28T19:07:43.559851300(LocalDateTime)
<==    Updates: 1
Releasing transactional SqlSession [org.apache.ibatis.session.defaults.DefaultSqlSession@1a3a6216]
Transaction synchronization committing SqlSession [org.apache.ibatis.session.defaults.DefaultSqlSession@1a3a6216]
Transaction synchronization deregistering SqlSession [org.apache.ibatis.session.defaults.DefaultSqlSession@1a3a6216]
Transaction synchronization closing SqlSession [org.apache.ibatis.session.defaults.DefaultSqlSession@1a3a6216]
Creating a new SqlSession
Registering transaction synchronization for SqlSession [org.apache.ibatis.session.defaults.DefaultSqlSession@377d55]
JDBC Connection [HikariProxyConnection@519562439 wrapping com.mysql.cj.jdbc.ConnectionImpl@7e615c6a] will be managed by Spring
==>  Preparing: INSERT INTO `tb_post` (content, author_id, publish_at, last_update) VALUES (?, ?, ?, ?)
==> Parameters: 工作中的领导力能够引导团队前进。(String), 89(Long), 2024-09-28T19:07:43.569579800(LocalDateTime), 2024-09-28T19:07:43.569579800(LocalDateTime)
<==    Updates: 1
Releasing transactional SqlSession [org.apache.ibatis.session.defaults.DefaultSqlSession@377d55]
Transaction synchronization committing SqlSession [org.apache.ibatis.session.defaults.DefaultSqlSession@377d55]
Transaction synchronization deregistering SqlSession [org.apache.ibatis.session.defaults.DefaultSqlSession@377d55]
Transaction synchronization closing SqlSession [org.apache.ibatis.session.defaults.DefaultSqlSession@377d55]
Creating a new SqlSession
Registering transaction synchronization for SqlSession [org.apache.ibatis.session.defaults.DefaultSqlSession@73476e2d]
JDBC Connection [HikariProxyConnection@1790372915 wrapping com.mysql.cj.jdbc.ConnectionImpl@7e615c6a] will be managed by Spring
==>  Preparing: INSERT INTO `tb_post` (content, author_id, publish_at, last_update) VALUES (?, ?, ?, ?)
==> Parameters: 今天的天空格外晴朗，仿佛预示着美好的一天。(String), 62(Long), 2024-09-28T19:07:43.579830500(LocalDateTime), 2024-09-28T19:07:43.579830500(LocalDateTime)
<==    Updates: 1
Releasing transactional SqlSession [org.apache.ibatis.session.defaults.DefaultSqlSession@73476e2d]
Transaction synchronization committing SqlSession [org.apache.ibatis.session.defaults.DefaultSqlSession@73476e2d]
Transaction synchronization deregistering SqlSession [org.apache.ibatis.session.defaults.DefaultSqlSession@73476e2d]
Transaction synchronization closing SqlSession [org.apache.ibatis.session.defaults.DefaultSqlSession@73476e2d]
Creating a new SqlSession
Registering transaction synchronization for SqlSession [org.apache.ibatis.session.defaults.DefaultSqlSession@78839c2e]
JDBC Connection [HikariProxyConnection@939294268 wrapping com.mysql.cj.jdbc.ConnectionImpl@7e615c6a] will be managed by Spring
==>  Preparing: INSERT INTO `tb_post` (content, author_id, publish_at, last_update) VALUES (?, ?, ?, ?)
==> Parameters: 在忙碌的工作中找到属于自己的小确幸。(String), 77(Long), 2024-09-28T19:07:43.589863100(LocalDateTime), 2024-09-28T19:07:43.589863100(LocalDateTime)
<==    Updates: 1
Releasing transactional SqlSession [org.apache.ibatis.session.defaults.DefaultSqlSession@78839c2e]
Transaction synchronization committing SqlSession [org.apache.ibatis.session.defaults.DefaultSqlSession@78839c2e]
Transaction synchronization deregistering SqlSession [org.apache.ibatis.session.defaults.DefaultSqlSession@78839c2e]
Transaction synchronization closing SqlSession [org.apache.ibatis.session.defaults.DefaultSqlSession@78839c2e]
Creating a new SqlSession
Registering transaction synchronization for SqlSession [org.apache.ibatis.session.defaults.DefaultSqlSession@14764fdd]
JDBC Connection [HikariProxyConnection@1776875429 wrapping com.mysql.cj.jdbc.ConnectionImpl@7e615c6a] will be managed by Spring
==>  Preparing: INSERT INTO `tb_post` (content, author_id, publish_at, last_update) VALUES (?, ?, ?, ?)
==> Parameters: 周末的咖啡时光，是我最享受的悠闲时刻。(String), 54(Long), 2024-09-28T19:07:43.600008800(LocalDateTime), 2024-09-28T19:07:43.600008800(LocalDateTime)
<==    Updates: 1
Releasing transactional SqlSession [org.apache.ibatis.session.defaults.DefaultSqlSession@14764fdd]
Transaction synchronization committing SqlSession [org.apache.ibatis.session.defaults.DefaultSqlSession@14764fdd]
Transaction synchronization deregistering SqlSession [org.apache.ibatis.session.defaults.DefaultSqlSession@14764fdd]
Transaction synchronization closing SqlSession [org.apache.ibatis.session.defaults.DefaultSqlSession@14764fdd]
Creating a new SqlSession
Registering transaction synchronization for SqlSession [org.apache.ibatis.session.defaults.DefaultSqlSession@85b9f9c]
JDBC Connection [HikariProxyConnection@728386983 wrapping com.mysql.cj.jdbc.ConnectionImpl@7e615c6a] will be managed by Spring
==>  Preparing: INSERT INTO `tb_post` (content, author_id, publish_at, last_update) VALUES (?, ?, ?, ?)
==> Parameters: 阅读一本好书，就像是与智者对话。(String), 18(Long), 2024-09-28T19:07:43.609724200(LocalDateTime), 2024-09-28T19:07:43.609724200(LocalDateTime)
<==    Updates: 1
Releasing transactional SqlSession [org.apache.ibatis.session.defaults.DefaultSqlSession@85b9f9c]
Transaction synchronization committing SqlSession [org.apache.ibatis.session.defaults.DefaultSqlSession@85b9f9c]
Transaction synchronization deregistering SqlSession [org.apache.ibatis.session.defaults.DefaultSqlSession@85b9f9c]
Transaction synchronization closing SqlSession [org.apache.ibatis.session.defaults.DefaultSqlSession@85b9f9c]
Creating a new SqlSession
Registering transaction synchronization for SqlSession [org.apache.ibatis.session.defaults.DefaultSqlSession@7e484bd]
JDBC Connection [HikariProxyConnection@1040580772 wrapping com.mysql.cj.jdbc.ConnectionImpl@7e615c6a] will be managed by Spring
==>  Preparing: INSERT INTO `tb_post` (content, author_id, publish_at, last_update) VALUES (?, ?, ?, ?)
==> Parameters: 健身后的成就感，是任何语言都无法形容的。(String), 63(Long), 2024-09-28T19:07:43.619758100(LocalDateTime), 2024-09-28T19:07:43.619758100(LocalDateTime)
<==    Updates: 1
Releasing transactional SqlSession [org.apache.ibatis.session.defaults.DefaultSqlSession@7e484bd]
Transaction synchronization committing SqlSession [org.apache.ibatis.session.defaults.DefaultSqlSession@7e484bd]
Transaction synchronization deregistering SqlSession [org.apache.ibatis.session.defaults.DefaultSqlSession@7e484bd]
Transaction synchronization closing SqlSession [org.apache.ibatis.session.defaults.DefaultSqlSession@7e484bd]
Creating a new SqlSession
Registering transaction synchronization for SqlSession [org.apache.ibatis.session.defaults.DefaultSqlSession@3ef4a8fb]
JDBC Connection [HikariProxyConnection@249270028 wrapping com.mysql.cj.jdbc.ConnectionImpl@7e615c6a] will be managed by Spring
==>  Preparing: INSERT INTO `tb_post` (content, author_id, publish_at, last_update) VALUES (?, ?, ?, ?)
==> Parameters: 探索新食谱，让每一餐都充满惊喜。(String), 45(Long), 2024-09-28T19:07:43.629926300(LocalDateTime), 2024-09-28T19:07:43.629926300(LocalDateTime)
<==    Updates: 1
Releasing transactional SqlSession [org.apache.ibatis.session.defaults.DefaultSqlSession@3ef4a8fb]
Transaction synchronization committing SqlSession [org.apache.ibatis.session.defaults.DefaultSqlSession@3ef4a8fb]
Transaction synchronization deregistering SqlSession [org.apache.ibatis.session.defaults.DefaultSqlSession@3ef4a8fb]
Transaction synchronization closing SqlSession [org.apache.ibatis.session.defaults.DefaultSqlSession@3ef4a8fb]
Creating a new SqlSession
Registering transaction synchronization for SqlSession [org.apache.ibatis.session.defaults.DefaultSqlSession@613f48de]
JDBC Connection [HikariProxyConnection@226972126 wrapping com.mysql.cj.jdbc.ConnectionImpl@7e615c6a] will be managed by Spring
==>  Preparing: INSERT INTO `tb_post` (content, author_id, publish_at, last_update) VALUES (?, ?, ?, ?)
==> Parameters: 与老朋友的聚会，总是充满欢笑和温馨。(String), 36(Long), 2024-09-28T19:07:43.639932700(LocalDateTime), 2024-09-28T19:07:43.639932700(LocalDateTime)
<==    Updates: 1
Releasing transactional SqlSession [org.apache.ibatis.session.defaults.DefaultSqlSession@613f48de]
Transaction synchronization committing SqlSession [org.apache.ibatis.session.defaults.DefaultSqlSession@613f48de]
Transaction synchronization deregistering SqlSession [org.apache.ibatis.session.defaults.DefaultSqlSession@613f48de]
Transaction synchronization closing SqlSession [org.apache.ibatis.session.defaults.DefaultSqlSession@613f48de]
Creating a new SqlSession
Registering transaction synchronization for SqlSession [org.apache.ibatis.session.defaults.DefaultSqlSession@360e4235]
JDBC Connection [HikariProxyConnection@1640383742 wrapping com.mysql.cj.jdbc.ConnectionImpl@7e615c6a] will be managed by Spring
==>  Preparing: INSERT INTO `tb_post` (content, author_id, publish_at, last_update) VALUES (?, ?, ?, ?)
==> Parameters: 在艺术展览中，我找到了灵感的源泉。(String), 20(Long), 2024-09-28T19:07:43.649738100(LocalDateTime), 2024-09-28T19:07:43.649738100(LocalDateTime)
<==    Updates: 1
Releasing transactional SqlSession [org.apache.ibatis.session.defaults.DefaultSqlSession@360e4235]
Transaction synchronization committing SqlSession [org.apache.ibatis.session.defaults.DefaultSqlSession@360e4235]
Transaction synchronization deregistering SqlSession [org.apache.ibatis.session.defaults.DefaultSqlSession@360e4235]
Transaction synchronization closing SqlSession [org.apache.ibatis.session.defaults.DefaultSqlSession@360e4235]
Creating a new SqlSession
Registering transaction synchronization for SqlSession [org.apache.ibatis.session.defaults.DefaultSqlSession@4eb3b690]
JDBC Connection [HikariProxyConnection@1153269540 wrapping com.mysql.cj.jdbc.ConnectionImpl@7e615c6a] will be managed by Spring
==>  Preparing: INSERT INTO `tb_post` (content, author_id, publish_at, last_update) VALUES (?, ?, ?, ?)
==> Parameters: 自然中的每一次徒步，都是心灵的洗礼。(String), 85(Long), 2024-09-28T19:07:43.659929600(LocalDateTime), 2024-09-28T19:07:43.659929600(LocalDateTime)
<==    Updates: 1
Releasing transactional SqlSession [org.apache.ibatis.session.defaults.DefaultSqlSession@4eb3b690]
Transaction synchronization committing SqlSession [org.apache.ibatis.session.defaults.DefaultSqlSession@4eb3b690]
Transaction synchronization deregistering SqlSession [org.apache.ibatis.session.defaults.DefaultSqlSession@4eb3b690]
Transaction synchronization closing SqlSession [org.apache.ibatis.session.defaults.DefaultSqlSession@4eb3b690]
Creating a new SqlSession
Registering transaction synchronization for SqlSession [org.apache.ibatis.session.defaults.DefaultSqlSession@47f4dc8d]
JDBC Connection [HikariProxyConnection@1937855448 wrapping com.mysql.cj.jdbc.ConnectionImpl@7e615c6a] will be managed by Spring
==>  Preparing: INSERT INTO `tb_post` (content, author_id, publish_at, last_update) VALUES (?, ?, ?, ?)
==> Parameters: 学习新语言，打开通往新世界的大门。(String), 34(Long), 2024-09-28T19:07:43.669495700(LocalDateTime), 2024-09-28T19:07:43.669495700(LocalDateTime)
<==    Updates: 1
Releasing transactional SqlSession [org.apache.ibatis.session.defaults.DefaultSqlSession@47f4dc8d]
Transaction synchronization committing SqlSession [org.apache.ibatis.session.defaults.DefaultSqlSession@47f4dc8d]
Transaction synchronization deregistering SqlSession [org.apache.ibatis.session.defaults.DefaultSqlSession@47f4dc8d]
Transaction synchronization closing SqlSession [org.apache.ibatis.session.defaults.DefaultSqlSession@47f4dc8d]
Creating a new SqlSession
Registering transaction synchronization for SqlSession [org.apache.ibatis.session.defaults.DefaultSqlSession@6db2a260]
JDBC Connection [HikariProxyConnection@502851205 wrapping com.mysql.cj.jdbc.ConnectionImpl@7e615c6a] will be managed by Spring
==>  Preparing: INSERT INTO `tb_post` (content, author_id, publish_at, last_update) VALUES (?, ?, ?, ?)
==> Parameters: 在博物馆中，历史仿佛触手可及。(String), 73(Long), 2024-09-28T19:07:43.679807600(LocalDateTime), 2024-09-28T19:07:43.679807600(LocalDateTime)
<==    Updates: 1
Releasing transactional SqlSession [org.apache.ibatis.session.defaults.DefaultSqlSession@6db2a260]
Transaction synchronization committing SqlSession [org.apache.ibatis.session.defaults.DefaultSqlSession@6db2a260]
Transaction synchronization deregistering SqlSession [org.apache.ibatis.session.defaults.DefaultSqlSession@6db2a260]
Transaction synchronization closing SqlSession [org.apache.ibatis.session.defaults.DefaultSqlSession@6db2a260]
Creating a new SqlSession
Registering transaction synchronization for SqlSession [org.apache.ibatis.session.defaults.DefaultSqlSession@35d62807]
JDBC Connection [HikariProxyConnection@115804257 wrapping com.mysql.cj.jdbc.ConnectionImpl@7e615c6a] will be managed by Spring
==>  Preparing: INSERT INTO `tb_post` (content, author_id, publish_at, last_update) VALUES (?, ?, ?, ?)
==> Parameters: 每一次旅行，都是一次心灵的冒险。(String), 38(Long), 2024-09-28T19:07:43.689754700(LocalDateTime), 2024-09-28T19:07:43.689754700(LocalDateTime)
<==    Updates: 1
Releasing transactional SqlSession [org.apache.ibatis.session.defaults.DefaultSqlSession@35d62807]
Transaction synchronization committing SqlSession [org.apache.ibatis.session.defaults.DefaultSqlSession@35d62807]
Transaction synchronization deregistering SqlSession [org.apache.ibatis.session.defaults.DefaultSqlSession@35d62807]
Transaction synchronization closing SqlSession [org.apache.ibatis.session.defaults.DefaultSqlSession@35d62807]
Creating a new SqlSession
Registering transaction synchronization for SqlSession [org.apache.ibatis.session.defaults.DefaultSqlSession@3514df8d]
JDBC Connection [HikariProxyConnection@737301055 wrapping com.mysql.cj.jdbc.ConnectionImpl@7e615c6a] will be managed by Spring
==>  Preparing: INSERT INTO `tb_post` (content, author_id, publish_at, last_update) VALUES (?, ?, ?, ?)
==> Parameters: 在音乐中，我找到了内心的平静。(String), 51(Long), 2024-09-28T19:07:43.703069700(LocalDateTime), 2024-09-28T19:07:43.703069700(LocalDateTime)
<==    Updates: 1
Releasing transactional SqlSession [org.apache.ibatis.session.defaults.DefaultSqlSession@3514df8d]
Transaction synchronization committing SqlSession [org.apache.ibatis.session.defaults.DefaultSqlSession@3514df8d]
Transaction synchronization deregistering SqlSession [org.apache.ibatis.session.defaults.DefaultSqlSession@3514df8d]
Transaction synchronization closing SqlSession [org.apache.ibatis.session.defaults.DefaultSqlSession@3514df8d]
Creating a new SqlSession
Registering transaction synchronization for SqlSession [org.apache.ibatis.session.defaults.DefaultSqlSession@7004cd44]
JDBC Connection [HikariProxyConnection@1299436497 wrapping com.mysql.cj.jdbc.ConnectionImpl@7e615c6a] will be managed by Spring
==>  Preparing: INSERT INTO `tb_post` (content, author_id, publish_at, last_update) VALUES (?, ?, ?, ?)
==> Parameters: 家庭的温馨，是无可替代的幸福。(String), 89(Long), 2024-09-28T19:07:43.709705(LocalDateTime), 2024-09-28T19:07:43.709705(LocalDateTime)
<==    Updates: 1
Releasing transactional SqlSession [org.apache.ibatis.session.defaults.DefaultSqlSession@7004cd44]
Transaction synchronization committing SqlSession [org.apache.ibatis.session.defaults.DefaultSqlSession@7004cd44]
Transaction synchronization deregistering SqlSession [org.apache.ibatis.session.defaults.DefaultSqlSession@7004cd44]
Transaction synchronization closing SqlSession [org.apache.ibatis.session.defaults.DefaultSqlSession@7004cd44]
Creating a new SqlSession
Registering transaction synchronization for SqlSession [org.apache.ibatis.session.defaults.DefaultSqlSession@6f076c53]
JDBC Connection [HikariProxyConnection@1262168655 wrapping com.mysql.cj.jdbc.ConnectionImpl@7e615c6a] will be managed by Spring
==>  Preparing: INSERT INTO `tb_post` (content, author_id, publish_at, last_update) VALUES (?, ?, ?, ?)
==> Parameters: 在志愿服务中，我体会到了给予的快乐。(String), 60(Long), 2024-09-28T19:07:43.719827500(LocalDateTime), 2024-09-28T19:07:43.719827500(LocalDateTime)
<==    Updates: 1
Releasing transactional SqlSession [org.apache.ibatis.session.defaults.DefaultSqlSession@6f076c53]
Transaction synchronization committing SqlSession [org.apache.ibatis.session.defaults.DefaultSqlSession@6f076c53]
Transaction synchronization deregistering SqlSession [org.apache.ibatis.session.defaults.DefaultSqlSession@6f076c53]
Transaction synchronization closing SqlSession [org.apache.ibatis.session.defaults.DefaultSqlSession@6f076c53]
Creating a new SqlSession
Registering transaction synchronization for SqlSession [org.apache.ibatis.session.defaults.DefaultSqlSession@8cd2bb5]
JDBC Connection [HikariProxyConnection@1100926586 wrapping com.mysql.cj.jdbc.ConnectionImpl@7e615c6a] will be managed by Spring
==>  Preparing: INSERT INTO `tb_post` (content, author_id, publish_at, last_update) VALUES (?, ?, ?, ?)
==> Parameters: 科技的每一次进步，都让我对未来充满期待。(String), 94(Long), 2024-09-28T19:07:43.719827500(LocalDateTime), 2024-09-28T19:07:43.719827500(LocalDateTime)
<==    Updates: 1
Releasing transactional SqlSession [org.apache.ibatis.session.defaults.DefaultSqlSession@8cd2bb5]
Transaction synchronization committing SqlSession [org.apache.ibatis.session.defaults.DefaultSqlSession@8cd2bb5]
Transaction synchronization deregistering SqlSession [org.apache.ibatis.session.defaults.DefaultSqlSession@8cd2bb5]
Transaction synchronization closing SqlSession [org.apache.ibatis.session.defaults.DefaultSqlSession@8cd2bb5]
Creating a new SqlSession
Registering transaction synchronization for SqlSession [org.apache.ibatis.session.defaults.DefaultSqlSession@91c11b6]
JDBC Connection [HikariProxyConnection@503144483 wrapping com.mysql.cj.jdbc.ConnectionImpl@7e615c6a] will be managed by Spring
==>  Preparing: INSERT INTO `tb_post` (content, author_id, publish_at, last_update) VALUES (?, ?, ?, ?)
==> Parameters: 在花园中，我与自然和谐共处。(String), 77(Long), 2024-09-28T19:07:43.730055700(LocalDateTime), 2024-09-28T19:07:43.730055700(LocalDateTime)
<==    Updates: 1
Releasing transactional SqlSession [org.apache.ibatis.session.defaults.DefaultSqlSession@91c11b6]
Transaction synchronization committing SqlSession [org.apache.ibatis.session.defaults.DefaultSqlSession@91c11b6]
Transaction synchronization deregistering SqlSession [org.apache.ibatis.session.defaults.DefaultSqlSession@91c11b6]
Transaction synchronization closing SqlSession [org.apache.ibatis.session.defaults.DefaultSqlSession@91c11b6]
Creating a new SqlSession
Registering transaction synchronization for SqlSession [org.apache.ibatis.session.defaults.DefaultSqlSession@37ad818e]
JDBC Connection [HikariProxyConnection@975733206 wrapping com.mysql.cj.jdbc.ConnectionImpl@7e615c6a] will be managed by Spring
==>  Preparing: INSERT INTO `tb_post` (content, author_id, publish_at, last_update) VALUES (?, ?, ?, ?)
==> Parameters: 每一次日落，都是大自然的绝美画作。(String), 64(Long), 2024-09-28T19:07:43.730055700(LocalDateTime), 2024-09-28T19:07:43.730055700(LocalDateTime)
<==    Updates: 1
Releasing transactional SqlSession [org.apache.ibatis.session.defaults.DefaultSqlSession@37ad818e]
Transaction synchronization committing SqlSession [org.apache.ibatis.session.defaults.DefaultSqlSession@37ad818e]
Transaction synchronization deregistering SqlSession [org.apache.ibatis.session.defaults.DefaultSqlSession@37ad818e]
Transaction synchronization closing SqlSession [org.apache.ibatis.session.defaults.DefaultSqlSession@37ad818e]
Creating a new SqlSession
Registering transaction synchronization for SqlSession [org.apache.ibatis.session.defaults.DefaultSqlSession@4b9dd787]
JDBC Connection [HikariProxyConnection@1560339214 wrapping com.mysql.cj.jdbc.ConnectionImpl@7e615c6a] will be managed by Spring
==>  Preparing: INSERT INTO `tb_post` (content, author_id, publish_at, last_update) VALUES (?, ?, ?, ?)
==> Parameters: 在烹饪中，我找到了创造的乐趣。(String), 15(Long), 2024-09-28T19:07:43.739751(LocalDateTime), 2024-09-28T19:07:43.739751(LocalDateTime)
<==    Updates: 1
Releasing transactional SqlSession [org.apache.ibatis.session.defaults.DefaultSqlSession@4b9dd787]
Transaction synchronization committing SqlSession [org.apache.ibatis.session.defaults.DefaultSqlSession@4b9dd787]
Transaction synchronization deregistering SqlSession [org.apache.ibatis.session.defaults.DefaultSqlSession@4b9dd787]
Transaction synchronization closing SqlSession [org.apache.ibatis.session.defaults.DefaultSqlSession@4b9dd787]
Creating a new SqlSession
Registering transaction synchronization for SqlSession [org.apache.ibatis.session.defaults.DefaultSqlSession@2ced7cf]
JDBC Connection [HikariProxyConnection@100984998 wrapping com.mysql.cj.jdbc.ConnectionImpl@7e615c6a] will be managed by Spring
==>  Preparing: INSERT INTO `tb_post` (content, author_id, publish_at, last_update) VALUES (?, ?, ?, ?)
==> Parameters: 在瑜伽中，我学会了身心的平衡。(String), 13(Long), 2024-09-28T19:07:43.739751(LocalDateTime), 2024-09-28T19:07:43.739751(LocalDateTime)
<==    Updates: 1
Releasing transactional SqlSession [org.apache.ibatis.session.defaults.DefaultSqlSession@2ced7cf]
Transaction synchronization committing SqlSession [org.apache.ibatis.session.defaults.DefaultSqlSession@2ced7cf]
Transaction synchronization deregistering SqlSession [org.apache.ibatis.session.defaults.DefaultSqlSession@2ced7cf]
Transaction synchronization closing SqlSession [org.apache.ibatis.session.defaults.DefaultSqlSession@2ced7cf]
Creating a new SqlSession
Registering transaction synchronization for SqlSession [org.apache.ibatis.session.defaults.DefaultSqlSession@1516f497]
JDBC Connection [HikariProxyConnection@1293962032 wrapping com.mysql.cj.jdbc.ConnectionImpl@7e615c6a] will be managed by Spring
==>  Preparing: INSERT INTO `tb_post` (content, author_id, publish_at, last_update) VALUES (?, ?, ?, ?)
==> Parameters: 在摄影中，我捕捉了时间的瞬间。(String), 51(Long), 2024-09-28T19:07:43.749771800(LocalDateTime), 2024-09-28T19:07:43.749771800(LocalDateTime)
<==    Updates: 1
Releasing transactional SqlSession [org.apache.ibatis.session.defaults.DefaultSqlSession@1516f497]
Transaction synchronization committing SqlSession [org.apache.ibatis.session.defaults.DefaultSqlSession@1516f497]
Transaction synchronization deregistering SqlSession [org.apache.ibatis.session.defaults.DefaultSqlSession@1516f497]
Transaction synchronization closing SqlSession [org.apache.ibatis.session.defaults.DefaultSqlSession@1516f497]
Creating a new SqlSession
Registering transaction synchronization for SqlSession [org.apache.ibatis.session.defaults.DefaultSqlSession@439b0198]
JDBC Connection [HikariProxyConnection@1817055696 wrapping com.mysql.cj.jdbc.ConnectionImpl@7e615c6a] will be managed by Spring
==>  Preparing: INSERT INTO `tb_post` (content, author_id, publish_at, last_update) VALUES (?, ?, ?, ?)
==> Parameters: 在写作中，我记录了生活的点滴。(String), 30(Long), 2024-09-28T19:07:43.760058300(LocalDateTime), 2024-09-28T19:07:43.760058300(LocalDateTime)
<==    Updates: 1
Releasing transactional SqlSession [org.apache.ibatis.session.defaults.DefaultSqlSession@439b0198]
Transaction synchronization committing SqlSession [org.apache.ibatis.session.defaults.DefaultSqlSession@439b0198]
Transaction synchronization deregistering SqlSession [org.apache.ibatis.session.defaults.DefaultSqlSession@439b0198]
Transaction synchronization closing SqlSession [org.apache.ibatis.session.defaults.DefaultSqlSession@439b0198]
Creating a new SqlSession
Registering transaction synchronization for SqlSession [org.apache.ibatis.session.defaults.DefaultSqlSession@5390862e]
JDBC Connection [HikariProxyConnection@583057596 wrapping com.mysql.cj.jdbc.ConnectionImpl@7e615c6a] will be managed by Spring
==>  Preparing: INSERT INTO `tb_post` (content, author_id, publish_at, last_update) VALUES (?, ?, ?, ?)
==> Parameters: 在绘画中，我表达了内心的情感。(String), 59(Long), 2024-09-28T19:07:43.760058300(LocalDateTime), 2024-09-28T19:07:43.760058300(LocalDateTime)
<==    Updates: 1
Releasing transactional SqlSession [org.apache.ibatis.session.defaults.DefaultSqlSession@5390862e]
Transaction synchronization committing SqlSession [org.apache.ibatis.session.defaults.DefaultSqlSession@5390862e]
Transaction synchronization deregistering SqlSession [org.apache.ibatis.session.defaults.DefaultSqlSession@5390862e]
Transaction synchronization closing SqlSession [org.apache.ibatis.session.defaults.DefaultSqlSession@5390862e]
Creating a new SqlSession
Registering transaction synchronization for SqlSession [org.apache.ibatis.session.defaults.DefaultSqlSession@48590849]
JDBC Connection [HikariProxyConnection@1218188770 wrapping com.mysql.cj.jdbc.ConnectionImpl@7e615c6a] will be managed by Spring
==>  Preparing: INSERT INTO `tb_post` (content, author_id, publish_at, last_update) VALUES (?, ?, ?, ?)
==> Parameters: 在手工艺中，我体验了创造的满足。(String), 56(Long), 2024-09-28T19:07:43.769921500(LocalDateTime), 2024-09-28T19:07:43.769921500(LocalDateTime)
<==    Updates: 1
Releasing transactional SqlSession [org.apache.ibatis.session.defaults.DefaultSqlSession@48590849]
Transaction synchronization committing SqlSession [org.apache.ibatis.session.defaults.DefaultSqlSession@48590849]
Transaction synchronization deregistering SqlSession [org.apache.ibatis.session.defaults.DefaultSqlSession@48590849]
Transaction synchronization closing SqlSession [org.apache.ibatis.session.defaults.DefaultSqlSession@48590849]
Creating a new SqlSession
Registering transaction synchronization for SqlSession [org.apache.ibatis.session.defaults.DefaultSqlSession@220d7eb7]
JDBC Connection [HikariProxyConnection@517608115 wrapping com.mysql.cj.jdbc.ConnectionImpl@7e615c6a] will be managed by Spring
==>  Preparing: INSERT INTO `tb_post` (content, author_id, publish_at, last_update) VALUES (?, ?, ?, ?)
==> Parameters: 在舞蹈中，我释放了身体的活力。(String), 74(Long), 2024-09-28T19:07:43.769921500(LocalDateTime), 2024-09-28T19:07:43.769921500(LocalDateTime)
<==    Updates: 1
Releasing transactional SqlSession [org.apache.ibatis.session.defaults.DefaultSqlSession@220d7eb7]
Transaction synchronization committing SqlSession [org.apache.ibatis.session.defaults.DefaultSqlSession@220d7eb7]
Transaction synchronization deregistering SqlSession [org.apache.ibatis.session.defaults.DefaultSqlSession@220d7eb7]
Transaction synchronization closing SqlSession [org.apache.ibatis.session.defaults.DefaultSqlSession@220d7eb7]
Creating a new SqlSession
Registering transaction synchronization for SqlSession [org.apache.ibatis.session.defaults.DefaultSqlSession@21f9a305]
JDBC Connection [HikariProxyConnection@179258229 wrapping com.mysql.cj.jdbc.ConnectionImpl@7e615c6a] will be managed by Spring
==>  Preparing: INSERT INTO `tb_post` (content, author_id, publish_at, last_update) VALUES (?, ?, ?, ?)
==> Parameters: 在棋盘游戏中，我享受了策略的乐趣。(String), 39(Long), 2024-09-28T19:07:43.779673400(LocalDateTime), 2024-09-28T19:07:43.779673400(LocalDateTime)
<==    Updates: 1
Releasing transactional SqlSession [org.apache.ibatis.session.defaults.DefaultSqlSession@21f9a305]
Transaction synchronization committing SqlSession [org.apache.ibatis.session.defaults.DefaultSqlSession@21f9a305]
Transaction synchronization deregistering SqlSession [org.apache.ibatis.session.defaults.DefaultSqlSession@21f9a305]
Transaction synchronization closing SqlSession [org.apache.ibatis.session.defaults.DefaultSqlSession@21f9a305]
Creating a new SqlSession
Registering transaction synchronization for SqlSession [org.apache.ibatis.session.defaults.DefaultSqlSession@6fe33512]
JDBC Connection [HikariProxyConnection@1660136848 wrapping com.mysql.cj.jdbc.ConnectionImpl@7e615c6a] will be managed by Spring
==>  Preparing: INSERT INTO `tb_post` (content, author_id, publish_at, last_update) VALUES (?, ?, ?, ?)
==> Parameters: 在电影中，我体验了不同的人生。(String), 30(Long), 2024-09-28T19:07:43.779673400(LocalDateTime), 2024-09-28T19:07:43.779673400(LocalDateTime)
<==    Updates: 1
Releasing transactional SqlSession [org.apache.ibatis.session.defaults.DefaultSqlSession@6fe33512]
Transaction synchronization committing SqlSession [org.apache.ibatis.session.defaults.DefaultSqlSession@6fe33512]
Transaction synchronization deregistering SqlSession [org.apache.ibatis.session.defaults.DefaultSqlSession@6fe33512]
Transaction synchronization closing SqlSession [org.apache.ibatis.session.defaults.DefaultSqlSession@6fe33512]
Creating a new SqlSession
Registering transaction synchronization for SqlSession [org.apache.ibatis.session.defaults.DefaultSqlSession@4a532271]
JDBC Connection [HikariProxyConnection@469765167 wrapping com.mysql.cj.jdbc.ConnectionImpl@7e615c6a] will be managed by Spring
==>  Preparing: INSERT INTO `tb_post` (content, author_id, publish_at, last_update) VALUES (?, ?, ?, ?)
==> Parameters: 在戏剧中，我感受到了表演的魅力。(String), 49(Long), 2024-09-28T19:07:43.790051(LocalDateTime), 2024-09-28T19:07:43.790051(LocalDateTime)
<==    Updates: 1
Releasing transactional SqlSession [org.apache.ibatis.session.defaults.DefaultSqlSession@4a532271]
Transaction synchronization committing SqlSession [org.apache.ibatis.session.defaults.DefaultSqlSession@4a532271]
Transaction synchronization deregistering SqlSession [org.apache.ibatis.session.defaults.DefaultSqlSession@4a532271]
Transaction synchronization closing SqlSession [org.apache.ibatis.session.defaults.DefaultSqlSession@4a532271]
Creating a new SqlSession
Registering transaction synchronization for SqlSession [org.apache.ibatis.session.defaults.DefaultSqlSession@56bf6f1e]
JDBC Connection [HikariProxyConnection@814630491 wrapping com.mysql.cj.jdbc.ConnectionImpl@7e615c6a] will be managed by Spring
==>  Preparing: INSERT INTO `tb_post` (content, author_id, publish_at, last_update) VALUES (?, ?, ?, ?)
==> Parameters: 在电子竞技中，我享受了竞争的激情。(String), 29(Long), 2024-09-28T19:07:43.803137600(LocalDateTime), 2024-09-28T19:07:43.803137600(LocalDateTime)
<==    Updates: 1
Releasing transactional SqlSession [org.apache.ibatis.session.defaults.DefaultSqlSession@56bf6f1e]
Transaction synchronization committing SqlSession [org.apache.ibatis.session.defaults.DefaultSqlSession@56bf6f1e]
Transaction synchronization deregistering SqlSession [org.apache.ibatis.session.defaults.DefaultSqlSession@56bf6f1e]
Transaction synchronization closing SqlSession [org.apache.ibatis.session.defaults.DefaultSqlSession@56bf6f1e]
Creating a new SqlSession
Registering transaction synchronization for SqlSession [org.apache.ibatis.session.defaults.DefaultSqlSession@7212b28e]
JDBC Connection [HikariProxyConnection@142473357 wrapping com.mysql.cj.jdbc.ConnectionImpl@7e615c6a] will be managed by Spring
==>  Preparing: INSERT INTO `tb_post` (content, author_id, publish_at, last_update) VALUES (?, ?, ?, ?)
==> Parameters: 在VR体验中，我探索了虚拟的世界。(String), 1(Long), 2024-09-28T19:07:43.809797200(LocalDateTime), 2024-09-28T19:07:43.809797200(LocalDateTime)
<==    Updates: 1
Releasing transactional SqlSession [org.apache.ibatis.session.defaults.DefaultSqlSession@7212b28e]
Transaction synchronization committing SqlSession [org.apache.ibatis.session.defaults.DefaultSqlSession@7212b28e]
Transaction synchronization deregistering SqlSession [org.apache.ibatis.session.defaults.DefaultSqlSession@7212b28e]
Transaction synchronization closing SqlSession [org.apache.ibatis.session.defaults.DefaultSqlSession@7212b28e]
Creating a new SqlSession
Registering transaction synchronization for SqlSession [org.apache.ibatis.session.defaults.DefaultSqlSession@7c928399]
JDBC Connection [HikariProxyConnection@216998824 wrapping com.mysql.cj.jdbc.ConnectionImpl@7e615c6a] will be managed by Spring
==>  Preparing: INSERT INTO `tb_post` (content, author_id, publish_at, last_update) VALUES (?, ?, ?, ?)
==> Parameters: 在天文观测中，我探索了宇宙的奥秘。(String), 55(Long), 2024-09-28T19:07:43.819710800(LocalDateTime), 2024-09-28T19:07:43.819710800(LocalDateTime)
<==    Updates: 1
Releasing transactional SqlSession [org.apache.ibatis.session.defaults.DefaultSqlSession@7c928399]
Transaction synchronization committing SqlSession [org.apache.ibatis.session.defaults.DefaultSqlSession@7c928399]
Transaction synchronization deregistering SqlSession [org.apache.ibatis.session.defaults.DefaultSqlSession@7c928399]
Transaction synchronization closing SqlSession [org.apache.ibatis.session.defaults.DefaultSqlSession@7c928399]
Creating a new SqlSession
Registering transaction synchronization for SqlSession [org.apache.ibatis.session.defaults.DefaultSqlSession@60510791]
JDBC Connection [HikariProxyConnection@169249256 wrapping com.mysql.cj.jdbc.ConnectionImpl@7e615c6a] will be managed by Spring
==>  Preparing: INSERT INTO `tb_post` (content, author_id, publish_at, last_update) VALUES (?, ?, ?, ?)
==> Parameters: 在海洋探索中，我了解了海洋的生态。(String), 75(Long), 2024-09-28T19:07:43.829647500(LocalDateTime), 2024-09-28T19:07:43.829647500(LocalDateTime)
<==    Updates: 1
Releasing transactional SqlSession [org.apache.ibatis.session.defaults.DefaultSqlSession@60510791]
Transaction synchronization committing SqlSession [org.apache.ibatis.session.defaults.DefaultSqlSession@60510791]
Transaction synchronization deregistering SqlSession [org.apache.ibatis.session.defaults.DefaultSqlSession@60510791]
Transaction synchronization closing SqlSession [org.apache.ibatis.session.defaults.DefaultSqlSession@60510791]
Creating a new SqlSession
Registering transaction synchronization for SqlSession [org.apache.ibatis.session.defaults.DefaultSqlSession@2162598]
JDBC Connection [HikariProxyConnection@1167627805 wrapping com.mysql.cj.jdbc.ConnectionImpl@7e615c6a] will be managed by Spring
==>  Preparing: INSERT INTO `tb_post` (content, author_id, publish_at, last_update) VALUES (?, ?, ?, ?)
==> Parameters: 在野外露营中，我亲近了自然。(String), 84(Long), 2024-09-28T19:07:43.839874400(LocalDateTime), 2024-09-28T19:07:43.839874400(LocalDateTime)
<==    Updates: 1
Releasing transactional SqlSession [org.apache.ibatis.session.defaults.DefaultSqlSession@2162598]
Transaction synchronization committing SqlSession [org.apache.ibatis.session.defaults.DefaultSqlSession@2162598]
Transaction synchronization deregistering SqlSession [org.apache.ibatis.session.defaults.DefaultSqlSession@2162598]
Transaction synchronization closing SqlSession [org.apache.ibatis.session.defaults.DefaultSqlSession@2162598]
Creating a new SqlSession
Registering transaction synchronization for SqlSession [org.apache.ibatis.session.defaults.DefaultSqlSession@790ea58f]
JDBC Connection [HikariProxyConnection@1091437627 wrapping com.mysql.cj.jdbc.ConnectionImpl@7e615c6a] will be managed by Spring
==>  Preparing: INSERT INTO `tb_post` (content, author_id, publish_at, last_update) VALUES (?, ?, ?, ?)
==> Parameters: 在城市探险中，我发现了城市的另一面。(String), 82(Long), 2024-09-28T19:07:43.849922700(LocalDateTime), 2024-09-28T19:07:43.849922700(LocalDateTime)
<==    Updates: 1
Releasing transactional SqlSession [org.apache.ibatis.session.defaults.DefaultSqlSession@790ea58f]
Transaction synchronization committing SqlSession [org.apache.ibatis.session.defaults.DefaultSqlSession@790ea58f]
Transaction synchronization deregistering SqlSession [org.apache.ibatis.session.defaults.DefaultSqlSession@790ea58f]
Transaction synchronization closing SqlSession [org.apache.ibatis.session.defaults.DefaultSqlSession@790ea58f]
Creating a new SqlSession
Registering transaction synchronization for SqlSession [org.apache.ibatis.session.defaults.DefaultSqlSession@4e7b89b6]
JDBC Connection [HikariProxyConnection@1732238376 wrapping com.mysql.cj.jdbc.ConnectionImpl@7e615c6a] will be managed by Spring
==>  Preparing: INSERT INTO `tb_post` (content, author_id, publish_at, last_update) VALUES (?, ?, ?, ?)
==> Parameters: 在建筑设计中，我创造了空间的艺术。(String), 61(Long), 2024-09-28T19:07:43.859636100(LocalDateTime), 2024-09-28T19:07:43.859636100(LocalDateTime)
<==    Updates: 1
Releasing transactional SqlSession [org.apache.ibatis.session.defaults.DefaultSqlSession@4e7b89b6]
Transaction synchronization committing SqlSession [org.apache.ibatis.session.defaults.DefaultSqlSession@4e7b89b6]
Transaction synchronization deregistering SqlSession [org.apache.ibatis.session.defaults.DefaultSqlSession@4e7b89b6]
Transaction synchronization closing SqlSession [org.apache.ibatis.session.defaults.DefaultSqlSession@4e7b89b6]
Creating a new SqlSession
Registering transaction synchronization for SqlSession [org.apache.ibatis.session.defaults.DefaultSqlSession@4246f904]
JDBC Connection [HikariProxyConnection@667197268 wrapping com.mysql.cj.jdbc.ConnectionImpl@7e615c6a] will be managed by Spring
==>  Preparing: INSERT INTO `tb_post` (content, author_id, publish_at, last_update) VALUES (?, ?, ?, ?)
==> Parameters: 在时尚搭配中，我展现了个性的风格。(String), 12(Long), 2024-09-28T19:07:43.869708300(LocalDateTime), 2024-09-28T19:07:43.869708300(LocalDateTime)
<==    Updates: 1
Releasing transactional SqlSession [org.apache.ibatis.session.defaults.DefaultSqlSession@4246f904]
Transaction synchronization committing SqlSession [org.apache.ibatis.session.defaults.DefaultSqlSession@4246f904]
Transaction synchronization deregistering SqlSession [org.apache.ibatis.session.defaults.DefaultSqlSession@4246f904]
Transaction synchronization closing SqlSession [org.apache.ibatis.session.defaults.DefaultSqlSession@4246f904]
Creating a new SqlSession
Registering transaction synchronization for SqlSession [org.apache.ibatis.session.defaults.DefaultSqlSession@4a5c6b30]
JDBC Connection [HikariProxyConnection@1592225010 wrapping com.mysql.cj.jdbc.ConnectionImpl@7e615c6a] will be managed by Spring
==>  Preparing: INSERT INTO `tb_post` (content, author_id, publish_at, last_update) VALUES (?, ?, ?, ?)
==> Parameters: 在茶艺中，我品味了文化的深度。(String), 14(Long), 2024-09-28T19:07:43.879866700(LocalDateTime), 2024-09-28T19:07:43.879866700(LocalDateTime)
<==    Updates: 1
Releasing transactional SqlSession [org.apache.ibatis.session.defaults.DefaultSqlSession@4a5c6b30]
Transaction synchronization committing SqlSession [org.apache.ibatis.session.defaults.DefaultSqlSession@4a5c6b30]
Transaction synchronization deregistering SqlSession [org.apache.ibatis.session.defaults.DefaultSqlSession@4a5c6b30]
Transaction synchronization closing SqlSession [org.apache.ibatis.session.defaults.DefaultSqlSession@4a5c6b30]
Creating a new SqlSession
Registering transaction synchronization for SqlSession [org.apache.ibatis.session.defaults.DefaultSqlSession@df5f657]
JDBC Connection [HikariProxyConnection@448432504 wrapping com.mysql.cj.jdbc.ConnectionImpl@7e615c6a] will be managed by Spring
==>  Preparing: INSERT INTO `tb_post` (content, author_id, publish_at, last_update) VALUES (?, ?, ?, ?)
==> Parameters: 在品酒中，我探索了味觉的世界。(String), 48(Long), 2024-09-28T19:07:43.889694600(LocalDateTime), 2024-09-28T19:07:43.889694600(LocalDateTime)
<==    Updates: 1
Releasing transactional SqlSession [org.apache.ibatis.session.defaults.DefaultSqlSession@df5f657]
Transaction synchronization committing SqlSession [org.apache.ibatis.session.defaults.DefaultSqlSession@df5f657]
Transaction synchronization deregistering SqlSession [org.apache.ibatis.session.defaults.DefaultSqlSession@df5f657]
Transaction synchronization closing SqlSession [org.apache.ibatis.session.defaults.DefaultSqlSession@df5f657]
Creating a new SqlSession
Registering transaction synchronization for SqlSession [org.apache.ibatis.session.defaults.DefaultSqlSession@682482ee]
JDBC Connection [HikariProxyConnection@391595516 wrapping com.mysql.cj.jdbc.ConnectionImpl@7e615c6a] will be managed by Spring
==>  Preparing: INSERT INTO `tb_post` (content, author_id, publish_at, last_update) VALUES (?, ?, ?, ?)
==> Parameters: 在心理学学习中，我了解了人类的行为。(String), 43(Long), 2024-09-28T19:07:43.903451300(LocalDateTime), 2024-09-28T19:07:43.903451300(LocalDateTime)
<==    Updates: 1
Releasing transactional SqlSession [org.apache.ibatis.session.defaults.DefaultSqlSession@682482ee]
Transaction synchronization committing SqlSession [org.apache.ibatis.session.defaults.DefaultSqlSession@682482ee]
Transaction synchronization deregistering SqlSession [org.apache.ibatis.session.defaults.DefaultSqlSession@682482ee]
Transaction synchronization closing SqlSession [org.apache.ibatis.session.defaults.DefaultSqlSession@682482ee]
Creating a new SqlSession
Registering transaction synchronization for SqlSession [org.apache.ibatis.session.defaults.DefaultSqlSession@1f3f0d25]
JDBC Connection [HikariProxyConnection@1324399707 wrapping com.mysql.cj.jdbc.ConnectionImpl@7e615c6a] will be managed by Spring
==>  Preparing: INSERT INTO `tb_post` (content, author_id, publish_at, last_update) VALUES (?, ?, ?, ?)
==> Parameters: 在天文学中，我寻找了宇宙的真理。(String), 88(Long), 2024-09-28T19:07:43.916116(LocalDateTime), 2024-09-28T19:07:43.916116(LocalDateTime)
<==    Updates: 1
Releasing transactional SqlSession [org.apache.ibatis.session.defaults.DefaultSqlSession@1f3f0d25]
Transaction synchronization committing SqlSession [org.apache.ibatis.session.defaults.DefaultSqlSession@1f3f0d25]
Transaction synchronization deregistering SqlSession [org.apache.ibatis.session.defaults.DefaultSqlSession@1f3f0d25]
Transaction synchronization closing SqlSession [org.apache.ibatis.session.defaults.DefaultSqlSession@1f3f0d25]
Creating a new SqlSession
Registering transaction synchronization for SqlSession [org.apache.ibatis.session.defaults.DefaultSqlSession@32029cd]
JDBC Connection [HikariProxyConnection@1438317505 wrapping com.mysql.cj.jdbc.ConnectionImpl@7e615c6a] will be managed by Spring
==>  Preparing: INSERT INTO `tb_post` (content, author_id, publish_at, last_update) VALUES (?, ?, ?, ?)
==> Parameters: 在遗传学中，我探索了生命的奥秘。(String), 35(Long), 2024-09-28T19:07:43.919744100(LocalDateTime), 2024-09-28T19:07:43.919744100(LocalDateTime)
<==    Updates: 1
Releasing transactional SqlSession [org.apache.ibatis.session.defaults.DefaultSqlSession@32029cd]
Transaction synchronization committing SqlSession [org.apache.ibatis.session.defaults.DefaultSqlSession@32029cd]
Transaction synchronization deregistering SqlSession [org.apache.ibatis.session.defaults.DefaultSqlSession@32029cd]
Transaction synchronization closing SqlSession [org.apache.ibatis.session.defaults.DefaultSqlSession@32029cd]
Creating a new SqlSession
Registering transaction synchronization for SqlSession [org.apache.ibatis.session.defaults.DefaultSqlSession@24d7c365]
JDBC Connection [HikariProxyConnection@1660891176 wrapping com.mysql.cj.jdbc.ConnectionImpl@7e615c6a] will be managed by Spring
==>  Preparing: INSERT INTO `tb_post` (content, author_id, publish_at, last_update) VALUES (?, ?, ?, ?)
==> Parameters: 在生态学中，我学习了自然的平衡。(String), 97(Long), 2024-09-28T19:07:43.919744100(LocalDateTime), 2024-09-28T19:07:43.919744100(LocalDateTime)
<==    Updates: 1
Releasing transactional SqlSession [org.apache.ibatis.session.defaults.DefaultSqlSession@24d7c365]
Transaction synchronization committing SqlSession [org.apache.ibatis.session.defaults.DefaultSqlSession@24d7c365]
Transaction synchronization deregistering SqlSession [org.apache.ibatis.session.defaults.DefaultSqlSession@24d7c365]
Transaction synchronization closing SqlSession [org.apache.ibatis.session.defaults.DefaultSqlSession@24d7c365]
Creating a new SqlSession
Registering transaction synchronization for SqlSession [org.apache.ibatis.session.defaults.DefaultSqlSession@732bb49d]
JDBC Connection [HikariProxyConnection@430231018 wrapping com.mysql.cj.jdbc.ConnectionImpl@7e615c6a] will be managed by Spring
==>  Preparing: INSERT INTO `tb_post` (content, author_id, publish_at, last_update) VALUES (?, ?, ?, ?)
==> Parameters: 在气象学中，我预测了天气的变化。(String), 55(Long), 2024-09-28T19:07:43.931991(LocalDateTime), 2024-09-28T19:07:43.931991(LocalDateTime)
<==    Updates: 1
Releasing transactional SqlSession [org.apache.ibatis.session.defaults.DefaultSqlSession@732bb49d]
Transaction synchronization committing SqlSession [org.apache.ibatis.session.defaults.DefaultSqlSession@732bb49d]
Transaction synchronization deregistering SqlSession [org.apache.ibatis.session.defaults.DefaultSqlSession@732bb49d]
Transaction synchronization closing SqlSession [org.apache.ibatis.session.defaults.DefaultSqlSession@732bb49d]
Creating a new SqlSession
Registering transaction synchronization for SqlSession [org.apache.ibatis.session.defaults.DefaultSqlSession@701da311]
JDBC Connection [HikariProxyConnection@1575043618 wrapping com.mysql.cj.jdbc.ConnectionImpl@7e615c6a] will be managed by Spring
==>  Preparing: INSERT INTO `tb_post` (content, author_id, publish_at, last_update) VALUES (?, ?, ?, ?)
==> Parameters: 在考古学中，我揭开了历史的面纱。(String), 55(Long), 2024-09-28T19:07:43.939580300(LocalDateTime), 2024-09-28T19:07:43.939580300(LocalDateTime)
<==    Updates: 1
Releasing transactional SqlSession [org.apache.ibatis.session.defaults.DefaultSqlSession@701da311]
Transaction synchronization committing SqlSession [org.apache.ibatis.session.defaults.DefaultSqlSession@701da311]
Transaction synchronization deregistering SqlSession [org.apache.ibatis.session.defaults.DefaultSqlSession@701da311]
Transaction synchronization closing SqlSession [org.apache.ibatis.session.defaults.DefaultSqlSession@701da311]
Creating a new SqlSession
Registering transaction synchronization for SqlSession [org.apache.ibatis.session.defaults.DefaultSqlSession@721fc228]
JDBC Connection [HikariProxyConnection@1648003357 wrapping com.mysql.cj.jdbc.ConnectionImpl@7e615c6a] will be managed by Spring
==>  Preparing: INSERT INTO `tb_post` (content, author_id, publish_at, last_update) VALUES (?, ?, ?, ?)
==> Parameters: 在国际关系中，我理解了世界的联系。(String), 57(Long), 2024-09-28T19:07:43.939580300(LocalDateTime), 2024-09-28T19:07:43.939580300(LocalDateTime)
<==    Updates: 1
Releasing transactional SqlSession [org.apache.ibatis.session.defaults.DefaultSqlSession@721fc228]
Transaction synchronization committing SqlSession [org.apache.ibatis.session.defaults.DefaultSqlSession@721fc228]
Transaction synchronization deregistering SqlSession [org.apache.ibatis.session.defaults.DefaultSqlSession@721fc228]
Transaction synchronization closing SqlSession [org.apache.ibatis.session.defaults.DefaultSqlSession@721fc228]
Creating a new SqlSession
Registering transaction synchronization for SqlSession [org.apache.ibatis.session.defaults.DefaultSqlSession@134ec0f3]
JDBC Connection [HikariProxyConnection@1226784688 wrapping com.mysql.cj.jdbc.ConnectionImpl@7e615c6a] will be managed by Spring
==>  Preparing: INSERT INTO `tb_post` (content, author_id, publish_at, last_update) VALUES (?, ?, ?, ?)
==> Parameters: 在人类学中，我探索了文化的多样性。(String), 63(Long), 2024-09-28T19:07:43.949764200(LocalDateTime), 2024-09-28T19:07:43.949764200(LocalDateTime)
<==    Updates: 1
Releasing transactional SqlSession [org.apache.ibatis.session.defaults.DefaultSqlSession@134ec0f3]
Transaction synchronization committing SqlSession [org.apache.ibatis.session.defaults.DefaultSqlSession@134ec0f3]
Transaction synchronization deregistering SqlSession [org.apache.ibatis.session.defaults.DefaultSqlSession@134ec0f3]
Transaction synchronization closing SqlSession [org.apache.ibatis.session.defaults.DefaultSqlSession@134ec0f3]
Creating a new SqlSession
Registering transaction synchronization for SqlSession [org.apache.ibatis.session.defaults.DefaultSqlSession@2b569858]
JDBC Connection [HikariProxyConnection@1104718965 wrapping com.mysql.cj.jdbc.ConnectionImpl@7e615c6a] will be managed by Spring
==>  Preparing: INSERT INTO `tb_post` (content, author_id, publish_at, last_update) VALUES (?, ?, ?, ?)
==> Parameters: 在动物学中，我了解了动物的世界。(String), 64(Long), 2024-09-28T19:07:43.949764200(LocalDateTime), 2024-09-28T19:07:43.949764200(LocalDateTime)
<==    Updates: 1
Releasing transactional SqlSession [org.apache.ibatis.session.defaults.DefaultSqlSession@2b569858]
Transaction synchronization committing SqlSession [org.apache.ibatis.session.defaults.DefaultSqlSession@2b569858]
Transaction synchronization deregistering SqlSession [org.apache.ibatis.session.defaults.DefaultSqlSession@2b569858]
Transaction synchronization closing SqlSession [org.apache.ibatis.session.defaults.DefaultSqlSession@2b569858]
Creating a new SqlSession
Registering transaction synchronization for SqlSession [org.apache.ibatis.session.defaults.DefaultSqlSession@3c2e73ce]
JDBC Connection [HikariProxyConnection@1249347907 wrapping com.mysql.cj.jdbc.ConnectionImpl@7e615c6a] will be managed by Spring
==>  Preparing: INSERT INTO `tb_post` (content, author_id, publish_at, last_update) VALUES (?, ?, ?, ?)
==> Parameters: 在植物学中，我学习了植物的语言。(String), 94(Long), 2024-09-28T19:07:43.959870300(LocalDateTime), 2024-09-28T19:07:43.959870300(LocalDateTime)
<==    Updates: 1
Releasing transactional SqlSession [org.apache.ibatis.session.defaults.DefaultSqlSession@3c2e73ce]
Transaction synchronization committing SqlSession [org.apache.ibatis.session.defaults.DefaultSqlSession@3c2e73ce]
Transaction synchronization deregistering SqlSession [org.apache.ibatis.session.defaults.DefaultSqlSession@3c2e73ce]
Transaction synchronization closing SqlSession [org.apache.ibatis.session.defaults.DefaultSqlSession@3c2e73ce]
Creating a new SqlSession
Registering transaction synchronization for SqlSession [org.apache.ibatis.session.defaults.DefaultSqlSession@240e61]
JDBC Connection [HikariProxyConnection@539481455 wrapping com.mysql.cj.jdbc.ConnectionImpl@7e615c6a] will be managed by Spring
==>  Preparing: INSERT INTO `tb_post` (content, author_id, publish_at, last_update) VALUES (?, ?, ?, ?)
==> Parameters: 在地质学中，我阅读了地球的历史。(String), 55(Long), 2024-09-28T19:07:43.959870300(LocalDateTime), 2024-09-28T19:07:43.959870300(LocalDateTime)
<==    Updates: 1
Releasing transactional SqlSession [org.apache.ibatis.session.defaults.DefaultSqlSession@240e61]
Transaction synchronization committing SqlSession [org.apache.ibatis.session.defaults.DefaultSqlSession@240e61]
Transaction synchronization deregistering SqlSession [org.apache.ibatis.session.defaults.DefaultSqlSession@240e61]
Transaction synchronization closing SqlSession [org.apache.ibatis.session.defaults.DefaultSqlSession@240e61]
Creating a new SqlSession
Registering transaction synchronization for SqlSession [org.apache.ibatis.session.defaults.DefaultSqlSession@6fc3f1a7]
JDBC Connection [HikariProxyConnection@525953416 wrapping com.mysql.cj.jdbc.ConnectionImpl@7e615c6a] will be managed by Spring
==>  Preparing: INSERT INTO `tb_post` (content, author_id, publish_at, last_update) VALUES (?, ?, ?, ?)
==> Parameters: 在物理学中，我探索了自然的原理。(String), 82(Long), 2024-09-28T19:07:43.969879(LocalDateTime), 2024-09-28T19:07:43.969879(LocalDateTime)
<==    Updates: 1
Releasing transactional SqlSession [org.apache.ibatis.session.defaults.DefaultSqlSession@6fc3f1a7]
Transaction synchronization committing SqlSession [org.apache.ibatis.session.defaults.DefaultSqlSession@6fc3f1a7]
Transaction synchronization deregistering SqlSession [org.apache.ibatis.session.defaults.DefaultSqlSession@6fc3f1a7]
Transaction synchronization closing SqlSession [org.apache.ibatis.session.defaults.DefaultSqlSession@6fc3f1a7]
Creating a new SqlSession
Registering transaction synchronization for SqlSession [org.apache.ibatis.session.defaults.DefaultSqlSession@648f48d3]
JDBC Connection [HikariProxyConnection@1090788401 wrapping com.mysql.cj.jdbc.ConnectionImpl@7e615c6a] will be managed by Spring
==>  Preparing: INSERT INTO `tb_post` (content, author_id, publish_at, last_update) VALUES (?, ?, ?, ?)
==> Parameters: 在化学中，我见证了物质的变化。(String), 96(Long), 2024-09-28T19:07:43.969879(LocalDateTime), 2024-09-28T19:07:43.969879(LocalDateTime)
<==    Updates: 1
Releasing transactional SqlSession [org.apache.ibatis.session.defaults.DefaultSqlSession@648f48d3]
Transaction synchronization committing SqlSession [org.apache.ibatis.session.defaults.DefaultSqlSession@648f48d3]
Transaction synchronization deregistering SqlSession [org.apache.ibatis.session.defaults.DefaultSqlSession@648f48d3]
Transaction synchronization closing SqlSession [org.apache.ibatis.session.defaults.DefaultSqlSession@648f48d3]
Creating a new SqlSession
Registering transaction synchronization for SqlSession [org.apache.ibatis.session.defaults.DefaultSqlSession@6939f18a]
JDBC Connection [HikariProxyConnection@413088973 wrapping com.mysql.cj.jdbc.ConnectionImpl@7e615c6a] will be managed by Spring
==>  Preparing: INSERT INTO `tb_post` (content, author_id, publish_at, last_update) VALUES (?, ?, ?, ?)
==> Parameters: 在生物学中，我学习了生命的奇迹。(String), 63(Long), 2024-09-28T19:07:43.979979800(LocalDateTime), 2024-09-28T19:07:43.979979800(LocalDateTime)
<==    Updates: 1
Releasing transactional SqlSession [org.apache.ibatis.session.defaults.DefaultSqlSession@6939f18a]
Transaction synchronization committing SqlSession [org.apache.ibatis.session.defaults.DefaultSqlSession@6939f18a]
Transaction synchronization deregistering SqlSession [org.apache.ibatis.session.defaults.DefaultSqlSession@6939f18a]
Transaction synchronization closing SqlSession [org.apache.ibatis.session.defaults.DefaultSqlSession@6939f18a]
Creating a new SqlSession
Registering transaction synchronization for SqlSession [org.apache.ibatis.session.defaults.DefaultSqlSession@6c120b00]
JDBC Connection [HikariProxyConnection@654958709 wrapping com.mysql.cj.jdbc.ConnectionImpl@7e615c6a] will be managed by Spring
==>  Preparing: INSERT INTO `tb_post` (content, author_id, publish_at, last_update) VALUES (?, ?, ?, ?)
==> Parameters: 在工程学中，我创造了实用的技术。(String), 79(Long), 2024-09-28T19:07:43.979979800(LocalDateTime), 2024-09-28T19:07:43.979979800(LocalDateTime)
<==    Updates: 1
Releasing transactional SqlSession [org.apache.ibatis.session.defaults.DefaultSqlSession@6c120b00]
Transaction synchronization committing SqlSession [org.apache.ibatis.session.defaults.DefaultSqlSession@6c120b00]
Transaction synchronization deregistering SqlSession [org.apache.ibatis.session.defaults.DefaultSqlSession@6c120b00]
Transaction synchronization closing SqlSession [org.apache.ibatis.session.defaults.DefaultSqlSession@6c120b00]
Creating a new SqlSession
Registering transaction synchronization for SqlSession [org.apache.ibatis.session.defaults.DefaultSqlSession@1390a43a]
JDBC Connection [HikariProxyConnection@242596583 wrapping com.mysql.cj.jdbc.ConnectionImpl@7e615c6a] will be managed by Spring
==>  Preparing: INSERT INTO `tb_post` (content, author_id, publish_at, last_update) VALUES (?, ?, ?, ?)
==> Parameters: 在计算机科学中，我编写了智能的代码。(String), 60(Long), 2024-09-28T19:07:43.990023700(LocalDateTime), 2024-09-28T19:07:43.990023700(LocalDateTime)
<==    Updates: 1
Releasing transactional SqlSession [org.apache.ibatis.session.defaults.DefaultSqlSession@1390a43a]
Transaction synchronization committing SqlSession [org.apache.ibatis.session.defaults.DefaultSqlSession@1390a43a]
Transaction synchronization deregistering SqlSession [org.apache.ibatis.session.defaults.DefaultSqlSession@1390a43a]
Transaction synchronization closing SqlSession [org.apache.ibatis.session.defaults.DefaultSqlSession@1390a43a]
Creating a new SqlSession
Registering transaction synchronization for SqlSession [org.apache.ibatis.session.defaults.DefaultSqlSession@4f2b1a2f]
JDBC Connection [HikariProxyConnection@1394617094 wrapping com.mysql.cj.jdbc.ConnectionImpl@7e615c6a] will be managed by Spring
==>  Preparing: INSERT INTO `tb_post` (content, author_id, publish_at, last_update) VALUES (?, ?, ?, ?)
==> Parameters: 在数学中，我解决了复杂的问题。(String), 19(Long), 2024-09-28T19:07:43.999733200(LocalDateTime), 2024-09-28T19:07:43.999733200(LocalDateTime)
<==    Updates: 1
Releasing transactional SqlSession [org.apache.ibatis.session.defaults.DefaultSqlSession@4f2b1a2f]
Transaction synchronization committing SqlSession [org.apache.ibatis.session.defaults.DefaultSqlSession@4f2b1a2f]
Transaction synchronization deregistering SqlSession [org.apache.ibatis.session.defaults.DefaultSqlSession@4f2b1a2f]
Transaction synchronization closing SqlSession [org.apache.ibatis.session.defaults.DefaultSqlSession@4f2b1a2f]
Creating a new SqlSession
Registering transaction synchronization for SqlSession [org.apache.ibatis.session.defaults.DefaultSqlSession@6e5df971]
JDBC Connection [HikariProxyConnection@748971195 wrapping com.mysql.cj.jdbc.ConnectionImpl@7e615c6a] will be managed by Spring
==>  Preparing: INSERT INTO `tb_post` (content, author_id, publish_at, last_update) VALUES (?, ?, ?, ?)
==> Parameters: 在法学中，我维护了正义的平衡。(String), 67(Long), 2024-09-28T19:07:44.005880200(LocalDateTime), 2024-09-28T19:07:44.005880200(LocalDateTime)
<==    Updates: 1
Releasing transactional SqlSession [org.apache.ibatis.session.defaults.DefaultSqlSession@6e5df971]
Transaction synchronization committing SqlSession [org.apache.ibatis.session.defaults.DefaultSqlSession@6e5df971]
Transaction synchronization deregistering SqlSession [org.apache.ibatis.session.defaults.DefaultSqlSession@6e5df971]
Transaction synchronization closing SqlSession [org.apache.ibatis.session.defaults.DefaultSqlSession@6e5df971]
Creating a new SqlSession
Registering transaction synchronization for SqlSession [org.apache.ibatis.session.defaults.DefaultSqlSession@46baac0d]
JDBC Connection [HikariProxyConnection@861438042 wrapping com.mysql.cj.jdbc.ConnectionImpl@7e615c6a] will be managed by Spring
==>  Preparing: INSERT INTO `tb_post` (content, author_id, publish_at, last_update) VALUES (?, ?, ?, ?)
==> Parameters: 在医学中，我追求了健康的真谛。(String), 8(Long), 2024-09-28T19:07:44.010008500(LocalDateTime), 2024-09-28T19:07:44.010008500(LocalDateTime)
<==    Updates: 1
Releasing transactional SqlSession [org.apache.ibatis.session.defaults.DefaultSqlSession@46baac0d]
Transaction synchronization committing SqlSession [org.apache.ibatis.session.defaults.DefaultSqlSession@46baac0d]
Transaction synchronization deregistering SqlSession [org.apache.ibatis.session.defaults.DefaultSqlSession@46baac0d]
Transaction synchronization closing SqlSession [org.apache.ibatis.session.defaults.DefaultSqlSession@46baac0d]
Creating a new SqlSession
Registering transaction synchronization for SqlSession [org.apache.ibatis.session.defaults.DefaultSqlSession@93c66ef]
JDBC Connection [HikariProxyConnection@437839498 wrapping com.mysql.cj.jdbc.ConnectionImpl@7e615c6a] will be managed by Spring
==>  Preparing: INSERT INTO `tb_post` (content, author_id, publish_at, last_update) VALUES (?, ?, ?, ?)
==> Parameters: 在教育学中，我培养了未来的希望。(String), 29(Long), 2024-09-28T19:07:44.021961(LocalDateTime), 2024-09-28T19:07:44.021961(LocalDateTime)
<==    Updates: 1
Releasing transactional SqlSession [org.apache.ibatis.session.defaults.DefaultSqlSession@93c66ef]
Transaction synchronization committing SqlSession [org.apache.ibatis.session.defaults.DefaultSqlSession@93c66ef]
Transaction synchronization deregistering SqlSession [org.apache.ibatis.session.defaults.DefaultSqlSession@93c66ef]
Transaction synchronization closing SqlSession [org.apache.ibatis.session.defaults.DefaultSqlSession@93c66ef]
Creating a new SqlSession
Registering transaction synchronization for SqlSession [org.apache.ibatis.session.defaults.DefaultSqlSession@3ae91bcc]
JDBC Connection [HikariProxyConnection@1445324769 wrapping com.mysql.cj.jdbc.ConnectionImpl@7e615c6a] will be managed by Spring
==>  Preparing: INSERT INTO `tb_post` (content, author_id, publish_at, last_update) VALUES (?, ?, ?, ?)
==> Parameters: 在文学中，我体验了文字的力量。(String), 88(Long), 2024-09-28T19:07:44.030085100(LocalDateTime), 2024-09-28T19:07:44.030085100(LocalDateTime)
<==    Updates: 1
Releasing transactional SqlSession [org.apache.ibatis.session.defaults.DefaultSqlSession@3ae91bcc]
Transaction synchronization committing SqlSession [org.apache.ibatis.session.defaults.DefaultSqlSession@3ae91bcc]
Transaction synchronization deregistering SqlSession [org.apache.ibatis.session.defaults.DefaultSqlSession@3ae91bcc]
Transaction synchronization closing SqlSession [org.apache.ibatis.session.defaults.DefaultSqlSession@3ae91bcc]
Creating a new SqlSession
Registering transaction synchronization for SqlSession [org.apache.ibatis.session.defaults.DefaultSqlSession@54da736e]
JDBC Connection [HikariProxyConnection@590380140 wrapping com.mysql.cj.jdbc.ConnectionImpl@7e615c6a] will be managed by Spring
==>  Preparing: INSERT INTO `tb_post` (content, author_id, publish_at, last_update) VALUES (?, ?, ?, ?)
==> Parameters: 在哲学中，我思考了存在的意义。(String), 81(Long), 2024-09-28T19:07:44.039775800(LocalDateTime), 2024-09-28T19:07:44.039775800(LocalDateTime)
<==    Updates: 1
Releasing transactional SqlSession [org.apache.ibatis.session.defaults.DefaultSqlSession@54da736e]
Transaction synchronization committing SqlSession [org.apache.ibatis.session.defaults.DefaultSqlSession@54da736e]
Transaction synchronization deregistering SqlSession [org.apache.ibatis.session.defaults.DefaultSqlSession@54da736e]
Transaction synchronization closing SqlSession [org.apache.ibatis.session.defaults.DefaultSqlSession@54da736e]
Creating a new SqlSession
Registering transaction synchronization for SqlSession [org.apache.ibatis.session.defaults.DefaultSqlSession@133d0471]
JDBC Connection [HikariProxyConnection@1681911120 wrapping com.mysql.cj.jdbc.ConnectionImpl@7e615c6a] will be managed by Spring
==>  Preparing: INSERT INTO `tb_post` (content, author_id, publish_at, last_update) VALUES (?, ?, ?, ?)
==> Parameters: 在经济学中，我理解了市场的规律。(String), 34(Long), 2024-09-28T19:07:44.050304400(LocalDateTime), 2024-09-28T19:07:44.050304400(LocalDateTime)
<==    Updates: 1
Releasing transactional SqlSession [org.apache.ibatis.session.defaults.DefaultSqlSession@133d0471]
Transaction synchronization committing SqlSession [org.apache.ibatis.session.defaults.DefaultSqlSession@133d0471]
Transaction synchronization deregistering SqlSession [org.apache.ibatis.session.defaults.DefaultSqlSession@133d0471]
Transaction synchronization closing SqlSession [org.apache.ibatis.session.defaults.DefaultSqlSession@133d0471]
Creating a new SqlSession
Registering transaction synchronization for SqlSession [org.apache.ibatis.session.defaults.DefaultSqlSession@387ef6a7]
JDBC Connection [HikariProxyConnection@2097702021 wrapping com.mysql.cj.jdbc.ConnectionImpl@7e615c6a] will be managed by Spring
==>  Preparing: INSERT INTO `tb_post` (content, author_id, publish_at, last_update) VALUES (?, ?, ?, ?)
==> Parameters: 在社会学中，我学习了社会的结构。(String), 97(Long), 2024-09-28T19:07:44.060149600(LocalDateTime), 2024-09-28T19:07:44.060149600(LocalDateTime)
<==    Updates: 1
Releasing transactional SqlSession [org.apache.ibatis.session.defaults.DefaultSqlSession@387ef6a7]
Transaction synchronization committing SqlSession [org.apache.ibatis.session.defaults.DefaultSqlSession@387ef6a7]
Transaction synchronization deregistering SqlSession [org.apache.ibatis.session.defaults.DefaultSqlSession@387ef6a7]
Transaction synchronization closing SqlSession [org.apache.ibatis.session.defaults.DefaultSqlSession@387ef6a7]
Creating a new SqlSession
Registering transaction synchronization for SqlSession [org.apache.ibatis.session.defaults.DefaultSqlSession@1ece052b]
JDBC Connection [HikariProxyConnection@1283581890 wrapping com.mysql.cj.jdbc.ConnectionImpl@7e615c6a] will be managed by Spring
==>  Preparing: INSERT INTO `tb_post` (content, author_id, publish_at, last_update) VALUES (?, ?, ?, ?)
==> Parameters: 在政治学中，我了解了权力的运作。(String), 97(Long), 2024-09-28T19:07:44.069869700(LocalDateTime), 2024-09-28T19:07:44.069869700(LocalDateTime)
<==    Updates: 1
Releasing transactional SqlSession [org.apache.ibatis.session.defaults.DefaultSqlSession@1ece052b]
Transaction synchronization committing SqlSession [org.apache.ibatis.session.defaults.DefaultSqlSession@1ece052b]
Transaction synchronization deregistering SqlSession [org.apache.ibatis.session.defaults.DefaultSqlSession@1ece052b]
Transaction synchronization closing SqlSession [org.apache.ibatis.session.defaults.DefaultSqlSession@1ece052b]
Creating a new SqlSession
Registering transaction synchronization for SqlSession [org.apache.ibatis.session.defaults.DefaultSqlSession@62cf873a]
JDBC Connection [HikariProxyConnection@692782171 wrapping com.mysql.cj.jdbc.ConnectionImpl@7e615c6a] will be managed by Spring
==>  Preparing: INSERT INTO `tb_post` (content, author_id, publish_at, last_update) VALUES (?, ?, ?, ?)
==> Parameters: 在军事学中，我研究了战略的运用。(String), 5(Long), 2024-09-28T19:07:44.079978800(LocalDateTime), 2024-09-28T19:07:44.079978800(LocalDateTime)
<==    Updates: 1
Releasing transactional SqlSession [org.apache.ibatis.session.defaults.DefaultSqlSession@62cf873a]
Transaction synchronization committing SqlSession [org.apache.ibatis.session.defaults.DefaultSqlSession@62cf873a]
Transaction synchronization deregistering SqlSession [org.apache.ibatis.session.defaults.DefaultSqlSession@62cf873a]
Transaction synchronization closing SqlSession [org.apache.ibatis.session.defaults.DefaultSqlSession@62cf873a]
Creating a new SqlSession
Registering transaction synchronization for SqlSession [org.apache.ibatis.session.defaults.DefaultSqlSession@237b54bc]
JDBC Connection [HikariProxyConnection@2099834837 wrapping com.mysql.cj.jdbc.ConnectionImpl@7e615c6a] will be managed by Spring
==>  Preparing: INSERT INTO `tb_post` (content, author_id, publish_at, last_update) VALUES (?, ?, ?, ?)
==> Parameters: 在教育技术中，我探索了学习的新模式。(String), 7(Long), 2024-09-28T19:07:44.089782900(LocalDateTime), 2024-09-28T19:07:44.089782900(LocalDateTime)
<==    Updates: 1
Releasing transactional SqlSession [org.apache.ibatis.session.defaults.DefaultSqlSession@237b54bc]
Transaction synchronization committing SqlSession [org.apache.ibatis.session.defaults.DefaultSqlSession@237b54bc]
Transaction synchronization deregistering SqlSession [org.apache.ibatis.session.defaults.DefaultSqlSession@237b54bc]
Transaction synchronization closing SqlSession [org.apache.ibatis.session.defaults.DefaultSqlSession@237b54bc]
Creating a new SqlSession
Registering transaction synchronization for SqlSession [org.apache.ibatis.session.defaults.DefaultSqlSession@3dfaa1e4]
JDBC Connection [HikariProxyConnection@1154136178 wrapping com.mysql.cj.jdbc.ConnectionImpl@7e615c6a] will be managed by Spring
==>  Preparing: INSERT INTO `tb_post` (content, author_id, publish_at, last_update) VALUES (?, ?, ?, ?)
==> Parameters: 在环境科学中，我保护了地球的环境。(String), 1(Long), 2024-09-28T19:07:44.099573900(LocalDateTime), 2024-09-28T19:07:44.099573900(LocalDateTime)
<==    Updates: 1
Releasing transactional SqlSession [org.apache.ibatis.session.defaults.DefaultSqlSession@3dfaa1e4]
Transaction synchronization committing SqlSession [org.apache.ibatis.session.defaults.DefaultSqlSession@3dfaa1e4]
Transaction synchronization deregistering SqlSession [org.apache.ibatis.session.defaults.DefaultSqlSession@3dfaa1e4]
Transaction synchronization closing SqlSession [org.apache.ibatis.session.defaults.DefaultSqlSession@3dfaa1e4]
Creating a new SqlSession
Registering transaction synchronization for SqlSession [org.apache.ibatis.session.defaults.DefaultSqlSession@1f2d0ca2]
JDBC Connection [HikariProxyConnection@438055051 wrapping com.mysql.cj.jdbc.ConnectionImpl@7e615c6a] will be managed by Spring
==>  Preparing: INSERT INTO `tb_post` (content, author_id, publish_at, last_update) VALUES (?, ?, ?, ?)
==> Parameters: 在能源科学中，我探索了可持续的能源。(String), 100(Long), 2024-09-28T19:07:44.109909100(LocalDateTime), 2024-09-28T19:07:44.109909100(LocalDateTime)
<==    Updates: 1
Releasing transactional SqlSession [org.apache.ibatis.session.defaults.DefaultSqlSession@1f2d0ca2]
Transaction synchronization committing SqlSession [org.apache.ibatis.session.defaults.DefaultSqlSession@1f2d0ca2]
Transaction synchronization deregistering SqlSession [org.apache.ibatis.session.defaults.DefaultSqlSession@1f2d0ca2]
Transaction synchronization closing SqlSession [org.apache.ibatis.session.defaults.DefaultSqlSession@1f2d0ca2]
Creating a new SqlSession
Registering transaction synchronization for SqlSession [org.apache.ibatis.session.defaults.DefaultSqlSession@5d10e2b6]
JDBC Connection [HikariProxyConnection@1183285782 wrapping com.mysql.cj.jdbc.ConnectionImpl@7e615c6a] will be managed by Spring
==>  Preparing: INSERT INTO `tb_post` (content, author_id, publish_at, last_update) VALUES (?, ?, ?, ?)
==> Parameters: 在材料科学中，我研究了物质的潜力。(String), 1(Long), 2024-09-28T19:07:44.119842300(LocalDateTime), 2024-09-28T19:07:44.119842300(LocalDateTime)
<==    Updates: 1
Releasing transactional SqlSession [org.apache.ibatis.session.defaults.DefaultSqlSession@5d10e2b6]
Transaction synchronization committing SqlSession [org.apache.ibatis.session.defaults.DefaultSqlSession@5d10e2b6]
Transaction synchronization deregistering SqlSession [org.apache.ibatis.session.defaults.DefaultSqlSession@5d10e2b6]
Transaction synchronization closing SqlSession [org.apache.ibatis.session.defaults.DefaultSqlSession@5d10e2b6]
Creating a new SqlSession
Registering transaction synchronization for SqlSession [org.apache.ibatis.session.defaults.DefaultSqlSession@4fb42efa]
JDBC Connection [HikariProxyConnection@1370256119 wrapping com.mysql.cj.jdbc.ConnectionImpl@7e615c6a] will be managed by Spring
==>  Preparing: INSERT INTO `tb_post` (content, author_id, publish_at, last_update) VALUES (?, ?, ?, ?)
==> Parameters: 在食品科学中，我创造了健康的美食。(String), 9(Long), 2024-09-28T19:07:44.129644300(LocalDateTime), 2024-09-28T19:07:44.129644300(LocalDateTime)
<==    Updates: 1
Releasing transactional SqlSession [org.apache.ibatis.session.defaults.DefaultSqlSession@4fb42efa]
Transaction synchronization committing SqlSession [org.apache.ibatis.session.defaults.DefaultSqlSession@4fb42efa]
Transaction synchronization deregistering SqlSession [org.apache.ibatis.session.defaults.DefaultSqlSession@4fb42efa]
Transaction synchronization closing SqlSession [org.apache.ibatis.session.defaults.DefaultSqlSession@4fb42efa]
Creating a new SqlSession
Registering transaction synchronization for SqlSession [org.apache.ibatis.session.defaults.DefaultSqlSession@22e650e]
JDBC Connection [HikariProxyConnection@929803808 wrapping com.mysql.cj.jdbc.ConnectionImpl@7e615c6a] will be managed by Spring
==>  Preparing: INSERT INTO `tb_post` (content, author_id, publish_at, last_update) VALUES (?, ?, ?, ?)
==> Parameters: 在营养学中，我学习了健康的饮食。(String), 68(Long), 2024-09-28T19:07:44.139976900(LocalDateTime), 2024-09-28T19:07:44.139976900(LocalDateTime)
<==    Updates: 1
Releasing transactional SqlSession [org.apache.ibatis.session.defaults.DefaultSqlSession@22e650e]
Transaction synchronization committing SqlSession [org.apache.ibatis.session.defaults.DefaultSqlSession@22e650e]
Transaction synchronization deregistering SqlSession [org.apache.ibatis.session.defaults.DefaultSqlSession@22e650e]
Transaction synchronization closing SqlSession [org.apache.ibatis.session.defaults.DefaultSqlSession@22e650e]
Creating a new SqlSession
Registering transaction synchronization for SqlSession [org.apache.ibatis.session.defaults.DefaultSqlSession@4a0fc665]
JDBC Connection [HikariProxyConnection@275233868 wrapping com.mysql.cj.jdbc.ConnectionImpl@7e615c6a] will be managed by Spring
==>  Preparing: INSERT INTO `tb_post` (content, author_id, publish_at, last_update) VALUES (?, ?, ?, ?)
==> Parameters: 在旅游管理中，我规划了完美的旅程。(String), 76(Long), 2024-09-28T19:07:44.149671300(LocalDateTime), 2024-09-28T19:07:44.149671300(LocalDateTime)
<==    Updates: 1
Releasing transactional SqlSession [org.apache.ibatis.session.defaults.DefaultSqlSession@4a0fc665]
Transaction synchronization committing SqlSession [org.apache.ibatis.session.defaults.DefaultSqlSession@4a0fc665]
Transaction synchronization deregistering SqlSession [org.apache.ibatis.session.defaults.DefaultSqlSession@4a0fc665]
Transaction synchronization closing SqlSession [org.apache.ibatis.session.defaults.DefaultSqlSession@4a0fc665]
Creating a new SqlSession
Registering transaction synchronization for SqlSession [org.apache.ibatis.session.defaults.DefaultSqlSession@69f55ea]
JDBC Connection [HikariProxyConnection@839099566 wrapping com.mysql.cj.jdbc.ConnectionImpl@7e615c6a] will be managed by Spring
==>  Preparing: INSERT INTO `tb_post` (content, author_id, publish_at, last_update) VALUES (?, ?, ?, ?)
==> Parameters: 在酒店管理中，我提供了优质的服务。(String), 6(Long), 2024-09-28T19:07:44.149671300(LocalDateTime), 2024-09-28T19:07:44.149671300(LocalDateTime)
<==    Updates: 1
Releasing transactional SqlSession [org.apache.ibatis.session.defaults.DefaultSqlSession@69f55ea]
Transaction synchronization committing SqlSession [org.apache.ibatis.session.defaults.DefaultSqlSession@69f55ea]
Transaction synchronization deregistering SqlSession [org.apache.ibatis.session.defaults.DefaultSqlSession@69f55ea]
Transaction synchronization closing SqlSession [org.apache.ibatis.session.defaults.DefaultSqlSession@69f55ea]
Creating a new SqlSession
Registering transaction synchronization for SqlSession [org.apache.ibatis.session.defaults.DefaultSqlSession@363d29dd]
JDBC Connection [HikariProxyConnection@1089958197 wrapping com.mysql.cj.jdbc.ConnectionImpl@7e615c6a] will be managed by Spring
==>  Preparing: INSERT INTO `tb_post` (content, author_id, publish_at, last_update) VALUES (?, ?, ?, ?)
==> Parameters: 在市场营销中，我推广了优秀的产品。(String), 31(Long), 2024-09-28T19:07:44.159764700(LocalDateTime), 2024-09-28T19:07:44.159764700(LocalDateTime)
<==    Updates: 1
Releasing transactional SqlSession [org.apache.ibatis.session.defaults.DefaultSqlSession@363d29dd]
Transaction synchronization committing SqlSession [org.apache.ibatis.session.defaults.DefaultSqlSession@363d29dd]
Transaction synchronization deregistering SqlSession [org.apache.ibatis.session.defaults.DefaultSqlSession@363d29dd]
Transaction synchronization closing SqlSession [org.apache.ibatis.session.defaults.DefaultSqlSession@363d29dd]
Creating a new SqlSession
Registering transaction synchronization for SqlSession [org.apache.ibatis.session.defaults.DefaultSqlSession@64dfa1a3]
JDBC Connection [HikariProxyConnection@126251002 wrapping com.mysql.cj.jdbc.ConnectionImpl@7e615c6a] will be managed by Spring
==>  Preparing: INSERT INTO `tb_post` (content, author_id, publish_at, last_update) VALUES (?, ?, ?, ?)
==> Parameters: 在人力资源管理中，我构建了高效的团队。(String), 94(Long), 2024-09-28T19:07:44.159764700(LocalDateTime), 2024-09-28T19:07:44.159764700(LocalDateTime)
<==    Updates: 1
Releasing transactional SqlSession [org.apache.ibatis.session.defaults.DefaultSqlSession@64dfa1a3]
Transaction synchronization committing SqlSession [org.apache.ibatis.session.defaults.DefaultSqlSession@64dfa1a3]
Transaction synchronization deregistering SqlSession [org.apache.ibatis.session.defaults.DefaultSqlSession@64dfa1a3]
Transaction synchronization closing SqlSession [org.apache.ibatis.session.defaults.DefaultSqlSession@64dfa1a3]
Creating a new SqlSession
Registering transaction synchronization for SqlSession [org.apache.ibatis.session.defaults.DefaultSqlSession@73502d5e]
JDBC Connection [HikariProxyConnection@557569642 wrapping com.mysql.cj.jdbc.ConnectionImpl@7e615c6a] will be managed by Spring
==>  Preparing: INSERT INTO `tb_post` (content, author_id, publish_at, last_update) VALUES (?, ?, ?, ?)
==> Parameters: 在财务管理中，我确保了资金的合理流动。(String), 47(Long), 2024-09-28T19:07:44.169960200(LocalDateTime), 2024-09-28T19:07:44.169960200(LocalDateTime)
<==    Updates: 1
Releasing transactional SqlSession [org.apache.ibatis.session.defaults.DefaultSqlSession@73502d5e]
Transaction synchronization committing SqlSession [org.apache.ibatis.session.defaults.DefaultSqlSession@73502d5e]
Transaction synchronization deregistering SqlSession [org.apache.ibatis.session.defaults.DefaultSqlSession@73502d5e]
Transaction synchronization closing SqlSession [org.apache.ibatis.session.defaults.DefaultSqlSession@73502d5e]
Creating a new SqlSession
Registering transaction synchronization for SqlSession [org.apache.ibatis.session.defaults.DefaultSqlSession@5bbb0a25]
JDBC Connection [HikariProxyConnection@1755976036 wrapping com.mysql.cj.jdbc.ConnectionImpl@7e615c6a] will be managed by Spring
==>  Preparing: INSERT INTO `tb_post` (content, author_id, publish_at, last_update) VALUES (?, ?, ?, ?)
==> Parameters: 在供应链管理中，我优化了物流的效率。(String), 16(Long), 2024-09-28T19:07:44.180183200(LocalDateTime), 2024-09-28T19:07:44.180183200(LocalDateTime)
<==    Updates: 1
Releasing transactional SqlSession [org.apache.ibatis.session.defaults.DefaultSqlSession@5bbb0a25]
Transaction synchronization committing SqlSession [org.apache.ibatis.session.defaults.DefaultSqlSession@5bbb0a25]
Transaction synchronization deregistering SqlSession [org.apache.ibatis.session.defaults.DefaultSqlSession@5bbb0a25]
Transaction synchronization closing SqlSession [org.apache.ibatis.session.defaults.DefaultSqlSession@5bbb0a25]
Creating a new SqlSession
Registering transaction synchronization for SqlSession [org.apache.ibatis.session.defaults.DefaultSqlSession@5694f6a0]
JDBC Connection [HikariProxyConnection@945276373 wrapping com.mysql.cj.jdbc.ConnectionImpl@7e615c6a] will be managed by Spring
==>  Preparing: INSERT INTO `tb_post` (content, author_id, publish_at, last_update) VALUES (?, ?, ?, ?)
==> Parameters: 在项目管理中，我实现了目标的达成。(String), 3(Long), 2024-09-28T19:07:44.180183200(LocalDateTime), 2024-09-28T19:07:44.180183200(LocalDateTime)
<==    Updates: 1
Releasing transactional SqlSession [org.apache.ibatis.session.defaults.DefaultSqlSession@5694f6a0]
Transaction synchronization committing SqlSession [org.apache.ibatis.session.defaults.DefaultSqlSession@5694f6a0]
Transaction synchronization deregistering SqlSession [org.apache.ibatis.session.defaults.DefaultSqlSession@5694f6a0]
Transaction synchronization closing SqlSession [org.apache.ibatis.session.defaults.DefaultSqlSession@5694f6a0]
Creating a new SqlSession
Registering transaction synchronization for SqlSession [org.apache.ibatis.session.defaults.DefaultSqlSession@5345552f]
JDBC Connection [HikariProxyConnection@923117660 wrapping com.mysql.cj.jdbc.ConnectionImpl@7e615c6a] will be managed by Spring
==>  Preparing: INSERT INTO `tb_post` (content, author_id, publish_at, last_update) VALUES (?, ?, ?, ?)
==> Parameters: 在客户关系管理中，我建立了良好的关系。(String), 33(Long), 2024-09-28T19:07:44.189722800(LocalDateTime), 2024-09-28T19:07:44.189722800(LocalDateTime)
<==    Updates: 1
Releasing transactional SqlSession [org.apache.ibatis.session.defaults.DefaultSqlSession@5345552f]
Transaction synchronization committing SqlSession [org.apache.ibatis.session.defaults.DefaultSqlSession@5345552f]
Transaction synchronization deregistering SqlSession [org.apache.ibatis.session.defaults.DefaultSqlSession@5345552f]
Transaction synchronization closing SqlSession [org.apache.ibatis.session.defaults.DefaultSqlSession@5345552f]
Creating a new SqlSession
Registering transaction synchronization for SqlSession [org.apache.ibatis.session.defaults.DefaultSqlSession@5cf39df6]
JDBC Connection [HikariProxyConnection@1149529206 wrapping com.mysql.cj.jdbc.ConnectionImpl@7e615c6a] will be managed by Spring
==>  Preparing: INSERT INTO `tb_post` (content, author_id, publish_at, last_update) VALUES (?, ?, ?, ?)
==> Parameters: 在质量管理中，我保证了产品的标准。(String), 40(Long), 2024-09-28T19:07:44.189722800(LocalDateTime), 2024-09-28T19:07:44.189722800(LocalDateTime)
<==    Updates: 1
Releasing transactional SqlSession [org.apache.ibatis.session.defaults.DefaultSqlSession@5cf39df6]
Transaction synchronization committing SqlSession [org.apache.ibatis.session.defaults.DefaultSqlSession@5cf39df6]
Transaction synchronization deregistering SqlSession [org.apache.ibatis.session.defaults.DefaultSqlSession@5cf39df6]
Transaction synchronization closing SqlSession [org.apache.ibatis.session.defaults.DefaultSqlSession@5cf39df6]
Creating a new SqlSession
Registering transaction synchronization for SqlSession [org.apache.ibatis.session.defaults.DefaultSqlSession@634d56eb]
JDBC Connection [HikariProxyConnection@582266124 wrapping com.mysql.cj.jdbc.ConnectionImpl@7e615c6a] will be managed by Spring
==>  Preparing: INSERT INTO `tb_post` (content, author_id, publish_at, last_update) VALUES (?, ?, ?, ?)
==> Parameters: 在风险管理中，我预防了潜在的问题。(String), 36(Long), 2024-09-28T19:07:44.203764200(LocalDateTime), 2024-09-28T19:07:44.203764200(LocalDateTime)
<==    Updates: 1
Releasing transactional SqlSession [org.apache.ibatis.session.defaults.DefaultSqlSession@634d56eb]
Transaction synchronization committing SqlSession [org.apache.ibatis.session.defaults.DefaultSqlSession@634d56eb]
Transaction synchronization deregistering SqlSession [org.apache.ibatis.session.defaults.DefaultSqlSession@634d56eb]
Transaction synchronization closing SqlSession [org.apache.ibatis.session.defaults.DefaultSqlSession@634d56eb]
Creating a new SqlSession
Registering transaction synchronization for SqlSession [org.apache.ibatis.session.defaults.DefaultSqlSession@43778d6d]
JDBC Connection [HikariProxyConnection@431176461 wrapping com.mysql.cj.jdbc.ConnectionImpl@7e615c6a] will be managed by Spring
==>  Preparing: INSERT INTO `tb_post` (content, author_id, publish_at, last_update) VALUES (?, ?, ?, ?)
==> Parameters: 在战略规划中，我制定了长远的目标。(String), 37(Long), 2024-09-28T19:07:44.205803100(LocalDateTime), 2024-09-28T19:07:44.205803100(LocalDateTime)
<==    Updates: 1
Releasing transactional SqlSession [org.apache.ibatis.session.defaults.DefaultSqlSession@43778d6d]
Transaction synchronization committing SqlSession [org.apache.ibatis.session.defaults.DefaultSqlSession@43778d6d]
Transaction synchronization deregistering SqlSession [org.apache.ibatis.session.defaults.DefaultSqlSession@43778d6d]
Transaction synchronization closing SqlSession [org.apache.ibatis.session.defaults.DefaultSqlSession@43778d6d]
Creating a new SqlSession
Registering transaction synchronization for SqlSession [org.apache.ibatis.session.defaults.DefaultSqlSession@d827673]
JDBC Connection [HikariProxyConnection@131789159 wrapping com.mysql.cj.jdbc.ConnectionImpl@7e615c6a] will be managed by Spring
==>  Preparing: INSERT INTO `tb_post` (content, author_id, publish_at, last_update) VALUES (?, ?, ?, ?)
==> Parameters: 在品牌管理中，我塑造了独特的形象。(String), 1(Long), 2024-09-28T19:07:44.209812100(LocalDateTime), 2024-09-28T19:07:44.209812100(LocalDateTime)
<==    Updates: 1
Releasing transactional SqlSession [org.apache.ibatis.session.defaults.DefaultSqlSession@d827673]
Transaction synchronization committing SqlSession [org.apache.ibatis.session.defaults.DefaultSqlSession@d827673]
Transaction synchronization deregistering SqlSession [org.apache.ibatis.session.defaults.DefaultSqlSession@d827673]
Transaction synchronization closing SqlSession [org.apache.ibatis.session.defaults.DefaultSqlSession@d827673]
Creating a new SqlSession
Registering transaction synchronization for SqlSession [org.apache.ibatis.session.defaults.DefaultSqlSession@34893693]
JDBC Connection [HikariProxyConnection@795924364 wrapping com.mysql.cj.jdbc.ConnectionImpl@7e615c6a] will be managed by Spring
==>  Preparing: INSERT INTO `tb_post` (content, author_id, publish_at, last_update) VALUES (?, ?, ?, ?)
==> Parameters: 在创意写作中，我编织了精彩的故事。(String), 36(Long), 2024-09-28T19:07:44.219750700(LocalDateTime), 2024-09-28T19:07:44.219750700(LocalDateTime)
<==    Updates: 1
Releasing transactional SqlSession [org.apache.ibatis.session.defaults.DefaultSqlSession@34893693]
Transaction synchronization committing SqlSession [org.apache.ibatis.session.defaults.DefaultSqlSession@34893693]
Transaction synchronization deregistering SqlSession [org.apache.ibatis.session.defaults.DefaultSqlSession@34893693]
Transaction synchronization closing SqlSession [org.apache.ibatis.session.defaults.DefaultSqlSession@34893693]
Creating a new SqlSession
Registering transaction synchronization for SqlSession [org.apache.ibatis.session.defaults.DefaultSqlSession@58fadccb]
JDBC Connection [HikariProxyConnection@1137887459 wrapping com.mysql.cj.jdbc.ConnectionImpl@7e615c6a] will be managed by Spring
==>  Preparing: INSERT INTO `tb_post` (content, author_id, publish_at, last_update) VALUES (?, ?, ?, ?)
==> Parameters: 在公共关系中，我维护了公司的形象。(String), 35(Long), 2024-09-28T19:07:44.221501500(LocalDateTime), 2024-09-28T19:07:44.221501500(LocalDateTime)
<==    Updates: 1
Releasing transactional SqlSession [org.apache.ibatis.session.defaults.DefaultSqlSession@58fadccb]
Transaction synchronization committing SqlSession [org.apache.ibatis.session.defaults.DefaultSqlSession@58fadccb]
Transaction synchronization deregistering SqlSession [org.apache.ibatis.session.defaults.DefaultSqlSession@58fadccb]
Transaction synchronization closing SqlSession [org.apache.ibatis.session.defaults.DefaultSqlSession@58fadccb]
Creating a new SqlSession
Registering transaction synchronization for SqlSession [org.apache.ibatis.session.defaults.DefaultSqlSession@a5df98c]
JDBC Connection [HikariProxyConnection@219541553 wrapping com.mysql.cj.jdbc.ConnectionImpl@7e615c6a] will be managed by Spring
==>  Preparing: INSERT INTO `tb_post` (content, author_id, publish_at, last_update) VALUES (?, ?, ?, ?)
==> Parameters: 在数据分析中，我发现了数据背后的故事。(String), 94(Long), 2024-09-28T19:07:44.229837500(LocalDateTime), 2024-09-28T19:07:44.229837500(LocalDateTime)
<==    Updates: 1
Releasing transactional SqlSession [org.apache.ibatis.session.defaults.DefaultSqlSession@a5df98c]
Transaction synchronization committing SqlSession [org.apache.ibatis.session.defaults.DefaultSqlSession@a5df98c]
Transaction synchronization deregistering SqlSession [org.apache.ibatis.session.defaults.DefaultSqlSession@a5df98c]
Transaction synchronization closing SqlSession [org.apache.ibatis.session.defaults.DefaultSqlSession@a5df98c]
Creating a new SqlSession
Registering transaction synchronization for SqlSession [org.apache.ibatis.session.defaults.DefaultSqlSession@12ebcdf6]
JDBC Connection [HikariProxyConnection@143641035 wrapping com.mysql.cj.jdbc.ConnectionImpl@7e615c6a] will be managed by Spring
==>  Preparing: INSERT INTO `tb_post` (content, author_id, publish_at, last_update) VALUES (?, ?, ?, ?)
==> Parameters: 在用户体验设计中，我创造了愉悦的体验。(String), 98(Long), 2024-09-28T19:07:44.239836400(LocalDateTime), 2024-09-28T19:07:44.239836400(LocalDateTime)
<==    Updates: 1
Releasing transactional SqlSession [org.apache.ibatis.session.defaults.DefaultSqlSession@12ebcdf6]
Transaction synchronization committing SqlSession [org.apache.ibatis.session.defaults.DefaultSqlSession@12ebcdf6]
Transaction synchronization deregistering SqlSession [org.apache.ibatis.session.defaults.DefaultSqlSession@12ebcdf6]
Transaction synchronization closing SqlSession [org.apache.ibatis.session.defaults.DefaultSqlSession@12ebcdf6]
Creating a new SqlSession
Registering transaction synchronization for SqlSession [org.apache.ibatis.session.defaults.DefaultSqlSession@603a34e5]
JDBC Connection [HikariProxyConnection@720486234 wrapping com.mysql.cj.jdbc.ConnectionImpl@7e615c6a] will be managed by Spring
==>  Preparing: INSERT INTO `tb_post` (content, author_id, publish_at, last_update) VALUES (?, ?, ?, ?)
==> Parameters: 在网页设计中，我构建了直观的界面。(String), 4(Long), 2024-09-28T19:07:44.249989900(LocalDateTime), 2024-09-28T19:07:44.249989900(LocalDateTime)
<==    Updates: 1
Releasing transactional SqlSession [org.apache.ibatis.session.defaults.DefaultSqlSession@603a34e5]
Transaction synchronization committing SqlSession [org.apache.ibatis.session.defaults.DefaultSqlSession@603a34e5]
Transaction synchronization deregistering SqlSession [org.apache.ibatis.session.defaults.DefaultSqlSession@603a34e5]
Transaction synchronization closing SqlSession [org.apache.ibatis.session.defaults.DefaultSqlSession@603a34e5]
Creating a new SqlSession
Registering transaction synchronization for SqlSession [org.apache.ibatis.session.defaults.DefaultSqlSession@51eeae0a]
JDBC Connection [HikariProxyConnection@1431871221 wrapping com.mysql.cj.jdbc.ConnectionImpl@7e615c6a] will be managed by Spring
==>  Preparing: INSERT INTO `tb_post` (content, author_id, publish_at, last_update) VALUES (?, ?, ?, ?)
==> Parameters: 在移动应用开发中，我提供了便捷的服务。(String), 63(Long), 2024-09-28T19:07:44.260051100(LocalDateTime), 2024-09-28T19:07:44.260051100(LocalDateTime)
<==    Updates: 1
Releasing transactional SqlSession [org.apache.ibatis.session.defaults.DefaultSqlSession@51eeae0a]
Transaction synchronization committing SqlSession [org.apache.ibatis.session.defaults.DefaultSqlSession@51eeae0a]
Transaction synchronization deregistering SqlSession [org.apache.ibatis.session.defaults.DefaultSqlSession@51eeae0a]
Transaction synchronization closing SqlSession [org.apache.ibatis.session.defaults.DefaultSqlSession@51eeae0a]
Creating a new SqlSession
Registering transaction synchronization for SqlSession [org.apache.ibatis.session.defaults.DefaultSqlSession@6731b6bd]
JDBC Connection [HikariProxyConnection@525313125 wrapping com.mysql.cj.jdbc.ConnectionImpl@7e615c6a] will be managed by Spring
==>  Preparing: INSERT INTO `tb_post` (content, author_id, publish_at, last_update) VALUES (?, ?, ?, ?)
==> Parameters: 在游戏设计中，我创造了有趣的世界。(String), 82(Long), 2024-09-28T19:07:44.269918100(LocalDateTime), 2024-09-28T19:07:44.269918100(LocalDateTime)
<==    Updates: 1
Releasing transactional SqlSession [org.apache.ibatis.session.defaults.DefaultSqlSession@6731b6bd]
Transaction synchronization committing SqlSession [org.apache.ibatis.session.defaults.DefaultSqlSession@6731b6bd]
Transaction synchronization deregistering SqlSession [org.apache.ibatis.session.defaults.DefaultSqlSession@6731b6bd]
Transaction synchronization closing SqlSession [org.apache.ibatis.session.defaults.DefaultSqlSession@6731b6bd]
Creating a new SqlSession
Registering transaction synchronization for SqlSession [org.apache.ibatis.session.defaults.DefaultSqlSession@6414eb98]
JDBC Connection [HikariProxyConnection@892155721 wrapping com.mysql.cj.jdbc.ConnectionImpl@7e615c6a] will be managed by Spring
==>  Preparing: INSERT INTO `tb_post` (content, author_id, publish_at, last_update) VALUES (?, ?, ?, ?)
==> Parameters: 在虚拟现实开发中，我打造了沉浸的体验。(String), 62(Long), 2024-09-28T19:07:44.279624300(LocalDateTime), 2024-09-28T19:07:44.279624300(LocalDateTime)
<==    Updates: 1
Releasing transactional SqlSession [org.apache.ibatis.session.defaults.DefaultSqlSession@6414eb98]
Transaction synchronization committing SqlSession [org.apache.ibatis.session.defaults.DefaultSqlSession@6414eb98]
Transaction synchronization deregistering SqlSession [org.apache.ibatis.session.defaults.DefaultSqlSession@6414eb98]
Transaction synchronization closing SqlSession [org.apache.ibatis.session.defaults.DefaultSqlSession@6414eb98]
Creating a new SqlSession
Registering transaction synchronization for SqlSession [org.apache.ibatis.session.defaults.DefaultSqlSession@fc6cac6]
JDBC Connection [HikariProxyConnection@1023842266 wrapping com.mysql.cj.jdbc.ConnectionImpl@7e615c6a] will be managed by Spring
==>  Preparing: INSERT INTO `tb_post` (content, author_id, publish_at, last_update) VALUES (?, ?, ?, ?)
==> Parameters: 在数字营销中，我吸引了目标的受众。(String), 75(Long), 2024-09-28T19:07:44.290047700(LocalDateTime), 2024-09-28T19:07:44.290047700(LocalDateTime)
<==    Updates: 1
Releasing transactional SqlSession [org.apache.ibatis.session.defaults.DefaultSqlSession@fc6cac6]
Transaction synchronization committing SqlSession [org.apache.ibatis.session.defaults.DefaultSqlSession@fc6cac6]
Transaction synchronization deregistering SqlSession [org.apache.ibatis.session.defaults.DefaultSqlSession@fc6cac6]
Transaction synchronization closing SqlSession [org.apache.ibatis.session.defaults.DefaultSqlSession@fc6cac6]
Creating a new SqlSession
Registering transaction synchronization for SqlSession [org.apache.ibatis.session.defaults.DefaultSqlSession@481f698f]
JDBC Connection [HikariProxyConnection@1168376659 wrapping com.mysql.cj.jdbc.ConnectionImpl@7e615c6a] will be managed by Spring
==>  Preparing: INSERT INTO `tb_post` (content, author_id, publish_at, last_update) VALUES (?, ?, ?, ?)
==> Parameters: 在内容创作中，我传递了有价值的信息。(String), 26(Long), 2024-09-28T19:07:44.300926900(LocalDateTime), 2024-09-28T19:07:44.300926900(LocalDateTime)
<==    Updates: 1
Releasing transactional SqlSession [org.apache.ibatis.session.defaults.DefaultSqlSession@481f698f]
Transaction synchronization committing SqlSession [org.apache.ibatis.session.defaults.DefaultSqlSession@481f698f]
Transaction synchronization deregistering SqlSession [org.apache.ibatis.session.defaults.DefaultSqlSession@481f698f]
Transaction synchronization closing SqlSession [org.apache.ibatis.session.defaults.DefaultSqlSession@481f698f]
Creating a new SqlSession
Registering transaction synchronization for SqlSession [org.apache.ibatis.session.defaults.DefaultSqlSession@356cb230]
JDBC Connection [HikariProxyConnection@505957776 wrapping com.mysql.cj.jdbc.ConnectionImpl@7e615c6a] will be managed by Spring
==>  Preparing: INSERT INTO `tb_post` (content, author_id, publish_at, last_update) VALUES (?, ?, ?, ?)
==> Parameters: 在社交媒体管理中，我增强了品牌的互动。(String), 2(Long), 2024-09-28T19:07:44.310482300(LocalDateTime), 2024-09-28T19:07:44.310482300(LocalDateTime)
<==    Updates: 1
Releasing transactional SqlSession [org.apache.ibatis.session.defaults.DefaultSqlSession@356cb230]
Transaction synchronization committing SqlSession [org.apache.ibatis.session.defaults.DefaultSqlSession@356cb230]
Transaction synchronization deregistering SqlSession [org.apache.ibatis.session.defaults.DefaultSqlSession@356cb230]
Transaction synchronization closing SqlSession [org.apache.ibatis.session.defaults.DefaultSqlSession@356cb230]
Creating a new SqlSession
Registering transaction synchronization for SqlSession [org.apache.ibatis.session.defaults.DefaultSqlSession@5d3d5242]
JDBC Connection [HikariProxyConnection@1754547054 wrapping com.mysql.cj.jdbc.ConnectionImpl@7e615c6a] will be managed by Spring
==>  Preparing: INSERT INTO `tb_post` (content, author_id, publish_at, last_update) VALUES (?, ?, ?, ?)
==> Parameters: 在广告创意中，我激发了消费者的想象。(String), 79(Long), 2024-09-28T19:07:44.319919300(LocalDateTime), 2024-09-28T19:07:44.319919300(LocalDateTime)
<==    Updates: 1
Releasing transactional SqlSession [org.apache.ibatis.session.defaults.DefaultSqlSession@5d3d5242]
Transaction synchronization committing SqlSession [org.apache.ibatis.session.defaults.DefaultSqlSession@5d3d5242]
Transaction synchronization deregistering SqlSession [org.apache.ibatis.session.defaults.DefaultSqlSession@5d3d5242]
Transaction synchronization closing SqlSession [org.apache.ibatis.session.defaults.DefaultSqlSession@5d3d5242]
Creating a new SqlSession
Registering transaction synchronization for SqlSession [org.apache.ibatis.session.defaults.DefaultSqlSession@2738a1fc]
JDBC Connection [HikariProxyConnection@768027660 wrapping com.mysql.cj.jdbc.ConnectionImpl@7e615c6a] will be managed by Spring
==>  Preparing: INSERT INTO `tb_post` (content, author_id, publish_at, last_update) VALUES (?, ?, ?, ?)
==> Parameters: 在版权法中，我保护了创意的权益。(String), 49(Long), 2024-09-28T19:07:44.329690100(LocalDateTime), 2024-09-28T19:07:44.329690100(LocalDateTime)
<==    Updates: 1
Releasing transactional SqlSession [org.apache.ibatis.session.defaults.DefaultSqlSession@2738a1fc]
Transaction synchronization committing SqlSession [org.apache.ibatis.session.defaults.DefaultSqlSession@2738a1fc]
Transaction synchronization deregistering SqlSession [org.apache.ibatis.session.defaults.DefaultSqlSession@2738a1fc]
Transaction synchronization closing SqlSession [org.apache.ibatis.session.defaults.DefaultSqlSession@2738a1fc]
Creating a new SqlSession
Registering transaction synchronization for SqlSession [org.apache.ibatis.session.defaults.DefaultSqlSession@7a25f8ee]
JDBC Connection [HikariProxyConnection@1732123890 wrapping com.mysql.cj.jdbc.ConnectionImpl@7e615c6a] will be managed by Spring
==>  Preparing: INSERT INTO `tb_post` (content, author_id, publish_at, last_update) VALUES (?, ?, ?, ?)
==> Parameters: 在专利法中，我鼓励了创新的发明。(String), 42(Long), 2024-09-28T19:07:44.339528900(LocalDateTime), 2024-09-28T19:07:44.339528900(LocalDateTime)
<==    Updates: 1
Releasing transactional SqlSession [org.apache.ibatis.session.defaults.DefaultSqlSession@7a25f8ee]
Transaction synchronization committing SqlSession [org.apache.ibatis.session.defaults.DefaultSqlSession@7a25f8ee]
Transaction synchronization deregistering SqlSession [org.apache.ibatis.session.defaults.DefaultSqlSession@7a25f8ee]
Transaction synchronization closing SqlSession [org.apache.ibatis.session.defaults.DefaultSqlSession@7a25f8ee]
Creating a new SqlSession
Registering transaction synchronization for SqlSession [org.apache.ibatis.session.defaults.DefaultSqlSession@2cbae0f1]
JDBC Connection [HikariProxyConnection@227339492 wrapping com.mysql.cj.jdbc.ConnectionImpl@7e615c6a] will be managed by Spring
==>  Preparing: INSERT INTO `tb_post` (content, author_id, publish_at, last_update) VALUES (?, ?, ?, ?)
==> Parameters: 在商标法中，我确保了品牌的识别。(String), 9(Long), 2024-09-28T19:07:44.350430800(LocalDateTime), 2024-09-28T19:07:44.350430800(LocalDateTime)
<==    Updates: 1
Releasing transactional SqlSession [org.apache.ibatis.session.defaults.DefaultSqlSession@2cbae0f1]
Transaction synchronization committing SqlSession [org.apache.ibatis.session.defaults.DefaultSqlSession@2cbae0f1]
Transaction synchronization deregistering SqlSession [org.apache.ibatis.session.defaults.DefaultSqlSession@2cbae0f1]
Transaction synchronization closing SqlSession [org.apache.ibatis.session.defaults.DefaultSqlSession@2cbae0f1]
Creating a new SqlSession
Registering transaction synchronization for SqlSession [org.apache.ibatis.session.defaults.DefaultSqlSession@30f54522]
JDBC Connection [HikariProxyConnection@1139386530 wrapping com.mysql.cj.jdbc.ConnectionImpl@7e615c6a] will be managed by Spring
==>  Preparing: INSERT INTO `tb_post` (content, author_id, publish_at, last_update) VALUES (?, ?, ?, ?)
==> Parameters: 在国际贸易中，我拓展了全球的市场。(String), 36(Long), 2024-09-28T19:07:44.360601800(LocalDateTime), 2024-09-28T19:07:44.360601800(LocalDateTime)
<==    Updates: 1
Releasing transactional SqlSession [org.apache.ibatis.session.defaults.DefaultSqlSession@30f54522]
Transaction synchronization committing SqlSession [org.apache.ibatis.session.defaults.DefaultSqlSession@30f54522]
Transaction synchronization deregistering SqlSession [org.apache.ibatis.session.defaults.DefaultSqlSession@30f54522]
Transaction synchronization closing SqlSession [org.apache.ibatis.session.defaults.DefaultSqlSession@30f54522]
Creating a new SqlSession
Registering transaction synchronization for SqlSession [org.apache.ibatis.session.defaults.DefaultSqlSession@74ed1d35]
JDBC Connection [HikariProxyConnection@1565583350 wrapping com.mysql.cj.jdbc.ConnectionImpl@7e615c6a] will be managed by Spring
==>  Preparing: INSERT INTO `tb_post` (content, author_id, publish_at, last_update) VALUES (?, ?, ?, ?)
==> Parameters: 在商业谈判中，我达成了共赢的协议。(String), 52(Long), 2024-09-28T19:07:44.369789700(LocalDateTime), 2024-09-28T19:07:44.369789700(LocalDateTime)
<==    Updates: 1
Releasing transactional SqlSession [org.apache.ibatis.session.defaults.DefaultSqlSession@74ed1d35]
Transaction synchronization committing SqlSession [org.apache.ibatis.session.defaults.DefaultSqlSession@74ed1d35]
Transaction synchronization deregistering SqlSession [org.apache.ibatis.session.defaults.DefaultSqlSession@74ed1d35]
Transaction synchronization closing SqlSession [org.apache.ibatis.session.defaults.DefaultSqlSession@74ed1d35]
Creating a new SqlSession
Registering transaction synchronization for SqlSession [org.apache.ibatis.session.defaults.DefaultSqlSession@4a937d43]
JDBC Connection [HikariProxyConnection@428307539 wrapping com.mysql.cj.jdbc.ConnectionImpl@7e615c6a] will be managed by Spring
==>  Preparing: INSERT INTO `tb_post` (content, author_id, publish_at, last_update) VALUES (?, ?, ?, ?)
==> Parameters: 在企业社会责任中，我推动了社会的改善。(String), 52(Long), 2024-09-28T19:07:44.379714400(LocalDateTime), 2024-09-28T19:07:44.379714400(LocalDateTime)
<==    Updates: 1
Releasing transactional SqlSession [org.apache.ibatis.session.defaults.DefaultSqlSession@4a937d43]
Transaction synchronization committing SqlSession [org.apache.ibatis.session.defaults.DefaultSqlSession@4a937d43]
Transaction synchronization deregistering SqlSession [org.apache.ibatis.session.defaults.DefaultSqlSession@4a937d43]
Transaction synchronization closing SqlSession [org.apache.ibatis.session.defaults.DefaultSqlSession@4a937d43]
Creating a new SqlSession
Registering transaction synchronization for SqlSession [org.apache.ibatis.session.defaults.DefaultSqlSession@3af6d7a7]
JDBC Connection [HikariProxyConnection@730553758 wrapping com.mysql.cj.jdbc.ConnectionImpl@7e615c6a] will be managed by Spring
==>  Preparing: INSERT INTO `tb_post` (content, author_id, publish_at, last_update) VALUES (?, ?, ?, ?)
==> Parameters: 在《塞尔达传说》中探索海拉尔大陆，每一次冒险都充满惊喜。(String), 26(Long), 2024-09-28T19:07:44.379714400(LocalDateTime), 2024-09-28T19:07:44.379714400(LocalDateTime)
<==    Updates: 1
Releasing transactional SqlSession [org.apache.ibatis.session.defaults.DefaultSqlSession@3af6d7a7]
Transaction synchronization committing SqlSession [org.apache.ibatis.session.defaults.DefaultSqlSession@3af6d7a7]
Transaction synchronization deregistering SqlSession [org.apache.ibatis.session.defaults.DefaultSqlSession@3af6d7a7]
Transaction synchronization closing SqlSession [org.apache.ibatis.session.defaults.DefaultSqlSession@3af6d7a7]
Creating a new SqlSession
Registering transaction synchronization for SqlSession [org.apache.ibatis.session.defaults.DefaultSqlSession@158cb50a]
JDBC Connection [HikariProxyConnection@1776434836 wrapping com.mysql.cj.jdbc.ConnectionImpl@7e615c6a] will be managed by Spring
==>  Preparing: INSERT INTO `tb_post` (content, author_id, publish_at, last_update) VALUES (?, ?, ?, ?)
==> Parameters: 《使命召唤》的最新章节让我感受到了战场的紧张气氛。(String), 13(Long), 2024-09-28T19:07:44.389625(LocalDateTime), 2024-09-28T19:07:44.389625(LocalDateTime)
<==    Updates: 1
Releasing transactional SqlSession [org.apache.ibatis.session.defaults.DefaultSqlSession@158cb50a]
Transaction synchronization committing SqlSession [org.apache.ibatis.session.defaults.DefaultSqlSession@158cb50a]
Transaction synchronization deregistering SqlSession [org.apache.ibatis.session.defaults.DefaultSqlSession@158cb50a]
Transaction synchronization closing SqlSession [org.apache.ibatis.session.defaults.DefaultSqlSession@158cb50a]
Creating a new SqlSession
Registering transaction synchronization for SqlSession [org.apache.ibatis.session.defaults.DefaultSqlSession@12d28106]
JDBC Connection [HikariProxyConnection@62443122 wrapping com.mysql.cj.jdbc.ConnectionImpl@7e615c6a] will be managed by Spring
==>  Preparing: INSERT INTO `tb_post` (content, author_id, publish_at, last_update) VALUES (?, ?, ?, ?)
==> Parameters: 《我的世界》里建造自己的城堡，创造力无限。(String), 60(Long), 2024-09-28T19:07:44.389625(LocalDateTime), 2024-09-28T19:07:44.389625(LocalDateTime)
<==    Updates: 1
Releasing transactional SqlSession [org.apache.ibatis.session.defaults.DefaultSqlSession@12d28106]
Transaction synchronization committing SqlSession [org.apache.ibatis.session.defaults.DefaultSqlSession@12d28106]
Transaction synchronization deregistering SqlSession [org.apache.ibatis.session.defaults.DefaultSqlSession@12d28106]
Transaction synchronization closing SqlSession [org.apache.ibatis.session.defaults.DefaultSqlSession@12d28106]
Creating a new SqlSession
Registering transaction synchronization for SqlSession [org.apache.ibatis.session.defaults.DefaultSqlSession@3054cdd3]
JDBC Connection [HikariProxyConnection@1862206951 wrapping com.mysql.cj.jdbc.ConnectionImpl@7e615c6a] will be managed by Spring
==>  Preparing: INSERT INTO `tb_post` (content, author_id, publish_at, last_update) VALUES (?, ?, ?, ?)
==> Parameters: 《动物森友会》的悠闲生活，让我暂时忘却了现实的烦恼。(String), 8(Long), 2024-09-28T19:07:44.400100500(LocalDateTime), 2024-09-28T19:07:44.400100500(LocalDateTime)
<==    Updates: 1
Releasing transactional SqlSession [org.apache.ibatis.session.defaults.DefaultSqlSession@3054cdd3]
Transaction synchronization committing SqlSession [org.apache.ibatis.session.defaults.DefaultSqlSession@3054cdd3]
Transaction synchronization deregistering SqlSession [org.apache.ibatis.session.defaults.DefaultSqlSession@3054cdd3]
Transaction synchronization closing SqlSession [org.apache.ibatis.session.defaults.DefaultSqlSession@3054cdd3]
Creating a new SqlSession
Registering transaction synchronization for SqlSession [org.apache.ibatis.session.defaults.DefaultSqlSession@21a462ce]
JDBC Connection [HikariProxyConnection@826445686 wrapping com.mysql.cj.jdbc.ConnectionImpl@7e615c6a] will be managed by Spring
==>  Preparing: INSERT INTO `tb_post` (content, author_id, publish_at, last_update) VALUES (?, ?, ?, ?)
==> Parameters: 《最终幻想》系列的深刻剧情，每次都让我感动。(String), 18(Long), 2024-09-28T19:07:44.404189900(LocalDateTime), 2024-09-28T19:07:44.404189900(LocalDateTime)
<==    Updates: 1
Releasing transactional SqlSession [org.apache.ibatis.session.defaults.DefaultSqlSession@21a462ce]
Transaction synchronization committing SqlSession [org.apache.ibatis.session.defaults.DefaultSqlSession@21a462ce]
Transaction synchronization deregistering SqlSession [org.apache.ibatis.session.defaults.DefaultSqlSession@21a462ce]
Transaction synchronization closing SqlSession [org.apache.ibatis.session.defaults.DefaultSqlSession@21a462ce]
Creating a new SqlSession
Registering transaction synchronization for SqlSession [org.apache.ibatis.session.defaults.DefaultSqlSession@63ff861e]
JDBC Connection [HikariProxyConnection@1014991909 wrapping com.mysql.cj.jdbc.ConnectionImpl@7e615c6a] will be managed by Spring
==>  Preparing: INSERT INTO `tb_post` (content, author_id, publish_at, last_update) VALUES (?, ?, ?, ?)
==> Parameters: 《FIFA》让我在绿茵场上与朋友们一较高下。(String), 17(Long), 2024-09-28T19:07:44.409806300(LocalDateTime), 2024-09-28T19:07:44.409806300(LocalDateTime)
<==    Updates: 1
Releasing transactional SqlSession [org.apache.ibatis.session.defaults.DefaultSqlSession@63ff861e]
Transaction synchronization committing SqlSession [org.apache.ibatis.session.defaults.DefaultSqlSession@63ff861e]
Transaction synchronization deregistering SqlSession [org.apache.ibatis.session.defaults.DefaultSqlSession@63ff861e]
Transaction synchronization closing SqlSession [org.apache.ibatis.session.defaults.DefaultSqlSession@63ff861e]
Creating a new SqlSession
Registering transaction synchronization for SqlSession [org.apache.ibatis.session.defaults.DefaultSqlSession@4981b83]
JDBC Connection [HikariProxyConnection@49250603 wrapping com.mysql.cj.jdbc.ConnectionImpl@7e615c6a] will be managed by Spring
==>  Preparing: INSERT INTO `tb_post` (content, author_id, publish_at, last_update) VALUES (?, ?, ?, ?)
==> Parameters: 《英雄联盟》的团队合作是胜利的关键。(String), 59(Long), 2024-09-28T19:07:44.409806300(LocalDateTime), 2024-09-28T19:07:44.409806300(LocalDateTime)
<==    Updates: 1
Releasing transactional SqlSession [org.apache.ibatis.session.defaults.DefaultSqlSession@4981b83]
Transaction synchronization committing SqlSession [org.apache.ibatis.session.defaults.DefaultSqlSession@4981b83]
Transaction synchronization deregistering SqlSession [org.apache.ibatis.session.defaults.DefaultSqlSession@4981b83]
Transaction synchronization closing SqlSession [org.apache.ibatis.session.defaults.DefaultSqlSession@4981b83]
Creating a new SqlSession
Registering transaction synchronization for SqlSession [org.apache.ibatis.session.defaults.DefaultSqlSession@6b3d3e57]
JDBC Connection [HikariProxyConnection@2077947235 wrapping com.mysql.cj.jdbc.ConnectionImpl@7e615c6a] will be managed by Spring
==>  Preparing: INSERT INTO `tb_post` (content, author_id, publish_at, last_update) VALUES (?, ?, ?, ?)
==> Parameters: 《星际争霸》的战略布局，考验着我的逻辑思维。(String), 56(Long), 2024-09-28T19:07:44.419998(LocalDateTime), 2024-09-28T19:07:44.419998(LocalDateTime)
<==    Updates: 1
Releasing transactional SqlSession [org.apache.ibatis.session.defaults.DefaultSqlSession@6b3d3e57]
Transaction synchronization committing SqlSession [org.apache.ibatis.session.defaults.DefaultSqlSession@6b3d3e57]
Transaction synchronization deregistering SqlSession [org.apache.ibatis.session.defaults.DefaultSqlSession@6b3d3e57]
Transaction synchronization closing SqlSession [org.apache.ibatis.session.defaults.DefaultSqlSession@6b3d3e57]
Creating a new SqlSession
Registering transaction synchronization for SqlSession [org.apache.ibatis.session.defaults.DefaultSqlSession@6cb2b947]
JDBC Connection [HikariProxyConnection@441216628 wrapping com.mysql.cj.jdbc.ConnectionImpl@7e615c6a] will be managed by Spring
==>  Preparing: INSERT INTO `tb_post` (content, author_id, publish_at, last_update) VALUES (?, ?, ?, ?)
==> Parameters: 《刺客信条》的历史穿越，让我体验了不同的时代。(String), 88(Long), 2024-09-28T19:07:44.419998(LocalDateTime), 2024-09-28T19:07:44.419998(LocalDateTime)
<==    Updates: 1
Releasing transactional SqlSession [org.apache.ibatis.session.defaults.DefaultSqlSession@6cb2b947]
Transaction synchronization committing SqlSession [org.apache.ibatis.session.defaults.DefaultSqlSession@6cb2b947]
Transaction synchronization deregistering SqlSession [org.apache.ibatis.session.defaults.DefaultSqlSession@6cb2b947]
Transaction synchronization closing SqlSession [org.apache.ibatis.session.defaults.DefaultSqlSession@6cb2b947]
Creating a new SqlSession
Registering transaction synchronization for SqlSession [org.apache.ibatis.session.defaults.DefaultSqlSession@68423388]
JDBC Connection [HikariProxyConnection@8781131 wrapping com.mysql.cj.jdbc.ConnectionImpl@7e615c6a] will be managed by Spring
==>  Preparing: INSERT INTO `tb_post` (content, author_id, publish_at, last_update) VALUES (?, ?, ?, ?)
==> Parameters: 《模拟人生》中的角色扮演，让我体验了不同的人生。(String), 97(Long), 2024-09-28T19:07:44.429894900(LocalDateTime), 2024-09-28T19:07:44.429894900(LocalDateTime)
<==    Updates: 1
Releasing transactional SqlSession [org.apache.ibatis.session.defaults.DefaultSqlSession@68423388]
Transaction synchronization committing SqlSession [org.apache.ibatis.session.defaults.DefaultSqlSession@68423388]
Transaction synchronization deregistering SqlSession [org.apache.ibatis.session.defaults.DefaultSqlSession@68423388]
Transaction synchronization closing SqlSession [org.apache.ibatis.session.defaults.DefaultSqlSession@68423388]
Creating a new SqlSession
Registering transaction synchronization for SqlSession [org.apache.ibatis.session.defaults.DefaultSqlSession@29f86630]
JDBC Connection [HikariProxyConnection@1280441498 wrapping com.mysql.cj.jdbc.ConnectionImpl@7e615c6a] will be managed by Spring
==>  Preparing: INSERT INTO `tb_post` (content, author_id, publish_at, last_update) VALUES (?, ?, ?, ?)
==> Parameters: 《古墓丽影》中的解谜环节，总是让我欲罢不能。(String), 40(Long), 2024-09-28T19:07:44.440120500(LocalDateTime), 2024-09-28T19:07:44.440120500(LocalDateTime)
<==    Updates: 1
Releasing transactional SqlSession [org.apache.ibatis.session.defaults.DefaultSqlSession@29f86630]
Transaction synchronization committing SqlSession [org.apache.ibatis.session.defaults.DefaultSqlSession@29f86630]
Transaction synchronization deregistering SqlSession [org.apache.ibatis.session.defaults.DefaultSqlSession@29f86630]
Transaction synchronization closing SqlSession [org.apache.ibatis.session.defaults.DefaultSqlSession@29f86630]
Creating a new SqlSession
Registering transaction synchronization for SqlSession [org.apache.ibatis.session.defaults.DefaultSqlSession@6b44121e]
JDBC Connection [HikariProxyConnection@1905160204 wrapping com.mysql.cj.jdbc.ConnectionImpl@7e615c6a] will be managed by Spring
==>  Preparing: INSERT INTO `tb_post` (content, author_id, publish_at, last_update) VALUES (?, ?, ?, ?)
==> Parameters: 《守望先锋》的英雄们，各具特色，战斗激烈。(String), 41(Long), 2024-09-28T19:07:44.440120500(LocalDateTime), 2024-09-28T19:07:44.440120500(LocalDateTime)
<==    Updates: 1
Releasing transactional SqlSession [org.apache.ibatis.session.defaults.DefaultSqlSession@6b44121e]
Transaction synchronization committing SqlSession [org.apache.ibatis.session.defaults.DefaultSqlSession@6b44121e]
Transaction synchronization deregistering SqlSession [org.apache.ibatis.session.defaults.DefaultSqlSession@6b44121e]
Transaction synchronization closing SqlSession [org.apache.ibatis.session.defaults.DefaultSqlSession@6b44121e]
Creating a new SqlSession
Registering transaction synchronization for SqlSession [org.apache.ibatis.session.defaults.DefaultSqlSession@2cf97875]
JDBC Connection [HikariProxyConnection@120561697 wrapping com.mysql.cj.jdbc.ConnectionImpl@7e615c6a] will be managed by Spring
==>  Preparing: INSERT INTO `tb_post` (content, author_id, publish_at, last_update) VALUES (?, ?, ?, ?)
==> Parameters: 《巫师3》的开放世界，让我沉浸在庞大的故事中。(String), 21(Long), 2024-09-28T19:07:44.454659300(LocalDateTime), 2024-09-28T19:07:44.454659300(LocalDateTime)
<==    Updates: 1
Releasing transactional SqlSession [org.apache.ibatis.session.defaults.DefaultSqlSession@2cf97875]
Transaction synchronization committing SqlSession [org.apache.ibatis.session.defaults.DefaultSqlSession@2cf97875]
Transaction synchronization deregistering SqlSession [org.apache.ibatis.session.defaults.DefaultSqlSession@2cf97875]
Transaction synchronization closing SqlSession [org.apache.ibatis.session.defaults.DefaultSqlSession@2cf97875]
Creating a new SqlSession
Registering transaction synchronization for SqlSession [org.apache.ibatis.session.defaults.DefaultSqlSession@7e864fa4]
JDBC Connection [HikariProxyConnection@953949264 wrapping com.mysql.cj.jdbc.ConnectionImpl@7e615c6a] will be managed by Spring
==>  Preparing: INSERT INTO `tb_post` (content, author_id, publish_at, last_update) VALUES (?, ?, ?, ?)
==> Parameters: 《绝地求生》的紧张刺激，每一次都是新的挑战。(String), 78(Long), 2024-09-28T19:07:44.463735400(LocalDateTime), 2024-09-28T19:07:44.463735400(LocalDateTime)
<==    Updates: 1
Releasing transactional SqlSession [org.apache.ibatis.session.defaults.DefaultSqlSession@7e864fa4]
Transaction synchronization committing SqlSession [org.apache.ibatis.session.defaults.DefaultSqlSession@7e864fa4]
Transaction synchronization deregistering SqlSession [org.apache.ibatis.session.defaults.DefaultSqlSession@7e864fa4]
Transaction synchronization closing SqlSession [org.apache.ibatis.session.defaults.DefaultSqlSession@7e864fa4]
Creating a new SqlSession
Registering transaction synchronization for SqlSession [org.apache.ibatis.session.defaults.DefaultSqlSession@528ef230]
JDBC Connection [HikariProxyConnection@1937433626 wrapping com.mysql.cj.jdbc.ConnectionImpl@7e615c6a] will be managed by Spring
==>  Preparing: INSERT INTO `tb_post` (content, author_id, publish_at, last_update) VALUES (?, ?, ?, ?)
==> Parameters: 《黑暗之魂》的高难度挑战，考验着我的耐心和技巧。(String), 83(Long), 2024-09-28T19:07:44.469905400(LocalDateTime), 2024-09-28T19:07:44.469905400(LocalDateTime)
<==    Updates: 1
Releasing transactional SqlSession [org.apache.ibatis.session.defaults.DefaultSqlSession@528ef230]
Transaction synchronization committing SqlSession [org.apache.ibatis.session.defaults.DefaultSqlSession@528ef230]
Transaction synchronization deregistering SqlSession [org.apache.ibatis.session.defaults.DefaultSqlSession@528ef230]
Transaction synchronization closing SqlSession [org.apache.ibatis.session.defaults.DefaultSqlSession@528ef230]
Creating a new SqlSession
Registering transaction synchronization for SqlSession [org.apache.ibatis.session.defaults.DefaultSqlSession@174aabb2]
JDBC Connection [HikariProxyConnection@1737176902 wrapping com.mysql.cj.jdbc.ConnectionImpl@7e615c6a] will be managed by Spring
==>  Preparing: INSERT INTO `tb_post` (content, author_id, publish_at, last_update) VALUES (?, ?, ?, ?)
==> Parameters: 《马里奥赛车》的欢乐竞速，是我家庭聚会的最爱。(String), 8(Long), 2024-09-28T19:07:44.479925300(LocalDateTime), 2024-09-28T19:07:44.479925300(LocalDateTime)
<==    Updates: 1
Releasing transactional SqlSession [org.apache.ibatis.session.defaults.DefaultSqlSession@174aabb2]
Transaction synchronization committing SqlSession [org.apache.ibatis.session.defaults.DefaultSqlSession@174aabb2]
Transaction synchronization deregistering SqlSession [org.apache.ibatis.session.defaults.DefaultSqlSession@174aabb2]
Transaction synchronization closing SqlSession [org.apache.ibatis.session.defaults.DefaultSqlSession@174aabb2]
Creating a new SqlSession
Registering transaction synchronization for SqlSession [org.apache.ibatis.session.defaults.DefaultSqlSession@12a7515b]
JDBC Connection [HikariProxyConnection@770519500 wrapping com.mysql.cj.jdbc.ConnectionImpl@7e615c6a] will be managed by Spring
==>  Preparing: INSERT INTO `tb_post` (content, author_id, publish_at, last_update) VALUES (?, ?, ?, ?)
==> Parameters: 《DOTA 2》的策略与操作，让我体验了电子竞技的魅力。(String), 30(Long), 2024-09-28T19:07:44.489864700(LocalDateTime), 2024-09-28T19:07:44.489864700(LocalDateTime)
<==    Updates: 1
Releasing transactional SqlSession [org.apache.ibatis.session.defaults.DefaultSqlSession@12a7515b]
Transaction synchronization committing SqlSession [org.apache.ibatis.session.defaults.DefaultSqlSession@12a7515b]
Transaction synchronization deregistering SqlSession [org.apache.ibatis.session.defaults.DefaultSqlSession@12a7515b]
Transaction synchronization closing SqlSession [org.apache.ibatis.session.defaults.DefaultSqlSession@12a7515b]
Creating a new SqlSession
Registering transaction synchronization for SqlSession [org.apache.ibatis.session.defaults.DefaultSqlSession@5fa3df]
JDBC Connection [HikariProxyConnection@991572261 wrapping com.mysql.cj.jdbc.ConnectionImpl@7e615c6a] will be managed by Spring
==>  Preparing: INSERT INTO `tb_post` (content, author_id, publish_at, last_update) VALUES (?, ?, ?, ?)
==> Parameters: 《生化危机》的恐怖氛围，让我心跳加速。(String), 91(Long), 2024-09-28T19:07:44.510292300(LocalDateTime), 2024-09-28T19:07:44.510292300(LocalDateTime)
<==    Updates: 1
Releasing transactional SqlSession [org.apache.ibatis.session.defaults.DefaultSqlSession@5fa3df]
Transaction synchronization committing SqlSession [org.apache.ibatis.session.defaults.DefaultSqlSession@5fa3df]
Transaction synchronization deregistering SqlSession [org.apache.ibatis.session.defaults.DefaultSqlSession@5fa3df]
Transaction synchronization closing SqlSession [org.apache.ibatis.session.defaults.DefaultSqlSession@5fa3df]
Creating a new SqlSession
Registering transaction synchronization for SqlSession [org.apache.ibatis.session.defaults.DefaultSqlSession@3cd758be]
JDBC Connection [HikariProxyConnection@1552771166 wrapping com.mysql.cj.jdbc.ConnectionImpl@7e615c6a] will be managed by Spring
==>  Preparing: INSERT INTO `tb_post` (content, author_id, publish_at, last_update) VALUES (?, ?, ?, ?)
==> Parameters: 《GTA》系列的自由度，让我在虚拟世界中为所欲为。(String), 83(Long), 2024-09-28T19:07:44.520541300(LocalDateTime), 2024-09-28T19:07:44.520541300(LocalDateTime)
<==    Updates: 1
Releasing transactional SqlSession [org.apache.ibatis.session.defaults.DefaultSqlSession@3cd758be]
Transaction synchronization committing SqlSession [org.apache.ibatis.session.defaults.DefaultSqlSession@3cd758be]
Transaction synchronization deregistering SqlSession [org.apache.ibatis.session.defaults.DefaultSqlSession@3cd758be]
Transaction synchronization closing SqlSession [org.apache.ibatis.session.defaults.DefaultSqlSession@3cd758be]
Creating a new SqlSession
Registering transaction synchronization for SqlSession [org.apache.ibatis.session.defaults.DefaultSqlSession@6da86e98]
JDBC Connection [HikariProxyConnection@1198375087 wrapping com.mysql.cj.jdbc.ConnectionImpl@7e615c6a] will be managed by Spring
==>  Preparing: INSERT INTO `tb_post` (content, author_id, publish_at, last_update) VALUES (?, ?, ?, ?)
==> Parameters: 《宝可梦》的收集与对战，是我童年的美好回忆。(String), 32(Long), 2024-09-28T19:07:44.530548700(LocalDateTime), 2024-09-28T19:07:44.530548700(LocalDateTime)
<==    Updates: 1
Releasing transactional SqlSession [org.apache.ibatis.session.defaults.DefaultSqlSession@6da86e98]
Transaction synchronization committing SqlSession [org.apache.ibatis.session.defaults.DefaultSqlSession@6da86e98]
Transaction synchronization deregistering SqlSession [org.apache.ibatis.session.defaults.DefaultSqlSession@6da86e98]
Transaction synchronization closing SqlSession [org.apache.ibatis.session.defaults.DefaultSqlSession@6da86e98]
Creating a new SqlSession
Registering transaction synchronization for SqlSession [org.apache.ibatis.session.defaults.DefaultSqlSession@c22cf4d]
JDBC Connection [HikariProxyConnection@966446307 wrapping com.mysql.cj.jdbc.ConnectionImpl@7e615c6a] will be managed by Spring
==>  Preparing: INSERT INTO `tb_post` (content, author_id, publish_at, last_update) VALUES (?, ?, ?, ?)
==> Parameters: 《战地》系列的战场模拟，让我感受到了战争的残酷。(String), 9(Long), 2024-09-28T19:07:44.539813200(LocalDateTime), 2024-09-28T19:07:44.539813200(LocalDateTime)
<==    Updates: 1
Releasing transactional SqlSession [org.apache.ibatis.session.defaults.DefaultSqlSession@c22cf4d]
Transaction synchronization committing SqlSession [org.apache.ibatis.session.defaults.DefaultSqlSession@c22cf4d]
Transaction synchronization deregistering SqlSession [org.apache.ibatis.session.defaults.DefaultSqlSession@c22cf4d]
Transaction synchronization closing SqlSession [org.apache.ibatis.session.defaults.DefaultSqlSession@c22cf4d]
Creating a new SqlSession
Registering transaction synchronization for SqlSession [org.apache.ibatis.session.defaults.DefaultSqlSession@3fae357f]
JDBC Connection [HikariProxyConnection@1767245853 wrapping com.mysql.cj.jdbc.ConnectionImpl@7e615c6a] will be managed by Spring
==>  Preparing: INSERT INTO `tb_post` (content, author_id, publish_at, last_update) VALUES (?, ?, ?, ?)
==> Parameters: 《怪物猎人》的狩猎挑战，每一次都是新的探险。(String), 96(Long), 2024-09-28T19:07:44.550223300(LocalDateTime), 2024-09-28T19:07:44.550223300(LocalDateTime)
<==    Updates: 1
Releasing transactional SqlSession [org.apache.ibatis.session.defaults.DefaultSqlSession@3fae357f]
Transaction synchronization committing SqlSession [org.apache.ibatis.session.defaults.DefaultSqlSession@3fae357f]
Transaction synchronization deregistering SqlSession [org.apache.ibatis.session.defaults.DefaultSqlSession@3fae357f]
Transaction synchronization closing SqlSession [org.apache.ibatis.session.defaults.DefaultSqlSession@3fae357f]
Creating a new SqlSession
Registering transaction synchronization for SqlSession [org.apache.ibatis.session.defaults.DefaultSqlSession@230e163b]
JDBC Connection [HikariProxyConnection@25616980 wrapping com.mysql.cj.jdbc.ConnectionImpl@7e615c6a] will be managed by Spring
==>  Preparing: INSERT INTO `tb_post` (content, author_id, publish_at, last_update) VALUES (?, ?, ?, ?)
==> Parameters: 《Among Us》的社交推理，让我与朋友们度过了欢乐时光。(String), 29(Long), 2024-09-28T19:07:44.560579900(LocalDateTime), 2024-09-28T19:07:44.560579900(LocalDateTime)
<==    Updates: 1
Releasing transactional SqlSession [org.apache.ibatis.session.defaults.DefaultSqlSession@230e163b]
Transaction synchronization committing SqlSession [org.apache.ibatis.session.defaults.DefaultSqlSession@230e163b]
Transaction synchronization deregistering SqlSession [org.apache.ibatis.session.defaults.DefaultSqlSession@230e163b]
Transaction synchronization closing SqlSession [org.apache.ibatis.session.defaults.DefaultSqlSession@230e163b]
Creating a new SqlSession
Registering transaction synchronization for SqlSession [org.apache.ibatis.session.defaults.DefaultSqlSession@4cff38ff]
JDBC Connection [HikariProxyConnection@67025210 wrapping com.mysql.cj.jdbc.ConnectionImpl@7e615c6a] will be managed by Spring
==>  Preparing: INSERT INTO `tb_post` (content, author_id, publish_at, last_update) VALUES (?, ?, ?, ?)
==> Parameters: 《地平线：零之曙光》的未来世界，充满了未知与惊奇。(String), 47(Long), 2024-09-28T19:07:44.560579900(LocalDateTime), 2024-09-28T19:07:44.560579900(LocalDateTime)
<==    Updates: 1
Releasing transactional SqlSession [org.apache.ibatis.session.defaults.DefaultSqlSession@4cff38ff]
Transaction synchronization committing SqlSession [org.apache.ibatis.session.defaults.DefaultSqlSession@4cff38ff]
Transaction synchronization deregistering SqlSession [org.apache.ibatis.session.defaults.DefaultSqlSession@4cff38ff]
Transaction synchronization closing SqlSession [org.apache.ibatis.session.defaults.DefaultSqlSession@4cff38ff]
Creating a new SqlSession
Registering transaction synchronization for SqlSession [org.apache.ibatis.session.defaults.DefaultSqlSession@6a9a6a0c]
JDBC Connection [HikariProxyConnection@2012831257 wrapping com.mysql.cj.jdbc.ConnectionImpl@7e615c6a] will be managed by Spring
==>  Preparing: INSERT INTO `tb_post` (content, author_id, publish_at, last_update) VALUES (?, ?, ?, ?)
==> Parameters: 《Apex Legends》的快节奏战斗，让我肾上腺素激增。(String), 76(Long), 2024-09-28T19:07:44.570067(LocalDateTime), 2024-09-28T19:07:44.570067(LocalDateTime)
<==    Updates: 1
Releasing transactional SqlSession [org.apache.ibatis.session.defaults.DefaultSqlSession@6a9a6a0c]
Transaction synchronization committing SqlSession [org.apache.ibatis.session.defaults.DefaultSqlSession@6a9a6a0c]
Transaction synchronization deregistering SqlSession [org.apache.ibatis.session.defaults.DefaultSqlSession@6a9a6a0c]
Transaction synchronization closing SqlSession [org.apache.ibatis.session.defaults.DefaultSqlSession@6a9a6a0c]
Creating a new SqlSession
Registering transaction synchronization for SqlSession [org.apache.ibatis.session.defaults.DefaultSqlSession@3a22d69f]
JDBC Connection [HikariProxyConnection@2134297999 wrapping com.mysql.cj.jdbc.ConnectionImpl@7e615c6a] will be managed by Spring
==>  Preparing: INSERT INTO `tb_post` (content, author_id, publish_at, last_update) VALUES (?, ?, ?, ?)
==> Parameters: 《炉石传说》的策略卡牌，考验着我的决策能力。(String), 7(Long), 2024-09-28T19:07:44.580046700(LocalDateTime), 2024-09-28T19:07:44.580046700(LocalDateTime)
<==    Updates: 1
Releasing transactional SqlSession [org.apache.ibatis.session.defaults.DefaultSqlSession@3a22d69f]
Transaction synchronization committing SqlSession [org.apache.ibatis.session.defaults.DefaultSqlSession@3a22d69f]
Transaction synchronization deregistering SqlSession [org.apache.ibatis.session.defaults.DefaultSqlSession@3a22d69f]
Transaction synchronization closing SqlSession [org.apache.ibatis.session.defaults.DefaultSqlSession@3a22d69f]
Creating a new SqlSession
Registering transaction synchronization for SqlSession [org.apache.ibatis.session.defaults.DefaultSqlSession@396f3bf2]
JDBC Connection [HikariProxyConnection@1880872680 wrapping com.mysql.cj.jdbc.ConnectionImpl@7e615c6a] will be managed by Spring
==>  Preparing: INSERT INTO `tb_post` (content, author_id, publish_at, last_update) VALUES (?, ?, ?, ?)
==> Parameters: 《星露谷物语》的农场生活，让我体验了田园的宁静。(String), 3(Long), 2024-09-28T19:07:44.580046700(LocalDateTime), 2024-09-28T19:07:44.580046700(LocalDateTime)
<==    Updates: 1
Releasing transactional SqlSession [org.apache.ibatis.session.defaults.DefaultSqlSession@396f3bf2]
Transaction synchronization committing SqlSession [org.apache.ibatis.session.defaults.DefaultSqlSession@396f3bf2]
Transaction synchronization deregistering SqlSession [org.apache.ibatis.session.defaults.DefaultSqlSession@396f3bf2]
Transaction synchronization closing SqlSession [org.apache.ibatis.session.defaults.DefaultSqlSession@396f3bf2]
Creating a new SqlSession
Registering transaction synchronization for SqlSession [org.apache.ibatis.session.defaults.DefaultSqlSession@5f5fb335]
JDBC Connection [HikariProxyConnection@698146239 wrapping com.mysql.cj.jdbc.ConnectionImpl@7e615c6a] will be managed by Spring
==>  Preparing: INSERT INTO `tb_post` (content, author_id, publish_at, last_update) VALUES (?, ?, ?, ?)
==> Parameters: 《荒野乱斗》的快节奏对战，让我爱不释手。(String), 62(Long), 2024-09-28T19:07:44.589647500(LocalDateTime), 2024-09-28T19:07:44.589647500(LocalDateTime)
<==    Updates: 1
Releasing transactional SqlSession [org.apache.ibatis.session.defaults.DefaultSqlSession@5f5fb335]
Transaction synchronization committing SqlSession [org.apache.ibatis.session.defaults.DefaultSqlSession@5f5fb335]
Transaction synchronization deregistering SqlSession [org.apache.ibatis.session.defaults.DefaultSqlSession@5f5fb335]
Transaction synchronization closing SqlSession [org.apache.ibatis.session.defaults.DefaultSqlSession@5f5fb335]
Creating a new SqlSession
Registering transaction synchronization for SqlSession [org.apache.ibatis.session.defaults.DefaultSqlSession@e8fb390]
JDBC Connection [HikariProxyConnection@97383965 wrapping com.mysql.cj.jdbc.ConnectionImpl@7e615c6a] will be managed by Spring
==>  Preparing: INSERT INTO `tb_post` (content, author_id, publish_at, last_update) VALUES (?, ?, ?, ?)
==> Parameters: 《光环》系列的科幻世界，让我向往宇宙的奥秘。(String), 85(Long), 2024-09-28T19:07:44.589647500(LocalDateTime), 2024-09-28T19:07:44.589647500(LocalDateTime)
<==    Updates: 1
Releasing transactional SqlSession [org.apache.ibatis.session.defaults.DefaultSqlSession@e8fb390]
Transaction synchronization committing SqlSession [org.apache.ibatis.session.defaults.DefaultSqlSession@e8fb390]
Transaction synchronization deregistering SqlSession [org.apache.ibatis.session.defaults.DefaultSqlSession@e8fb390]
Transaction synchronization closing SqlSession [org.apache.ibatis.session.defaults.DefaultSqlSession@e8fb390]
Creating a new SqlSession
Registering transaction synchronization for SqlSession [org.apache.ibatis.session.defaults.DefaultSqlSession@78a0d664]
JDBC Connection [HikariProxyConnection@498833994 wrapping com.mysql.cj.jdbc.ConnectionImpl@7e615c6a] will be managed by Spring
==>  Preparing: INSERT INTO `tb_post` (content, author_id, publish_at, last_update) VALUES (?, ?, ?, ?)
==> Parameters: 《地铁：离去》的末世生存，让我感受到了生存的艰难。(String), 37(Long), 2024-09-28T19:07:44.599770200(LocalDateTime), 2024-09-28T19:07:44.599770200(LocalDateTime)
<==    Updates: 1
Releasing transactional SqlSession [org.apache.ibatis.session.defaults.DefaultSqlSession@78a0d664]
Transaction synchronization committing SqlSession [org.apache.ibatis.session.defaults.DefaultSqlSession@78a0d664]
Transaction synchronization deregistering SqlSession [org.apache.ibatis.session.defaults.DefaultSqlSession@78a0d664]
Transaction synchronization closing SqlSession [org.apache.ibatis.session.defaults.DefaultSqlSession@78a0d664]
Creating a new SqlSession
Registering transaction synchronization for SqlSession [org.apache.ibatis.session.defaults.DefaultSqlSession@31c31fa6]
JDBC Connection [HikariProxyConnection@1029586776 wrapping com.mysql.cj.jdbc.ConnectionImpl@7e615c6a] will be managed by Spring
==>  Preparing: INSERT INTO `tb_post` (content, author_id, publish_at, last_update) VALUES (?, ?, ?, ?)
==> Parameters: 《死亡搁浅》的连接主题，让我思考了人与人之间的关系。(String), 52(Long), 2024-09-28T19:07:44.604395600(LocalDateTime), 2024-09-28T19:07:44.604395600(LocalDateTime)
<==    Updates: 1
Releasing transactional SqlSession [org.apache.ibatis.session.defaults.DefaultSqlSession@31c31fa6]
Transaction synchronization committing SqlSession [org.apache.ibatis.session.defaults.DefaultSqlSession@31c31fa6]
Transaction synchronization deregistering SqlSession [org.apache.ibatis.session.defaults.DefaultSqlSession@31c31fa6]
Transaction synchronization closing SqlSession [org.apache.ibatis.session.defaults.DefaultSqlSession@31c31fa6]
Creating a new SqlSession
Registering transaction synchronization for SqlSession [org.apache.ibatis.session.defaults.DefaultSqlSession@65dafe50]
JDBC Connection [HikariProxyConnection@277698998 wrapping com.mysql.cj.jdbc.ConnectionImpl@7e615c6a] will be managed by Spring
==>  Preparing: INSERT INTO `tb_post` (content, author_id, publish_at, last_update) VALUES (?, ?, ?, ?)
==> Parameters: 《荒野大镖客：救赎2》的西部世界，让我体验了牛仔的生活。(String), 20(Long), 2024-09-28T19:07:44.609970300(LocalDateTime), 2024-09-28T19:07:44.609970300(LocalDateTime)
<==    Updates: 1
Releasing transactional SqlSession [org.apache.ibatis.session.defaults.DefaultSqlSession@65dafe50]
Transaction synchronization committing SqlSession [org.apache.ibatis.session.defaults.DefaultSqlSession@65dafe50]
Transaction synchronization deregistering SqlSession [org.apache.ibatis.session.defaults.DefaultSqlSession@65dafe50]
Transaction synchronization closing SqlSession [org.apache.ibatis.session.defaults.DefaultSqlSession@65dafe50]
Creating a new SqlSession
Registering transaction synchronization for SqlSession [org.apache.ibatis.session.defaults.DefaultSqlSession@3687b83c]
JDBC Connection [HikariProxyConnection@979132425 wrapping com.mysql.cj.jdbc.ConnectionImpl@7e615c6a] will be managed by Spring
==>  Preparing: INSERT INTO `tb_post` (content, author_id, publish_at, last_update) VALUES (?, ?, ?, ?)
==> Parameters: 《Splatoon 2》的色彩大战，充满了创意与乐趣。(String), 26(Long), 2024-09-28T19:07:44.620506700(LocalDateTime), 2024-09-28T19:07:44.620506700(LocalDateTime)
<==    Updates: 1
Releasing transactional SqlSession [org.apache.ibatis.session.defaults.DefaultSqlSession@3687b83c]
Transaction synchronization committing SqlSession [org.apache.ibatis.session.defaults.DefaultSqlSession@3687b83c]
Transaction synchronization deregistering SqlSession [org.apache.ibatis.session.defaults.DefaultSqlSession@3687b83c]
Transaction synchronization closing SqlSession [org.apache.ibatis.session.defaults.DefaultSqlSession@3687b83c]
Creating a new SqlSession
Registering transaction synchronization for SqlSession [org.apache.ibatis.session.defaults.DefaultSqlSession@3a7f382]
JDBC Connection [HikariProxyConnection@86914267 wrapping com.mysql.cj.jdbc.ConnectionImpl@7e615c6a] will be managed by Spring
==>  Preparing: INSERT INTO `tb_post` (content, author_id, publish_at, last_update) VALUES (?, ?, ?, ?)
==> Parameters: 《堡垒之夜》的建造与战斗，让我体验了游戏的无限可能。(String), 23(Long), 2024-09-28T19:07:44.620506700(LocalDateTime), 2024-09-28T19:07:44.620506700(LocalDateTime)
<==    Updates: 1
Releasing transactional SqlSession [org.apache.ibatis.session.defaults.DefaultSqlSession@3a7f382]
Transaction synchronization committing SqlSession [org.apache.ibatis.session.defaults.DefaultSqlSession@3a7f382]
Transaction synchronization deregistering SqlSession [org.apache.ibatis.session.defaults.DefaultSqlSession@3a7f382]
Transaction synchronization closing SqlSession [org.apache.ibatis.session.defaults.DefaultSqlSession@3a7f382]
Creating a new SqlSession
Registering transaction synchronization for SqlSession [org.apache.ibatis.session.defaults.DefaultSqlSession@4b8601a1]
JDBC Connection [HikariProxyConnection@501639324 wrapping com.mysql.cj.jdbc.ConnectionImpl@7e615c6a] will be managed by Spring
==>  Preparing: INSERT INTO `tb_post` (content, author_id, publish_at, last_update) VALUES (?, ?, ?, ?)
==> Parameters: 《底特律：变人》的选择与后果，让我深思道德与科技。(String), 14(Long), 2024-09-28T19:07:44.629843500(LocalDateTime), 2024-09-28T19:07:44.629843500(LocalDateTime)
<==    Updates: 1
Releasing transactional SqlSession [org.apache.ibatis.session.defaults.DefaultSqlSession@4b8601a1]
Transaction synchronization committing SqlSession [org.apache.ibatis.session.defaults.DefaultSqlSession@4b8601a1]
Transaction synchronization deregistering SqlSession [org.apache.ibatis.session.defaults.DefaultSqlSession@4b8601a1]
Transaction synchronization closing SqlSession [org.apache.ibatis.session.defaults.DefaultSqlSession@4b8601a1]
Creating a new SqlSession
Registering transaction synchronization for SqlSession [org.apache.ibatis.session.defaults.DefaultSqlSession@2a045e85]
JDBC Connection [HikariProxyConnection@294599155 wrapping com.mysql.cj.jdbc.ConnectionImpl@7e615c6a] will be managed by Spring
==>  Preparing: INSERT INTO `tb_post` (content, author_id, publish_at, last_update) VALUES (?, ?, ?, ?)
==> Parameters: 《泰坦陨落2》的机甲战斗，让我感受到了力量与速度。(String), 65(Long), 2024-09-28T19:07:44.639859(LocalDateTime), 2024-09-28T19:07:44.639859(LocalDateTime)
<==    Updates: 1
Releasing transactional SqlSession [org.apache.ibatis.session.defaults.DefaultSqlSession@2a045e85]
Transaction synchronization committing SqlSession [org.apache.ibatis.session.defaults.DefaultSqlSession@2a045e85]
Transaction synchronization deregistering SqlSession [org.apache.ibatis.session.defaults.DefaultSqlSession@2a045e85]
Transaction synchronization closing SqlSession [org.apache.ibatis.session.defaults.DefaultSqlSession@2a045e85]
Creating a new SqlSession
Registering transaction synchronization for SqlSession [org.apache.ibatis.session.defaults.DefaultSqlSession@349686e8]
JDBC Connection [HikariProxyConnection@1558198941 wrapping com.mysql.cj.jdbc.ConnectionImpl@7e615c6a] will be managed by Spring
==>  Preparing: INSERT INTO `tb_post` (content, author_id, publish_at, last_update) VALUES (?, ?, ?, ?)
==> Parameters: 《极限竞速：地平线》的驾驶体验，让我爱上了赛车文化。(String), 31(Long), 2024-09-28T19:07:44.639859(LocalDateTime), 2024-09-28T19:07:44.639859(LocalDateTime)
<==    Updates: 1
Releasing transactional SqlSession [org.apache.ibatis.session.defaults.DefaultSqlSession@349686e8]
Transaction synchronization committing SqlSession [org.apache.ibatis.session.defaults.DefaultSqlSession@349686e8]
Transaction synchronization deregistering SqlSession [org.apache.ibatis.session.defaults.DefaultSqlSession@349686e8]
Transaction synchronization closing SqlSession [org.apache.ibatis.session.defaults.DefaultSqlSession@349686e8]
Creating a new SqlSession
Registering transaction synchronization for SqlSession [org.apache.ibatis.session.defaults.DefaultSqlSession@3f7f9d3f]
JDBC Connection [HikariProxyConnection@1100208717 wrapping com.mysql.cj.jdbc.ConnectionImpl@7e615c6a] will be managed by Spring
==>  Preparing: INSERT INTO `tb_post` (content, author_id, publish_at, last_update) VALUES (?, ?, ?, ?)
==> Parameters: 《上古卷轴5：天际》的自由探索，让我沉迷于天际省的美景。(String), 10(Long), 2024-09-28T19:07:44.649816700(LocalDateTime), 2024-09-28T19:07:44.649816700(LocalDateTime)
<==    Updates: 1
Releasing transactional SqlSession [org.apache.ibatis.session.defaults.DefaultSqlSession@3f7f9d3f]
Transaction synchronization committing SqlSession [org.apache.ibatis.session.defaults.DefaultSqlSession@3f7f9d3f]
Transaction synchronization deregistering SqlSession [org.apache.ibatis.session.defaults.DefaultSqlSession@3f7f9d3f]
Transaction synchronization closing SqlSession [org.apache.ibatis.session.defaults.DefaultSqlSession@3f7f9d3f]
Creating a new SqlSession
Registering transaction synchronization for SqlSession [org.apache.ibatis.session.defaults.DefaultSqlSession@7be3a837]
JDBC Connection [HikariProxyConnection@1677732082 wrapping com.mysql.cj.jdbc.ConnectionImpl@7e615c6a] will be managed by Spring
==>  Preparing: INSERT INTO `tb_post` (content, author_id, publish_at, last_update) VALUES (?, ?, ?, ?)
==> Parameters: 《辐射4》的废土世界，让我体验了生存的挑战。(String), 78(Long), 2024-09-28T19:07:44.649816700(LocalDateTime), 2024-09-28T19:07:44.649816700(LocalDateTime)
<==    Updates: 1
Releasing transactional SqlSession [org.apache.ibatis.session.defaults.DefaultSqlSession@7be3a837]
Transaction synchronization committing SqlSession [org.apache.ibatis.session.defaults.DefaultSqlSession@7be3a837]
Transaction synchronization deregistering SqlSession [org.apache.ibatis.session.defaults.DefaultSqlSession@7be3a837]
Transaction synchronization closing SqlSession [org.apache.ibatis.session.defaults.DefaultSqlSession@7be3a837]
Creating a new SqlSession
Registering transaction synchronization for SqlSession [org.apache.ibatis.session.defaults.DefaultSqlSession@60655642]
JDBC Connection [HikariProxyConnection@1998948845 wrapping com.mysql.cj.jdbc.ConnectionImpl@7e615c6a] will be managed by Spring
==>  Preparing: INSERT INTO `tb_post` (content, author_id, publish_at, last_update) VALUES (?, ?, ?, ?)
==> Parameters: 《文明》系列的策略布局，让我体验了建设帝国的乐趣。(String), 25(Long), 2024-09-28T19:07:44.669798700(LocalDateTime), 2024-09-28T19:07:44.669798700(LocalDateTime)
<==    Updates: 1
Releasing transactional SqlSession [org.apache.ibatis.session.defaults.DefaultSqlSession@60655642]
Transaction synchronization committing SqlSession [org.apache.ibatis.session.defaults.DefaultSqlSession@60655642]
Transaction synchronization deregistering SqlSession [org.apache.ibatis.session.defaults.DefaultSqlSession@60655642]
Transaction synchronization closing SqlSession [org.apache.ibatis.session.defaults.DefaultSqlSession@60655642]
Creating a new SqlSession
Registering transaction synchronization for SqlSession [org.apache.ibatis.session.defaults.DefaultSqlSession@3453f79c]
JDBC Connection [HikariProxyConnection@1700499817 wrapping com.mysql.cj.jdbc.ConnectionImpl@7e615c6a] will be managed by Spring
==>  Preparing: INSERT INTO `tb_post` (content, author_id, publish_at, last_update) VALUES (?, ?, ?, ?)
==> Parameters: 《缺氧》的太空殖民，考验着我的生存与资源管理能力。(String), 36(Long), 2024-09-28T19:07:44.680050300(LocalDateTime), 2024-09-28T19:07:44.680050300(LocalDateTime)
<==    Updates: 1
Releasing transactional SqlSession [org.apache.ibatis.session.defaults.DefaultSqlSession@3453f79c]
Transaction synchronization committing SqlSession [org.apache.ibatis.session.defaults.DefaultSqlSession@3453f79c]
Transaction synchronization deregistering SqlSession [org.apache.ibatis.session.defaults.DefaultSqlSession@3453f79c]
Transaction synchronization closing SqlSession [org.apache.ibatis.session.defaults.DefaultSqlSession@3453f79c]
Creating a new SqlSession
Registering transaction synchronization for SqlSession [org.apache.ibatis.session.defaults.DefaultSqlSession@1e9d6c78]
JDBC Connection [HikariProxyConnection@1390374159 wrapping com.mysql.cj.jdbc.ConnectionImpl@7e615c6a] will be managed by Spring
==>  Preparing: INSERT INTO `tb_post` (content, author_id, publish_at, last_update) VALUES (?, ?, ?, ?)
==> Parameters: 《王国之心》系列的迪士尼世界，让我重温了童年的经典。(String), 29(Long), 2024-09-28T19:07:44.689859600(LocalDateTime), 2024-09-28T19:07:44.689859600(LocalDateTime)
<==    Updates: 1
Releasing transactional SqlSession [org.apache.ibatis.session.defaults.DefaultSqlSession@1e9d6c78]
Transaction synchronization committing SqlSession [org.apache.ibatis.session.defaults.DefaultSqlSession@1e9d6c78]
Transaction synchronization deregistering SqlSession [org.apache.ibatis.session.defaults.DefaultSqlSession@1e9d6c78]
Transaction synchronization closing SqlSession [org.apache.ibatis.session.defaults.DefaultSqlSession@1e9d6c78]
Creating a new SqlSession
Registering transaction synchronization for SqlSession [org.apache.ibatis.session.defaults.DefaultSqlSession@5afaae7e]
JDBC Connection [HikariProxyConnection@1345525137 wrapping com.mysql.cj.jdbc.ConnectionImpl@7e615c6a] will be managed by Spring
==>  Preparing: INSERT INTO `tb_post` (content, author_id, publish_at, last_update) VALUES (?, ?, ?, ?)
==> Parameters: 《尼尔：自动人形》的深刻故事，让我思考了生命的意义。(String), 40(Long), 2024-09-28T19:07:44.699877500(LocalDateTime), 2024-09-28T19:07:44.699877500(LocalDateTime)
<==    Updates: 1
Releasing transactional SqlSession [org.apache.ibatis.session.defaults.DefaultSqlSession@5afaae7e]
Transaction synchronization committing SqlSession [org.apache.ibatis.session.defaults.DefaultSqlSession@5afaae7e]
Transaction synchronization deregistering SqlSession [org.apache.ibatis.session.defaults.DefaultSqlSession@5afaae7e]
Transaction synchronization closing SqlSession [org.apache.ibatis.session.defaults.DefaultSqlSession@5afaae7e]
Creating a new SqlSession
Registering transaction synchronization for SqlSession [org.apache.ibatis.session.defaults.DefaultSqlSession@f5a680]
JDBC Connection [HikariProxyConnection@2079954912 wrapping com.mysql.cj.jdbc.ConnectionImpl@7e615c6a] will be managed by Spring
==>  Preparing: INSERT INTO `tb_post` (content, author_id, publish_at, last_update) VALUES (?, ?, ?, ?)
==> Parameters: 《绝地求生：刺激战场》的战术竞技，让我体验了生存游戏的刺激。(String), 49(Long), 2024-09-28T19:07:44.710076200(LocalDateTime), 2024-09-28T19:07:44.710076200(LocalDateTime)
<==    Updates: 1
Releasing transactional SqlSession [org.apache.ibatis.session.defaults.DefaultSqlSession@f5a680]
Transaction synchronization committing SqlSession [org.apache.ibatis.session.defaults.DefaultSqlSession@f5a680]
Transaction synchronization deregistering SqlSession [org.apache.ibatis.session.defaults.DefaultSqlSession@f5a680]
Transaction synchronization closing SqlSession [org.apache.ibatis.session.defaults.DefaultSqlSession@f5a680]
Creating a new SqlSession
Registering transaction synchronization for SqlSession [org.apache.ibatis.session.defaults.DefaultSqlSession@14f254f]
JDBC Connection [HikariProxyConnection@81745089 wrapping com.mysql.cj.jdbc.ConnectionImpl@7e615c6a] will be managed by Spring
==>  Preparing: INSERT INTO `tb_post` (content, author_id, publish_at, last_update) VALUES (?, ?, ?, ?)
==> Parameters: 《塞尔达无双：灾厄启示录》的动作战斗，让我感受到了无双系列的魅力。(String), 20(Long), 2024-09-28T19:07:44.720199700(LocalDateTime), 2024-09-28T19:07:44.720199700(LocalDateTime)
<==    Updates: 1
Releasing transactional SqlSession [org.apache.ibatis.session.defaults.DefaultSqlSession@14f254f]
Transaction synchronization committing SqlSession [org.apache.ibatis.session.defaults.DefaultSqlSession@14f254f]
Transaction synchronization deregistering SqlSession [org.apache.ibatis.session.defaults.DefaultSqlSession@14f254f]
Transaction synchronization closing SqlSession [org.apache.ibatis.session.defaults.DefaultSqlSession@14f254f]
Creating a new SqlSession
Registering transaction synchronization for SqlSession [org.apache.ibatis.session.defaults.DefaultSqlSession@41962299]
JDBC Connection [HikariProxyConnection@1679932542 wrapping com.mysql.cj.jdbc.ConnectionImpl@7e615c6a] will be managed by Spring
==>  Preparing: INSERT INTO `tb_post` (content, author_id, publish_at, last_update) VALUES (?, ?, ?, ?)
==> Parameters: 《鬼泣5》的华丽战斗，让我沉浸在恶魔猎人的世界中。(String), 43(Long), 2024-09-28T19:07:44.730220700(LocalDateTime), 2024-09-28T19:07:44.730220700(LocalDateTime)
<==    Updates: 1
Releasing transactional SqlSession [org.apache.ibatis.session.defaults.DefaultSqlSession@41962299]
Transaction synchronization committing SqlSession [org.apache.ibatis.session.defaults.DefaultSqlSession@41962299]
Transaction synchronization deregistering SqlSession [org.apache.ibatis.session.defaults.DefaultSqlSession@41962299]
Transaction synchronization closing SqlSession [org.apache.ibatis.session.defaults.DefaultSqlSession@41962299]
Creating a new SqlSession
Registering transaction synchronization for SqlSession [org.apache.ibatis.session.defaults.DefaultSqlSession@6908674b]
JDBC Connection [HikariProxyConnection@79120973 wrapping com.mysql.cj.jdbc.ConnectionImpl@7e615c6a] will be managed by Spring
==>  Preparing: INSERT INTO `tb_post` (content, author_id, publish_at, last_update) VALUES (?, ?, ?, ?)
==> Parameters: 《只狼：影逝二度》的忍者冒险，考验着我的耐心与技巧。(String), 89(Long), 2024-09-28T19:07:44.739918(LocalDateTime), 2024-09-28T19:07:44.739918(LocalDateTime)
<==    Updates: 1
Releasing transactional SqlSession [org.apache.ibatis.session.defaults.DefaultSqlSession@6908674b]
Transaction synchronization committing SqlSession [org.apache.ibatis.session.defaults.DefaultSqlSession@6908674b]
Transaction synchronization deregistering SqlSession [org.apache.ibatis.session.defaults.DefaultSqlSession@6908674b]
Transaction synchronization closing SqlSession [org.apache.ibatis.session.defaults.DefaultSqlSession@6908674b]
Creating a new SqlSession
Registering transaction synchronization for SqlSession [org.apache.ibatis.session.defaults.DefaultSqlSession@565983f3]
JDBC Connection [HikariProxyConnection@1915885313 wrapping com.mysql.cj.jdbc.ConnectionImpl@7e615c6a] will be managed by Spring
==>  Preparing: INSERT INTO `tb_post` (content, author_id, publish_at, last_update) VALUES (?, ?, ?, ?)
==> Parameters: 《超级马里奥奥德赛》的创意关卡，让我体验了马里奥的奇妙之旅。(String), 12(Long), 2024-09-28T19:07:44.749957200(LocalDateTime), 2024-09-28T19:07:44.749957200(LocalDateTime)
<==    Updates: 1
Releasing transactional SqlSession [org.apache.ibatis.session.defaults.DefaultSqlSession@565983f3]
Transaction synchronization committing SqlSession [org.apache.ibatis.session.defaults.DefaultSqlSession@565983f3]
Transaction synchronization deregistering SqlSession [org.apache.ibatis.session.defaults.DefaultSqlSession@565983f3]
Transaction synchronization closing SqlSession [org.apache.ibatis.session.defaults.DefaultSqlSession@565983f3]
Creating a new SqlSession
Registering transaction synchronization for SqlSession [org.apache.ibatis.session.defaults.DefaultSqlSession@62aefc75]
JDBC Connection [HikariProxyConnection@1130242637 wrapping com.mysql.cj.jdbc.ConnectionImpl@7e615c6a] will be managed by Spring
==>  Preparing: INSERT INTO `tb_post` (content, author_id, publish_at, last_update) VALUES (?, ?, ?, ?)
==> Parameters: 《勇者斗恶龙》系列的经典角色扮演，让我体验了史诗般的冒险。(String), 21(Long), 2024-09-28T19:07:44.760082700(LocalDateTime), 2024-09-28T19:07:44.760082700(LocalDateTime)
<==    Updates: 1
Releasing transactional SqlSession [org.apache.ibatis.session.defaults.DefaultSqlSession@62aefc75]
Transaction synchronization committing SqlSession [org.apache.ibatis.session.defaults.DefaultSqlSession@62aefc75]
Transaction synchronization deregistering SqlSession [org.apache.ibatis.session.defaults.DefaultSqlSession@62aefc75]
Transaction synchronization closing SqlSession [org.apache.ibatis.session.defaults.DefaultSqlSession@62aefc75]
Creating a new SqlSession
Registering transaction synchronization for SqlSession [org.apache.ibatis.session.defaults.DefaultSqlSession@5e8bc83e]
JDBC Connection [HikariProxyConnection@1765232168 wrapping com.mysql.cj.jdbc.ConnectionImpl@7e615c6a] will be managed by Spring
==>  Preparing: INSERT INTO `tb_post` (content, author_id, publish_at, last_update) VALUES (?, ?, ?, ?)
==> Parameters: 《超级机器人大战》系列的机甲战斗，让我热血沸腾。(String), 37(Long), 2024-09-28T19:07:44.770194100(LocalDateTime), 2024-09-28T19:07:44.770194100(LocalDateTime)
<==    Updates: 1
Releasing transactional SqlSession [org.apache.ibatis.session.defaults.DefaultSqlSession@5e8bc83e]
Transaction synchronization committing SqlSession [org.apache.ibatis.session.defaults.DefaultSqlSession@5e8bc83e]
Transaction synchronization deregistering SqlSession [org.apache.ibatis.session.defaults.DefaultSqlSession@5e8bc83e]
Transaction synchronization closing SqlSession [org.apache.ibatis.session.defaults.DefaultSqlSession@5e8bc83e]
Creating a new SqlSession
Registering transaction synchronization for SqlSession [org.apache.ibatis.session.defaults.DefaultSqlSession@7b1b1784]
JDBC Connection [HikariProxyConnection@1491128748 wrapping com.mysql.cj.jdbc.ConnectionImpl@7e615c6a] will be managed by Spring
==>  Preparing: INSERT INTO `tb_post` (content, author_id, publish_at, last_update) VALUES (?, ?, ?, ?)
==> Parameters: 《逆转裁判》系列的法庭辩论，让我体验了成为律师的快感。(String), 29(Long), 2024-09-28T19:07:44.770194100(LocalDateTime), 2024-09-28T19:07:44.770194100(LocalDateTime)
<==    Updates: 1
Releasing transactional SqlSession [org.apache.ibatis.session.defaults.DefaultSqlSession@7b1b1784]
Transaction synchronization committing SqlSession [org.apache.ibatis.session.defaults.DefaultSqlSession@7b1b1784]
Transaction synchronization deregistering SqlSession [org.apache.ibatis.session.defaults.DefaultSqlSession@7b1b1784]
Transaction synchronization closing SqlSession [org.apache.ibatis.session.defaults.DefaultSqlSession@7b1b1784]
Creating a new SqlSession
Registering transaction synchronization for SqlSession [org.apache.ibatis.session.defaults.DefaultSqlSession@66ce4b4]
JDBC Connection [HikariProxyConnection@1993137729 wrapping com.mysql.cj.jdbc.ConnectionImpl@7e615c6a] will be managed by Spring
==>  Preparing: INSERT INTO `tb_post` (content, author_id, publish_at, last_update) VALUES (?, ?, ?, ?)
==> Parameters: 《女神异闻录5》的都市冒险，让我沉迷于角色的成长与故事。(String), 85(Long), 2024-09-28T19:07:44.780106600(LocalDateTime), 2024-09-28T19:07:44.780106600(LocalDateTime)
<==    Updates: 1
Releasing transactional SqlSession [org.apache.ibatis.session.defaults.DefaultSqlSession@66ce4b4]
Transaction synchronization committing SqlSession [org.apache.ibatis.session.defaults.DefaultSqlSession@66ce4b4]
Transaction synchronization deregistering SqlSession [org.apache.ibatis.session.defaults.DefaultSqlSession@66ce4b4]
Transaction synchronization closing SqlSession [org.apache.ibatis.session.defaults.DefaultSqlSession@66ce4b4]
Creating a new SqlSession
Registering transaction synchronization for SqlSession [org.apache.ibatis.session.defaults.DefaultSqlSession@1fb379e4]
JDBC Connection [HikariProxyConnection@1739703215 wrapping com.mysql.cj.jdbc.ConnectionImpl@7e615c6a] will be managed by Spring
==>  Preparing: INSERT INTO `tb_post` (content, author_id, publish_at, last_update) VALUES (?, ?, ?, ?)
==> Parameters: 《如龙》系列的日本黑帮文化，让我体验了不同的生活。(String), 88(Long), 2024-09-28T19:07:44.780106600(LocalDateTime), 2024-09-28T19:07:44.780106600(LocalDateTime)
<==    Updates: 1
Releasing transactional SqlSession [org.apache.ibatis.session.defaults.DefaultSqlSession@1fb379e4]
Transaction synchronization committing SqlSession [org.apache.ibatis.session.defaults.DefaultSqlSession@1fb379e4]
Transaction synchronization deregistering SqlSession [org.apache.ibatis.session.defaults.DefaultSqlSession@1fb379e4]
Transaction synchronization closing SqlSession [org.apache.ibatis.session.defaults.DefaultSqlSession@1fb379e4]
Creating a new SqlSession
Registering transaction synchronization for SqlSession [org.apache.ibatis.session.defaults.DefaultSqlSession@49b6373f]
JDBC Connection [HikariProxyConnection@793882880 wrapping com.mysql.cj.jdbc.ConnectionImpl@7e615c6a] will be managed by Spring
==>  Preparing: INSERT INTO `tb_post` (content, author_id, publish_at, last_update) VALUES (?, ?, ?, ?)
==> Parameters: 《洛克人11》的经典平台挑战，让我回忆起了童年的游戏时光。(String), 74(Long), 2024-09-28T19:07:44.789817100(LocalDateTime), 2024-09-28T19:07:44.789817100(LocalDateTime)
<==    Updates: 1
Releasing transactional SqlSession [org.apache.ibatis.session.defaults.DefaultSqlSession@49b6373f]
Transaction synchronization committing SqlSession [org.apache.ibatis.session.defaults.DefaultSqlSession@49b6373f]
Transaction synchronization deregistering SqlSession [org.apache.ibatis.session.defaults.DefaultSqlSession@49b6373f]
Transaction synchronization closing SqlSession [org.apache.ibatis.session.defaults.DefaultSqlSession@49b6373f]
Creating a new SqlSession
Registering transaction synchronization for SqlSession [org.apache.ibatis.session.defaults.DefaultSqlSession@24381e4a]
JDBC Connection [HikariProxyConnection@241016743 wrapping com.mysql.cj.jdbc.ConnectionImpl@7e615c6a] will be managed by Spring
==>  Preparing: INSERT INTO `tb_post` (content, author_id, publish_at, last_update) VALUES (?, ?, ?, ?)
==> Parameters: 《暗黑破坏神3》的刷宝乐趣，让我沉迷于无尽的战斗。(String), 57(Long), 2024-09-28T19:07:44.789817100(LocalDateTime), 2024-09-28T19:07:44.789817100(LocalDateTime)
<==    Updates: 1
Releasing transactional SqlSession [org.apache.ibatis.session.defaults.DefaultSqlSession@24381e4a]
Transaction synchronization committing SqlSession [org.apache.ibatis.session.defaults.DefaultSqlSession@24381e4a]
Transaction synchronization deregistering SqlSession [org.apache.ibatis.session.defaults.DefaultSqlSession@24381e4a]
Transaction synchronization closing SqlSession [org.apache.ibatis.session.defaults.DefaultSqlSession@24381e4a]
Creating a new SqlSession
Registering transaction synchronization for SqlSession [org.apache.ibatis.session.defaults.DefaultSqlSession@39f3285d]
JDBC Connection [HikariProxyConnection@485998677 wrapping com.mysql.cj.jdbc.ConnectionImpl@7e615c6a] will be managed by Spring
==>  Preparing: INSERT INTO `tb_post` (content, author_id, publish_at, last_update) VALUES (?, ?, ?, ?)
==> Parameters: 《彩虹六号：围攻》的战术射击，让我体验了团队合作的重要性。(String), 42(Long), 2024-09-28T19:07:44.799736300(LocalDateTime), 2024-09-28T19:07:44.799736300(LocalDateTime)
<==    Updates: 1
Releasing transactional SqlSession [org.apache.ibatis.session.defaults.DefaultSqlSession@39f3285d]
Transaction synchronization committing SqlSession [org.apache.ibatis.session.defaults.DefaultSqlSession@39f3285d]
Transaction synchronization deregistering SqlSession [org.apache.ibatis.session.defaults.DefaultSqlSession@39f3285d]
Transaction synchronization closing SqlSession [org.apache.ibatis.session.defaults.DefaultSqlSession@39f3285d]
Creating a new SqlSession
Registering transaction synchronization for SqlSession [org.apache.ibatis.session.defaults.DefaultSqlSession@39dee5fd]
JDBC Connection [HikariProxyConnection@784488689 wrapping com.mysql.cj.jdbc.ConnectionImpl@7e615c6a] will be managed by Spring
==>  Preparing: INSERT INTO `tb_post` (content, author_id, publish_at, last_update) VALUES (?, ?, ?, ?)
==> Parameters: 《全境封锁2》的末日生存，让我感受到了合作的力量。(String), 8(Long), 2024-09-28T19:07:44.804452600(LocalDateTime), 2024-09-28T19:07:44.804452600(LocalDateTime)
<==    Updates: 1
Releasing transactional SqlSession [org.apache.ibatis.session.defaults.DefaultSqlSession@39dee5fd]
Transaction synchronization committing SqlSession [org.apache.ibatis.session.defaults.DefaultSqlSession@39dee5fd]
Transaction synchronization deregistering SqlSession [org.apache.ibatis.session.defaults.DefaultSqlSession@39dee5fd]
Transaction synchronization closing SqlSession [org.apache.ibatis.session.defaults.DefaultSqlSession@39dee5fd]
Creating a new SqlSession
Registering transaction synchronization for SqlSession [org.apache.ibatis.session.defaults.DefaultSqlSession@2eed6331]
JDBC Connection [HikariProxyConnection@8972378 wrapping com.mysql.cj.jdbc.ConnectionImpl@7e615c6a] will be managed by Spring
==>  Preparing: INSERT INTO `tb_post` (content, author_id, publish_at, last_update) VALUES (?, ?, ?, ?)
==> Parameters: 《荣耀战魂》的冷兵器战斗，让我体验了古代战争的残酷。(String), 53(Long), 2024-09-28T19:07:44.810010200(LocalDateTime), 2024-09-28T19:07:44.810010200(LocalDateTime)
<==    Updates: 1
Releasing transactional SqlSession [org.apache.ibatis.session.defaults.DefaultSqlSession@2eed6331]
Transaction synchronization committing SqlSession [org.apache.ibatis.session.defaults.DefaultSqlSession@2eed6331]
Transaction synchronization deregistering SqlSession [org.apache.ibatis.session.defaults.DefaultSqlSession@2eed6331]
Transaction synchronization closing SqlSession [org.apache.ibatis.session.defaults.DefaultSqlSession@2eed6331]
Creating a new SqlSession
Registering transaction synchronization for SqlSession [org.apache.ibatis.session.defaults.DefaultSqlSession@51c15508]
JDBC Connection [HikariProxyConnection@1536653994 wrapping com.mysql.cj.jdbc.ConnectionImpl@7e615c6a] will be managed by Spring
==>  Preparing: INSERT INTO `tb_post` (content, author_id, publish_at, last_update) VALUES (?, ?, ?, ?)
==> Parameters: 《舞力全开》的舞蹈挑战，是我家庭聚会的必备游戏。(String), 12(Long), 2024-09-28T19:07:44.810010200(LocalDateTime), 2024-09-28T19:07:44.810010200(LocalDateTime)
<==    Updates: 1
Releasing transactional SqlSession [org.apache.ibatis.session.defaults.DefaultSqlSession@51c15508]
Transaction synchronization committing SqlSession [org.apache.ibatis.session.defaults.DefaultSqlSession@51c15508]
Transaction synchronization deregistering SqlSession [org.apache.ibatis.session.defaults.DefaultSqlSession@51c15508]
Transaction synchronization closing SqlSession [org.apache.ibatis.session.defaults.DefaultSqlSession@51c15508]
Creating a new SqlSession
Registering transaction synchronization for SqlSession [org.apache.ibatis.session.defaults.DefaultSqlSession@738ae785]
JDBC Connection [HikariProxyConnection@615391619 wrapping com.mysql.cj.jdbc.ConnectionImpl@7e615c6a] will be managed by Spring
==>  Preparing: INSERT INTO `tb_post` (content, author_id, publish_at, last_update) VALUES (?, ?, ?, ?)
==> Parameters: 《火箭联盟》的足球与赛车结合，让我体验了独特的竞技乐趣。(String), 19(Long), 2024-09-28T19:07:44.820103800(LocalDateTime), 2024-09-28T19:07:44.820103800(LocalDateTime)
<==    Updates: 1
Releasing transactional SqlSession [org.apache.ibatis.session.defaults.DefaultSqlSession@738ae785]
Transaction synchronization committing SqlSession [org.apache.ibatis.session.defaults.DefaultSqlSession@738ae785]
Transaction synchronization deregistering SqlSession [org.apache.ibatis.session.defaults.DefaultSqlSession@738ae785]
Transaction synchronization closing SqlSession [org.apache.ibatis.session.defaults.DefaultSqlSession@738ae785]
Creating a new SqlSession
Registering transaction synchronization for SqlSession [org.apache.ibatis.session.defaults.DefaultSqlSession@280f061e]
JDBC Connection [HikariProxyConnection@1842201464 wrapping com.mysql.cj.jdbc.ConnectionImpl@7e615c6a] will be managed by Spring
==>  Preparing: INSERT INTO `tb_post` (content, author_id, publish_at, last_update) VALUES (?, ?, ?, ?)
==> Parameters: 《空洞骑士》的地下世界探险，让我感受到了挑战与发现的乐趣。(String), 34(Long), 2024-09-28T19:07:44.820103800(LocalDateTime), 2024-09-28T19:07:44.820103800(LocalDateTime)
<==    Updates: 1
Releasing transactional SqlSession [org.apache.ibatis.session.defaults.DefaultSqlSession@280f061e]
Transaction synchronization committing SqlSession [org.apache.ibatis.session.defaults.DefaultSqlSession@280f061e]
Transaction synchronization deregistering SqlSession [org.apache.ibatis.session.defaults.DefaultSqlSession@280f061e]
Transaction synchronization closing SqlSession [org.apache.ibatis.session.defaults.DefaultSqlSession@280f061e]
Creating a new SqlSession
Registering transaction synchronization for SqlSession [org.apache.ibatis.session.defaults.DefaultSqlSession@23a78d2e]
JDBC Connection [HikariProxyConnection@202160578 wrapping com.mysql.cj.jdbc.ConnectionImpl@7e615c6a] will be managed by Spring
==>  Preparing: INSERT INTO `tb_post` (content, author_id, publish_at, last_update) VALUES (?, ?, ?, ?)
==> Parameters: 《神界：原罪2》的回合制战斗，让我体验了策略与角色扮演的结合。(String), 46(Long), 2024-09-28T19:07:44.829835800(LocalDateTime), 2024-09-28T19:07:44.829835800(LocalDateTime)
<==    Updates: 1
Releasing transactional SqlSession [org.apache.ibatis.session.defaults.DefaultSqlSession@23a78d2e]
Transaction synchronization committing SqlSession [org.apache.ibatis.session.defaults.DefaultSqlSession@23a78d2e]
Transaction synchronization deregistering SqlSession [org.apache.ibatis.session.defaults.DefaultSqlSession@23a78d2e]
Transaction synchronization closing SqlSession [org.apache.ibatis.session.defaults.DefaultSqlSession@23a78d2e]
Creating a new SqlSession
Registering transaction synchronization for SqlSession [org.apache.ibatis.session.defaults.DefaultSqlSession@23c61c1b]
JDBC Connection [HikariProxyConnection@2000471377 wrapping com.mysql.cj.jdbc.ConnectionImpl@7e615c6a] will be managed by Spring
==>  Preparing: INSERT INTO `tb_post` (content, author_id, publish_at, last_update) VALUES (?, ?, ?, ?)
==> Parameters: 《幽浮2》的战术策略，让我体验了外星战争的紧张与刺激。(String), 74(Long), 2024-09-28T19:07:44.829835800(LocalDateTime), 2024-09-28T19:07:44.829835800(LocalDateTime)
<==    Updates: 1
Releasing transactional SqlSession [org.apache.ibatis.session.defaults.DefaultSqlSession@23c61c1b]
Transaction synchronization committing SqlSession [org.apache.ibatis.session.defaults.DefaultSqlSession@23c61c1b]
Transaction synchronization deregistering SqlSession [org.apache.ibatis.session.defaults.DefaultSqlSession@23c61c1b]
Transaction synchronization closing SqlSession [org.apache.ibatis.session.defaults.DefaultSqlSession@23c61c1b]
Creating a new SqlSession
Registering transaction synchronization for SqlSession [org.apache.ibatis.session.defaults.DefaultSqlSession@6edb093f]
JDBC Connection [HikariProxyConnection@1989329129 wrapping com.mysql.cj.jdbc.ConnectionImpl@7e615c6a] will be managed by Spring
==>  Preparing: INSERT INTO `tb_post` (content, author_id, publish_at, last_update) VALUES (?, ?, ?, ?)
==> Parameters: 《刺客信条：奥德赛》的古希腊世界，让我体验了历史的深度。(String), 82(Long), 2024-09-28T19:07:44.850078800(LocalDateTime), 2024-09-28T19:07:44.850078800(LocalDateTime)
<==    Updates: 1
Releasing transactional SqlSession [org.apache.ibatis.session.defaults.DefaultSqlSession@6edb093f]
Transaction synchronization committing SqlSession [org.apache.ibatis.session.defaults.DefaultSqlSession@6edb093f]
Transaction synchronization deregistering SqlSession [org.apache.ibatis.session.defaults.DefaultSqlSession@6edb093f]
Transaction synchronization closing SqlSession [org.apache.ibatis.session.defaults.DefaultSqlSession@6edb093f]
Creating a new SqlSession
Registering transaction synchronization for SqlSession [org.apache.ibatis.session.defaults.DefaultSqlSession@6805415d]
JDBC Connection [HikariProxyConnection@932255242 wrapping com.mysql.cj.jdbc.ConnectionImpl@7e615c6a] will be managed by Spring
==>  Preparing: INSERT INTO `tb_post` (content, author_id, publish_at, last_update) VALUES (?, ?, ?, ?)
==> Parameters: 《地平线：西之绝境》的机械生物，让我对游戏世界充满了好奇。(String), 35(Long), 2024-09-28T19:07:44.859632600(LocalDateTime), 2024-09-28T19:07:44.859632600(LocalDateTime)
<==    Updates: 1
Releasing transactional SqlSession [org.apache.ibatis.session.defaults.DefaultSqlSession@6805415d]
Transaction synchronization committing SqlSession [org.apache.ibatis.session.defaults.DefaultSqlSession@6805415d]
Transaction synchronization deregistering SqlSession [org.apache.ibatis.session.defaults.DefaultSqlSession@6805415d]
Transaction synchronization closing SqlSession [org.apache.ibatis.session.defaults.DefaultSqlSession@6805415d]
Creating a new SqlSession
Registering transaction synchronization for SqlSession [org.apache.ibatis.session.defaults.DefaultSqlSession@55a2ca5e]
JDBC Connection [HikariProxyConnection@314280259 wrapping com.mysql.cj.jdbc.ConnectionImpl@7e615c6a] will be managed by Spring
==>  Preparing: INSERT INTO `tb_post` (content, author_id, publish_at, last_update) VALUES (?, ?, ?, ?)
==> Parameters: 《绝地求生：未来之役》的科幻元素，让我体验了未来战场的战斗。(String), 57(Long), 2024-09-28T19:07:44.864663500(LocalDateTime), 2024-09-28T19:07:44.864663500(LocalDateTime)
<==    Updates: 1
Releasing transactional SqlSession [org.apache.ibatis.session.defaults.DefaultSqlSession@55a2ca5e]
Transaction synchronization committing SqlSession [org.apache.ibatis.session.defaults.DefaultSqlSession@55a2ca5e]
Transaction synchronization deregistering SqlSession [org.apache.ibatis.session.defaults.DefaultSqlSession@55a2ca5e]
Transaction synchronization closing SqlSession [org.apache.ibatis.session.defaults.DefaultSqlSession@55a2ca5e]
Creating a new SqlSession
Registering transaction synchronization for SqlSession [org.apache.ibatis.session.defaults.DefaultSqlSession@949165f]
JDBC Connection [HikariProxyConnection@611498500 wrapping com.mysql.cj.jdbc.ConnectionImpl@7e615c6a] will be managed by Spring
==>  Preparing: INSERT INTO `tb_post` (content, author_id, publish_at, last_update) VALUES (?, ?, ?, ?)
==> Parameters: 《塞尔达传说：荒野之息》的自由探索，让我沉迷于海拉尔的美景。(String), 15(Long), 2024-09-28T19:07:44.871716500(LocalDateTime), 2024-09-28T19:07:44.871716500(LocalDateTime)
<==    Updates: 1
Releasing transactional SqlSession [org.apache.ibatis.session.defaults.DefaultSqlSession@949165f]
Transaction synchronization committing SqlSession [org.apache.ibatis.session.defaults.DefaultSqlSession@949165f]
Transaction synchronization deregistering SqlSession [org.apache.ibatis.session.defaults.DefaultSqlSession@949165f]
Transaction synchronization closing SqlSession [org.apache.ibatis.session.defaults.DefaultSqlSession@949165f]
Creating a new SqlSession
Registering transaction synchronization for SqlSession [org.apache.ibatis.session.defaults.DefaultSqlSession@2f0b5d79]
JDBC Connection [HikariProxyConnection@1981719029 wrapping com.mysql.cj.jdbc.ConnectionImpl@7e615c6a] will be managed by Spring
==>  Preparing: INSERT INTO `tb_post` (content, author_id, publish_at, last_update) VALUES (?, ?, ?, ?)
==> Parameters: 《怪物猎人：世界》的狩猎挑战，让我体验了与巨兽的搏斗。(String), 52(Long), 2024-09-28T19:07:44.884771400(LocalDateTime), 2024-09-28T19:07:44.884771400(LocalDateTime)
<==    Updates: 1
Releasing transactional SqlSession [org.apache.ibatis.session.defaults.DefaultSqlSession@2f0b5d79]
Transaction synchronization committing SqlSession [org.apache.ibatis.session.defaults.DefaultSqlSession@2f0b5d79]
Transaction synchronization deregistering SqlSession [org.apache.ibatis.session.defaults.DefaultSqlSession@2f0b5d79]
Transaction synchronization closing SqlSession [org.apache.ibatis.session.defaults.DefaultSqlSession@2f0b5d79]
Creating a new SqlSession
Registering transaction synchronization for SqlSession [org.apache.ibatis.session.defaults.DefaultSqlSession@27d44578]
JDBC Connection [HikariProxyConnection@148704368 wrapping com.mysql.cj.jdbc.ConnectionImpl@7e615c6a] will be managed by Spring
==>  Preparing: INSERT INTO `tb_post` (content, author_id, publish_at, last_update) VALUES (?, ?, ?, ?)
==> Parameters: 《最终幻想14》的 MMORPG 体验，让我与朋友们共同冒险。(String), 83(Long), 2024-09-28T19:07:44.894835(LocalDateTime), 2024-09-28T19:07:44.894835(LocalDateTime)
<==    Updates: 1
Releasing transactional SqlSession [org.apache.ibatis.session.defaults.DefaultSqlSession@27d44578]
Transaction synchronization committing SqlSession [org.apache.ibatis.session.defaults.DefaultSqlSession@27d44578]
Transaction synchronization deregistering SqlSession [org.apache.ibatis.session.defaults.DefaultSqlSession@27d44578]
Transaction synchronization closing SqlSession [org.apache.ibatis.session.defaults.DefaultSqlSession@27d44578]
Creating a new SqlSession
Registering transaction synchronization for SqlSession [org.apache.ibatis.session.defaults.DefaultSqlSession@69cc3370]
JDBC Connection [HikariProxyConnection@406952631 wrapping com.mysql.cj.jdbc.ConnectionImpl@7e615c6a] will be managed by Spring
==>  Preparing: INSERT INTO `tb_post` (content, author_id, publish_at, last_update) VALUES (?, ?, ?, ?)
==> Parameters: 《战争机器5》的合作射击，让我与队友们共同面对敌人。(String), 49(Long), 2024-09-28T19:07:44.904623900(LocalDateTime), 2024-09-28T19:07:44.904623900(LocalDateTime)
<==    Updates: 1
Releasing transactional SqlSession [org.apache.ibatis.session.defaults.DefaultSqlSession@69cc3370]
Transaction synchronization committing SqlSession [org.apache.ibatis.session.defaults.DefaultSqlSession@69cc3370]
Transaction synchronization deregistering SqlSession [org.apache.ibatis.session.defaults.DefaultSqlSession@69cc3370]
Transaction synchronization closing SqlSession [org.apache.ibatis.session.defaults.DefaultSqlSession@69cc3370]
Creating a new SqlSession
Registering transaction synchronization for SqlSession [org.apache.ibatis.session.defaults.DefaultSqlSession@4e22dadb]
JDBC Connection [HikariProxyConnection@445735200 wrapping com.mysql.cj.jdbc.ConnectionImpl@7e615c6a] will be managed by Spring
==>  Preparing: INSERT INTO `tb_post` (content, author_id, publish_at, last_update) VALUES (?, ?, ?, ?)
==> Parameters: 《命运2》的宇宙冒险，让我体验了科幻与射击的完美结合。(String), 71(Long), 2024-09-28T19:07:44.914711(LocalDateTime), 2024-09-28T19:07:44.914711(LocalDateTime)
<==    Updates: 1
Releasing transactional SqlSession [org.apache.ibatis.session.defaults.DefaultSqlSession@4e22dadb]
Transaction synchronization committing SqlSession [org.apache.ibatis.session.defaults.DefaultSqlSession@4e22dadb]
Transaction synchronization deregistering SqlSession [org.apache.ibatis.session.defaults.DefaultSqlSession@4e22dadb]
Transaction synchronization closing SqlSession [org.apache.ibatis.session.defaults.DefaultSqlSession@4e22dadb]
Creating a new SqlSession
Registering transaction synchronization for SqlSession [org.apache.ibatis.session.defaults.DefaultSqlSession@3c98eaa9]
JDBC Connection [HikariProxyConnection@422635759 wrapping com.mysql.cj.jdbc.ConnectionImpl@7e615c6a] will be managed by Spring
==>  Preparing: INSERT INTO `tb_post` (content, author_id, publish_at, last_update) VALUES (?, ?, ?, ?)
==> Parameters: 《无主之地3》的枪械与宝藏，让我沉迷于射击与探索的乐趣。(String), 70(Long), 2024-09-28T19:07:44.929822400(LocalDateTime), 2024-09-28T19:07:44.929822400(LocalDateTime)
<==    Updates: 1
Releasing transactional SqlSession [org.apache.ibatis.session.defaults.DefaultSqlSession@3c98eaa9]
Transaction synchronization committing SqlSession [org.apache.ibatis.session.defaults.DefaultSqlSession@3c98eaa9]
Transaction synchronization deregistering SqlSession [org.apache.ibatis.session.defaults.DefaultSqlSession@3c98eaa9]
Transaction synchronization closing SqlSession [org.apache.ibatis.session.defaults.DefaultSqlSession@3c98eaa9]
Creating a new SqlSession
Registering transaction synchronization for SqlSession [org.apache.ibatis.session.defaults.DefaultSqlSession@4cb87009]
JDBC Connection [HikariProxyConnection@266571038 wrapping com.mysql.cj.jdbc.ConnectionImpl@7e615c6a] will be managed by Spring
==>  Preparing: INSERT INTO `tb_post` (content, author_id, publish_at, last_update) VALUES (?, ?, ?, ?)
==> Parameters: 《死亡细胞》的 roguelike 元素，让我每次游戏都有新的体验。(String), 70(Long), 2024-09-28T19:07:44.939877600(LocalDateTime), 2024-09-28T19:07:44.939877600(LocalDateTime)
<==    Updates: 1
Releasing transactional SqlSession [org.apache.ibatis.session.defaults.DefaultSqlSession@4cb87009]
Transaction synchronization committing SqlSession [org.apache.ibatis.session.defaults.DefaultSqlSession@4cb87009]
Transaction synchronization deregistering SqlSession [org.apache.ibatis.session.defaults.DefaultSqlSession@4cb87009]
Transaction synchronization closing SqlSession [org.apache.ibatis.session.defaults.DefaultSqlSession@4cb87009]
Creating a new SqlSession
Registering transaction synchronization for SqlSession [org.apache.ibatis.session.defaults.DefaultSqlSession@4b8ac512]
JDBC Connection [HikariProxyConnection@1774400964 wrapping com.mysql.cj.jdbc.ConnectionImpl@7e615c6a] will be managed by Spring
==>  Preparing: INSERT INTO `tb_post` (content, author_id, publish_at, last_update) VALUES (?, ?, ?, ?)
==> Parameters: 《星露谷物语》的农场生活，让我体验了田园的宁静与满足。(String), 18(Long), 2024-09-28T19:07:44.950964(LocalDateTime), 2024-09-28T19:07:44.950964(LocalDateTime)
<==    Updates: 1
Releasing transactional SqlSession [org.apache.ibatis.session.defaults.DefaultSqlSession@4b8ac512]
Transaction synchronization committing SqlSession [org.apache.ibatis.session.defaults.DefaultSqlSession@4b8ac512]
Transaction synchronization deregistering SqlSession [org.apache.ibatis.session.defaults.DefaultSqlSession@4b8ac512]
Transaction synchronization closing SqlSession [org.apache.ibatis.session.defaults.DefaultSqlSession@4b8ac512]
Creating a new SqlSession
Registering transaction synchronization for SqlSession [org.apache.ibatis.session.defaults.DefaultSqlSession@3b3dc752]
JDBC Connection [HikariProxyConnection@1792339731 wrapping com.mysql.cj.jdbc.ConnectionImpl@7e615c6a] will be managed by Spring
==>  Preparing: INSERT INTO `tb_post` (content, author_id, publish_at, last_update) VALUES (?, ?, ?, ?)
==> Parameters: 《守望先锋2》的新英雄与新地图，让我期待不已。(String), 40(Long), 2024-09-28T19:07:44.960040700(LocalDateTime), 2024-09-28T19:07:44.960040700(LocalDateTime)
<==    Updates: 1
Releasing transactional SqlSession [org.apache.ibatis.session.defaults.DefaultSqlSession@3b3dc752]
Transaction synchronization committing SqlSession [org.apache.ibatis.session.defaults.DefaultSqlSession@3b3dc752]
Transaction synchronization deregistering SqlSession [org.apache.ibatis.session.defaults.DefaultSqlSession@3b3dc752]
Transaction synchronization closing SqlSession [org.apache.ibatis.session.defaults.DefaultSqlSession@3b3dc752]
Creating a new SqlSession
Registering transaction synchronization for SqlSession [org.apache.ibatis.session.defaults.DefaultSqlSession@32d3b965]
JDBC Connection [HikariProxyConnection@370543159 wrapping com.mysql.cj.jdbc.ConnectionImpl@7e615c6a] will be managed by Spring
==>  Preparing: INSERT INTO `tb_post` (content, author_id, publish_at, last_update) VALUES (?, ?, ?, ?)
==> Parameters: 《Apex Legends》的新季节更新，带来了新的挑战与乐趣。(String), 56(Long), 2024-09-28T19:07:44.970075400(LocalDateTime), 2024-09-28T19:07:44.970075400(LocalDateTime)
<==    Updates: 1
Releasing transactional SqlSession [org.apache.ibatis.session.defaults.DefaultSqlSession@32d3b965]
Transaction synchronization committing SqlSession [org.apache.ibatis.session.defaults.DefaultSqlSession@32d3b965]
Transaction synchronization deregistering SqlSession [org.apache.ibatis.session.defaults.DefaultSqlSession@32d3b965]
Transaction synchronization closing SqlSession [org.apache.ibatis.session.defaults.DefaultSqlSession@32d3b965]
Creating a new SqlSession
Registering transaction synchronization for SqlSession [org.apache.ibatis.session.defaults.DefaultSqlSession@7b45f7ef]
JDBC Connection [HikariProxyConnection@400045995 wrapping com.mysql.cj.jdbc.ConnectionImpl@7e615c6a] will be managed by Spring
==>  Preparing: INSERT INTO `tb_post` (content, author_id, publish_at, last_update) VALUES (?, ?, ?, ?)
==> Parameters: 《堡垒之夜》的季节性活动，总是让我充满期待。(String), 43(Long), 2024-09-28T19:07:44.974612600(LocalDateTime), 2024-09-28T19:07:44.974612600(LocalDateTime)
<==    Updates: 1
Releasing transactional SqlSession [org.apache.ibatis.session.defaults.DefaultSqlSession@7b45f7ef]
Transaction synchronization committing SqlSession [org.apache.ibatis.session.defaults.DefaultSqlSession@7b45f7ef]
Transaction synchronization deregistering SqlSession [org.apache.ibatis.session.defaults.DefaultSqlSession@7b45f7ef]
Transaction synchronization closing SqlSession [org.apache.ibatis.session.defaults.DefaultSqlSession@7b45f7ef]
Creating a new SqlSession
Registering transaction synchronization for SqlSession [org.apache.ibatis.session.defaults.DefaultSqlSession@6768dc74]
JDBC Connection [HikariProxyConnection@1086926330 wrapping com.mysql.cj.jdbc.ConnectionImpl@7e615c6a] will be managed by Spring
==>  Preparing: INSERT INTO `tb_post` (content, author_id, publish_at, last_update) VALUES (?, ?, ?, ?)
==> Parameters: 《英雄联盟：激斗峡谷》的快节奏 MOBA，让我体验了策略与操作的较量。(String), 100(Long), 2024-09-28T19:07:44.979627800(LocalDateTime), 2024-09-28T19:07:44.979627800(LocalDateTime)
<==    Updates: 1
Releasing transactional SqlSession [org.apache.ibatis.session.defaults.DefaultSqlSession@6768dc74]
Transaction synchronization committing SqlSession [org.apache.ibatis.session.defaults.DefaultSqlSession@6768dc74]
Transaction synchronization deregistering SqlSession [org.apache.ibatis.session.defaults.DefaultSqlSession@6768dc74]
Transaction synchronization closing SqlSession [org.apache.ibatis.session.defaults.DefaultSqlSession@6768dc74]
Creating a new SqlSession
Registering transaction synchronization for SqlSession [org.apache.ibatis.session.defaults.DefaultSqlSession@58fb5b8f]
JDBC Connection [HikariProxyConnection@2144584587 wrapping com.mysql.cj.jdbc.ConnectionImpl@7e615c6a] will be managed by Spring
==>  Preparing: INSERT INTO `tb_post` (content, author_id, publish_at, last_update) VALUES (?, ?, ?, ?)
==> Parameters: 《原神》的开放世界与角色收集，让我沉迷于提瓦特的冒险。(String), 66(Long), 2024-09-28T19:07:44.983164500(LocalDateTime), 2024-09-28T19:07:44.983164500(LocalDateTime)
<==    Updates: 1
Releasing transactional SqlSession [org.apache.ibatis.session.defaults.DefaultSqlSession@58fb5b8f]
Transaction synchronization committing SqlSession [org.apache.ibatis.session.defaults.DefaultSqlSession@58fb5b8f]
Transaction synchronization deregistering SqlSession [org.apache.ibatis.session.defaults.DefaultSqlSession@58fb5b8f]
Transaction synchronization closing SqlSession [org.apache.ibatis.session.defaults.DefaultSqlSession@58fb5b8f]
Creating a new SqlSession
Registering transaction synchronization for SqlSession [org.apache.ibatis.session.defaults.DefaultSqlSession@54faa040]
JDBC Connection [HikariProxyConnection@572087558 wrapping com.mysql.cj.jdbc.ConnectionImpl@7e615c6a] will be managed by Spring
==>  Preparing: INSERT INTO `tb_post` (content, author_id, publish_at, last_update) VALUES (?, ?, ?, ?)
==> Parameters: 《赛博朋克2077》的夜城探索，让我体验了赛博朋克的魅力。(String), 43(Long), 2024-09-28T19:07:44.989679700(LocalDateTime), 2024-09-28T19:07:44.989679700(LocalDateTime)
<==    Updates: 1
Releasing transactional SqlSession [org.apache.ibatis.session.defaults.DefaultSqlSession@54faa040]
Transaction synchronization committing SqlSession [org.apache.ibatis.session.defaults.DefaultSqlSession@54faa040]
Transaction synchronization deregistering SqlSession [org.apache.ibatis.session.defaults.DefaultSqlSession@54faa040]
Transaction synchronization closing SqlSession [org.apache.ibatis.session.defaults.DefaultSqlSession@54faa040]
Creating a new SqlSession
Registering transaction synchronization for SqlSession [org.apache.ibatis.session.defaults.DefaultSqlSession@c10f7a8]
JDBC Connection [HikariProxyConnection@870227333 wrapping com.mysql.cj.jdbc.ConnectionImpl@7e615c6a] will be managed by Spring
==>  Preparing: INSERT INTO `tb_post` (content, author_id, publish_at, last_update) VALUES (?, ?, ?, ?)
==> Parameters: 《漫威蜘蛛侠》的纽约市冒险，让我体验了成为超级英雄的快感。(String), 49(Long), 2024-09-28T19:07:44.994722200(LocalDateTime), 2024-09-28T19:07:44.994722200(LocalDateTime)
<==    Updates: 1
Releasing transactional SqlSession [org.apache.ibatis.session.defaults.DefaultSqlSession@c10f7a8]
Transaction synchronization committing SqlSession [org.apache.ibatis.session.defaults.DefaultSqlSession@c10f7a8]
Transaction synchronization deregistering SqlSession [org.apache.ibatis.session.defaults.DefaultSqlSession@c10f7a8]
Transaction synchronization closing SqlSession [org.apache.ibatis.session.defaults.DefaultSqlSession@c10f7a8]
Creating a new SqlSession
Registering transaction synchronization for SqlSession [org.apache.ibatis.session.defaults.DefaultSqlSession@bb160fb]
JDBC Connection [HikariProxyConnection@2038911948 wrapping com.mysql.cj.jdbc.ConnectionImpl@7e615c6a] will be managed by Spring
==>  Preparing: INSERT INTO `tb_post` (content, author_id, publish_at, last_update) VALUES (?, ?, ?, ?)
==> Parameters: 《荒野大镖客：救赎2》的西部世界，让我体验了牛仔的生活与挑战。(String), 66(Long), 2024-09-28T19:07:44.999746800(LocalDateTime), 2024-09-28T19:07:44.999746800(LocalDateTime)
<==    Updates: 1
Releasing transactional SqlSession [org.apache.ibatis.session.defaults.DefaultSqlSession@bb160fb]
Transaction synchronization committing SqlSession [org.apache.ibatis.session.defaults.DefaultSqlSession@bb160fb]
Transaction synchronization deregistering SqlSession [org.apache.ibatis.session.defaults.DefaultSqlSession@bb160fb]
Transaction synchronization closing SqlSession [org.apache.ibatis.session.defaults.DefaultSqlSession@bb160fb]
Creating a new SqlSession
Registering transaction synchronization for SqlSession [org.apache.ibatis.session.defaults.DefaultSqlSession@1c0a4f87]
JDBC Connection [HikariProxyConnection@423861956 wrapping com.mysql.cj.jdbc.ConnectionImpl@7e615c6a] will be managed by Spring
==>  Preparing: INSERT INTO `tb_post` (content, author_id, publish_at, last_update) VALUES (?, ?, ?, ?)
==> Parameters: 《Splatoon 2》的色彩大战，充满了创意与乐趣。(String), 99(Long), 2024-09-28T19:07:45.004783400(LocalDateTime), 2024-09-28T19:07:45.004783400(LocalDateTime)
<==    Updates: 1
Releasing transactional SqlSession [org.apache.ibatis.session.defaults.DefaultSqlSession@1c0a4f87]
Transaction synchronization committing SqlSession [org.apache.ibatis.session.defaults.DefaultSqlSession@1c0a4f87]
Transaction synchronization deregistering SqlSession [org.apache.ibatis.session.defaults.DefaultSqlSession@1c0a4f87]
Transaction synchronization closing SqlSession [org.apache.ibatis.session.defaults.DefaultSqlSession@1c0a4f87]
Creating a new SqlSession
Registering transaction synchronization for SqlSession [org.apache.ibatis.session.defaults.DefaultSqlSession@7d50b4c4]
JDBC Connection [HikariProxyConnection@141460585 wrapping com.mysql.cj.jdbc.ConnectionImpl@7e615c6a] will be managed by Spring
==>  Preparing: INSERT INTO `tb_post` (content, author_id, publish_at, last_update) VALUES (?, ?, ?, ?)
==> Parameters: 《光环：无限》的宇宙战争，让我体验了科幻射击的刺激。(String), 21(Long), 2024-09-28T19:07:45.014982600(LocalDateTime), 2024-09-28T19:07:45.014982600(LocalDateTime)
<==    Updates: 1
Releasing transactional SqlSession [org.apache.ibatis.session.defaults.DefaultSqlSession@7d50b4c4]
Transaction synchronization committing SqlSession [org.apache.ibatis.session.defaults.DefaultSqlSession@7d50b4c4]
Transaction synchronization deregistering SqlSession [org.apache.ibatis.session.defaults.DefaultSqlSession@7d50b4c4]
Transaction synchronization closing SqlSession [org.apache.ibatis.session.defaults.DefaultSqlSession@7d50b4c4]
Creating a new SqlSession
Registering transaction synchronization for SqlSession [org.apache.ibatis.session.defaults.DefaultSqlSession@7325b786]
JDBC Connection [HikariProxyConnection@1278700356 wrapping com.mysql.cj.jdbc.ConnectionImpl@7e615c6a] will be managed by Spring
==>  Preparing: INSERT INTO `tb_post` (content, author_id, publish_at, last_update) VALUES (?, ?, ?, ?)
==> Parameters: 《地铁：离去》的末世生存，让我感受到了生存的艰难。(String), 79(Long), 2024-09-28T19:07:45.019919500(LocalDateTime), 2024-09-28T19:07:45.019919500(LocalDateTime)
<==    Updates: 1
Releasing transactional SqlSession [org.apache.ibatis.session.defaults.DefaultSqlSession@7325b786]
Transaction synchronization committing SqlSession [org.apache.ibatis.session.defaults.DefaultSqlSession@7325b786]
Transaction synchronization deregistering SqlSession [org.apache.ibatis.session.defaults.DefaultSqlSession@7325b786]
Transaction synchronization closing SqlSession [org.apache.ibatis.session.defaults.DefaultSqlSession@7325b786]
Creating a new SqlSession
Registering transaction synchronization for SqlSession [org.apache.ibatis.session.defaults.DefaultSqlSession@74cad577]
JDBC Connection [HikariProxyConnection@733671868 wrapping com.mysql.cj.jdbc.ConnectionImpl@7e615c6a] will be managed by Spring
==>  Preparing: INSERT INTO `tb_post` (content, author_id, publish_at, last_update) VALUES (?, ?, ?, ?)
==> Parameters: 《死亡搁浅》的连接主题，让我思考了人与人之间的关系。(String), 33(Long), 2024-09-28T19:07:45.024951600(LocalDateTime), 2024-09-28T19:07:45.024951600(LocalDateTime)
<==    Updates: 1
Releasing transactional SqlSession [org.apache.ibatis.session.defaults.DefaultSqlSession@74cad577]
Transaction synchronization committing SqlSession [org.apache.ibatis.session.defaults.DefaultSqlSession@74cad577]
Transaction synchronization deregistering SqlSession [org.apache.ibatis.session.defaults.DefaultSqlSession@74cad577]
Transaction synchronization closing SqlSession [org.apache.ibatis.session.defaults.DefaultSqlSession@74cad577]
Creating a new SqlSession
Registering transaction synchronization for SqlSession [org.apache.ibatis.session.defaults.DefaultSqlSession@43fdef43]
JDBC Connection [HikariProxyConnection@1939291767 wrapping com.mysql.cj.jdbc.ConnectionImpl@7e615c6a] will be managed by Spring
==>  Preparing: INSERT INTO `tb_post` (content, author_id, publish_at, last_update) VALUES (?, ?, ?, ?)
==> Parameters: 《荒野乱斗》的快节奏对战，让我爱不释手。(String), 83(Long), 2024-09-28T19:07:45.030508800(LocalDateTime), 2024-09-28T19:07:45.030508800(LocalDateTime)
<==    Updates: 1
Releasing transactional SqlSession [org.apache.ibatis.session.defaults.DefaultSqlSession@43fdef43]
Transaction synchronization committing SqlSession [org.apache.ibatis.session.defaults.DefaultSqlSession@43fdef43]
Transaction synchronization deregistering SqlSession [org.apache.ibatis.session.defaults.DefaultSqlSession@43fdef43]
Transaction synchronization closing SqlSession [org.apache.ibatis.session.defaults.DefaultSqlSession@43fdef43]
Creating a new SqlSession
Registering transaction synchronization for SqlSession [org.apache.ibatis.session.defaults.DefaultSqlSession@20524816]
JDBC Connection [HikariProxyConnection@1033287931 wrapping com.mysql.cj.jdbc.ConnectionImpl@7e615c6a] will be managed by Spring
==>  Preparing: INSERT INTO `tb_post` (content, author_id, publish_at, last_update) VALUES (?, ?, ?, ?)
==> Parameters: 《光环：士官长合集》的经典回顾，让我重温了士官长的传奇。(String), 37(Long), 2024-09-28T19:07:45.040039100(LocalDateTime), 2024-09-28T19:07:45.040039100(LocalDateTime)
<==    Updates: 1
Releasing transactional SqlSession [org.apache.ibatis.session.defaults.DefaultSqlSession@20524816]
Transaction synchronization committing SqlSession [org.apache.ibatis.session.defaults.DefaultSqlSession@20524816]
Transaction synchronization deregistering SqlSession [org.apache.ibatis.session.defaults.DefaultSqlSession@20524816]
Transaction synchronization closing SqlSession [org.apache.ibatis.session.defaults.DefaultSqlSession@20524816]
Creating a new SqlSession
Registering transaction synchronization for SqlSession [org.apache.ibatis.session.defaults.DefaultSqlSession@20843604]
JDBC Connection [HikariProxyConnection@836252974 wrapping com.mysql.cj.jdbc.ConnectionImpl@7e615c6a] will be managed by Spring
==>  Preparing: INSERT INTO `tb_post` (content, author_id, publish_at, last_update) VALUES (?, ?, ?, ?)
==> Parameters: 《极限竞速：地平线》的驾驶体验，让我爱上了赛车文化。(String), 78(Long), 2024-09-28T19:07:45.049596900(LocalDateTime), 2024-09-28T19:07:45.049596900(LocalDateTime)
<==    Updates: 1
Releasing transactional SqlSession [org.apache.ibatis.session.defaults.DefaultSqlSession@20843604]
Transaction synchronization committing SqlSession [org.apache.ibatis.session.defaults.DefaultSqlSession@20843604]
Transaction synchronization deregistering SqlSession [org.apache.ibatis.session.defaults.DefaultSqlSession@20843604]
Transaction synchronization closing SqlSession [org.apache.ibatis.session.defaults.DefaultSqlSession@20843604]
Creating a new SqlSession
Registering transaction synchronization for SqlSession [org.apache.ibatis.session.defaults.DefaultSqlSession@5cb64b9c]
JDBC Connection [HikariProxyConnection@656689800 wrapping com.mysql.cj.jdbc.ConnectionImpl@7e615c6a] will be managed by Spring
==>  Preparing: INSERT INTO `tb_post` (content, author_id, publish_at, last_update) VALUES (?, ?, ?, ?)
==> Parameters: 《上古卷轴5：天际》的自由探索，让我沉迷于天际省的美景。(String), 76(Long), 2024-09-28T19:07:45.059681800(LocalDateTime), 2024-09-28T19:07:45.059681800(LocalDateTime)
<==    Updates: 1
Releasing transactional SqlSession [org.apache.ibatis.session.defaults.DefaultSqlSession@5cb64b9c]
Transaction synchronization committing SqlSession [org.apache.ibatis.session.defaults.DefaultSqlSession@5cb64b9c]
Transaction synchronization deregistering SqlSession [org.apache.ibatis.session.defaults.DefaultSqlSession@5cb64b9c]
Transaction synchronization closing SqlSession [org.apache.ibatis.session.defaults.DefaultSqlSession@5cb64b9c]
Creating a new SqlSession
Registering transaction synchronization for SqlSession [org.apache.ibatis.session.defaults.DefaultSqlSession@7da0587a]
JDBC Connection [HikariProxyConnection@1202261290 wrapping com.mysql.cj.jdbc.ConnectionImpl@7e615c6a] will be managed by Spring
==>  Preparing: INSERT INTO `tb_post` (content, author_id, publish_at, last_update) VALUES (?, ?, ?, ?)
==> Parameters: 《辐射4》的废土世界，让我体验了生存的挑战。(String), 41(Long), 2024-09-28T19:07:45.069759(LocalDateTime), 2024-09-28T19:07:45.069759(LocalDateTime)
<==    Updates: 1
Releasing transactional SqlSession [org.apache.ibatis.session.defaults.DefaultSqlSession@7da0587a]
Transaction synchronization committing SqlSession [org.apache.ibatis.session.defaults.DefaultSqlSession@7da0587a]
Transaction synchronization deregistering SqlSession [org.apache.ibatis.session.defaults.DefaultSqlSession@7da0587a]
Transaction synchronization closing SqlSession [org.apache.ibatis.session.defaults.DefaultSqlSession@7da0587a]
Creating a new SqlSession
Registering transaction synchronization for SqlSession [org.apache.ibatis.session.defaults.DefaultSqlSession@1ae26c59]
JDBC Connection [HikariProxyConnection@576229564 wrapping com.mysql.cj.jdbc.ConnectionImpl@7e615c6a] will be managed by Spring
==>  Preparing: INSERT INTO `tb_post` (content, author_id, publish_at, last_update) VALUES (?, ?, ?, ?)
==> Parameters: 《文明》系列的策略布局，让我体验了建设帝国的乐趣。(String), 84(Long), 2024-09-28T19:07:45.083364600(LocalDateTime), 2024-09-28T19:07:45.083364600(LocalDateTime)
<==    Updates: 1
Releasing transactional SqlSession [org.apache.ibatis.session.defaults.DefaultSqlSession@1ae26c59]
Transaction synchronization committing SqlSession [org.apache.ibatis.session.defaults.DefaultSqlSession@1ae26c59]
Transaction synchronization deregistering SqlSession [org.apache.ibatis.session.defaults.DefaultSqlSession@1ae26c59]
Transaction synchronization closing SqlSession [org.apache.ibatis.session.defaults.DefaultSqlSession@1ae26c59]
Creating a new SqlSession
Registering transaction synchronization for SqlSession [org.apache.ibatis.session.defaults.DefaultSqlSession@7e8f97dd]
JDBC Connection [HikariProxyConnection@110650017 wrapping com.mysql.cj.jdbc.ConnectionImpl@7e615c6a] will be managed by Spring
==>  Preparing: INSERT INTO `tb_post` (content, author_id, publish_at, last_update) VALUES (?, ?, ?, ?)
==> Parameters: 《缺氧》的太空殖民，考验着我的生存与资源管理能力。(String), 68(Long), 2024-09-28T19:07:45.089884700(LocalDateTime), 2024-09-28T19:07:45.089884700(LocalDateTime)
<==    Updates: 1
Releasing transactional SqlSession [org.apache.ibatis.session.defaults.DefaultSqlSession@7e8f97dd]
Transaction synchronization committing SqlSession [org.apache.ibatis.session.defaults.DefaultSqlSession@7e8f97dd]
Transaction synchronization deregistering SqlSession [org.apache.ibatis.session.defaults.DefaultSqlSession@7e8f97dd]
Transaction synchronization closing SqlSession [org.apache.ibatis.session.defaults.DefaultSqlSession@7e8f97dd]
Creating a new SqlSession
Registering transaction synchronization for SqlSession [org.apache.ibatis.session.defaults.DefaultSqlSession@6347f9cc]
JDBC Connection [HikariProxyConnection@1182693267 wrapping com.mysql.cj.jdbc.ConnectionImpl@7e615c6a] will be managed by Spring
==>  Preparing: INSERT INTO `tb_post` (content, author_id, publish_at, last_update) VALUES (?, ?, ?, ?)
==> Parameters: 《王国之心》系列的迪士尼世界，让我重温了童年的经典。(String), 73(Long), 2024-09-28T19:07:45.099978300(LocalDateTime), 2024-09-28T19:07:45.099978300(LocalDateTime)
<==    Updates: 1
Releasing transactional SqlSession [org.apache.ibatis.session.defaults.DefaultSqlSession@6347f9cc]
Transaction synchronization committing SqlSession [org.apache.ibatis.session.defaults.DefaultSqlSession@6347f9cc]
Transaction synchronization deregistering SqlSession [org.apache.ibatis.session.defaults.DefaultSqlSession@6347f9cc]
Transaction synchronization closing SqlSession [org.apache.ibatis.session.defaults.DefaultSqlSession@6347f9cc]
Creating a new SqlSession
Registering transaction synchronization for SqlSession [org.apache.ibatis.session.defaults.DefaultSqlSession@3c1ef806]
JDBC Connection [HikariProxyConnection@2075922925 wrapping com.mysql.cj.jdbc.ConnectionImpl@7e615c6a] will be managed by Spring
==>  Preparing: INSERT INTO `tb_post` (content, author_id, publish_at, last_update) VALUES (?, ?, ?, ?)
==> Parameters: 《尼尔：自动人形》的深刻故事，让我思考了生命的意义。(String), 87(Long), 2024-09-28T19:07:45.114739300(LocalDateTime), 2024-09-28T19:07:45.114739300(LocalDateTime)
<==    Updates: 1
Releasing transactional SqlSession [org.apache.ibatis.session.defaults.DefaultSqlSession@3c1ef806]
Transaction synchronization committing SqlSession [org.apache.ibatis.session.defaults.DefaultSqlSession@3c1ef806]
Transaction synchronization deregistering SqlSession [org.apache.ibatis.session.defaults.DefaultSqlSession@3c1ef806]
Transaction synchronization closing SqlSession [org.apache.ibatis.session.defaults.DefaultSqlSession@3c1ef806]
Creating a new SqlSession
Registering transaction synchronization for SqlSession [org.apache.ibatis.session.defaults.DefaultSqlSession@71d8794f]
JDBC Connection [HikariProxyConnection@927581868 wrapping com.mysql.cj.jdbc.ConnectionImpl@7e615c6a] will be managed by Spring
==>  Preparing: INSERT INTO `tb_post` (content, author_id, publish_at, last_update) VALUES (?, ?, ?, ?)
==> Parameters: 《绝地求生：刺激战场》的战术竞技，让我体验了生存游戏的刺激。(String), 30(Long), 2024-09-28T19:07:45.124878(LocalDateTime), 2024-09-28T19:07:45.124878(LocalDateTime)
<==    Updates: 1
Releasing transactional SqlSession [org.apache.ibatis.session.defaults.DefaultSqlSession@71d8794f]
Transaction synchronization committing SqlSession [org.apache.ibatis.session.defaults.DefaultSqlSession@71d8794f]
Transaction synchronization deregistering SqlSession [org.apache.ibatis.session.defaults.DefaultSqlSession@71d8794f]
Transaction synchronization closing SqlSession [org.apache.ibatis.session.defaults.DefaultSqlSession@71d8794f]
Creating a new SqlSession
Registering transaction synchronization for SqlSession [org.apache.ibatis.session.defaults.DefaultSqlSession@501956f9]
JDBC Connection [HikariProxyConnection@1337906940 wrapping com.mysql.cj.jdbc.ConnectionImpl@7e615c6a] will be managed by Spring
==>  Preparing: INSERT INTO `tb_post` (content, author_id, publish_at, last_update) VALUES (?, ?, ?, ?)
==> Parameters: 《塞尔达无双：灾厄启示录》的动作战斗，让我感受到了无双系列的魅力。(String), 4(Long), 2024-09-28T19:07:45.135043100(LocalDateTime), 2024-09-28T19:07:45.135043100(LocalDateTime)
<==    Updates: 1
Releasing transactional SqlSession [org.apache.ibatis.session.defaults.DefaultSqlSession@501956f9]
Transaction synchronization committing SqlSession [org.apache.ibatis.session.defaults.DefaultSqlSession@501956f9]
Transaction synchronization deregistering SqlSession [org.apache.ibatis.session.defaults.DefaultSqlSession@501956f9]
Transaction synchronization closing SqlSession [org.apache.ibatis.session.defaults.DefaultSqlSession@501956f9]
Creating a new SqlSession
Registering transaction synchronization for SqlSession [org.apache.ibatis.session.defaults.DefaultSqlSession@4ccf1d3e]
JDBC Connection [HikariProxyConnection@34241760 wrapping com.mysql.cj.jdbc.ConnectionImpl@7e615c6a] will be managed by Spring
==>  Preparing: INSERT INTO `tb_post` (content, author_id, publish_at, last_update) VALUES (?, ?, ?, ?)
==> Parameters: 《鬼泣5》的华丽战斗，让我沉浸在恶魔猎人的世界中。(String), 73(Long), 2024-09-28T19:07:45.144654800(LocalDateTime), 2024-09-28T19:07:45.144654800(LocalDateTime)
<==    Updates: 1
Releasing transactional SqlSession [org.apache.ibatis.session.defaults.DefaultSqlSession@4ccf1d3e]
Transaction synchronization committing SqlSession [org.apache.ibatis.session.defaults.DefaultSqlSession@4ccf1d3e]
Transaction synchronization deregistering SqlSession [org.apache.ibatis.session.defaults.DefaultSqlSession@4ccf1d3e]
Transaction synchronization closing SqlSession [org.apache.ibatis.session.defaults.DefaultSqlSession@4ccf1d3e]
Creating a new SqlSession
Registering transaction synchronization for SqlSession [org.apache.ibatis.session.defaults.DefaultSqlSession@76d220eb]
JDBC Connection [HikariProxyConnection@702328190 wrapping com.mysql.cj.jdbc.ConnectionImpl@7e615c6a] will be managed by Spring
==>  Preparing: INSERT INTO `tb_post` (content, author_id, publish_at, last_update) VALUES (?, ?, ?, ?)
==> Parameters: 《只狼：影逝二度》的忍者冒险，考验着我的耐心与技巧。(String), 54(Long), 2024-09-28T19:07:45.154725600(LocalDateTime), 2024-09-28T19:07:45.154725600(LocalDateTime)
<==    Updates: 1
Releasing transactional SqlSession [org.apache.ibatis.session.defaults.DefaultSqlSession@76d220eb]
Transaction synchronization committing SqlSession [org.apache.ibatis.session.defaults.DefaultSqlSession@76d220eb]
Transaction synchronization deregistering SqlSession [org.apache.ibatis.session.defaults.DefaultSqlSession@76d220eb]
Transaction synchronization closing SqlSession [org.apache.ibatis.session.defaults.DefaultSqlSession@76d220eb]
Creating a new SqlSession
Registering transaction synchronization for SqlSession [org.apache.ibatis.session.defaults.DefaultSqlSession@30bd6bc8]
JDBC Connection [HikariProxyConnection@151754389 wrapping com.mysql.cj.jdbc.ConnectionImpl@7e615c6a] will be managed by Spring
==>  Preparing: INSERT INTO `tb_post` (content, author_id, publish_at, last_update) VALUES (?, ?, ?, ?)
==> Parameters: 《超级马里奥奥德赛》的创意关卡，让我体验了马里奥的奇妙之旅。(String), 87(Long), 2024-09-28T19:07:45.163288300(LocalDateTime), 2024-09-28T19:07:45.163288300(LocalDateTime)
<==    Updates: 1
Releasing transactional SqlSession [org.apache.ibatis.session.defaults.DefaultSqlSession@30bd6bc8]
Transaction synchronization committing SqlSession [org.apache.ibatis.session.defaults.DefaultSqlSession@30bd6bc8]
Transaction synchronization deregistering SqlSession [org.apache.ibatis.session.defaults.DefaultSqlSession@30bd6bc8]
Transaction synchronization closing SqlSession [org.apache.ibatis.session.defaults.DefaultSqlSession@30bd6bc8]
Creating a new SqlSession
Registering transaction synchronization for SqlSession [org.apache.ibatis.session.defaults.DefaultSqlSession@1de6f29d]
JDBC Connection [HikariProxyConnection@996955574 wrapping com.mysql.cj.jdbc.ConnectionImpl@7e615c6a] will be managed by Spring
==>  Preparing: INSERT INTO `tb_post` (content, author_id, publish_at, last_update) VALUES (?, ?, ?, ?)
==> Parameters: 每一次看到奥运圣火点燃，心中的激情也随之被点燃。(String), 1(Long), 2024-09-28T19:07:45.174876600(LocalDateTime), 2024-09-28T19:07:45.174876600(LocalDateTime)
<==    Updates: 1
Releasing transactional SqlSession [org.apache.ibatis.session.defaults.DefaultSqlSession@1de6f29d]
Transaction synchronization committing SqlSession [org.apache.ibatis.session.defaults.DefaultSqlSession@1de6f29d]
Transaction synchronization deregistering SqlSession [org.apache.ibatis.session.defaults.DefaultSqlSession@1de6f29d]
Transaction synchronization closing SqlSession [org.apache.ibatis.session.defaults.DefaultSqlSession@1de6f29d]
Creating a new SqlSession
Registering transaction synchronization for SqlSession [org.apache.ibatis.session.defaults.DefaultSqlSession@549be307]
JDBC Connection [HikariProxyConnection@1493446952 wrapping com.mysql.cj.jdbc.ConnectionImpl@7e615c6a] will be managed by Spring
==>  Preparing: INSERT INTO `tb_post` (content, author_id, publish_at, last_update) VALUES (?, ?, ?, ?)
==> Parameters: 奥运精神激励着我们追求卓越，无论在赛场还是生活中。(String), 75(Long), 2024-09-28T19:07:45.184931100(LocalDateTime), 2024-09-28T19:07:45.184931100(LocalDateTime)
<==    Updates: 1
Releasing transactional SqlSession [org.apache.ibatis.session.defaults.DefaultSqlSession@549be307]
Transaction synchronization committing SqlSession [org.apache.ibatis.session.defaults.DefaultSqlSession@549be307]
Transaction synchronization deregistering SqlSession [org.apache.ibatis.session.defaults.DefaultSqlSession@549be307]
Transaction synchronization closing SqlSession [org.apache.ibatis.session.defaults.DefaultSqlSession@549be307]
Creating a new SqlSession
Registering transaction synchronization for SqlSession [org.apache.ibatis.session.defaults.DefaultSqlSession@7c55e559]
JDBC Connection [HikariProxyConnection@2044200796 wrapping com.mysql.cj.jdbc.ConnectionImpl@7e615c6a] will be managed by Spring
==>  Preparing: INSERT INTO `tb_post` (content, author_id, publish_at, last_update) VALUES (?, ?, ?, ?)
==> Parameters: 运动员们的努力和汗水，是奥运会上最亮丽的风景。(String), 29(Long), 2024-09-28T19:07:45.189942300(LocalDateTime), 2024-09-28T19:07:45.189942300(LocalDateTime)
<==    Updates: 1
Releasing transactional SqlSession [org.apache.ibatis.session.defaults.DefaultSqlSession@7c55e559]
Transaction synchronization committing SqlSession [org.apache.ibatis.session.defaults.DefaultSqlSession@7c55e559]
Transaction synchronization deregistering SqlSession [org.apache.ibatis.session.defaults.DefaultSqlSession@7c55e559]
Transaction synchronization closing SqlSession [org.apache.ibatis.session.defaults.DefaultSqlSession@7c55e559]
Creating a new SqlSession
Registering transaction synchronization for SqlSession [org.apache.ibatis.session.defaults.DefaultSqlSession@1a7f2d34]
JDBC Connection [HikariProxyConnection@1997290658 wrapping com.mysql.cj.jdbc.ConnectionImpl@7e615c6a] will be managed by Spring
==>  Preparing: INSERT INTO `tb_post` (content, author_id, publish_at, last_update) VALUES (?, ?, ?, ?)
==> Parameters: 不分国界，不分种族，奥运会让世界团结在一起。(String), 79(Long), 2024-09-28T19:07:45.194974500(LocalDateTime), 2024-09-28T19:07:45.194974500(LocalDateTime)
<==    Updates: 1
Releasing transactional SqlSession [org.apache.ibatis.session.defaults.DefaultSqlSession@1a7f2d34]
Transaction synchronization committing SqlSession [org.apache.ibatis.session.defaults.DefaultSqlSession@1a7f2d34]
Transaction synchronization deregistering SqlSession [org.apache.ibatis.session.defaults.DefaultSqlSession@1a7f2d34]
Transaction synchronization closing SqlSession [org.apache.ibatis.session.defaults.DefaultSqlSession@1a7f2d34]
Creating a new SqlSession
Registering transaction synchronization for SqlSession [org.apache.ibatis.session.defaults.DefaultSqlSession@73eaae1e]
JDBC Connection [HikariProxyConnection@1209972485 wrapping com.mysql.cj.jdbc.ConnectionImpl@7e615c6a] will be managed by Spring
==>  Preparing: INSERT INTO `tb_post` (content, author_id, publish_at, last_update) VALUES (?, ?, ?, ?)
==> Parameters: 每一次的突破和纪录，都是人类潜能的展现。(String), 4(Long), 2024-09-28T19:07:45.199986100(LocalDateTime), 2024-09-28T19:07:45.199986100(LocalDateTime)
<==    Updates: 1
Releasing transactional SqlSession [org.apache.ibatis.session.defaults.DefaultSqlSession@73eaae1e]
Transaction synchronization committing SqlSession [org.apache.ibatis.session.defaults.DefaultSqlSession@73eaae1e]
Transaction synchronization deregistering SqlSession [org.apache.ibatis.session.defaults.DefaultSqlSession@73eaae1e]
Transaction synchronization closing SqlSession [org.apache.ibatis.session.defaults.DefaultSqlSession@73eaae1e]
Creating a new SqlSession
Registering transaction synchronization for SqlSession [org.apache.ibatis.session.defaults.DefaultSqlSession@42a89cef]
JDBC Connection [HikariProxyConnection@1386362229 wrapping com.mysql.cj.jdbc.ConnectionImpl@7e615c6a] will be managed by Spring
==>  Preparing: INSERT INTO `tb_post` (content, author_id, publish_at, last_update) VALUES (?, ?, ?, ?)
==> Parameters: 看到五星红旗在奥运会上升起，心中无比自豪。(String), 28(Long), 2024-09-28T19:07:45.205024200(LocalDateTime), 2024-09-28T19:07:45.205024200(LocalDateTime)
<==    Updates: 1
Releasing transactional SqlSession [org.apache.ibatis.session.defaults.DefaultSqlSession@42a89cef]
Transaction synchronization committing SqlSession [org.apache.ibatis.session.defaults.DefaultSqlSession@42a89cef]
Transaction synchronization deregistering SqlSession [org.apache.ibatis.session.defaults.DefaultSqlSession@42a89cef]
Transaction synchronization closing SqlSession [org.apache.ibatis.session.defaults.DefaultSqlSession@42a89cef]
Creating a new SqlSession
Registering transaction synchronization for SqlSession [org.apache.ibatis.session.defaults.DefaultSqlSession@5bb661e0]
JDBC Connection [HikariProxyConnection@516952715 wrapping com.mysql.cj.jdbc.ConnectionImpl@7e615c6a] will be managed by Spring
==>  Preparing: INSERT INTO `tb_post` (content, author_id, publish_at, last_update) VALUES (?, ?, ?, ?)
==> Parameters: 奥运会不仅是体育竞技，更是文化交流的盛会。(String), 97(Long), 2024-09-28T19:07:45.211101300(LocalDateTime), 2024-09-28T19:07:45.211101300(LocalDateTime)
<==    Updates: 1
Releasing transactional SqlSession [org.apache.ibatis.session.defaults.DefaultSqlSession@5bb661e0]
Transaction synchronization committing SqlSession [org.apache.ibatis.session.defaults.DefaultSqlSession@5bb661e0]
Transaction synchronization deregistering SqlSession [org.apache.ibatis.session.defaults.DefaultSqlSession@5bb661e0]
Transaction synchronization closing SqlSession [org.apache.ibatis.session.defaults.DefaultSqlSession@5bb661e0]
Creating a new SqlSession
Registering transaction synchronization for SqlSession [org.apache.ibatis.session.defaults.DefaultSqlSession@44b82007]
JDBC Connection [HikariProxyConnection@1178605557 wrapping com.mysql.cj.jdbc.ConnectionImpl@7e615c6a] will be managed by Spring
==>  Preparing: INSERT INTO `tb_post` (content, author_id, publish_at, last_update) VALUES (?, ?, ?, ?)
==> Parameters: 每一次的起跑，都是对梦想的追逐。(String), 47(Long), 2024-09-28T19:07:45.214611400(LocalDateTime), 2024-09-28T19:07:45.214611400(LocalDateTime)
<==    Updates: 1
Releasing transactional SqlSession [org.apache.ibatis.session.defaults.DefaultSqlSession@44b82007]
Transaction synchronization committing SqlSession [org.apache.ibatis.session.defaults.DefaultSqlSession@44b82007]
Transaction synchronization deregistering SqlSession [org.apache.ibatis.session.defaults.DefaultSqlSession@44b82007]
Transaction synchronization closing SqlSession [org.apache.ibatis.session.defaults.DefaultSqlSession@44b82007]
Creating a new SqlSession
Registering transaction synchronization for SqlSession [org.apache.ibatis.session.defaults.DefaultSqlSession@72e4ffa2]
JDBC Connection [HikariProxyConnection@423457747 wrapping com.mysql.cj.jdbc.ConnectionImpl@7e615c6a] will be managed by Spring
==>  Preparing: INSERT INTO `tb_post` (content, author_id, publish_at, last_update) VALUES (?, ?, ?, ?)
==> Parameters: 无论成败，每一位奥运选手都值得我们尊敬。(String), 89(Long), 2024-09-28T19:07:45.219622900(LocalDateTime), 2024-09-28T19:07:45.219622900(LocalDateTime)
<==    Updates: 1
Releasing transactional SqlSession [org.apache.ibatis.session.defaults.DefaultSqlSession@72e4ffa2]
Transaction synchronization committing SqlSession [org.apache.ibatis.session.defaults.DefaultSqlSession@72e4ffa2]
Transaction synchronization deregistering SqlSession [org.apache.ibatis.session.defaults.DefaultSqlSession@72e4ffa2]
Transaction synchronization closing SqlSession [org.apache.ibatis.session.defaults.DefaultSqlSession@72e4ffa2]
Creating a new SqlSession
Registering transaction synchronization for SqlSession [org.apache.ibatis.session.defaults.DefaultSqlSession@507187c1]
JDBC Connection [HikariProxyConnection@1538853769 wrapping com.mysql.cj.jdbc.ConnectionImpl@7e615c6a] will be managed by Spring
==>  Preparing: INSERT INTO `tb_post` (content, author_id, publish_at, last_update) VALUES (?, ?, ?, ?)
==> Parameters: 奥运会的志愿者，你们是赛事顺利进行的幕后英雄。(String), 37(Long), 2024-09-28T19:07:45.224657500(LocalDateTime), 2024-09-28T19:07:45.224657500(LocalDateTime)
<==    Updates: 1
Releasing transactional SqlSession [org.apache.ibatis.session.defaults.DefaultSqlSession@507187c1]
Transaction synchronization committing SqlSession [org.apache.ibatis.session.defaults.DefaultSqlSession@507187c1]
Transaction synchronization deregistering SqlSession [org.apache.ibatis.session.defaults.DefaultSqlSession@507187c1]
Transaction synchronization closing SqlSession [org.apache.ibatis.session.defaults.DefaultSqlSession@507187c1]
Creating a new SqlSession
Registering transaction synchronization for SqlSession [org.apache.ibatis.session.defaults.DefaultSqlSession@6888746c]
JDBC Connection [HikariProxyConnection@1831965951 wrapping com.mysql.cj.jdbc.ConnectionImpl@7e615c6a] will be managed by Spring
==>  Preparing: INSERT INTO `tb_post` (content, author_id, publish_at, last_update) VALUES (?, ?, ?, ?)
==> Parameters: 每一次的跳跃，都是对自我极限的挑战。(String), 26(Long), 2024-09-28T19:07:45.229684400(LocalDateTime), 2024-09-28T19:07:45.229684400(LocalDateTime)
<==    Updates: 1
Releasing transactional SqlSession [org.apache.ibatis.session.defaults.DefaultSqlSession@6888746c]
Transaction synchronization committing SqlSession [org.apache.ibatis.session.defaults.DefaultSqlSession@6888746c]
Transaction synchronization deregistering SqlSession [org.apache.ibatis.session.defaults.DefaultSqlSession@6888746c]
Transaction synchronization closing SqlSession [org.apache.ibatis.session.defaults.DefaultSqlSession@6888746c]
Creating a new SqlSession
Registering transaction synchronization for SqlSession [org.apache.ibatis.session.defaults.DefaultSqlSession@1f3310fc]
JDBC Connection [HikariProxyConnection@760960155 wrapping com.mysql.cj.jdbc.ConnectionImpl@7e615c6a] will be managed by Spring
==>  Preparing: INSERT INTO `tb_post` (content, author_id, publish_at, last_update) VALUES (?, ?, ?, ?)
==> Parameters: 奥运会的开幕式，总是让人期待和震撼。(String), 79(Long), 2024-09-28T19:07:45.234732(LocalDateTime), 2024-09-28T19:07:45.234732(LocalDateTime)
<==    Updates: 1
Releasing transactional SqlSession [org.apache.ibatis.session.defaults.DefaultSqlSession@1f3310fc]
Transaction synchronization committing SqlSession [org.apache.ibatis.session.defaults.DefaultSqlSession@1f3310fc]
Transaction synchronization deregistering SqlSession [org.apache.ibatis.session.defaults.DefaultSqlSession@1f3310fc]
Transaction synchronization closing SqlSession [org.apache.ibatis.session.defaults.DefaultSqlSession@1f3310fc]
Creating a new SqlSession
Registering transaction synchronization for SqlSession [org.apache.ibatis.session.defaults.DefaultSqlSession@a4e1ca7]
JDBC Connection [HikariProxyConnection@1247158141 wrapping com.mysql.cj.jdbc.ConnectionImpl@7e615c6a] will be managed by Spring
==>  Preparing: INSERT INTO `tb_post` (content, author_id, publish_at, last_update) VALUES (?, ?, ?, ?)
==> Parameters: 在奥运会上，每一次的合作都是团队精神的体现。(String), 88(Long), 2024-09-28T19:07:45.239745600(LocalDateTime), 2024-09-28T19:07:45.239745600(LocalDateTime)
<==    Updates: 1
Releasing transactional SqlSession [org.apache.ibatis.session.defaults.DefaultSqlSession@a4e1ca7]
Transaction synchronization committing SqlSession [org.apache.ibatis.session.defaults.DefaultSqlSession@a4e1ca7]
Transaction synchronization deregistering SqlSession [org.apache.ibatis.session.defaults.DefaultSqlSession@a4e1ca7]
Transaction synchronization closing SqlSession [org.apache.ibatis.session.defaults.DefaultSqlSession@a4e1ca7]
Creating a new SqlSession
Registering transaction synchronization for SqlSession [org.apache.ibatis.session.defaults.DefaultSqlSession@5432be12]
JDBC Connection [HikariProxyConnection@724611679 wrapping com.mysql.cj.jdbc.ConnectionImpl@7e615c6a] will be managed by Spring
==>  Preparing: INSERT INTO `tb_post` (content, author_id, publish_at, last_update) VALUES (?, ?, ?, ?)
==> Parameters: 奥运会的赛场上，每一次的坚持都值得赞扬。(String), 69(Long), 2024-09-28T19:07:45.243286800(LocalDateTime), 2024-09-28T19:07:45.243286800(LocalDateTime)
<==    Updates: 1
Releasing transactional SqlSession [org.apache.ibatis.session.defaults.DefaultSqlSession@5432be12]
Transaction synchronization committing SqlSession [org.apache.ibatis.session.defaults.DefaultSqlSession@5432be12]
Transaction synchronization deregistering SqlSession [org.apache.ibatis.session.defaults.DefaultSqlSession@5432be12]
Transaction synchronization closing SqlSession [org.apache.ibatis.session.defaults.DefaultSqlSession@5432be12]
Creating a new SqlSession
Registering transaction synchronization for SqlSession [org.apache.ibatis.session.defaults.DefaultSqlSession@18c95fbb]
JDBC Connection [HikariProxyConnection@464773456 wrapping com.mysql.cj.jdbc.ConnectionImpl@7e615c6a] will be managed by Spring
==>  Preparing: INSERT INTO `tb_post` (content, author_id, publish_at, last_update) VALUES (?, ?, ?, ?)
==> Parameters: 看到运动员们在赛场上的英姿，我深受鼓舞。(String), 59(Long), 2024-09-28T19:07:45.249795100(LocalDateTime), 2024-09-28T19:07:45.249795100(LocalDateTime)
<==    Updates: 1
Releasing transactional SqlSession [org.apache.ibatis.session.defaults.DefaultSqlSession@18c95fbb]
Transaction synchronization committing SqlSession [org.apache.ibatis.session.defaults.DefaultSqlSession@18c95fbb]
Transaction synchronization deregistering SqlSession [org.apache.ibatis.session.defaults.DefaultSqlSession@18c95fbb]
Transaction synchronization closing SqlSession [org.apache.ibatis.session.defaults.DefaultSqlSession@18c95fbb]
Creating a new SqlSession
Registering transaction synchronization for SqlSession [org.apache.ibatis.session.defaults.DefaultSqlSession@213c812a]
JDBC Connection [HikariProxyConnection@1130431409 wrapping com.mysql.cj.jdbc.ConnectionImpl@7e615c6a] will be managed by Spring
==>  Preparing: INSERT INTO `tb_post` (content, author_id, publish_at, last_update) VALUES (?, ?, ?, ?)
==> Parameters: 奥运会的赛场上，每一次的超越都是自我实现的过程。(String), 57(Long), 2024-09-28T19:07:45.259873400(LocalDateTime), 2024-09-28T19:07:45.259873400(LocalDateTime)
<==    Updates: 1
Releasing transactional SqlSession [org.apache.ibatis.session.defaults.DefaultSqlSession@213c812a]
Transaction synchronization committing SqlSession [org.apache.ibatis.session.defaults.DefaultSqlSession@213c812a]
Transaction synchronization deregistering SqlSession [org.apache.ibatis.session.defaults.DefaultSqlSession@213c812a]
Transaction synchronization closing SqlSession [org.apache.ibatis.session.defaults.DefaultSqlSession@213c812a]
Creating a new SqlSession
Registering transaction synchronization for SqlSession [org.apache.ibatis.session.defaults.DefaultSqlSession@28468162]
JDBC Connection [HikariProxyConnection@672023440 wrapping com.mysql.cj.jdbc.ConnectionImpl@7e615c6a] will be managed by Spring
==>  Preparing: INSERT INTO `tb_post` (content, author_id, publish_at, last_update) VALUES (?, ?, ?, ?)
==> Parameters: 奥运会的火炬传递，传递的是希望和梦想。(String), 96(Long), 2024-09-28T19:07:45.264917600(LocalDateTime), 2024-09-28T19:07:45.264917600(LocalDateTime)
<==    Updates: 1
Releasing transactional SqlSession [org.apache.ibatis.session.defaults.DefaultSqlSession@28468162]
Transaction synchronization committing SqlSession [org.apache.ibatis.session.defaults.DefaultSqlSession@28468162]
Transaction synchronization deregistering SqlSession [org.apache.ibatis.session.defaults.DefaultSqlSession@28468162]
Transaction synchronization closing SqlSession [org.apache.ibatis.session.defaults.DefaultSqlSession@28468162]
Creating a new SqlSession
Registering transaction synchronization for SqlSession [org.apache.ibatis.session.defaults.DefaultSqlSession@55f4ec04]
JDBC Connection [HikariProxyConnection@534021387 wrapping com.mysql.cj.jdbc.ConnectionImpl@7e615c6a] will be managed by Spring
==>  Preparing: INSERT INTO `tb_post` (content, author_id, publish_at, last_update) VALUES (?, ?, ?, ?)
==> Parameters: 奥运会的赛场上，每一次的拼搏都是对胜利的渴望。(String), 70(Long), 2024-09-28T19:07:45.279999800(LocalDateTime), 2024-09-28T19:07:45.279999800(LocalDateTime)
<==    Updates: 1
Releasing transactional SqlSession [org.apache.ibatis.session.defaults.DefaultSqlSession@55f4ec04]
Transaction synchronization committing SqlSession [org.apache.ibatis.session.defaults.DefaultSqlSession@55f4ec04]
Transaction synchronization deregistering SqlSession [org.apache.ibatis.session.defaults.DefaultSqlSession@55f4ec04]
Transaction synchronization closing SqlSession [org.apache.ibatis.session.defaults.DefaultSqlSession@55f4ec04]
Creating a new SqlSession
Registering transaction synchronization for SqlSession [org.apache.ibatis.session.defaults.DefaultSqlSession@1b2e841]
JDBC Connection [HikariProxyConnection@1770893302 wrapping com.mysql.cj.jdbc.ConnectionImpl@7e615c6a] will be managed by Spring
==>  Preparing: INSERT INTO `tb_post` (content, author_id, publish_at, last_update) VALUES (?, ?, ?, ?)
==> Parameters: 奥运会的赛场上，每一次的欢呼都是对运动员的支持。(String), 4(Long), 2024-09-28T19:07:45.290065500(LocalDateTime), 2024-09-28T19:07:45.290065500(LocalDateTime)
<==    Updates: 1
Releasing transactional SqlSession [org.apache.ibatis.session.defaults.DefaultSqlSession@1b2e841]
Transaction synchronization committing SqlSession [org.apache.ibatis.session.defaults.DefaultSqlSession@1b2e841]
Transaction synchronization deregistering SqlSession [org.apache.ibatis.session.defaults.DefaultSqlSession@1b2e841]
Transaction synchronization closing SqlSession [org.apache.ibatis.session.defaults.DefaultSqlSession@1b2e841]
Creating a new SqlSession
Registering transaction synchronization for SqlSession [org.apache.ibatis.session.defaults.DefaultSqlSession@7842260f]
JDBC Connection [HikariProxyConnection@1156343351 wrapping com.mysql.cj.jdbc.ConnectionImpl@7e615c6a] will be managed by Spring
==>  Preparing: INSERT INTO `tb_post` (content, author_id, publish_at, last_update) VALUES (?, ?, ?, ?)
==> Parameters: 奥运会的赛场上，每一次的泪水都是对努力的证明。(String), 11(Long), 2024-09-28T19:07:45.299646600(LocalDateTime), 2024-09-28T19:07:45.299646600(LocalDateTime)
<==    Updates: 1
Releasing transactional SqlSession [org.apache.ibatis.session.defaults.DefaultSqlSession@7842260f]
Transaction synchronization committing SqlSession [org.apache.ibatis.session.defaults.DefaultSqlSession@7842260f]
Transaction synchronization deregistering SqlSession [org.apache.ibatis.session.defaults.DefaultSqlSession@7842260f]
Transaction synchronization closing SqlSession [org.apache.ibatis.session.defaults.DefaultSqlSession@7842260f]
Creating a new SqlSession
Registering transaction synchronization for SqlSession [org.apache.ibatis.session.defaults.DefaultSqlSession@69d9d322]
JDBC Connection [HikariProxyConnection@1308652091 wrapping com.mysql.cj.jdbc.ConnectionImpl@7e615c6a] will be managed by Spring
==>  Preparing: INSERT INTO `tb_post` (content, author_id, publish_at, last_update) VALUES (?, ?, ?, ?)
==> Parameters: 奥运会的赛场上，每一次的拥抱都是友谊的见证。(String), 21(Long), 2024-09-28T19:07:45.309721(LocalDateTime), 2024-09-28T19:07:45.309721(LocalDateTime)
<==    Updates: 1
Releasing transactional SqlSession [org.apache.ibatis.session.defaults.DefaultSqlSession@69d9d322]
Transaction synchronization committing SqlSession [org.apache.ibatis.session.defaults.DefaultSqlSession@69d9d322]
Transaction synchronization deregistering SqlSession [org.apache.ibatis.session.defaults.DefaultSqlSession@69d9d322]
Transaction synchronization closing SqlSession [org.apache.ibatis.session.defaults.DefaultSqlSession@69d9d322]
Creating a new SqlSession
Registering transaction synchronization for SqlSession [org.apache.ibatis.session.defaults.DefaultSqlSession@94b5fe3]
JDBC Connection [HikariProxyConnection@940656203 wrapping com.mysql.cj.jdbc.ConnectionImpl@7e615c6a] will be managed by Spring
==>  Preparing: INSERT INTO `tb_post` (content, author_id, publish_at, last_update) VALUES (?, ?, ?, ?)
==> Parameters: 奥运会的赛场上，每一次的掌声都是对运动员的认可。(String), 49(Long), 2024-09-28T19:07:45.320070300(LocalDateTime), 2024-09-28T19:07:45.320070300(LocalDateTime)
<==    Updates: 1
Releasing transactional SqlSession [org.apache.ibatis.session.defaults.DefaultSqlSession@94b5fe3]
Transaction synchronization committing SqlSession [org.apache.ibatis.session.defaults.DefaultSqlSession@94b5fe3]
Transaction synchronization deregistering SqlSession [org.apache.ibatis.session.defaults.DefaultSqlSession@94b5fe3]
Transaction synchronization closing SqlSession [org.apache.ibatis.session.defaults.DefaultSqlSession@94b5fe3]
Creating a new SqlSession
Registering transaction synchronization for SqlSession [org.apache.ibatis.session.defaults.DefaultSqlSession@732fa176]
JDBC Connection [HikariProxyConnection@1283148337 wrapping com.mysql.cj.jdbc.ConnectionImpl@7e615c6a] will be managed by Spring
==>  Preparing: INSERT INTO `tb_post` (content, author_id, publish_at, last_update) VALUES (?, ?, ?, ?)
==> Parameters: 奥运会的赛场上，每一次的奔跑都是对速度的追求。(String), 33(Long), 2024-09-28T19:07:45.329612900(LocalDateTime), 2024-09-28T19:07:45.329612900(LocalDateTime)
<==    Updates: 1
Releasing transactional SqlSession [org.apache.ibatis.session.defaults.DefaultSqlSession@732fa176]
Transaction synchronization committing SqlSession [org.apache.ibatis.session.defaults.DefaultSqlSession@732fa176]
Transaction synchronization deregistering SqlSession [org.apache.ibatis.session.defaults.DefaultSqlSession@732fa176]
Transaction synchronization closing SqlSession [org.apache.ibatis.session.defaults.DefaultSqlSession@732fa176]
Creating a new SqlSession
Registering transaction synchronization for SqlSession [org.apache.ibatis.session.defaults.DefaultSqlSession@1644cc2d]
JDBC Connection [HikariProxyConnection@371874892 wrapping com.mysql.cj.jdbc.ConnectionImpl@7e615c6a] will be managed by Spring
==>  Preparing: INSERT INTO `tb_post` (content, author_id, publish_at, last_update) VALUES (?, ?, ?, ?)
==> Parameters: 奥运会的赛场上，每一次的跳跃都是对高度的挑战。(String), 12(Long), 2024-09-28T19:07:45.339671700(LocalDateTime), 2024-09-28T19:07:45.339671700(LocalDateTime)
<==    Updates: 1
Releasing transactional SqlSession [org.apache.ibatis.session.defaults.DefaultSqlSession@1644cc2d]
Transaction synchronization committing SqlSession [org.apache.ibatis.session.defaults.DefaultSqlSession@1644cc2d]
Transaction synchronization deregistering SqlSession [org.apache.ibatis.session.defaults.DefaultSqlSession@1644cc2d]
Transaction synchronization closing SqlSession [org.apache.ibatis.session.defaults.DefaultSqlSession@1644cc2d]
Creating a new SqlSession
Registering transaction synchronization for SqlSession [org.apache.ibatis.session.defaults.DefaultSqlSession@2e17a9e6]
JDBC Connection [HikariProxyConnection@1779913058 wrapping com.mysql.cj.jdbc.ConnectionImpl@7e615c6a] will be managed by Spring
==>  Preparing: INSERT INTO `tb_post` (content, author_id, publish_at, last_update) VALUES (?, ?, ?, ?)
==> Parameters: 奥运会的赛场上，每一次的投掷都是对力量的展现。(String), 44(Long), 2024-09-28T19:07:45.349745800(LocalDateTime), 2024-09-28T19:07:45.349745800(LocalDateTime)
<==    Updates: 1
Releasing transactional SqlSession [org.apache.ibatis.session.defaults.DefaultSqlSession@2e17a9e6]
Transaction synchronization committing SqlSession [org.apache.ibatis.session.defaults.DefaultSqlSession@2e17a9e6]
Transaction synchronization deregistering SqlSession [org.apache.ibatis.session.defaults.DefaultSqlSession@2e17a9e6]
Transaction synchronization closing SqlSession [org.apache.ibatis.session.defaults.DefaultSqlSession@2e17a9e6]
Creating a new SqlSession
Registering transaction synchronization for SqlSession [org.apache.ibatis.session.defaults.DefaultSqlSession@55e3b64d]
JDBC Connection [HikariProxyConnection@2100427628 wrapping com.mysql.cj.jdbc.ConnectionImpl@7e615c6a] will be managed by Spring
==>  Preparing: INSERT INTO `tb_post` (content, author_id, publish_at, last_update) VALUES (?, ?, ?, ?)
==> Parameters: 奥运会的赛场上，每一次的游泳都是对耐力的考验。(String), 96(Long), 2024-09-28T19:07:45.359757700(LocalDateTime), 2024-09-28T19:07:45.359757700(LocalDateTime)
<==    Updates: 1
Releasing transactional SqlSession [org.apache.ibatis.session.defaults.DefaultSqlSession@55e3b64d]
Transaction synchronization committing SqlSession [org.apache.ibatis.session.defaults.DefaultSqlSession@55e3b64d]
Transaction synchronization deregistering SqlSession [org.apache.ibatis.session.defaults.DefaultSqlSession@55e3b64d]
Transaction synchronization closing SqlSession [org.apache.ibatis.session.defaults.DefaultSqlSession@55e3b64d]
Creating a new SqlSession
Registering transaction synchronization for SqlSession [org.apache.ibatis.session.defaults.DefaultSqlSession@7e92e9a2]
JDBC Connection [HikariProxyConnection@1708101024 wrapping com.mysql.cj.jdbc.ConnectionImpl@7e615c6a] will be managed by Spring
==>  Preparing: INSERT INTO `tb_post` (content, author_id, publish_at, last_update) VALUES (?, ?, ?, ?)
==> Parameters: 奥运会的赛场上，每一次的体操都是对技巧的追求。(String), 4(Long), 2024-09-28T19:07:45.369880800(LocalDateTime), 2024-09-28T19:07:45.369880800(LocalDateTime)
<==    Updates: 1
Releasing transactional SqlSession [org.apache.ibatis.session.defaults.DefaultSqlSession@7e92e9a2]
Transaction synchronization committing SqlSession [org.apache.ibatis.session.defaults.DefaultSqlSession@7e92e9a2]
Transaction synchronization deregistering SqlSession [org.apache.ibatis.session.defaults.DefaultSqlSession@7e92e9a2]
Transaction synchronization closing SqlSession [org.apache.ibatis.session.defaults.DefaultSqlSession@7e92e9a2]
Creating a new SqlSession
Registering transaction synchronization for SqlSession [org.apache.ibatis.session.defaults.DefaultSqlSession@397b5b2d]
JDBC Connection [HikariProxyConnection@926922342 wrapping com.mysql.cj.jdbc.ConnectionImpl@7e615c6a] will be managed by Spring
==>  Preparing: INSERT INTO `tb_post` (content, author_id, publish_at, last_update) VALUES (?, ?, ?, ?)
==> Parameters: 奥运会的赛场上，每一次的射击都是对精准的追求。(String), 68(Long), 2024-09-28T19:07:45.379902400(LocalDateTime), 2024-09-28T19:07:45.379902400(LocalDateTime)
<==    Updates: 1
Releasing transactional SqlSession [org.apache.ibatis.session.defaults.DefaultSqlSession@397b5b2d]
Transaction synchronization committing SqlSession [org.apache.ibatis.session.defaults.DefaultSqlSession@397b5b2d]
Transaction synchronization deregistering SqlSession [org.apache.ibatis.session.defaults.DefaultSqlSession@397b5b2d]
Transaction synchronization closing SqlSession [org.apache.ibatis.session.defaults.DefaultSqlSession@397b5b2d]
Creating a new SqlSession
Registering transaction synchronization for SqlSession [org.apache.ibatis.session.defaults.DefaultSqlSession@38affd02]
JDBC Connection [HikariProxyConnection@800213720 wrapping com.mysql.cj.jdbc.ConnectionImpl@7e615c6a] will be managed by Spring
==>  Preparing: INSERT INTO `tb_post` (content, author_id, publish_at, last_update) VALUES (?, ?, ?, ?)
==> Parameters: 奥运会的赛场上，每一次的击剑都是对智慧的较量。(String), 14(Long), 2024-09-28T19:07:45.389961600(LocalDateTime), 2024-09-28T19:07:45.389961600(LocalDateTime)
<==    Updates: 1
Releasing transactional SqlSession [org.apache.ibatis.session.defaults.DefaultSqlSession@38affd02]
Transaction synchronization committing SqlSession [org.apache.ibatis.session.defaults.DefaultSqlSession@38affd02]
Transaction synchronization deregistering SqlSession [org.apache.ibatis.session.defaults.DefaultSqlSession@38affd02]
Transaction synchronization closing SqlSession [org.apache.ibatis.session.defaults.DefaultSqlSession@38affd02]
Creating a new SqlSession
Registering transaction synchronization for SqlSession [org.apache.ibatis.session.defaults.DefaultSqlSession@6764201e]
JDBC Connection [HikariProxyConnection@2047811485 wrapping com.mysql.cj.jdbc.ConnectionImpl@7e615c6a] will be managed by Spring
==>  Preparing: INSERT INTO `tb_post` (content, author_id, publish_at, last_update) VALUES (?, ?, ?, ?)
==> Parameters: 奥运会的赛场上，每一次的举重都是对力量的挑战。(String), 82(Long), 2024-09-28T19:07:45.395032700(LocalDateTime), 2024-09-28T19:07:45.395032700(LocalDateTime)
<==    Updates: 1
Releasing transactional SqlSession [org.apache.ibatis.session.defaults.DefaultSqlSession@6764201e]
Transaction synchronization committing SqlSession [org.apache.ibatis.session.defaults.DefaultSqlSession@6764201e]
Transaction synchronization deregistering SqlSession [org.apache.ibatis.session.defaults.DefaultSqlSession@6764201e]
Transaction synchronization closing SqlSession [org.apache.ibatis.session.defaults.DefaultSqlSession@6764201e]
Creating a new SqlSession
Registering transaction synchronization for SqlSession [org.apache.ibatis.session.defaults.DefaultSqlSession@6e8f3b76]
JDBC Connection [HikariProxyConnection@1595206481 wrapping com.mysql.cj.jdbc.ConnectionImpl@7e615c6a] will be managed by Spring
==>  Preparing: INSERT INTO `tb_post` (content, author_id, publish_at, last_update) VALUES (?, ?, ?, ?)
==> Parameters: 奥运会的赛场上，每一次的自行车赛都是对速度和耐力的双重考验。(String), 100(Long), 2024-09-28T19:07:45.401600800(LocalDateTime), 2024-09-28T19:07:45.401600800(LocalDateTime)
<==    Updates: 1
Releasing transactional SqlSession [org.apache.ibatis.session.defaults.DefaultSqlSession@6e8f3b76]
Transaction synchronization committing SqlSession [org.apache.ibatis.session.defaults.DefaultSqlSession@6e8f3b76]
Transaction synchronization deregistering SqlSession [org.apache.ibatis.session.defaults.DefaultSqlSession@6e8f3b76]
Transaction synchronization closing SqlSession [org.apache.ibatis.session.defaults.DefaultSqlSession@6e8f3b76]
Creating a new SqlSession
Registering transaction synchronization for SqlSession [org.apache.ibatis.session.defaults.DefaultSqlSession@3507200d]
JDBC Connection [HikariProxyConnection@2085480465 wrapping com.mysql.cj.jdbc.ConnectionImpl@7e615c6a] will be managed by Spring
==>  Preparing: INSERT INTO `tb_post` (content, author_id, publish_at, last_update) VALUES (?, ?, ?, ?)
==> Parameters: 奥运会的赛场上，每一次的马术都是对骑手与马匹默契的展现。(String), 98(Long), 2024-09-28T19:07:45.409671800(LocalDateTime), 2024-09-28T19:07:45.409671800(LocalDateTime)
<==    Updates: 1
Releasing transactional SqlSession [org.apache.ibatis.session.defaults.DefaultSqlSession@3507200d]
Transaction synchronization committing SqlSession [org.apache.ibatis.session.defaults.DefaultSqlSession@3507200d]
Transaction synchronization deregistering SqlSession [org.apache.ibatis.session.defaults.DefaultSqlSession@3507200d]
Transaction synchronization closing SqlSession [org.apache.ibatis.session.defaults.DefaultSqlSession@3507200d]
Creating a new SqlSession
Registering transaction synchronization for SqlSession [org.apache.ibatis.session.defaults.DefaultSqlSession@d98ce13]
JDBC Connection [HikariProxyConnection@105916924 wrapping com.mysql.cj.jdbc.ConnectionImpl@7e615c6a] will be managed by Spring
==>  Preparing: INSERT INTO `tb_post` (content, author_id, publish_at, last_update) VALUES (?, ?, ?, ?)
==> Parameters: 奥运会的赛场上，每一次的帆船比赛都是对风和水的驾驭。(String), 24(Long), 2024-09-28T19:07:45.414718400(LocalDateTime), 2024-09-28T19:07:45.414718400(LocalDateTime)
<==    Updates: 1
Releasing transactional SqlSession [org.apache.ibatis.session.defaults.DefaultSqlSession@d98ce13]
Transaction synchronization committing SqlSession [org.apache.ibatis.session.defaults.DefaultSqlSession@d98ce13]
Transaction synchronization deregistering SqlSession [org.apache.ibatis.session.defaults.DefaultSqlSession@d98ce13]
Transaction synchronization closing SqlSession [org.apache.ibatis.session.defaults.DefaultSqlSession@d98ce13]
Creating a new SqlSession
Registering transaction synchronization for SqlSession [org.apache.ibatis.session.defaults.DefaultSqlSession@287dde94]
JDBC Connection [HikariProxyConnection@1308116031 wrapping com.mysql.cj.jdbc.ConnectionImpl@7e615c6a] will be managed by Spring
==>  Preparing: INSERT INTO `tb_post` (content, author_id, publish_at, last_update) VALUES (?, ?, ?, ?)
==> Parameters: 奥运会的赛场上，每一次的拳击都是对勇气和技巧的考验。(String), 30(Long), 2024-09-28T19:07:45.419756100(LocalDateTime), 2024-09-28T19:07:45.419756100(LocalDateTime)
<==    Updates: 1
Releasing transactional SqlSession [org.apache.ibatis.session.defaults.DefaultSqlSession@287dde94]
Transaction synchronization committing SqlSession [org.apache.ibatis.session.defaults.DefaultSqlSession@287dde94]
Transaction synchronization deregistering SqlSession [org.apache.ibatis.session.defaults.DefaultSqlSession@287dde94]
Transaction synchronization closing SqlSession [org.apache.ibatis.session.defaults.DefaultSqlSession@287dde94]
Creating a new SqlSession
Registering transaction synchronization for SqlSession [org.apache.ibatis.session.defaults.DefaultSqlSession@38eafdab]
JDBC Connection [HikariProxyConnection@495367734 wrapping com.mysql.cj.jdbc.ConnectionImpl@7e615c6a] will be managed by Spring
==>  Preparing: INSERT INTO `tb_post` (content, author_id, publish_at, last_update) VALUES (?, ?, ?, ?)
==> Parameters: 奥运会的赛场上，每一次的摔跤都是对力量和技巧的较量。(String), 15(Long), 2024-09-28T19:07:45.424802600(LocalDateTime), 2024-09-28T19:07:45.424802600(LocalDateTime)
<==    Updates: 1
Releasing transactional SqlSession [org.apache.ibatis.session.defaults.DefaultSqlSession@38eafdab]
Transaction synchronization committing SqlSession [org.apache.ibatis.session.defaults.DefaultSqlSession@38eafdab]
Transaction synchronization deregistering SqlSession [org.apache.ibatis.session.defaults.DefaultSqlSession@38eafdab]
Transaction synchronization closing SqlSession [org.apache.ibatis.session.defaults.DefaultSqlSession@38eafdab]
Creating a new SqlSession
Registering transaction synchronization for SqlSession [org.apache.ibatis.session.defaults.DefaultSqlSession@32f2de5c]
JDBC Connection [HikariProxyConnection@1947336745 wrapping com.mysql.cj.jdbc.ConnectionImpl@7e615c6a] will be managed by Spring
==>  Preparing: INSERT INTO `tb_post` (content, author_id, publish_at, last_update) VALUES (?, ?, ?, ?)
==> Parameters: 奥运会的赛场上，每一次的柔道都是对技巧和策略的挑战。(String), 85(Long), 2024-09-28T19:07:45.433873500(LocalDateTime), 2024-09-28T19:07:45.433873500(LocalDateTime)
<==    Updates: 1
Releasing transactional SqlSession [org.apache.ibatis.session.defaults.DefaultSqlSession@32f2de5c]
Transaction synchronization committing SqlSession [org.apache.ibatis.session.defaults.DefaultSqlSession@32f2de5c]
Transaction synchronization deregistering SqlSession [org.apache.ibatis.session.defaults.DefaultSqlSession@32f2de5c]
Transaction synchronization closing SqlSession [org.apache.ibatis.session.defaults.DefaultSqlSession@32f2de5c]
Creating a new SqlSession
Registering transaction synchronization for SqlSession [org.apache.ibatis.session.defaults.DefaultSqlSession@61c42e54]
JDBC Connection [HikariProxyConnection@1005782739 wrapping com.mysql.cj.jdbc.ConnectionImpl@7e615c6a] will be managed by Spring
==>  Preparing: INSERT INTO `tb_post` (content, author_id, publish_at, last_update) VALUES (?, ?, ?, ?)
==> Parameters: 奥运会的赛场上，每一次的跆拳道都是对速度和力量的展现。(String), 13(Long), 2024-09-28T19:07:45.439892(LocalDateTime), 2024-09-28T19:07:45.439892(LocalDateTime)
<==    Updates: 1
Releasing transactional SqlSession [org.apache.ibatis.session.defaults.DefaultSqlSession@61c42e54]
Transaction synchronization committing SqlSession [org.apache.ibatis.session.defaults.DefaultSqlSession@61c42e54]
Transaction synchronization deregistering SqlSession [org.apache.ibatis.session.defaults.DefaultSqlSession@61c42e54]
Transaction synchronization closing SqlSession [org.apache.ibatis.session.defaults.DefaultSqlSession@61c42e54]
Creating a new SqlSession
Registering transaction synchronization for SqlSession [org.apache.ibatis.session.defaults.DefaultSqlSession@5ec25b61]
JDBC Connection [HikariProxyConnection@1970307376 wrapping com.mysql.cj.jdbc.ConnectionImpl@7e615c6a] will be managed by Spring
==>  Preparing: INSERT INTO `tb_post` (content, author_id, publish_at, last_update) VALUES (?, ?, ?, ?)
==> Parameters: 奥运会的赛场上，每一次的田径都是对人类极限的探索。(String), 39(Long), 2024-09-28T19:07:45.444934800(LocalDateTime), 2024-09-28T19:07:45.444934800(LocalDateTime)
<==    Updates: 1
Releasing transactional SqlSession [org.apache.ibatis.session.defaults.DefaultSqlSession@5ec25b61]
Transaction synchronization committing SqlSession [org.apache.ibatis.session.defaults.DefaultSqlSession@5ec25b61]
Transaction synchronization deregistering SqlSession [org.apache.ibatis.session.defaults.DefaultSqlSession@5ec25b61]
Transaction synchronization closing SqlSession [org.apache.ibatis.session.defaults.DefaultSqlSession@5ec25b61]
Creating a new SqlSession
Registering transaction synchronization for SqlSession [org.apache.ibatis.session.defaults.DefaultSqlSession@1d160161]
JDBC Connection [HikariProxyConnection@1221309637 wrapping com.mysql.cj.jdbc.ConnectionImpl@7e615c6a] will be managed by Spring
==>  Preparing: INSERT INTO `tb_post` (content, author_id, publish_at, last_update) VALUES (?, ?, ?, ?)
==> Parameters: 奥运会的赛场上，每一次的球类比赛都是对团队协作的考验。(String), 25(Long), 2024-09-28T19:07:45.450022800(LocalDateTime), 2024-09-28T19:07:45.450022800(LocalDateTime)
<==    Updates: 1
Releasing transactional SqlSession [org.apache.ibatis.session.defaults.DefaultSqlSession@1d160161]
Transaction synchronization committing SqlSession [org.apache.ibatis.session.defaults.DefaultSqlSession@1d160161]
Transaction synchronization deregistering SqlSession [org.apache.ibatis.session.defaults.DefaultSqlSession@1d160161]
Transaction synchronization closing SqlSession [org.apache.ibatis.session.defaults.DefaultSqlSession@1d160161]
Creating a new SqlSession
Registering transaction synchronization for SqlSession [org.apache.ibatis.session.defaults.DefaultSqlSession@3816efab]
JDBC Connection [HikariProxyConnection@628990485 wrapping com.mysql.cj.jdbc.ConnectionImpl@7e615c6a] will be managed by Spring
==>  Preparing: INSERT INTO `tb_post` (content, author_id, publish_at, last_update) VALUES (?, ?, ?, ?)
==> Parameters: 奥运会的赛场上，每一次的射箭都是对专注和精准的追求。(String), 56(Long), 2024-09-28T19:07:45.455036600(LocalDateTime), 2024-09-28T19:07:45.455036600(LocalDateTime)
<==    Updates: 1
Releasing transactional SqlSession [org.apache.ibatis.session.defaults.DefaultSqlSession@3816efab]
Transaction synchronization committing SqlSession [org.apache.ibatis.session.defaults.DefaultSqlSession@3816efab]
Transaction synchronization deregistering SqlSession [org.apache.ibatis.session.defaults.DefaultSqlSession@3816efab]
Transaction synchronization closing SqlSession [org.apache.ibatis.session.defaults.DefaultSqlSession@3816efab]
Creating a new SqlSession
Registering transaction synchronization for SqlSession [org.apache.ibatis.session.defaults.DefaultSqlSession@52c2d1e8]
JDBC Connection [HikariProxyConnection@1330346542 wrapping com.mysql.cj.jdbc.ConnectionImpl@7e615c6a] will be managed by Spring
==>  Preparing: INSERT INTO `tb_post` (content, author_id, publish_at, last_update) VALUES (?, ?, ?, ?)
==> Parameters: 奥运会的赛场上，每一次的跳水都是对优雅和技巧的展现。(String), 68(Long), 2024-09-28T19:07:45.460054600(LocalDateTime), 2024-09-28T19:07:45.460054600(LocalDateTime)
<==    Updates: 1
Releasing transactional SqlSession [org.apache.ibatis.session.defaults.DefaultSqlSession@52c2d1e8]
Transaction synchronization committing SqlSession [org.apache.ibatis.session.defaults.DefaultSqlSession@52c2d1e8]
Transaction synchronization deregistering SqlSession [org.apache.ibatis.session.defaults.DefaultSqlSession@52c2d1e8]
Transaction synchronization closing SqlSession [org.apache.ibatis.session.defaults.DefaultSqlSession@52c2d1e8]
Creating a new SqlSession
Registering transaction synchronization for SqlSession [org.apache.ibatis.session.defaults.DefaultSqlSession@506654fa]
JDBC Connection [HikariProxyConnection@569647544 wrapping com.mysql.cj.jdbc.ConnectionImpl@7e615c6a] will be managed by Spring
==>  Preparing: INSERT INTO `tb_post` (content, author_id, publish_at, last_update) VALUES (?, ?, ?, ?)
==> Parameters: 奥运会的赛场上，每一次的花样游泳都是对艺术和运动的结合。(String), 85(Long), 2024-09-28T19:07:45.469688(LocalDateTime), 2024-09-28T19:07:45.469688(LocalDateTime)
<==    Updates: 1
Releasing transactional SqlSession [org.apache.ibatis.session.defaults.DefaultSqlSession@506654fa]
Transaction synchronization committing SqlSession [org.apache.ibatis.session.defaults.DefaultSqlSession@506654fa]
Transaction synchronization deregistering SqlSession [org.apache.ibatis.session.defaults.DefaultSqlSession@506654fa]
Transaction synchronization closing SqlSession [org.apache.ibatis.session.defaults.DefaultSqlSession@506654fa]
Creating a new SqlSession
Registering transaction synchronization for SqlSession [org.apache.ibatis.session.defaults.DefaultSqlSession@2e04c89d]
JDBC Connection [HikariProxyConnection@1046473705 wrapping com.mysql.cj.jdbc.ConnectionImpl@7e615c6a] will be managed by Spring
==>  Preparing: INSERT INTO `tb_post` (content, author_id, publish_at, last_update) VALUES (?, ?, ?, ?)
==> Parameters: 奥运会的赛场上，每一次的现代五项都是对运动员全面能力的考验。(String), 76(Long), 2024-09-28T19:07:45.474701700(LocalDateTime), 2024-09-28T19:07:45.474701700(LocalDateTime)
<==    Updates: 1
Releasing transactional SqlSession [org.apache.ibatis.session.defaults.DefaultSqlSession@2e04c89d]
Transaction synchronization committing SqlSession [org.apache.ibatis.session.defaults.DefaultSqlSession@2e04c89d]
Transaction synchronization deregistering SqlSession [org.apache.ibatis.session.defaults.DefaultSqlSession@2e04c89d]
Transaction synchronization closing SqlSession [org.apache.ibatis.session.defaults.DefaultSqlSession@2e04c89d]
Creating a new SqlSession
Registering transaction synchronization for SqlSession [org.apache.ibatis.session.defaults.DefaultSqlSession@1e9e4468]
JDBC Connection [HikariProxyConnection@293333066 wrapping com.mysql.cj.jdbc.ConnectionImpl@7e615c6a] will be managed by Spring
==>  Preparing: INSERT INTO `tb_post` (content, author_id, publish_at, last_update) VALUES (?, ?, ?, ?)
==> Parameters: 奥运会的赛场上，每一次的铁人三项都是对运动员极限的挑战。(String), 93(Long), 2024-09-28T19:07:45.481258300(LocalDateTime), 2024-09-28T19:07:45.481258300(LocalDateTime)
<==    Updates: 1
Releasing transactional SqlSession [org.apache.ibatis.session.defaults.DefaultSqlSession@1e9e4468]
Transaction synchronization committing SqlSession [org.apache.ibatis.session.defaults.DefaultSqlSession@1e9e4468]
Transaction synchronization deregistering SqlSession [org.apache.ibatis.session.defaults.DefaultSqlSession@1e9e4468]
Transaction synchronization closing SqlSession [org.apache.ibatis.session.defaults.DefaultSqlSession@1e9e4468]
Creating a new SqlSession
Registering transaction synchronization for SqlSession [org.apache.ibatis.session.defaults.DefaultSqlSession@588614f9]
JDBC Connection [HikariProxyConnection@2142442467 wrapping com.mysql.cj.jdbc.ConnectionImpl@7e615c6a] will be managed by Spring
==>  Preparing: INSERT INTO `tb_post` (content, author_id, publish_at, last_update) VALUES (?, ?, ?, ?)
==> Parameters: 奥运会的赛场上，每一次的皮划艇都是对速度和协调的考验。(String), 44(Long), 2024-09-28T19:07:45.489788300(LocalDateTime), 2024-09-28T19:07:45.489788300(LocalDateTime)
<==    Updates: 1
Releasing transactional SqlSession [org.apache.ibatis.session.defaults.DefaultSqlSession@588614f9]
Transaction synchronization committing SqlSession [org.apache.ibatis.session.defaults.DefaultSqlSession@588614f9]
Transaction synchronization deregistering SqlSession [org.apache.ibatis.session.defaults.DefaultSqlSession@588614f9]
Transaction synchronization closing SqlSession [org.apache.ibatis.session.defaults.DefaultSqlSession@588614f9]
Creating a new SqlSession
Registering transaction synchronization for SqlSession [org.apache.ibatis.session.defaults.DefaultSqlSession@54c697c]
JDBC Connection [HikariProxyConnection@1676155590 wrapping com.mysql.cj.jdbc.ConnectionImpl@7e615c6a] will be managed by Spring
==>  Preparing: INSERT INTO `tb_post` (content, author_id, publish_at, last_update) VALUES (?, ?, ?, ?)
==> Parameters: 奥运会的赛场上，每一次的赛艇都是对团队节奏的展现。(String), 48(Long), 2024-09-28T19:07:45.499866600(LocalDateTime), 2024-09-28T19:07:45.499866600(LocalDateTime)
<==    Updates: 1
Releasing transactional SqlSession [org.apache.ibatis.session.defaults.DefaultSqlSession@54c697c]
Transaction synchronization committing SqlSession [org.apache.ibatis.session.defaults.DefaultSqlSession@54c697c]
Transaction synchronization deregistering SqlSession [org.apache.ibatis.session.defaults.DefaultSqlSession@54c697c]
Transaction synchronization closing SqlSession [org.apache.ibatis.session.defaults.DefaultSqlSession@54c697c]
Creating a new SqlSession
Registering transaction synchronization for SqlSession [org.apache.ibatis.session.defaults.DefaultSqlSession@7bb888b7]
JDBC Connection [HikariProxyConnection@662560207 wrapping com.mysql.cj.jdbc.ConnectionImpl@7e615c6a] will be managed by Spring
==>  Preparing: INSERT INTO `tb_post` (content, author_id, publish_at, last_update) VALUES (?, ?, ?, ?)
==> Parameters: 奥运会的赛场上，每一次的高尔夫都是对精准和策略的追求。(String), 27(Long), 2024-09-28T19:07:45.513020300(LocalDateTime), 2024-09-28T19:07:45.513020300(LocalDateTime)
<==    Updates: 1
Releasing transactional SqlSession [org.apache.ibatis.session.defaults.DefaultSqlSession@7bb888b7]
Transaction synchronization committing SqlSession [org.apache.ibatis.session.defaults.DefaultSqlSession@7bb888b7]
Transaction synchronization deregistering SqlSession [org.apache.ibatis.session.defaults.DefaultSqlSession@7bb888b7]
Transaction synchronization closing SqlSession [org.apache.ibatis.session.defaults.DefaultSqlSession@7bb888b7]
Creating a new SqlSession
Registering transaction synchronization for SqlSession [org.apache.ibatis.session.defaults.DefaultSqlSession@79169472]
JDBC Connection [HikariProxyConnection@1653389536 wrapping com.mysql.cj.jdbc.ConnectionImpl@7e615c6a] will be managed by Spring
==>  Preparing: INSERT INTO `tb_post` (content, author_id, publish_at, last_update) VALUES (?, ?, ?, ?)
==> Parameters: 奥运会的赛场上，每一次的网球都是对技巧和耐力的较量。(String), 81(Long), 2024-09-28T19:07:45.519990900(LocalDateTime), 2024-09-28T19:07:45.519990900(LocalDateTime)
<==    Updates: 1
Releasing transactional SqlSession [org.apache.ibatis.session.defaults.DefaultSqlSession@79169472]
Transaction synchronization committing SqlSession [org.apache.ibatis.session.defaults.DefaultSqlSession@79169472]
Transaction synchronization deregistering SqlSession [org.apache.ibatis.session.defaults.DefaultSqlSession@79169472]
Transaction synchronization closing SqlSession [org.apache.ibatis.session.defaults.DefaultSqlSession@79169472]
Creating a new SqlSession
Registering transaction synchronization for SqlSession [org.apache.ibatis.session.defaults.DefaultSqlSession@171b0d3]
JDBC Connection [HikariProxyConnection@1427476487 wrapping com.mysql.cj.jdbc.ConnectionImpl@7e615c6a] will be managed by Spring
==>  Preparing: INSERT INTO `tb_post` (content, author_id, publish_at, last_update) VALUES (?, ?, ?, ?)
==> Parameters: 奥运会的赛场上，每一次的乒乓球都是对反应和控制的考验。(String), 8(Long), 2024-09-28T19:07:45.531621700(LocalDateTime), 2024-09-28T19:07:45.531621700(LocalDateTime)
<==    Updates: 1
Releasing transactional SqlSession [org.apache.ibatis.session.defaults.DefaultSqlSession@171b0d3]
Transaction synchronization committing SqlSession [org.apache.ibatis.session.defaults.DefaultSqlSession@171b0d3]
Transaction synchronization deregistering SqlSession [org.apache.ibatis.session.defaults.DefaultSqlSession@171b0d3]
Transaction synchronization closing SqlSession [org.apache.ibatis.session.defaults.DefaultSqlSession@171b0d3]
Creating a new SqlSession
Registering transaction synchronization for SqlSession [org.apache.ibatis.session.defaults.DefaultSqlSession@6e68ccc9]
JDBC Connection [HikariProxyConnection@1675934713 wrapping com.mysql.cj.jdbc.ConnectionImpl@7e615c6a] will be managed by Spring
==>  Preparing: INSERT INTO `tb_post` (content, author_id, publish_at, last_update) VALUES (?, ?, ?, ?)
==> Parameters: 奥运会的赛场上，每一次的羽毛球都是对速度和灵活性的挑战。(String), 2(Long), 2024-09-28T19:07:45.544688500(LocalDateTime), 2024-09-28T19:07:45.544688500(LocalDateTime)
<==    Updates: 1
Releasing transactional SqlSession [org.apache.ibatis.session.defaults.DefaultSqlSession@6e68ccc9]
Transaction synchronization committing SqlSession [org.apache.ibatis.session.defaults.DefaultSqlSession@6e68ccc9]
Transaction synchronization deregistering SqlSession [org.apache.ibatis.session.defaults.DefaultSqlSession@6e68ccc9]
Transaction synchronization closing SqlSession [org.apache.ibatis.session.defaults.DefaultSqlSession@6e68ccc9]
Creating a new SqlSession
Registering transaction synchronization for SqlSession [org.apache.ibatis.session.defaults.DefaultSqlSession@5d2bfc9f]
JDBC Connection [HikariProxyConnection@1000093805 wrapping com.mysql.cj.jdbc.ConnectionImpl@7e615c6a] will be managed by Spring
==>  Preparing: INSERT INTO `tb_post` (content, author_id, publish_at, last_update) VALUES (?, ?, ?, ?)
==> Parameters: 奥运会的赛场上，每一次的排球都是对团队合作和战术的考验。(String), 20(Long), 2024-09-28T19:07:45.554765800(LocalDateTime), 2024-09-28T19:07:45.554765800(LocalDateTime)
<==    Updates: 1
Releasing transactional SqlSession [org.apache.ibatis.session.defaults.DefaultSqlSession@5d2bfc9f]
Transaction synchronization committing SqlSession [org.apache.ibatis.session.defaults.DefaultSqlSession@5d2bfc9f]
Transaction synchronization deregistering SqlSession [org.apache.ibatis.session.defaults.DefaultSqlSession@5d2bfc9f]
Transaction synchronization closing SqlSession [org.apache.ibatis.session.defaults.DefaultSqlSession@5d2bfc9f]
Creating a new SqlSession
Registering transaction synchronization for SqlSession [org.apache.ibatis.session.defaults.DefaultSqlSession@2b33f7a0]
JDBC Connection [HikariProxyConnection@794042208 wrapping com.mysql.cj.jdbc.ConnectionImpl@7e615c6a] will be managed by Spring
==>  Preparing: INSERT INTO `tb_post` (content, author_id, publish_at, last_update) VALUES (?, ?, ?, ?)
==> Parameters: 奥运会的赛场上，每一次的沙滩排球都是对阳光和沙滩的享受。(String), 90(Long), 2024-09-28T19:07:45.563356400(LocalDateTime), 2024-09-28T19:07:45.563356400(LocalDateTime)
<==    Updates: 1
Releasing transactional SqlSession [org.apache.ibatis.session.defaults.DefaultSqlSession@2b33f7a0]
Transaction synchronization committing SqlSession [org.apache.ibatis.session.defaults.DefaultSqlSession@2b33f7a0]
Transaction synchronization deregistering SqlSession [org.apache.ibatis.session.defaults.DefaultSqlSession@2b33f7a0]
Transaction synchronization closing SqlSession [org.apache.ibatis.session.defaults.DefaultSqlSession@2b33f7a0]
Creating a new SqlSession
Registering transaction synchronization for SqlSession [org.apache.ibatis.session.defaults.DefaultSqlSession@6f6998b6]
JDBC Connection [HikariProxyConnection@497378142 wrapping com.mysql.cj.jdbc.ConnectionImpl@7e615c6a] will be managed by Spring
==>  Preparing: INSERT INTO `tb_post` (content, author_id, publish_at, last_update) VALUES (?, ?, ?, ?)
==> Parameters: 奥运会的赛场上，每一次的手球都是对力量和敏捷的展现。(String), 92(Long), 2024-09-28T19:07:45.579972(LocalDateTime), 2024-09-28T19:07:45.579972(LocalDateTime)
<==    Updates: 1
Releasing transactional SqlSession [org.apache.ibatis.session.defaults.DefaultSqlSession@6f6998b6]
Transaction synchronization committing SqlSession [org.apache.ibatis.session.defaults.DefaultSqlSession@6f6998b6]
Transaction synchronization deregistering SqlSession [org.apache.ibatis.session.defaults.DefaultSqlSession@6f6998b6]
Transaction synchronization closing SqlSession [org.apache.ibatis.session.defaults.DefaultSqlSession@6f6998b6]
Creating a new SqlSession
Registering transaction synchronization for SqlSession [org.apache.ibatis.session.defaults.DefaultSqlSession@d0538b3]
JDBC Connection [HikariProxyConnection@641306471 wrapping com.mysql.cj.jdbc.ConnectionImpl@7e615c6a] will be managed by Spring
==>  Preparing: INSERT INTO `tb_post` (content, author_id, publish_at, last_update) VALUES (?, ?, ?, ?)
==> Parameters: 奥运会的赛场上，每一次的篮球都是对团队精神和个人技巧的结合。(String), 63(Long), 2024-09-28T19:07:45.590180700(LocalDateTime), 2024-09-28T19:07:45.590180700(LocalDateTime)
<==    Updates: 1
Releasing transactional SqlSession [org.apache.ibatis.session.defaults.DefaultSqlSession@d0538b3]
Transaction synchronization committing SqlSession [org.apache.ibatis.session.defaults.DefaultSqlSession@d0538b3]
Transaction synchronization deregistering SqlSession [org.apache.ibatis.session.defaults.DefaultSqlSession@d0538b3]
Transaction synchronization closing SqlSession [org.apache.ibatis.session.defaults.DefaultSqlSession@d0538b3]
Creating a new SqlSession
Registering transaction synchronization for SqlSession [org.apache.ibatis.session.defaults.DefaultSqlSession@1b62ad1e]
JDBC Connection [HikariProxyConnection@1843167615 wrapping com.mysql.cj.jdbc.ConnectionImpl@7e615c6a] will be managed by Spring
==>  Preparing: INSERT INTO `tb_post` (content, author_id, publish_at, last_update) VALUES (?, ?, ?, ?)
==> Parameters: 奥运会的赛场上，每一次的足球都是对策略和耐力的考验。(String), 92(Long), 2024-09-28T19:07:45.599709600(LocalDateTime), 2024-09-28T19:07:45.599709600(LocalDateTime)
<==    Updates: 1
Releasing transactional SqlSession [org.apache.ibatis.session.defaults.DefaultSqlSession@1b62ad1e]
Transaction synchronization committing SqlSession [org.apache.ibatis.session.defaults.DefaultSqlSession@1b62ad1e]
Transaction synchronization deregistering SqlSession [org.apache.ibatis.session.defaults.DefaultSqlSession@1b62ad1e]
Transaction synchronization closing SqlSession [org.apache.ibatis.session.defaults.DefaultSqlSession@1b62ad1e]
Creating a new SqlSession
Registering transaction synchronization for SqlSession [org.apache.ibatis.session.defaults.DefaultSqlSession@5b7d5eca]
JDBC Connection [HikariProxyConnection@1322732803 wrapping com.mysql.cj.jdbc.ConnectionImpl@7e615c6a] will be managed by Spring
==>  Preparing: INSERT INTO `tb_post` (content, author_id, publish_at, last_update) VALUES (?, ?, ?, ?)
==> Parameters: 奥运会的赛场上，每一次的曲棍球都是对速度和团队协作的追求。(String), 62(Long), 2024-09-28T19:07:45.610858700(LocalDateTime), 2024-09-28T19:07:45.610858700(LocalDateTime)
<==    Updates: 1
Releasing transactional SqlSession [org.apache.ibatis.session.defaults.DefaultSqlSession@5b7d5eca]
Transaction synchronization committing SqlSession [org.apache.ibatis.session.defaults.DefaultSqlSession@5b7d5eca]
Transaction synchronization deregistering SqlSession [org.apache.ibatis.session.defaults.DefaultSqlSession@5b7d5eca]
Transaction synchronization closing SqlSession [org.apache.ibatis.session.defaults.DefaultSqlSession@5b7d5eca]
Creating a new SqlSession
Registering transaction synchronization for SqlSession [org.apache.ibatis.session.defaults.DefaultSqlSession@24ea71d]
JDBC Connection [HikariProxyConnection@835190949 wrapping com.mysql.cj.jdbc.ConnectionImpl@7e615c6a] will be managed by Spring
==>  Preparing: INSERT INTO `tb_post` (content, author_id, publish_at, last_update) VALUES (?, ?, ?, ?)
==> Parameters: 奥运会的赛场上，每一次的橄榄球都是对力量和勇气的展现。(String), 97(Long), 2024-09-28T19:07:45.614871900(LocalDateTime), 2024-09-28T19:07:45.614871900(LocalDateTime)
<==    Updates: 1
Releasing transactional SqlSession [org.apache.ibatis.session.defaults.DefaultSqlSession@24ea71d]
Transaction synchronization committing SqlSession [org.apache.ibatis.session.defaults.DefaultSqlSession@24ea71d]
Transaction synchronization deregistering SqlSession [org.apache.ibatis.session.defaults.DefaultSqlSession@24ea71d]
Transaction synchronization closing SqlSession [org.apache.ibatis.session.defaults.DefaultSqlSession@24ea71d]
Creating a new SqlSession
Registering transaction synchronization for SqlSession [org.apache.ibatis.session.defaults.DefaultSqlSession@383a5260]
JDBC Connection [HikariProxyConnection@216376042 wrapping com.mysql.cj.jdbc.ConnectionImpl@7e615c6a] will be managed by Spring
==>  Preparing: INSERT INTO `tb_post` (content, author_id, publish_at, last_update) VALUES (?, ?, ?, ?)
==> Parameters: 奥运会的赛场上，每一次的棒球和垒球都是对技巧和战术的较量。(String), 80(Long), 2024-09-28T19:07:45.619901(LocalDateTime), 2024-09-28T19:07:45.619901(LocalDateTime)
<==    Updates: 1
Releasing transactional SqlSession [org.apache.ibatis.session.defaults.DefaultSqlSession@383a5260]
Transaction synchronization committing SqlSession [org.apache.ibatis.session.defaults.DefaultSqlSession@383a5260]
Transaction synchronization deregistering SqlSession [org.apache.ibatis.session.defaults.DefaultSqlSession@383a5260]
Transaction synchronization closing SqlSession [org.apache.ibatis.session.defaults.DefaultSqlSession@383a5260]
Creating a new SqlSession
Registering transaction synchronization for SqlSession [org.apache.ibatis.session.defaults.DefaultSqlSession@219ec4b6]
JDBC Connection [HikariProxyConnection@834837937 wrapping com.mysql.cj.jdbc.ConnectionImpl@7e615c6a] will be managed by Spring
==>  Preparing: INSERT INTO `tb_post` (content, author_id, publish_at, last_update) VALUES (?, ?, ?, ?)
==> Parameters: 奥运会的赛场上，每一次的现代五项都是对运动员全面能力的考验。(String), 96(Long), 2024-09-28T19:07:45.626965600(LocalDateTime), 2024-09-28T19:07:45.626965600(LocalDateTime)
<==    Updates: 1
Releasing transactional SqlSession [org.apache.ibatis.session.defaults.DefaultSqlSession@219ec4b6]
Transaction synchronization committing SqlSession [org.apache.ibatis.session.defaults.DefaultSqlSession@219ec4b6]
Transaction synchronization deregistering SqlSession [org.apache.ibatis.session.defaults.DefaultSqlSession@219ec4b6]
Transaction synchronization closing SqlSession [org.apache.ibatis.session.defaults.DefaultSqlSession@219ec4b6]
Creating a new SqlSession
Registering transaction synchronization for SqlSession [org.apache.ibatis.session.defaults.DefaultSqlSession@4c5e123d]
JDBC Connection [HikariProxyConnection@900207233 wrapping com.mysql.cj.jdbc.ConnectionImpl@7e615c6a] will be managed by Spring
==>  Preparing: INSERT INTO `tb_post` (content, author_id, publish_at, last_update) VALUES (?, ?, ?, ?)
==> Parameters: 奥运会的赛场上，每一次的艺术体操都是对力量和优雅的结合。(String), 40(Long), 2024-09-28T19:07:45.629982900(LocalDateTime), 2024-09-28T19:07:45.629982900(LocalDateTime)
<==    Updates: 1
Releasing transactional SqlSession [org.apache.ibatis.session.defaults.DefaultSqlSession@4c5e123d]
Transaction synchronization committing SqlSession [org.apache.ibatis.session.defaults.DefaultSqlSession@4c5e123d]
Transaction synchronization deregistering SqlSession [org.apache.ibatis.session.defaults.DefaultSqlSession@4c5e123d]
Transaction synchronization closing SqlSession [org.apache.ibatis.session.defaults.DefaultSqlSession@4c5e123d]
Creating a new SqlSession
Registering transaction synchronization for SqlSession [org.apache.ibatis.session.defaults.DefaultSqlSession@2c6553c6]
JDBC Connection [HikariProxyConnection@352580660 wrapping com.mysql.cj.jdbc.ConnectionImpl@7e615c6a] will be managed by Spring
==>  Preparing: INSERT INTO `tb_post` (content, author_id, publish_at, last_update) VALUES (?, ?, ?, ?)
==> Parameters: 奥运会的赛场上，每一次的竞走都是对耐力和技巧的挑战。(String), 16(Long), 2024-09-28T19:07:45.640035500(LocalDateTime), 2024-09-28T19:07:45.640035500(LocalDateTime)
<==    Updates: 1
Releasing transactional SqlSession [org.apache.ibatis.session.defaults.DefaultSqlSession@2c6553c6]
Transaction synchronization committing SqlSession [org.apache.ibatis.session.defaults.DefaultSqlSession@2c6553c6]
Transaction synchronization deregistering SqlSession [org.apache.ibatis.session.defaults.DefaultSqlSession@2c6553c6]
Transaction synchronization closing SqlSession [org.apache.ibatis.session.defaults.DefaultSqlSession@2c6553c6]
Creating a new SqlSession
Registering transaction synchronization for SqlSession [org.apache.ibatis.session.defaults.DefaultSqlSession@40612056]
JDBC Connection [HikariProxyConnection@1368316340 wrapping com.mysql.cj.jdbc.ConnectionImpl@7e615c6a] will be managed by Spring
==>  Preparing: INSERT INTO `tb_post` (content, author_id, publish_at, last_update) VALUES (?, ?, ?, ?)
==> Parameters: 奥运会的赛场上，每一次的马拉松都是对人类极限的探索。(String), 94(Long), 2024-09-28T19:07:45.643083500(LocalDateTime), 2024-09-28T19:07:45.643083500(LocalDateTime)
<==    Updates: 1
Releasing transactional SqlSession [org.apache.ibatis.session.defaults.DefaultSqlSession@40612056]
Transaction synchronization committing SqlSession [org.apache.ibatis.session.defaults.DefaultSqlSession@40612056]
Transaction synchronization deregistering SqlSession [org.apache.ibatis.session.defaults.DefaultSqlSession@40612056]
Transaction synchronization closing SqlSession [org.apache.ibatis.session.defaults.DefaultSqlSession@40612056]
Creating a new SqlSession
Registering transaction synchronization for SqlSession [org.apache.ibatis.session.defaults.DefaultSqlSession@6d71f296]
JDBC Connection [HikariProxyConnection@1394208704 wrapping com.mysql.cj.jdbc.ConnectionImpl@7e615c6a] will be managed by Spring
==>  Preparing: INSERT INTO `tb_post` (content, author_id, publish_at, last_update) VALUES (?, ?, ?, ?)
==> Parameters: 奥运会的赛场上，每一次的高山滑雪都是对速度和技巧的考验。(String), 14(Long), 2024-09-28T19:07:45.649598900(LocalDateTime), 2024-09-28T19:07:45.649598900(LocalDateTime)
<==    Updates: 1
Releasing transactional SqlSession [org.apache.ibatis.session.defaults.DefaultSqlSession@6d71f296]
Transaction synchronization committing SqlSession [org.apache.ibatis.session.defaults.DefaultSqlSession@6d71f296]
Transaction synchronization deregistering SqlSession [org.apache.ibatis.session.defaults.DefaultSqlSession@6d71f296]
Transaction synchronization closing SqlSession [org.apache.ibatis.session.defaults.DefaultSqlSession@6d71f296]
Creating a new SqlSession
Registering transaction synchronization for SqlSession [org.apache.ibatis.session.defaults.DefaultSqlSession@52c68925]
JDBC Connection [HikariProxyConnection@1704990977 wrapping com.mysql.cj.jdbc.ConnectionImpl@7e615c6a] will be managed by Spring
==>  Preparing: INSERT INTO `tb_post` (content, author_id, publish_at, last_update) VALUES (?, ?, ?, ?)
==> Parameters: 奥运会的赛场上，每一次的自由式滑雪都是对空中技巧的追求。(String), 85(Long), 2024-09-28T19:07:45.654640600(LocalDateTime), 2024-09-28T19:07:45.654640600(LocalDateTime)
<==    Updates: 1
Releasing transactional SqlSession [org.apache.ibatis.session.defaults.DefaultSqlSession@52c68925]
Transaction synchronization committing SqlSession [org.apache.ibatis.session.defaults.DefaultSqlSession@52c68925]
Transaction synchronization deregistering SqlSession [org.apache.ibatis.session.defaults.DefaultSqlSession@52c68925]
Transaction synchronization closing SqlSession [org.apache.ibatis.session.defaults.DefaultSqlSession@52c68925]
Creating a new SqlSession
Registering transaction synchronization for SqlSession [org.apache.ibatis.session.defaults.DefaultSqlSession@51a73873]
JDBC Connection [HikariProxyConnection@1584929615 wrapping com.mysql.cj.jdbc.ConnectionImpl@7e615c6a] will be managed by Spring
==>  Preparing: INSERT INTO `tb_post` (content, author_id, publish_at, last_update) VALUES (?, ?, ?, ?)
==> Parameters: 奥运会的赛场上，每一次的单板滑雪都是对雪地技巧的挑战。(String), 61(Long), 2024-09-28T19:07:45.659668600(LocalDateTime), 2024-09-28T19:07:45.659668600(LocalDateTime)
<==    Updates: 1
Releasing transactional SqlSession [org.apache.ibatis.session.defaults.DefaultSqlSession@51a73873]
Transaction synchronization committing SqlSession [org.apache.ibatis.session.defaults.DefaultSqlSession@51a73873]
Transaction synchronization deregistering SqlSession [org.apache.ibatis.session.defaults.DefaultSqlSession@51a73873]
Transaction synchronization closing SqlSession [org.apache.ibatis.session.defaults.DefaultSqlSession@51a73873]
Creating a new SqlSession
Registering transaction synchronization for SqlSession [org.apache.ibatis.session.defaults.DefaultSqlSession@159314ca]
JDBC Connection [HikariProxyConnection@1585874083 wrapping com.mysql.cj.jdbc.ConnectionImpl@7e615c6a] will be managed by Spring
==>  Preparing: INSERT INTO `tb_post` (content, author_id, publish_at, last_update) VALUES (?, ?, ?, ?)
==> Parameters: 奥运会的赛场上，每一次的冰球都是对速度和团队合作的考验。(String), 53(Long), 2024-09-28T19:07:45.664702400(LocalDateTime), 2024-09-28T19:07:45.664702400(LocalDateTime)
<==    Updates: 1
Releasing transactional SqlSession [org.apache.ibatis.session.defaults.DefaultSqlSession@159314ca]
Transaction synchronization committing SqlSession [org.apache.ibatis.session.defaults.DefaultSqlSession@159314ca]
Transaction synchronization deregistering SqlSession [org.apache.ibatis.session.defaults.DefaultSqlSession@159314ca]
Transaction synchronization closing SqlSession [org.apache.ibatis.session.defaults.DefaultSqlSession@159314ca]
Creating a new SqlSession
Registering transaction synchronization for SqlSession [org.apache.ibatis.session.defaults.DefaultSqlSession@7d48299e]
JDBC Connection [HikariProxyConnection@390946039 wrapping com.mysql.cj.jdbc.ConnectionImpl@7e615c6a] will be managed by Spring
==>  Preparing: INSERT INTO `tb_post` (content, author_id, publish_at, last_update) VALUES (?, ?, ?, ?)
==> Parameters: 奥运会的赛场上，每一次的花样滑冰都是对艺术和技巧的结合。(String), 61(Long), 2024-09-28T19:07:45.669714600(LocalDateTime), 2024-09-28T19:07:45.669714600(LocalDateTime)
<==    Updates: 1
Releasing transactional SqlSession [org.apache.ibatis.session.defaults.DefaultSqlSession@7d48299e]
Transaction synchronization committing SqlSession [org.apache.ibatis.session.defaults.DefaultSqlSession@7d48299e]
Transaction synchronization deregistering SqlSession [org.apache.ibatis.session.defaults.DefaultSqlSession@7d48299e]
Transaction synchronization closing SqlSession [org.apache.ibatis.session.defaults.DefaultSqlSession@7d48299e]
Creating a new SqlSession
Registering transaction synchronization for SqlSession [org.apache.ibatis.session.defaults.DefaultSqlSession@7a90f33d]
JDBC Connection [HikariProxyConnection@735627505 wrapping com.mysql.cj.jdbc.ConnectionImpl@7e615c6a] will be managed by Spring
==>  Preparing: INSERT INTO `tb_post` (content, author_id, publish_at, last_update) VALUES (?, ?, ?, ?)
==> Parameters: 奥运会的赛场上，每一次的速度滑冰都是对速度和耐力的追求。(String), 91(Long), 2024-09-28T19:07:45.674752100(LocalDateTime), 2024-09-28T19:07:45.674752100(LocalDateTime)
<==    Updates: 1
Releasing transactional SqlSession [org.apache.ibatis.session.defaults.DefaultSqlSession@7a90f33d]
Transaction synchronization committing SqlSession [org.apache.ibatis.session.defaults.DefaultSqlSession@7a90f33d]
Transaction synchronization deregistering SqlSession [org.apache.ibatis.session.defaults.DefaultSqlSession@7a90f33d]
Transaction synchronization closing SqlSession [org.apache.ibatis.session.defaults.DefaultSqlSession@7a90f33d]
Creating a new SqlSession
Registering transaction synchronization for SqlSession [org.apache.ibatis.session.defaults.DefaultSqlSession@3aac31b7]
JDBC Connection [HikariProxyConnection@469018523 wrapping com.mysql.cj.jdbc.ConnectionImpl@7e615c6a] will be managed by Spring
==>  Preparing: INSERT INTO `tb_post` (content, author_id, publish_at, last_update) VALUES (?, ?, ?, ?)
==> Parameters: 奥运会的赛场上，每一次的短道速滑都是对技巧和策略的较量。(String), 44(Long), 2024-09-28T19:07:45.679765500(LocalDateTime), 2024-09-28T19:07:45.679765500(LocalDateTime)
<==    Updates: 1
Releasing transactional SqlSession [org.apache.ibatis.session.defaults.DefaultSqlSession@3aac31b7]
Transaction synchronization committing SqlSession [org.apache.ibatis.session.defaults.DefaultSqlSession@3aac31b7]
Transaction synchronization deregistering SqlSession [org.apache.ibatis.session.defaults.DefaultSqlSession@3aac31b7]
Transaction synchronization closing SqlSession [org.apache.ibatis.session.defaults.DefaultSqlSession@3aac31b7]
Creating a new SqlSession
Registering transaction synchronization for SqlSession [org.apache.ibatis.session.defaults.DefaultSqlSession@715523b8]
JDBC Connection [HikariProxyConnection@448990180 wrapping com.mysql.cj.jdbc.ConnectionImpl@7e615c6a] will be managed by Spring
==>  Preparing: INSERT INTO `tb_post` (content, author_id, publish_at, last_update) VALUES (?, ?, ?, ?)
==> Parameters: 奥运会的赛场上，每一次的冰壶都是对策略和精准的追求。(String), 15(Long), 2024-09-28T19:07:45.684817800(LocalDateTime), 2024-09-28T19:07:45.684817800(LocalDateTime)
<==    Updates: 1
Releasing transactional SqlSession [org.apache.ibatis.session.defaults.DefaultSqlSession@715523b8]
Transaction synchronization committing SqlSession [org.apache.ibatis.session.defaults.DefaultSqlSession@715523b8]
Transaction synchronization deregistering SqlSession [org.apache.ibatis.session.defaults.DefaultSqlSession@715523b8]
Transaction synchronization closing SqlSession [org.apache.ibatis.session.defaults.DefaultSqlSession@715523b8]
Creating a new SqlSession
Registering transaction synchronization for SqlSession [org.apache.ibatis.session.defaults.DefaultSqlSession@4a2f1ae3]
JDBC Connection [HikariProxyConnection@1787328073 wrapping com.mysql.cj.jdbc.ConnectionImpl@7e615c6a] will be managed by Spring
==>  Preparing: INSERT INTO `tb_post` (content, author_id, publish_at, last_update) VALUES (?, ?, ?, ?)
==> Parameters: 奥运会的赛场上，每一次的冬季两项都是对耐力和精准的考验。(String), 41(Long), 2024-09-28T19:07:45.690869500(LocalDateTime), 2024-09-28T19:07:45.690869500(LocalDateTime)
<==    Updates: 1
Releasing transactional SqlSession [org.apache.ibatis.session.defaults.DefaultSqlSession@4a2f1ae3]
Transaction synchronization committing SqlSession [org.apache.ibatis.session.defaults.DefaultSqlSession@4a2f1ae3]
Transaction synchronization deregistering SqlSession [org.apache.ibatis.session.defaults.DefaultSqlSession@4a2f1ae3]
Transaction synchronization closing SqlSession [org.apache.ibatis.session.defaults.DefaultSqlSession@4a2f1ae3]
Creating a new SqlSession
Registering transaction synchronization for SqlSession [org.apache.ibatis.session.defaults.DefaultSqlSession@62fa4a88]
JDBC Connection [HikariProxyConnection@1684281752 wrapping com.mysql.cj.jdbc.ConnectionImpl@7e615c6a] will be managed by Spring
==>  Preparing: INSERT INTO `tb_post` (content, author_id, publish_at, last_update) VALUES (?, ?, ?, ?)
==> Parameters: 奥运会的赛场上，每一次的雪橇都是对速度和控制的追求。(String), 50(Long), 2024-09-28T19:07:45.694884300(LocalDateTime), 2024-09-28T19:07:45.694884300(LocalDateTime)
<==    Updates: 1
Releasing transactional SqlSession [org.apache.ibatis.session.defaults.DefaultSqlSession@62fa4a88]
Transaction synchronization committing SqlSession [org.apache.ibatis.session.defaults.DefaultSqlSession@62fa4a88]
Transaction synchronization deregistering SqlSession [org.apache.ibatis.session.defaults.DefaultSqlSession@62fa4a88]
Transaction synchronization closing SqlSession [org.apache.ibatis.session.defaults.DefaultSqlSession@62fa4a88]
Creating a new SqlSession
Registering transaction synchronization for SqlSession [org.apache.ibatis.session.defaults.DefaultSqlSession@1f67d37f]
JDBC Connection [HikariProxyConnection@1476094208 wrapping com.mysql.cj.jdbc.ConnectionImpl@7e615c6a] will be managed by Spring
==>  Preparing: INSERT INTO `tb_post` (content, author_id, publish_at, last_update) VALUES (?, ?, ?, ?)
==> Parameters: 奥运会的赛场上，每一次的高山滑雪和冬季两项都是对自然的征服。(String), 82(Long), 2024-09-28T19:07:45.707161500(LocalDateTime), 2024-09-28T19:07:45.707161500(LocalDateTime)
<==    Updates: 1
Releasing transactional SqlSession [org.apache.ibatis.session.defaults.DefaultSqlSession@1f67d37f]
Transaction synchronization committing SqlSession [org.apache.ibatis.session.defaults.DefaultSqlSession@1f67d37f]
Transaction synchronization deregistering SqlSession [org.apache.ibatis.session.defaults.DefaultSqlSession@1f67d37f]
Transaction synchronization closing SqlSession [org.apache.ibatis.session.defaults.DefaultSqlSession@1f67d37f]
Creating a new SqlSession
Registering transaction synchronization for SqlSession [org.apache.ibatis.session.defaults.DefaultSqlSession@3984e2b3]
JDBC Connection [HikariProxyConnection@2139268895 wrapping com.mysql.cj.jdbc.ConnectionImpl@7e615c6a] will be managed by Spring
==>  Preparing: INSERT INTO `tb_post` (content, author_id, publish_at, last_update) VALUES (?, ?, ?, ?)
==> Parameters: 奥运会的赛场上，每一次的北欧两项都是对运动员全面能力的挑战。(String), 5(Long), 2024-09-28T19:07:45.716124100(LocalDateTime), 2024-09-28T19:07:45.716124100(LocalDateTime)
<==    Updates: 1
Releasing transactional SqlSession [org.apache.ibatis.session.defaults.DefaultSqlSession@3984e2b3]
Transaction synchronization committing SqlSession [org.apache.ibatis.session.defaults.DefaultSqlSession@3984e2b3]
Transaction synchronization deregistering SqlSession [org.apache.ibatis.session.defaults.DefaultSqlSession@3984e2b3]
Transaction synchronization closing SqlSession [org.apache.ibatis.session.defaults.DefaultSqlSession@3984e2b3]
Creating a new SqlSession
Registering transaction synchronization for SqlSession [org.apache.ibatis.session.defaults.DefaultSqlSession@8aa3013]
JDBC Connection [HikariProxyConnection@2013186564 wrapping com.mysql.cj.jdbc.ConnectionImpl@7e615c6a] will be managed by Spring
==>  Preparing: INSERT INTO `tb_post` (content, author_id, publish_at, last_update) VALUES (?, ?, ?, ?)
==> Parameters: 奥运会的赛场上，每一次的滑板都是对城市街头文化的展现。(String), 8(Long), 2024-09-28T19:07:45.729718400(LocalDateTime), 2024-09-28T19:07:45.729718400(LocalDateTime)
<==    Updates: 1
Releasing transactional SqlSession [org.apache.ibatis.session.defaults.DefaultSqlSession@8aa3013]
Transaction synchronization committing SqlSession [org.apache.ibatis.session.defaults.DefaultSqlSession@8aa3013]
Transaction synchronization deregistering SqlSession [org.apache.ibatis.session.defaults.DefaultSqlSession@8aa3013]
Transaction synchronization closing SqlSession [org.apache.ibatis.session.defaults.DefaultSqlSession@8aa3013]
Creating a new SqlSession
Registering transaction synchronization for SqlSession [org.apache.ibatis.session.defaults.DefaultSqlSession@6eaf6ced]
JDBC Connection [HikariProxyConnection@1786466293 wrapping com.mysql.cj.jdbc.ConnectionImpl@7e615c6a] will be managed by Spring
==>  Preparing: INSERT INTO `tb_post` (content, author_id, publish_at, last_update) VALUES (?, ?, ?, ?)
==> Parameters: 奥运会的赛场上，每一次的攀岩都是对高度和技巧的挑战。(String), 92(Long), 2024-09-28T19:07:45.731762100(LocalDateTime), 2024-09-28T19:07:45.731762100(LocalDateTime)
<==    Updates: 1
Releasing transactional SqlSession [org.apache.ibatis.session.defaults.DefaultSqlSession@6eaf6ced]
Transaction synchronization committing SqlSession [org.apache.ibatis.session.defaults.DefaultSqlSession@6eaf6ced]
Transaction synchronization deregistering SqlSession [org.apache.ibatis.session.defaults.DefaultSqlSession@6eaf6ced]
Transaction synchronization closing SqlSession [org.apache.ibatis.session.defaults.DefaultSqlSession@6eaf6ced]
Creating a new SqlSession
Registering transaction synchronization for SqlSession [org.apache.ibatis.session.defaults.DefaultSqlSession@513ddf5f]
JDBC Connection [HikariProxyConnection@1322554079 wrapping com.mysql.cj.jdbc.ConnectionImpl@7e615c6a] will be managed by Spring
==>  Preparing: INSERT INTO `tb_post` (content, author_id, publish_at, last_update) VALUES (?, ?, ?, ?)
==> Parameters: 奥运会的赛场上，每一次的冲浪都是对海洋力量的驾驭。(String), 3(Long), 2024-09-28T19:07:45.744822800(LocalDateTime), 2024-09-28T19:07:45.744822800(LocalDateTime)
<==    Updates: 1
Releasing transactional SqlSession [org.apache.ibatis.session.defaults.DefaultSqlSession@513ddf5f]
Transaction synchronization committing SqlSession [org.apache.ibatis.session.defaults.DefaultSqlSession@513ddf5f]
Transaction synchronization deregistering SqlSession [org.apache.ibatis.session.defaults.DefaultSqlSession@513ddf5f]
Transaction synchronization closing SqlSession [org.apache.ibatis.session.defaults.DefaultSqlSession@513ddf5f]
Creating a new SqlSession
Registering transaction synchronization for SqlSession [org.apache.ibatis.session.defaults.DefaultSqlSession@d082916]
JDBC Connection [HikariProxyConnection@1843171329 wrapping com.mysql.cj.jdbc.ConnectionImpl@7e615c6a] will be managed by Spring
==>  Preparing: INSERT INTO `tb_post` (content, author_id, publish_at, last_update) VALUES (?, ?, ?, ?)
==> Parameters: 奥运会的赛场上，每一次的空手道都是对力量和尊重的展现。(String), 92(Long), 2024-09-28T19:07:45.754890800(LocalDateTime), 2024-09-28T19:07:45.754890800(LocalDateTime)
<==    Updates: 1
Releasing transactional SqlSession [org.apache.ibatis.session.defaults.DefaultSqlSession@d082916]
Transaction synchronization committing SqlSession [org.apache.ibatis.session.defaults.DefaultSqlSession@d082916]
Transaction synchronization deregistering SqlSession [org.apache.ibatis.session.defaults.DefaultSqlSession@d082916]
Transaction synchronization closing SqlSession [org.apache.ibatis.session.defaults.DefaultSqlSession@d082916]
Creating a new SqlSession
Registering transaction synchronization for SqlSession [org.apache.ibatis.session.defaults.DefaultSqlSession@34f2d3a6]
JDBC Connection [HikariProxyConnection@1867633100 wrapping com.mysql.cj.jdbc.ConnectionImpl@7e615c6a] will be managed by Spring
==>  Preparing: INSERT INTO `tb_post` (content, author_id, publish_at, last_update) VALUES (?, ?, ?, ?)
==> Parameters: 奥运会的赛场上，每一次的滑板都是对年轻和活力的体现。(String), 8(Long), 2024-09-28T19:07:45.763840400(LocalDateTime), 2024-09-28T19:07:45.763840400(LocalDateTime)
<==    Updates: 1
Releasing transactional SqlSession [org.apache.ibatis.session.defaults.DefaultSqlSession@34f2d3a6]
Transaction synchronization committing SqlSession [org.apache.ibatis.session.defaults.DefaultSqlSession@34f2d3a6]
Transaction synchronization deregistering SqlSession [org.apache.ibatis.session.defaults.DefaultSqlSession@34f2d3a6]
Transaction synchronization closing SqlSession [org.apache.ibatis.session.defaults.DefaultSqlSession@34f2d3a6]
Creating a new SqlSession
Registering transaction synchronization for SqlSession [org.apache.ibatis.session.defaults.DefaultSqlSession@30b075b9]
JDBC Connection [HikariProxyConnection@1420395352 wrapping com.mysql.cj.jdbc.ConnectionImpl@7e615c6a] will be managed by Spring
==>  Preparing: INSERT INTO `tb_post` (content, author_id, publish_at, last_update) VALUES (?, ?, ?, ?)
==> Parameters: 奥运会的赛场上，每一次的棒垒球都是对技巧和策略的较量。(String), 61(Long), 2024-09-28T19:07:45.769858(LocalDateTime), 2024-09-28T19:07:45.769858(LocalDateTime)
<==    Updates: 1
Releasing transactional SqlSession [org.apache.ibatis.session.defaults.DefaultSqlSession@30b075b9]
Transaction synchronization committing SqlSession [org.apache.ibatis.session.defaults.DefaultSqlSession@30b075b9]
Transaction synchronization deregistering SqlSession [org.apache.ibatis.session.defaults.DefaultSqlSession@30b075b9]
Transaction synchronization closing SqlSession [org.apache.ibatis.session.defaults.DefaultSqlSession@30b075b9]
Creating a new SqlSession
Registering transaction synchronization for SqlSession [org.apache.ibatis.session.defaults.DefaultSqlSession@d970881]
JDBC Connection [HikariProxyConnection@1216623883 wrapping com.mysql.cj.jdbc.ConnectionImpl@7e615c6a] will be managed by Spring
==>  Preparing: INSERT INTO `tb_post` (content, author_id, publish_at, last_update) VALUES (?, ?, ?, ?)
==> Parameters: 奥运会的赛场上，每一次的电子竞技都是对反应和团队合作的考验。(String), 29(Long), 2024-09-28T19:07:45.782184400(LocalDateTime), 2024-09-28T19:07:45.782184400(LocalDateTime)
<==    Updates: 1
Releasing transactional SqlSession [org.apache.ibatis.session.defaults.DefaultSqlSession@d970881]
Transaction synchronization committing SqlSession [org.apache.ibatis.session.defaults.DefaultSqlSession@d970881]
Transaction synchronization deregistering SqlSession [org.apache.ibatis.session.defaults.DefaultSqlSession@d970881]
Transaction synchronization closing SqlSession [org.apache.ibatis.session.defaults.DefaultSqlSession@d970881]
Creating a new SqlSession
Registering transaction synchronization for SqlSession [org.apache.ibatis.session.defaults.DefaultSqlSession@14aa2123]
JDBC Connection [HikariProxyConnection@1936634530 wrapping com.mysql.cj.jdbc.ConnectionImpl@7e615c6a] will be managed by Spring
==>  Preparing: INSERT INTO `tb_post` (content, author_id, publish_at, last_update) VALUES (?, ?, ?, ?)
==> Parameters: 奥运会的赛场上，每一次的马术都是对骑手与马匹默契的展现。(String), 97(Long), 2024-09-28T19:07:45.789698500(LocalDateTime), 2024-09-28T19:07:45.789698500(LocalDateTime)
<==    Updates: 1
Releasing transactional SqlSession [org.apache.ibatis.session.defaults.DefaultSqlSession@14aa2123]
Transaction synchronization committing SqlSession [org.apache.ibatis.session.defaults.DefaultSqlSession@14aa2123]
Transaction synchronization deregistering SqlSession [org.apache.ibatis.session.defaults.DefaultSqlSession@14aa2123]
Transaction synchronization closing SqlSession [org.apache.ibatis.session.defaults.DefaultSqlSession@14aa2123]
Creating a new SqlSession
Registering transaction synchronization for SqlSession [org.apache.ibatis.session.defaults.DefaultSqlSession@3ddc5a75]
JDBC Connection [HikariProxyConnection@1806402192 wrapping com.mysql.cj.jdbc.ConnectionImpl@7e615c6a] will be managed by Spring
==>  Preparing: INSERT INTO `tb_post` (content, author_id, publish_at, last_update) VALUES (?, ?, ?, ?)
==> Parameters: 奥运会的赛场上，每一次的射箭都是对专注和精准的追求。(String), 60(Long), 2024-09-28T19:07:45.805315200(LocalDateTime), 2024-09-28T19:07:45.805315200(LocalDateTime)
<==    Updates: 1
Releasing transactional SqlSession [org.apache.ibatis.session.defaults.DefaultSqlSession@3ddc5a75]
Transaction synchronization committing SqlSession [org.apache.ibatis.session.defaults.DefaultSqlSession@3ddc5a75]
Transaction synchronization deregistering SqlSession [org.apache.ibatis.session.defaults.DefaultSqlSession@3ddc5a75]
Transaction synchronization closing SqlSession [org.apache.ibatis.session.defaults.DefaultSqlSession@3ddc5a75]
Creating a new SqlSession
Registering transaction synchronization for SqlSession [org.apache.ibatis.session.defaults.DefaultSqlSession@26fc464f]
JDBC Connection [HikariProxyConnection@427354807 wrapping com.mysql.cj.jdbc.ConnectionImpl@7e615c6a] will be managed by Spring
==>  Preparing: INSERT INTO `tb_post` (content, author_id, publish_at, last_update) VALUES (?, ?, ?, ?)
==> Parameters: 奥运会的赛场上，每一次的举重都是对力量和决心的展现。(String), 85(Long), 2024-09-28T19:07:45.814902200(LocalDateTime), 2024-09-28T19:07:45.814902200(LocalDateTime)
<==    Updates: 1
Releasing transactional SqlSession [org.apache.ibatis.session.defaults.DefaultSqlSession@26fc464f]
Transaction synchronization committing SqlSession [org.apache.ibatis.session.defaults.DefaultSqlSession@26fc464f]
Transaction synchronization deregistering SqlSession [org.apache.ibatis.session.defaults.DefaultSqlSession@26fc464f]
Transaction synchronization closing SqlSession [org.apache.ibatis.session.defaults.DefaultSqlSession@26fc464f]
Creating a new SqlSession
Registering transaction synchronization for SqlSession [org.apache.ibatis.session.defaults.DefaultSqlSession@3bea478e]
JDBC Connection [HikariProxyConnection@2058930546 wrapping com.mysql.cj.jdbc.ConnectionImpl@7e615c6a] will be managed by Spring
==>  Preparing: INSERT INTO `tb_post` (content, author_id, publish_at, last_update) VALUES (?, ?, ?, ?)
==> Parameters: 奥运会的赛场上，每一次的跆拳道都是对速度和力量的挑战。(String), 80(Long), 2024-09-28T19:07:45.824968900(LocalDateTime), 2024-09-28T19:07:45.824968900(LocalDateTime)
<==    Updates: 1
Releasing transactional SqlSession [org.apache.ibatis.session.defaults.DefaultSqlSession@3bea478e]
Transaction synchronization committing SqlSession [org.apache.ibatis.session.defaults.DefaultSqlSession@3bea478e]
Transaction synchronization deregistering SqlSession [org.apache.ibatis.session.defaults.DefaultSqlSession@3bea478e]
Transaction synchronization closing SqlSession [org.apache.ibatis.session.defaults.DefaultSqlSession@3bea478e]
Creating a new SqlSession
Registering transaction synchronization for SqlSession [org.apache.ibatis.session.defaults.DefaultSqlSession@3338d706]
JDBC Connection [HikariProxyConnection@800413160 wrapping com.mysql.cj.jdbc.ConnectionImpl@7e615c6a] will be managed by Spring
==>  Preparing: INSERT INTO `tb_post` (content, author_id, publish_at, last_update) VALUES (?, ?, ?, ?)
==> Parameters: 奥运会的赛场上，每一次的田径都是对人类极限的探索。(String), 41(Long), 2024-09-28T19:07:45.831025100(LocalDateTime), 2024-09-28T19:07:45.831025100(LocalDateTime)
<==    Updates: 1
Releasing transactional SqlSession [org.apache.ibatis.session.defaults.DefaultSqlSession@3338d706]
Transaction synchronization committing SqlSession [org.apache.ibatis.session.defaults.DefaultSqlSession@3338d706]
Transaction synchronization deregistering SqlSession [org.apache.ibatis.session.defaults.DefaultSqlSession@3338d706]
Transaction synchronization closing SqlSession [org.apache.ibatis.session.defaults.DefaultSqlSession@3338d706]
Creating a new SqlSession
Registering transaction synchronization for SqlSession [org.apache.ibatis.session.defaults.DefaultSqlSession@58c93be3]
JDBC Connection [HikariProxyConnection@1852218204 wrapping com.mysql.cj.jdbc.ConnectionImpl@7e615c6a] will be managed by Spring
==>  Preparing: INSERT INTO `tb_post` (content, author_id, publish_at, last_update) VALUES (?, ?, ?, ?)
==> Parameters: 奥运会的赛场上，每一次的球类比赛都是对团队协作的考验。(String), 30(Long), 2024-09-28T19:07:45.840036100(LocalDateTime), 2024-09-28T19:07:45.840036100(LocalDateTime)
<==    Updates: 1
Releasing transactional SqlSession [org.apache.ibatis.session.defaults.DefaultSqlSession@58c93be3]
Transaction synchronization committing SqlSession [org.apache.ibatis.session.defaults.DefaultSqlSession@58c93be3]
Transaction synchronization deregistering SqlSession [org.apache.ibatis.session.defaults.DefaultSqlSession@58c93be3]
Transaction synchronization closing SqlSession [org.apache.ibatis.session.defaults.DefaultSqlSession@58c93be3]
Creating a new SqlSession
Registering transaction synchronization for SqlSession [org.apache.ibatis.session.defaults.DefaultSqlSession@7e9ea888]
JDBC Connection [HikariProxyConnection@2118806269 wrapping com.mysql.cj.jdbc.ConnectionImpl@7e615c6a] will be managed by Spring
==>  Preparing: INSERT INTO `tb_post` (content, author_id, publish_at, last_update) VALUES (?, ?, ?, ?)
==> Parameters: 奥运会的赛场上，每一次的水上运动都是对水的驾驭。(String), 20(Long), 2024-09-28T19:07:45.845081(LocalDateTime), 2024-09-28T19:07:45.845081(LocalDateTime)
<==    Updates: 1
Releasing transactional SqlSession [org.apache.ibatis.session.defaults.DefaultSqlSession@7e9ea888]
Transaction synchronization committing SqlSession [org.apache.ibatis.session.defaults.DefaultSqlSession@7e9ea888]
Transaction synchronization deregistering SqlSession [org.apache.ibatis.session.defaults.DefaultSqlSession@7e9ea888]
Transaction synchronization closing SqlSession [org.apache.ibatis.session.defaults.DefaultSqlSession@7e9ea888]
Creating a new SqlSession
Registering transaction synchronization for SqlSession [org.apache.ibatis.session.defaults.DefaultSqlSession@6037748a]
JDBC Connection [HikariProxyConnection@348629875 wrapping com.mysql.cj.jdbc.ConnectionImpl@7e615c6a] will be managed by Spring
==>  Preparing: INSERT INTO `tb_post` (content, author_id, publish_at, last_update) VALUES (?, ?, ?, ?)
==> Parameters: 奥运会的赛场上，每一次的冬季运动都是对冰雪世界的征服。(String), 8(Long), 2024-09-28T19:07:45.863202(LocalDateTime), 2024-09-28T19:07:45.863202(LocalDateTime)
<==    Updates: 1
Releasing transactional SqlSession [org.apache.ibatis.session.defaults.DefaultSqlSession@6037748a]
Transaction synchronization committing SqlSession [org.apache.ibatis.session.defaults.DefaultSqlSession@6037748a]
Transaction synchronization deregistering SqlSession [org.apache.ibatis.session.defaults.DefaultSqlSession@6037748a]
Transaction synchronization closing SqlSession [org.apache.ibatis.session.defaults.DefaultSqlSession@6037748a]
Creating a new SqlSession
Registering transaction synchronization for SqlSession [org.apache.ibatis.session.defaults.DefaultSqlSession@66c91224]
JDBC Connection [HikariProxyConnection@1541974316 wrapping com.mysql.cj.jdbc.ConnectionImpl@7e615c6a] will be managed by Spring
==>  Preparing: INSERT INTO `tb_post` (content, author_id, publish_at, last_update) VALUES (?, ?, ?, ?)
==> Parameters: 奥运会的赛场上，每一次的体操都是对力量和优雅的结合。(String), 49(Long), 2024-09-28T19:07:45.869714900(LocalDateTime), 2024-09-28T19:07:45.869714900(LocalDateTime)
<==    Updates: 1
Releasing transactional SqlSession [org.apache.ibatis.session.defaults.DefaultSqlSession@66c91224]
Transaction synchronization committing SqlSession [org.apache.ibatis.session.defaults.DefaultSqlSession@66c91224]
Transaction synchronization deregistering SqlSession [org.apache.ibatis.session.defaults.DefaultSqlSession@66c91224]
Transaction synchronization closing SqlSession [org.apache.ibatis.session.defaults.DefaultSqlSession@66c91224]
Creating a new SqlSession
Registering transaction synchronization for SqlSession [org.apache.ibatis.session.defaults.DefaultSqlSession@55f54852]
JDBC Connection [HikariProxyConnection@1526263649 wrapping com.mysql.cj.jdbc.ConnectionImpl@7e615c6a] will be managed by Spring
==>  Preparing: INSERT INTO `tb_post` (content, author_id, publish_at, last_update) VALUES (?, ?, ?, ?)
==> Parameters: 奥运会的赛场上，每一次的击剑都是对智慧和技巧的较量。(String), 55(Long), 2024-09-28T19:07:45.874751200(LocalDateTime), 2024-09-28T19:07:45.874751200(LocalDateTime)
<==    Updates: 1
Releasing transactional SqlSession [org.apache.ibatis.session.defaults.DefaultSqlSession@55f54852]
Transaction synchronization committing SqlSession [org.apache.ibatis.session.defaults.DefaultSqlSession@55f54852]
Transaction synchronization deregistering SqlSession [org.apache.ibatis.session.defaults.DefaultSqlSession@55f54852]
Transaction synchronization closing SqlSession [org.apache.ibatis.session.defaults.DefaultSqlSession@55f54852]
Creating a new SqlSession
Registering transaction synchronization for SqlSession [org.apache.ibatis.session.defaults.DefaultSqlSession@3368cf02]
JDBC Connection [HikariProxyConnection@2050668346 wrapping com.mysql.cj.jdbc.ConnectionImpl@7e615c6a] will be managed by Spring
==>  Preparing: INSERT INTO `tb_post` (content, author_id, publish_at, last_update) VALUES (?, ?, ?, ?)
==> Parameters: 奥运会的赛场上，每一次的自行车赛都是对速度和耐力的考验。(String), 9(Long), 2024-09-28T19:07:45.879776600(LocalDateTime), 2024-09-28T19:07:45.879776600(LocalDateTime)
<==    Updates: 1
Releasing transactional SqlSession [org.apache.ibatis.session.defaults.DefaultSqlSession@3368cf02]
Transaction synchronization committing SqlSession [org.apache.ibatis.session.defaults.DefaultSqlSession@3368cf02]
Transaction synchronization deregistering SqlSession [org.apache.ibatis.session.defaults.DefaultSqlSession@3368cf02]
Transaction synchronization closing SqlSession [org.apache.ibatis.session.defaults.DefaultSqlSession@3368cf02]
Creating a new SqlSession
Registering transaction synchronization for SqlSession [org.apache.ibatis.session.defaults.DefaultSqlSession@7ccfed46]
JDBC Connection [HikariProxyConnection@119418333 wrapping com.mysql.cj.jdbc.ConnectionImpl@7e615c6a] will be managed by Spring
==>  Preparing: INSERT INTO `tb_post` (content, author_id, publish_at, last_update) VALUES (?, ?, ?, ?)
==> Parameters: 奥运会的赛场上，每一次的拳击都是对勇气和力量的展现。(String), 81(Long), 2024-09-28T19:07:45.884812400(LocalDateTime), 2024-09-28T19:07:45.884812400(LocalDateTime)
<==    Updates: 1
Releasing transactional SqlSession [org.apache.ibatis.session.defaults.DefaultSqlSession@7ccfed46]
Transaction synchronization committing SqlSession [org.apache.ibatis.session.defaults.DefaultSqlSession@7ccfed46]
Transaction synchronization deregistering SqlSession [org.apache.ibatis.session.defaults.DefaultSqlSession@7ccfed46]
Transaction synchronization closing SqlSession [org.apache.ibatis.session.defaults.DefaultSqlSession@7ccfed46]
Creating a new SqlSession
Registering transaction synchronization for SqlSession [org.apache.ibatis.session.defaults.DefaultSqlSession@408bb173]
JDBC Connection [HikariProxyConnection@855155579 wrapping com.mysql.cj.jdbc.ConnectionImpl@7e615c6a] will be managed by Spring
==>  Preparing: INSERT INTO `tb_post` (content, author_id, publish_at, last_update) VALUES (?, ?, ?, ?)
==> Parameters: 奥运会的赛场上，每一次的摔跤都是对技巧和力量的挑战。(String), 22(Long), 2024-09-28T19:07:45.889825100(LocalDateTime), 2024-09-28T19:07:45.889825100(LocalDateTime)
<==    Updates: 1
Releasing transactional SqlSession [org.apache.ibatis.session.defaults.DefaultSqlSession@408bb173]
Transaction synchronization committing SqlSession [org.apache.ibatis.session.defaults.DefaultSqlSession@408bb173]
Transaction synchronization deregistering SqlSession [org.apache.ibatis.session.defaults.DefaultSqlSession@408bb173]
Transaction synchronization closing SqlSession [org.apache.ibatis.session.defaults.DefaultSqlSession@408bb173]
Creating a new SqlSession
Registering transaction synchronization for SqlSession [org.apache.ibatis.session.defaults.DefaultSqlSession@45fa7fb7]
JDBC Connection [HikariProxyConnection@197080602 wrapping com.mysql.cj.jdbc.ConnectionImpl@7e615c6a] will be managed by Spring
==>  Preparing: INSERT INTO `tb_post` (content, author_id, publish_at, last_update) VALUES (?, ?, ?, ?)
==> Parameters: 奥运会的赛场上，每一次的柔道都是对策略和尊重的展现。(String), 42(Long), 2024-09-28T19:07:45.894865800(LocalDateTime), 2024-09-28T19:07:45.894865800(LocalDateTime)
<==    Updates: 1
Releasing transactional SqlSession [org.apache.ibatis.session.defaults.DefaultSqlSession@45fa7fb7]
Transaction synchronization committing SqlSession [org.apache.ibatis.session.defaults.DefaultSqlSession@45fa7fb7]
Transaction synchronization deregistering SqlSession [org.apache.ibatis.session.defaults.DefaultSqlSession@45fa7fb7]
Transaction synchronization closing SqlSession [org.apache.ibatis.session.defaults.DefaultSqlSession@45fa7fb7]
Creating a new SqlSession
Registering transaction synchronization for SqlSession [org.apache.ibatis.session.defaults.DefaultSqlSession@15096b0e]
JDBC Connection [HikariProxyConnection@2108006254 wrapping com.mysql.cj.jdbc.ConnectionImpl@7e615c6a] will be managed by Spring
==>  Preparing: INSERT INTO `tb_post` (content, author_id, publish_at, last_update) VALUES (?, ?, ?, ?)
==> Parameters: 奥运会的赛场上，每一次的射击都是对精准和冷静的追求。(String), 75(Long), 2024-09-28T19:07:45.899967700(LocalDateTime), 2024-09-28T19:07:45.899967700(LocalDateTime)
<==    Updates: 1
Releasing transactional SqlSession [org.apache.ibatis.session.defaults.DefaultSqlSession@15096b0e]
Transaction synchronization committing SqlSession [org.apache.ibatis.session.defaults.DefaultSqlSession@15096b0e]
Transaction synchronization deregistering SqlSession [org.apache.ibatis.session.defaults.DefaultSqlSession@15096b0e]
Transaction synchronization closing SqlSession [org.apache.ibatis.session.defaults.DefaultSqlSession@15096b0e]
Creating a new SqlSession
Registering transaction synchronization for SqlSession [org.apache.ibatis.session.defaults.DefaultSqlSession@6202f8bf]
JDBC Connection [HikariProxyConnection@179672552 wrapping com.mysql.cj.jdbc.ConnectionImpl@7e615c6a] will be managed by Spring
==>  Preparing: INSERT INTO `tb_post` (content, author_id, publish_at, last_update) VALUES (?, ?, ?, ?)
==> Parameters: 奥运会的赛场上，每一次的举重都是对极限和力量的挑战。(String), 14(Long), 2024-09-28T19:07:45.905527800(LocalDateTime), 2024-09-28T19:07:45.905527800(LocalDateTime)
<==    Updates: 1
Releasing transactional SqlSession [org.apache.ibatis.session.defaults.DefaultSqlSession@6202f8bf]
Transaction synchronization committing SqlSession [org.apache.ibatis.session.defaults.DefaultSqlSession@6202f8bf]
Transaction synchronization deregistering SqlSession [org.apache.ibatis.session.defaults.DefaultSqlSession@6202f8bf]
Transaction synchronization closing SqlSession [org.apache.ibatis.session.defaults.DefaultSqlSession@6202f8bf]
Creating a new SqlSession
Registering transaction synchronization for SqlSession [org.apache.ibatis.session.defaults.DefaultSqlSession@3b44ed3c]
JDBC Connection [HikariProxyConnection@1133529071 wrapping com.mysql.cj.jdbc.ConnectionImpl@7e615c6a] will be managed by Spring
==>  Preparing: INSERT INTO `tb_post` (content, author_id, publish_at, last_update) VALUES (?, ?, ?, ?)
==> Parameters: 奥运会的赛场上，每一次的铁人三项都是对运动员全面能力的考验。(String), 70(Long), 2024-09-28T19:07:45.915383200(LocalDateTime), 2024-09-28T19:07:45.915383200(LocalDateTime)
<==    Updates: 1
Releasing transactional SqlSession [org.apache.ibatis.session.defaults.DefaultSqlSession@3b44ed3c]
Transaction synchronization committing SqlSession [org.apache.ibatis.session.defaults.DefaultSqlSession@3b44ed3c]
Transaction synchronization deregistering SqlSession [org.apache.ibatis.session.defaults.DefaultSqlSession@3b44ed3c]
Transaction synchronization closing SqlSession [org.apache.ibatis.session.defaults.DefaultSqlSession@3b44ed3c]
Creating a new SqlSession
Registering transaction synchronization for SqlSession [org.apache.ibatis.session.defaults.DefaultSqlSession@3e3d8e6c]
JDBC Connection [HikariProxyConnection@489480245 wrapping com.mysql.cj.jdbc.ConnectionImpl@7e615c6a] will be managed by Spring
==>  Preparing: INSERT INTO `tb_post` (content, author_id, publish_at, last_update) VALUES (?, ?, ?, ?)
==> Parameters: 奥运会的赛场上，每一次的皮划艇都是对速度和协调的追求。(String), 63(Long), 2024-09-28T19:07:45.925088500(LocalDateTime), 2024-09-28T19:07:45.925088500(LocalDateTime)
<==    Updates: 1
Releasing transactional SqlSession [org.apache.ibatis.session.defaults.DefaultSqlSession@3e3d8e6c]
Transaction synchronization committing SqlSession [org.apache.ibatis.session.defaults.DefaultSqlSession@3e3d8e6c]
Transaction synchronization deregistering SqlSession [org.apache.ibatis.session.defaults.DefaultSqlSession@3e3d8e6c]
Transaction synchronization closing SqlSession [org.apache.ibatis.session.defaults.DefaultSqlSession@3e3d8e6c]
Creating a new SqlSession
Registering transaction synchronization for SqlSession [org.apache.ibatis.session.defaults.DefaultSqlSession@5f6b1f19]
JDBC Connection [HikariProxyConnection@218002096 wrapping com.mysql.cj.jdbc.ConnectionImpl@7e615c6a] will be managed by Spring
==>  Preparing: INSERT INTO `tb_post` (content, author_id, publish_at, last_update) VALUES (?, ?, ?, ?)
==> Parameters: 奥运会的赛场上，每一次的赛艇都是对团队精神和节奏的展现。(String), 25(Long), 2024-09-28T19:07:45.932150500(LocalDateTime), 2024-09-28T19:07:45.932150500(LocalDateTime)
<==    Updates: 1
Releasing transactional SqlSession [org.apache.ibatis.session.defaults.DefaultSqlSession@5f6b1f19]
Transaction synchronization committing SqlSession [org.apache.ibatis.session.defaults.DefaultSqlSession@5f6b1f19]
Transaction synchronization deregistering SqlSession [org.apache.ibatis.session.defaults.DefaultSqlSession@5f6b1f19]
Transaction synchronization closing SqlSession [org.apache.ibatis.session.defaults.DefaultSqlSession@5f6b1f19]
Creating a new SqlSession
Registering transaction synchronization for SqlSession [org.apache.ibatis.session.defaults.DefaultSqlSession@531bfe4b]
JDBC Connection [HikariProxyConnection@1999836215 wrapping com.mysql.cj.jdbc.ConnectionImpl@7e615c6a] will be managed by Spring
==>  Preparing: INSERT INTO `tb_post` (content, author_id, publish_at, last_update) VALUES (?, ?, ?, ?)
==> Parameters: 最新研究发现：深海微生物可能有助于开发新型抗生素。(String), 85(Long), 2024-09-28T19:07:45.944702(LocalDateTime), 2024-09-28T19:07:45.944702(LocalDateTime)
<==    Updates: 1
Releasing transactional SqlSession [org.apache.ibatis.session.defaults.DefaultSqlSession@531bfe4b]
Transaction synchronization committing SqlSession [org.apache.ibatis.session.defaults.DefaultSqlSession@531bfe4b]
Transaction synchronization deregistering SqlSession [org.apache.ibatis.session.defaults.DefaultSqlSession@531bfe4b]
Transaction synchronization closing SqlSession [org.apache.ibatis.session.defaults.DefaultSqlSession@531bfe4b]
Creating a new SqlSession
Registering transaction synchronization for SqlSession [org.apache.ibatis.session.defaults.DefaultSqlSession@525c0f74]
JDBC Connection [HikariProxyConnection@1689316426 wrapping com.mysql.cj.jdbc.ConnectionImpl@7e615c6a] will be managed by Spring
==>  Preparing: INSERT INTO `tb_post` (content, author_id, publish_at, last_update) VALUES (?, ?, ?, ?)
==> Parameters: 本地企业家启动新项目，旨在减少城市交通拥堵。(String), 17(Long), 2024-09-28T19:07:45.949727500(LocalDateTime), 2024-09-28T19:07:45.949727500(LocalDateTime)
<==    Updates: 1
Releasing transactional SqlSession [org.apache.ibatis.session.defaults.DefaultSqlSession@525c0f74]
Transaction synchronization committing SqlSession [org.apache.ibatis.session.defaults.DefaultSqlSession@525c0f74]
Transaction synchronization deregistering SqlSession [org.apache.ibatis.session.defaults.DefaultSqlSession@525c0f74]
Transaction synchronization closing SqlSession [org.apache.ibatis.session.defaults.DefaultSqlSession@525c0f74]
Creating a new SqlSession
Registering transaction synchronization for SqlSession [org.apache.ibatis.session.defaults.DefaultSqlSession@1dc9e4d2]
JDBC Connection [HikariProxyConnection@1102860315 wrapping com.mysql.cj.jdbc.ConnectionImpl@7e615c6a] will be managed by Spring
==>  Preparing: INSERT INTO `tb_post` (content, author_id, publish_at, last_update) VALUES (?, ?, ?, ?)
==> Parameters: 科学家警告：全球变暖可能导致极端天气事件频发。(String), 22(Long), 2024-09-28T19:07:45.959848800(LocalDateTime), 2024-09-28T19:07:45.959848800(LocalDateTime)
<==    Updates: 1
Releasing transactional SqlSession [org.apache.ibatis.session.defaults.DefaultSqlSession@1dc9e4d2]
Transaction synchronization committing SqlSession [org.apache.ibatis.session.defaults.DefaultSqlSession@1dc9e4d2]
Transaction synchronization deregistering SqlSession [org.apache.ibatis.session.defaults.DefaultSqlSession@1dc9e4d2]
Transaction synchronization closing SqlSession [org.apache.ibatis.session.defaults.DefaultSqlSession@1dc9e4d2]
Creating a new SqlSession
Registering transaction synchronization for SqlSession [org.apache.ibatis.session.defaults.DefaultSqlSession@89dd102]
JDBC Connection [HikariProxyConnection@1066437136 wrapping com.mysql.cj.jdbc.ConnectionImpl@7e615c6a] will be managed by Spring
==>  Preparing: INSERT INTO `tb_post` (content, author_id, publish_at, last_update) VALUES (?, ?, ?, ?)
==> Parameters: 新技术突破：太阳能电池效率达到历史新高。(String), 3(Long), 2024-09-28T19:07:45.970029600(LocalDateTime), 2024-09-28T19:07:45.970029600(LocalDateTime)
<==    Updates: 1
Releasing transactional SqlSession [org.apache.ibatis.session.defaults.DefaultSqlSession@89dd102]
Transaction synchronization committing SqlSession [org.apache.ibatis.session.defaults.DefaultSqlSession@89dd102]
Transaction synchronization deregistering SqlSession [org.apache.ibatis.session.defaults.DefaultSqlSession@89dd102]
Transaction synchronization closing SqlSession [org.apache.ibatis.session.defaults.DefaultSqlSession@89dd102]
Creating a new SqlSession
Registering transaction synchronization for SqlSession [org.apache.ibatis.session.defaults.DefaultSqlSession@4b517357]
JDBC Connection [HikariProxyConnection@103634455 wrapping com.mysql.cj.jdbc.ConnectionImpl@7e615c6a] will be managed by Spring
==>  Preparing: INSERT INTO `tb_post` (content, author_id, publish_at, last_update) VALUES (?, ?, ?, ?)
==> Parameters: 国际空间站宇航员完成首次全女性太空行走。(String), 41(Long), 2024-09-28T19:07:45.979950500(LocalDateTime), 2024-09-28T19:07:45.979950500(LocalDateTime)
<==    Updates: 1
Releasing transactional SqlSession [org.apache.ibatis.session.defaults.DefaultSqlSession@4b517357]
Transaction synchronization committing SqlSession [org.apache.ibatis.session.defaults.DefaultSqlSession@4b517357]
Transaction synchronization deregistering SqlSession [org.apache.ibatis.session.defaults.DefaultSqlSession@4b517357]
Transaction synchronization closing SqlSession [org.apache.ibatis.session.defaults.DefaultSqlSession@4b517357]
Creating a new SqlSession
Registering transaction synchronization for SqlSession [org.apache.ibatis.session.defaults.DefaultSqlSession@6d97a357]
JDBC Connection [HikariProxyConnection@497757429 wrapping com.mysql.cj.jdbc.ConnectionImpl@7e615c6a] will be managed by Spring
==>  Preparing: INSERT INTO `tb_post` (content, author_id, publish_at, last_update) VALUES (?, ?, ?, ?)
==> Parameters: 新政策出台：政府将加大对可再生能源的投资。(String), 84(Long), 2024-09-28T19:07:45.990159200(LocalDateTime), 2024-09-28T19:07:45.990159200(LocalDateTime)
<==    Updates: 1
Releasing transactional SqlSession [org.apache.ibatis.session.defaults.DefaultSqlSession@6d97a357]
Transaction synchronization committing SqlSession [org.apache.ibatis.session.defaults.DefaultSqlSession@6d97a357]
Transaction synchronization deregistering SqlSession [org.apache.ibatis.session.defaults.DefaultSqlSession@6d97a357]
Transaction synchronization closing SqlSession [org.apache.ibatis.session.defaults.DefaultSqlSession@6d97a357]
Creating a new SqlSession
Registering transaction synchronization for SqlSession [org.apache.ibatis.session.defaults.DefaultSqlSession@7e9d171c]
JDBC Connection [HikariProxyConnection@1795102078 wrapping com.mysql.cj.jdbc.ConnectionImpl@7e615c6a] will be managed by Spring
==>  Preparing: INSERT INTO `tb_post` (content, author_id, publish_at, last_update) VALUES (?, ?, ?, ?)
==> Parameters: 本地学校引入创新课程，培养学生的STEM技能。(String), 62(Long), 2024-09-28T19:07:46.000133(LocalDateTime), 2024-09-28T19:07:46.000133(LocalDateTime)
<==    Updates: 1
Releasing transactional SqlSession [org.apache.ibatis.session.defaults.DefaultSqlSession@7e9d171c]
Transaction synchronization committing SqlSession [org.apache.ibatis.session.defaults.DefaultSqlSession@7e9d171c]
Transaction synchronization deregistering SqlSession [org.apache.ibatis.session.defaults.DefaultSqlSession@7e9d171c]
Transaction synchronization closing SqlSession [org.apache.ibatis.session.defaults.DefaultSqlSession@7e9d171c]
Creating a new SqlSession
Registering transaction synchronization for SqlSession [org.apache.ibatis.session.defaults.DefaultSqlSession@6cd1ee]
JDBC Connection [HikariProxyConnection@1770060345 wrapping com.mysql.cj.jdbc.ConnectionImpl@7e615c6a] will be managed by Spring
==>  Preparing: INSERT INTO `tb_post` (content, author_id, publish_at, last_update) VALUES (?, ?, ?, ?)
==> Parameters: 医疗突破：新型疗法为癌症患者带来新希望。(String), 25(Long), 2024-09-28T19:07:46.005428300(LocalDateTime), 2024-09-28T19:07:46.005428300(LocalDateTime)
<==    Updates: 1
Releasing transactional SqlSession [org.apache.ibatis.session.defaults.DefaultSqlSession@6cd1ee]
Transaction synchronization committing SqlSession [org.apache.ibatis.session.defaults.DefaultSqlSession@6cd1ee]
Transaction synchronization deregistering SqlSession [org.apache.ibatis.session.defaults.DefaultSqlSession@6cd1ee]
Transaction synchronization closing SqlSession [org.apache.ibatis.session.defaults.DefaultSqlSession@6cd1ee]
Creating a new SqlSession
Registering transaction synchronization for SqlSession [org.apache.ibatis.session.defaults.DefaultSqlSession@3dedc8b8]
JDBC Connection [HikariProxyConnection@1236745836 wrapping com.mysql.cj.jdbc.ConnectionImpl@7e615c6a] will be managed by Spring
==>  Preparing: INSERT INTO `tb_post` (content, author_id, publish_at, last_update) VALUES (?, ?, ?, ?)
==> Parameters: 考古学家在古埃及遗址发现罕见的法老王陵墓。(String), 42(Long), 2024-09-28T19:07:46.010007900(LocalDateTime), 2024-09-28T19:07:46.010007900(LocalDateTime)
<==    Updates: 1
Releasing transactional SqlSession [org.apache.ibatis.session.defaults.DefaultSqlSession@3dedc8b8]
Transaction synchronization committing SqlSession [org.apache.ibatis.session.defaults.DefaultSqlSession@3dedc8b8]
Transaction synchronization deregistering SqlSession [org.apache.ibatis.session.defaults.DefaultSqlSession@3dedc8b8]
Transaction synchronization closing SqlSession [org.apache.ibatis.session.defaults.DefaultSqlSession@3dedc8b8]
Creating a new SqlSession
Registering transaction synchronization for SqlSession [org.apache.ibatis.session.defaults.DefaultSqlSession@a1c4f69]
JDBC Connection [HikariProxyConnection@2044934146 wrapping com.mysql.cj.jdbc.ConnectionImpl@7e615c6a] will be managed by Spring
==>  Preparing: INSERT INTO `tb_post` (content, author_id, publish_at, last_update) VALUES (?, ?, ?, ?)
==> Parameters: 科技公司发布新款智能手机，功能全面升级。(String), 52(Long), 2024-09-28T19:07:46.016027500(LocalDateTime), 2024-09-28T19:07:46.016027500(LocalDateTime)
<==    Updates: 1
Releasing transactional SqlSession [org.apache.ibatis.session.defaults.DefaultSqlSession@a1c4f69]
Transaction synchronization committing SqlSession [org.apache.ibatis.session.defaults.DefaultSqlSession@a1c4f69]
Transaction synchronization deregistering SqlSession [org.apache.ibatis.session.defaults.DefaultSqlSession@a1c4f69]
Transaction synchronization closing SqlSession [org.apache.ibatis.session.defaults.DefaultSqlSession@a1c4f69]
Creating a new SqlSession
Registering transaction synchronization for SqlSession [org.apache.ibatis.session.defaults.DefaultSqlSession@247877f3]
JDBC Connection [HikariProxyConnection@134250967 wrapping com.mysql.cj.jdbc.ConnectionImpl@7e615c6a] will be managed by Spring
==>  Preparing: INSERT INTO `tb_post` (content, author_id, publish_at, last_update) VALUES (?, ?, ?, ?)
==> Parameters: 环保组织发起清洁行动，保护本地河流免受污染。(String), 46(Long), 2024-09-28T19:07:46.020148600(LocalDateTime), 2024-09-28T19:07:46.020148600(LocalDateTime)
<==    Updates: 1
Releasing transactional SqlSession [org.apache.ibatis.session.defaults.DefaultSqlSession@247877f3]
Transaction synchronization committing SqlSession [org.apache.ibatis.session.defaults.DefaultSqlSession@247877f3]
Transaction synchronization deregistering SqlSession [org.apache.ibatis.session.defaults.DefaultSqlSession@247877f3]
Transaction synchronization closing SqlSession [org.apache.ibatis.session.defaults.DefaultSqlSession@247877f3]
Creating a new SqlSession
Registering transaction synchronization for SqlSession [org.apache.ibatis.session.defaults.DefaultSqlSession@2f16c21f]
JDBC Connection [HikariProxyConnection@1924009991 wrapping com.mysql.cj.jdbc.ConnectionImpl@7e615c6a] will be managed by Spring
==>  Preparing: INSERT INTO `tb_post` (content, author_id, publish_at, last_update) VALUES (?, ?, ?, ?)
==> Parameters: 新研究表明：健康饮食可以显著降低心脏病风险。(String), 55(Long), 2024-09-28T19:07:46.020148600(LocalDateTime), 2024-09-28T19:07:46.020148600(LocalDateTime)
<==    Updates: 1
Releasing transactional SqlSession [org.apache.ibatis.session.defaults.DefaultSqlSession@2f16c21f]
Transaction synchronization committing SqlSession [org.apache.ibatis.session.defaults.DefaultSqlSession@2f16c21f]
Transaction synchronization deregistering SqlSession [org.apache.ibatis.session.defaults.DefaultSqlSession@2f16c21f]
Transaction synchronization closing SqlSession [org.apache.ibatis.session.defaults.DefaultSqlSession@2f16c21f]
Creating a new SqlSession
Registering transaction synchronization for SqlSession [org.apache.ibatis.session.defaults.DefaultSqlSession@58ca1cad]
JDBC Connection [HikariProxyConnection@834072264 wrapping com.mysql.cj.jdbc.ConnectionImpl@7e615c6a] will be managed by Spring
==>  Preparing: INSERT INTO `tb_post` (content, author_id, publish_at, last_update) VALUES (?, ?, ?, ?)
==> Parameters: 国际会议召开，讨论全球经济合作与发展。(String), 55(Long), 2024-09-28T19:07:46.031889600(LocalDateTime), 2024-09-28T19:07:46.031889600(LocalDateTime)
<==    Updates: 1
Releasing transactional SqlSession [org.apache.ibatis.session.defaults.DefaultSqlSession@58ca1cad]
Transaction synchronization committing SqlSession [org.apache.ibatis.session.defaults.DefaultSqlSession@58ca1cad]
Transaction synchronization deregistering SqlSession [org.apache.ibatis.session.defaults.DefaultSqlSession@58ca1cad]
Transaction synchronization closing SqlSession [org.apache.ibatis.session.defaults.DefaultSqlSession@58ca1cad]
Creating a new SqlSession
Registering transaction synchronization for SqlSession [org.apache.ibatis.session.defaults.DefaultSqlSession@589a82af]
JDBC Connection [HikariProxyConnection@258597722 wrapping com.mysql.cj.jdbc.ConnectionImpl@7e615c6a] will be managed by Spring
==>  Preparing: INSERT INTO `tb_post` (content, author_id, publish_at, last_update) VALUES (?, ?, ?, ?)
==> Parameters: 本地艺术家举办展览，展示传统与现代艺术的融合。(String), 78(Long), 2024-09-28T19:07:46.031889600(LocalDateTime), 2024-09-28T19:07:46.031889600(LocalDateTime)
<==    Updates: 1
Releasing transactional SqlSession [org.apache.ibatis.session.defaults.DefaultSqlSession@589a82af]
Transaction synchronization committing SqlSession [org.apache.ibatis.session.defaults.DefaultSqlSession@589a82af]
Transaction synchronization deregistering SqlSession [org.apache.ibatis.session.defaults.DefaultSqlSession@589a82af]
Transaction synchronization closing SqlSession [org.apache.ibatis.session.defaults.DefaultSqlSession@589a82af]
Creating a new SqlSession
Registering transaction synchronization for SqlSession [org.apache.ibatis.session.defaults.DefaultSqlSession@59f5a376]
JDBC Connection [HikariProxyConnection@503133749 wrapping com.mysql.cj.jdbc.ConnectionImpl@7e615c6a] will be managed by Spring
==>  Preparing: INSERT INTO `tb_post` (content, author_id, publish_at, last_update) VALUES (?, ?, ?, ?)
==> Parameters: 科学家在南极洲发现新物种，对生物多样性研究具有重要意义。(String), 78(Long), 2024-09-28T19:07:46.039912700(LocalDateTime), 2024-09-28T19:07:46.039912700(LocalDateTime)
<==    Updates: 1
Releasing transactional SqlSession [org.apache.ibatis.session.defaults.DefaultSqlSession@59f5a376]
Transaction synchronization committing SqlSession [org.apache.ibatis.session.defaults.DefaultSqlSession@59f5a376]
Transaction synchronization deregistering SqlSession [org.apache.ibatis.session.defaults.DefaultSqlSession@59f5a376]
Transaction synchronization closing SqlSession [org.apache.ibatis.session.defaults.DefaultSqlSession@59f5a376]
Creating a new SqlSession
Registering transaction synchronization for SqlSession [org.apache.ibatis.session.defaults.DefaultSqlSession@54a7d1b9]
JDBC Connection [HikariProxyConnection@202051758 wrapping com.mysql.cj.jdbc.ConnectionImpl@7e615c6a] will be managed by Spring
==>  Preparing: INSERT INTO `tb_post` (content, author_id, publish_at, last_update) VALUES (?, ?, ?, ?)
==> Parameters: 政府推出新计划，旨在提高国民的健康和福祉。(String), 67(Long), 2024-09-28T19:07:46.049813300(LocalDateTime), 2024-09-28T19:07:46.049813300(LocalDateTime)
<==    Updates: 1
Releasing transactional SqlSession [org.apache.ibatis.session.defaults.DefaultSqlSession@54a7d1b9]
Transaction synchronization committing SqlSession [org.apache.ibatis.session.defaults.DefaultSqlSession@54a7d1b9]
Transaction synchronization deregistering SqlSession [org.apache.ibatis.session.defaults.DefaultSqlSession@54a7d1b9]
Transaction synchronization closing SqlSession [org.apache.ibatis.session.defaults.DefaultSqlSession@54a7d1b9]
Creating a new SqlSession
Registering transaction synchronization for SqlSession [org.apache.ibatis.session.defaults.DefaultSqlSession@31887330]
JDBC Connection [HikariProxyConnection@2075455645 wrapping com.mysql.cj.jdbc.ConnectionImpl@7e615c6a] will be managed by Spring
==>  Preparing: INSERT INTO `tb_post` (content, author_id, publish_at, last_update) VALUES (?, ?, ?, ?)
==> Parameters: 新型电动汽车上市，续航里程创行业纪录。(String), 68(Long), 2024-09-28T19:07:46.049813300(LocalDateTime), 2024-09-28T19:07:46.049813300(LocalDateTime)
<==    Updates: 1
Releasing transactional SqlSession [org.apache.ibatis.session.defaults.DefaultSqlSession@31887330]
Transaction synchronization committing SqlSession [org.apache.ibatis.session.defaults.DefaultSqlSession@31887330]
Transaction synchronization deregistering SqlSession [org.apache.ibatis.session.defaults.DefaultSqlSession@31887330]
Transaction synchronization closing SqlSession [org.apache.ibatis.session.defaults.DefaultSqlSession@31887330]
Creating a new SqlSession
Registering transaction synchronization for SqlSession [org.apache.ibatis.session.defaults.DefaultSqlSession@d79a69b]
JDBC Connection [HikariProxyConnection@1650994894 wrapping com.mysql.cj.jdbc.ConnectionImpl@7e615c6a] will be managed by Spring
==>  Preparing: INSERT INTO `tb_post` (content, author_id, publish_at, last_update) VALUES (?, ?, ?, ?)
==> Parameters: 本地社区中心举办免费健康检查活动。(String), 27(Long), 2024-09-28T19:07:46.060052600(LocalDateTime), 2024-09-28T19:07:46.060052600(LocalDateTime)
<==    Updates: 1
Releasing transactional SqlSession [org.apache.ibatis.session.defaults.DefaultSqlSession@d79a69b]
Transaction synchronization committing SqlSession [org.apache.ibatis.session.defaults.DefaultSqlSession@d79a69b]
Transaction synchronization deregistering SqlSession [org.apache.ibatis.session.defaults.DefaultSqlSession@d79a69b]
Transaction synchronization closing SqlSession [org.apache.ibatis.session.defaults.DefaultSqlSession@d79a69b]
Creating a new SqlSession
Registering transaction synchronization for SqlSession [org.apache.ibatis.session.defaults.DefaultSqlSession@19bad88]
JDBC Connection [HikariProxyConnection@21531932 wrapping com.mysql.cj.jdbc.ConnectionImpl@7e615c6a] will be managed by Spring
==>  Preparing: INSERT INTO `tb_post` (content, author_id, publish_at, last_update) VALUES (?, ?, ?, ?)
==> Parameters: 国际研究团队在治疗阿尔茨海默病方面取得进展。(String), 20(Long), 2024-09-28T19:07:46.060052600(LocalDateTime), 2024-09-28T19:07:46.060052600(LocalDateTime)
<==    Updates: 1
Releasing transactional SqlSession [org.apache.ibatis.session.defaults.DefaultSqlSession@19bad88]
Transaction synchronization committing SqlSession [org.apache.ibatis.session.defaults.DefaultSqlSession@19bad88]
Transaction synchronization deregistering SqlSession [org.apache.ibatis.session.defaults.DefaultSqlSession@19bad88]
Transaction synchronization closing SqlSession [org.apache.ibatis.session.defaults.DefaultSqlSession@19bad88]
Creating a new SqlSession
Registering transaction synchronization for SqlSession [org.apache.ibatis.session.defaults.DefaultSqlSession@4250b0c1]
JDBC Connection [HikariProxyConnection@38578816 wrapping com.mysql.cj.jdbc.ConnectionImpl@7e615c6a] will be managed by Spring
==>  Preparing: INSERT INTO `tb_post` (content, author_id, publish_at, last_update) VALUES (?, ?, ?, ?)
==> Parameters: 科技公司宣布新合作，共同开发人工智能技术。(String), 5(Long), 2024-09-28T19:07:46.069950100(LocalDateTime), 2024-09-28T19:07:46.069950100(LocalDateTime)
<==    Updates: 1
Releasing transactional SqlSession [org.apache.ibatis.session.defaults.DefaultSqlSession@4250b0c1]
Transaction synchronization committing SqlSession [org.apache.ibatis.session.defaults.DefaultSqlSession@4250b0c1]
Transaction synchronization deregistering SqlSession [org.apache.ibatis.session.defaults.DefaultSqlSession@4250b0c1]
Transaction synchronization closing SqlSession [org.apache.ibatis.session.defaults.DefaultSqlSession@4250b0c1]
Creating a new SqlSession
Registering transaction synchronization for SqlSession [org.apache.ibatis.session.defaults.DefaultSqlSession@6ce1cc03]
JDBC Connection [HikariProxyConnection@409286572 wrapping com.mysql.cj.jdbc.ConnectionImpl@7e615c6a] will be managed by Spring
==>  Preparing: INSERT INTO `tb_post` (content, author_id, publish_at, last_update) VALUES (?, ?, ?, ?)
==> Parameters: 本地图书馆举办阅读推广活动，鼓励儿童阅读。(String), 36(Long), 2024-09-28T19:07:46.069950100(LocalDateTime), 2024-09-28T19:07:46.069950100(LocalDateTime)
<==    Updates: 1
Releasing transactional SqlSession [org.apache.ibatis.session.defaults.DefaultSqlSession@6ce1cc03]
Transaction synchronization committing SqlSession [org.apache.ibatis.session.defaults.DefaultSqlSession@6ce1cc03]
Transaction synchronization deregistering SqlSession [org.apache.ibatis.session.defaults.DefaultSqlSession@6ce1cc03]
Transaction synchronization closing SqlSession [org.apache.ibatis.session.defaults.DefaultSqlSession@6ce1cc03]
Creating a new SqlSession
Registering transaction synchronization for SqlSession [org.apache.ibatis.session.defaults.DefaultSqlSession@5dabe7c8]
JDBC Connection [HikariProxyConnection@807166509 wrapping com.mysql.cj.jdbc.ConnectionImpl@7e615c6a] will be managed by Spring
==>  Preparing: INSERT INTO `tb_post` (content, author_id, publish_at, last_update) VALUES (?, ?, ?, ?)
==> Parameters: 新研究表明：适量运动有助于提高工作效率。(String), 4(Long), 2024-09-28T19:07:46.080148800(LocalDateTime), 2024-09-28T19:07:46.080148800(LocalDateTime)
<==    Updates: 1
Releasing transactional SqlSession [org.apache.ibatis.session.defaults.DefaultSqlSession@5dabe7c8]
Transaction synchronization committing SqlSession [org.apache.ibatis.session.defaults.DefaultSqlSession@5dabe7c8]
Transaction synchronization deregistering SqlSession [org.apache.ibatis.session.defaults.DefaultSqlSession@5dabe7c8]
Transaction synchronization closing SqlSession [org.apache.ibatis.session.defaults.DefaultSqlSession@5dabe7c8]
Creating a new SqlSession
Registering transaction synchronization for SqlSession [org.apache.ibatis.session.defaults.DefaultSqlSession@69860811]
JDBC Connection [HikariProxyConnection@726037979 wrapping com.mysql.cj.jdbc.ConnectionImpl@7e615c6a] will be managed by Spring
==>  Preparing: INSERT INTO `tb_post` (content, author_id, publish_at, last_update) VALUES (?, ?, ?, ?)
==> Parameters: 政府投资新基础设施项目，以促进地区经济发展。(String), 76(Long), 2024-09-28T19:07:46.090203600(LocalDateTime), 2024-09-28T19:07:46.090203600(LocalDateTime)
<==    Updates: 1
Releasing transactional SqlSession [org.apache.ibatis.session.defaults.DefaultSqlSession@69860811]
Transaction synchronization committing SqlSession [org.apache.ibatis.session.defaults.DefaultSqlSession@69860811]
Transaction synchronization deregistering SqlSession [org.apache.ibatis.session.defaults.DefaultSqlSession@69860811]
Transaction synchronization closing SqlSession [org.apache.ibatis.session.defaults.DefaultSqlSession@69860811]
Creating a new SqlSession
Registering transaction synchronization for SqlSession [org.apache.ibatis.session.defaults.DefaultSqlSession@22decfa2]
JDBC Connection [HikariProxyConnection@545714998 wrapping com.mysql.cj.jdbc.ConnectionImpl@7e615c6a] will be managed by Spring
==>  Preparing: INSERT INTO `tb_post` (content, author_id, publish_at, last_update) VALUES (?, ?, ?, ?)
==> Parameters: 本地动物园引进濒危物种，加强保护和研究工作。(String), 53(Long), 2024-09-28T19:07:46.099788100(LocalDateTime), 2024-09-28T19:07:46.099788100(LocalDateTime)
<==    Updates: 1
Releasing transactional SqlSession [org.apache.ibatis.session.defaults.DefaultSqlSession@22decfa2]
Transaction synchronization committing SqlSession [org.apache.ibatis.session.defaults.DefaultSqlSession@22decfa2]
Transaction synchronization deregistering SqlSession [org.apache.ibatis.session.defaults.DefaultSqlSession@22decfa2]
Transaction synchronization closing SqlSession [org.apache.ibatis.session.defaults.DefaultSqlSession@22decfa2]
Creating a new SqlSession
Registering transaction synchronization for SqlSession [org.apache.ibatis.session.defaults.DefaultSqlSession@3445341]
JDBC Connection [HikariProxyConnection@822130127 wrapping com.mysql.cj.jdbc.ConnectionImpl@7e615c6a] will be managed by Spring
==>  Preparing: INSERT INTO `tb_post` (content, author_id, publish_at, last_update) VALUES (?, ?, ?, ?)
==> Parameters: 国际科学家团队在量子计算领域取得重大突破。(String), 22(Long), 2024-09-28T19:07:46.109796600(LocalDateTime), 2024-09-28T19:07:46.109796600(LocalDateTime)
<==    Updates: 1
Releasing transactional SqlSession [org.apache.ibatis.session.defaults.DefaultSqlSession@3445341]
Transaction synchronization committing SqlSession [org.apache.ibatis.session.defaults.DefaultSqlSession@3445341]
Transaction synchronization deregistering SqlSession [org.apache.ibatis.session.defaults.DefaultSqlSession@3445341]
Transaction synchronization closing SqlSession [org.apache.ibatis.session.defaults.DefaultSqlSession@3445341]
Creating a new SqlSession
Registering transaction synchronization for SqlSession [org.apache.ibatis.session.defaults.DefaultSqlSession@2e93f91d]
JDBC Connection [HikariProxyConnection@346413038 wrapping com.mysql.cj.jdbc.ConnectionImpl@7e615c6a] will be managed by Spring
==>  Preparing: INSERT INTO `tb_post` (content, author_id, publish_at, last_update) VALUES (?, ?, ?, ?)
==> Parameters: 新法律通过，加强了对消费者隐私权的保护。(String), 82(Long), 2024-09-28T19:07:46.119727700(LocalDateTime), 2024-09-28T19:07:46.119727700(LocalDateTime)
<==    Updates: 1
Releasing transactional SqlSession [org.apache.ibatis.session.defaults.DefaultSqlSession@2e93f91d]
Transaction synchronization committing SqlSession [org.apache.ibatis.session.defaults.DefaultSqlSession@2e93f91d]
Transaction synchronization deregistering SqlSession [org.apache.ibatis.session.defaults.DefaultSqlSession@2e93f91d]
Transaction synchronization closing SqlSession [org.apache.ibatis.session.defaults.DefaultSqlSession@2e93f91d]
Creating a new SqlSession
Registering transaction synchronization for SqlSession [org.apache.ibatis.session.defaults.DefaultSqlSession@20331c8e]
JDBC Connection [HikariProxyConnection@460206830 wrapping com.mysql.cj.jdbc.ConnectionImpl@7e615c6a] will be managed by Spring
==>  Preparing: INSERT INTO `tb_post` (content, author_id, publish_at, last_update) VALUES (?, ?, ?, ?)
==> Parameters: 本地医院引进先进医疗设备，提高诊疗水平。(String), 93(Long), 2024-09-28T19:07:46.131796300(LocalDateTime), 2024-09-28T19:07:46.131796300(LocalDateTime)
<==    Updates: 1
Releasing transactional SqlSession [org.apache.ibatis.session.defaults.DefaultSqlSession@20331c8e]
Transaction synchronization committing SqlSession [org.apache.ibatis.session.defaults.DefaultSqlSession@20331c8e]
Transaction synchronization deregistering SqlSession [org.apache.ibatis.session.defaults.DefaultSqlSession@20331c8e]
Transaction synchronization closing SqlSession [org.apache.ibatis.session.defaults.DefaultSqlSession@20331c8e]
Creating a new SqlSession
Registering transaction synchronization for SqlSession [org.apache.ibatis.session.defaults.DefaultSqlSession@46d83ec4]
JDBC Connection [HikariProxyConnection@960609751 wrapping com.mysql.cj.jdbc.ConnectionImpl@7e615c6a] will be managed by Spring
==>  Preparing: INSERT INTO `tb_post` (content, author_id, publish_at, last_update) VALUES (?, ?, ?, ?)
==> Parameters: 国际合作项目启动，旨在解决全球水资源短缺问题。(String), 35(Long), 2024-09-28T19:07:46.139809800(LocalDateTime), 2024-09-28T19:07:46.139809800(LocalDateTime)
<==    Updates: 1
Releasing transactional SqlSession [org.apache.ibatis.session.defaults.DefaultSqlSession@46d83ec4]
Transaction synchronization committing SqlSession [org.apache.ibatis.session.defaults.DefaultSqlSession@46d83ec4]
Transaction synchronization deregistering SqlSession [org.apache.ibatis.session.defaults.DefaultSqlSession@46d83ec4]
Transaction synchronization closing SqlSession [org.apache.ibatis.session.defaults.DefaultSqlSession@46d83ec4]
Creating a new SqlSession
Registering transaction synchronization for SqlSession [org.apache.ibatis.session.defaults.DefaultSqlSession@1e387974]
JDBC Connection [HikariProxyConnection@2087016410 wrapping com.mysql.cj.jdbc.ConnectionImpl@7e615c6a] will be managed by Spring
==>  Preparing: INSERT INTO `tb_post` (content, author_id, publish_at, last_update) VALUES (?, ?, ?, ?)
==> Parameters: 科技公司推出新应用程序，改善用户日常生活。(String), 22(Long), 2024-09-28T19:07:46.149862900(LocalDateTime), 2024-09-28T19:07:46.149862900(LocalDateTime)
<==    Updates: 1
Releasing transactional SqlSession [org.apache.ibatis.session.defaults.DefaultSqlSession@1e387974]
Transaction synchronization committing SqlSession [org.apache.ibatis.session.defaults.DefaultSqlSession@1e387974]
Transaction synchronization deregistering SqlSession [org.apache.ibatis.session.defaults.DefaultSqlSession@1e387974]
Transaction synchronization closing SqlSession [org.apache.ibatis.session.defaults.DefaultSqlSession@1e387974]
Creating a new SqlSession
Registering transaction synchronization for SqlSession [org.apache.ibatis.session.defaults.DefaultSqlSession@d91e8c7]
JDBC Connection [HikariProxyConnection@1711349692 wrapping com.mysql.cj.jdbc.ConnectionImpl@7e615c6a] will be managed by Spring
==>  Preparing: INSERT INTO `tb_post` (content, author_id, publish_at, last_update) VALUES (?, ?, ?, ?)
==> Parameters: 本地政府推出新计划，支持小型企业发展。(String), 10(Long), 2024-09-28T19:07:46.159803100(LocalDateTime), 2024-09-28T19:07:46.159803100(LocalDateTime)
<==    Updates: 1
Releasing transactional SqlSession [org.apache.ibatis.session.defaults.DefaultSqlSession@d91e8c7]
Transaction synchronization committing SqlSession [org.apache.ibatis.session.defaults.DefaultSqlSession@d91e8c7]
Transaction synchronization deregistering SqlSession [org.apache.ibatis.session.defaults.DefaultSqlSession@d91e8c7]
Transaction synchronization closing SqlSession [org.apache.ibatis.session.defaults.DefaultSqlSession@d91e8c7]
Creating a new SqlSession
Registering transaction synchronization for SqlSession [org.apache.ibatis.session.defaults.DefaultSqlSession@4b718c45]
JDBC Connection [HikariProxyConnection@739971314 wrapping com.mysql.cj.jdbc.ConnectionImpl@7e615c6a] will be managed by Spring
==>  Preparing: INSERT INTO `tb_post` (content, author_id, publish_at, last_update) VALUES (?, ?, ?, ?)
==> Parameters: 新研究表明：城市绿化有助于降低居民压力水平。(String), 72(Long), 2024-09-28T19:07:46.170064400(LocalDateTime), 2024-09-28T19:07:46.170064400(LocalDateTime)
<==    Updates: 1
Releasing transactional SqlSession [org.apache.ibatis.session.defaults.DefaultSqlSession@4b718c45]
Transaction synchronization committing SqlSession [org.apache.ibatis.session.defaults.DefaultSqlSession@4b718c45]
Transaction synchronization deregistering SqlSession [org.apache.ibatis.session.defaults.DefaultSqlSession@4b718c45]
Transaction synchronization closing SqlSession [org.apache.ibatis.session.defaults.DefaultSqlSession@4b718c45]
Creating a new SqlSession
Registering transaction synchronization for SqlSession [org.apache.ibatis.session.defaults.DefaultSqlSession@71eead09]
JDBC Connection [HikariProxyConnection@308784574 wrapping com.mysql.cj.jdbc.ConnectionImpl@7e615c6a] will be managed by Spring
==>  Preparing: INSERT INTO `tb_post` (content, author_id, publish_at, last_update) VALUES (?, ?, ?, ?)
==> Parameters: 国际体育赛事将在本市举行，预计将吸引数万观众。(String), 59(Long), 2024-09-28T19:07:46.179686400(LocalDateTime), 2024-09-28T19:07:46.179686400(LocalDateTime)
<==    Updates: 1
Releasing transactional SqlSession [org.apache.ibatis.session.defaults.DefaultSqlSession@71eead09]
Transaction synchronization committing SqlSession [org.apache.ibatis.session.defaults.DefaultSqlSession@71eead09]
Transaction synchronization deregistering SqlSession [org.apache.ibatis.session.defaults.DefaultSqlSession@71eead09]
Transaction synchronization closing SqlSession [org.apache.ibatis.session.defaults.DefaultSqlSession@71eead09]
Creating a new SqlSession
Registering transaction synchronization for SqlSession [org.apache.ibatis.session.defaults.DefaultSqlSession@53ce27fa]
JDBC Connection [HikariProxyConnection@448233725 wrapping com.mysql.cj.jdbc.ConnectionImpl@7e615c6a] will be managed by Spring
==>  Preparing: INSERT INTO `tb_post` (content, author_id, publish_at, last_update) VALUES (?, ?, ?, ?)
==> Parameters: 政府推出新教育政策，旨在提高学生的科学素养。(String), 19(Long), 2024-09-28T19:07:46.189929300(LocalDateTime), 2024-09-28T19:07:46.189929300(LocalDateTime)
<==    Updates: 1
Releasing transactional SqlSession [org.apache.ibatis.session.defaults.DefaultSqlSession@53ce27fa]
Transaction synchronization committing SqlSession [org.apache.ibatis.session.defaults.DefaultSqlSession@53ce27fa]
Transaction synchronization deregistering SqlSession [org.apache.ibatis.session.defaults.DefaultSqlSession@53ce27fa]
Transaction synchronization closing SqlSession [org.apache.ibatis.session.defaults.DefaultSqlSession@53ce27fa]
Creating a new SqlSession
Registering transaction synchronization for SqlSession [org.apache.ibatis.session.defaults.DefaultSqlSession@6e4ac3f5]
JDBC Connection [HikariProxyConnection@395888457 wrapping com.mysql.cj.jdbc.ConnectionImpl@7e615c6a] will be managed by Spring
==>  Preparing: INSERT INTO `tb_post` (content, author_id, publish_at, last_update) VALUES (?, ?, ?, ?)
==> Parameters: 本地博物馆举办特别展览，探索古代文明。(String), 49(Long), 2024-09-28T19:07:46.199773500(LocalDateTime), 2024-09-28T19:07:46.199773500(LocalDateTime)
<==    Updates: 1
Releasing transactional SqlSession [org.apache.ibatis.session.defaults.DefaultSqlSession@6e4ac3f5]
Transaction synchronization committing SqlSession [org.apache.ibatis.session.defaults.DefaultSqlSession@6e4ac3f5]
Transaction synchronization deregistering SqlSession [org.apache.ibatis.session.defaults.DefaultSqlSession@6e4ac3f5]
Transaction synchronization closing SqlSession [org.apache.ibatis.session.defaults.DefaultSqlSession@6e4ac3f5]
Creating a new SqlSession
Registering transaction synchronization for SqlSession [org.apache.ibatis.session.defaults.DefaultSqlSession@624268ab]
JDBC Connection [HikariProxyConnection@913086738 wrapping com.mysql.cj.jdbc.ConnectionImpl@7e615c6a] will be managed by Spring
==>  Preparing: INSERT INTO `tb_post` (content, author_id, publish_at, last_update) VALUES (?, ?, ?, ?)
==> Parameters: 科技公司宣布新投资，以扩大其在本地的业务。(String), 51(Long), 2024-09-28T19:07:46.205787400(LocalDateTime), 2024-09-28T19:07:46.205787400(LocalDateTime)
<==    Updates: 1
Releasing transactional SqlSession [org.apache.ibatis.session.defaults.DefaultSqlSession@624268ab]
Transaction synchronization committing SqlSession [org.apache.ibatis.session.defaults.DefaultSqlSession@624268ab]
Transaction synchronization deregistering SqlSession [org.apache.ibatis.session.defaults.DefaultSqlSession@624268ab]
Transaction synchronization closing SqlSession [org.apache.ibatis.session.defaults.DefaultSqlSession@624268ab]
Creating a new SqlSession
Registering transaction synchronization for SqlSession [org.apache.ibatis.session.defaults.DefaultSqlSession@2a3c3a04]
JDBC Connection [HikariProxyConnection@1177088902 wrapping com.mysql.cj.jdbc.ConnectionImpl@7e615c6a] will be managed by Spring
==>  Preparing: INSERT INTO `tb_post` (content, author_id, publish_at, last_update) VALUES (?, ?, ?, ?)
==> Parameters: 新研究表明：社交互动对老年人的心理健康至关重要。(String), 82(Long), 2024-09-28T19:07:46.209800700(LocalDateTime), 2024-09-28T19:07:46.209800700(LocalDateTime)
<==    Updates: 1
Releasing transactional SqlSession [org.apache.ibatis.session.defaults.DefaultSqlSession@2a3c3a04]
Transaction synchronization committing SqlSession [org.apache.ibatis.session.defaults.DefaultSqlSession@2a3c3a04]
Transaction synchronization deregistering SqlSession [org.apache.ibatis.session.defaults.DefaultSqlSession@2a3c3a04]
Transaction synchronization closing SqlSession [org.apache.ibatis.session.defaults.DefaultSqlSession@2a3c3a04]
Creating a new SqlSession
Registering transaction synchronization for SqlSession [org.apache.ibatis.session.defaults.DefaultSqlSession@5ff12345]
JDBC Connection [HikariProxyConnection@1962781165 wrapping com.mysql.cj.jdbc.ConnectionImpl@7e615c6a] will be managed by Spring
==>  Preparing: INSERT INTO `tb_post` (content, author_id, publish_at, last_update) VALUES (?, ?, ?, ?)
==> Parameters: 政府推出新措施，以减少交通事故和提高道路安全。(String), 9(Long), 2024-09-28T19:07:46.209800700(LocalDateTime), 2024-09-28T19:07:46.209800700(LocalDateTime)
<==    Updates: 1
Releasing transactional SqlSession [org.apache.ibatis.session.defaults.DefaultSqlSession@5ff12345]
Transaction synchronization committing SqlSession [org.apache.ibatis.session.defaults.DefaultSqlSession@5ff12345]
Transaction synchronization deregistering SqlSession [org.apache.ibatis.session.defaults.DefaultSqlSession@5ff12345]
Transaction synchronization closing SqlSession [org.apache.ibatis.session.defaults.DefaultSqlSession@5ff12345]
Creating a new SqlSession
Registering transaction synchronization for SqlSession [org.apache.ibatis.session.defaults.DefaultSqlSession@653a5a]
JDBC Connection [HikariProxyConnection@1294054661 wrapping com.mysql.cj.jdbc.ConnectionImpl@7e615c6a] will be managed by Spring
==>  Preparing: INSERT INTO `tb_post` (content, author_id, publish_at, last_update) VALUES (?, ?, ?, ?)
==> Parameters: 本地剧院上演经典剧目，受到观众热烈欢迎。(String), 31(Long), 2024-09-28T19:07:46.221857100(LocalDateTime), 2024-09-28T19:07:46.221857100(LocalDateTime)
<==    Updates: 1
Releasing transactional SqlSession [org.apache.ibatis.session.defaults.DefaultSqlSession@653a5a]
Transaction synchronization committing SqlSession [org.apache.ibatis.session.defaults.DefaultSqlSession@653a5a]
Transaction synchronization deregistering SqlSession [org.apache.ibatis.session.defaults.DefaultSqlSession@653a5a]
Transaction synchronization closing SqlSession [org.apache.ibatis.session.defaults.DefaultSqlSession@653a5a]
Creating a new SqlSession
Registering transaction synchronization for SqlSession [org.apache.ibatis.session.defaults.DefaultSqlSession@62129f97]
JDBC Connection [HikariProxyConnection@273964290 wrapping com.mysql.cj.jdbc.ConnectionImpl@7e615c6a] will be managed by Spring
==>  Preparing: INSERT INTO `tb_post` (content, author_id, publish_at, last_update) VALUES (?, ?, ?, ?)
==> Parameters: 国际环保组织呼吁采取行动，应对气候变化。(String), 81(Long), 2024-09-28T19:07:46.221857100(LocalDateTime), 2024-09-28T19:07:46.221857100(LocalDateTime)
<==    Updates: 1
Releasing transactional SqlSession [org.apache.ibatis.session.defaults.DefaultSqlSession@62129f97]
Transaction synchronization committing SqlSession [org.apache.ibatis.session.defaults.DefaultSqlSession@62129f97]
Transaction synchronization deregistering SqlSession [org.apache.ibatis.session.defaults.DefaultSqlSession@62129f97]
Transaction synchronization closing SqlSession [org.apache.ibatis.session.defaults.DefaultSqlSession@62129f97]
Creating a new SqlSession
Registering transaction synchronization for SqlSession [org.apache.ibatis.session.defaults.DefaultSqlSession@7154a248]
JDBC Connection [HikariProxyConnection@624130540 wrapping com.mysql.cj.jdbc.ConnectionImpl@7e615c6a] will be managed by Spring
==>  Preparing: INSERT INTO `tb_post` (content, author_id, publish_at, last_update) VALUES (?, ?, ?, ?)
==> Parameters: 科技公司发布新报告，展示其在可持续发展方面的进展。(String), 80(Long), 2024-09-28T19:07:46.230035500(LocalDateTime), 2024-09-28T19:07:46.230035500(LocalDateTime)
<==    Updates: 1
Releasing transactional SqlSession [org.apache.ibatis.session.defaults.DefaultSqlSession@7154a248]
Transaction synchronization committing SqlSession [org.apache.ibatis.session.defaults.DefaultSqlSession@7154a248]
Transaction synchronization deregistering SqlSession [org.apache.ibatis.session.defaults.DefaultSqlSession@7154a248]
Transaction synchronization closing SqlSession [org.apache.ibatis.session.defaults.DefaultSqlSession@7154a248]
Creating a new SqlSession
Registering transaction synchronization for SqlSession [org.apache.ibatis.session.defaults.DefaultSqlSession@367653cc]
JDBC Connection [HikariProxyConnection@1281995670 wrapping com.mysql.cj.jdbc.ConnectionImpl@7e615c6a] will be managed by Spring
==>  Preparing: INSERT INTO `tb_post` (content, author_id, publish_at, last_update) VALUES (?, ?, ?, ?)
==> Parameters: 本地学校开展环保活动，教育学生保护环境。(String), 9(Long), 2024-09-28T19:07:46.240095900(LocalDateTime), 2024-09-28T19:07:46.240095900(LocalDateTime)
<==    Updates: 1
Releasing transactional SqlSession [org.apache.ibatis.session.defaults.DefaultSqlSession@367653cc]
Transaction synchronization committing SqlSession [org.apache.ibatis.session.defaults.DefaultSqlSession@367653cc]
Transaction synchronization deregistering SqlSession [org.apache.ibatis.session.defaults.DefaultSqlSession@367653cc]
Transaction synchronization closing SqlSession [org.apache.ibatis.session.defaults.DefaultSqlSession@367653cc]
Creating a new SqlSession
Registering transaction synchronization for SqlSession [org.apache.ibatis.session.defaults.DefaultSqlSession@60c33609]
JDBC Connection [HikariProxyConnection@586261312 wrapping com.mysql.cj.jdbc.ConnectionImpl@7e615c6a] will be managed by Spring
==>  Preparing: INSERT INTO `tb_post` (content, author_id, publish_at, last_update) VALUES (?, ?, ?, ?)
==> Parameters: 新药物试验成功，为治疗罕见疾病带来希望。(String), 5(Long), 2024-09-28T19:07:46.240095900(LocalDateTime), 2024-09-28T19:07:46.240095900(LocalDateTime)
<==    Updates: 1
Releasing transactional SqlSession [org.apache.ibatis.session.defaults.DefaultSqlSession@60c33609]
Transaction synchronization committing SqlSession [org.apache.ibatis.session.defaults.DefaultSqlSession@60c33609]
Transaction synchronization deregistering SqlSession [org.apache.ibatis.session.defaults.DefaultSqlSession@60c33609]
Transaction synchronization closing SqlSession [org.apache.ibatis.session.defaults.DefaultSqlSession@60c33609]
Creating a new SqlSession
Registering transaction synchronization for SqlSession [org.apache.ibatis.session.defaults.DefaultSqlSession@25291901]
JDBC Connection [HikariProxyConnection@1880725225 wrapping com.mysql.cj.jdbc.ConnectionImpl@7e615c6a] will be managed by Spring
==>  Preparing: INSERT INTO `tb_post` (content, author_id, publish_at, last_update) VALUES (?, ?, ?, ?)
==> Parameters: 政府推出新计划，以支持农业和农村发展。(String), 29(Long), 2024-09-28T19:07:46.250225600(LocalDateTime), 2024-09-28T19:07:46.250225600(LocalDateTime)
<==    Updates: 1
Releasing transactional SqlSession [org.apache.ibatis.session.defaults.DefaultSqlSession@25291901]
Transaction synchronization committing SqlSession [org.apache.ibatis.session.defaults.DefaultSqlSession@25291901]
Transaction synchronization deregistering SqlSession [org.apache.ibatis.session.defaults.DefaultSqlSession@25291901]
Transaction synchronization closing SqlSession [org.apache.ibatis.session.defaults.DefaultSqlSession@25291901]
Creating a new SqlSession
Registering transaction synchronization for SqlSession [org.apache.ibatis.session.defaults.DefaultSqlSession@2e0de20d]
JDBC Connection [HikariProxyConnection@461371 wrapping com.mysql.cj.jdbc.ConnectionImpl@7e615c6a] will be managed by Spring
==>  Preparing: INSERT INTO `tb_post` (content, author_id, publish_at, last_update) VALUES (?, ?, ?, ?)
==> Parameters: 本地艺术家获得国际奖项，表彰其在艺术领域的贡献。(String), 85(Long), 2024-09-28T19:07:46.250225600(LocalDateTime), 2024-09-28T19:07:46.250225600(LocalDateTime)
<==    Updates: 1
Releasing transactional SqlSession [org.apache.ibatis.session.defaults.DefaultSqlSession@2e0de20d]
Transaction synchronization committing SqlSession [org.apache.ibatis.session.defaults.DefaultSqlSession@2e0de20d]
Transaction synchronization deregistering SqlSession [org.apache.ibatis.session.defaults.DefaultSqlSession@2e0de20d]
Transaction synchronization closing SqlSession [org.apache.ibatis.session.defaults.DefaultSqlSession@2e0de20d]
Creating a new SqlSession
Registering transaction synchronization for SqlSession [org.apache.ibatis.session.defaults.DefaultSqlSession@37289e90]
JDBC Connection [HikariProxyConnection@1078426962 wrapping com.mysql.cj.jdbc.ConnectionImpl@7e615c6a] will be managed by Spring
==>  Preparing: INSERT INTO `tb_post` (content, author_id, publish_at, last_update) VALUES (?, ?, ?, ?)
==> Parameters: 新研究表明：改善睡眠质量有助于提高学习效率。(String), 8(Long), 2024-09-28T19:07:46.260082700(LocalDateTime), 2024-09-28T19:07:46.260082700(LocalDateTime)
<==    Updates: 1
Releasing transactional SqlSession [org.apache.ibatis.session.defaults.DefaultSqlSession@37289e90]
Transaction synchronization committing SqlSession [org.apache.ibatis.session.defaults.DefaultSqlSession@37289e90]
Transaction synchronization deregistering SqlSession [org.apache.ibatis.session.defaults.DefaultSqlSession@37289e90]
Transaction synchronization closing SqlSession [org.apache.ibatis.session.defaults.DefaultSqlSession@37289e90]
Creating a new SqlSession
Registering transaction synchronization for SqlSession [org.apache.ibatis.session.defaults.DefaultSqlSession@66297b63]
JDBC Connection [HikariProxyConnection@1751013735 wrapping com.mysql.cj.jdbc.ConnectionImpl@7e615c6a] will be managed by Spring
==>  Preparing: INSERT INTO `tb_post` (content, author_id, publish_at, last_update) VALUES (?, ?, ?, ?)
==> Parameters: 政府投资新交通项目，以提高城市流动性。(String), 31(Long), 2024-09-28T19:07:46.270497(LocalDateTime), 2024-09-28T19:07:46.270497(LocalDateTime)
<==    Updates: 1
Releasing transactional SqlSession [org.apache.ibatis.session.defaults.DefaultSqlSession@66297b63]
Transaction synchronization committing SqlSession [org.apache.ibatis.session.defaults.DefaultSqlSession@66297b63]
Transaction synchronization deregistering SqlSession [org.apache.ibatis.session.defaults.DefaultSqlSession@66297b63]
Transaction synchronization closing SqlSession [org.apache.ibatis.session.defaults.DefaultSqlSession@66297b63]
Creating a new SqlSession
Registering transaction synchronization for SqlSession [org.apache.ibatis.session.defaults.DefaultSqlSession@599fab92]
JDBC Connection [HikariProxyConnection@1338109669 wrapping com.mysql.cj.jdbc.ConnectionImpl@7e615c6a] will be managed by Spring
==>  Preparing: INSERT INTO `tb_post` (content, author_id, publish_at, last_update) VALUES (?, ?, ?, ?)
==> Parameters: 本地社区举办文化节，庆祝多元文化。(String), 89(Long), 2024-09-28T19:07:46.270497(LocalDateTime), 2024-09-28T19:07:46.270497(LocalDateTime)
<==    Updates: 1
Releasing transactional SqlSession [org.apache.ibatis.session.defaults.DefaultSqlSession@599fab92]
Transaction synchronization committing SqlSession [org.apache.ibatis.session.defaults.DefaultSqlSession@599fab92]
Transaction synchronization deregistering SqlSession [org.apache.ibatis.session.defaults.DefaultSqlSession@599fab92]
Transaction synchronization closing SqlSession [org.apache.ibatis.session.defaults.DefaultSqlSession@599fab92]
Creating a new SqlSession
Registering transaction synchronization for SqlSession [org.apache.ibatis.session.defaults.DefaultSqlSession@7715d43c]
JDBC Connection [HikariProxyConnection@382354738 wrapping com.mysql.cj.jdbc.ConnectionImpl@7e615c6a] will be managed by Spring
==>  Preparing: INSERT INTO `tb_post` (content, author_id, publish_at, last_update) VALUES (?, ?, ?, ?)
==> Parameters: 国际科学家团队在基因编辑技术方面取得新进展。(String), 68(Long), 2024-09-28T19:07:46.280320900(LocalDateTime), 2024-09-28T19:07:46.280320900(LocalDateTime)
<==    Updates: 1
Releasing transactional SqlSession [org.apache.ibatis.session.defaults.DefaultSqlSession@7715d43c]
Transaction synchronization committing SqlSession [org.apache.ibatis.session.defaults.DefaultSqlSession@7715d43c]
Transaction synchronization deregistering SqlSession [org.apache.ibatis.session.defaults.DefaultSqlSession@7715d43c]
Transaction synchronization closing SqlSession [org.apache.ibatis.session.defaults.DefaultSqlSession@7715d43c]
Creating a new SqlSession
Registering transaction synchronization for SqlSession [org.apache.ibatis.session.defaults.DefaultSqlSession@5f3bc119]
JDBC Connection [HikariProxyConnection@1985832925 wrapping com.mysql.cj.jdbc.ConnectionImpl@7e615c6a] will be managed by Spring
==>  Preparing: INSERT INTO `tb_post` (content, author_id, publish_at, last_update) VALUES (?, ?, ?, ?)
==> Parameters: 科技公司推出新服务，以提高客户满意度。(String), 3(Long), 2024-09-28T19:07:46.289772100(LocalDateTime), 2024-09-28T19:07:46.289772100(LocalDateTime)
<==    Updates: 1
Releasing transactional SqlSession [org.apache.ibatis.session.defaults.DefaultSqlSession@5f3bc119]
Transaction synchronization committing SqlSession [org.apache.ibatis.session.defaults.DefaultSqlSession@5f3bc119]
Transaction synchronization deregistering SqlSession [org.apache.ibatis.session.defaults.DefaultSqlSession@5f3bc119]
Transaction synchronization closing SqlSession [org.apache.ibatis.session.defaults.DefaultSqlSession@5f3bc119]
Creating a new SqlSession
Registering transaction synchronization for SqlSession [org.apache.ibatis.session.defaults.DefaultSqlSession@535adf36]
JDBC Connection [HikariProxyConnection@634320051 wrapping com.mysql.cj.jdbc.ConnectionImpl@7e615c6a] will be managed by Spring
==>  Preparing: INSERT INTO `tb_post` (content, author_id, publish_at, last_update) VALUES (?, ?, ?, ?)
==> Parameters: 本地政府推出新计划，以减少城市贫困。(String), 64(Long), 2024-09-28T19:07:46.289772100(LocalDateTime), 2024-09-28T19:07:46.289772100(LocalDateTime)
<==    Updates: 1
Releasing transactional SqlSession [org.apache.ibatis.session.defaults.DefaultSqlSession@535adf36]
Transaction synchronization committing SqlSession [org.apache.ibatis.session.defaults.DefaultSqlSession@535adf36]
Transaction synchronization deregistering SqlSession [org.apache.ibatis.session.defaults.DefaultSqlSession@535adf36]
Transaction synchronization closing SqlSession [org.apache.ibatis.session.defaults.DefaultSqlSession@535adf36]
Creating a new SqlSession
Registering transaction synchronization for SqlSession [org.apache.ibatis.session.defaults.DefaultSqlSession@345d4ecb]
JDBC Connection [HikariProxyConnection@2046308292 wrapping com.mysql.cj.jdbc.ConnectionImpl@7e615c6a] will be managed by Spring
==>  Preparing: INSERT INTO `tb_post` (content, author_id, publish_at, last_update) VALUES (?, ?, ?, ?)
==> Parameters: 新研究表明：户外活动对儿童发展有益。(String), 20(Long), 2024-09-28T19:07:46.306338100(LocalDateTime), 2024-09-28T19:07:46.306338100(LocalDateTime)
<==    Updates: 1
Releasing transactional SqlSession [org.apache.ibatis.session.defaults.DefaultSqlSession@345d4ecb]
Transaction synchronization committing SqlSession [org.apache.ibatis.session.defaults.DefaultSqlSession@345d4ecb]
Transaction synchronization deregistering SqlSession [org.apache.ibatis.session.defaults.DefaultSqlSession@345d4ecb]
Transaction synchronization closing SqlSession [org.apache.ibatis.session.defaults.DefaultSqlSession@345d4ecb]
Creating a new SqlSession
Registering transaction synchronization for SqlSession [org.apache.ibatis.session.defaults.DefaultSqlSession@4fe4b8b6]
JDBC Connection [HikariProxyConnection@1336131262 wrapping com.mysql.cj.jdbc.ConnectionImpl@7e615c6a] will be managed by Spring
==>  Preparing: INSERT INTO `tb_post` (content, author_id, publish_at, last_update) VALUES (?, ?, ?, ?)
==> Parameters: 国际会议召开，讨论全球健康问题。(String), 50(Long), 2024-09-28T19:07:46.309890100(LocalDateTime), 2024-09-28T19:07:46.309890100(LocalDateTime)
<==    Updates: 1
Releasing transactional SqlSession [org.apache.ibatis.session.defaults.DefaultSqlSession@4fe4b8b6]
Transaction synchronization committing SqlSession [org.apache.ibatis.session.defaults.DefaultSqlSession@4fe4b8b6]
Transaction synchronization deregistering SqlSession [org.apache.ibatis.session.defaults.DefaultSqlSession@4fe4b8b6]
Transaction synchronization closing SqlSession [org.apache.ibatis.session.defaults.DefaultSqlSession@4fe4b8b6]
Creating a new SqlSession
Registering transaction synchronization for SqlSession [org.apache.ibatis.session.defaults.DefaultSqlSession@4c90fc3b]
JDBC Connection [HikariProxyConnection@98545784 wrapping com.mysql.cj.jdbc.ConnectionImpl@7e615c6a] will be managed by Spring
==>  Preparing: INSERT INTO `tb_post` (content, author_id, publish_at, last_update) VALUES (?, ?, ?, ?)
==> Parameters: 本地企业推出新产品，以满足市场需求。(String), 86(Long), 2024-09-28T19:07:46.320117900(LocalDateTime), 2024-09-28T19:07:46.320117900(LocalDateTime)
<==    Updates: 1
Releasing transactional SqlSession [org.apache.ibatis.session.defaults.DefaultSqlSession@4c90fc3b]
Transaction synchronization committing SqlSession [org.apache.ibatis.session.defaults.DefaultSqlSession@4c90fc3b]
Transaction synchronization deregistering SqlSession [org.apache.ibatis.session.defaults.DefaultSqlSession@4c90fc3b]
Transaction synchronization closing SqlSession [org.apache.ibatis.session.defaults.DefaultSqlSession@4c90fc3b]
Creating a new SqlSession
Registering transaction synchronization for SqlSession [org.apache.ibatis.session.defaults.DefaultSqlSession@5fdcc63f]
JDBC Connection [HikariProxyConnection@74695825 wrapping com.mysql.cj.jdbc.ConnectionImpl@7e615c6a] will be managed by Spring
==>  Preparing: INSERT INTO `tb_post` (content, author_id, publish_at, last_update) VALUES (?, ?, ?, ?)
==> Parameters: 政府推出新政策，以提高能源效率和减少污染。(String), 81(Long), 2024-09-28T19:07:46.335895400(LocalDateTime), 2024-09-28T19:07:46.335895400(LocalDateTime)
<==    Updates: 1
Releasing transactional SqlSession [org.apache.ibatis.session.defaults.DefaultSqlSession@5fdcc63f]
Transaction synchronization committing SqlSession [org.apache.ibatis.session.defaults.DefaultSqlSession@5fdcc63f]
Transaction synchronization deregistering SqlSession [org.apache.ibatis.session.defaults.DefaultSqlSession@5fdcc63f]
Transaction synchronization closing SqlSession [org.apache.ibatis.session.defaults.DefaultSqlSession@5fdcc63f]
Creating a new SqlSession
Registering transaction synchronization for SqlSession [org.apache.ibatis.session.defaults.DefaultSqlSession@671c71e8]
JDBC Connection [HikariProxyConnection@836211136 wrapping com.mysql.cj.jdbc.ConnectionImpl@7e615c6a] will be managed by Spring
==>  Preparing: INSERT INTO `tb_post` (content, author_id, publish_at, last_update) VALUES (?, ?, ?, ?)
==> Parameters: 本地慈善组织举办筹款活动，以支持弱势群体。(String), 42(Long), 2024-09-28T19:07:46.340968300(LocalDateTime), 2024-09-28T19:07:46.340968300(LocalDateTime)
<==    Updates: 1
Releasing transactional SqlSession [org.apache.ibatis.session.defaults.DefaultSqlSession@671c71e8]
Transaction synchronization committing SqlSession [org.apache.ibatis.session.defaults.DefaultSqlSession@671c71e8]
Transaction synchronization deregistering SqlSession [org.apache.ibatis.session.defaults.DefaultSqlSession@671c71e8]
Transaction synchronization closing SqlSession [org.apache.ibatis.session.defaults.DefaultSqlSession@671c71e8]
Creating a new SqlSession
Registering transaction synchronization for SqlSession [org.apache.ibatis.session.defaults.DefaultSqlSession@103a1ad3]
JDBC Connection [HikariProxyConnection@454621817 wrapping com.mysql.cj.jdbc.ConnectionImpl@7e615c6a] will be managed by Spring
==>  Preparing: INSERT INTO `tb_post` (content, author_id, publish_at, last_update) VALUES (?, ?, ?, ?)
==> Parameters: 国际研究团队在气候变化研究方面取得新发现。(String), 54(Long), 2024-09-28T19:07:46.349974800(LocalDateTime), 2024-09-28T19:07:46.349974800(LocalDateTime)
<==    Updates: 1
Releasing transactional SqlSession [org.apache.ibatis.session.defaults.DefaultSqlSession@103a1ad3]
Transaction synchronization committing SqlSession [org.apache.ibatis.session.defaults.DefaultSqlSession@103a1ad3]
Transaction synchronization deregistering SqlSession [org.apache.ibatis.session.defaults.DefaultSqlSession@103a1ad3]
Transaction synchronization closing SqlSession [org.apache.ibatis.session.defaults.DefaultSqlSession@103a1ad3]
Creating a new SqlSession
Registering transaction synchronization for SqlSession [org.apache.ibatis.session.defaults.DefaultSqlSession@f9919a2]
JDBC Connection [HikariProxyConnection@1422989013 wrapping com.mysql.cj.jdbc.ConnectionImpl@7e615c6a] will be managed by Spring
==>  Preparing: INSERT INTO `tb_post` (content, author_id, publish_at, last_update) VALUES (?, ?, ?, ?)
==> Parameters: 新法律通过，以保护濒危动物和植物。(String), 50(Long), 2024-09-28T19:07:46.360123400(LocalDateTime), 2024-09-28T19:07:46.360123400(LocalDateTime)
<==    Updates: 1
Releasing transactional SqlSession [org.apache.ibatis.session.defaults.DefaultSqlSession@f9919a2]
Transaction synchronization committing SqlSession [org.apache.ibatis.session.defaults.DefaultSqlSession@f9919a2]
Transaction synchronization deregistering SqlSession [org.apache.ibatis.session.defaults.DefaultSqlSession@f9919a2]
Transaction synchronization closing SqlSession [org.apache.ibatis.session.defaults.DefaultSqlSession@f9919a2]
Creating a new SqlSession
Registering transaction synchronization for SqlSession [org.apache.ibatis.session.defaults.DefaultSqlSession@13e6ab86]
JDBC Connection [HikariProxyConnection@25921783 wrapping com.mysql.cj.jdbc.ConnectionImpl@7e615c6a] will be managed by Spring
==>  Preparing: INSERT INTO `tb_post` (content, author_id, publish_at, last_update) VALUES (?, ?, ?, ?)
==> Parameters: 本地体育队在国际比赛中取得优异成绩。(String), 49(Long), 2024-09-28T19:07:46.370166500(LocalDateTime), 2024-09-28T19:07:46.370166500(LocalDateTime)
<==    Updates: 1
Releasing transactional SqlSession [org.apache.ibatis.session.defaults.DefaultSqlSession@13e6ab86]
Transaction synchronization committing SqlSession [org.apache.ibatis.session.defaults.DefaultSqlSession@13e6ab86]
Transaction synchronization deregistering SqlSession [org.apache.ibatis.session.defaults.DefaultSqlSession@13e6ab86]
Transaction synchronization closing SqlSession [org.apache.ibatis.session.defaults.DefaultSqlSession@13e6ab86]
Creating a new SqlSession
Registering transaction synchronization for SqlSession [org.apache.ibatis.session.defaults.DefaultSqlSession@10efb806]
JDBC Connection [HikariProxyConnection@712147062 wrapping com.mysql.cj.jdbc.ConnectionImpl@7e615c6a] will be managed by Spring
==>  Preparing: INSERT INTO `tb_post` (content, author_id, publish_at, last_update) VALUES (?, ?, ?, ?)
==> Parameters: 政府推出新计划，以提高公共教育质量。(String), 46(Long), 2024-09-28T19:07:46.379840600(LocalDateTime), 2024-09-28T19:07:46.379840600(LocalDateTime)
<==    Updates: 1
Releasing transactional SqlSession [org.apache.ibatis.session.defaults.DefaultSqlSession@10efb806]
Transaction synchronization committing SqlSession [org.apache.ibatis.session.defaults.DefaultSqlSession@10efb806]
Transaction synchronization deregistering SqlSession [org.apache.ibatis.session.defaults.DefaultSqlSession@10efb806]
Transaction synchronization closing SqlSession [org.apache.ibatis.session.defaults.DefaultSqlSession@10efb806]
Creating a new SqlSession
Registering transaction synchronization for SqlSession [org.apache.ibatis.session.defaults.DefaultSqlSession@580a5b6e]
JDBC Connection [HikariProxyConnection@351360092 wrapping com.mysql.cj.jdbc.ConnectionImpl@7e615c6a] will be managed by Spring
==>  Preparing: INSERT INTO `tb_post` (content, author_id, publish_at, last_update) VALUES (?, ?, ?, ?)
==> Parameters: 科技公司宣布新合作，以开发新能源技术。(String), 74(Long), 2024-09-28T19:07:46.389945600(LocalDateTime), 2024-09-28T19:07:46.389945600(LocalDateTime)
<==    Updates: 1
Releasing transactional SqlSession [org.apache.ibatis.session.defaults.DefaultSqlSession@580a5b6e]
Transaction synchronization committing SqlSession [org.apache.ibatis.session.defaults.DefaultSqlSession@580a5b6e]
Transaction synchronization deregistering SqlSession [org.apache.ibatis.session.defaults.DefaultSqlSession@580a5b6e]
Transaction synchronization closing SqlSession [org.apache.ibatis.session.defaults.DefaultSqlSession@580a5b6e]
Creating a new SqlSession
Registering transaction synchronization for SqlSession [org.apache.ibatis.session.defaults.DefaultSqlSession@5a106b26]
JDBC Connection [HikariProxyConnection@384608650 wrapping com.mysql.cj.jdbc.ConnectionImpl@7e615c6a] will be managed by Spring
==>  Preparing: INSERT INTO `tb_post` (content, author_id, publish_at, last_update) VALUES (?, ?, ?, ?)
==> Parameters: 本地艺术家举办展览，展示其最新作品。(String), 42(Long), 2024-09-28T19:07:46.405059800(LocalDateTime), 2024-09-28T19:07:46.405059800(LocalDateTime)
<==    Updates: 1
Releasing transactional SqlSession [org.apache.ibatis.session.defaults.DefaultSqlSession@5a106b26]
Transaction synchronization committing SqlSession [org.apache.ibatis.session.defaults.DefaultSqlSession@5a106b26]
Transaction synchronization deregistering SqlSession [org.apache.ibatis.session.defaults.DefaultSqlSession@5a106b26]
Transaction synchronization closing SqlSession [org.apache.ibatis.session.defaults.DefaultSqlSession@5a106b26]
Creating a new SqlSession
Registering transaction synchronization for SqlSession [org.apache.ibatis.session.defaults.DefaultSqlSession@60c68c7b]
JDBC Connection [HikariProxyConnection@2054792662 wrapping com.mysql.cj.jdbc.ConnectionImpl@7e615c6a] will be managed by Spring
==>  Preparing: INSERT INTO `tb_post` (content, author_id, publish_at, last_update) VALUES (?, ?, ?, ?)
==> Parameters: 新研究表明：艺术教育对儿童认知发展有积极影响。(String), 99(Long), 2024-09-28T19:07:46.414686100(LocalDateTime), 2024-09-28T19:07:46.414686100(LocalDateTime)
<==    Updates: 1
Releasing transactional SqlSession [org.apache.ibatis.session.defaults.DefaultSqlSession@60c68c7b]
Transaction synchronization committing SqlSession [org.apache.ibatis.session.defaults.DefaultSqlSession@60c68c7b]
Transaction synchronization deregistering SqlSession [org.apache.ibatis.session.defaults.DefaultSqlSession@60c68c7b]
Transaction synchronization closing SqlSession [org.apache.ibatis.session.defaults.DefaultSqlSession@60c68c7b]
Creating a new SqlSession
Registering transaction synchronization for SqlSession [org.apache.ibatis.session.defaults.DefaultSqlSession@23cfc9eb]
JDBC Connection [HikariProxyConnection@738086393 wrapping com.mysql.cj.jdbc.ConnectionImpl@7e615c6a] will be managed by Spring
==>  Preparing: INSERT INTO `tb_post` (content, author_id, publish_at, last_update) VALUES (?, ?, ?, ?)
==> Parameters: 政府推出新措施，以提高公共卫生水平。(String), 95(Long), 2024-09-28T19:07:46.424780500(LocalDateTime), 2024-09-28T19:07:46.424780500(LocalDateTime)
<==    Updates: 1
Releasing transactional SqlSession [org.apache.ibatis.session.defaults.DefaultSqlSession@23cfc9eb]
Transaction synchronization committing SqlSession [org.apache.ibatis.session.defaults.DefaultSqlSession@23cfc9eb]
Transaction synchronization deregistering SqlSession [org.apache.ibatis.session.defaults.DefaultSqlSession@23cfc9eb]
Transaction synchronization closing SqlSession [org.apache.ibatis.session.defaults.DefaultSqlSession@23cfc9eb]
Creating a new SqlSession
Registering transaction synchronization for SqlSession [org.apache.ibatis.session.defaults.DefaultSqlSession@7aa62a90]
JDBC Connection [HikariProxyConnection@1606691224 wrapping com.mysql.cj.jdbc.ConnectionImpl@7e615c6a] will be managed by Spring
==>  Preparing: INSERT INTO `tb_post` (content, author_id, publish_at, last_update) VALUES (?, ?, ?, ?)
==> Parameters: 本地社区中心举办健康讲座，提高居民健康意识。(String), 4(Long), 2024-09-28T19:07:46.429813800(LocalDateTime), 2024-09-28T19:07:46.429813800(LocalDateTime)
<==    Updates: 1
Releasing transactional SqlSession [org.apache.ibatis.session.defaults.DefaultSqlSession@7aa62a90]
Transaction synchronization committing SqlSession [org.apache.ibatis.session.defaults.DefaultSqlSession@7aa62a90]
Transaction synchronization deregistering SqlSession [org.apache.ibatis.session.defaults.DefaultSqlSession@7aa62a90]
Transaction synchronization closing SqlSession [org.apache.ibatis.session.defaults.DefaultSqlSession@7aa62a90]
Creating a new SqlSession
Registering transaction synchronization for SqlSession [org.apache.ibatis.session.defaults.DefaultSqlSession@f4aec23]
JDBC Connection [HikariProxyConnection@1988148908 wrapping com.mysql.cj.jdbc.ConnectionImpl@7e615c6a] will be managed by Spring
==>  Preparing: INSERT INTO `tb_post` (content, author_id, publish_at, last_update) VALUES (?, ?, ?, ?)
==> Parameters: 国际科学家团队在新材料研究方面取得突破。(String), 58(Long), 2024-09-28T19:07:46.434865600(LocalDateTime), 2024-09-28T19:07:46.434865600(LocalDateTime)
<==    Updates: 1
Releasing transactional SqlSession [org.apache.ibatis.session.defaults.DefaultSqlSession@f4aec23]
Transaction synchronization committing SqlSession [org.apache.ibatis.session.defaults.DefaultSqlSession@f4aec23]
Transaction synchronization deregistering SqlSession [org.apache.ibatis.session.defaults.DefaultSqlSession@f4aec23]
Transaction synchronization closing SqlSession [org.apache.ibatis.session.defaults.DefaultSqlSession@f4aec23]
Creating a new SqlSession
Registering transaction synchronization for SqlSession [org.apache.ibatis.session.defaults.DefaultSqlSession@3d6c7152]
JDBC Connection [HikariProxyConnection@597118124 wrapping com.mysql.cj.jdbc.ConnectionImpl@7e615c6a] will be managed by Spring
==>  Preparing: INSERT INTO `tb_post` (content, author_id, publish_at, last_update) VALUES (?, ?, ?, ?)
==> Parameters: 新法律通过，以保护消费者权益。(String), 75(Long), 2024-09-28T19:07:46.439875800(LocalDateTime), 2024-09-28T19:07:46.439875800(LocalDateTime)
<==    Updates: 1
Releasing transactional SqlSession [org.apache.ibatis.session.defaults.DefaultSqlSession@3d6c7152]
Transaction synchronization committing SqlSession [org.apache.ibatis.session.defaults.DefaultSqlSession@3d6c7152]
Transaction synchronization deregistering SqlSession [org.apache.ibatis.session.defaults.DefaultSqlSession@3d6c7152]
Transaction synchronization closing SqlSession [org.apache.ibatis.session.defaults.DefaultSqlSession@3d6c7152]
Creating a new SqlSession
Registering transaction synchronization for SqlSession [org.apache.ibatis.session.defaults.DefaultSqlSession@4e773b8a]
JDBC Connection [HikariProxyConnection@1475028309 wrapping com.mysql.cj.jdbc.ConnectionImpl@7e615c6a] will be managed by Spring
==>  Preparing: INSERT INTO `tb_post` (content, author_id, publish_at, last_update) VALUES (?, ?, ?, ?)
==> Parameters: 本地医院开展健康促进活动，提高居民健康水平。(String), 76(Long), 2024-09-28T19:07:46.441914800(LocalDateTime), 2024-09-28T19:07:46.441914800(LocalDateTime)
<==    Updates: 1
Releasing transactional SqlSession [org.apache.ibatis.session.defaults.DefaultSqlSession@4e773b8a]
Transaction synchronization committing SqlSession [org.apache.ibatis.session.defaults.DefaultSqlSession@4e773b8a]
Transaction synchronization deregistering SqlSession [org.apache.ibatis.session.defaults.DefaultSqlSession@4e773b8a]
Transaction synchronization closing SqlSession [org.apache.ibatis.session.defaults.DefaultSqlSession@4e773b8a]
Creating a new SqlSession
Registering transaction synchronization for SqlSession [org.apache.ibatis.session.defaults.DefaultSqlSession@e9947af]
JDBC Connection [HikariProxyConnection@815017812 wrapping com.mysql.cj.jdbc.ConnectionImpl@7e615c6a] will be managed by Spring
==>  Preparing: INSERT INTO `tb_post` (content, author_id, publish_at, last_update) VALUES (?, ?, ?, ?)
==> Parameters: 国际合作项目启动，旨在提高全球教育质量。(String), 26(Long), 2024-09-28T19:07:46.449930400(LocalDateTime), 2024-09-28T19:07:46.449930400(LocalDateTime)
<==    Updates: 1
Releasing transactional SqlSession [org.apache.ibatis.session.defaults.DefaultSqlSession@e9947af]
Transaction synchronization committing SqlSession [org.apache.ibatis.session.defaults.DefaultSqlSession@e9947af]
Transaction synchronization deregistering SqlSession [org.apache.ibatis.session.defaults.DefaultSqlSession@e9947af]
Transaction synchronization closing SqlSession [org.apache.ibatis.session.defaults.DefaultSqlSession@e9947af]
Creating a new SqlSession
Registering transaction synchronization for SqlSession [org.apache.ibatis.session.defaults.DefaultSqlSession@65067d37]
JDBC Connection [HikariProxyConnection@1328154889 wrapping com.mysql.cj.jdbc.ConnectionImpl@7e615c6a] will be managed by Spring
==>  Preparing: INSERT INTO `tb_post` (content, author_id, publish_at, last_update) VALUES (?, ?, ?, ?)
==> Parameters: 科技公司推出新工具，以提高工作效率。(String), 36(Long), 2024-09-28T19:07:46.454968400(LocalDateTime), 2024-09-28T19:07:46.454968400(LocalDateTime)
<==    Updates: 1
Releasing transactional SqlSession [org.apache.ibatis.session.defaults.DefaultSqlSession@65067d37]
Transaction synchronization committing SqlSession [org.apache.ibatis.session.defaults.DefaultSqlSession@65067d37]
Transaction synchronization deregistering SqlSession [org.apache.ibatis.session.defaults.DefaultSqlSession@65067d37]
Transaction synchronization closing SqlSession [org.apache.ibatis.session.defaults.DefaultSqlSession@65067d37]
Creating a new SqlSession
Registering transaction synchronization for SqlSession [org.apache.ibatis.session.defaults.DefaultSqlSession@5e6ad84c]
JDBC Connection [HikariProxyConnection@1452158309 wrapping com.mysql.cj.jdbc.ConnectionImpl@7e615c6a] will be managed by Spring
==>  Preparing: INSERT INTO `tb_post` (content, author_id, publish_at, last_update) VALUES (?, ?, ?, ?)
==> Parameters: 本地政府推出新计划，以支持文化和艺术发展。(String), 67(Long), 2024-09-28T19:07:46.460068(LocalDateTime), 2024-09-28T19:07:46.460068(LocalDateTime)
<==    Updates: 1
Releasing transactional SqlSession [org.apache.ibatis.session.defaults.DefaultSqlSession@5e6ad84c]
Transaction synchronization committing SqlSession [org.apache.ibatis.session.defaults.DefaultSqlSession@5e6ad84c]
Transaction synchronization deregistering SqlSession [org.apache.ibatis.session.defaults.DefaultSqlSession@5e6ad84c]
Transaction synchronization closing SqlSession [org.apache.ibatis.session.defaults.DefaultSqlSession@5e6ad84c]
Creating a new SqlSession
Registering transaction synchronization for SqlSession [org.apache.ibatis.session.defaults.DefaultSqlSession@281d3ce7]
JDBC Connection [HikariProxyConnection@1172610365 wrapping com.mysql.cj.jdbc.ConnectionImpl@7e615c6a] will be managed by Spring
==>  Preparing: INSERT INTO `tb_post` (content, author_id, publish_at, last_update) VALUES (?, ?, ?, ?)
==> Parameters: 新研究表明：积极心态有助于提高生活质量。(String), 62(Long), 2024-09-28T19:07:46.465083(LocalDateTime), 2024-09-28T19:07:46.465083(LocalDateTime)
<==    Updates: 1
Releasing transactional SqlSession [org.apache.ibatis.session.defaults.DefaultSqlSession@281d3ce7]
Transaction synchronization committing SqlSession [org.apache.ibatis.session.defaults.DefaultSqlSession@281d3ce7]
Transaction synchronization deregistering SqlSession [org.apache.ibatis.session.defaults.DefaultSqlSession@281d3ce7]
Transaction synchronization closing SqlSession [org.apache.ibatis.session.defaults.DefaultSqlSession@281d3ce7]
Creating a new SqlSession
Registering transaction synchronization for SqlSession [org.apache.ibatis.session.defaults.DefaultSqlSession@37f75ebf]
JDBC Connection [HikariProxyConnection@600897214 wrapping com.mysql.cj.jdbc.ConnectionImpl@7e615c6a] will be managed by Spring
==>  Preparing: INSERT INTO `tb_post` (content, author_id, publish_at, last_update) VALUES (?, ?, ?, ?)
==> Parameters: 国际会议召开，讨论全球贸易和投资。(String), 97(Long), 2024-09-28T19:07:46.470101400(LocalDateTime), 2024-09-28T19:07:46.470101400(LocalDateTime)
<==    Updates: 1
Releasing transactional SqlSession [org.apache.ibatis.session.defaults.DefaultSqlSession@37f75ebf]
Transaction synchronization committing SqlSession [org.apache.ibatis.session.defaults.DefaultSqlSession@37f75ebf]
Transaction synchronization deregistering SqlSession [org.apache.ibatis.session.defaults.DefaultSqlSession@37f75ebf]
Transaction synchronization closing SqlSession [org.apache.ibatis.session.defaults.DefaultSqlSession@37f75ebf]
Creating a new SqlSession
Registering transaction synchronization for SqlSession [org.apache.ibatis.session.defaults.DefaultSqlSession@4ad57db1]
JDBC Connection [HikariProxyConnection@1404855442 wrapping com.mysql.cj.jdbc.ConnectionImpl@7e615c6a] will be managed by Spring
==>  Preparing: INSERT INTO `tb_post` (content, author_id, publish_at, last_update) VALUES (?, ?, ?, ?)
==> Parameters: 本地企业获得国际认可，表彰其在创新方面的成就。(String), 86(Long), 2024-09-28T19:07:46.473651400(LocalDateTime), 2024-09-28T19:07:46.473651400(LocalDateTime)
<==    Updates: 1
Releasing transactional SqlSession [org.apache.ibatis.session.defaults.DefaultSqlSession@4ad57db1]
Transaction synchronization committing SqlSession [org.apache.ibatis.session.defaults.DefaultSqlSession@4ad57db1]
Transaction synchronization deregistering SqlSession [org.apache.ibatis.session.defaults.DefaultSqlSession@4ad57db1]
Transaction synchronization closing SqlSession [org.apache.ibatis.session.defaults.DefaultSqlSession@4ad57db1]
Creating a new SqlSession
Registering transaction synchronization for SqlSession [org.apache.ibatis.session.defaults.DefaultSqlSession@313a3af8]
JDBC Connection [HikariProxyConnection@88544066 wrapping com.mysql.cj.jdbc.ConnectionImpl@7e615c6a] will be managed by Spring
==>  Preparing: INSERT INTO `tb_post` (content, author_id, publish_at, last_update) VALUES (?, ?, ?, ?)
==> Parameters: 政府推出新政策，以支持绿色技术和可持续发展。(String), 87(Long), 2024-09-28T19:07:46.484757400(LocalDateTime), 2024-09-28T19:07:46.484757400(LocalDateTime)
<==    Updates: 1
Releasing transactional SqlSession [org.apache.ibatis.session.defaults.DefaultSqlSession@313a3af8]
Transaction synchronization committing SqlSession [org.apache.ibatis.session.defaults.DefaultSqlSession@313a3af8]
Transaction synchronization deregistering SqlSession [org.apache.ibatis.session.defaults.DefaultSqlSession@313a3af8]
Transaction synchronization closing SqlSession [org.apache.ibatis.session.defaults.DefaultSqlSession@313a3af8]
Creating a new SqlSession
Registering transaction synchronization for SqlSession [org.apache.ibatis.session.defaults.DefaultSqlSession@5d1907fb]
JDBC Connection [HikariProxyConnection@1322846980 wrapping com.mysql.cj.jdbc.ConnectionImpl@7e615c6a] will be managed by Spring
==>  Preparing: INSERT INTO `tb_post` (content, author_id, publish_at, last_update) VALUES (?, ?, ?, ?)
==> Parameters: 本地慈善组织发起运动，提高公众对特定疾病的认识。(String), 5(Long), 2024-09-28T19:07:46.489890600(LocalDateTime), 2024-09-28T19:07:46.489890600(LocalDateTime)
<==    Updates: 1
Releasing transactional SqlSession [org.apache.ibatis.session.defaults.DefaultSqlSession@5d1907fb]
Transaction synchronization committing SqlSession [org.apache.ibatis.session.defaults.DefaultSqlSession@5d1907fb]
Transaction synchronization deregistering SqlSession [org.apache.ibatis.session.defaults.DefaultSqlSession@5d1907fb]
Transaction synchronization closing SqlSession [org.apache.ibatis.session.defaults.DefaultSqlSession@5d1907fb]
Creating a new SqlSession
Registering transaction synchronization for SqlSession [org.apache.ibatis.session.defaults.DefaultSqlSession@531ed68e]
JDBC Connection [HikariProxyConnection@1807564872 wrapping com.mysql.cj.jdbc.ConnectionImpl@7e615c6a] will be managed by Spring
==>  Preparing: INSERT INTO `tb_post` (content, author_id, publish_at, last_update) VALUES (?, ?, ?, ?)
==> Parameters: 国际研究团队在海洋科学领域取得新进展。(String), 9(Long), 2024-09-28T19:07:46.500012300(LocalDateTime), 2024-09-28T19:07:46.500012300(LocalDateTime)
<==    Updates: 1
Releasing transactional SqlSession [org.apache.ibatis.session.defaults.DefaultSqlSession@531ed68e]
Transaction synchronization committing SqlSession [org.apache.ibatis.session.defaults.DefaultSqlSession@531ed68e]
Transaction synchronization deregistering SqlSession [org.apache.ibatis.session.defaults.DefaultSqlSession@531ed68e]
Transaction synchronization closing SqlSession [org.apache.ibatis.session.defaults.DefaultSqlSession@531ed68e]
Creating a new SqlSession
Registering transaction synchronization for SqlSession [org.apache.ibatis.session.defaults.DefaultSqlSession@643f8ebe]
JDBC Connection [HikariProxyConnection@816421765 wrapping com.mysql.cj.jdbc.ConnectionImpl@7e615c6a] will be managed by Spring
==>  Preparing: INSERT INTO `tb_post` (content, author_id, publish_at, last_update) VALUES (?, ?, ?, ?)
==> Parameters: 新法律通过，以保护历史遗迹和文化遗产。(String), 16(Long), 2024-09-28T19:07:46.510197800(LocalDateTime), 2024-09-28T19:07:46.510197800(LocalDateTime)
<==    Updates: 1
Releasing transactional SqlSession [org.apache.ibatis.session.defaults.DefaultSqlSession@643f8ebe]
Transaction synchronization committing SqlSession [org.apache.ibatis.session.defaults.DefaultSqlSession@643f8ebe]
Transaction synchronization deregistering SqlSession [org.apache.ibatis.session.defaults.DefaultSqlSession@643f8ebe]
Transaction synchronization closing SqlSession [org.apache.ibatis.session.defaults.DefaultSqlSession@643f8ebe]
Creating a new SqlSession
Registering transaction synchronization for SqlSession [org.apache.ibatis.session.defaults.DefaultSqlSession@4cb939d5]
JDBC Connection [HikariProxyConnection@1652656816 wrapping com.mysql.cj.jdbc.ConnectionImpl@7e615c6a] will be managed by Spring
==>  Preparing: INSERT INTO `tb_post` (content, author_id, publish_at, last_update) VALUES (?, ?, ?, ?)
==> Parameters: 本地体育赛事吸引众多国际选手参加。(String), 3(Long), 2024-09-28T19:07:46.510197800(LocalDateTime), 2024-09-28T19:07:46.510197800(LocalDateTime)
<==    Updates: 1
Releasing transactional SqlSession [org.apache.ibatis.session.defaults.DefaultSqlSession@4cb939d5]
Transaction synchronization committing SqlSession [org.apache.ibatis.session.defaults.DefaultSqlSession@4cb939d5]
Transaction synchronization deregistering SqlSession [org.apache.ibatis.session.defaults.DefaultSqlSession@4cb939d5]
Transaction synchronization closing SqlSession [org.apache.ibatis.session.defaults.DefaultSqlSession@4cb939d5]
Creating a new SqlSession
Registering transaction synchronization for SqlSession [org.apache.ibatis.session.defaults.DefaultSqlSession@bb3487c]
JDBC Connection [HikariProxyConnection@1933047934 wrapping com.mysql.cj.jdbc.ConnectionImpl@7e615c6a] will be managed by Spring
==>  Preparing: INSERT INTO `tb_post` (content, author_id, publish_at, last_update) VALUES (?, ?, ?, ?)
==> Parameters: 政府推出新计划，以提高老年人的生活质量。(String), 41(Long), 2024-09-28T19:07:46.521147500(LocalDateTime), 2024-09-28T19:07:46.521147500(LocalDateTime)
<==    Updates: 1
Releasing transactional SqlSession [org.apache.ibatis.session.defaults.DefaultSqlSession@bb3487c]
Transaction synchronization committing SqlSession [org.apache.ibatis.session.defaults.DefaultSqlSession@bb3487c]
Transaction synchronization deregistering SqlSession [org.apache.ibatis.session.defaults.DefaultSqlSession@bb3487c]
Transaction synchronization closing SqlSession [org.apache.ibatis.session.defaults.DefaultSqlSession@bb3487c]
Creating a new SqlSession
Registering transaction synchronization for SqlSession [org.apache.ibatis.session.defaults.DefaultSqlSession@4f1ea463]
JDBC Connection [HikariProxyConnection@1716025107 wrapping com.mysql.cj.jdbc.ConnectionImpl@7e615c6a] will be managed by Spring
==>  Preparing: INSERT INTO `tb_post` (content, author_id, publish_at, last_update) VALUES (?, ?, ?, ?)
==> Parameters: 科技公司宣布新投资，以促进本地经济发展。(String), 1(Long), 2024-09-28T19:07:46.529748800(LocalDateTime), 2024-09-28T19:07:46.529748800(LocalDateTime)
<==    Updates: 1
Releasing transactional SqlSession [org.apache.ibatis.session.defaults.DefaultSqlSession@4f1ea463]
Transaction synchronization committing SqlSession [org.apache.ibatis.session.defaults.DefaultSqlSession@4f1ea463]
Transaction synchronization deregistering SqlSession [org.apache.ibatis.session.defaults.DefaultSqlSession@4f1ea463]
Transaction synchronization closing SqlSession [org.apache.ibatis.session.defaults.DefaultSqlSession@4f1ea463]
Creating a new SqlSession
Registering transaction synchronization for SqlSession [org.apache.ibatis.session.defaults.DefaultSqlSession@13f255ed]
JDBC Connection [HikariProxyConnection@1113967597 wrapping com.mysql.cj.jdbc.ConnectionImpl@7e615c6a] will be managed by Spring
==>  Preparing: INSERT INTO `tb_post` (content, author_id, publish_at, last_update) VALUES (?, ?, ?, ?)
==> Parameters: 本地艺术家获得奖项，表彰其在文化领域的贡献。(String), 53(Long), 2024-09-28T19:07:46.549999600(LocalDateTime), 2024-09-28T19:07:46.549999600(LocalDateTime)
<==    Updates: 1
Releasing transactional SqlSession [org.apache.ibatis.session.defaults.DefaultSqlSession@13f255ed]
Transaction synchronization committing SqlSession [org.apache.ibatis.session.defaults.DefaultSqlSession@13f255ed]
Transaction synchronization deregistering SqlSession [org.apache.ibatis.session.defaults.DefaultSqlSession@13f255ed]
Transaction synchronization closing SqlSession [org.apache.ibatis.session.defaults.DefaultSqlSession@13f255ed]
Creating a new SqlSession
Registering transaction synchronization for SqlSession [org.apache.ibatis.session.defaults.DefaultSqlSession@3d84f113]
JDBC Connection [HikariProxyConnection@1736021405 wrapping com.mysql.cj.jdbc.ConnectionImpl@7e615c6a] will be managed by Spring
==>  Preparing: INSERT INTO `tb_post` (content, author_id, publish_at, last_update) VALUES (?, ?, ?, ?)
==> Parameters: 新药物试验成功，为治疗慢性疾病带来希望。(String), 35(Long), 2024-09-28T19:07:46.555021800(LocalDateTime), 2024-09-28T19:07:46.555021800(LocalDateTime)
<==    Updates: 1
Releasing transactional SqlSession [org.apache.ibatis.session.defaults.DefaultSqlSession@3d84f113]
Transaction synchronization committing SqlSession [org.apache.ibatis.session.defaults.DefaultSqlSession@3d84f113]
Transaction synchronization deregistering SqlSession [org.apache.ibatis.session.defaults.DefaultSqlSession@3d84f113]
Transaction synchronization closing SqlSession [org.apache.ibatis.session.defaults.DefaultSqlSession@3d84f113]
Creating a new SqlSession
Registering transaction synchronization for SqlSession [org.apache.ibatis.session.defaults.DefaultSqlSession@6b23897a]
JDBC Connection [HikariProxyConnection@566974024 wrapping com.mysql.cj.jdbc.ConnectionImpl@7e615c6a] will be managed by Spring
==>  Preparing: INSERT INTO `tb_post` (content, author_id, publish_at, last_update) VALUES (?, ?, ?, ?)
==> Parameters: 政府推出新计划，以支持青年创业和就业。(String), 68(Long), 2024-09-28T19:07:46.565143100(LocalDateTime), 2024-09-28T19:07:46.565143100(LocalDateTime)
<==    Updates: 1
Releasing transactional SqlSession [org.apache.ibatis.session.defaults.DefaultSqlSession@6b23897a]
Transaction synchronization committing SqlSession [org.apache.ibatis.session.defaults.DefaultSqlSession@6b23897a]
Transaction synchronization deregistering SqlSession [org.apache.ibatis.session.defaults.DefaultSqlSession@6b23897a]
Transaction synchronization closing SqlSession [org.apache.ibatis.session.defaults.DefaultSqlSession@6b23897a]
Creating a new SqlSession
Registering transaction synchronization for SqlSession [org.apache.ibatis.session.defaults.DefaultSqlSession@37f60cd4]
JDBC Connection [HikariProxyConnection@2006768185 wrapping com.mysql.cj.jdbc.ConnectionImpl@7e615c6a] will be managed by Spring
==>  Preparing: INSERT INTO `tb_post` (content, author_id, publish_at, last_update) VALUES (?, ?, ?, ?)
==> Parameters: 本地社区中心举办职业培训课程，提高居民就业技能。(String), 71(Long), 2024-09-28T19:07:46.570751500(LocalDateTime), 2024-09-28T19:07:46.570751500(LocalDateTime)
<==    Updates: 1
Releasing transactional SqlSession [org.apache.ibatis.session.defaults.DefaultSqlSession@37f60cd4]
Transaction synchronization committing SqlSession [org.apache.ibatis.session.defaults.DefaultSqlSession@37f60cd4]
Transaction synchronization deregistering SqlSession [org.apache.ibatis.session.defaults.DefaultSqlSession@37f60cd4]
Transaction synchronization closing SqlSession [org.apache.ibatis.session.defaults.DefaultSqlSession@37f60cd4]
Creating a new SqlSession
Registering transaction synchronization for SqlSession [org.apache.ibatis.session.defaults.DefaultSqlSession@2a22e7e2]
JDBC Connection [HikariProxyConnection@1469692066 wrapping com.mysql.cj.jdbc.ConnectionImpl@7e615c6a] will be managed by Spring
==>  Preparing: INSERT INTO `tb_post` (content, author_id, publish_at, last_update) VALUES (?, ?, ?, ?)
==> Parameters: 国际科学家团队在天文学领域取得重大发现。(String), 53(Long), 2024-09-28T19:07:46.580218400(LocalDateTime), 2024-09-28T19:07:46.580218400(LocalDateTime)
<==    Updates: 1
Releasing transactional SqlSession [org.apache.ibatis.session.defaults.DefaultSqlSession@2a22e7e2]
Transaction synchronization committing SqlSession [org.apache.ibatis.session.defaults.DefaultSqlSession@2a22e7e2]
Transaction synchronization deregistering SqlSession [org.apache.ibatis.session.defaults.DefaultSqlSession@2a22e7e2]
Transaction synchronization closing SqlSession [org.apache.ibatis.session.defaults.DefaultSqlSession@2a22e7e2]
Creating a new SqlSession
Registering transaction synchronization for SqlSession [org.apache.ibatis.session.defaults.DefaultSqlSession@760ac834]
JDBC Connection [HikariProxyConnection@1511675169 wrapping com.mysql.cj.jdbc.ConnectionImpl@7e615c6a] will be managed by Spring
==>  Preparing: INSERT INTO `tb_post` (content, author_id, publish_at, last_update) VALUES (?, ?, ?, ?)
==> Parameters: 新法律通过，以保护网络隐私和数据安全。(String), 23(Long), 2024-09-28T19:07:46.590021400(LocalDateTime), 2024-09-28T19:07:46.590021400(LocalDateTime)
<==    Updates: 1
Releasing transactional SqlSession [org.apache.ibatis.session.defaults.DefaultSqlSession@760ac834]
Transaction synchronization committing SqlSession [org.apache.ibatis.session.defaults.DefaultSqlSession@760ac834]
Transaction synchronization deregistering SqlSession [org.apache.ibatis.session.defaults.DefaultSqlSession@760ac834]
Transaction synchronization closing SqlSession [org.apache.ibatis.session.defaults.DefaultSqlSession@760ac834]
Creating a new SqlSession
Registering transaction synchronization for SqlSession [org.apache.ibatis.session.defaults.DefaultSqlSession@7bbe5548]
JDBC Connection [HikariProxyConnection@1053991692 wrapping com.mysql.cj.jdbc.ConnectionImpl@7e615c6a] will be managed by Spring
==>  Preparing: INSERT INTO `tb_post` (content, author_id, publish_at, last_update) VALUES (?, ?, ?, ?)
==> Parameters: 本地医院开展健康检查活动，提高居民健康意识。(String), 92(Long), 2024-09-28T19:07:46.606240(LocalDateTime), 2024-09-28T19:07:46.606240(LocalDateTime)
<==    Updates: 1
Releasing transactional SqlSession [org.apache.ibatis.session.defaults.DefaultSqlSession@7bbe5548]
Transaction synchronization committing SqlSession [org.apache.ibatis.session.defaults.DefaultSqlSession@7bbe5548]
Transaction synchronization deregistering SqlSession [org.apache.ibatis.session.defaults.DefaultSqlSession@7bbe5548]
Transaction synchronization closing SqlSession [org.apache.ibatis.session.defaults.DefaultSqlSession@7bbe5548]
Creating a new SqlSession
Registering transaction synchronization for SqlSession [org.apache.ibatis.session.defaults.DefaultSqlSession@5d3f583d]
JDBC Connection [HikariProxyConnection@583835905 wrapping com.mysql.cj.jdbc.ConnectionImpl@7e615c6a] will be managed by Spring
==>  Preparing: INSERT INTO `tb_post` (content, author_id, publish_at, last_update) VALUES (?, ?, ?, ?)
==> Parameters: 国际合作项目启动，旨在提高全球食品安全。(String), 85(Long), 2024-09-28T19:07:46.609757900(LocalDateTime), 2024-09-28T19:07:46.609757900(LocalDateTime)
<==    Updates: 1
Releasing transactional SqlSession [org.apache.ibatis.session.defaults.DefaultSqlSession@5d3f583d]
Transaction synchronization committing SqlSession [org.apache.ibatis.session.defaults.DefaultSqlSession@5d3f583d]
Transaction synchronization deregistering SqlSession [org.apache.ibatis.session.defaults.DefaultSqlSession@5d3f583d]
Transaction synchronization closing SqlSession [org.apache.ibatis.session.defaults.DefaultSqlSession@5d3f583d]
Creating a new SqlSession
Registering transaction synchronization for SqlSession [org.apache.ibatis.session.defaults.DefaultSqlSession@34f3c920]
JDBC Connection [HikariProxyConnection@1941771372 wrapping com.mysql.cj.jdbc.ConnectionImpl@7e615c6a] will be managed by Spring
==>  Preparing: INSERT INTO `tb_post` (content, author_id, publish_at, last_update) VALUES (?, ?, ?, ?)
==> Parameters: 科技公司推出新应用，以改善城市交通管理。(String), 13(Long), 2024-09-28T19:07:46.621977600(LocalDateTime), 2024-09-28T19:07:46.621977600(LocalDateTime)
<==    Updates: 1
Releasing transactional SqlSession [org.apache.ibatis.session.defaults.DefaultSqlSession@34f3c920]
Transaction synchronization committing SqlSession [org.apache.ibatis.session.defaults.DefaultSqlSession@34f3c920]
Transaction synchronization deregistering SqlSession [org.apache.ibatis.session.defaults.DefaultSqlSession@34f3c920]
Transaction synchronization closing SqlSession [org.apache.ibatis.session.defaults.DefaultSqlSession@34f3c920]
Creating a new SqlSession
Registering transaction synchronization for SqlSession [org.apache.ibatis.session.defaults.DefaultSqlSession@42a198dd]
JDBC Connection [HikariProxyConnection@2076326363 wrapping com.mysql.cj.jdbc.ConnectionImpl@7e615c6a] will be managed by Spring
==>  Preparing: INSERT INTO `tb_post` (content, author_id, publish_at, last_update) VALUES (?, ?, ?, ?)
==> Parameters: 本地政府推出新计划，以支持环境保护和可持续发展。(String), 42(Long), 2024-09-28T19:07:46.630153900(LocalDateTime), 2024-09-28T19:07:46.630153900(LocalDateTime)
<==    Updates: 1
Releasing transactional SqlSession [org.apache.ibatis.session.defaults.DefaultSqlSession@42a198dd]
Transaction synchronization committing SqlSession [org.apache.ibatis.session.defaults.DefaultSqlSession@42a198dd]
Transaction synchronization deregistering SqlSession [org.apache.ibatis.session.defaults.DefaultSqlSession@42a198dd]
Transaction synchronization closing SqlSession [org.apache.ibatis.session.defaults.DefaultSqlSession@42a198dd]
Creating a new SqlSession
Registering transaction synchronization for SqlSession [org.apache.ibatis.session.defaults.DefaultSqlSession@403b7be3]
JDBC Connection [HikariProxyConnection@971578330 wrapping com.mysql.cj.jdbc.ConnectionImpl@7e615c6a] will be managed by Spring
==>  Preparing: INSERT INTO `tb_post` (content, author_id, publish_at, last_update) VALUES (?, ?, ?, ?)
==> Parameters: 新研究表明：社区参与对城市规划至关重要。(String), 46(Long), 2024-09-28T19:07:46.640087(LocalDateTime), 2024-09-28T19:07:46.640087(LocalDateTime)
<==    Updates: 1
Releasing transactional SqlSession [org.apache.ibatis.session.defaults.DefaultSqlSession@403b7be3]
Transaction synchronization committing SqlSession [org.apache.ibatis.session.defaults.DefaultSqlSession@403b7be3]
Transaction synchronization deregistering SqlSession [org.apache.ibatis.session.defaults.DefaultSqlSession@403b7be3]
Transaction synchronization closing SqlSession [org.apache.ibatis.session.defaults.DefaultSqlSession@403b7be3]
Creating a new SqlSession
Registering transaction synchronization for SqlSession [org.apache.ibatis.session.defaults.DefaultSqlSession@712dd0b0]
JDBC Connection [HikariProxyConnection@1342958495 wrapping com.mysql.cj.jdbc.ConnectionImpl@7e615c6a] will be managed by Spring
==>  Preparing: INSERT INTO `tb_post` (content, author_id, publish_at, last_update) VALUES (?, ?, ?, ?)
==> Parameters: 国际会议召开，讨论全球能源问题。(String), 34(Long), 2024-09-28T19:07:46.640087(LocalDateTime), 2024-09-28T19:07:46.640087(LocalDateTime)
<==    Updates: 1
Releasing transactional SqlSession [org.apache.ibatis.session.defaults.DefaultSqlSession@712dd0b0]
Transaction synchronization committing SqlSession [org.apache.ibatis.session.defaults.DefaultSqlSession@712dd0b0]
Transaction synchronization deregistering SqlSession [org.apache.ibatis.session.defaults.DefaultSqlSession@712dd0b0]
Transaction synchronization closing SqlSession [org.apache.ibatis.session.defaults.DefaultSqlSession@712dd0b0]
Creating a new SqlSession
Registering transaction synchronization for SqlSession [org.apache.ibatis.session.defaults.DefaultSqlSession@21f27bb5]
JDBC Connection [HikariProxyConnection@1390178738 wrapping com.mysql.cj.jdbc.ConnectionImpl@7e615c6a] will be managed by Spring
==>  Preparing: INSERT INTO `tb_post` (content, author_id, publish_at, last_update) VALUES (?, ?, ?, ?)
==> Parameters: 本地企业推出新服务，以满足消费者需求。(String), 44(Long), 2024-09-28T19:07:46.649720900(LocalDateTime), 2024-09-28T19:07:46.649720900(LocalDateTime)
<==    Updates: 1
Releasing transactional SqlSession [org.apache.ibatis.session.defaults.DefaultSqlSession@21f27bb5]
Transaction synchronization committing SqlSession [org.apache.ibatis.session.defaults.DefaultSqlSession@21f27bb5]
Transaction synchronization deregistering SqlSession [org.apache.ibatis.session.defaults.DefaultSqlSession@21f27bb5]
Transaction synchronization closing SqlSession [org.apache.ibatis.session.defaults.DefaultSqlSession@21f27bb5]
Creating a new SqlSession
Registering transaction synchronization for SqlSession [org.apache.ibatis.session.defaults.DefaultSqlSession@430dbcb0]
JDBC Connection [HikariProxyConnection@363529313 wrapping com.mysql.cj.jdbc.ConnectionImpl@7e615c6a] will be managed by Spring
==>  Preparing: INSERT INTO `tb_post` (content, author_id, publish_at, last_update) VALUES (?, ?, ?, ?)
==> Parameters: 政府推出新政策，以提高公共安全和减少犯罪。(String), 11(Long), 2024-09-28T19:07:46.649720900(LocalDateTime), 2024-09-28T19:07:46.649720900(LocalDateTime)
<==    Updates: 1
Releasing transactional SqlSession [org.apache.ibatis.session.defaults.DefaultSqlSession@430dbcb0]
Transaction synchronization committing SqlSession [org.apache.ibatis.session.defaults.DefaultSqlSession@430dbcb0]
Transaction synchronization deregistering SqlSession [org.apache.ibatis.session.defaults.DefaultSqlSession@430dbcb0]
Transaction synchronization closing SqlSession [org.apache.ibatis.session.defaults.DefaultSqlSession@430dbcb0]
Creating a new SqlSession
Registering transaction synchronization for SqlSession [org.apache.ibatis.session.defaults.DefaultSqlSession@1bd5b1c8]
JDBC Connection [HikariProxyConnection@2023156074 wrapping com.mysql.cj.jdbc.ConnectionImpl@7e615c6a] will be managed by Spring
==>  Preparing: INSERT INTO `tb_post` (content, author_id, publish_at, last_update) VALUES (?, ?, ?, ?)
==> Parameters: 本地慈善组织举办活动，支持教育和儿童福利。(String), 71(Long), 2024-09-28T19:07:46.660030700(LocalDateTime), 2024-09-28T19:07:46.660030700(LocalDateTime)
<==    Updates: 1
Releasing transactional SqlSession [org.apache.ibatis.session.defaults.DefaultSqlSession@1bd5b1c8]
Transaction synchronization committing SqlSession [org.apache.ibatis.session.defaults.DefaultSqlSession@1bd5b1c8]
Transaction synchronization deregistering SqlSession [org.apache.ibatis.session.defaults.DefaultSqlSession@1bd5b1c8]
Transaction synchronization closing SqlSession [org.apache.ibatis.session.defaults.DefaultSqlSession@1bd5b1c8]
Creating a new SqlSession
Registering transaction synchronization for SqlSession [org.apache.ibatis.session.defaults.DefaultSqlSession@2f59cb6f]
JDBC Connection [HikariProxyConnection@102027291 wrapping com.mysql.cj.jdbc.ConnectionImpl@7e615c6a] will be managed by Spring
==>  Preparing: INSERT INTO `tb_post` (content, author_id, publish_at, last_update) VALUES (?, ?, ?, ?)
==> Parameters: 国际研究团队在生物技术领域取得新进展。(String), 100(Long), 2024-09-28T19:07:46.665049300(LocalDateTime), 2024-09-28T19:07:46.665049300(LocalDateTime)
<==    Updates: 1
Releasing transactional SqlSession [org.apache.ibatis.session.defaults.DefaultSqlSession@2f59cb6f]
Transaction synchronization committing SqlSession [org.apache.ibatis.session.defaults.DefaultSqlSession@2f59cb6f]
Transaction synchronization deregistering SqlSession [org.apache.ibatis.session.defaults.DefaultSqlSession@2f59cb6f]
Transaction synchronization closing SqlSession [org.apache.ibatis.session.defaults.DefaultSqlSession@2f59cb6f]
Creating a new SqlSession
Registering transaction synchronization for SqlSession [org.apache.ibatis.session.defaults.DefaultSqlSession@672549f3]
JDBC Connection [HikariProxyConnection@1805981439 wrapping com.mysql.cj.jdbc.ConnectionImpl@7e615c6a] will be managed by Spring
==>  Preparing: INSERT INTO `tb_post` (content, author_id, publish_at, last_update) VALUES (?, ?, ?, ?)
==> Parameters: 新法律通过，以保护环境和减少污染。(String), 40(Long), 2024-09-28T19:07:46.670116800(LocalDateTime), 2024-09-28T19:07:46.670116800(LocalDateTime)
<==    Updates: 1
Releasing transactional SqlSession [org.apache.ibatis.session.defaults.DefaultSqlSession@672549f3]
Transaction synchronization committing SqlSession [org.apache.ibatis.session.defaults.DefaultSqlSession@672549f3]
Transaction synchronization deregistering SqlSession [org.apache.ibatis.session.defaults.DefaultSqlSession@672549f3]
Transaction synchronization closing SqlSession [org.apache.ibatis.session.defaults.DefaultSqlSession@672549f3]
Creating a new SqlSession
Registering transaction synchronization for SqlSession [org.apache.ibatis.session.defaults.DefaultSqlSession@3f0c2eff]
JDBC Connection [HikariProxyConnection@509643020 wrapping com.mysql.cj.jdbc.ConnectionImpl@7e615c6a] will be managed by Spring
==>  Preparing: INSERT INTO `tb_post` (content, author_id, publish_at, last_update) VALUES (?, ?, ?, ?)
==> Parameters: 本地体育赛事创下参与人数新纪录。(String), 68(Long), 2024-09-28T19:07:46.680198300(LocalDateTime), 2024-09-28T19:07:46.680198300(LocalDateTime)
<==    Updates: 1
Releasing transactional SqlSession [org.apache.ibatis.session.defaults.DefaultSqlSession@3f0c2eff]
Transaction synchronization committing SqlSession [org.apache.ibatis.session.defaults.DefaultSqlSession@3f0c2eff]
Transaction synchronization deregistering SqlSession [org.apache.ibatis.session.defaults.DefaultSqlSession@3f0c2eff]
Transaction synchronization closing SqlSession [org.apache.ibatis.session.defaults.DefaultSqlSession@3f0c2eff]
Creating a new SqlSession
Registering transaction synchronization for SqlSession [org.apache.ibatis.session.defaults.DefaultSqlSession@40aaf656]
JDBC Connection [HikariProxyConnection@377277500 wrapping com.mysql.cj.jdbc.ConnectionImpl@7e615c6a] will be managed by Spring
==>  Preparing: INSERT INTO `tb_post` (content, author_id, publish_at, last_update) VALUES (?, ?, ?, ?)
==> Parameters: 政府推出新计划，以提高国民的数字素养。(String), 9(Long), 2024-09-28T19:07:46.680198300(LocalDateTime), 2024-09-28T19:07:46.680198300(LocalDateTime)
<==    Updates: 1
Releasing transactional SqlSession [org.apache.ibatis.session.defaults.DefaultSqlSession@40aaf656]
Transaction synchronization committing SqlSession [org.apache.ibatis.session.defaults.DefaultSqlSession@40aaf656]
Transaction synchronization deregistering SqlSession [org.apache.ibatis.session.defaults.DefaultSqlSession@40aaf656]
Transaction synchronization closing SqlSession [org.apache.ibatis.session.defaults.DefaultSqlSession@40aaf656]
Creating a new SqlSession
Registering transaction synchronization for SqlSession [org.apache.ibatis.session.defaults.DefaultSqlSession@25dacc5a]
JDBC Connection [HikariProxyConnection@658399791 wrapping com.mysql.cj.jdbc.ConnectionImpl@7e615c6a] will be managed by Spring
==>  Preparing: INSERT INTO `tb_post` (content, author_id, publish_at, last_update) VALUES (?, ?, ?, ?)
==> Parameters: 科技公司宣布新合作，以开发先进的医疗设备。(String), 59(Long), 2024-09-28T19:07:46.689712300(LocalDateTime), 2024-09-28T19:07:46.689712300(LocalDateTime)
<==    Updates: 1
Releasing transactional SqlSession [org.apache.ibatis.session.defaults.DefaultSqlSession@25dacc5a]
Transaction synchronization committing SqlSession [org.apache.ibatis.session.defaults.DefaultSqlSession@25dacc5a]
Transaction synchronization deregistering SqlSession [org.apache.ibatis.session.defaults.DefaultSqlSession@25dacc5a]
Transaction synchronization closing SqlSession [org.apache.ibatis.session.defaults.DefaultSqlSession@25dacc5a]
Creating a new SqlSession
Registering transaction synchronization for SqlSession [org.apache.ibatis.session.defaults.DefaultSqlSession@21d561c9]
JDBC Connection [HikariProxyConnection@737096679 wrapping com.mysql.cj.jdbc.ConnectionImpl@7e615c6a] will be managed by Spring
==>  Preparing: INSERT INTO `tb_post` (content, author_id, publish_at, last_update) VALUES (?, ?, ?, ?)
==> Parameters: 探索古老的城堡，每一砖一瓦都诉说着历史的故事。(String), 75(Long), 2024-09-28T19:07:46.689712300(LocalDateTime), 2024-09-28T19:07:46.689712300(LocalDateTime)
<==    Updates: 1
Releasing transactional SqlSession [org.apache.ibatis.session.defaults.DefaultSqlSession@21d561c9]
Transaction synchronization committing SqlSession [org.apache.ibatis.session.defaults.DefaultSqlSession@21d561c9]
Transaction synchronization deregistering SqlSession [org.apache.ibatis.session.defaults.DefaultSqlSession@21d561c9]
Transaction synchronization closing SqlSession [org.apache.ibatis.session.defaults.DefaultSqlSession@21d561c9]
Creating a new SqlSession
Registering transaction synchronization for SqlSession [org.apache.ibatis.session.defaults.DefaultSqlSession@56afbace]
JDBC Connection [HikariProxyConnection@1401226549 wrapping com.mysql.cj.jdbc.ConnectionImpl@7e615c6a] will be managed by Spring
==>  Preparing: INSERT INTO `tb_post` (content, author_id, publish_at, last_update) VALUES (?, ?, ?, ?)
==> Parameters: 在沙滩上留下脚印，让海浪带走我的烦恼。(String), 79(Long), 2024-09-28T19:07:46.700017800(LocalDateTime), 2024-09-28T19:07:46.700017800(LocalDateTime)
<==    Updates: 1
Releasing transactional SqlSession [org.apache.ibatis.session.defaults.DefaultSqlSession@56afbace]
Transaction synchronization committing SqlSession [org.apache.ibatis.session.defaults.DefaultSqlSession@56afbace]
Transaction synchronization deregistering SqlSession [org.apache.ibatis.session.defaults.DefaultSqlSession@56afbace]
Transaction synchronization closing SqlSession [org.apache.ibatis.session.defaults.DefaultSqlSession@56afbace]
Creating a new SqlSession
Registering transaction synchronization for SqlSession [org.apache.ibatis.session.defaults.DefaultSqlSession@407ff25f]
JDBC Connection [HikariProxyConnection@289049029 wrapping com.mysql.cj.jdbc.ConnectionImpl@7e615c6a] will be managed by Spring
==>  Preparing: INSERT INTO `tb_post` (content, author_id, publish_at, last_update) VALUES (?, ?, ?, ?)
==> Parameters: 徒步穿越丛林，寻找隐藏在大自然中的宝藏。(String), 14(Long), 2024-09-28T19:07:46.710191100(LocalDateTime), 2024-09-28T19:07:46.710191100(LocalDateTime)
<==    Updates: 1
Releasing transactional SqlSession [org.apache.ibatis.session.defaults.DefaultSqlSession@407ff25f]
Transaction synchronization committing SqlSession [org.apache.ibatis.session.defaults.DefaultSqlSession@407ff25f]
Transaction synchronization deregistering SqlSession [org.apache.ibatis.session.defaults.DefaultSqlSession@407ff25f]
Transaction synchronization closing SqlSession [org.apache.ibatis.session.defaults.DefaultSqlSession@407ff25f]
Creating a new SqlSession
Registering transaction synchronization for SqlSession [org.apache.ibatis.session.defaults.DefaultSqlSession@46059b73]
JDBC Connection [HikariProxyConnection@1806983232 wrapping com.mysql.cj.jdbc.ConnectionImpl@7e615c6a] will be managed by Spring
==>  Preparing: INSERT INTO `tb_post` (content, author_id, publish_at, last_update) VALUES (?, ?, ?, ?)
==> Parameters: 站在山顶，呼吸着清新的空气，感受着自由的风。(String), 89(Long), 2024-09-28T19:07:46.719800800(LocalDateTime), 2024-09-28T19:07:46.719800800(LocalDateTime)
<==    Updates: 1
Releasing transactional SqlSession [org.apache.ibatis.session.defaults.DefaultSqlSession@46059b73]
Transaction synchronization committing SqlSession [org.apache.ibatis.session.defaults.DefaultSqlSession@46059b73]
Transaction synchronization deregistering SqlSession [org.apache.ibatis.session.defaults.DefaultSqlSession@46059b73]
Transaction synchronization closing SqlSession [org.apache.ibatis.session.defaults.DefaultSqlSession@46059b73]
Creating a new SqlSession
Registering transaction synchronization for SqlSession [org.apache.ibatis.session.defaults.DefaultSqlSession@60660d21]
JDBC Connection [HikariProxyConnection@247888865 wrapping com.mysql.cj.jdbc.ConnectionImpl@7e615c6a] will be managed by Spring
==>  Preparing: INSERT INTO `tb_post` (content, author_id, publish_at, last_update) VALUES (?, ?, ?, ?)
==> Parameters: 在古老的图书馆里，沉浸在书海中，享受知识的洗礼。(String), 57(Long), 2024-09-28T19:07:46.724810500(LocalDateTime), 2024-09-28T19:07:46.724810500(LocalDateTime)
<==    Updates: 1
Releasing transactional SqlSession [org.apache.ibatis.session.defaults.DefaultSqlSession@60660d21]
Transaction synchronization committing SqlSession [org.apache.ibatis.session.defaults.DefaultSqlSession@60660d21]
Transaction synchronization deregistering SqlSession [org.apache.ibatis.session.defaults.DefaultSqlSession@60660d21]
Transaction synchronization closing SqlSession [org.apache.ibatis.session.defaults.DefaultSqlSession@60660d21]
Creating a new SqlSession
Registering transaction synchronization for SqlSession [org.apache.ibatis.session.defaults.DefaultSqlSession@5ab1107d]
JDBC Connection [HikariProxyConnection@61783476 wrapping com.mysql.cj.jdbc.ConnectionImpl@7e615c6a] will be managed by Spring
==>  Preparing: INSERT INTO `tb_post` (content, author_id, publish_at, last_update) VALUES (?, ?, ?, ?)
==> Parameters: 品尝当地美食，每一口都是对味蕾的盛宴。(String), 73(Long), 2024-09-28T19:07:46.734878700(LocalDateTime), 2024-09-28T19:07:46.734878700(LocalDateTime)
<==    Updates: 1
Releasing transactional SqlSession [org.apache.ibatis.session.defaults.DefaultSqlSession@5ab1107d]
Transaction synchronization committing SqlSession [org.apache.ibatis.session.defaults.DefaultSqlSession@5ab1107d]
Transaction synchronization deregistering SqlSession [org.apache.ibatis.session.defaults.DefaultSqlSession@5ab1107d]
Transaction synchronization closing SqlSession [org.apache.ibatis.session.defaults.DefaultSqlSession@5ab1107d]
Creating a new SqlSession
Registering transaction synchronization for SqlSession [org.apache.ibatis.session.defaults.DefaultSqlSession@516370c1]
JDBC Connection [HikariProxyConnection@1350450807 wrapping com.mysql.cj.jdbc.ConnectionImpl@7e615c6a] will be managed by Spring
==>  Preparing: INSERT INTO `tb_post` (content, author_id, publish_at, last_update) VALUES (?, ?, ?, ?)
==> Parameters: 在星空下露营，与大自然亲密接触。(String), 18(Long), 2024-09-28T19:07:46.746926500(LocalDateTime), 2024-09-28T19:07:46.746926500(LocalDateTime)
<==    Updates: 1
Releasing transactional SqlSession [org.apache.ibatis.session.defaults.DefaultSqlSession@516370c1]
Transaction synchronization committing SqlSession [org.apache.ibatis.session.defaults.DefaultSqlSession@516370c1]
Transaction synchronization deregistering SqlSession [org.apache.ibatis.session.defaults.DefaultSqlSession@516370c1]
Transaction synchronization closing SqlSession [org.apache.ibatis.session.defaults.DefaultSqlSession@516370c1]
Creating a new SqlSession
Registering transaction synchronization for SqlSession [org.apache.ibatis.session.defaults.DefaultSqlSession@2fb40e49]
JDBC Connection [HikariProxyConnection@915307834 wrapping com.mysql.cj.jdbc.ConnectionImpl@7e615c6a] will be managed by Spring
==>  Preparing: INSERT INTO `tb_post` (content, author_id, publish_at, last_update) VALUES (?, ?, ?, ?)
==> Parameters: 乘坐热气球，俯瞰这片美丽的土地。(String), 50(Long), 2024-09-28T19:07:46.755128500(LocalDateTime), 2024-09-28T19:07:46.755128500(LocalDateTime)
<==    Updates: 1
Releasing transactional SqlSession [org.apache.ibatis.session.defaults.DefaultSqlSession@2fb40e49]
Transaction synchronization committing SqlSession [org.apache.ibatis.session.defaults.DefaultSqlSession@2fb40e49]
Transaction synchronization deregistering SqlSession [org.apache.ibatis.session.defaults.DefaultSqlSession@2fb40e49]
Transaction synchronization closing SqlSession [org.apache.ibatis.session.defaults.DefaultSqlSession@2fb40e49]
Creating a new SqlSession
Registering transaction synchronization for SqlSession [org.apache.ibatis.session.defaults.DefaultSqlSession@79827e71]
JDBC Connection [HikariProxyConnection@2094191542 wrapping com.mysql.cj.jdbc.ConnectionImpl@7e615c6a] will be managed by Spring
==>  Preparing: INSERT INTO `tb_post` (content, author_id, publish_at, last_update) VALUES (?, ?, ?, ?)
==> Parameters: 在古城的石板路上漫步，感受历史的厚重。(String), 32(Long), 2024-09-28T19:07:46.770300(LocalDateTime), 2024-09-28T19:07:46.770300(LocalDateTime)
<==    Updates: 1
Releasing transactional SqlSession [org.apache.ibatis.session.defaults.DefaultSqlSession@79827e71]
Transaction synchronization committing SqlSession [org.apache.ibatis.session.defaults.DefaultSqlSession@79827e71]
Transaction synchronization deregistering SqlSession [org.apache.ibatis.session.defaults.DefaultSqlSession@79827e71]
Transaction synchronization closing SqlSession [org.apache.ibatis.session.defaults.DefaultSqlSession@79827e71]
Creating a new SqlSession
Registering transaction synchronization for SqlSession [org.apache.ibatis.session.defaults.DefaultSqlSession@2c4eda3a]
JDBC Connection [HikariProxyConnection@683572661 wrapping com.mysql.cj.jdbc.ConnectionImpl@7e615c6a] will be managed by Spring
==>  Preparing: INSERT INTO `tb_post` (content, author_id, publish_at, last_update) VALUES (?, ?, ?, ?)
==> Parameters: 在清澈的湖水中划船，享受宁静的午后时光。(String), 43(Long), 2024-09-28T19:07:46.780365300(LocalDateTime), 2024-09-28T19:07:46.780365300(LocalDateTime)
<==    Updates: 1
Releasing transactional SqlSession [org.apache.ibatis.session.defaults.DefaultSqlSession@2c4eda3a]
Transaction synchronization committing SqlSession [org.apache.ibatis.session.defaults.DefaultSqlSession@2c4eda3a]
Transaction synchronization deregistering SqlSession [org.apache.ibatis.session.defaults.DefaultSqlSession@2c4eda3a]
Transaction synchronization closing SqlSession [org.apache.ibatis.session.defaults.DefaultSqlSession@2c4eda3a]
Creating a new SqlSession
Registering transaction synchronization for SqlSession [org.apache.ibatis.session.defaults.DefaultSqlSession@33293b34]
JDBC Connection [HikariProxyConnection@877611650 wrapping com.mysql.cj.jdbc.ConnectionImpl@7e615c6a] will be managed by Spring
==>  Preparing: INSERT INTO `tb_post` (content, author_id, publish_at, last_update) VALUES (?, ?, ?, ?)
==> Parameters: 在瀑布下感受水雾的清新，让心灵得到净化。(String), 24(Long), 2024-09-28T19:07:46.790270900(LocalDateTime), 2024-09-28T19:07:46.790270900(LocalDateTime)
<==    Updates: 1
Releasing transactional SqlSession [org.apache.ibatis.session.defaults.DefaultSqlSession@33293b34]
Transaction synchronization committing SqlSession [org.apache.ibatis.session.defaults.DefaultSqlSession@33293b34]
Transaction synchronization deregistering SqlSession [org.apache.ibatis.session.defaults.DefaultSqlSession@33293b34]
Transaction synchronization closing SqlSession [org.apache.ibatis.session.defaults.DefaultSqlSession@33293b34]
Creating a new SqlSession
Registering transaction synchronization for SqlSession [org.apache.ibatis.session.defaults.DefaultSqlSession@1dc987b]
JDBC Connection [HikariProxyConnection@213727345 wrapping com.mysql.cj.jdbc.ConnectionImpl@7e615c6a] will be managed by Spring
==>  Preparing: INSERT INTO `tb_post` (content, author_id, publish_at, last_update) VALUES (?, ?, ?, ?)
==> Parameters: 在异国的街头，体验不同的文化和风俗。(String), 34(Long), 2024-09-28T19:07:46.800444(LocalDateTime), 2024-09-28T19:07:46.800444(LocalDateTime)
<==    Updates: 1
Releasing transactional SqlSession [org.apache.ibatis.session.defaults.DefaultSqlSession@1dc987b]
Transaction synchronization committing SqlSession [org.apache.ibatis.session.defaults.DefaultSqlSession@1dc987b]
Transaction synchronization deregistering SqlSession [org.apache.ibatis.session.defaults.DefaultSqlSession@1dc987b]
Transaction synchronization closing SqlSession [org.apache.ibatis.session.defaults.DefaultSqlSession@1dc987b]
Creating a new SqlSession
Registering transaction synchronization for SqlSession [org.apache.ibatis.session.defaults.DefaultSqlSession@2d7df55]
JDBC Connection [HikariProxyConnection@1267443383 wrapping com.mysql.cj.jdbc.ConnectionImpl@7e615c6a] will be managed by Spring
==>  Preparing: INSERT INTO `tb_post` (content, author_id, publish_at, last_update) VALUES (?, ?, ?, ?)
==> Parameters: 在博物馆里，欣赏艺术大师的杰作。(String), 6(Long), 2024-09-28T19:07:46.810289(LocalDateTime), 2024-09-28T19:07:46.810289(LocalDateTime)
<==    Updates: 1
Releasing transactional SqlSession [org.apache.ibatis.session.defaults.DefaultSqlSession@2d7df55]
Transaction synchronization committing SqlSession [org.apache.ibatis.session.defaults.DefaultSqlSession@2d7df55]
Transaction synchronization deregistering SqlSession [org.apache.ibatis.session.defaults.DefaultSqlSession@2d7df55]
Transaction synchronization closing SqlSession [org.apache.ibatis.session.defaults.DefaultSqlSession@2d7df55]
Creating a new SqlSession
Registering transaction synchronization for SqlSession [org.apache.ibatis.session.defaults.DefaultSqlSession@6bca6c4c]
JDBC Connection [HikariProxyConnection@1573832937 wrapping com.mysql.cj.jdbc.ConnectionImpl@7e615c6a] will be managed by Spring
==>  Preparing: INSERT INTO `tb_post` (content, author_id, publish_at, last_update) VALUES (?, ?, ?, ?)
==> Parameters: 在温泉中放松身心，享受大自然的馈赠。(String), 69(Long), 2024-09-28T19:07:46.820634600(LocalDateTime), 2024-09-28T19:07:46.820634600(LocalDateTime)
<==    Updates: 1
Releasing transactional SqlSession [org.apache.ibatis.session.defaults.DefaultSqlSession@6bca6c4c]
Transaction synchronization committing SqlSession [org.apache.ibatis.session.defaults.DefaultSqlSession@6bca6c4c]
Transaction synchronization deregistering SqlSession [org.apache.ibatis.session.defaults.DefaultSqlSession@6bca6c4c]
Transaction synchronization closing SqlSession [org.apache.ibatis.session.defaults.DefaultSqlSession@6bca6c4c]
Creating a new SqlSession
Registering transaction synchronization for SqlSession [org.apache.ibatis.session.defaults.DefaultSqlSession@1851f19f]
JDBC Connection [HikariProxyConnection@1555288047 wrapping com.mysql.cj.jdbc.ConnectionImpl@7e615c6a] will be managed by Spring
==>  Preparing: INSERT INTO `tb_post` (content, author_id, publish_at, last_update) VALUES (?, ?, ?, ?)
==> Parameters: 在滑雪场体验速度与激情，感受雪的纯净。(String), 25(Long), 2024-09-28T19:07:46.830319900(LocalDateTime), 2024-09-28T19:07:46.830319900(LocalDateTime)
<==    Updates: 1
Releasing transactional SqlSession [org.apache.ibatis.session.defaults.DefaultSqlSession@1851f19f]
Transaction synchronization committing SqlSession [org.apache.ibatis.session.defaults.DefaultSqlSession@1851f19f]
Transaction synchronization deregistering SqlSession [org.apache.ibatis.session.defaults.DefaultSqlSession@1851f19f]
Transaction synchronization closing SqlSession [org.apache.ibatis.session.defaults.DefaultSqlSession@1851f19f]
Creating a new SqlSession
Registering transaction synchronization for SqlSession [org.apache.ibatis.session.defaults.DefaultSqlSession@35fd03d9]
JDBC Connection [HikariProxyConnection@1122185195 wrapping com.mysql.cj.jdbc.ConnectionImpl@7e615c6a] will be managed by Spring
==>  Preparing: INSERT INTO `tb_post` (content, author_id, publish_at, last_update) VALUES (?, ?, ?, ?)
==> Parameters: 在热带岛屿上，享受阳光、沙滩和海浪。(String), 22(Long), 2024-09-28T19:07:46.839744600(LocalDateTime), 2024-09-28T19:07:46.839744600(LocalDateTime)
<==    Updates: 1
Releasing transactional SqlSession [org.apache.ibatis.session.defaults.DefaultSqlSession@35fd03d9]
Transaction synchronization committing SqlSession [org.apache.ibatis.session.defaults.DefaultSqlSession@35fd03d9]
Transaction synchronization deregistering SqlSession [org.apache.ibatis.session.defaults.DefaultSqlSession@35fd03d9]
Transaction synchronization closing SqlSession [org.apache.ibatis.session.defaults.DefaultSqlSession@35fd03d9]
Creating a new SqlSession
Registering transaction synchronization for SqlSession [org.apache.ibatis.session.defaults.DefaultSqlSession@702e21c]
JDBC Connection [HikariProxyConnection@2086649316 wrapping com.mysql.cj.jdbc.ConnectionImpl@7e615c6a] will be managed by Spring
==>  Preparing: INSERT INTO `tb_post` (content, author_id, publish_at, last_update) VALUES (?, ?, ?, ?)
==> Parameters: 在野生动物园，近距离观察野生动物的自然状态。(String), 2(Long), 2024-09-28T19:07:46.850103800(LocalDateTime), 2024-09-28T19:07:46.850103800(LocalDateTime)
<==    Updates: 1
Releasing transactional SqlSession [org.apache.ibatis.session.defaults.DefaultSqlSession@702e21c]
Transaction synchronization committing SqlSession [org.apache.ibatis.session.defaults.DefaultSqlSession@702e21c]
Transaction synchronization deregistering SqlSession [org.apache.ibatis.session.defaults.DefaultSqlSession@702e21c]
Transaction synchronization closing SqlSession [org.apache.ibatis.session.defaults.DefaultSqlSession@702e21c]
Creating a new SqlSession
Registering transaction synchronization for SqlSession [org.apache.ibatis.session.defaults.DefaultSqlSession@14d9ae22]
JDBC Connection [HikariProxyConnection@1760459579 wrapping com.mysql.cj.jdbc.ConnectionImpl@7e615c6a] will be managed by Spring
==>  Preparing: INSERT INTO `tb_post` (content, author_id, publish_at, last_update) VALUES (?, ?, ?, ?)
==> Parameters: 在古镇的小巷中，寻找那些被遗忘的故事。(String), 79(Long), 2024-09-28T19:07:46.850103800(LocalDateTime), 2024-09-28T19:07:46.850103800(LocalDateTime)
<==    Updates: 1
Releasing transactional SqlSession [org.apache.ibatis.session.defaults.DefaultSqlSession@14d9ae22]
Transaction synchronization committing SqlSession [org.apache.ibatis.session.defaults.DefaultSqlSession@14d9ae22]
Transaction synchronization deregistering SqlSession [org.apache.ibatis.session.defaults.DefaultSqlSession@14d9ae22]
Transaction synchronization closing SqlSession [org.apache.ibatis.session.defaults.DefaultSqlSession@14d9ae22]
Creating a new SqlSession
Registering transaction synchronization for SqlSession [org.apache.ibatis.session.defaults.DefaultSqlSession@1ddc5857]
JDBC Connection [HikariProxyConnection@1119605276 wrapping com.mysql.cj.jdbc.ConnectionImpl@7e615c6a] will be managed by Spring
==>  Preparing: INSERT INTO `tb_post` (content, author_id, publish_at, last_update) VALUES (?, ?, ?, ?)
==> Parameters: 在国家公园，徒步探索自然的奥秘。(String), 1(Long), 2024-09-28T19:07:46.860142100(LocalDateTime), 2024-09-28T19:07:46.860142100(LocalDateTime)
<==    Updates: 1
Releasing transactional SqlSession [org.apache.ibatis.session.defaults.DefaultSqlSession@1ddc5857]
Transaction synchronization committing SqlSession [org.apache.ibatis.session.defaults.DefaultSqlSession@1ddc5857]
Transaction synchronization deregistering SqlSession [org.apache.ibatis.session.defaults.DefaultSqlSession@1ddc5857]
Transaction synchronization closing SqlSession [org.apache.ibatis.session.defaults.DefaultSqlSession@1ddc5857]
Creating a new SqlSession
Registering transaction synchronization for SqlSession [org.apache.ibatis.session.defaults.DefaultSqlSession@289b7efe]
JDBC Connection [HikariProxyConnection@1826145139 wrapping com.mysql.cj.jdbc.ConnectionImpl@7e615c6a] will be managed by Spring
==>  Preparing: INSERT INTO `tb_post` (content, author_id, publish_at, last_update) VALUES (?, ?, ?, ?)
==> Parameters: 在海边的日落中，感受一天的结束和宁静。(String), 74(Long), 2024-09-28T19:07:46.870022600(LocalDateTime), 2024-09-28T19:07:46.870022600(LocalDateTime)
<==    Updates: 1
Releasing transactional SqlSession [org.apache.ibatis.session.defaults.DefaultSqlSession@289b7efe]
Transaction synchronization committing SqlSession [org.apache.ibatis.session.defaults.DefaultSqlSession@289b7efe]
Transaction synchronization deregistering SqlSession [org.apache.ibatis.session.defaults.DefaultSqlSession@289b7efe]
Transaction synchronization closing SqlSession [org.apache.ibatis.session.defaults.DefaultSqlSession@289b7efe]
Creating a new SqlSession
Registering transaction synchronization for SqlSession [org.apache.ibatis.session.defaults.DefaultSqlSession@606d2a92]
JDBC Connection [HikariProxyConnection@1922191129 wrapping com.mysql.cj.jdbc.ConnectionImpl@7e615c6a] will be managed by Spring
==>  Preparing: INSERT INTO `tb_post` (content, author_id, publish_at, last_update) VALUES (?, ?, ?, ?)
==> Parameters: 在古老的寺庙里，寻找内心的平静和宁静。(String), 3(Long), 2024-09-28T19:07:46.870022600(LocalDateTime), 2024-09-28T19:07:46.870022600(LocalDateTime)
<==    Updates: 1
Releasing transactional SqlSession [org.apache.ibatis.session.defaults.DefaultSqlSession@606d2a92]
Transaction synchronization committing SqlSession [org.apache.ibatis.session.defaults.DefaultSqlSession@606d2a92]
Transaction synchronization deregistering SqlSession [org.apache.ibatis.session.defaults.DefaultSqlSession@606d2a92]
Transaction synchronization closing SqlSession [org.apache.ibatis.session.defaults.DefaultSqlSession@606d2a92]
Creating a new SqlSession
Registering transaction synchronization for SqlSession [org.apache.ibatis.session.defaults.DefaultSqlSession@20ee660b]
JDBC Connection [HikariProxyConnection@41646355 wrapping com.mysql.cj.jdbc.ConnectionImpl@7e615c6a] will be managed by Spring
==>  Preparing: INSERT INTO `tb_post` (content, author_id, publish_at, last_update) VALUES (?, ?, ?, ?)
==> Parameters: 在葡萄酒庄园，品尝醇香的美酒。(String), 12(Long), 2024-09-28T19:07:46.870022600(LocalDateTime), 2024-09-28T19:07:46.870022600(LocalDateTime)
<==    Updates: 1
Releasing transactional SqlSession [org.apache.ibatis.session.defaults.DefaultSqlSession@20ee660b]
Transaction synchronization committing SqlSession [org.apache.ibatis.session.defaults.DefaultSqlSession@20ee660b]
Transaction synchronization deregistering SqlSession [org.apache.ibatis.session.defaults.DefaultSqlSession@20ee660b]
Transaction synchronization closing SqlSession [org.apache.ibatis.session.defaults.DefaultSqlSession@20ee660b]
Creating a new SqlSession
Registering transaction synchronization for SqlSession [org.apache.ibatis.session.defaults.DefaultSqlSession@7ef34eb3]
JDBC Connection [HikariProxyConnection@1576827711 wrapping com.mysql.cj.jdbc.ConnectionImpl@7e615c6a] will be managed by Spring
==>  Preparing: INSERT INTO `tb_post` (content, author_id, publish_at, last_update) VALUES (?, ?, ?, ?)
==> Parameters: 在雪山脚下，感受大自然的壮丽和力量。(String), 24(Long), 2024-09-28T19:07:46.883780800(LocalDateTime), 2024-09-28T19:07:46.883780800(LocalDateTime)
<==    Updates: 1
Releasing transactional SqlSession [org.apache.ibatis.session.defaults.DefaultSqlSession@7ef34eb3]
Transaction synchronization committing SqlSession [org.apache.ibatis.session.defaults.DefaultSqlSession@7ef34eb3]
Transaction synchronization deregistering SqlSession [org.apache.ibatis.session.defaults.DefaultSqlSession@7ef34eb3]
Transaction synchronization closing SqlSession [org.apache.ibatis.session.defaults.DefaultSqlSession@7ef34eb3]
Creating a new SqlSession
Registering transaction synchronization for SqlSession [org.apache.ibatis.session.defaults.DefaultSqlSession@106c3e0a]
JDBC Connection [HikariProxyConnection@357350214 wrapping com.mysql.cj.jdbc.ConnectionImpl@7e615c6a] will be managed by Spring
==>  Preparing: INSERT INTO `tb_post` (content, author_id, publish_at, last_update) VALUES (?, ?, ?, ?)
==> Parameters: 在热带雨林中，探索生物多样性的奇迹。(String), 5(Long), 2024-09-28T19:07:46.883780800(LocalDateTime), 2024-09-28T19:07:46.883780800(LocalDateTime)
<==    Updates: 1
Releasing transactional SqlSession [org.apache.ibatis.session.defaults.DefaultSqlSession@106c3e0a]
Transaction synchronization committing SqlSession [org.apache.ibatis.session.defaults.DefaultSqlSession@106c3e0a]
Transaction synchronization deregistering SqlSession [org.apache.ibatis.session.defaults.DefaultSqlSession@106c3e0a]
Transaction synchronization closing SqlSession [org.apache.ibatis.session.defaults.DefaultSqlSession@106c3e0a]
Creating a new SqlSession
Registering transaction synchronization for SqlSession [org.apache.ibatis.session.defaults.DefaultSqlSession@3ba6707e]
JDBC Connection [HikariProxyConnection@1281024621 wrapping com.mysql.cj.jdbc.ConnectionImpl@7e615c6a] will be managed by Spring
==>  Preparing: INSERT INTO `tb_post` (content, author_id, publish_at, last_update) VALUES (?, ?, ?, ?)
==> Parameters: 在沙漠中，感受无边无际的沙海和寂静。(String), 76(Long), 2024-09-28T19:07:46.889859500(LocalDateTime), 2024-09-28T19:07:46.889859500(LocalDateTime)
<==    Updates: 1
Releasing transactional SqlSession [org.apache.ibatis.session.defaults.DefaultSqlSession@3ba6707e]
Transaction synchronization committing SqlSession [org.apache.ibatis.session.defaults.DefaultSqlSession@3ba6707e]
Transaction synchronization deregistering SqlSession [org.apache.ibatis.session.defaults.DefaultSqlSession@3ba6707e]
Transaction synchronization closing SqlSession [org.apache.ibatis.session.defaults.DefaultSqlSession@3ba6707e]
Creating a new SqlSession
Registering transaction synchronization for SqlSession [org.apache.ibatis.session.defaults.DefaultSqlSession@158b8d10]
JDBC Connection [HikariProxyConnection@483939310 wrapping com.mysql.cj.jdbc.ConnectionImpl@7e615c6a] will be managed by Spring
==>  Preparing: INSERT INTO `tb_post` (content, author_id, publish_at, last_update) VALUES (?, ?, ?, ?)
==> Parameters: 在海边的度假村，享受悠闲的假期。(String), 59(Long), 2024-09-28T19:07:46.895928100(LocalDateTime), 2024-09-28T19:07:46.895928100(LocalDateTime)
<==    Updates: 1
Releasing transactional SqlSession [org.apache.ibatis.session.defaults.DefaultSqlSession@158b8d10]
Transaction synchronization committing SqlSession [org.apache.ibatis.session.defaults.DefaultSqlSession@158b8d10]
Transaction synchronization deregistering SqlSession [org.apache.ibatis.session.defaults.DefaultSqlSession@158b8d10]
Transaction synchronization closing SqlSession [org.apache.ibatis.session.defaults.DefaultSqlSession@158b8d10]
Creating a new SqlSession
Registering transaction synchronization for SqlSession [org.apache.ibatis.session.defaults.DefaultSqlSession@66be0e72]
JDBC Connection [HikariProxyConnection@235521954 wrapping com.mysql.cj.jdbc.ConnectionImpl@7e615c6a] will be managed by Spring
==>  Preparing: INSERT INTO `tb_post` (content, author_id, publish_at, last_update) VALUES (?, ?, ?, ?)
==> Parameters: 在古城墙下，感受历史的沧桑和变迁。(String), 61(Long), 2024-09-28T19:07:46.899938900(LocalDateTime), 2024-09-28T19:07:46.899938900(LocalDateTime)
<==    Updates: 1
Releasing transactional SqlSession [org.apache.ibatis.session.defaults.DefaultSqlSession@66be0e72]
Transaction synchronization committing SqlSession [org.apache.ibatis.session.defaults.DefaultSqlSession@66be0e72]
Transaction synchronization deregistering SqlSession [org.apache.ibatis.session.defaults.DefaultSqlSession@66be0e72]
Transaction synchronization closing SqlSession [org.apache.ibatis.session.defaults.DefaultSqlSession@66be0e72]
Creating a new SqlSession
Registering transaction synchronization for SqlSession [org.apache.ibatis.session.defaults.DefaultSqlSession@3344c1d7]
JDBC Connection [HikariProxyConnection@273573184 wrapping com.mysql.cj.jdbc.ConnectionImpl@7e615c6a] will be managed by Spring
==>  Preparing: INSERT INTO `tb_post` (content, author_id, publish_at, last_update) VALUES (?, ?, ?, ?)
==> Parameters: 在乡村的小路上，体验田园生活的宁静和美好。(String), 56(Long), 2024-09-28T19:07:46.910064900(LocalDateTime), 2024-09-28T19:07:46.910064900(LocalDateTime)
<==    Updates: 1
Releasing transactional SqlSession [org.apache.ibatis.session.defaults.DefaultSqlSession@3344c1d7]
Transaction synchronization committing SqlSession [org.apache.ibatis.session.defaults.DefaultSqlSession@3344c1d7]
Transaction synchronization deregistering SqlSession [org.apache.ibatis.session.defaults.DefaultSqlSession@3344c1d7]
Transaction synchronization closing SqlSession [org.apache.ibatis.session.defaults.DefaultSqlSession@3344c1d7]
Creating a new SqlSession
Registering transaction synchronization for SqlSession [org.apache.ibatis.session.defaults.DefaultSqlSession@58a5b69c]
JDBC Connection [HikariProxyConnection@1935524147 wrapping com.mysql.cj.jdbc.ConnectionImpl@7e615c6a] will be managed by Spring
==>  Preparing: INSERT INTO `tb_post` (content, author_id, publish_at, last_update) VALUES (?, ?, ?, ?)
==> Parameters: 在主题公园，享受刺激的游乐设施和欢乐的氛围。(String), 67(Long), 2024-09-28T19:07:46.910064900(LocalDateTime), 2024-09-28T19:07:46.910064900(LocalDateTime)
<==    Updates: 1
Releasing transactional SqlSession [org.apache.ibatis.session.defaults.DefaultSqlSession@58a5b69c]
Transaction synchronization committing SqlSession [org.apache.ibatis.session.defaults.DefaultSqlSession@58a5b69c]
Transaction synchronization deregistering SqlSession [org.apache.ibatis.session.defaults.DefaultSqlSession@58a5b69c]
Transaction synchronization closing SqlSession [org.apache.ibatis.session.defaults.DefaultSqlSession@58a5b69c]
Creating a new SqlSession
Registering transaction synchronization for SqlSession [org.apache.ibatis.session.defaults.DefaultSqlSession@c3e5e3c]
JDBC Connection [HikariProxyConnection@1588219600 wrapping com.mysql.cj.jdbc.ConnectionImpl@7e615c6a] will be managed by Spring
==>  Preparing: INSERT INTO `tb_post` (content, author_id, publish_at, last_update) VALUES (?, ?, ?, ?)
==> Parameters: 在艺术画廊，欣赏现代艺术的创新和多样性。(String), 79(Long), 2024-09-28T19:07:46.920050(LocalDateTime), 2024-09-28T19:07:46.920050(LocalDateTime)
<==    Updates: 1
Releasing transactional SqlSession [org.apache.ibatis.session.defaults.DefaultSqlSession@c3e5e3c]
Transaction synchronization committing SqlSession [org.apache.ibatis.session.defaults.DefaultSqlSession@c3e5e3c]
Transaction synchronization deregistering SqlSession [org.apache.ibatis.session.defaults.DefaultSqlSession@c3e5e3c]
Transaction synchronization closing SqlSession [org.apache.ibatis.session.defaults.DefaultSqlSession@c3e5e3c]
Creating a new SqlSession
Registering transaction synchronization for SqlSession [org.apache.ibatis.session.defaults.DefaultSqlSession@13563e64]
JDBC Connection [HikariProxyConnection@920386152 wrapping com.mysql.cj.jdbc.ConnectionImpl@7e615c6a] will be managed by Spring
==>  Preparing: INSERT INTO `tb_post` (content, author_id, publish_at, last_update) VALUES (?, ?, ?, ?)
==> Parameters: 在历史遗迹中，感受古代文明的智慧和辉煌。(String), 63(Long), 2024-09-28T19:07:46.920050(LocalDateTime), 2024-09-28T19:07:46.920050(LocalDateTime)
<==    Updates: 1
Releasing transactional SqlSession [org.apache.ibatis.session.defaults.DefaultSqlSession@13563e64]
Transaction synchronization committing SqlSession [org.apache.ibatis.session.defaults.DefaultSqlSession@13563e64]
Transaction synchronization deregistering SqlSession [org.apache.ibatis.session.defaults.DefaultSqlSession@13563e64]
Transaction synchronization closing SqlSession [org.apache.ibatis.session.defaults.DefaultSqlSession@13563e64]
Creating a new SqlSession
Registering transaction synchronization for SqlSession [org.apache.ibatis.session.defaults.DefaultSqlSession@66d766b9]
JDBC Connection [HikariProxyConnection@622702995 wrapping com.mysql.cj.jdbc.ConnectionImpl@7e615c6a] will be managed by Spring
==>  Preparing: INSERT INTO `tb_post` (content, author_id, publish_at, last_update) VALUES (?, ?, ?, ?)
==> Parameters: 在海滨城市，享受海鲜大餐和海风的吹拂。(String), 44(Long), 2024-09-28T19:07:46.929936900(LocalDateTime), 2024-09-28T19:07:46.929936900(LocalDateTime)
<==    Updates: 1
Releasing transactional SqlSession [org.apache.ibatis.session.defaults.DefaultSqlSession@66d766b9]
Transaction synchronization committing SqlSession [org.apache.ibatis.session.defaults.DefaultSqlSession@66d766b9]
Transaction synchronization deregistering SqlSession [org.apache.ibatis.session.defaults.DefaultSqlSession@66d766b9]
Transaction synchronization closing SqlSession [org.apache.ibatis.session.defaults.DefaultSqlSession@66d766b9]
Creating a new SqlSession
Registering transaction synchronization for SqlSession [org.apache.ibatis.session.defaults.DefaultSqlSession@74eae1e0]
JDBC Connection [HikariProxyConnection@1349353453 wrapping com.mysql.cj.jdbc.ConnectionImpl@7e615c6a] will be managed by Spring
==>  Preparing: INSERT INTO `tb_post` (content, author_id, publish_at, last_update) VALUES (?, ?, ?, ?)
==> Parameters: 在山间的小木屋，享受与世隔绝的宁静。(String), 74(Long), 2024-09-28T19:07:46.939888400(LocalDateTime), 2024-09-28T19:07:46.939888400(LocalDateTime)
<==    Updates: 1
Releasing transactional SqlSession [org.apache.ibatis.session.defaults.DefaultSqlSession@74eae1e0]
Transaction synchronization committing SqlSession [org.apache.ibatis.session.defaults.DefaultSqlSession@74eae1e0]
Transaction synchronization deregistering SqlSession [org.apache.ibatis.session.defaults.DefaultSqlSession@74eae1e0]
Transaction synchronization closing SqlSession [org.apache.ibatis.session.defaults.DefaultSqlSession@74eae1e0]
Creating a new SqlSession
Registering transaction synchronization for SqlSession [org.apache.ibatis.session.defaults.DefaultSqlSession@1e3689e7]
JDBC Connection [HikariProxyConnection@1700614789 wrapping com.mysql.cj.jdbc.ConnectionImpl@7e615c6a] will be managed by Spring
==>  Preparing: INSERT INTO `tb_post` (content, author_id, publish_at, last_update) VALUES (?, ?, ?, ?)
==> Parameters: 在河流的源头，感受生命的起源和流动。(String), 82(Long), 2024-09-28T19:07:46.949975200(LocalDateTime), 2024-09-28T19:07:46.949975200(LocalDateTime)
<==    Updates: 1
Releasing transactional SqlSession [org.apache.ibatis.session.defaults.DefaultSqlSession@1e3689e7]
Transaction synchronization committing SqlSession [org.apache.ibatis.session.defaults.DefaultSqlSession@1e3689e7]
Transaction synchronization deregistering SqlSession [org.apache.ibatis.session.defaults.DefaultSqlSession@1e3689e7]
Transaction synchronization closing SqlSession [org.apache.ibatis.session.defaults.DefaultSqlSession@1e3689e7]
Creating a new SqlSession
Registering transaction synchronization for SqlSession [org.apache.ibatis.session.defaults.DefaultSqlSession@411e567e]
JDBC Connection [HikariProxyConnection@1979294554 wrapping com.mysql.cj.jdbc.ConnectionImpl@7e615c6a] will be managed by Spring
==>  Preparing: INSERT INTO `tb_post` (content, author_id, publish_at, last_update) VALUES (?, ?, ?, ?)
==> Parameters: 在古老的教堂里，感受神圣和庄严的氛围。(String), 23(Long), 2024-09-28T19:07:46.960086900(LocalDateTime), 2024-09-28T19:07:46.960086900(LocalDateTime)
<==    Updates: 1
Releasing transactional SqlSession [org.apache.ibatis.session.defaults.DefaultSqlSession@411e567e]
Transaction synchronization committing SqlSession [org.apache.ibatis.session.defaults.DefaultSqlSession@411e567e]
Transaction synchronization deregistering SqlSession [org.apache.ibatis.session.defaults.DefaultSqlSession@411e567e]
Transaction synchronization closing SqlSession [org.apache.ibatis.session.defaults.DefaultSqlSession@411e567e]
Creating a new SqlSession
Registering transaction synchronization for SqlSession [org.apache.ibatis.session.defaults.DefaultSqlSession@40e90634]
JDBC Connection [HikariProxyConnection@1547929493 wrapping com.mysql.cj.jdbc.ConnectionImpl@7e615c6a] will be managed by Spring
==>  Preparing: INSERT INTO `tb_post` (content, author_id, publish_at, last_update) VALUES (?, ?, ?, ?)
==> Parameters: 在花园中，欣赏四季花卉的美丽和芬芳。(String), 4(Long), 2024-09-28T19:07:46.970116(LocalDateTime), 2024-09-28T19:07:46.970116(LocalDateTime)
<==    Updates: 1
Releasing transactional SqlSession [org.apache.ibatis.session.defaults.DefaultSqlSession@40e90634]
Transaction synchronization committing SqlSession [org.apache.ibatis.session.defaults.DefaultSqlSession@40e90634]
Transaction synchronization deregistering SqlSession [org.apache.ibatis.session.defaults.DefaultSqlSession@40e90634]
Transaction synchronization closing SqlSession [org.apache.ibatis.session.defaults.DefaultSqlSession@40e90634]
Creating a new SqlSession
Registering transaction synchronization for SqlSession [org.apache.ibatis.session.defaults.DefaultSqlSession@5fb58f15]
JDBC Connection [HikariProxyConnection@2101594271 wrapping com.mysql.cj.jdbc.ConnectionImpl@7e615c6a] will be managed by Spring
==>  Preparing: INSERT INTO `tb_post` (content, author_id, publish_at, last_update) VALUES (?, ?, ?, ?)
==> Parameters: 在海岸线上，感受海浪的拍打和海风的吹拂。(String), 77(Long), 2024-09-28T19:07:46.980254600(LocalDateTime), 2024-09-28T19:07:46.980254600(LocalDateTime)
<==    Updates: 1
Releasing transactional SqlSession [org.apache.ibatis.session.defaults.DefaultSqlSession@5fb58f15]
Transaction synchronization committing SqlSession [org.apache.ibatis.session.defaults.DefaultSqlSession@5fb58f15]
Transaction synchronization deregistering SqlSession [org.apache.ibatis.session.defaults.DefaultSqlSession@5fb58f15]
Transaction synchronization closing SqlSession [org.apache.ibatis.session.defaults.DefaultSqlSession@5fb58f15]
Creating a new SqlSession
Registering transaction synchronization for SqlSession [org.apache.ibatis.session.defaults.DefaultSqlSession@2e41b65a]
JDBC Connection [HikariProxyConnection@787089269 wrapping com.mysql.cj.jdbc.ConnectionImpl@7e615c6a] will be managed by Spring
==>  Preparing: INSERT INTO `tb_post` (content, author_id, publish_at, last_update) VALUES (?, ?, ?, ?)
==> Parameters: 在滑雪度假村，享受冬日的浪漫和乐趣。(String), 53(Long), 2024-09-28T19:07:46.990132600(LocalDateTime), 2024-09-28T19:07:46.990132600(LocalDateTime)
<==    Updates: 1
Releasing transactional SqlSession [org.apache.ibatis.session.defaults.DefaultSqlSession@2e41b65a]
Transaction synchronization committing SqlSession [org.apache.ibatis.session.defaults.DefaultSqlSession@2e41b65a]
Transaction synchronization deregistering SqlSession [org.apache.ibatis.session.defaults.DefaultSqlSession@2e41b65a]
Transaction synchronization closing SqlSession [org.apache.ibatis.session.defaults.DefaultSqlSession@2e41b65a]
Creating a new SqlSession
Registering transaction synchronization for SqlSession [org.apache.ibatis.session.defaults.DefaultSqlSession@b6fea12]
JDBC Connection [HikariProxyConnection@1755308707 wrapping com.mysql.cj.jdbc.ConnectionImpl@7e615c6a] will be managed by Spring
==>  Preparing: INSERT INTO `tb_post` (content, author_id, publish_at, last_update) VALUES (?, ?, ?, ?)
==> Parameters: 在热带海滩上，享受阳光浴和清凉的海水。(String), 66(Long), 2024-09-28T19:07:47.000247(LocalDateTime), 2024-09-28T19:07:47.000247(LocalDateTime)
<==    Updates: 1
Releasing transactional SqlSession [org.apache.ibatis.session.defaults.DefaultSqlSession@b6fea12]
Transaction synchronization committing SqlSession [org.apache.ibatis.session.defaults.DefaultSqlSession@b6fea12]
Transaction synchronization deregistering SqlSession [org.apache.ibatis.session.defaults.DefaultSqlSession@b6fea12]
Transaction synchronization closing SqlSession [org.apache.ibatis.session.defaults.DefaultSqlSession@b6fea12]
Creating a new SqlSession
Registering transaction synchronization for SqlSession [org.apache.ibatis.session.defaults.DefaultSqlSession@570089c4]
JDBC Connection [HikariProxyConnection@716294057 wrapping com.mysql.cj.jdbc.ConnectionImpl@7e615c6a] will be managed by Spring
==>  Preparing: INSERT INTO `tb_post` (content, author_id, publish_at, last_update) VALUES (?, ?, ?, ?)
==> Parameters: 在城市的最高点，俯瞰整个城市的繁华和活力。(String), 68(Long), 2024-09-28T19:07:47.010185600(LocalDateTime), 2024-09-28T19:07:47.010185600(LocalDateTime)
<==    Updates: 1
Releasing transactional SqlSession [org.apache.ibatis.session.defaults.DefaultSqlSession@570089c4]
Transaction synchronization committing SqlSession [org.apache.ibatis.session.defaults.DefaultSqlSession@570089c4]
Transaction synchronization deregistering SqlSession [org.apache.ibatis.session.defaults.DefaultSqlSession@570089c4]
Transaction synchronization closing SqlSession [org.apache.ibatis.session.defaults.DefaultSqlSession@570089c4]
Creating a new SqlSession
Registering transaction synchronization for SqlSession [org.apache.ibatis.session.defaults.DefaultSqlSession@1235732d]
JDBC Connection [HikariProxyConnection@1415857264 wrapping com.mysql.cj.jdbc.ConnectionImpl@7e615c6a] will be managed by Spring
==>  Preparing: INSERT INTO `tb_post` (content, author_id, publish_at, last_update) VALUES (?, ?, ?, ?)
==> Parameters: 在古老的宫殿里，感受皇室的奢华和权力。(String), 70(Long), 2024-09-28T19:07:47.020057600(LocalDateTime), 2024-09-28T19:07:47.020057600(LocalDateTime)
<==    Updates: 1
Releasing transactional SqlSession [org.apache.ibatis.session.defaults.DefaultSqlSession@1235732d]
Transaction synchronization committing SqlSession [org.apache.ibatis.session.defaults.DefaultSqlSession@1235732d]
Transaction synchronization deregistering SqlSession [org.apache.ibatis.session.defaults.DefaultSqlSession@1235732d]
Transaction synchronization closing SqlSession [org.apache.ibatis.session.defaults.DefaultSqlSession@1235732d]
Creating a new SqlSession
Registering transaction synchronization for SqlSession [org.apache.ibatis.session.defaults.DefaultSqlSession@6e2e11ee]
JDBC Connection [HikariProxyConnection@1536199789 wrapping com.mysql.cj.jdbc.ConnectionImpl@7e615c6a] will be managed by Spring
==>  Preparing: INSERT INTO `tb_post` (content, author_id, publish_at, last_update) VALUES (?, ?, ?, ?)
==> Parameters: 在乡村的田野中，体验收获的喜悦和自然的赠予。(String), 67(Long), 2024-09-28T19:07:47.030239500(LocalDateTime), 2024-09-28T19:07:47.030239500(LocalDateTime)
<==    Updates: 1
Releasing transactional SqlSession [org.apache.ibatis.session.defaults.DefaultSqlSession@6e2e11ee]
Transaction synchronization committing SqlSession [org.apache.ibatis.session.defaults.DefaultSqlSession@6e2e11ee]
Transaction synchronization deregistering SqlSession [org.apache.ibatis.session.defaults.DefaultSqlSession@6e2e11ee]
Transaction synchronization closing SqlSession [org.apache.ibatis.session.defaults.DefaultSqlSession@6e2e11ee]
Creating a new SqlSession
Registering transaction synchronization for SqlSession [org.apache.ibatis.session.defaults.DefaultSqlSession@7695184b]
JDBC Connection [HikariProxyConnection@1267290459 wrapping com.mysql.cj.jdbc.ConnectionImpl@7e615c6a] will be managed by Spring
==>  Preparing: INSERT INTO `tb_post` (content, author_id, publish_at, last_update) VALUES (?, ?, ?, ?)
==> Parameters: 在湖泊的岸边，享受宁静的垂钓时光。(String), 85(Long), 2024-09-28T19:07:47.040312900(LocalDateTime), 2024-09-28T19:07:47.040312900(LocalDateTime)
<==    Updates: 1
Releasing transactional SqlSession [org.apache.ibatis.session.defaults.DefaultSqlSession@7695184b]
Transaction synchronization committing SqlSession [org.apache.ibatis.session.defaults.DefaultSqlSession@7695184b]
Transaction synchronization deregistering SqlSession [org.apache.ibatis.session.defaults.DefaultSqlSession@7695184b]
Transaction synchronization closing SqlSession [org.apache.ibatis.session.defaults.DefaultSqlSession@7695184b]
Creating a new SqlSession
Registering transaction synchronization for SqlSession [org.apache.ibatis.session.defaults.DefaultSqlSession@76379796]
JDBC Connection [HikariProxyConnection@1337847418 wrapping com.mysql.cj.jdbc.ConnectionImpl@7e615c6a] will be managed by Spring
==>  Preparing: INSERT INTO `tb_post` (content, author_id, publish_at, last_update) VALUES (?, ?, ?, ?)
==> Parameters: 在森林中的小径，探索自然的神秘和宁静。(String), 91(Long), 2024-09-28T19:07:47.050085300(LocalDateTime), 2024-09-28T19:07:47.050085300(LocalDateTime)
<==    Updates: 1
Releasing transactional SqlSession [org.apache.ibatis.session.defaults.DefaultSqlSession@76379796]
Transaction synchronization committing SqlSession [org.apache.ibatis.session.defaults.DefaultSqlSession@76379796]
Transaction synchronization deregistering SqlSession [org.apache.ibatis.session.defaults.DefaultSqlSession@76379796]
Transaction synchronization closing SqlSession [org.apache.ibatis.session.defaults.DefaultSqlSession@76379796]
Creating a new SqlSession
Registering transaction synchronization for SqlSession [org.apache.ibatis.session.defaults.DefaultSqlSession@74ec4df3]
JDBC Connection [HikariProxyConnection@1811082427 wrapping com.mysql.cj.jdbc.ConnectionImpl@7e615c6a] will be managed by Spring
==>  Preparing: INSERT INTO `tb_post` (content, author_id, publish_at, last_update) VALUES (?, ?, ?, ?)
==> Parameters: 在火山脚下，感受地球的力量和活力。(String), 30(Long), 2024-09-28T19:07:47.050206500(LocalDateTime), 2024-09-28T19:07:47.050206500(LocalDateTime)
<==    Updates: 1
Releasing transactional SqlSession [org.apache.ibatis.session.defaults.DefaultSqlSession@74ec4df3]
Transaction synchronization committing SqlSession [org.apache.ibatis.session.defaults.DefaultSqlSession@74ec4df3]
Transaction synchronization deregistering SqlSession [org.apache.ibatis.session.defaults.DefaultSqlSession@74ec4df3]
Transaction synchronization closing SqlSession [org.apache.ibatis.session.defaults.DefaultSqlSession@74ec4df3]
Creating a new SqlSession
Registering transaction synchronization for SqlSession [org.apache.ibatis.session.defaults.DefaultSqlSession@444fbd13]
JDBC Connection [HikariProxyConnection@725543262 wrapping com.mysql.cj.jdbc.ConnectionImpl@7e615c6a] will be managed by Spring
==>  Preparing: INSERT INTO `tb_post` (content, author_id, publish_at, last_update) VALUES (?, ?, ?, ?)
==> Parameters: 在海滨的酒吧，享受海风和音乐的陪伴。(String), 9(Long), 2024-09-28T19:07:47.060155200(LocalDateTime), 2024-09-28T19:07:47.060155200(LocalDateTime)
<==    Updates: 1
Releasing transactional SqlSession [org.apache.ibatis.session.defaults.DefaultSqlSession@444fbd13]
Transaction synchronization committing SqlSession [org.apache.ibatis.session.defaults.DefaultSqlSession@444fbd13]
Transaction synchronization deregistering SqlSession [org.apache.ibatis.session.defaults.DefaultSqlSession@444fbd13]
Transaction synchronization closing SqlSession [org.apache.ibatis.session.defaults.DefaultSqlSession@444fbd13]
Creating a new SqlSession
Registering transaction synchronization for SqlSession [org.apache.ibatis.session.defaults.DefaultSqlSession@25bd68ea]
JDBC Connection [HikariProxyConnection@58387611 wrapping com.mysql.cj.jdbc.ConnectionImpl@7e615c6a] will be managed by Spring
==>  Preparing: INSERT INTO `tb_post` (content, author_id, publish_at, last_update) VALUES (?, ?, ?, ?)
==> Parameters: 在城市的老街区，寻找那些被遗忘的故事和文化。(String), 21(Long), 2024-09-28T19:07:47.060155200(LocalDateTime), 2024-09-28T19:07:47.060155200(LocalDateTime)
<==    Updates: 1
Releasing transactional SqlSession [org.apache.ibatis.session.defaults.DefaultSqlSession@25bd68ea]
Transaction synchronization committing SqlSession [org.apache.ibatis.session.defaults.DefaultSqlSession@25bd68ea]
Transaction synchronization deregistering SqlSession [org.apache.ibatis.session.defaults.DefaultSqlSession@25bd68ea]
Transaction synchronization closing SqlSession [org.apache.ibatis.session.defaults.DefaultSqlSession@25bd68ea]
Creating a new SqlSession
Registering transaction synchronization for SqlSession [org.apache.ibatis.session.defaults.DefaultSqlSession@2bab1821]
JDBC Connection [HikariProxyConnection@1466268566 wrapping com.mysql.cj.jdbc.ConnectionImpl@7e615c6a] will be managed by Spring
==>  Preparing: INSERT INTO `tb_post` (content, author_id, publish_at, last_update) VALUES (?, ?, ?, ?)
==> Parameters: 在山间的温泉，享受温泉水的疗愈和放松。(String), 76(Long), 2024-09-28T19:07:47.070154900(LocalDateTime), 2024-09-28T19:07:47.070154900(LocalDateTime)
<==    Updates: 1
Releasing transactional SqlSession [org.apache.ibatis.session.defaults.DefaultSqlSession@2bab1821]
Transaction synchronization committing SqlSession [org.apache.ibatis.session.defaults.DefaultSqlSession@2bab1821]
Transaction synchronization deregistering SqlSession [org.apache.ibatis.session.defaults.DefaultSqlSession@2bab1821]
Transaction synchronization closing SqlSession [org.apache.ibatis.session.defaults.DefaultSqlSession@2bab1821]
Creating a new SqlSession
Registering transaction synchronization for SqlSession [org.apache.ibatis.session.defaults.DefaultSqlSession@12ae75f1]
JDBC Connection [HikariProxyConnection@2066971 wrapping com.mysql.cj.jdbc.ConnectionImpl@7e615c6a] will be managed by Spring
==>  Preparing: INSERT INTO `tb_post` (content, author_id, publish_at, last_update) VALUES (?, ?, ?, ?)
==> Parameters: 在城市的夜景中，感受灯光的璀璨和城市的活力。(String), 87(Long), 2024-09-28T19:07:47.070154900(LocalDateTime), 2024-09-28T19:07:47.070154900(LocalDateTime)
<==    Updates: 1
Releasing transactional SqlSession [org.apache.ibatis.session.defaults.DefaultSqlSession@12ae75f1]
Transaction synchronization committing SqlSession [org.apache.ibatis.session.defaults.DefaultSqlSession@12ae75f1]
Transaction synchronization deregistering SqlSession [org.apache.ibatis.session.defaults.DefaultSqlSession@12ae75f1]
Transaction synchronization closing SqlSession [org.apache.ibatis.session.defaults.DefaultSqlSession@12ae75f1]
Creating a new SqlSession
Registering transaction synchronization for SqlSession [org.apache.ibatis.session.defaults.DefaultSqlSession@11ec699]
JDBC Connection [HikariProxyConnection@1324249868 wrapping com.mysql.cj.jdbc.ConnectionImpl@7e615c6a] will be managed by Spring
==>  Preparing: INSERT INTO `tb_post` (content, author_id, publish_at, last_update) VALUES (?, ?, ?, ?)
==> Parameters: 在乡村的果园，品尝新鲜的水果和体验农耕的乐趣。(String), 13(Long), 2024-09-28T19:07:47.080031900(LocalDateTime), 2024-09-28T19:07:47.080031900(LocalDateTime)
<==    Updates: 1
Releasing transactional SqlSession [org.apache.ibatis.session.defaults.DefaultSqlSession@11ec699]
Transaction synchronization committing SqlSession [org.apache.ibatis.session.defaults.DefaultSqlSession@11ec699]
Transaction synchronization deregistering SqlSession [org.apache.ibatis.session.defaults.DefaultSqlSession@11ec699]
Transaction synchronization closing SqlSession [org.apache.ibatis.session.defaults.DefaultSqlSession@11ec699]
Creating a new SqlSession
Registering transaction synchronization for SqlSession [org.apache.ibatis.session.defaults.DefaultSqlSession@7f219e84]
JDBC Connection [HikariProxyConnection@825134767 wrapping com.mysql.cj.jdbc.ConnectionImpl@7e615c6a] will be managed by Spring
==>  Preparing: INSERT INTO `tb_post` (content, author_id, publish_at, last_update) VALUES (?, ?, ?, ?)
==> Parameters: 在沙漠的绿洲，感受生命的顽强和自然的奇迹。(String), 65(Long), 2024-09-28T19:07:47.090048500(LocalDateTime), 2024-09-28T19:07:47.090048500(LocalDateTime)
<==    Updates: 1
Releasing transactional SqlSession [org.apache.ibatis.session.defaults.DefaultSqlSession@7f219e84]
Transaction synchronization committing SqlSession [org.apache.ibatis.session.defaults.DefaultSqlSession@7f219e84]
Transaction synchronization deregistering SqlSession [org.apache.ibatis.session.defaults.DefaultSqlSession@7f219e84]
Transaction synchronization closing SqlSession [org.apache.ibatis.session.defaults.DefaultSqlSession@7f219e84]
Creating a new SqlSession
Registering transaction synchronization for SqlSession [org.apache.ibatis.session.defaults.DefaultSqlSession@3aec2f59]
JDBC Connection [HikariProxyConnection@334715128 wrapping com.mysql.cj.jdbc.ConnectionImpl@7e615c6a] will be managed by Spring
==>  Preparing: INSERT INTO `tb_post` (content, author_id, publish_at, last_update) VALUES (?, ?, ?, ?)
==> Parameters: 在城市的公园，享受城市的绿肺和休闲的时光。(String), 45(Long), 2024-09-28T19:07:47.090048500(LocalDateTime), 2024-09-28T19:07:47.090048500(LocalDateTime)
<==    Updates: 1
Releasing transactional SqlSession [org.apache.ibatis.session.defaults.DefaultSqlSession@3aec2f59]
Transaction synchronization committing SqlSession [org.apache.ibatis.session.defaults.DefaultSqlSession@3aec2f59]
Transaction synchronization deregistering SqlSession [org.apache.ibatis.session.defaults.DefaultSqlSession@3aec2f59]
Transaction synchronization closing SqlSession [org.apache.ibatis.session.defaults.DefaultSqlSession@3aec2f59]
Creating a new SqlSession
Registering transaction synchronization for SqlSession [org.apache.ibatis.session.defaults.DefaultSqlSession@fefd4a2]
JDBC Connection [HikariProxyConnection@891978115 wrapping com.mysql.cj.jdbc.ConnectionImpl@7e615c6a] will be managed by Spring
==>  Preparing: INSERT INTO `tb_post` (content, author_id, publish_at, last_update) VALUES (?, ?, ?, ?)
==> Parameters: 在山间的小溪，感受清澈的溪水和自然的宁静。(String), 14(Long), 2024-09-28T19:07:47.100035900(LocalDateTime), 2024-09-28T19:07:47.100035900(LocalDateTime)
<==    Updates: 1
Releasing transactional SqlSession [org.apache.ibatis.session.defaults.DefaultSqlSession@fefd4a2]
Transaction synchronization committing SqlSession [org.apache.ibatis.session.defaults.DefaultSqlSession@fefd4a2]
Transaction synchronization deregistering SqlSession [org.apache.ibatis.session.defaults.DefaultSqlSession@fefd4a2]
Transaction synchronization closing SqlSession [org.apache.ibatis.session.defaults.DefaultSqlSession@fefd4a2]
Creating a new SqlSession
Registering transaction synchronization for SqlSession [org.apache.ibatis.session.defaults.DefaultSqlSession@52288c65]
JDBC Connection [HikariProxyConnection@1830305819 wrapping com.mysql.cj.jdbc.ConnectionImpl@7e615c6a] will be managed by Spring
==>  Preparing: INSERT INTO `tb_post` (content, author_id, publish_at, last_update) VALUES (?, ?, ?, ?)
==> Parameters: 在城市的博物馆，了解城市的历史和文化。(String), 44(Long), 2024-09-28T19:07:47.106161900(LocalDateTime), 2024-09-28T19:07:47.106161900(LocalDateTime)
<==    Updates: 1
Releasing transactional SqlSession [org.apache.ibatis.session.defaults.DefaultSqlSession@52288c65]
Transaction synchronization committing SqlSession [org.apache.ibatis.session.defaults.DefaultSqlSession@52288c65]
Transaction synchronization deregistering SqlSession [org.apache.ibatis.session.defaults.DefaultSqlSession@52288c65]
Transaction synchronization closing SqlSession [org.apache.ibatis.session.defaults.DefaultSqlSession@52288c65]
Creating a new SqlSession
Registering transaction synchronization for SqlSession [org.apache.ibatis.session.defaults.DefaultSqlSession@420dde28]
JDBC Connection [HikariProxyConnection@337147080 wrapping com.mysql.cj.jdbc.ConnectionImpl@7e615c6a] will be managed by Spring
==>  Preparing: INSERT INTO `tb_post` (content, author_id, publish_at, last_update) VALUES (?, ?, ?, ?)
==> Parameters: 在乡村的民宿，体验家的温暖和乡村的宁静。(String), 11(Long), 2024-09-28T19:07:47.110365900(LocalDateTime), 2024-09-28T19:07:47.110365900(LocalDateTime)
<==    Updates: 1
Releasing transactional SqlSession [org.apache.ibatis.session.defaults.DefaultSqlSession@420dde28]
Transaction synchronization committing SqlSession [org.apache.ibatis.session.defaults.DefaultSqlSession@420dde28]
Transaction synchronization deregistering SqlSession [org.apache.ibatis.session.defaults.DefaultSqlSession@420dde28]
Transaction synchronization closing SqlSession [org.apache.ibatis.session.defaults.DefaultSqlSession@420dde28]
Creating a new SqlSession
Registering transaction synchronization for SqlSession [org.apache.ibatis.session.defaults.DefaultSqlSession@79c4454]
JDBC Connection [HikariProxyConnection@833545945 wrapping com.mysql.cj.jdbc.ConnectionImpl@7e615c6a] will be managed by Spring
==>  Preparing: INSERT INTO `tb_post` (content, author_id, publish_at, last_update) VALUES (?, ?, ?, ?)
==> Parameters: 在城市的摩天大楼，感受现代都市的繁华和力量。(String), 71(Long), 2024-09-28T19:07:47.110365900(LocalDateTime), 2024-09-28T19:07:47.110365900(LocalDateTime)
<==    Updates: 1
Releasing transactional SqlSession [org.apache.ibatis.session.defaults.DefaultSqlSession@79c4454]
Transaction synchronization committing SqlSession [org.apache.ibatis.session.defaults.DefaultSqlSession@79c4454]
Transaction synchronization deregistering SqlSession [org.apache.ibatis.session.defaults.DefaultSqlSession@79c4454]
Transaction synchronization closing SqlSession [org.apache.ibatis.session.defaults.DefaultSqlSession@79c4454]
Creating a new SqlSession
Registering transaction synchronization for SqlSession [org.apache.ibatis.session.defaults.DefaultSqlSession@64a9fca7]
JDBC Connection [HikariProxyConnection@75867593 wrapping com.mysql.cj.jdbc.ConnectionImpl@7e615c6a] will be managed by Spring
==>  Preparing: INSERT INTO `tb_post` (content, author_id, publish_at, last_update) VALUES (?, ?, ?, ?)
==> Parameters: 在乡村的田野，感受四季的变化和自然的赠予。(String), 32(Long), 2024-09-28T19:07:47.120044(LocalDateTime), 2024-09-28T19:07:47.120044(LocalDateTime)
<==    Updates: 1
Releasing transactional SqlSession [org.apache.ibatis.session.defaults.DefaultSqlSession@64a9fca7]
Transaction synchronization committing SqlSession [org.apache.ibatis.session.defaults.DefaultSqlSession@64a9fca7]
Transaction synchronization deregistering SqlSession [org.apache.ibatis.session.defaults.DefaultSqlSession@64a9fca7]
Transaction synchronization closing SqlSession [org.apache.ibatis.session.defaults.DefaultSqlSession@64a9fca7]
Creating a new SqlSession
Registering transaction synchronization for SqlSession [org.apache.ibatis.session.defaults.DefaultSqlSession@2e07dc23]
JDBC Connection [HikariProxyConnection@1369314550 wrapping com.mysql.cj.jdbc.ConnectionImpl@7e615c6a] will be managed by Spring
==>  Preparing: INSERT INTO `tb_post` (content, author_id, publish_at, last_update) VALUES (?, ?, ?, ?)
==> Parameters: 在山间的古道，寻找历史的足迹和自然的美景。(String), 57(Long), 2024-09-28T19:07:47.130432100(LocalDateTime), 2024-09-28T19:07:47.130432100(LocalDateTime)
<==    Updates: 1
Releasing transactional SqlSession [org.apache.ibatis.session.defaults.DefaultSqlSession@2e07dc23]
Transaction synchronization committing SqlSession [org.apache.ibatis.session.defaults.DefaultSqlSession@2e07dc23]
Transaction synchronization deregistering SqlSession [org.apache.ibatis.session.defaults.DefaultSqlSession@2e07dc23]
Transaction synchronization closing SqlSession [org.apache.ibatis.session.defaults.DefaultSqlSession@2e07dc23]
Creating a new SqlSession
Registering transaction synchronization for SqlSession [org.apache.ibatis.session.defaults.DefaultSqlSession@2b0d6bf2]
JDBC Connection [HikariProxyConnection@1187589415 wrapping com.mysql.cj.jdbc.ConnectionImpl@7e615c6a] will be managed by Spring
==>  Preparing: INSERT INTO `tb_post` (content, author_id, publish_at, last_update) VALUES (?, ?, ?, ?)
==> Parameters: 在城市的美术馆，欣赏艺术作品的美丽和创意。(String), 69(Long), 2024-09-28T19:07:47.139903900(LocalDateTime), 2024-09-28T19:07:47.139903900(LocalDateTime)
<==    Updates: 1
Releasing transactional SqlSession [org.apache.ibatis.session.defaults.DefaultSqlSession@2b0d6bf2]
Transaction synchronization committing SqlSession [org.apache.ibatis.session.defaults.DefaultSqlSession@2b0d6bf2]
Transaction synchronization deregistering SqlSession [org.apache.ibatis.session.defaults.DefaultSqlSession@2b0d6bf2]
Transaction synchronization closing SqlSession [org.apache.ibatis.session.defaults.DefaultSqlSession@2b0d6bf2]
Creating a new SqlSession
Registering transaction synchronization for SqlSession [org.apache.ibatis.session.defaults.DefaultSqlSession@4e797a39]
JDBC Connection [HikariProxyConnection@1128872093 wrapping com.mysql.cj.jdbc.ConnectionImpl@7e615c6a] will be managed by Spring
==>  Preparing: INSERT INTO `tb_post` (content, author_id, publish_at, last_update) VALUES (?, ?, ?, ?)
==> Parameters: 在乡村的集市，体验当地的风土人情和购买手工艺品。(String), 54(Long), 2024-09-28T19:07:47.149965500(LocalDateTime), 2024-09-28T19:07:47.149965500(LocalDateTime)
<==    Updates: 1
Releasing transactional SqlSession [org.apache.ibatis.session.defaults.DefaultSqlSession@4e797a39]
Transaction synchronization committing SqlSession [org.apache.ibatis.session.defaults.DefaultSqlSession@4e797a39]
Transaction synchronization deregistering SqlSession [org.apache.ibatis.session.defaults.DefaultSqlSession@4e797a39]
Transaction synchronization closing SqlSession [org.apache.ibatis.session.defaults.DefaultSqlSession@4e797a39]
Creating a new SqlSession
Registering transaction synchronization for SqlSession [org.apache.ibatis.session.defaults.DefaultSqlSession@66c88fce]
JDBC Connection [HikariProxyConnection@1755823122 wrapping com.mysql.cj.jdbc.ConnectionImpl@7e615c6a] will be managed by Spring
==>  Preparing: INSERT INTO `tb_post` (content, author_id, publish_at, last_update) VALUES (?, ?, ?, ?)
==> Parameters: 在沙漠的星空下，感受宇宙的浩瀚和神秘。(String), 75(Long), 2024-09-28T19:07:47.149965500(LocalDateTime), 2024-09-28T19:07:47.149965500(LocalDateTime)
<==    Updates: 1
Releasing transactional SqlSession [org.apache.ibatis.session.defaults.DefaultSqlSession@66c88fce]
Transaction synchronization committing SqlSession [org.apache.ibatis.session.defaults.DefaultSqlSession@66c88fce]
Transaction synchronization deregistering SqlSession [org.apache.ibatis.session.defaults.DefaultSqlSession@66c88fce]
Transaction synchronization closing SqlSession [org.apache.ibatis.session.defaults.DefaultSqlSession@66c88fce]
Creating a new SqlSession
Registering transaction synchronization for SqlSession [org.apache.ibatis.session.defaults.DefaultSqlSession@31f4fdc5]
JDBC Connection [HikariProxyConnection@500129592 wrapping com.mysql.cj.jdbc.ConnectionImpl@7e615c6a] will be managed by Spring
==>  Preparing: INSERT INTO `tb_post` (content, author_id, publish_at, last_update) VALUES (?, ?, ?, ?)
==> Parameters: 在城市的步行街，享受购物的乐趣和城市的繁华。(String), 38(Long), 2024-09-28T19:07:47.159809400(LocalDateTime), 2024-09-28T19:07:47.159809400(LocalDateTime)
<==    Updates: 1
Releasing transactional SqlSession [org.apache.ibatis.session.defaults.DefaultSqlSession@31f4fdc5]
Transaction synchronization committing SqlSession [org.apache.ibatis.session.defaults.DefaultSqlSession@31f4fdc5]
Transaction synchronization deregistering SqlSession [org.apache.ibatis.session.defaults.DefaultSqlSession@31f4fdc5]
Transaction synchronization closing SqlSession [org.apache.ibatis.session.defaults.DefaultSqlSession@31f4fdc5]
Creating a new SqlSession
Registering transaction synchronization for SqlSession [org.apache.ibatis.session.defaults.DefaultSqlSession@2286dfcd]
JDBC Connection [HikariProxyConnection@1929957683 wrapping com.mysql.cj.jdbc.ConnectionImpl@7e615c6a] will be managed by Spring
==>  Preparing: INSERT INTO `tb_post` (content, author_id, publish_at, last_update) VALUES (?, ?, ?, ?)
==> Parameters: 在乡村的酒庄，品尝当地的美酒和了解酿酒的文化。(String), 86(Long), 2024-09-28T19:07:47.170015100(LocalDateTime), 2024-09-28T19:07:47.170015100(LocalDateTime)
<==    Updates: 1
Releasing transactional SqlSession [org.apache.ibatis.session.defaults.DefaultSqlSession@2286dfcd]
Transaction synchronization committing SqlSession [org.apache.ibatis.session.defaults.DefaultSqlSession@2286dfcd]
Transaction synchronization deregistering SqlSession [org.apache.ibatis.session.defaults.DefaultSqlSession@2286dfcd]
Transaction synchronization closing SqlSession [org.apache.ibatis.session.defaults.DefaultSqlSession@2286dfcd]
Creating a new SqlSession
Registering transaction synchronization for SqlSession [org.apache.ibatis.session.defaults.DefaultSqlSession@5f63a6f2]
JDBC Connection [HikariProxyConnection@1737577556 wrapping com.mysql.cj.jdbc.ConnectionImpl@7e615c6a] will be managed by Spring
==>  Preparing: INSERT INTO `tb_post` (content, author_id, publish_at, last_update) VALUES (?, ?, ?, ?)
==> Parameters: 在山间的观景台，俯瞰整个山谷的美丽和宁静。(String), 25(Long), 2024-09-28T19:07:47.180310100(LocalDateTime), 2024-09-28T19:07:47.180310100(LocalDateTime)
<==    Updates: 1
Releasing transactional SqlSession [org.apache.ibatis.session.defaults.DefaultSqlSession@5f63a6f2]
Transaction synchronization committing SqlSession [org.apache.ibatis.session.defaults.DefaultSqlSession@5f63a6f2]
Transaction synchronization deregistering SqlSession [org.apache.ibatis.session.defaults.DefaultSqlSession@5f63a6f2]
Transaction synchronization closing SqlSession [org.apache.ibatis.session.defaults.DefaultSqlSession@5f63a6f2]
Creating a new SqlSession
Registering transaction synchronization for SqlSession [org.apache.ibatis.session.defaults.DefaultSqlSession@b3cbc0e]
JDBC Connection [HikariProxyConnection@1161542555 wrapping com.mysql.cj.jdbc.ConnectionImpl@7e615c6a] will be managed by Spring
==>  Preparing: INSERT INTO `tb_post` (content, author_id, publish_at, last_update) VALUES (?, ?, ?, ?)
==> Parameters: 在城市的剧院，享受戏剧和音乐的表演。(String), 92(Long), 2024-09-28T19:07:47.190313200(LocalDateTime), 2024-09-28T19:07:47.190313200(LocalDateTime)
<==    Updates: 1
Releasing transactional SqlSession [org.apache.ibatis.session.defaults.DefaultSqlSession@b3cbc0e]
Transaction synchronization committing SqlSession [org.apache.ibatis.session.defaults.DefaultSqlSession@b3cbc0e]
Transaction synchronization deregistering SqlSession [org.apache.ibatis.session.defaults.DefaultSqlSession@b3cbc0e]
Transaction synchronization closing SqlSession [org.apache.ibatis.session.defaults.DefaultSqlSession@b3cbc0e]
Creating a new SqlSession
Registering transaction synchronization for SqlSession [org.apache.ibatis.session.defaults.DefaultSqlSession@cf82c58]
JDBC Connection [HikariProxyConnection@1526694407 wrapping com.mysql.cj.jdbc.ConnectionImpl@7e615c6a] will be managed by Spring
==>  Preparing: INSERT INTO `tb_post` (content, author_id, publish_at, last_update) VALUES (?, ?, ?, ?)
==> Parameters: 在乡村的农场，体验农耕的生活和收获的乐趣。(String), 19(Long), 2024-09-28T19:07:47.206390100(LocalDateTime), 2024-09-28T19:07:47.206390100(LocalDateTime)
<==    Updates: 1
Releasing transactional SqlSession [org.apache.ibatis.session.defaults.DefaultSqlSession@cf82c58]
Transaction synchronization committing SqlSession [org.apache.ibatis.session.defaults.DefaultSqlSession@cf82c58]
Transaction synchronization deregistering SqlSession [org.apache.ibatis.session.defaults.DefaultSqlSession@cf82c58]
Transaction synchronization closing SqlSession [org.apache.ibatis.session.defaults.DefaultSqlSession@cf82c58]
Creating a new SqlSession
Registering transaction synchronization for SqlSession [org.apache.ibatis.session.defaults.DefaultSqlSession@eea69a9]
JDBC Connection [HikariProxyConnection@369749333 wrapping com.mysql.cj.jdbc.ConnectionImpl@7e615c6a] will be managed by Spring
==>  Preparing: INSERT INTO `tb_post` (content, author_id, publish_at, last_update) VALUES (?, ?, ?, ?)
==> Parameters: 在城市的图书馆，享受阅读的宁静和知识的海洋。(String), 73(Long), 2024-09-28T19:07:47.210469700(LocalDateTime), 2024-09-28T19:07:47.210469700(LocalDateTime)
<==    Updates: 1
Releasing transactional SqlSession [org.apache.ibatis.session.defaults.DefaultSqlSession@eea69a9]
Transaction synchronization committing SqlSession [org.apache.ibatis.session.defaults.DefaultSqlSession@eea69a9]
Transaction synchronization deregistering SqlSession [org.apache.ibatis.session.defaults.DefaultSqlSession@eea69a9]
Transaction synchronization closing SqlSession [org.apache.ibatis.session.defaults.DefaultSqlSession@eea69a9]
Creating a new SqlSession
Registering transaction synchronization for SqlSession [org.apache.ibatis.session.defaults.DefaultSqlSession@32db94fb]
JDBC Connection [HikariProxyConnection@1543560717 wrapping com.mysql.cj.jdbc.ConnectionImpl@7e615c6a] will be managed by Spring
==>  Preparing: INSERT INTO `tb_post` (content, author_id, publish_at, last_update) VALUES (?, ?, ?, ?)
==> Parameters: 在乡村的花园，欣赏花卉的美丽和自然的芬芳。(String), 64(Long), 2024-09-28T19:07:47.224293100(LocalDateTime), 2024-09-28T19:07:47.224293100(LocalDateTime)
<==    Updates: 1
Releasing transactional SqlSession [org.apache.ibatis.session.defaults.DefaultSqlSession@32db94fb]
Transaction synchronization committing SqlSession [org.apache.ibatis.session.defaults.DefaultSqlSession@32db94fb]
Transaction synchronization deregistering SqlSession [org.apache.ibatis.session.defaults.DefaultSqlSession@32db94fb]
Transaction synchronization closing SqlSession [org.apache.ibatis.session.defaults.DefaultSqlSession@32db94fb]
Creating a new SqlSession
Registering transaction synchronization for SqlSession [org.apache.ibatis.session.defaults.DefaultSqlSession@6a486afb]
JDBC Connection [HikariProxyConnection@327225592 wrapping com.mysql.cj.jdbc.ConnectionImpl@7e615c6a] will be managed by Spring
==>  Preparing: INSERT INTO `tb_post` (content, author_id, publish_at, last_update) VALUES (?, ?, ?, ?)
==> Parameters: 在城市的咖啡馆，享受咖啡的香气和城市的慢生活。(String), 99(Long), 2024-09-28T19:07:47.229976(LocalDateTime), 2024-09-28T19:07:47.229976(LocalDateTime)
<==    Updates: 1
Releasing transactional SqlSession [org.apache.ibatis.session.defaults.DefaultSqlSession@6a486afb]
Transaction synchronization committing SqlSession [org.apache.ibatis.session.defaults.DefaultSqlSession@6a486afb]
Transaction synchronization deregistering SqlSession [org.apache.ibatis.session.defaults.DefaultSqlSession@6a486afb]
Transaction synchronization closing SqlSession [org.apache.ibatis.session.defaults.DefaultSqlSession@6a486afb]
Creating a new SqlSession
Registering transaction synchronization for SqlSession [org.apache.ibatis.session.defaults.DefaultSqlSession@4795876e]
JDBC Connection [HikariProxyConnection@1451851232 wrapping com.mysql.cj.jdbc.ConnectionImpl@7e615c6a] will be managed by Spring
==>  Preparing: INSERT INTO `tb_post` (content, author_id, publish_at, last_update) VALUES (?, ?, ?, ?)
==> Parameters: 在乡村的河流，享受漂流的刺激和河水的清凉。(String), 16(Long), 2024-09-28T19:07:47.240086(LocalDateTime), 2024-09-28T19:07:47.240086(LocalDateTime)
<==    Updates: 1
Releasing transactional SqlSession [org.apache.ibatis.session.defaults.DefaultSqlSession@4795876e]
Transaction synchronization committing SqlSession [org.apache.ibatis.session.defaults.DefaultSqlSession@4795876e]
Transaction synchronization deregistering SqlSession [org.apache.ibatis.session.defaults.DefaultSqlSession@4795876e]
Transaction synchronization closing SqlSession [org.apache.ibatis.session.defaults.DefaultSqlSession@4795876e]
Creating a new SqlSession
Registering transaction synchronization for SqlSession [org.apache.ibatis.session.defaults.DefaultSqlSession@3599b7e8]
JDBC Connection [HikariProxyConnection@1390783857 wrapping com.mysql.cj.jdbc.ConnectionImpl@7e615c6a] will be managed by Spring
==>  Preparing: INSERT INTO `tb_post` (content, author_id, publish_at, last_update) VALUES (?, ?, ?, ?)
==> Parameters: 在沙漠的沙丘，感受沙漠的广阔和自然的威力。(String), 82(Long), 2024-09-28T19:07:47.250450700(LocalDateTime), 2024-09-28T19:07:47.250450700(LocalDateTime)
<==    Updates: 1
Releasing transactional SqlSession [org.apache.ibatis.session.defaults.DefaultSqlSession@3599b7e8]
Transaction synchronization committing SqlSession [org.apache.ibatis.session.defaults.DefaultSqlSession@3599b7e8]
Transaction synchronization deregistering SqlSession [org.apache.ibatis.session.defaults.DefaultSqlSession@3599b7e8]
Transaction synchronization closing SqlSession [org.apache.ibatis.session.defaults.DefaultSqlSession@3599b7e8]
Creating a new SqlSession
Registering transaction synchronization for SqlSession [org.apache.ibatis.session.defaults.DefaultSqlSession@2cbd855e]
JDBC Connection [HikariProxyConnection@1773418151 wrapping com.mysql.cj.jdbc.ConnectionImpl@7e615c6a] will be managed by Spring
==>  Preparing: INSERT INTO `tb_post` (content, author_id, publish_at, last_update) VALUES (?, ?, ?, ?)
==> Parameters: 在城市的广场，享受节日的庆典和人们的欢乐。(String), 83(Long), 2024-09-28T19:07:47.260843300(LocalDateTime), 2024-09-28T19:07:47.260843300(LocalDateTime)
<==    Updates: 1
Releasing transactional SqlSession [org.apache.ibatis.session.defaults.DefaultSqlSession@2cbd855e]
Transaction synchronization committing SqlSession [org.apache.ibatis.session.defaults.DefaultSqlSession@2cbd855e]
Transaction synchronization deregistering SqlSession [org.apache.ibatis.session.defaults.DefaultSqlSession@2cbd855e]
Transaction synchronization closing SqlSession [org.apache.ibatis.session.defaults.DefaultSqlSession@2cbd855e]
Creating a new SqlSession
Registering transaction synchronization for SqlSession [org.apache.ibatis.session.defaults.DefaultSqlSession@2f08e6d3]
JDBC Connection [HikariProxyConnection@1358323680 wrapping com.mysql.cj.jdbc.ConnectionImpl@7e615c6a] will be managed by Spring
==>  Preparing: INSERT INTO `tb_post` (content, author_id, publish_at, last_update) VALUES (?, ?, ?, ?)
==> Parameters: 在乡村的山丘，享受徒步的乐趣和山顶的美景。(String), 98(Long), 2024-09-28T19:07:47.270541600(LocalDateTime), 2024-09-28T19:07:47.270541600(LocalDateTime)
<==    Updates: 1
Releasing transactional SqlSession [org.apache.ibatis.session.defaults.DefaultSqlSession@2f08e6d3]
Transaction synchronization committing SqlSession [org.apache.ibatis.session.defaults.DefaultSqlSession@2f08e6d3]
Transaction synchronization deregistering SqlSession [org.apache.ibatis.session.defaults.DefaultSqlSession@2f08e6d3]
Transaction synchronization closing SqlSession [org.apache.ibatis.session.defaults.DefaultSqlSession@2f08e6d3]
Creating a new SqlSession
Registering transaction synchronization for SqlSession [org.apache.ibatis.session.defaults.DefaultSqlSession@183e64a8]
JDBC Connection [HikariProxyConnection@1266968258 wrapping com.mysql.cj.jdbc.ConnectionImpl@7e615c6a] will be managed by Spring
==>  Preparing: INSERT INTO `tb_post` (content, author_id, publish_at, last_update) VALUES (?, ?, ?, ?)
==> Parameters: 在城市的购物中心，享受购物的便利和时尚的潮流。(String), 40(Long), 2024-09-28T19:07:47.270541600(LocalDateTime), 2024-09-28T19:07:47.270541600(LocalDateTime)
<==    Updates: 1
Releasing transactional SqlSession [org.apache.ibatis.session.defaults.DefaultSqlSession@183e64a8]
Transaction synchronization committing SqlSession [org.apache.ibatis.session.defaults.DefaultSqlSession@183e64a8]
Transaction synchronization deregistering SqlSession [org.apache.ibatis.session.defaults.DefaultSqlSession@183e64a8]
Transaction synchronization closing SqlSession [org.apache.ibatis.session.defaults.DefaultSqlSession@183e64a8]
Creating a new SqlSession
Registering transaction synchronization for SqlSession [org.apache.ibatis.session.defaults.DefaultSqlSession@18bab95b]
JDBC Connection [HikariProxyConnection@1998269275 wrapping com.mysql.cj.jdbc.ConnectionImpl@7e615c6a] will be managed by Spring
==>  Preparing: INSERT INTO `tb_post` (content, author_id, publish_at, last_update) VALUES (?, ?, ?, ?)
==> Parameters: 在乡村的森林，享受徒步探险和呼吸新鲜空气。(String), 100(Long), 2024-09-28T19:07:47.280531600(LocalDateTime), 2024-09-28T19:07:47.280531600(LocalDateTime)
<==    Updates: 1
Releasing transactional SqlSession [org.apache.ibatis.session.defaults.DefaultSqlSession@18bab95b]
Transaction synchronization committing SqlSession [org.apache.ibatis.session.defaults.DefaultSqlSession@18bab95b]
Transaction synchronization deregistering SqlSession [org.apache.ibatis.session.defaults.DefaultSqlSession@18bab95b]
Transaction synchronization closing SqlSession [org.apache.ibatis.session.defaults.DefaultSqlSession@18bab95b]
Creating a new SqlSession
Registering transaction synchronization for SqlSession [org.apache.ibatis.session.defaults.DefaultSqlSession@24ffe853]
JDBC Connection [HikariProxyConnection@584203303 wrapping com.mysql.cj.jdbc.ConnectionImpl@7e615c6a] will be managed by Spring
==>  Preparing: INSERT INTO `tb_post` (content, author_id, publish_at, last_update) VALUES (?, ?, ?, ?)
==> Parameters: 在城市的夜景中，感受灯光的璀璨和城市的活力。(String), 82(Long), 2024-09-28T19:07:47.280531600(LocalDateTime), 2024-09-28T19:07:47.280531600(LocalDateTime)
<==    Updates: 1
Releasing transactional SqlSession [org.apache.ibatis.session.defaults.DefaultSqlSession@24ffe853]
Transaction synchronization committing SqlSession [org.apache.ibatis.session.defaults.DefaultSqlSession@24ffe853]
Transaction synchronization deregistering SqlSession [org.apache.ibatis.session.defaults.DefaultSqlSession@24ffe853]
Transaction synchronization closing SqlSession [org.apache.ibatis.session.defaults.DefaultSqlSession@24ffe853]
Creating a new SqlSession
Registering transaction synchronization for SqlSession [org.apache.ibatis.session.defaults.DefaultSqlSession@7c16cc25]
JDBC Connection [HikariProxyConnection@1019595265 wrapping com.mysql.cj.jdbc.ConnectionImpl@7e615c6a] will be managed by Spring
==>  Preparing: INSERT INTO `tb_post` (content, author_id, publish_at, last_update) VALUES (?, ?, ?, ?)
==> Parameters: 在乡村的湖泊，享受划船的乐趣和湖水的宁静。(String), 55(Long), 2024-09-28T19:07:47.290071(LocalDateTime), 2024-09-28T19:07:47.290071(LocalDateTime)
<==    Updates: 1
Releasing transactional SqlSession [org.apache.ibatis.session.defaults.DefaultSqlSession@7c16cc25]
Transaction synchronization committing SqlSession [org.apache.ibatis.session.defaults.DefaultSqlSession@7c16cc25]
Transaction synchronization deregistering SqlSession [org.apache.ibatis.session.defaults.DefaultSqlSession@7c16cc25]
Transaction synchronization closing SqlSession [org.apache.ibatis.session.defaults.DefaultSqlSession@7c16cc25]
Creating a new SqlSession
Registering transaction synchronization for SqlSession [org.apache.ibatis.session.defaults.DefaultSqlSession@10acfe30]
JDBC Connection [HikariProxyConnection@2023572983 wrapping com.mysql.cj.jdbc.ConnectionImpl@7e615c6a] will be managed by Spring
==>  Preparing: INSERT INTO `tb_post` (content, author_id, publish_at, last_update) VALUES (?, ?, ?, ?)
==> Parameters: 在城市的公园，享受野餐的乐趣和家庭的团聚。(String), 22(Long), 2024-09-28T19:07:47.290071(LocalDateTime), 2024-09-28T19:07:47.290071(LocalDateTime)
<==    Updates: 1
Releasing transactional SqlSession [org.apache.ibatis.session.defaults.DefaultSqlSession@10acfe30]
Transaction synchronization committing SqlSession [org.apache.ibatis.session.defaults.DefaultSqlSession@10acfe30]
Transaction synchronization deregistering SqlSession [org.apache.ibatis.session.defaults.DefaultSqlSession@10acfe30]
Transaction synchronization closing SqlSession [org.apache.ibatis.session.defaults.DefaultSqlSession@10acfe30]
Creating a new SqlSession
Registering transaction synchronization for SqlSession [org.apache.ibatis.session.defaults.DefaultSqlSession@c8d20bb]
JDBC Connection [HikariProxyConnection@1509255314 wrapping com.mysql.cj.jdbc.ConnectionImpl@7e615c6a] will be managed by Spring
==>  Preparing: INSERT INTO `tb_post` (content, author_id, publish_at, last_update) VALUES (?, ?, ?, ?)
==> Parameters: 在乡村的小路，享受骑行的自由和乡村的风景。(String), 54(Long), 2024-09-28T19:07:47.300080900(LocalDateTime), 2024-09-28T19:07:47.300080900(LocalDateTime)
<==    Updates: 1
Releasing transactional SqlSession [org.apache.ibatis.session.defaults.DefaultSqlSession@c8d20bb]
Transaction synchronization committing SqlSession [org.apache.ibatis.session.defaults.DefaultSqlSession@c8d20bb]
Transaction synchronization deregistering SqlSession [org.apache.ibatis.session.defaults.DefaultSqlSession@c8d20bb]
Transaction synchronization closing SqlSession [org.apache.ibatis.session.defaults.DefaultSqlSession@c8d20bb]
Creating a new SqlSession
Registering transaction synchronization for SqlSession [org.apache.ibatis.session.defaults.DefaultSqlSession@285b63eb]
JDBC Connection [HikariProxyConnection@531145975 wrapping com.mysql.cj.jdbc.ConnectionImpl@7e615c6a] will be managed by Spring
==>  Preparing: INSERT INTO `tb_post` (content, author_id, publish_at, last_update) VALUES (?, ?, ?, ?)
==> Parameters: 在城市的街头艺术，感受城市的创意和活力。(String), 78(Long), 2024-09-28T19:07:47.310151900(LocalDateTime), 2024-09-28T19:07:47.310151900(LocalDateTime)
<==    Updates: 1
Releasing transactional SqlSession [org.apache.ibatis.session.defaults.DefaultSqlSession@285b63eb]
Transaction synchronization committing SqlSession [org.apache.ibatis.session.defaults.DefaultSqlSession@285b63eb]
Transaction synchronization deregistering SqlSession [org.apache.ibatis.session.defaults.DefaultSqlSession@285b63eb]
Transaction synchronization closing SqlSession [org.apache.ibatis.session.defaults.DefaultSqlSession@285b63eb]
Creating a new SqlSession
Registering transaction synchronization for SqlSession [org.apache.ibatis.session.defaults.DefaultSqlSession@3c89fdd8]
JDBC Connection [HikariProxyConnection@1048135485 wrapping com.mysql.cj.jdbc.ConnectionImpl@7e615c6a] will be managed by Spring
==>  Preparing: INSERT INTO `tb_post` (content, author_id, publish_at, last_update) VALUES (?, ?, ?, ?)
==> Parameters: 在乡村的农场，体验采摘的乐趣和自然的赠予。(String), 89(Long), 2024-09-28T19:07:47.310151900(LocalDateTime), 2024-09-28T19:07:47.310151900(LocalDateTime)
<==    Updates: 1
Releasing transactional SqlSession [org.apache.ibatis.session.defaults.DefaultSqlSession@3c89fdd8]
Transaction synchronization committing SqlSession [org.apache.ibatis.session.defaults.DefaultSqlSession@3c89fdd8]
Transaction synchronization deregistering SqlSession [org.apache.ibatis.session.defaults.DefaultSqlSession@3c89fdd8]
Transaction synchronization closing SqlSession [org.apache.ibatis.session.defaults.DefaultSqlSession@3c89fdd8]
Creating a new SqlSession
Registering transaction synchronization for SqlSession [org.apache.ibatis.session.defaults.DefaultSqlSession@5889e697]
JDBC Connection [HikariProxyConnection@1208371802 wrapping com.mysql.cj.jdbc.ConnectionImpl@7e615c6a] will be managed by Spring
==>  Preparing: INSERT INTO `tb_post` (content, author_id, publish_at, last_update) VALUES (?, ?, ?, ?)
==> Parameters: 在城市的天际线，感受城市的宏伟和现代。(String), 43(Long), 2024-09-28T19:07:47.320427(LocalDateTime), 2024-09-28T19:07:47.320427(LocalDateTime)
<==    Updates: 1
Releasing transactional SqlSession [org.apache.ibatis.session.defaults.DefaultSqlSession@5889e697]
Transaction synchronization committing SqlSession [org.apache.ibatis.session.defaults.DefaultSqlSession@5889e697]
Transaction synchronization deregistering SqlSession [org.apache.ibatis.session.defaults.DefaultSqlSession@5889e697]
Transaction synchronization closing SqlSession [org.apache.ibatis.session.defaults.DefaultSqlSession@5889e697]
Creating a new SqlSession
Registering transaction synchronization for SqlSession [org.apache.ibatis.session.defaults.DefaultSqlSession@2e4262d2]
JDBC Connection [HikariProxyConnection@629050435 wrapping com.mysql.cj.jdbc.ConnectionImpl@7e615c6a] will be managed by Spring
==>  Preparing: INSERT INTO `tb_post` (content, author_id, publish_at, last_update) VALUES (?, ?, ?, ?)
==> Parameters: 在乡村的果园，享受新鲜水果的美味和田园的宁静。(String), 50(Long), 2024-09-28T19:07:47.330522100(LocalDateTime), 2024-09-28T19:07:47.330522100(LocalDateTime)
<==    Updates: 1
Releasing transactional SqlSession [org.apache.ibatis.session.defaults.DefaultSqlSession@2e4262d2]
Transaction synchronization committing SqlSession [org.apache.ibatis.session.defaults.DefaultSqlSession@2e4262d2]
Transaction synchronization deregistering SqlSession [org.apache.ibatis.session.defaults.DefaultSqlSession@2e4262d2]
Transaction synchronization closing SqlSession [org.apache.ibatis.session.defaults.DefaultSqlSession@2e4262d2]
Creating a new SqlSession
Registering transaction synchronization for SqlSession [org.apache.ibatis.session.defaults.DefaultSqlSession@189fb01b]
JDBC Connection [HikariProxyConnection@2002285602 wrapping com.mysql.cj.jdbc.ConnectionImpl@7e615c6a] will be managed by Spring
==>  Preparing: INSERT INTO `tb_post` (content, author_id, publish_at, last_update) VALUES (?, ?, ?, ?)
==> Parameters: 在城市的河岸，享受散步的悠闲和河水的宁静。(String), 8(Long), 2024-09-28T19:07:47.340798700(LocalDateTime), 2024-09-28T19:07:47.340798700(LocalDateTime)
<==    Updates: 1
Releasing transactional SqlSession [org.apache.ibatis.session.defaults.DefaultSqlSession@189fb01b]
Transaction synchronization committing SqlSession [org.apache.ibatis.session.defaults.DefaultSqlSession@189fb01b]
Transaction synchronization deregistering SqlSession [org.apache.ibatis.session.defaults.DefaultSqlSession@189fb01b]
Transaction synchronization closing SqlSession [org.apache.ibatis.session.defaults.DefaultSqlSession@189fb01b]
Creating a new SqlSession
Registering transaction synchronization for SqlSession [org.apache.ibatis.session.defaults.DefaultSqlSession@4400026]
JDBC Connection [HikariProxyConnection@2080917019 wrapping com.mysql.cj.jdbc.ConnectionImpl@7e615c6a] will be managed by Spring
==>  Preparing: INSERT INTO `tb_post` (content, author_id, publish_at, last_update) VALUES (?, ?, ?, ?)
==> Parameters: 在乡村的山谷，享受徒步探险和自然的美景。(String), 91(Long), 2024-09-28T19:07:47.350352500(LocalDateTime), 2024-09-28T19:07:47.350352500(LocalDateTime)
<==    Updates: 1
Releasing transactional SqlSession [org.apache.ibatis.session.defaults.DefaultSqlSession@4400026]
Transaction synchronization committing SqlSession [org.apache.ibatis.session.defaults.DefaultSqlSession@4400026]
Transaction synchronization deregistering SqlSession [org.apache.ibatis.session.defaults.DefaultSqlSession@4400026]
Transaction synchronization closing SqlSession [org.apache.ibatis.session.defaults.DefaultSqlSession@4400026]
Creating a new SqlSession
Registering transaction synchronization for SqlSession [org.apache.ibatis.session.defaults.DefaultSqlSession@5e38329d]
JDBC Connection [HikariProxyConnection@2105634098 wrapping com.mysql.cj.jdbc.ConnectionImpl@7e615c6a] will be managed by Spring
==>  Preparing: INSERT INTO `tb_post` (content, author_id, publish_at, last_update) VALUES (?, ?, ?, ?)
==> Parameters: 在城市的博物馆，了解城市的历史和文化。(String), 26(Long), 2024-09-28T19:07:47.360287200(LocalDateTime), 2024-09-28T19:07:47.360287200(LocalDateTime)
<==    Updates: 1
Releasing transactional SqlSession [org.apache.ibatis.session.defaults.DefaultSqlSession@5e38329d]
Transaction synchronization committing SqlSession [org.apache.ibatis.session.defaults.DefaultSqlSession@5e38329d]
Transaction synchronization deregistering SqlSession [org.apache.ibatis.session.defaults.DefaultSqlSession@5e38329d]
Transaction synchronization closing SqlSession [org.apache.ibatis.session.defaults.DefaultSqlSession@5e38329d]
Creating a new SqlSession
Registering transaction synchronization for SqlSession [org.apache.ibatis.session.defaults.DefaultSqlSession@443d94ae]
JDBC Connection [HikariProxyConnection@726998651 wrapping com.mysql.cj.jdbc.ConnectionImpl@7e615c6a] will be managed by Spring
==>  Preparing: INSERT INTO `tb_post` (content, author_id, publish_at, last_update) VALUES (?, ?, ?, ?)
==> Parameters: 在乡村的山顶，享受日出的壮丽和自然的宁静。(String), 42(Long), 2024-09-28T19:07:47.370915800(LocalDateTime), 2024-09-28T19:07:47.370915800(LocalDateTime)
<==    Updates: 1
Releasing transactional SqlSession [org.apache.ibatis.session.defaults.DefaultSqlSession@443d94ae]
Transaction synchronization committing SqlSession [org.apache.ibatis.session.defaults.DefaultSqlSession@443d94ae]
Transaction synchronization deregistering SqlSession [org.apache.ibatis.session.defaults.DefaultSqlSession@443d94ae]
Transaction synchronization closing SqlSession [org.apache.ibatis.session.defaults.DefaultSqlSession@443d94ae]
Creating a new SqlSession
Registering transaction synchronization for SqlSession [org.apache.ibatis.session.defaults.DefaultSqlSession@309b6768]
JDBC Connection [HikariProxyConnection@1332786777 wrapping com.mysql.cj.jdbc.ConnectionImpl@7e615c6a] will be managed by Spring
==>  Preparing: INSERT INTO `tb_post` (content, author_id, publish_at, last_update) VALUES (?, ?, ?, ?)
==> Parameters: 在城市的老街区，寻找那些被遗忘的故事和文化。(String), 35(Long), 2024-09-28T19:07:47.380842500(LocalDateTime), 2024-09-28T19:07:47.380842500(LocalDateTime)
<==    Updates: 1
Releasing transactional SqlSession [org.apache.ibatis.session.defaults.DefaultSqlSession@309b6768]
Transaction synchronization committing SqlSession [org.apache.ibatis.session.defaults.DefaultSqlSession@309b6768]
Transaction synchronization deregistering SqlSession [org.apache.ibatis.session.defaults.DefaultSqlSession@309b6768]
Transaction synchronization closing SqlSession [org.apache.ibatis.session.defaults.DefaultSqlSession@309b6768]
Creating a new SqlSession
Registering transaction synchronization for SqlSession [org.apache.ibatis.session.defaults.DefaultSqlSession@304933cb]
JDBC Connection [HikariProxyConnection@1877303247 wrapping com.mysql.cj.jdbc.ConnectionImpl@7e615c6a] will be managed by Spring
==>  Preparing: INSERT INTO `tb_post` (content, author_id, publish_at, last_update) VALUES (?, ?, ?, ?)
==> Parameters: 在乡村的花园，欣赏花卉的美丽和自然的芬芳。(String), 17(Long), 2024-09-28T19:07:47.390181200(LocalDateTime), 2024-09-28T19:07:47.390181200(LocalDateTime)
<==    Updates: 1
Releasing transactional SqlSession [org.apache.ibatis.session.defaults.DefaultSqlSession@304933cb]
Transaction synchronization committing SqlSession [org.apache.ibatis.session.defaults.DefaultSqlSession@304933cb]
Transaction synchronization deregistering SqlSession [org.apache.ibatis.session.defaults.DefaultSqlSession@304933cb]
Transaction synchronization closing SqlSession [org.apache.ibatis.session.defaults.DefaultSqlSession@304933cb]
Creating a new SqlSession
Registering transaction synchronization for SqlSession [org.apache.ibatis.session.defaults.DefaultSqlSession@42c9f2cd]
JDBC Connection [HikariProxyConnection@835594012 wrapping com.mysql.cj.jdbc.ConnectionImpl@7e615c6a] will be managed by Spring
==>  Preparing: INSERT INTO `tb_post` (content, author_id, publish_at, last_update) VALUES (?, ?, ?, ?)
==> Parameters: 在城市的摩天轮，俯瞰整个城市的繁华和活力。(String), 50(Long), 2024-09-28T19:07:47.400065700(LocalDateTime), 2024-09-28T19:07:47.400065700(LocalDateTime)
<==    Updates: 1
Releasing transactional SqlSession [org.apache.ibatis.session.defaults.DefaultSqlSession@42c9f2cd]
Transaction synchronization committing SqlSession [org.apache.ibatis.session.defaults.DefaultSqlSession@42c9f2cd]
Transaction synchronization deregistering SqlSession [org.apache.ibatis.session.defaults.DefaultSqlSession@42c9f2cd]
Transaction synchronization closing SqlSession [org.apache.ibatis.session.defaults.DefaultSqlSession@42c9f2cd]
Creating a new SqlSession
Registering transaction synchronization for SqlSession [org.apache.ibatis.session.defaults.DefaultSqlSession@3f523dae]
JDBC Connection [HikariProxyConnection@524415577 wrapping com.mysql.cj.jdbc.ConnectionImpl@7e615c6a] will be managed by Spring
==>  Preparing: INSERT INTO `tb_post` (content, author_id, publish_at, last_update) VALUES (?, ?, ?, ?)
==> Parameters: 在乡村的田野，体验农耕的生活和收获的乐趣。(String), 92(Long), 2024-09-28T19:07:47.410650600(LocalDateTime), 2024-09-28T19:07:47.410650600(LocalDateTime)
<==    Updates: 1
Releasing transactional SqlSession [org.apache.ibatis.session.defaults.DefaultSqlSession@3f523dae]
Transaction synchronization committing SqlSession [org.apache.ibatis.session.defaults.DefaultSqlSession@3f523dae]
Transaction synchronization deregistering SqlSession [org.apache.ibatis.session.defaults.DefaultSqlSession@3f523dae]
Transaction synchronization closing SqlSession [org.apache.ibatis.session.defaults.DefaultSqlSession@3f523dae]
Creating a new SqlSession
Registering transaction synchronization for SqlSession [org.apache.ibatis.session.defaults.DefaultSqlSession@157a2c86]
JDBC Connection [HikariProxyConnection@95655406 wrapping com.mysql.cj.jdbc.ConnectionImpl@7e615c6a] will be managed by Spring
==>  Preparing: INSERT INTO `tb_post` (content, author_id, publish_at, last_update) VALUES (?, ?, ?, ?)
==> Parameters: 在城市的夜景中，感受灯光的璀璨和城市的活力。(String), 65(Long), 2024-09-28T19:07:47.420896200(LocalDateTime), 2024-09-28T19:07:47.420896200(LocalDateTime)
<==    Updates: 1
Releasing transactional SqlSession [org.apache.ibatis.session.defaults.DefaultSqlSession@157a2c86]
Transaction synchronization committing SqlSession [org.apache.ibatis.session.defaults.DefaultSqlSession@157a2c86]
Transaction synchronization deregistering SqlSession [org.apache.ibatis.session.defaults.DefaultSqlSession@157a2c86]
Transaction synchronization closing SqlSession [org.apache.ibatis.session.defaults.DefaultSqlSession@157a2c86]
Creating a new SqlSession
Registering transaction synchronization for SqlSession [org.apache.ibatis.session.defaults.DefaultSqlSession@2b68c59b]
JDBC Connection [HikariProxyConnection@1077898244 wrapping com.mysql.cj.jdbc.ConnectionImpl@7e615c6a] will be managed by Spring
==>  Preparing: INSERT INTO `tb_post` (content, author_id, publish_at, last_update) VALUES (?, ?, ?, ?)
==> Parameters: 在乡村的森林，享受徒步探险和呼吸新鲜空气。(String), 12(Long), 2024-09-28T19:07:47.430548200(LocalDateTime), 2024-09-28T19:07:47.430548200(LocalDateTime)
<==    Updates: 1
Releasing transactional SqlSession [org.apache.ibatis.session.defaults.DefaultSqlSession@2b68c59b]
Transaction synchronization committing SqlSession [org.apache.ibatis.session.defaults.DefaultSqlSession@2b68c59b]
Transaction synchronization deregistering SqlSession [org.apache.ibatis.session.defaults.DefaultSqlSession@2b68c59b]
Transaction synchronization closing SqlSession [org.apache.ibatis.session.defaults.DefaultSqlSession@2b68c59b]
Creating a new SqlSession
Registering transaction synchronization for SqlSession [org.apache.ibatis.session.defaults.DefaultSqlSession@1043c493]
JDBC Connection [HikariProxyConnection@303127592 wrapping com.mysql.cj.jdbc.ConnectionImpl@7e615c6a] will be managed by Spring
==>  Preparing: INSERT INTO `tb_post` (content, author_id, publish_at, last_update) VALUES (?, ?, ?, ?)
==> Parameters: 在城市的步行街，享受购物的乐趣和城市的繁华。(String), 67(Long), 2024-09-28T19:07:47.440487600(LocalDateTime), 2024-09-28T19:07:47.440487600(LocalDateTime)
<==    Updates: 1
Releasing transactional SqlSession [org.apache.ibatis.session.defaults.DefaultSqlSession@1043c493]
Transaction synchronization committing SqlSession [org.apache.ibatis.session.defaults.DefaultSqlSession@1043c493]
Transaction synchronization deregistering SqlSession [org.apache.ibatis.session.defaults.DefaultSqlSession@1043c493]
Transaction synchronization closing SqlSession [org.apache.ibatis.session.defaults.DefaultSqlSession@1043c493]
Creating a new SqlSession
Registering transaction synchronization for SqlSession [org.apache.ibatis.session.defaults.DefaultSqlSession@173602c0]
JDBC Connection [HikariProxyConnection@485281961 wrapping com.mysql.cj.jdbc.ConnectionImpl@7e615c6a] will be managed by Spring
==>  Preparing: INSERT INTO `tb_post` (content, author_id, publish_at, last_update) VALUES (?, ?, ?, ?)
==> Parameters: 在乡村的河流，享受漂流的刺激和河水的清凉。(String), 64(Long), 2024-09-28T19:07:47.450011500(LocalDateTime), 2024-09-28T19:07:47.450011500(LocalDateTime)
<==    Updates: 1
Releasing transactional SqlSession [org.apache.ibatis.session.defaults.DefaultSqlSession@173602c0]
Transaction synchronization committing SqlSession [org.apache.ibatis.session.defaults.DefaultSqlSession@173602c0]
Transaction synchronization deregistering SqlSession [org.apache.ibatis.session.defaults.DefaultSqlSession@173602c0]
Transaction synchronization closing SqlSession [org.apache.ibatis.session.defaults.DefaultSqlSession@173602c0]
Creating a new SqlSession
Registering transaction synchronization for SqlSession [org.apache.ibatis.session.defaults.DefaultSqlSession@17e323fd]
JDBC Connection [HikariProxyConnection@858889712 wrapping com.mysql.cj.jdbc.ConnectionImpl@7e615c6a] will be managed by Spring
==>  Preparing: INSERT INTO `tb_post` (content, author_id, publish_at, last_update) VALUES (?, ?, ?, ?)
==> Parameters: 在城市的广场，享受节日的庆典和人们的欢乐。(String), 43(Long), 2024-09-28T19:07:47.459940600(LocalDateTime), 2024-09-28T19:07:47.459940600(LocalDateTime)
<==    Updates: 1
Releasing transactional SqlSession [org.apache.ibatis.session.defaults.DefaultSqlSession@17e323fd]
Transaction synchronization committing SqlSession [org.apache.ibatis.session.defaults.DefaultSqlSession@17e323fd]
Transaction synchronization deregistering SqlSession [org.apache.ibatis.session.defaults.DefaultSqlSession@17e323fd]
Transaction synchronization closing SqlSession [org.apache.ibatis.session.defaults.DefaultSqlSession@17e323fd]
Creating a new SqlSession
Registering transaction synchronization for SqlSession [org.apache.ibatis.session.defaults.DefaultSqlSession@16df0ebd]
JDBC Connection [HikariProxyConnection@1653282104 wrapping com.mysql.cj.jdbc.ConnectionImpl@7e615c6a] will be managed by Spring
==>  Preparing: INSERT INTO `tb_post` (content, author_id, publish_at, last_update) VALUES (?, ?, ?, ?)
==> Parameters: 在乡村的山丘，享受徒步的乐趣和山顶的美景。(String), 66(Long), 2024-09-28T19:07:47.470386400(LocalDateTime), 2024-09-28T19:07:47.470386400(LocalDateTime)
<==    Updates: 1
Releasing transactional SqlSession [org.apache.ibatis.session.defaults.DefaultSqlSession@16df0ebd]
Transaction synchronization committing SqlSession [org.apache.ibatis.session.defaults.DefaultSqlSession@16df0ebd]
Transaction synchronization deregistering SqlSession [org.apache.ibatis.session.defaults.DefaultSqlSession@16df0ebd]
Transaction synchronization closing SqlSession [org.apache.ibatis.session.defaults.DefaultSqlSession@16df0ebd]
Creating a new SqlSession
Registering transaction synchronization for SqlSession [org.apache.ibatis.session.defaults.DefaultSqlSession@740530b]
JDBC Connection [HikariProxyConnection@1090642246 wrapping com.mysql.cj.jdbc.ConnectionImpl@7e615c6a] will be managed by Spring
==>  Preparing: INSERT INTO `tb_post` (content, author_id, publish_at, last_update) VALUES (?, ?, ?, ?)
==> Parameters: 在城市的购物中心，享受购物的便利和时尚的潮流。(String), 75(Long), 2024-09-28T19:07:47.470386400(LocalDateTime), 2024-09-28T19:07:47.470386400(LocalDateTime)
<==    Updates: 1
Releasing transactional SqlSession [org.apache.ibatis.session.defaults.DefaultSqlSession@740530b]
Transaction synchronization committing SqlSession [org.apache.ibatis.session.defaults.DefaultSqlSession@740530b]
Transaction synchronization deregistering SqlSession [org.apache.ibatis.session.defaults.DefaultSqlSession@740530b]
Transaction synchronization closing SqlSession [org.apache.ibatis.session.defaults.DefaultSqlSession@740530b]
Creating a new SqlSession
Registering transaction synchronization for SqlSession [org.apache.ibatis.session.defaults.DefaultSqlSession@cd9ce76]
JDBC Connection [HikariProxyConnection@373590055 wrapping com.mysql.cj.jdbc.ConnectionImpl@7e615c6a] will be managed by Spring
==>  Preparing: INSERT INTO `tb_post` (content, author_id, publish_at, last_update) VALUES (?, ?, ?, ?)
==> Parameters: 在乡村的小路，享受骑行的自由和乡村的风景。(String), 91(Long), 2024-09-28T19:07:47.479899600(LocalDateTime), 2024-09-28T19:07:47.479899600(LocalDateTime)
<==    Updates: 1
Releasing transactional SqlSession [org.apache.ibatis.session.defaults.DefaultSqlSession@cd9ce76]
Transaction synchronization committing SqlSession [org.apache.ibatis.session.defaults.DefaultSqlSession@cd9ce76]
Transaction synchronization deregistering SqlSession [org.apache.ibatis.session.defaults.DefaultSqlSession@cd9ce76]
Transaction synchronization closing SqlSession [org.apache.ibatis.session.defaults.DefaultSqlSession@cd9ce76]
Creating a new SqlSession
Registering transaction synchronization for SqlSession [org.apache.ibatis.session.defaults.DefaultSqlSession@493ed8e6]
JDBC Connection [HikariProxyConnection@1305218621 wrapping com.mysql.cj.jdbc.ConnectionImpl@7e615c6a] will be managed by Spring
==>  Preparing: INSERT INTO `tb_post` (content, author_id, publish_at, last_update) VALUES (?, ?, ?, ?)
==> Parameters: 在城市的街头艺术，感受城市的创意和活力。(String), 11(Long), 2024-09-28T19:07:47.479899600(LocalDateTime), 2024-09-28T19:07:47.479899600(LocalDateTime)
<==    Updates: 1
Releasing transactional SqlSession [org.apache.ibatis.session.defaults.DefaultSqlSession@493ed8e6]
Transaction synchronization committing SqlSession [org.apache.ibatis.session.defaults.DefaultSqlSession@493ed8e6]
Transaction synchronization deregistering SqlSession [org.apache.ibatis.session.defaults.DefaultSqlSession@493ed8e6]
Transaction synchronization closing SqlSession [org.apache.ibatis.session.defaults.DefaultSqlSession@493ed8e6]
]]></system-out>
    <system-err><![CDATA[WARNING: A Java agent has been loaded dynamically (D:\apache-maven-3.9.9\repository\net\bytebuddy\byte-buddy-agent\1.14.19\byte-buddy-agent-1.14.19.jar)
WARNING: If a serviceability tool is in use, please run with -XX:+EnableDynamicAgentLoading to hide this warning
WARNING: If a serviceability tool is not in use, please run with -Djdk.instrument.traceUsage for more information
WARNING: Dynamic loading of agents will be disallowed by default in a future release
]]></system-err>
  </testcase>
</testsuite>