<?xml version="1.0" encoding="UTF-8"?>
<testsuite xmlns:xsi="http://www.w3.org/2001/XMLSchema-instance" xsi:noNamespaceSchemaLocation="https://maven.apache.org/surefire/maven-surefire-plugin/xsd/surefire-test-report-3.0.xsd" version="3.0" name="com.easyshare.CreatePostsTest" time="44.318" tests="1" errors="0" skipped="0" failures="0">
  <properties>
    <property name="java.specification.version" value="22"/>
    <property name="sun.cpu.isalist" value="amd64"/>
    <property name="sun.jnu.encoding" value="GBK"/>
    <property name="java.class.path" value="D:\EasyShare(react+springboot+electron)\springboot\target\test-classes;D:\EasyShare(react+springboot+electron)\springboot\target\classes;D:\apache-maven-3.9.9\repository\org\springframework\boot\spring-boot-starter-web\3.3.3\spring-boot-starter-web-3.3.3.jar;D:\apache-maven-3.9.9\repository\org\springframework\boot\spring-boot-starter\3.3.3\spring-boot-starter-3.3.3.jar;D:\apache-maven-3.9.9\repository\org\springframework\boot\spring-boot\3.3.3\spring-boot-3.3.3.jar;D:\apache-maven-3.9.9\repository\org\springframework\boot\spring-boot-autoconfigure\3.3.3\spring-boot-autoconfigure-3.3.3.jar;D:\apache-maven-3.9.9\repository\org\springframework\boot\spring-boot-starter-logging\3.3.3\spring-boot-starter-logging-3.3.3.jar;D:\apache-maven-3.9.9\repository\ch\qos\logback\logback-classic\1.5.7\logback-classic-1.5.7.jar;D:\apache-maven-3.9.9\repository\ch\qos\logback\logback-core\1.5.7\logback-core-1.5.7.jar;D:\apache-maven-3.9.9\repository\org\apache\logging\log4j\log4j-to-slf4j\2.23.1\log4j-to-slf4j-2.23.1.jar;D:\apache-maven-3.9.9\repository\org\apache\logging\log4j\log4j-api\2.23.1\log4j-api-2.23.1.jar;D:\apache-maven-3.9.9\repository\org\slf4j\jul-to-slf4j\2.0.16\jul-to-slf4j-2.0.16.jar;D:\apache-maven-3.9.9\repository\jakarta\annotation\jakarta.annotation-api\2.1.1\jakarta.annotation-api-2.1.1.jar;D:\apache-maven-3.9.9\repository\org\yaml\snakeyaml\2.2\snakeyaml-2.2.jar;D:\apache-maven-3.9.9\repository\org\springframework\boot\spring-boot-starter-json\3.3.3\spring-boot-starter-json-3.3.3.jar;D:\apache-maven-3.9.9\repository\com\fasterxml\jackson\datatype\jackson-datatype-jdk8\2.17.2\jackson-datatype-jdk8-2.17.2.jar;D:\apache-maven-3.9.9\repository\com\fasterxml\jackson\datatype\jackson-datatype-jsr310\2.17.2\jackson-datatype-jsr310-2.17.2.jar;D:\apache-maven-3.9.9\repository\com\fasterxml\jackson\module\jackson-module-parameter-names\2.17.2\jackson-module-parameter-names-2.17.2.jar;D:\apache-maven-3.9.9\repository\org\springframework\boot\spring-boot-starter-tomcat\3.3.3\spring-boot-starter-tomcat-3.3.3.jar;D:\apache-maven-3.9.9\repository\org\apache\tomcat\embed\tomcat-embed-core\10.1.28\tomcat-embed-core-10.1.28.jar;D:\apache-maven-3.9.9\repository\org\apache\tomcat\embed\tomcat-embed-websocket\10.1.28\tomcat-embed-websocket-10.1.28.jar;D:\apache-maven-3.9.9\repository\org\springframework\spring-web\6.1.12\spring-web-6.1.12.jar;D:\apache-maven-3.9.9\repository\org\springframework\spring-beans\6.1.12\spring-beans-6.1.12.jar;D:\apache-maven-3.9.9\repository\io\micrometer\micrometer-observation\1.13.3\micrometer-observation-1.13.3.jar;D:\apache-maven-3.9.9\repository\io\micrometer\micrometer-commons\1.13.3\micrometer-commons-1.13.3.jar;D:\apache-maven-3.9.9\repository\org\springframework\spring-webmvc\6.1.12\spring-webmvc-6.1.12.jar;D:\apache-maven-3.9.9\repository\org\springframework\spring-aop\6.1.12\spring-aop-6.1.12.jar;D:\apache-maven-3.9.9\repository\org\springframework\spring-context\6.1.12\spring-context-6.1.12.jar;D:\apache-maven-3.9.9\repository\org\springframework\spring-expression\6.1.12\spring-expression-6.1.12.jar;D:\apache-maven-3.9.9\repository\com\mysql\mysql-connector-j\8.3.0\mysql-connector-j-8.3.0.jar;D:\apache-maven-3.9.9\repository\org\projectlombok\lombok\1.18.34\lombok-1.18.34.jar;D:\apache-maven-3.9.9\repository\org\springframework\boot\spring-boot-starter-test\3.3.3\spring-boot-starter-test-3.3.3.jar;D:\apache-maven-3.9.9\repository\org\springframework\boot\spring-boot-test\3.3.3\spring-boot-test-3.3.3.jar;D:\apache-maven-3.9.9\repository\org\springframework\boot\spring-boot-test-autoconfigure\3.3.3\spring-boot-test-autoconfigure-3.3.3.jar;D:\apache-maven-3.9.9\repository\com\jayway\jsonpath\json-path\2.9.0\json-path-2.9.0.jar;D:\apache-maven-3.9.9\repository\jakarta\xml\bind\jakarta.xml.bind-api\4.0.2\jakarta.xml.bind-api-4.0.2.jar;D:\apache-maven-3.9.9\repository\jakarta\activation\jakarta.activation-api\2.1.3\jakarta.activation-api-2.1.3.jar;D:\apache-maven-3.9.9\repository\net\minidev\json-smart\2.5.1\json-smart-2.5.1.jar;D:\apache-maven-3.9.9\repository\net\minidev\accessors-smart\2.5.1\accessors-smart-2.5.1.jar;D:\apache-maven-3.9.9\repository\org\ow2\asm\asm\9.6\asm-9.6.jar;D:\apache-maven-3.9.9\repository\org\assertj\assertj-core\3.25.3\assertj-core-3.25.3.jar;D:\apache-maven-3.9.9\repository\net\bytebuddy\byte-buddy\1.14.19\byte-buddy-1.14.19.jar;D:\apache-maven-3.9.9\repository\org\awaitility\awaitility\4.2.2\awaitility-4.2.2.jar;D:\apache-maven-3.9.9\repository\org\hamcrest\hamcrest\2.2\hamcrest-2.2.jar;D:\apache-maven-3.9.9\repository\org\junit\jupiter\junit-jupiter\5.10.3\junit-jupiter-5.10.3.jar;D:\apache-maven-3.9.9\repository\org\junit\jupiter\junit-jupiter-api\5.10.3\junit-jupiter-api-5.10.3.jar;D:\apache-maven-3.9.9\repository\org\opentest4j\opentest4j\1.3.0\opentest4j-1.3.0.jar;D:\apache-maven-3.9.9\repository\org\junit\platform\junit-platform-commons\1.10.3\junit-platform-commons-1.10.3.jar;D:\apache-maven-3.9.9\repository\org\apiguardian\apiguardian-api\1.1.2\apiguardian-api-1.1.2.jar;D:\apache-maven-3.9.9\repository\org\junit\jupiter\junit-jupiter-params\5.10.3\junit-jupiter-params-5.10.3.jar;D:\apache-maven-3.9.9\repository\org\junit\jupiter\junit-jupiter-engine\5.10.3\junit-jupiter-engine-5.10.3.jar;D:\apache-maven-3.9.9\repository\org\junit\platform\junit-platform-engine\1.10.3\junit-platform-engine-1.10.3.jar;D:\apache-maven-3.9.9\repository\org\mockito\mockito-core\5.11.0\mockito-core-5.11.0.jar;D:\apache-maven-3.9.9\repository\net\bytebuddy\byte-buddy-agent\1.14.19\byte-buddy-agent-1.14.19.jar;D:\apache-maven-3.9.9\repository\org\objenesis\objenesis\3.3\objenesis-3.3.jar;D:\apache-maven-3.9.9\repository\org\mockito\mockito-junit-jupiter\5.11.0\mockito-junit-jupiter-5.11.0.jar;D:\apache-maven-3.9.9\repository\org\skyscreamer\jsonassert\1.5.3\jsonassert-1.5.3.jar;D:\apache-maven-3.9.9\repository\com\vaadin\external\google\android-json\0.0.20131108.vaadin1\android-json-0.0.20131108.vaadin1.jar;D:\apache-maven-3.9.9\repository\org\springframework\spring-core\6.1.12\spring-core-6.1.12.jar;D:\apache-maven-3.9.9\repository\org\springframework\spring-jcl\6.1.12\spring-jcl-6.1.12.jar;D:\apache-maven-3.9.9\repository\org\springframework\spring-test\6.1.12\spring-test-6.1.12.jar;D:\apache-maven-3.9.9\repository\org\xmlunit\xmlunit-core\2.9.1\xmlunit-core-2.9.1.jar;D:\apache-maven-3.9.9\repository\org\mybatis\spring\boot\mybatis-spring-boot-starter\3.0.3\mybatis-spring-boot-starter-3.0.3.jar;D:\apache-maven-3.9.9\repository\org\springframework\boot\spring-boot-starter-jdbc\3.3.3\spring-boot-starter-jdbc-3.3.3.jar;D:\apache-maven-3.9.9\repository\com\zaxxer\HikariCP\5.1.0\HikariCP-5.1.0.jar;D:\apache-maven-3.9.9\repository\org\springframework\spring-jdbc\6.1.12\spring-jdbc-6.1.12.jar;D:\apache-maven-3.9.9\repository\org\mybatis\spring\boot\mybatis-spring-boot-autoconfigure\3.0.3\mybatis-spring-boot-autoconfigure-3.0.3.jar;D:\apache-maven-3.9.9\repository\org\mybatis\mybatis\3.5.14\mybatis-3.5.14.jar;D:\apache-maven-3.9.9\repository\org\mybatis\mybatis-spring\3.0.3\mybatis-spring-3.0.3.jar;D:\apache-maven-3.9.9\repository\org\mybatis\spring\boot\mybatis-spring-boot-starter-test\3.0.3\mybatis-spring-boot-starter-test-3.0.3.jar;D:\apache-maven-3.9.9\repository\org\mybatis\spring\boot\mybatis-spring-boot-test-autoconfigure\3.0.3\mybatis-spring-boot-test-autoconfigure-3.0.3.jar;D:\apache-maven-3.9.9\repository\org\springframework\spring-tx\6.1.12\spring-tx-6.1.12.jar;D:\apache-maven-3.9.9\repository\org\springframework\boot\spring-boot-starter-validation\3.3.3\spring-boot-starter-validation-3.3.3.jar;D:\apache-maven-3.9.9\repository\org\apache\tomcat\embed\tomcat-embed-el\10.1.28\tomcat-embed-el-10.1.28.jar;D:\apache-maven-3.9.9\repository\org\hibernate\validator\hibernate-validator\8.0.1.Final\hibernate-validator-8.0.1.Final.jar;D:\apache-maven-3.9.9\repository\jakarta\validation\jakarta.validation-api\3.0.2\jakarta.validation-api-3.0.2.jar;D:\apache-maven-3.9.9\repository\org\jboss\logging\jboss-logging\3.5.3.Final\jboss-logging-3.5.3.Final.jar;D:\apache-maven-3.9.9\repository\com\fasterxml\classmate\1.7.0\classmate-1.7.0.jar;D:\apache-maven-3.9.9\repository\com\auth0\java-jwt\4.4.0\java-jwt-4.4.0.jar;D:\apache-maven-3.9.9\repository\com\fasterxml\jackson\core\jackson-databind\2.17.2\jackson-databind-2.17.2.jar;D:\apache-maven-3.9.9\repository\com\fasterxml\jackson\core\jackson-annotations\2.17.2\jackson-annotations-2.17.2.jar;D:\apache-maven-3.9.9\repository\com\alibaba\fastjson2\fastjson2-extension-spring6\2.0.52\fastjson2-extension-spring6-2.0.52.jar;D:\apache-maven-3.9.9\repository\com\alibaba\fastjson2\fastjson2-extension\2.0.52\fastjson2-extension-2.0.52.jar;D:\apache-maven-3.9.9\repository\com\alibaba\fastjson2\fastjson2\2.0.52\fastjson2-2.0.52.jar;D:\apache-maven-3.9.9\repository\com\github\pagehelper\pagehelper-spring-boot-starter\1.4.7\pagehelper-spring-boot-starter-1.4.7.jar;D:\apache-maven-3.9.9\repository\com\github\pagehelper\pagehelper-spring-boot-autoconfigure\1.4.7\pagehelper-spring-boot-autoconfigure-1.4.7.jar;D:\apache-maven-3.9.9\repository\com\github\pagehelper\pagehelper\5.3.3\pagehelper-5.3.3.jar;D:\apache-maven-3.9.9\repository\com\github\jsqlparser\jsqlparser\4.5\jsqlparser-4.5.jar;D:\apache-maven-3.9.9\repository\org\springframework\boot\spring-boot-starter-data-redis\3.3.3\spring-boot-starter-data-redis-3.3.3.jar;D:\apache-maven-3.9.9\repository\io\lettuce\lettuce-core\6.3.2.RELEASE\lettuce-core-6.3.2.RELEASE.jar;D:\apache-maven-3.9.9\repository\io\projectreactor\reactor-core\3.6.9\reactor-core-3.6.9.jar;D:\apache-maven-3.9.9\repository\org\reactivestreams\reactive-streams\1.0.4\reactive-streams-1.0.4.jar;D:\apache-maven-3.9.9\repository\org\springframework\data\spring-data-redis\3.3.3\spring-data-redis-3.3.3.jar;D:\apache-maven-3.9.9\repository\org\springframework\data\spring-data-keyvalue\3.3.3\spring-data-keyvalue-3.3.3.jar;D:\apache-maven-3.9.9\repository\org\springframework\spring-oxm\6.1.12\spring-oxm-6.1.12.jar;D:\apache-maven-3.9.9\repository\org\springframework\spring-context-support\6.1.12\spring-context-support-6.1.12.jar;D:\apache-maven-3.9.9\repository\com\aliyun\oss\aliyun-sdk-oss\3.17.4\aliyun-sdk-oss-3.17.4.jar;D:\apache-maven-3.9.9\repository\org\apache\httpcomponents\httpclient\4.5.13\httpclient-4.5.13.jar;D:\apache-maven-3.9.9\repository\org\apache\httpcomponents\httpcore\4.4.16\httpcore-4.4.16.jar;D:\apache-maven-3.9.9\repository\commons-codec\commons-codec\1.16.1\commons-codec-1.16.1.jar;D:\apache-maven-3.9.9\repository\org\jdom\jdom2\2.0.6.1\jdom2-2.0.6.1.jar;D:\apache-maven-3.9.9\repository\org\codehaus\jettison\jettison\1.5.4\jettison-1.5.4.jar;D:\apache-maven-3.9.9\repository\com\aliyun\aliyun-java-sdk-core\4.5.10\aliyun-java-sdk-core-4.5.10.jar;D:\apache-maven-3.9.9\repository\com\google\code\gson\gson\2.10.1\gson-2.10.1.jar;D:\apache-maven-3.9.9\repository\org\jacoco\org.jacoco.agent\0.8.5\org.jacoco.agent-0.8.5-runtime.jar;D:\apache-maven-3.9.9\repository\org\ini4j\ini4j\0.5.4\ini4j-0.5.4.jar;D:\apache-maven-3.9.9\repository\io\opentracing\opentracing-api\0.33.0\opentracing-api-0.33.0.jar;D:\apache-maven-3.9.9\repository\io\opentracing\opentracing-util\0.33.0\opentracing-util-0.33.0.jar;D:\apache-maven-3.9.9\repository\io\opentracing\opentracing-noop\0.33.0\opentracing-noop-0.33.0.jar;D:\apache-maven-3.9.9\repository\com\aliyun\aliyun-java-sdk-ram\3.1.0\aliyun-java-sdk-ram-3.1.0.jar;D:\apache-maven-3.9.9\repository\com\aliyun\aliyun-java-sdk-kms\2.11.0\aliyun-java-sdk-kms-2.11.0.jar;D:\apache-maven-3.9.9\repository\javax\xml\bind\jaxb-api\2.3.1\jaxb-api-2.3.1.jar;D:\apache-maven-3.9.9\repository\javax\activation\javax.activation-api\1.2.0\javax.activation-api-1.2.0.jar;D:\apache-maven-3.9.9\repository\javax\activation\activation\1.1.1\activation-1.1.1.jar;D:\apache-maven-3.9.9\repository\org\glassfish\jaxb\jaxb-runtime\2.3.3\jaxb-runtime-2.3.3.jar;D:\apache-maven-3.9.9\repository\org\glassfish\jaxb\txw2\4.0.5\txw2-4.0.5.jar;D:\apache-maven-3.9.9\repository\com\sun\istack\istack-commons-runtime\4.1.2\istack-commons-runtime-4.1.2.jar;D:\apache-maven-3.9.9\repository\com\sun\activation\jakarta.activation\1.2.2\jakarta.activation-1.2.2.jar;D:\apache-maven-3.9.9\repository\org\springframework\boot\spring-boot-starter-data-mongodb\3.3.3\spring-boot-starter-data-mongodb-3.3.3.jar;D:\apache-maven-3.9.9\repository\org\mongodb\mongodb-driver-sync\5.0.1\mongodb-driver-sync-5.0.1.jar;D:\apache-maven-3.9.9\repository\org\mongodb\bson\5.0.1\bson-5.0.1.jar;D:\apache-maven-3.9.9\repository\org\mongodb\mongodb-driver-core\5.0.1\mongodb-driver-core-5.0.1.jar;D:\apache-maven-3.9.9\repository\org\mongodb\bson-record-codec\5.0.1\bson-record-codec-5.0.1.jar;D:\apache-maven-3.9.9\repository\org\springframework\data\spring-data-mongodb\4.3.3\spring-data-mongodb-4.3.3.jar;D:\apache-maven-3.9.9\repository\org\springframework\data\spring-data-commons\3.3.3\spring-data-commons-3.3.3.jar;D:\apache-maven-3.9.9\repository\com\corundumstudio\socketio\netty-socketio\2.0.9\netty-socketio-2.0.9.jar;D:\apache-maven-3.9.9\repository\io\netty\netty-buffer\4.1.112.Final\netty-buffer-4.1.112.Final.jar;D:\apache-maven-3.9.9\repository\io\netty\netty-common\4.1.112.Final\netty-common-4.1.112.Final.jar;D:\apache-maven-3.9.9\repository\io\netty\netty-transport\4.1.112.Final\netty-transport-4.1.112.Final.jar;D:\apache-maven-3.9.9\repository\io\netty\netty-resolver\4.1.112.Final\netty-resolver-4.1.112.Final.jar;D:\apache-maven-3.9.9\repository\io\netty\netty-handler\4.1.112.Final\netty-handler-4.1.112.Final.jar;D:\apache-maven-3.9.9\repository\io\netty\netty-transport-native-unix-common\4.1.112.Final\netty-transport-native-unix-common-4.1.112.Final.jar;D:\apache-maven-3.9.9\repository\io\netty\netty-codec-http\4.1.112.Final\netty-codec-http-4.1.112.Final.jar;D:\apache-maven-3.9.9\repository\io\netty\netty-codec\4.1.112.Final\netty-codec-4.1.112.Final.jar;D:\apache-maven-3.9.9\repository\org\slf4j\slf4j-api\2.0.16\slf4j-api-2.0.16.jar;D:\apache-maven-3.9.9\repository\com\fasterxml\jackson\core\jackson-core\2.17.2\jackson-core-2.17.2.jar;D:\apache-maven-3.9.9\repository\commons-beanutils\commons-beanutils\1.9.4\commons-beanutils-1.9.4.jar;D:\apache-maven-3.9.9\repository\commons-logging\commons-logging\1.2\commons-logging-1.2.jar;D:\apache-maven-3.9.9\repository\commons-collections\commons-collections\3.2.2\commons-collections-3.2.2.jar;"/>
    <property name="java.vm.vendor" value="Oracle Corporation"/>
    <property name="sun.arch.data.model" value="64"/>
    <property name="user.variant" value=""/>
    <property name="java.vendor.url" value="https://java.oracle.com/"/>
    <property name="user.timezone" value="Asia/Shanghai"/>
    <property name="org.jboss.logging.provider" value="slf4j"/>
    <property name="os.name" value="Windows 11"/>
    <property name="java.vm.specification.version" value="22"/>
    <property name="sun.java.launcher" value="SUN_STANDARD"/>
    <property name="user.country" value="CN"/>
    <property name="sun.boot.library.path" value="D:\JDK\bin"/>
    <property name="sun.java.command" value="C:\Users\LZH\AppData\Local\Temp\surefire3009492028888859865\surefirebooter-20241113001854304_3.jar C:\Users\LZH\AppData\Local\Temp\surefire3009492028888859865 2024-11-13T00-18-54_007-jvmRun1 surefire-20241113001854304_1tmp surefire_0-20241113001854304_2tmp"/>
    <property name="jdk.debug" value="release"/>
    <property name="surefire.test.class.path" value="D:\EasyShare(react+springboot+electron)\springboot\target\test-classes;D:\EasyShare(react+springboot+electron)\springboot\target\classes;D:\apache-maven-3.9.9\repository\org\springframework\boot\spring-boot-starter-web\3.3.3\spring-boot-starter-web-3.3.3.jar;D:\apache-maven-3.9.9\repository\org\springframework\boot\spring-boot-starter\3.3.3\spring-boot-starter-3.3.3.jar;D:\apache-maven-3.9.9\repository\org\springframework\boot\spring-boot\3.3.3\spring-boot-3.3.3.jar;D:\apache-maven-3.9.9\repository\org\springframework\boot\spring-boot-autoconfigure\3.3.3\spring-boot-autoconfigure-3.3.3.jar;D:\apache-maven-3.9.9\repository\org\springframework\boot\spring-boot-starter-logging\3.3.3\spring-boot-starter-logging-3.3.3.jar;D:\apache-maven-3.9.9\repository\ch\qos\logback\logback-classic\1.5.7\logback-classic-1.5.7.jar;D:\apache-maven-3.9.9\repository\ch\qos\logback\logback-core\1.5.7\logback-core-1.5.7.jar;D:\apache-maven-3.9.9\repository\org\apache\logging\log4j\log4j-to-slf4j\2.23.1\log4j-to-slf4j-2.23.1.jar;D:\apache-maven-3.9.9\repository\org\apache\logging\log4j\log4j-api\2.23.1\log4j-api-2.23.1.jar;D:\apache-maven-3.9.9\repository\org\slf4j\jul-to-slf4j\2.0.16\jul-to-slf4j-2.0.16.jar;D:\apache-maven-3.9.9\repository\jakarta\annotation\jakarta.annotation-api\2.1.1\jakarta.annotation-api-2.1.1.jar;D:\apache-maven-3.9.9\repository\org\yaml\snakeyaml\2.2\snakeyaml-2.2.jar;D:\apache-maven-3.9.9\repository\org\springframework\boot\spring-boot-starter-json\3.3.3\spring-boot-starter-json-3.3.3.jar;D:\apache-maven-3.9.9\repository\com\fasterxml\jackson\datatype\jackson-datatype-jdk8\2.17.2\jackson-datatype-jdk8-2.17.2.jar;D:\apache-maven-3.9.9\repository\com\fasterxml\jackson\datatype\jackson-datatype-jsr310\2.17.2\jackson-datatype-jsr310-2.17.2.jar;D:\apache-maven-3.9.9\repository\com\fasterxml\jackson\module\jackson-module-parameter-names\2.17.2\jackson-module-parameter-names-2.17.2.jar;D:\apache-maven-3.9.9\repository\org\springframework\boot\spring-boot-starter-tomcat\3.3.3\spring-boot-starter-tomcat-3.3.3.jar;D:\apache-maven-3.9.9\repository\org\apache\tomcat\embed\tomcat-embed-core\10.1.28\tomcat-embed-core-10.1.28.jar;D:\apache-maven-3.9.9\repository\org\apache\tomcat\embed\tomcat-embed-websocket\10.1.28\tomcat-embed-websocket-10.1.28.jar;D:\apache-maven-3.9.9\repository\org\springframework\spring-web\6.1.12\spring-web-6.1.12.jar;D:\apache-maven-3.9.9\repository\org\springframework\spring-beans\6.1.12\spring-beans-6.1.12.jar;D:\apache-maven-3.9.9\repository\io\micrometer\micrometer-observation\1.13.3\micrometer-observation-1.13.3.jar;D:\apache-maven-3.9.9\repository\io\micrometer\micrometer-commons\1.13.3\micrometer-commons-1.13.3.jar;D:\apache-maven-3.9.9\repository\org\springframework\spring-webmvc\6.1.12\spring-webmvc-6.1.12.jar;D:\apache-maven-3.9.9\repository\org\springframework\spring-aop\6.1.12\spring-aop-6.1.12.jar;D:\apache-maven-3.9.9\repository\org\springframework\spring-context\6.1.12\spring-context-6.1.12.jar;D:\apache-maven-3.9.9\repository\org\springframework\spring-expression\6.1.12\spring-expression-6.1.12.jar;D:\apache-maven-3.9.9\repository\com\mysql\mysql-connector-j\8.3.0\mysql-connector-j-8.3.0.jar;D:\apache-maven-3.9.9\repository\org\projectlombok\lombok\1.18.34\lombok-1.18.34.jar;D:\apache-maven-3.9.9\repository\org\springframework\boot\spring-boot-starter-test\3.3.3\spring-boot-starter-test-3.3.3.jar;D:\apache-maven-3.9.9\repository\org\springframework\boot\spring-boot-test\3.3.3\spring-boot-test-3.3.3.jar;D:\apache-maven-3.9.9\repository\org\springframework\boot\spring-boot-test-autoconfigure\3.3.3\spring-boot-test-autoconfigure-3.3.3.jar;D:\apache-maven-3.9.9\repository\com\jayway\jsonpath\json-path\2.9.0\json-path-2.9.0.jar;D:\apache-maven-3.9.9\repository\jakarta\xml\bind\jakarta.xml.bind-api\4.0.2\jakarta.xml.bind-api-4.0.2.jar;D:\apache-maven-3.9.9\repository\jakarta\activation\jakarta.activation-api\2.1.3\jakarta.activation-api-2.1.3.jar;D:\apache-maven-3.9.9\repository\net\minidev\json-smart\2.5.1\json-smart-2.5.1.jar;D:\apache-maven-3.9.9\repository\net\minidev\accessors-smart\2.5.1\accessors-smart-2.5.1.jar;D:\apache-maven-3.9.9\repository\org\ow2\asm\asm\9.6\asm-9.6.jar;D:\apache-maven-3.9.9\repository\org\assertj\assertj-core\3.25.3\assertj-core-3.25.3.jar;D:\apache-maven-3.9.9\repository\net\bytebuddy\byte-buddy\1.14.19\byte-buddy-1.14.19.jar;D:\apache-maven-3.9.9\repository\org\awaitility\awaitility\4.2.2\awaitility-4.2.2.jar;D:\apache-maven-3.9.9\repository\org\hamcrest\hamcrest\2.2\hamcrest-2.2.jar;D:\apache-maven-3.9.9\repository\org\junit\jupiter\junit-jupiter\5.10.3\junit-jupiter-5.10.3.jar;D:\apache-maven-3.9.9\repository\org\junit\jupiter\junit-jupiter-api\5.10.3\junit-jupiter-api-5.10.3.jar;D:\apache-maven-3.9.9\repository\org\opentest4j\opentest4j\1.3.0\opentest4j-1.3.0.jar;D:\apache-maven-3.9.9\repository\org\junit\platform\junit-platform-commons\1.10.3\junit-platform-commons-1.10.3.jar;D:\apache-maven-3.9.9\repository\org\apiguardian\apiguardian-api\1.1.2\apiguardian-api-1.1.2.jar;D:\apache-maven-3.9.9\repository\org\junit\jupiter\junit-jupiter-params\5.10.3\junit-jupiter-params-5.10.3.jar;D:\apache-maven-3.9.9\repository\org\junit\jupiter\junit-jupiter-engine\5.10.3\junit-jupiter-engine-5.10.3.jar;D:\apache-maven-3.9.9\repository\org\junit\platform\junit-platform-engine\1.10.3\junit-platform-engine-1.10.3.jar;D:\apache-maven-3.9.9\repository\org\mockito\mockito-core\5.11.0\mockito-core-5.11.0.jar;D:\apache-maven-3.9.9\repository\net\bytebuddy\byte-buddy-agent\1.14.19\byte-buddy-agent-1.14.19.jar;D:\apache-maven-3.9.9\repository\org\objenesis\objenesis\3.3\objenesis-3.3.jar;D:\apache-maven-3.9.9\repository\org\mockito\mockito-junit-jupiter\5.11.0\mockito-junit-jupiter-5.11.0.jar;D:\apache-maven-3.9.9\repository\org\skyscreamer\jsonassert\1.5.3\jsonassert-1.5.3.jar;D:\apache-maven-3.9.9\repository\com\vaadin\external\google\android-json\0.0.20131108.vaadin1\android-json-0.0.20131108.vaadin1.jar;D:\apache-maven-3.9.9\repository\org\springframework\spring-core\6.1.12\spring-core-6.1.12.jar;D:\apache-maven-3.9.9\repository\org\springframework\spring-jcl\6.1.12\spring-jcl-6.1.12.jar;D:\apache-maven-3.9.9\repository\org\springframework\spring-test\6.1.12\spring-test-6.1.12.jar;D:\apache-maven-3.9.9\repository\org\xmlunit\xmlunit-core\2.9.1\xmlunit-core-2.9.1.jar;D:\apache-maven-3.9.9\repository\org\mybatis\spring\boot\mybatis-spring-boot-starter\3.0.3\mybatis-spring-boot-starter-3.0.3.jar;D:\apache-maven-3.9.9\repository\org\springframework\boot\spring-boot-starter-jdbc\3.3.3\spring-boot-starter-jdbc-3.3.3.jar;D:\apache-maven-3.9.9\repository\com\zaxxer\HikariCP\5.1.0\HikariCP-5.1.0.jar;D:\apache-maven-3.9.9\repository\org\springframework\spring-jdbc\6.1.12\spring-jdbc-6.1.12.jar;D:\apache-maven-3.9.9\repository\org\mybatis\spring\boot\mybatis-spring-boot-autoconfigure\3.0.3\mybatis-spring-boot-autoconfigure-3.0.3.jar;D:\apache-maven-3.9.9\repository\org\mybatis\mybatis\3.5.14\mybatis-3.5.14.jar;D:\apache-maven-3.9.9\repository\org\mybatis\mybatis-spring\3.0.3\mybatis-spring-3.0.3.jar;D:\apache-maven-3.9.9\repository\org\mybatis\spring\boot\mybatis-spring-boot-starter-test\3.0.3\mybatis-spring-boot-starter-test-3.0.3.jar;D:\apache-maven-3.9.9\repository\org\mybatis\spring\boot\mybatis-spring-boot-test-autoconfigure\3.0.3\mybatis-spring-boot-test-autoconfigure-3.0.3.jar;D:\apache-maven-3.9.9\repository\org\springframework\spring-tx\6.1.12\spring-tx-6.1.12.jar;D:\apache-maven-3.9.9\repository\org\springframework\boot\spring-boot-starter-validation\3.3.3\spring-boot-starter-validation-3.3.3.jar;D:\apache-maven-3.9.9\repository\org\apache\tomcat\embed\tomcat-embed-el\10.1.28\tomcat-embed-el-10.1.28.jar;D:\apache-maven-3.9.9\repository\org\hibernate\validator\hibernate-validator\8.0.1.Final\hibernate-validator-8.0.1.Final.jar;D:\apache-maven-3.9.9\repository\jakarta\validation\jakarta.validation-api\3.0.2\jakarta.validation-api-3.0.2.jar;D:\apache-maven-3.9.9\repository\org\jboss\logging\jboss-logging\3.5.3.Final\jboss-logging-3.5.3.Final.jar;D:\apache-maven-3.9.9\repository\com\fasterxml\classmate\1.7.0\classmate-1.7.0.jar;D:\apache-maven-3.9.9\repository\com\auth0\java-jwt\4.4.0\java-jwt-4.4.0.jar;D:\apache-maven-3.9.9\repository\com\fasterxml\jackson\core\jackson-databind\2.17.2\jackson-databind-2.17.2.jar;D:\apache-maven-3.9.9\repository\com\fasterxml\jackson\core\jackson-annotations\2.17.2\jackson-annotations-2.17.2.jar;D:\apache-maven-3.9.9\repository\com\alibaba\fastjson2\fastjson2-extension-spring6\2.0.52\fastjson2-extension-spring6-2.0.52.jar;D:\apache-maven-3.9.9\repository\com\alibaba\fastjson2\fastjson2-extension\2.0.52\fastjson2-extension-2.0.52.jar;D:\apache-maven-3.9.9\repository\com\alibaba\fastjson2\fastjson2\2.0.52\fastjson2-2.0.52.jar;D:\apache-maven-3.9.9\repository\com\github\pagehelper\pagehelper-spring-boot-starter\1.4.7\pagehelper-spring-boot-starter-1.4.7.jar;D:\apache-maven-3.9.9\repository\com\github\pagehelper\pagehelper-spring-boot-autoconfigure\1.4.7\pagehelper-spring-boot-autoconfigure-1.4.7.jar;D:\apache-maven-3.9.9\repository\com\github\pagehelper\pagehelper\5.3.3\pagehelper-5.3.3.jar;D:\apache-maven-3.9.9\repository\com\github\jsqlparser\jsqlparser\4.5\jsqlparser-4.5.jar;D:\apache-maven-3.9.9\repository\org\springframework\boot\spring-boot-starter-data-redis\3.3.3\spring-boot-starter-data-redis-3.3.3.jar;D:\apache-maven-3.9.9\repository\io\lettuce\lettuce-core\6.3.2.RELEASE\lettuce-core-6.3.2.RELEASE.jar;D:\apache-maven-3.9.9\repository\io\projectreactor\reactor-core\3.6.9\reactor-core-3.6.9.jar;D:\apache-maven-3.9.9\repository\org\reactivestreams\reactive-streams\1.0.4\reactive-streams-1.0.4.jar;D:\apache-maven-3.9.9\repository\org\springframework\data\spring-data-redis\3.3.3\spring-data-redis-3.3.3.jar;D:\apache-maven-3.9.9\repository\org\springframework\data\spring-data-keyvalue\3.3.3\spring-data-keyvalue-3.3.3.jar;D:\apache-maven-3.9.9\repository\org\springframework\spring-oxm\6.1.12\spring-oxm-6.1.12.jar;D:\apache-maven-3.9.9\repository\org\springframework\spring-context-support\6.1.12\spring-context-support-6.1.12.jar;D:\apache-maven-3.9.9\repository\com\aliyun\oss\aliyun-sdk-oss\3.17.4\aliyun-sdk-oss-3.17.4.jar;D:\apache-maven-3.9.9\repository\org\apache\httpcomponents\httpclient\4.5.13\httpclient-4.5.13.jar;D:\apache-maven-3.9.9\repository\org\apache\httpcomponents\httpcore\4.4.16\httpcore-4.4.16.jar;D:\apache-maven-3.9.9\repository\commons-codec\commons-codec\1.16.1\commons-codec-1.16.1.jar;D:\apache-maven-3.9.9\repository\org\jdom\jdom2\2.0.6.1\jdom2-2.0.6.1.jar;D:\apache-maven-3.9.9\repository\org\codehaus\jettison\jettison\1.5.4\jettison-1.5.4.jar;D:\apache-maven-3.9.9\repository\com\aliyun\aliyun-java-sdk-core\4.5.10\aliyun-java-sdk-core-4.5.10.jar;D:\apache-maven-3.9.9\repository\com\google\code\gson\gson\2.10.1\gson-2.10.1.jar;D:\apache-maven-3.9.9\repository\org\jacoco\org.jacoco.agent\0.8.5\org.jacoco.agent-0.8.5-runtime.jar;D:\apache-maven-3.9.9\repository\org\ini4j\ini4j\0.5.4\ini4j-0.5.4.jar;D:\apache-maven-3.9.9\repository\io\opentracing\opentracing-api\0.33.0\opentracing-api-0.33.0.jar;D:\apache-maven-3.9.9\repository\io\opentracing\opentracing-util\0.33.0\opentracing-util-0.33.0.jar;D:\apache-maven-3.9.9\repository\io\opentracing\opentracing-noop\0.33.0\opentracing-noop-0.33.0.jar;D:\apache-maven-3.9.9\repository\com\aliyun\aliyun-java-sdk-ram\3.1.0\aliyun-java-sdk-ram-3.1.0.jar;D:\apache-maven-3.9.9\repository\com\aliyun\aliyun-java-sdk-kms\2.11.0\aliyun-java-sdk-kms-2.11.0.jar;D:\apache-maven-3.9.9\repository\javax\xml\bind\jaxb-api\2.3.1\jaxb-api-2.3.1.jar;D:\apache-maven-3.9.9\repository\javax\activation\javax.activation-api\1.2.0\javax.activation-api-1.2.0.jar;D:\apache-maven-3.9.9\repository\javax\activation\activation\1.1.1\activation-1.1.1.jar;D:\apache-maven-3.9.9\repository\org\glassfish\jaxb\jaxb-runtime\2.3.3\jaxb-runtime-2.3.3.jar;D:\apache-maven-3.9.9\repository\org\glassfish\jaxb\txw2\4.0.5\txw2-4.0.5.jar;D:\apache-maven-3.9.9\repository\com\sun\istack\istack-commons-runtime\4.1.2\istack-commons-runtime-4.1.2.jar;D:\apache-maven-3.9.9\repository\com\sun\activation\jakarta.activation\1.2.2\jakarta.activation-1.2.2.jar;D:\apache-maven-3.9.9\repository\org\springframework\boot\spring-boot-starter-data-mongodb\3.3.3\spring-boot-starter-data-mongodb-3.3.3.jar;D:\apache-maven-3.9.9\repository\org\mongodb\mongodb-driver-sync\5.0.1\mongodb-driver-sync-5.0.1.jar;D:\apache-maven-3.9.9\repository\org\mongodb\bson\5.0.1\bson-5.0.1.jar;D:\apache-maven-3.9.9\repository\org\mongodb\mongodb-driver-core\5.0.1\mongodb-driver-core-5.0.1.jar;D:\apache-maven-3.9.9\repository\org\mongodb\bson-record-codec\5.0.1\bson-record-codec-5.0.1.jar;D:\apache-maven-3.9.9\repository\org\springframework\data\spring-data-mongodb\4.3.3\spring-data-mongodb-4.3.3.jar;D:\apache-maven-3.9.9\repository\org\springframework\data\spring-data-commons\3.3.3\spring-data-commons-3.3.3.jar;D:\apache-maven-3.9.9\repository\com\corundumstudio\socketio\netty-socketio\2.0.9\netty-socketio-2.0.9.jar;D:\apache-maven-3.9.9\repository\io\netty\netty-buffer\4.1.112.Final\netty-buffer-4.1.112.Final.jar;D:\apache-maven-3.9.9\repository\io\netty\netty-common\4.1.112.Final\netty-common-4.1.112.Final.jar;D:\apache-maven-3.9.9\repository\io\netty\netty-transport\4.1.112.Final\netty-transport-4.1.112.Final.jar;D:\apache-maven-3.9.9\repository\io\netty\netty-resolver\4.1.112.Final\netty-resolver-4.1.112.Final.jar;D:\apache-maven-3.9.9\repository\io\netty\netty-handler\4.1.112.Final\netty-handler-4.1.112.Final.jar;D:\apache-maven-3.9.9\repository\io\netty\netty-transport-native-unix-common\4.1.112.Final\netty-transport-native-unix-common-4.1.112.Final.jar;D:\apache-maven-3.9.9\repository\io\netty\netty-codec-http\4.1.112.Final\netty-codec-http-4.1.112.Final.jar;D:\apache-maven-3.9.9\repository\io\netty\netty-codec\4.1.112.Final\netty-codec-4.1.112.Final.jar;D:\apache-maven-3.9.9\repository\org\slf4j\slf4j-api\2.0.16\slf4j-api-2.0.16.jar;D:\apache-maven-3.9.9\repository\com\fasterxml\jackson\core\jackson-core\2.17.2\jackson-core-2.17.2.jar;D:\apache-maven-3.9.9\repository\commons-beanutils\commons-beanutils\1.9.4\commons-beanutils-1.9.4.jar;D:\apache-maven-3.9.9\repository\commons-logging\commons-logging\1.2\commons-logging-1.2.jar;D:\apache-maven-3.9.9\repository\commons-collections\commons-collections\3.2.2\commons-collections-3.2.2.jar;"/>
    <property name="sun.cpu.endian" value="little"/>
    <property name="user.home" value="C:\Users\LZH"/>
    <property name="user.language" value="zh"/>
    <property name="java.specification.vendor" value="Oracle Corporation"/>
    <property name="java.version.date" value="2024-07-16"/>
    <property name="java.home" value="D:\JDK"/>
    <property name="file.separator" value="\"/>
    <property name="basedir" value="D:\EasyShare(react+springboot+electron)\springboot"/>
    <property name="java.vm.compressedOopsMode" value="32-bit"/>
    <property name="line.separator" value="&#10;"/>
    <property name="java.vm.specification.vendor" value="Oracle Corporation"/>
    <property name="java.specification.name" value="Java Platform API Specification"/>
    <property name="FILE_LOG_CHARSET" value="UTF-8"/>
    <property name="java.awt.headless" value="true"/>
    <property name="surefire.real.class.path" value="C:\Users\LZH\AppData\Local\Temp\surefire3009492028888859865\surefirebooter-20241113001854304_3.jar"/>
    <property name="user.script" value=""/>
    <property name="sun.management.compiler" value="HotSpot 64-Bit Tiered Compilers"/>
    <property name="java.runtime.version" value="22.0.2+9-70"/>
    <property name="user.name" value="LZH"/>
    <property name="stdout.encoding" value="GBK"/>
    <property name="path.separator" value=";"/>
    <property name="os.version" value="10.0"/>
    <property name="java.runtime.name" value="Java(TM) SE Runtime Environment"/>
    <property name="file.encoding" value="UTF-8"/>
    <property name="java.vm.name" value="Java HotSpot(TM) 64-Bit Server VM"/>
    <property name="localRepository" value="D:\apache-maven-3.9.9\repository"/>
    <property name="java.vendor.url.bug" value="https://bugreport.java.com/bugreport/"/>
    <property name="java.io.tmpdir" value="C:\Users\LZH\AppData\Local\Temp\"/>
    <property name="idea.version" value="2024.2.0.1"/>
    <property name="com.zaxxer.hikari.pool_number" value="1"/>
    <property name="java.version" value="22.0.2"/>
    <property name="user.dir" value="D:\EasyShare(react+springboot+electron)\springboot"/>
    <property name="os.arch" value="amd64"/>
    <property name="java.vm.specification.name" value="Java Virtual Machine Specification"/>
    <property name="PID" value="12632"/>
    <property name="sun.os.patch.level" value=""/>
    <property name="CONSOLE_LOG_CHARSET" value="UTF-8"/>
    <property name="native.encoding" value="GBK"/>
    <property name="java.library.path" value="D:\JDK\bin;C:\WINDOWS\Sun\Java\bin;C:\WINDOWS\system32;C:\WINDOWS;C:\Program Files\Common Files\Oracle\Java\javapath;E:\python3.6.8\Scripts\;E:\python3.6.8\;C:\WINDOWS\system32;C:\WINDOWS;C:\WINDOWS\System32\Wbem;C:\WINDOWS\System32\WindowsPowerShell\v1.0\;C:\WINDOWS\System32\OpenSSH\;C:\Program Files\Microsoft VS Code\bin;E:\texlive\2022\bin\win32;C:\Program Files\python;C:\Program Files\python\Scripts;D:\BtSoft\panel\script;C:\Program Files\python;C:\Program Files\python\Scripts;D:\BtSoft\panel\script;E:\anaconda3;E:\anaconda3\Scripts\;E:\anaconda3\Library\bin;E:\anaconda3\Library\mingw-w64\bin;E:\python3.12.0;C:\ProgramData\chocolatey\bin;%NODE_HOME%;%NODE_HOME%\node_global;%NODE_HOME%\node_cache;E:\nodejs\;E:\nodejs\node_global\node_modules;D:\JDK\bin;D:\JDK\jre\bin;D:\apache-maven-3.9.9\bin;E:\Git\cmd;E:\TortoiseGit\bin;E:\Redis\;E:\MongoDB\Server\8.0\bin;;E:\Git LFS;E:\miniconda;E:\miniconda\Library\mingw-w64\bin;E:\miniconda\Library\usr\bin;E:\miniconda\Library\bin;E:\miniconda\Scripts;E:\python3.8.3\Scripts\;E:\python3.8.3\;E:\Scripts\;E:\;C:\Users\LZH\AppData\Local\Microsoft\WindowsApps;C:\Compiler\texlive\2020\bin\win32;C:\Program Files\JetBrains\PyCharm Community Edition 2023.2.1\bin;;E:\PyCharm 2024.1.4\bin;;D:\TCGA;F:\TCGA\gdc-client_v1.6.1_Windows_x64;E:\PhpStorm 2024.1.4\bin;;E:\Notepad++;E:\nodejs\node_global;D:\IntelliJ IDEA 2024.2.0.1\bin;;C:\Program Files\NVIDIA Corporation\NVSMI;;."/>
    <property name="java.vm.info" value="mixed mode, sharing"/>
    <property name="stderr.encoding" value="GBK"/>
    <property name="java.vendor" value="Oracle Corporation"/>
    <property name="java.vm.version" value="22.0.2+9-70"/>
    <property name="sun.io.unicode.encoding" value="UnicodeLittle"/>
    <property name="maven.repo.local" value="D:\apache-maven-3.9.9\repository"/>
    <property name="java.class.version" value="66.0"/>
  </properties>
  <testcase name="createPostTest" classname="com.easyshare.CreatePostsTest" time="26.173">
    <system-out><![CDATA[00:18:56.560 [main] INFO org.springframework.test.context.support.AnnotationConfigContextLoaderUtils -- Could not detect default configuration classes for test class [com.easyshare.CreatePostsTest]: CreatePostsTest does not declare any static, non-private, non-final, nested classes annotated with @Configuration.
00:18:56.748 [main] INFO org.springframework.boot.test.context.SpringBootTestContextBootstrapper -- Found @SpringBootConfiguration com.easyshare.EasyShareApplication for test class com.easyshare.CreatePostsTest

  .   ____          _            __ _ _
 /\\ / ___'_ __ _ _(_)_ __  __ _ \ \ \ \
( ( )\___ | '_ | '_| | '_ \/ _` | \ \ \ \
 \\/  ___)| |_)| | | | | || (_| |  ) ) ) )
  '  |____| .__|_| |_|_| |_\__, | / / / /
 =========|_|==============|___/=/_/_/_/

 :: Spring Boot ::                (v3.3.3)

2024-11-13T00:18:57.999+08:00  INFO 12632 --- [           main] com.easyshare.CreatePostsTest            : Starting CreatePostsTest using Java 22.0.2 with PID 12632 (started by LZH in D:\EasyShare(react+springboot+electron)\springboot)
2024-11-13T00:18:57.999+08:00  INFO 12632 --- [           main] com.easyshare.CreatePostsTest            : No active profile set, falling back to 1 default profile: "default"
2024-11-13T00:19:00.352+08:00  INFO 12632 --- [           main] .s.d.r.c.RepositoryConfigurationDelegate : Multiple Spring Data modules found, entering strict repository configuration mode
2024-11-13T00:19:00.368+08:00  INFO 12632 --- [           main] .s.d.r.c.RepositoryConfigurationDelegate : Bootstrapping Spring Data MongoDB repositories in DEFAULT mode.
2024-11-13T00:19:00.430+08:00  INFO 12632 --- [           main] .s.d.r.c.RepositoryConfigurationDelegate : Finished Spring Data repository scanning in 45 ms. Found 0 MongoDB repository interfaces.
2024-11-13T00:19:00.477+08:00  INFO 12632 --- [           main] .s.d.r.c.RepositoryConfigurationDelegate : Multiple Spring Data modules found, entering strict repository configuration mode
2024-11-13T00:19:00.477+08:00  INFO 12632 --- [           main] .s.d.r.c.RepositoryConfigurationDelegate : Bootstrapping Spring Data Redis repositories in DEFAULT mode.
2024-11-13T00:19:00.508+08:00  INFO 12632 --- [           main] .s.d.r.c.RepositoryConfigurationDelegate : Finished Spring Data repository scanning in 13 ms. Found 0 Redis repository interfaces.
2024-11-13T00:19:01.150+08:00  WARN 12632 --- [           main] trationDelegate$BeanPostProcessorChecker : Bean 'jwtUtils' of type [com.easyshare.utils.JwtUtils] is not eligible for getting processed by all BeanPostProcessors (for example: not eligible for auto-proxying). Is this bean getting eagerly injected into a currently created BeanPostProcessor [springAnnotationScanner]? Check the corresponding BeanPostProcessor declaration and its dependencies.
2024-11-13T00:19:01.388+08:00  WARN 12632 --- [           main] trationDelegate$BeanPostProcessorChecker : Bean 'redisConfig' of type [com.easyshare.config.RedisConfig$$SpringCGLIB$$0] is not eligible for getting processed by all BeanPostProcessors (for example: not eligible for auto-proxying). Is this bean getting eagerly injected into a currently created BeanPostProcessor [springAnnotationScanner]? Check the corresponding BeanPostProcessor declaration and its dependencies.
2024-11-13T00:19:01.451+08:00  WARN 12632 --- [           main] trationDelegate$BeanPostProcessorChecker : Bean 'spring.data.redis-org.springframework.boot.autoconfigure.data.redis.RedisProperties' of type [org.springframework.boot.autoconfigure.data.redis.RedisProperties] is not eligible for getting processed by all BeanPostProcessors (for example: not eligible for auto-proxying). Is this bean getting eagerly injected into a currently created BeanPostProcessor [springAnnotationScanner]? Check the corresponding BeanPostProcessor declaration and its dependencies.
2024-11-13T00:19:01.451+08:00  WARN 12632 --- [           main] trationDelegate$BeanPostProcessorChecker : Bean 'org.springframework.boot.autoconfigure.data.redis.RedisAutoConfiguration' of type [org.springframework.boot.autoconfigure.data.redis.RedisAutoConfiguration] is not eligible for getting processed by all BeanPostProcessors (for example: not eligible for auto-proxying). Is this bean getting eagerly injected into a currently created BeanPostProcessor [springAnnotationScanner]? Check the corresponding BeanPostProcessor declaration and its dependencies.
2024-11-13T00:19:01.451+08:00  WARN 12632 --- [           main] trationDelegate$BeanPostProcessorChecker : Bean 'redisConnectionDetails' of type [org.springframework.boot.autoconfigure.data.redis.PropertiesRedisConnectionDetails] is not eligible for getting processed by all BeanPostProcessors (for example: not eligible for auto-proxying). Is this bean getting eagerly injected into a currently created BeanPostProcessor [springAnnotationScanner]? Check the corresponding BeanPostProcessor declaration and its dependencies.
2024-11-13T00:19:01.467+08:00  WARN 12632 --- [           main] trationDelegate$BeanPostProcessorChecker : Bean 'spring.ssl-org.springframework.boot.autoconfigure.ssl.SslProperties' of type [org.springframework.boot.autoconfigure.ssl.SslProperties] is not eligible for getting processed by all BeanPostProcessors (for example: not eligible for auto-proxying). Is this bean getting eagerly injected into a currently created BeanPostProcessor [springAnnotationScanner]? Check the corresponding BeanPostProcessor declaration and its dependencies.
2024-11-13T00:19:01.467+08:00  WARN 12632 --- [           main] trationDelegate$BeanPostProcessorChecker : Bean 'org.springframework.boot.autoconfigure.ssl.SslAutoConfiguration' of type [org.springframework.boot.autoconfigure.ssl.SslAutoConfiguration] is not eligible for getting processed by all BeanPostProcessors (for example: not eligible for auto-proxying). Is this bean getting eagerly injected into a currently created BeanPostProcessor [springAnnotationScanner]? Check the corresponding BeanPostProcessor declaration and its dependencies.
2024-11-13T00:19:01.467+08:00  WARN 12632 --- [           main] trationDelegate$BeanPostProcessorChecker : Bean 'fileWatcher' of type [org.springframework.boot.autoconfigure.ssl.FileWatcher] is not eligible for getting processed by all BeanPostProcessors (for example: not eligible for auto-proxying). Is this bean getting eagerly injected into a currently created BeanPostProcessor [springAnnotationScanner]? Check the corresponding BeanPostProcessor declaration and its dependencies.
2024-11-13T00:19:01.482+08:00  WARN 12632 --- [           main] trationDelegate$BeanPostProcessorChecker : Bean 'sslPropertiesSslBundleRegistrar' of type [org.springframework.boot.autoconfigure.ssl.SslPropertiesBundleRegistrar] is not eligible for getting processed by all BeanPostProcessors (for example: not eligible for auto-proxying). Is this bean getting eagerly injected into a currently created BeanPostProcessor [springAnnotationScanner]? Check the corresponding BeanPostProcessor declaration and its dependencies.
2024-11-13T00:19:01.498+08:00  WARN 12632 --- [           main] trationDelegate$BeanPostProcessorChecker : Bean 'sslBundleRegistry' of type [org.springframework.boot.ssl.DefaultSslBundleRegistry] is not eligible for getting processed by all BeanPostProcessors (for example: not eligible for auto-proxying). Is this bean getting eagerly injected into a currently created BeanPostProcessor [springAnnotationScanner]? Check the corresponding BeanPostProcessor declaration and its dependencies.
2024-11-13T00:19:01.498+08:00  WARN 12632 --- [           main] trationDelegate$BeanPostProcessorChecker : Bean 'org.springframework.boot.autoconfigure.data.redis.LettuceConnectionConfiguration' of type [org.springframework.boot.autoconfigure.data.redis.LettuceConnectionConfiguration] is not eligible for getting processed by all BeanPostProcessors (for example: not eligible for auto-proxying). Is this bean getting eagerly injected into a currently created BeanPostProcessor [springAnnotationScanner]? Check the corresponding BeanPostProcessor declaration and its dependencies.
2024-11-13T00:19:01.737+08:00  WARN 12632 --- [           main] trationDelegate$BeanPostProcessorChecker : Bean 'lettuceClientResources' of type [io.lettuce.core.resource.DefaultClientResources] is not eligible for getting processed by all BeanPostProcessors (for example: not eligible for auto-proxying). Is this bean getting eagerly injected into a currently created BeanPostProcessor [springAnnotationScanner]? Check the corresponding BeanPostProcessor declaration and its dependencies.
2024-11-13T00:19:02.228+08:00  WARN 12632 --- [           main] trationDelegate$BeanPostProcessorChecker : Bean 'redisConnectionFactory' of type [org.springframework.data.redis.connection.lettuce.LettuceConnectionFactory] is not eligible for getting processed by all BeanPostProcessors (for example: not eligible for auto-proxying). Is this bean getting eagerly injected into a currently created BeanPostProcessor [springAnnotationScanner]? Check the corresponding BeanPostProcessor declaration and its dependencies.
2024-11-13T00:19:02.386+08:00  WARN 12632 --- [           main] trationDelegate$BeanPostProcessorChecker : Bean 'redisTemplate' of type [org.springframework.data.redis.core.RedisTemplate] is not eligible for getting processed by all BeanPostProcessors (for example: not eligible for auto-proxying). Is this bean getting eagerly injected into a currently created BeanPostProcessor [springAnnotationScanner]? Check the corresponding BeanPostProcessor declaration and its dependencies.
2024-11-13T00:19:02.386+08:00  WARN 12632 --- [           main] trationDelegate$BeanPostProcessorChecker : Bean 'socketIoAuthListener' of type [com.easyshare.listener.SocketIoAuthListener] is not eligible for getting processed by all BeanPostProcessors (for example: not eligible for auto-proxying). Is this bean getting eagerly injected into a currently created BeanPostProcessor [springAnnotationScanner]? Check the corresponding BeanPostProcessor declaration and its dependencies.
2024-11-13T00:19:02.386+08:00  WARN 12632 --- [           main] trationDelegate$BeanPostProcessorChecker : Bean 'socketIOConfig' of type [com.easyshare.config.SocketIOConfig$$SpringCGLIB$$0] is not eligible for getting processed by all BeanPostProcessors (for example: not eligible for auto-proxying). The currently created BeanPostProcessor [springAnnotationScanner] is declared through a non-static factory method on that class; consider declaring it as static instead.
2024-11-13T00:19:02.433+08:00  WARN 12632 --- [           main] trationDelegate$BeanPostProcessorChecker : Bean 'socketIOServer' of type [com.corundumstudio.socketio.SocketIOServer] is not eligible for getting processed by all BeanPostProcessors (for example: not eligible for auto-proxying). Is this bean getting eagerly injected into a currently created BeanPostProcessor [springAnnotationScanner]? Check the corresponding BeanPostProcessor declaration and its dependencies.
2024-11-13T00:19:03.183+08:00  INFO 12632 --- [           main] org.mongodb.driver.client                : MongoClient with metadata {"application": {"name": "Cluster0"}, "driver": {"name": "mongo-java-driver|sync|spring-boot", "version": "5.0.1"}, "os": {"type": "Windows", "name": "Windows 11", "architecture": "amd64", "version": "10.0"}, "platform": "Java/Oracle Corporation/22.0.2+9-70"} created with settings MongoClientSettings{readPreference=primary, writeConcern=WriteConcern{w=majority, wTimeout=null ms, journal=null}, retryWrites=true, retryReads=true, readConcern=ReadConcern{level=null}, credential=MongoCredential{mechanism=null, userName='lizehan2001', source='admin', password=<hidden>, mechanismProperties=<hidden>}, transportSettings=null, commandListeners=[], codecRegistry=ProvidersCodecRegistry{codecProviders=[ValueCodecProvider{}, BsonValueCodecProvider{}, DBRefCodecProvider{}, DBObjectCodecProvider{}, DocumentCodecProvider{}, CollectionCodecProvider{}, IterableCodecProvider{}, MapCodecProvider{}, GeoJsonCodecProvider{}, GridFSFileCodecProvider{}, Jsr310CodecProvider{}, JsonObjectCodecProvider{}, BsonCodecProvider{}, EnumCodecProvider{}, com.mongodb.client.model.mql.ExpressionCodecProvider@2d6a0766, com.mongodb.Jep395RecordCodecProvider@1182d1df, com.mongodb.KotlinCodecProvider@31c7c281]}, loggerSettings=LoggerSettings{maxDocumentLength=1000}, clusterSettings={hosts=[127.0.0.1:27017], srvHost=cluster0.q2fzr.mongodb.net, srvServiceName=mongodb, mode=MULTIPLE, requiredClusterType=REPLICA_SET, requiredReplicaSetName='atlas-nzi9mz-shard-0', serverSelector='null', clusterListeners='[]', serverSelectionTimeout='30000 ms', localThreshold='15 ms'}, socketSettings=SocketSettings{connectTimeoutMS=10000, readTimeoutMS=0, receiveBufferSize=0, proxySettings=ProxySettings{host=null, port=null, username=null, password=null}}, heartbeatSocketSettings=SocketSettings{connectTimeoutMS=10000, readTimeoutMS=10000, receiveBufferSize=0, proxySettings=ProxySettings{host=null, port=null, username=null, password=null}}, connectionPoolSettings=ConnectionPoolSettings{maxSize=100, minSize=0, maxWaitTimeMS=120000, maxConnectionLifeTimeMS=0, maxConnectionIdleTimeMS=0, maintenanceInitialDelayMS=0, maintenanceFrequencyMS=60000, connectionPoolListeners=[], maxConnecting=2}, serverSettings=ServerSettings{heartbeatFrequencyMS=10000, minHeartbeatFrequencyMS=500, serverListeners='[]', serverMonitorListeners='[]'}, sslSettings=SslSettings{enabled=true, invalidHostNameAllowed=false, context=null}, applicationName='Cluster0', compressorList=[], uuidRepresentation=JAVA_LEGACY, serverApi=null, autoEncryptionSettings=null, dnsClient=null, inetAddressResolver=null, contextProvider=null}
2024-11-13T00:19:03.474+08:00  INFO 12632 --- [fzr.mongodb.net] org.mongodb.driver.cluster               : Adding discovered server cluster0-shard-00-02.q2fzr.mongodb.net:27017 to client view of cluster
2024-11-13T00:19:03.563+08:00  INFO 12632 --- [fzr.mongodb.net] org.mongodb.driver.cluster               : Adding discovered server cluster0-shard-00-01.q2fzr.mongodb.net:27017 to client view of cluster
2024-11-13T00:19:03.569+08:00  INFO 12632 --- [fzr.mongodb.net] org.mongodb.driver.cluster               : Adding discovered server cluster0-shard-00-00.q2fzr.mongodb.net:27017 to client view of cluster
Logging initialized using 'class org.apache.ibatis.logging.stdout.StdOutImpl' adapter.
2024-11-13T00:19:07.733+08:00  INFO 12632 --- [           main] c.c.s.a.SpringAnnotationScanner          : socketIOHandler bean listeners added
2024-11-13T00:19:08.267+08:00  INFO 12632 --- [ngodb.net:27017] org.mongodb.driver.cluster               : Monitor thread successfully connected to server with description ServerDescription{address=cluster0-shard-00-00.q2fzr.mongodb.net:27017, type=REPLICA_SET_SECONDARY, state=CONNECTED, ok=true, minWireVersion=0, maxWireVersion=21, maxDocumentSize=16777216, logicalSessionTimeoutMinutes=30, roundTripTimeNanos=2170351500, setName='atlas-nzi9mz-shard-0', canonicalAddress=cluster0-shard-00-00.q2fzr.mongodb.net:27017, hosts=[cluster0-shard-00-01.q2fzr.mongodb.net:27017, cluster0-shard-00-00.q2fzr.mongodb.net:27017, cluster0-shard-00-02.q2fzr.mongodb.net:27017], passives=[], arbiters=[], primary='cluster0-shard-00-01.q2fzr.mongodb.net:27017', tagSet=TagSet{[Tag{name='diskState', value='READY'}, Tag{name='nodeType', value='ELECTABLE'}, Tag{name='provider', value='AZURE'}, Tag{name='region', value='ASIA_EAST'}, Tag{name='workloadType', value='OPERATIONAL'}]}, electionId=null, setVersion=23, topologyVersion=TopologyVersion{processId=67239da37a4a91d4307f5dd5, counter=4}, lastWriteDate=Wed Nov 13 00:19:07 CST 2024, lastUpdateTimeNanos=10715378323100}
2024-11-13T00:19:08.305+08:00  INFO 12632 --- [ngodb.net:27017] org.mongodb.driver.cluster               : Monitor thread successfully connected to server with description ServerDescription{address=cluster0-shard-00-02.q2fzr.mongodb.net:27017, type=REPLICA_SET_SECONDARY, state=CONNECTED, ok=true, minWireVersion=0, maxWireVersion=21, maxDocumentSize=16777216, logicalSessionTimeoutMinutes=30, roundTripTimeNanos=2181517500, setName='atlas-nzi9mz-shard-0', canonicalAddress=cluster0-shard-00-02.q2fzr.mongodb.net:27017, hosts=[cluster0-shard-00-01.q2fzr.mongodb.net:27017, cluster0-shard-00-00.q2fzr.mongodb.net:27017, cluster0-shard-00-02.q2fzr.mongodb.net:27017], passives=[], arbiters=[], primary='cluster0-shard-00-01.q2fzr.mongodb.net:27017', tagSet=TagSet{[Tag{name='diskState', value='READY'}, Tag{name='nodeType', value='ELECTABLE'}, Tag{name='provider', value='AZURE'}, Tag{name='region', value='ASIA_EAST'}, Tag{name='workloadType', value='OPERATIONAL'}]}, electionId=null, setVersion=23, topologyVersion=TopologyVersion{processId=67239e4ab381073f047b46af, counter=3}, lastWriteDate=Wed Nov 13 00:19:07 CST 2024, lastUpdateTimeNanos=10715384480800}
2024-11-13T00:19:08.491+08:00  INFO 12632 --- [ngodb.net:27017] org.mongodb.driver.cluster               : Monitor thread successfully connected to server with description ServerDescription{address=cluster0-shard-00-01.q2fzr.mongodb.net:27017, type=REPLICA_SET_PRIMARY, state=CONNECTED, ok=true, minWireVersion=0, maxWireVersion=21, maxDocumentSize=16777216, logicalSessionTimeoutMinutes=30, roundTripTimeNanos=2402133900, setName='atlas-nzi9mz-shard-0', canonicalAddress=cluster0-shard-00-01.q2fzr.mongodb.net:27017, hosts=[cluster0-shard-00-01.q2fzr.mongodb.net:27017, cluster0-shard-00-00.q2fzr.mongodb.net:27017, cluster0-shard-00-02.q2fzr.mongodb.net:27017], passives=[], arbiters=[], primary='cluster0-shard-00-01.q2fzr.mongodb.net:27017', tagSet=TagSet{[Tag{name='diskState', value='READY'}, Tag{name='nodeType', value='ELECTABLE'}, Tag{name='provider', value='AZURE'}, Tag{name='region', value='ASIA_EAST'}, Tag{name='workloadType', value='OPERATIONAL'}]}, electionId=7fffffff00000000000002e6, setVersion=23, topologyVersion=TopologyVersion{processId=67239df6bb598fcc313ede4d, counter=6}, lastWriteDate=Wed Nov 13 00:19:07 CST 2024, lastUpdateTimeNanos=10715604914000}
2024-11-13T00:19:08.491+08:00  INFO 12632 --- [ngodb.net:27017] org.mongodb.driver.cluster               : Discovered replica set primary cluster0-shard-00-01.q2fzr.mongodb.net:27017 with max election id 7fffffff00000000000002e6 and max set version 23


,------.                           ,--.  ,--.         ,--.                         
|  .--. '  ,--,--.  ,---.   ,---.  |  '--'  |  ,---.  |  |  ,---.   ,---.  ,--.--. 
|  '--' | ' ,-.  | | .-. | | .-. : |  .--.  | | .-. : |  | | .-. | | .-. : |  .--' 
|  | --'  \ '-'  | ' '-' ' \   --. |  |  |  | \   --. |  | | '-' ' \   --. |  |    
`--'       `--`--' .`-  /   `----' `--'  `--'  `----' `--' |  |-'   `----' `--'    
                   `---'                                   `--'                        is intercepting.

2024-11-13T00:19:13.113+08:00  INFO 12632 --- [           main] com.easyshare.CreatePostsTest            : Started CreatePostsTest in 16.069 seconds (process running for 18.085)
2024-11-13T00:19:13.128+08:00  INFO 12632 --- [           main] c.c.socketio.SocketIOServer              : Session store / pubsub factory used: MemoryStoreFactory (local session store only)
2024-11-13T00:19:14.208+08:00  INFO 12632 --- [ntLoopGroup-4-1] c.c.socketio.SocketIOServer              : SocketIO server started at port: 9999
2024-11-13T00:19:29.715+08:00  INFO 12632 --- [           main] com.zaxxer.hikari.HikariDataSource       : HikariPool-1 - Starting...
2024-11-13T00:19:30.124+08:00  INFO 12632 --- [           main] com.zaxxer.hikari.pool.HikariPool        : HikariPool-1 - Added connection com.mysql.cj.jdbc.ConnectionImpl@247d44b4
2024-11-13T00:19:30.126+08:00  INFO 12632 --- [           main] com.zaxxer.hikari.HikariDataSource       : HikariPool-1 - Start completed.
Creating a new SqlSession
Registering transaction synchronization for SqlSession [org.apache.ibatis.session.defaults.DefaultSqlSession@761ea1f5]
JDBC Connection [HikariProxyConnection@370543159 wrapping com.mysql.cj.jdbc.ConnectionImpl@247d44b4] will be managed by Spring
==>  Preparing: INSERT INTO `tb_post` (content, author_id, publish_at, last_update) VALUES (?, ?, ?, ?)
==> Parameters: 今天阳光正好，心情也跟着明媚起来。生活就像一场未知的旅程，我们永远不知道下一站会遇见什么，但只要保持乐观，总会有惊喜。(String), 4(Long), 2024-11-13T00:19:30.132751500(LocalDateTime), 2024-11-13T00:19:30.132751500(LocalDateTime)
<==    Updates: 1
Releasing transactional SqlSession [org.apache.ibatis.session.defaults.DefaultSqlSession@761ea1f5]
Transaction synchronization committing SqlSession [org.apache.ibatis.session.defaults.DefaultSqlSession@761ea1f5]
Transaction synchronization deregistering SqlSession [org.apache.ibatis.session.defaults.DefaultSqlSession@761ea1f5]
Transaction synchronization closing SqlSession [org.apache.ibatis.session.defaults.DefaultSqlSession@761ea1f5]
Creating a new SqlSession
Registering transaction synchronization for SqlSession [org.apache.ibatis.session.defaults.DefaultSqlSession@536f389]
JDBC Connection [HikariProxyConnection@1907813883 wrapping com.mysql.cj.jdbc.ConnectionImpl@247d44b4] will be managed by Spring
==>  Preparing: INSERT INTO `tb_post` (content, author_id, publish_at, last_update) VALUES (?, ?, ?, ?)
==> Parameters: 有时候，我们总是在忙碌中忘记了生活的美好。停下脚步，看看身边的风景，你会发现，原来幸福就在我们身边。(String), 50(Long), 2024-11-13T00:19:30.993939200(LocalDateTime), 2024-11-13T00:19:30.993939200(LocalDateTime)
<==    Updates: 1
Releasing transactional SqlSession [org.apache.ibatis.session.defaults.DefaultSqlSession@536f389]
Transaction synchronization committing SqlSession [org.apache.ibatis.session.defaults.DefaultSqlSession@536f389]
Transaction synchronization deregistering SqlSession [org.apache.ibatis.session.defaults.DefaultSqlSession@536f389]
Transaction synchronization closing SqlSession [org.apache.ibatis.session.defaults.DefaultSqlSession@536f389]
Creating a new SqlSession
Registering transaction synchronization for SqlSession [org.apache.ibatis.session.defaults.DefaultSqlSession@29767156]
JDBC Connection [HikariProxyConnection@1615410468 wrapping com.mysql.cj.jdbc.ConnectionImpl@247d44b4] will be managed by Spring
==>  Preparing: INSERT INTO `tb_post` (content, author_id, publish_at, last_update) VALUES (?, ?, ?, ?)
==> Parameters: 人生就像一杯茶，不会苦一辈子，但总会苦一阵子。在苦涩中品味生活的甘甜，这才是人生的真谛。(String), 98(Long), 2024-11-13T00:19:31.081571(LocalDateTime), 2024-11-13T00:19:31.081571(LocalDateTime)
<==    Updates: 1
Releasing transactional SqlSession [org.apache.ibatis.session.defaults.DefaultSqlSession@29767156]
Transaction synchronization committing SqlSession [org.apache.ibatis.session.defaults.DefaultSqlSession@29767156]
Transaction synchronization deregistering SqlSession [org.apache.ibatis.session.defaults.DefaultSqlSession@29767156]
Transaction synchronization closing SqlSession [org.apache.ibatis.session.defaults.DefaultSqlSession@29767156]
Creating a new SqlSession
Registering transaction synchronization for SqlSession [org.apache.ibatis.session.defaults.DefaultSqlSession@24ccc91b]
JDBC Connection [HikariProxyConnection@999036382 wrapping com.mysql.cj.jdbc.ConnectionImpl@247d44b4] will be managed by Spring
==>  Preparing: INSERT INTO `tb_post` (content, author_id, publish_at, last_update) VALUES (?, ?, ?, ?)
==> Parameters: 每一次的挫折都是一次成长的机会。不要害怕失败，勇敢地面对挑战，你会变得更加坚强。(String), 74(Long), 2024-11-13T00:19:31.146280800(LocalDateTime), 2024-11-13T00:19:31.146280800(LocalDateTime)
<==    Updates: 1
Releasing transactional SqlSession [org.apache.ibatis.session.defaults.DefaultSqlSession@24ccc91b]
Transaction synchronization committing SqlSession [org.apache.ibatis.session.defaults.DefaultSqlSession@24ccc91b]
Transaction synchronization deregistering SqlSession [org.apache.ibatis.session.defaults.DefaultSqlSession@24ccc91b]
Transaction synchronization closing SqlSession [org.apache.ibatis.session.defaults.DefaultSqlSession@24ccc91b]
Creating a new SqlSession
Registering transaction synchronization for SqlSession [org.apache.ibatis.session.defaults.DefaultSqlSession@401b7226]
JDBC Connection [HikariProxyConnection@1900694434 wrapping com.mysql.cj.jdbc.ConnectionImpl@247d44b4] will be managed by Spring
==>  Preparing: INSERT INTO `tb_post` (content, author_id, publish_at, last_update) VALUES (?, ?, ?, ?)
==> Parameters: 真正的幸福不是拥有多少财富，而是拥有一颗感恩的心。珍惜身边的人，感恩生活的点滴，你会发现幸福无处不在。(String), 37(Long), 2024-11-13T00:19:31.146280800(LocalDateTime), 2024-11-13T00:19:31.146280800(LocalDateTime)
<==    Updates: 1
Releasing transactional SqlSession [org.apache.ibatis.session.defaults.DefaultSqlSession@401b7226]
Transaction synchronization committing SqlSession [org.apache.ibatis.session.defaults.DefaultSqlSession@401b7226]
Transaction synchronization deregistering SqlSession [org.apache.ibatis.session.defaults.DefaultSqlSession@401b7226]
Transaction synchronization closing SqlSession [org.apache.ibatis.session.defaults.DefaultSqlSession@401b7226]
Creating a new SqlSession
Registering transaction synchronization for SqlSession [org.apache.ibatis.session.defaults.DefaultSqlSession@78c91d2a]
JDBC Connection [HikariProxyConnection@1386474403 wrapping com.mysql.cj.jdbc.ConnectionImpl@247d44b4] will be managed by Spring
==>  Preparing: INSERT INTO `tb_post` (content, author_id, publish_at, last_update) VALUES (?, ?, ?, ?)
==> Parameters: 生活中总会有不如意的事情，但我们不能因此而放弃。坚持下去，相信自己，你一定能够克服困难。(String), 36(Long), 2024-11-13T00:19:31.166467600(LocalDateTime), 2024-11-13T00:19:31.166467600(LocalDateTime)
<==    Updates: 1
Releasing transactional SqlSession [org.apache.ibatis.session.defaults.DefaultSqlSession@78c91d2a]
Transaction synchronization committing SqlSession [org.apache.ibatis.session.defaults.DefaultSqlSession@78c91d2a]
Transaction synchronization deregistering SqlSession [org.apache.ibatis.session.defaults.DefaultSqlSession@78c91d2a]
Transaction synchronization closing SqlSession [org.apache.ibatis.session.defaults.DefaultSqlSession@78c91d2a]
Creating a new SqlSession
Registering transaction synchronization for SqlSession [org.apache.ibatis.session.defaults.DefaultSqlSession@4f7da3a2]
JDBC Connection [HikariProxyConnection@1980062978 wrapping com.mysql.cj.jdbc.ConnectionImpl@247d44b4] will be managed by Spring
==>  Preparing: INSERT INTO `tb_post` (content, author_id, publish_at, last_update) VALUES (?, ?, ?, ?)
==> Parameters: 微笑是生活中最美的语言。无论遇到什么困难，都要保持微笑，用积极的心态去面对生活。(String), 74(Long), 2024-11-13T00:19:31.172462800(LocalDateTime), 2024-11-13T00:19:31.172462800(LocalDateTime)
<==    Updates: 1
Releasing transactional SqlSession [org.apache.ibatis.session.defaults.DefaultSqlSession@4f7da3a2]
Transaction synchronization committing SqlSession [org.apache.ibatis.session.defaults.DefaultSqlSession@4f7da3a2]
Transaction synchronization deregistering SqlSession [org.apache.ibatis.session.defaults.DefaultSqlSession@4f7da3a2]
Transaction synchronization closing SqlSession [org.apache.ibatis.session.defaults.DefaultSqlSession@4f7da3a2]
Creating a new SqlSession
Registering transaction synchronization for SqlSession [org.apache.ibatis.session.defaults.DefaultSqlSession@648bfebe]
JDBC Connection [HikariProxyConnection@1233563882 wrapping com.mysql.cj.jdbc.ConnectionImpl@247d44b4] will be managed by Spring
==>  Preparing: INSERT INTO `tb_post` (content, author_id, publish_at, last_update) VALUES (?, ?, ?, ?)
==> Parameters: 人生没有彩排，每天都是现场直播。珍惜每一个当下，用心去生活，让自己的人生更加精彩。(String), 10(Long), 2024-11-13T00:19:31.182138(LocalDateTime), 2024-11-13T00:19:31.182138(LocalDateTime)
<==    Updates: 1
Releasing transactional SqlSession [org.apache.ibatis.session.defaults.DefaultSqlSession@648bfebe]
Transaction synchronization committing SqlSession [org.apache.ibatis.session.defaults.DefaultSqlSession@648bfebe]
Transaction synchronization deregistering SqlSession [org.apache.ibatis.session.defaults.DefaultSqlSession@648bfebe]
Transaction synchronization closing SqlSession [org.apache.ibatis.session.defaults.DefaultSqlSession@648bfebe]
Creating a new SqlSession
Registering transaction synchronization for SqlSession [org.apache.ibatis.session.defaults.DefaultSqlSession@5de32e00]
JDBC Connection [HikariProxyConnection@13484189 wrapping com.mysql.cj.jdbc.ConnectionImpl@247d44b4] will be managed by Spring
==>  Preparing: INSERT INTO `tb_post` (content, author_id, publish_at, last_update) VALUES (?, ?, ?, ?)
==> Parameters: 学会放下，才能拥有更多。不要总是纠结于过去的事情，让自己的心灵得到解脱，才能更好地迎接未来。(String), 85(Long), 2024-11-13T00:19:31.191146(LocalDateTime), 2024-11-13T00:19:31.191146(LocalDateTime)
<==    Updates: 1
Releasing transactional SqlSession [org.apache.ibatis.session.defaults.DefaultSqlSession@5de32e00]
Transaction synchronization committing SqlSession [org.apache.ibatis.session.defaults.DefaultSqlSession@5de32e00]
Transaction synchronization deregistering SqlSession [org.apache.ibatis.session.defaults.DefaultSqlSession@5de32e00]
Transaction synchronization closing SqlSession [org.apache.ibatis.session.defaults.DefaultSqlSession@5de32e00]
Creating a new SqlSession
Registering transaction synchronization for SqlSession [org.apache.ibatis.session.defaults.DefaultSqlSession@2279e7c7]
JDBC Connection [HikariProxyConnection@1767121170 wrapping com.mysql.cj.jdbc.ConnectionImpl@247d44b4] will be managed by Spring
==>  Preparing: INSERT INTO `tb_post` (content, author_id, publish_at, last_update) VALUES (?, ?, ?, ?)
==> Parameters: 生活就像一面镜子，你对它笑，它就对你笑；你对它哭，它就对你哭。让我们用微笑去面对生活，让生活充满阳光。(String), 14(Long), 2024-11-13T00:19:31.193740200(LocalDateTime), 2024-11-13T00:19:31.193740200(LocalDateTime)
<==    Updates: 1
Releasing transactional SqlSession [org.apache.ibatis.session.defaults.DefaultSqlSession@2279e7c7]
Transaction synchronization committing SqlSession [org.apache.ibatis.session.defaults.DefaultSqlSession@2279e7c7]
Transaction synchronization deregistering SqlSession [org.apache.ibatis.session.defaults.DefaultSqlSession@2279e7c7]
Transaction synchronization closing SqlSession [org.apache.ibatis.session.defaults.DefaultSqlSession@2279e7c7]
Creating a new SqlSession
Registering transaction synchronization for SqlSession [org.apache.ibatis.session.defaults.DefaultSqlSession@64f1b2fb]
JDBC Connection [HikariProxyConnection@1504469201 wrapping com.mysql.cj.jdbc.ConnectionImpl@247d44b4] will be managed by Spring
==>  Preparing: INSERT INTO `tb_post` (content, author_id, publish_at, last_update) VALUES (?, ?, ?, ?)
==> Parameters: 今天尝试了一家新的餐厅，味道简直太棒了！强烈推荐他们家的招牌菜，让人回味无穷。(String), 66(Long), 2024-11-13T00:19:31.213131200(LocalDateTime), 2024-11-13T00:19:31.213131200(LocalDateTime)
<==    Updates: 1
Releasing transactional SqlSession [org.apache.ibatis.session.defaults.DefaultSqlSession@64f1b2fb]
Transaction synchronization committing SqlSession [org.apache.ibatis.session.defaults.DefaultSqlSession@64f1b2fb]
Transaction synchronization deregistering SqlSession [org.apache.ibatis.session.defaults.DefaultSqlSession@64f1b2fb]
Transaction synchronization closing SqlSession [org.apache.ibatis.session.defaults.DefaultSqlSession@64f1b2fb]
Creating a new SqlSession
Registering transaction synchronization for SqlSession [org.apache.ibatis.session.defaults.DefaultSqlSession@7af17d31]
JDBC Connection [HikariProxyConnection@1246350906 wrapping com.mysql.cj.jdbc.ConnectionImpl@247d44b4] will be managed by Spring
==>  Preparing: INSERT INTO `tb_post` (content, author_id, publish_at, last_update) VALUES (?, ?, ?, ?)
==> Parameters: 美食是生活中不可或缺的一部分。一道美味的菜肴可以让人心情愉悦，忘记一切烦恼。(String), 57(Long), 2024-11-13T00:19:31.225143100(LocalDateTime), 2024-11-13T00:19:31.225143100(LocalDateTime)
<==    Updates: 1
Releasing transactional SqlSession [org.apache.ibatis.session.defaults.DefaultSqlSession@7af17d31]
Transaction synchronization committing SqlSession [org.apache.ibatis.session.defaults.DefaultSqlSession@7af17d31]
Transaction synchronization deregistering SqlSession [org.apache.ibatis.session.defaults.DefaultSqlSession@7af17d31]
Transaction synchronization closing SqlSession [org.apache.ibatis.session.defaults.DefaultSqlSession@7af17d31]
Creating a new SqlSession
Registering transaction synchronization for SqlSession [org.apache.ibatis.session.defaults.DefaultSqlSession@694dc99b]
JDBC Connection [HikariProxyConnection@1242945013 wrapping com.mysql.cj.jdbc.ConnectionImpl@247d44b4] will be managed by Spring
==>  Preparing: INSERT INTO `tb_post` (content, author_id, publish_at, last_update) VALUES (?, ?, ?, ?)
==> Parameters: 自己动手，丰衣足食。今天做了一道家常菜，虽然不是很完美，但却充满了家的味道。(String), 97(Long), 2024-11-13T00:19:31.237880900(LocalDateTime), 2024-11-13T00:19:31.237880900(LocalDateTime)
<==    Updates: 1
Releasing transactional SqlSession [org.apache.ibatis.session.defaults.DefaultSqlSession@694dc99b]
Transaction synchronization committing SqlSession [org.apache.ibatis.session.defaults.DefaultSqlSession@694dc99b]
Transaction synchronization deregistering SqlSession [org.apache.ibatis.session.defaults.DefaultSqlSession@694dc99b]
Transaction synchronization closing SqlSession [org.apache.ibatis.session.defaults.DefaultSqlSession@694dc99b]
Creating a new SqlSession
Registering transaction synchronization for SqlSession [org.apache.ibatis.session.defaults.DefaultSqlSession@3618486e]
JDBC Connection [HikariProxyConnection@1321012050 wrapping com.mysql.cj.jdbc.ConnectionImpl@247d44b4] will be managed by Spring
==>  Preparing: INSERT INTO `tb_post` (content, author_id, publish_at, last_update) VALUES (?, ?, ?, ?)
==> Parameters: 甜品是治愈心灵的良药。一口甜蜜的蛋糕，瞬间让心情变得美好起来。(String), 75(Long), 2024-11-13T00:19:31.243793300(LocalDateTime), 2024-11-13T00:19:31.243793300(LocalDateTime)
<==    Updates: 1
Releasing transactional SqlSession [org.apache.ibatis.session.defaults.DefaultSqlSession@3618486e]
Transaction synchronization committing SqlSession [org.apache.ibatis.session.defaults.DefaultSqlSession@3618486e]
Transaction synchronization deregistering SqlSession [org.apache.ibatis.session.defaults.DefaultSqlSession@3618486e]
Transaction synchronization closing SqlSession [org.apache.ibatis.session.defaults.DefaultSqlSession@3618486e]
Creating a new SqlSession
Registering transaction synchronization for SqlSession [org.apache.ibatis.session.defaults.DefaultSqlSession@77e64a46]
JDBC Connection [HikariProxyConnection@875191127 wrapping com.mysql.cj.jdbc.ConnectionImpl@247d44b4] will be managed by Spring
==>  Preparing: INSERT INTO `tb_post` (content, author_id, publish_at, last_update) VALUES (?, ?, ?, ?)
==> Parameters: 咖啡是一种生活态度。在忙碌的生活中，停下来喝一杯咖啡，享受片刻的宁静。(String), 44(Long), 2024-11-13T00:19:31.261817(LocalDateTime), 2024-11-13T00:19:31.261817(LocalDateTime)
<==    Updates: 1
Releasing transactional SqlSession [org.apache.ibatis.session.defaults.DefaultSqlSession@77e64a46]
Transaction synchronization committing SqlSession [org.apache.ibatis.session.defaults.DefaultSqlSession@77e64a46]
Transaction synchronization deregistering SqlSession [org.apache.ibatis.session.defaults.DefaultSqlSession@77e64a46]
Transaction synchronization closing SqlSession [org.apache.ibatis.session.defaults.DefaultSqlSession@77e64a46]
Creating a new SqlSession
Registering transaction synchronization for SqlSession [org.apache.ibatis.session.defaults.DefaultSqlSession@7305191e]
JDBC Connection [HikariProxyConnection@196069204 wrapping com.mysql.cj.jdbc.ConnectionImpl@247d44b4] will be managed by Spring
==>  Preparing: INSERT INTO `tb_post` (content, author_id, publish_at, last_update) VALUES (?, ?, ?, ?)
==> Parameters: 美食不仅是味觉的享受，更是一种文化的传承。每一道传统美食都蕴含着深厚的历史和文化底蕴。(String), 35(Long), 2024-11-13T00:19:31.273813900(LocalDateTime), 2024-11-13T00:19:31.273813900(LocalDateTime)
<==    Updates: 1
Releasing transactional SqlSession [org.apache.ibatis.session.defaults.DefaultSqlSession@7305191e]
Transaction synchronization committing SqlSession [org.apache.ibatis.session.defaults.DefaultSqlSession@7305191e]
Transaction synchronization deregistering SqlSession [org.apache.ibatis.session.defaults.DefaultSqlSession@7305191e]
Transaction synchronization closing SqlSession [org.apache.ibatis.session.defaults.DefaultSqlSession@7305191e]
Creating a new SqlSession
Registering transaction synchronization for SqlSession [org.apache.ibatis.session.defaults.DefaultSqlSession@8a8cab8]
JDBC Connection [HikariProxyConnection@394332424 wrapping com.mysql.cj.jdbc.ConnectionImpl@247d44b4] will be managed by Spring
==>  Preparing: INSERT INTO `tb_post` (content, author_id, publish_at, last_update) VALUES (?, ?, ?, ?)
==> Parameters: 火锅是冬天的最佳选择。一群人围坐在一起，热气腾腾的火锅让人感受到了浓浓的温暖。(String), 62(Long), 2024-11-13T00:19:31.286655700(LocalDateTime), 2024-11-13T00:19:31.286655700(LocalDateTime)
<==    Updates: 1
Releasing transactional SqlSession [org.apache.ibatis.session.defaults.DefaultSqlSession@8a8cab8]
Transaction synchronization committing SqlSession [org.apache.ibatis.session.defaults.DefaultSqlSession@8a8cab8]
Transaction synchronization deregistering SqlSession [org.apache.ibatis.session.defaults.DefaultSqlSession@8a8cab8]
Transaction synchronization closing SqlSession [org.apache.ibatis.session.defaults.DefaultSqlSession@8a8cab8]
Creating a new SqlSession
Registering transaction synchronization for SqlSession [org.apache.ibatis.session.defaults.DefaultSqlSession@65c66fc4]
JDBC Connection [HikariProxyConnection@130527868 wrapping com.mysql.cj.jdbc.ConnectionImpl@247d44b4] will be managed by Spring
==>  Preparing: INSERT INTO `tb_post` (content, author_id, publish_at, last_update) VALUES (?, ?, ?, ?)
==> Parameters: 水果是大自然的馈赠。新鲜的水果富含各种营养物质，让我们的身体更加健康。(String), 7(Long), 2024-11-13T00:19:31.293654300(LocalDateTime), 2024-11-13T00:19:31.293654300(LocalDateTime)
<==    Updates: 1
Releasing transactional SqlSession [org.apache.ibatis.session.defaults.DefaultSqlSession@65c66fc4]
Transaction synchronization committing SqlSession [org.apache.ibatis.session.defaults.DefaultSqlSession@65c66fc4]
Transaction synchronization deregistering SqlSession [org.apache.ibatis.session.defaults.DefaultSqlSession@65c66fc4]
Transaction synchronization closing SqlSession [org.apache.ibatis.session.defaults.DefaultSqlSession@65c66fc4]
Creating a new SqlSession
Registering transaction synchronization for SqlSession [org.apache.ibatis.session.defaults.DefaultSqlSession@423791]
JDBC Connection [HikariProxyConnection@1474230611 wrapping com.mysql.cj.jdbc.ConnectionImpl@247d44b4] will be managed by Spring
==>  Preparing: INSERT INTO `tb_post` (content, author_id, publish_at, last_update) VALUES (?, ?, ?, ?)
==> Parameters: 美食之旅，永不停歇。每一个地方都有自己独特的美食，让我们一起去探索吧！(String), 18(Long), 2024-11-13T00:19:31.309333400(LocalDateTime), 2024-11-13T00:19:31.309333400(LocalDateTime)
<==    Updates: 1
Releasing transactional SqlSession [org.apache.ibatis.session.defaults.DefaultSqlSession@423791]
Transaction synchronization committing SqlSession [org.apache.ibatis.session.defaults.DefaultSqlSession@423791]
Transaction synchronization deregistering SqlSession [org.apache.ibatis.session.defaults.DefaultSqlSession@423791]
Transaction synchronization closing SqlSession [org.apache.ibatis.session.defaults.DefaultSqlSession@423791]
Creating a new SqlSession
Registering transaction synchronization for SqlSession [org.apache.ibatis.session.defaults.DefaultSqlSession@51e14cb6]
JDBC Connection [HikariProxyConnection@1327733366 wrapping com.mysql.cj.jdbc.ConnectionImpl@247d44b4] will be managed by Spring
==>  Preparing: INSERT INTO `tb_post` (content, author_id, publish_at, last_update) VALUES (?, ?, ?, ?)
==> Parameters: 美食可以让人忘却一切烦恼。在享受美食的过程中，我们可以放松心情，享受生活的美好。(String), 66(Long), 2024-11-13T00:19:31.320905900(LocalDateTime), 2024-11-13T00:19:31.320905900(LocalDateTime)
<==    Updates: 1
Releasing transactional SqlSession [org.apache.ibatis.session.defaults.DefaultSqlSession@51e14cb6]
Transaction synchronization committing SqlSession [org.apache.ibatis.session.defaults.DefaultSqlSession@51e14cb6]
Transaction synchronization deregistering SqlSession [org.apache.ibatis.session.defaults.DefaultSqlSession@51e14cb6]
Transaction synchronization closing SqlSession [org.apache.ibatis.session.defaults.DefaultSqlSession@51e14cb6]
Creating a new SqlSession
Registering transaction synchronization for SqlSession [org.apache.ibatis.session.defaults.DefaultSqlSession@190cc39e]
JDBC Connection [HikariProxyConnection@1219605609 wrapping com.mysql.cj.jdbc.ConnectionImpl@247d44b4] will be managed by Spring
==>  Preparing: INSERT INTO `tb_post` (content, author_id, publish_at, last_update) VALUES (?, ?, ?, ?)
==> Parameters: 旅行是一种生活方式，也是一种成长。每一次的旅行都让我收获满满，看到了不同的风景，体验了不同的文化。(String), 80(Long), 2024-11-13T00:19:31.331622400(LocalDateTime), 2024-11-13T00:19:31.331622400(LocalDateTime)
<==    Updates: 1
Releasing transactional SqlSession [org.apache.ibatis.session.defaults.DefaultSqlSession@190cc39e]
Transaction synchronization committing SqlSession [org.apache.ibatis.session.defaults.DefaultSqlSession@190cc39e]
Transaction synchronization deregistering SqlSession [org.apache.ibatis.session.defaults.DefaultSqlSession@190cc39e]
Transaction synchronization closing SqlSession [org.apache.ibatis.session.defaults.DefaultSqlSession@190cc39e]
Creating a new SqlSession
Registering transaction synchronization for SqlSession [org.apache.ibatis.session.defaults.DefaultSqlSession@27ada0e8]
JDBC Connection [HikariProxyConnection@1265189536 wrapping com.mysql.cj.jdbc.ConnectionImpl@247d44b4] will be managed by Spring
==>  Preparing: INSERT INTO `tb_post` (content, author_id, publish_at, last_update) VALUES (?, ?, ?, ?)
==> Parameters: 今天来到了一个美丽的小镇，这里的风景如画，让人陶醉其中。漫步在古老的街道上，感受着历史的韵味。(String), 63(Long), 2024-11-13T00:19:31.343607200(LocalDateTime), 2024-11-13T00:19:31.343607200(LocalDateTime)
<==    Updates: 1
Releasing transactional SqlSession [org.apache.ibatis.session.defaults.DefaultSqlSession@27ada0e8]
Transaction synchronization committing SqlSession [org.apache.ibatis.session.defaults.DefaultSqlSession@27ada0e8]
Transaction synchronization deregistering SqlSession [org.apache.ibatis.session.defaults.DefaultSqlSession@27ada0e8]
Transaction synchronization closing SqlSession [org.apache.ibatis.session.defaults.DefaultSqlSession@27ada0e8]
Creating a new SqlSession
Registering transaction synchronization for SqlSession [org.apache.ibatis.session.defaults.DefaultSqlSession@1e9afe4e]
JDBC Connection [HikariProxyConnection@1535877586 wrapping com.mysql.cj.jdbc.ConnectionImpl@247d44b4] will be managed by Spring
==>  Preparing: INSERT INTO `tb_post` (content, author_id, publish_at, last_update) VALUES (?, ?, ?, ?)
==> Parameters: 旅行让我们更加了解自己。在陌生的环境中，我们需要面对各种挑战，这也让我们更加清楚地认识到自己的优点和不足。(String), 50(Long), 2024-11-13T00:19:31.345798200(LocalDateTime), 2024-11-13T00:19:31.345798200(LocalDateTime)
<==    Updates: 1
Releasing transactional SqlSession [org.apache.ibatis.session.defaults.DefaultSqlSession@1e9afe4e]
Transaction synchronization committing SqlSession [org.apache.ibatis.session.defaults.DefaultSqlSession@1e9afe4e]
Transaction synchronization deregistering SqlSession [org.apache.ibatis.session.defaults.DefaultSqlSession@1e9afe4e]
Transaction synchronization closing SqlSession [org.apache.ibatis.session.defaults.DefaultSqlSession@1e9afe4e]
Creating a new SqlSession
Registering transaction synchronization for SqlSession [org.apache.ibatis.session.defaults.DefaultSqlSession@3f0751b0]
JDBC Connection [HikariProxyConnection@901464042 wrapping com.mysql.cj.jdbc.ConnectionImpl@247d44b4] will be managed by Spring
==>  Preparing: INSERT INTO `tb_post` (content, author_id, publish_at, last_update) VALUES (?, ?, ?, ?)
==> Parameters: 大自然是最美的风景。走进大自然，呼吸着新鲜的空气，感受着大自然的魅力，让人心情愉悦。(String), 20(Long), 2024-11-13T00:19:31.360865(LocalDateTime), 2024-11-13T00:19:31.360865(LocalDateTime)
<==    Updates: 1
Releasing transactional SqlSession [org.apache.ibatis.session.defaults.DefaultSqlSession@3f0751b0]
Transaction synchronization committing SqlSession [org.apache.ibatis.session.defaults.DefaultSqlSession@3f0751b0]
Transaction synchronization deregistering SqlSession [org.apache.ibatis.session.defaults.DefaultSqlSession@3f0751b0]
Transaction synchronization closing SqlSession [org.apache.ibatis.session.defaults.DefaultSqlSession@3f0751b0]
Creating a new SqlSession
Registering transaction synchronization for SqlSession [org.apache.ibatis.session.defaults.DefaultSqlSession@64821706]
JDBC Connection [HikariProxyConnection@1652216902 wrapping com.mysql.cj.jdbc.ConnectionImpl@247d44b4] will be managed by Spring
==>  Preparing: INSERT INTO `tb_post` (content, author_id, publish_at, last_update) VALUES (?, ?, ?, ?)
==> Parameters: 每一次的旅行都是一次心灵的洗礼。在旅行中，我们可以放下一切烦恼，让自己的心灵得到放松和净化。(String), 33(Long), 2024-11-13T00:19:31.368864(LocalDateTime), 2024-11-13T00:19:31.368864(LocalDateTime)
<==    Updates: 1
Releasing transactional SqlSession [org.apache.ibatis.session.defaults.DefaultSqlSession@64821706]
Transaction synchronization committing SqlSession [org.apache.ibatis.session.defaults.DefaultSqlSession@64821706]
Transaction synchronization deregistering SqlSession [org.apache.ibatis.session.defaults.DefaultSqlSession@64821706]
Transaction synchronization closing SqlSession [org.apache.ibatis.session.defaults.DefaultSqlSession@64821706]
Creating a new SqlSession
Registering transaction synchronization for SqlSession [org.apache.ibatis.session.defaults.DefaultSqlSession@5ac35b17]
JDBC Connection [HikariProxyConnection@1870673366 wrapping com.mysql.cj.jdbc.ConnectionImpl@247d44b4] will be managed by Spring
==>  Preparing: INSERT INTO `tb_post` (content, author_id, publish_at, last_update) VALUES (?, ?, ?, ?)
==> Parameters: 旅行是一种寻找自我的方式。在旅途中，我们可以不断地探索和发现，找到真正的自己。(String), 85(Long), 2024-11-13T00:19:31.374867700(LocalDateTime), 2024-11-13T00:19:31.374867700(LocalDateTime)
<==    Updates: 1
Releasing transactional SqlSession [org.apache.ibatis.session.defaults.DefaultSqlSession@5ac35b17]
Transaction synchronization committing SqlSession [org.apache.ibatis.session.defaults.DefaultSqlSession@5ac35b17]
Transaction synchronization deregistering SqlSession [org.apache.ibatis.session.defaults.DefaultSqlSession@5ac35b17]
Transaction synchronization closing SqlSession [org.apache.ibatis.session.defaults.DefaultSqlSession@5ac35b17]
Creating a new SqlSession
Registering transaction synchronization for SqlSession [org.apache.ibatis.session.defaults.DefaultSqlSession@3f7d73e3]
JDBC Connection [HikariProxyConnection@1627993706 wrapping com.mysql.cj.jdbc.ConnectionImpl@247d44b4] will be managed by Spring
==>  Preparing: INSERT INTO `tb_post` (content, author_id, publish_at, last_update) VALUES (?, ?, ?, ?)
==> Parameters: 世界那么大，我想去看看。旅行让我们开阔了视野，增长了见识，让我们的人生更加丰富多彩。(String), 69(Long), 2024-11-13T00:19:31.381692100(LocalDateTime), 2024-11-13T00:19:31.381692100(LocalDateTime)
<==    Updates: 1
Releasing transactional SqlSession [org.apache.ibatis.session.defaults.DefaultSqlSession@3f7d73e3]
Transaction synchronization committing SqlSession [org.apache.ibatis.session.defaults.DefaultSqlSession@3f7d73e3]
Transaction synchronization deregistering SqlSession [org.apache.ibatis.session.defaults.DefaultSqlSession@3f7d73e3]
Transaction synchronization closing SqlSession [org.apache.ibatis.session.defaults.DefaultSqlSession@3f7d73e3]
Creating a new SqlSession
Registering transaction synchronization for SqlSession [org.apache.ibatis.session.defaults.DefaultSqlSession@259ae1a9]
JDBC Connection [HikariProxyConnection@1730154498 wrapping com.mysql.cj.jdbc.ConnectionImpl@247d44b4] will be managed by Spring
==>  Preparing: INSERT INTO `tb_post` (content, author_id, publish_at, last_update) VALUES (?, ?, ?, ?)
==> Parameters: 旅行中的美食也是一大亮点。品尝当地的特色美食，了解当地的饮食文化，是一种别样的体验。(String), 70(Long), 2024-11-13T00:19:31.388708700(LocalDateTime), 2024-11-13T00:19:31.388708700(LocalDateTime)
<==    Updates: 1
Releasing transactional SqlSession [org.apache.ibatis.session.defaults.DefaultSqlSession@259ae1a9]
Transaction synchronization committing SqlSession [org.apache.ibatis.session.defaults.DefaultSqlSession@259ae1a9]
Transaction synchronization deregistering SqlSession [org.apache.ibatis.session.defaults.DefaultSqlSession@259ae1a9]
Transaction synchronization closing SqlSession [org.apache.ibatis.session.defaults.DefaultSqlSession@259ae1a9]
Creating a new SqlSession
Registering transaction synchronization for SqlSession [org.apache.ibatis.session.defaults.DefaultSqlSession@53b579d2]
JDBC Connection [HikariProxyConnection@1034355105 wrapping com.mysql.cj.jdbc.ConnectionImpl@247d44b4] will be managed by Spring
==>  Preparing: INSERT INTO `tb_post` (content, author_id, publish_at, last_update) VALUES (?, ?, ?, ?)
==> Parameters: 旅行是一种冒险，也是一种勇气。勇敢地走出舒适区，去探索未知的世界，你会发现自己的潜力是无限的。(String), 44(Long), 2024-11-13T00:19:31.417917900(LocalDateTime), 2024-11-13T00:19:31.417917900(LocalDateTime)
<==    Updates: 1
Releasing transactional SqlSession [org.apache.ibatis.session.defaults.DefaultSqlSession@53b579d2]
Transaction synchronization committing SqlSession [org.apache.ibatis.session.defaults.DefaultSqlSession@53b579d2]
Transaction synchronization deregistering SqlSession [org.apache.ibatis.session.defaults.DefaultSqlSession@53b579d2]
Transaction synchronization closing SqlSession [org.apache.ibatis.session.defaults.DefaultSqlSession@53b579d2]
Creating a new SqlSession
Registering transaction synchronization for SqlSession [org.apache.ibatis.session.defaults.DefaultSqlSession@359fd0a2]
JDBC Connection [HikariProxyConnection@1359875538 wrapping com.mysql.cj.jdbc.ConnectionImpl@247d44b4] will be managed by Spring
==>  Preparing: INSERT INTO `tb_post` (content, author_id, publish_at, last_update) VALUES (?, ?, ?, ?)
==> Parameters: 旅行让我们更加珍惜生活。在旅行中，我们会看到很多不同的生活方式，这也让我们更加珍惜自己所拥有的一切。(String), 81(Long), 2024-11-13T00:19:31.424916800(LocalDateTime), 2024-11-13T00:19:31.424916800(LocalDateTime)
<==    Updates: 1
Releasing transactional SqlSession [org.apache.ibatis.session.defaults.DefaultSqlSession@359fd0a2]
Transaction synchronization committing SqlSession [org.apache.ibatis.session.defaults.DefaultSqlSession@359fd0a2]
Transaction synchronization deregistering SqlSession [org.apache.ibatis.session.defaults.DefaultSqlSession@359fd0a2]
Transaction synchronization closing SqlSession [org.apache.ibatis.session.defaults.DefaultSqlSession@359fd0a2]
Creating a new SqlSession
Registering transaction synchronization for SqlSession [org.apache.ibatis.session.defaults.DefaultSqlSession@2c56e044]
JDBC Connection [HikariProxyConnection@356317480 wrapping com.mysql.cj.jdbc.ConnectionImpl@247d44b4] will be managed by Spring
==>  Preparing: INSERT INTO `tb_post` (content, author_id, publish_at, last_update) VALUES (?, ?, ?, ?)
==> Parameters: 读书是一种享受，也是一种成长。一本好书可以让我们受益匪浅，开阔我们的视野，丰富我们的知识。(String), 23(Long), 2024-11-13T00:19:31.444248300(LocalDateTime), 2024-11-13T00:19:31.444248300(LocalDateTime)
<==    Updates: 1
Releasing transactional SqlSession [org.apache.ibatis.session.defaults.DefaultSqlSession@2c56e044]
Transaction synchronization committing SqlSession [org.apache.ibatis.session.defaults.DefaultSqlSession@2c56e044]
Transaction synchronization deregistering SqlSession [org.apache.ibatis.session.defaults.DefaultSqlSession@2c56e044]
Transaction synchronization closing SqlSession [org.apache.ibatis.session.defaults.DefaultSqlSession@2c56e044]
Creating a new SqlSession
Registering transaction synchronization for SqlSession [org.apache.ibatis.session.defaults.DefaultSqlSession@66ad7167]
JDBC Connection [HikariProxyConnection@2112840400 wrapping com.mysql.cj.jdbc.ConnectionImpl@247d44b4] will be managed by Spring
==>  Preparing: INSERT INTO `tb_post` (content, author_id, publish_at, last_update) VALUES (?, ?, ?, ?)
==> Parameters: 今天读了一本非常精彩的书，让我深受启发。书中的故事让我感受到了人性的美好和温暖。(String), 31(Long), 2024-11-13T00:19:31.466471(LocalDateTime), 2024-11-13T00:19:31.466471(LocalDateTime)
<==    Updates: 1
Releasing transactional SqlSession [org.apache.ibatis.session.defaults.DefaultSqlSession@66ad7167]
Transaction synchronization committing SqlSession [org.apache.ibatis.session.defaults.DefaultSqlSession@66ad7167]
Transaction synchronization deregistering SqlSession [org.apache.ibatis.session.defaults.DefaultSqlSession@66ad7167]
Transaction synchronization closing SqlSession [org.apache.ibatis.session.defaults.DefaultSqlSession@66ad7167]
Creating a new SqlSession
Registering transaction synchronization for SqlSession [org.apache.ibatis.session.defaults.DefaultSqlSession@3b235623]
JDBC Connection [HikariProxyConnection@992023758 wrapping com.mysql.cj.jdbc.ConnectionImpl@247d44b4] will be managed by Spring
==>  Preparing: INSERT INTO `tb_post` (content, author_id, publish_at, last_update) VALUES (?, ?, ?, ?)
==> Parameters: 读书可以让我们更加了解自己。在阅读的过程中，我们可以从书中的人物身上看到自己的影子，从而更好地认识自己。(String), 18(Long), 2024-11-13T00:19:31.546348200(LocalDateTime), 2024-11-13T00:19:31.546348200(LocalDateTime)
<==    Updates: 1
Releasing transactional SqlSession [org.apache.ibatis.session.defaults.DefaultSqlSession@3b235623]
Transaction synchronization committing SqlSession [org.apache.ibatis.session.defaults.DefaultSqlSession@3b235623]
Transaction synchronization deregistering SqlSession [org.apache.ibatis.session.defaults.DefaultSqlSession@3b235623]
Transaction synchronization closing SqlSession [org.apache.ibatis.session.defaults.DefaultSqlSession@3b235623]
Creating a new SqlSession
Registering transaction synchronization for SqlSession [org.apache.ibatis.session.defaults.DefaultSqlSession@15c8b75c]
JDBC Connection [HikariProxyConnection@292880130 wrapping com.mysql.cj.jdbc.ConnectionImpl@247d44b4] will be managed by Spring
==>  Preparing: INSERT INTO `tb_post` (content, author_id, publish_at, last_update) VALUES (?, ?, ?, ?)
==> Parameters: 每一本书都是一个世界。走进书的世界，我们可以体验不同的人生，感受不同的情感。(String), 93(Long), 2024-11-13T00:19:31.560825900(LocalDateTime), 2024-11-13T00:19:31.560825900(LocalDateTime)
<==    Updates: 1
Releasing transactional SqlSession [org.apache.ibatis.session.defaults.DefaultSqlSession@15c8b75c]
Transaction synchronization committing SqlSession [org.apache.ibatis.session.defaults.DefaultSqlSession@15c8b75c]
Transaction synchronization deregistering SqlSession [org.apache.ibatis.session.defaults.DefaultSqlSession@15c8b75c]
Transaction synchronization closing SqlSession [org.apache.ibatis.session.defaults.DefaultSqlSession@15c8b75c]
Creating a new SqlSession
Registering transaction synchronization for SqlSession [org.apache.ibatis.session.defaults.DefaultSqlSession@dd025d9]
JDBC Connection [HikariProxyConnection@1696149270 wrapping com.mysql.cj.jdbc.ConnectionImpl@247d44b4] will be managed by Spring
==>  Preparing: INSERT INTO `tb_post` (content, author_id, publish_at, last_update) VALUES (?, ?, ?, ?)
==> Parameters: 读书是一种习惯，也是一种修养。坚持读书，让我们的内心更加充实，更加有力量。(String), 95(Long), 2024-11-13T00:19:31.587047600(LocalDateTime), 2024-11-13T00:19:31.587047600(LocalDateTime)
<==    Updates: 1
Releasing transactional SqlSession [org.apache.ibatis.session.defaults.DefaultSqlSession@dd025d9]
Transaction synchronization committing SqlSession [org.apache.ibatis.session.defaults.DefaultSqlSession@dd025d9]
Transaction synchronization deregistering SqlSession [org.apache.ibatis.session.defaults.DefaultSqlSession@dd025d9]
Transaction synchronization closing SqlSession [org.apache.ibatis.session.defaults.DefaultSqlSession@dd025d9]
Creating a new SqlSession
Registering transaction synchronization for SqlSession [org.apache.ibatis.session.defaults.DefaultSqlSession@1ff52a71]
JDBC Connection [HikariProxyConnection@259484490 wrapping com.mysql.cj.jdbc.ConnectionImpl@247d44b4] will be managed by Spring
==>  Preparing: INSERT INTO `tb_post` (content, author_id, publish_at, last_update) VALUES (?, ?, ?, ?)
==> Parameters: 书中自有黄金屋，书中自有颜如玉。读书可以让我们获得知识和智慧，让我们的人生更加精彩。(String), 42(Long), 2024-11-13T00:19:31.593714100(LocalDateTime), 2024-11-13T00:19:31.593714100(LocalDateTime)
<==    Updates: 1
Releasing transactional SqlSession [org.apache.ibatis.session.defaults.DefaultSqlSession@1ff52a71]
Transaction synchronization committing SqlSession [org.apache.ibatis.session.defaults.DefaultSqlSession@1ff52a71]
Transaction synchronization deregistering SqlSession [org.apache.ibatis.session.defaults.DefaultSqlSession@1ff52a71]
Transaction synchronization closing SqlSession [org.apache.ibatis.session.defaults.DefaultSqlSession@1ff52a71]
Creating a new SqlSession
Registering transaction synchronization for SqlSession [org.apache.ibatis.session.defaults.DefaultSqlSession@6c502018]
JDBC Connection [HikariProxyConnection@1574317831 wrapping com.mysql.cj.jdbc.ConnectionImpl@247d44b4] will be managed by Spring
==>  Preparing: INSERT INTO `tb_post` (content, author_id, publish_at, last_update) VALUES (?, ?, ?, ?)
==> Parameters: 读书可以让我们放松心情，减轻压力。在忙碌的生活中，读一本好书，是一种很好的放松方式。(String), 44(Long), 2024-11-13T00:19:31.593714100(LocalDateTime), 2024-11-13T00:19:31.593714100(LocalDateTime)
<==    Updates: 1
Releasing transactional SqlSession [org.apache.ibatis.session.defaults.DefaultSqlSession@6c502018]
Transaction synchronization committing SqlSession [org.apache.ibatis.session.defaults.DefaultSqlSession@6c502018]
Transaction synchronization deregistering SqlSession [org.apache.ibatis.session.defaults.DefaultSqlSession@6c502018]
Transaction synchronization closing SqlSession [org.apache.ibatis.session.defaults.DefaultSqlSession@6c502018]
Creating a new SqlSession
Registering transaction synchronization for SqlSession [org.apache.ibatis.session.defaults.DefaultSqlSession@125c03d3]
JDBC Connection [HikariProxyConnection@620261500 wrapping com.mysql.cj.jdbc.ConnectionImpl@247d44b4] will be managed by Spring
==>  Preparing: INSERT INTO `tb_post` (content, author_id, publish_at, last_update) VALUES (?, ?, ?, ?)
==> Parameters: 一本好书就像一位良师益友。它可以给我们指引方向，帮助我们成长。(String), 10(Long), 2024-11-13T00:19:31.621290300(LocalDateTime), 2024-11-13T00:19:31.621290300(LocalDateTime)
<==    Updates: 1
Releasing transactional SqlSession [org.apache.ibatis.session.defaults.DefaultSqlSession@125c03d3]
Transaction synchronization committing SqlSession [org.apache.ibatis.session.defaults.DefaultSqlSession@125c03d3]
Transaction synchronization deregistering SqlSession [org.apache.ibatis.session.defaults.DefaultSqlSession@125c03d3]
Transaction synchronization closing SqlSession [org.apache.ibatis.session.defaults.DefaultSqlSession@125c03d3]
Creating a new SqlSession
Registering transaction synchronization for SqlSession [org.apache.ibatis.session.defaults.DefaultSqlSession@7ab8f93]
JDBC Connection [HikariProxyConnection@1300752371 wrapping com.mysql.cj.jdbc.ConnectionImpl@247d44b4] will be managed by Spring
==>  Preparing: INSERT INTO `tb_post` (content, author_id, publish_at, last_update) VALUES (?, ?, ?, ?)
==> Parameters: 读书是一种投资，也是一种回报。投资时间和精力去读书，你会获得意想不到的回报。(String), 16(Long), 2024-11-13T00:19:31.631581700(LocalDateTime), 2024-11-13T00:19:31.631581700(LocalDateTime)
<==    Updates: 1
Releasing transactional SqlSession [org.apache.ibatis.session.defaults.DefaultSqlSession@7ab8f93]
Transaction synchronization committing SqlSession [org.apache.ibatis.session.defaults.DefaultSqlSession@7ab8f93]
Transaction synchronization deregistering SqlSession [org.apache.ibatis.session.defaults.DefaultSqlSession@7ab8f93]
Transaction synchronization closing SqlSession [org.apache.ibatis.session.defaults.DefaultSqlSession@7ab8f93]
Creating a new SqlSession
Registering transaction synchronization for SqlSession [org.apache.ibatis.session.defaults.DefaultSqlSession@1483c738]
JDBC Connection [HikariProxyConnection@1341960637 wrapping com.mysql.cj.jdbc.ConnectionImpl@247d44b4] will be managed by Spring
==>  Preparing: INSERT INTO `tb_post` (content, author_id, publish_at, last_update) VALUES (?, ?, ?, ?)
==> Parameters: 读书让我们的生活更加丰富多彩。在书中，我们可以找到乐趣，找到感动，找到人生的意义。(String), 65(Long), 2024-11-13T00:19:31.642421500(LocalDateTime), 2024-11-13T00:19:31.642421500(LocalDateTime)
<==    Updates: 1
Releasing transactional SqlSession [org.apache.ibatis.session.defaults.DefaultSqlSession@1483c738]
Transaction synchronization committing SqlSession [org.apache.ibatis.session.defaults.DefaultSqlSession@1483c738]
Transaction synchronization deregistering SqlSession [org.apache.ibatis.session.defaults.DefaultSqlSession@1483c738]
Transaction synchronization closing SqlSession [org.apache.ibatis.session.defaults.DefaultSqlSession@1483c738]
Creating a new SqlSession
Registering transaction synchronization for SqlSession [org.apache.ibatis.session.defaults.DefaultSqlSession@7fae6f43]
JDBC Connection [HikariProxyConnection@1271540233 wrapping com.mysql.cj.jdbc.ConnectionImpl@247d44b4] will be managed by Spring
==>  Preparing: INSERT INTO `tb_post` (content, author_id, publish_at, last_update) VALUES (?, ?, ?, ?)
==> Parameters: 爱情是一种美好的情感，它可以让人感受到幸福和温暖。珍惜身边的人，用心去经营爱情，让它永远绽放光彩。(String), 17(Long), 2024-11-13T00:19:31.643673900(LocalDateTime), 2024-11-13T00:19:31.643673900(LocalDateTime)
<==    Updates: 1
Releasing transactional SqlSession [org.apache.ibatis.session.defaults.DefaultSqlSession@7fae6f43]
Transaction synchronization committing SqlSession [org.apache.ibatis.session.defaults.DefaultSqlSession@7fae6f43]
Transaction synchronization deregistering SqlSession [org.apache.ibatis.session.defaults.DefaultSqlSession@7fae6f43]
Transaction synchronization closing SqlSession [org.apache.ibatis.session.defaults.DefaultSqlSession@7fae6f43]
Creating a new SqlSession
Registering transaction synchronization for SqlSession [org.apache.ibatis.session.defaults.DefaultSqlSession@29682244]
JDBC Connection [HikariProxyConnection@779529705 wrapping com.mysql.cj.jdbc.ConnectionImpl@247d44b4] will be managed by Spring
==>  Preparing: INSERT INTO `tb_post` (content, author_id, publish_at, last_update) VALUES (?, ?, ?, ?)
==> Parameters: 友情是人生中最宝贵的财富。真正的朋友在你需要的时候会伸出援手，陪伴你走过人生的每一个阶段。(String), 70(Long), 2024-11-13T00:19:31.664558700(LocalDateTime), 2024-11-13T00:19:31.664558700(LocalDateTime)
<==    Updates: 1
Releasing transactional SqlSession [org.apache.ibatis.session.defaults.DefaultSqlSession@29682244]
Transaction synchronization committing SqlSession [org.apache.ibatis.session.defaults.DefaultSqlSession@29682244]
Transaction synchronization deregistering SqlSession [org.apache.ibatis.session.defaults.DefaultSqlSession@29682244]
Transaction synchronization closing SqlSession [org.apache.ibatis.session.defaults.DefaultSqlSession@29682244]
Creating a new SqlSession
Registering transaction synchronization for SqlSession [org.apache.ibatis.session.defaults.DefaultSqlSession@67cd1db3]
JDBC Connection [HikariProxyConnection@1398998658 wrapping com.mysql.cj.jdbc.ConnectionImpl@247d44b4] will be managed by Spring
==>  Preparing: INSERT INTO `tb_post` (content, author_id, publish_at, last_update) VALUES (?, ?, ?, ?)
==> Parameters: 亲情是世界上最无私的爱。无论我们走到哪里，家人永远是我们最坚强的后盾。(String), 32(Long), 2024-11-13T00:19:31.673557(LocalDateTime), 2024-11-13T00:19:31.673557(LocalDateTime)
<==    Updates: 1
Releasing transactional SqlSession [org.apache.ibatis.session.defaults.DefaultSqlSession@67cd1db3]
Transaction synchronization committing SqlSession [org.apache.ibatis.session.defaults.DefaultSqlSession@67cd1db3]
Transaction synchronization deregistering SqlSession [org.apache.ibatis.session.defaults.DefaultSqlSession@67cd1db3]
Transaction synchronization closing SqlSession [org.apache.ibatis.session.defaults.DefaultSqlSession@67cd1db3]
Creating a new SqlSession
Registering transaction synchronization for SqlSession [org.apache.ibatis.session.defaults.DefaultSqlSession@b97f195]
JDBC Connection [HikariProxyConnection@906824826 wrapping com.mysql.cj.jdbc.ConnectionImpl@247d44b4] will be managed by Spring
==>  Preparing: INSERT INTO `tb_post` (content, author_id, publish_at, last_update) VALUES (?, ?, ?, ?)
==> Parameters: 感恩是一种美德，让我们学会感恩身边的人，感恩生活的点滴。用一颗感恩的心去面对生活，你会发现世界更加美好。(String), 25(Long), 2024-11-13T00:19:31.686390(LocalDateTime), 2024-11-13T00:19:31.686390(LocalDateTime)
<==    Updates: 1
Releasing transactional SqlSession [org.apache.ibatis.session.defaults.DefaultSqlSession@b97f195]
Transaction synchronization committing SqlSession [org.apache.ibatis.session.defaults.DefaultSqlSession@b97f195]
Transaction synchronization deregistering SqlSession [org.apache.ibatis.session.defaults.DefaultSqlSession@b97f195]
Transaction synchronization closing SqlSession [org.apache.ibatis.session.defaults.DefaultSqlSession@b97f195]
Creating a new SqlSession
Registering transaction synchronization for SqlSession [org.apache.ibatis.session.defaults.DefaultSqlSession@1b4ade78]
JDBC Connection [HikariProxyConnection@854519560 wrapping com.mysql.cj.jdbc.ConnectionImpl@247d44b4] will be managed by Spring
==>  Preparing: INSERT INTO `tb_post` (content, author_id, publish_at, last_update) VALUES (?, ?, ?, ?)
==> Parameters: 爱是一种力量，它可以让我们变得更加坚强。在爱的世界里，我们可以克服一切困难，实现自己的梦想。(String), 1(Long), 2024-11-13T00:19:31.693916400(LocalDateTime), 2024-11-13T00:19:31.693916400(LocalDateTime)
<==    Updates: 1
Releasing transactional SqlSession [org.apache.ibatis.session.defaults.DefaultSqlSession@1b4ade78]
Transaction synchronization committing SqlSession [org.apache.ibatis.session.defaults.DefaultSqlSession@1b4ade78]
Transaction synchronization deregistering SqlSession [org.apache.ibatis.session.defaults.DefaultSqlSession@1b4ade78]
Transaction synchronization closing SqlSession [org.apache.ibatis.session.defaults.DefaultSqlSession@1b4ade78]
Creating a new SqlSession
Registering transaction synchronization for SqlSession [org.apache.ibatis.session.defaults.DefaultSqlSession@505a48a2]
JDBC Connection [HikariProxyConnection@1735688275 wrapping com.mysql.cj.jdbc.ConnectionImpl@247d44b4] will be managed by Spring
==>  Preparing: INSERT INTO `tb_post` (content, author_id, publish_at, last_update) VALUES (?, ?, ?, ?)
==> Parameters: 思念是一种痛苦，也是一种幸福。当我们思念一个人的时候，说明他在我们心中有着重要的位置。(String), 29(Long), 2024-11-13T00:19:31.693916400(LocalDateTime), 2024-11-13T00:19:31.693916400(LocalDateTime)
<==    Updates: 1
Releasing transactional SqlSession [org.apache.ibatis.session.defaults.DefaultSqlSession@505a48a2]
Transaction synchronization committing SqlSession [org.apache.ibatis.session.defaults.DefaultSqlSession@505a48a2]
Transaction synchronization deregistering SqlSession [org.apache.ibatis.session.defaults.DefaultSqlSession@505a48a2]
Transaction synchronization closing SqlSession [org.apache.ibatis.session.defaults.DefaultSqlSession@505a48a2]
Creating a new SqlSession
Registering transaction synchronization for SqlSession [org.apache.ibatis.session.defaults.DefaultSqlSession@21b792c2]
JDBC Connection [HikariProxyConnection@856511870 wrapping com.mysql.cj.jdbc.ConnectionImpl@247d44b4] will be managed by Spring
==>  Preparing: INSERT INTO `tb_post` (content, author_id, publish_at, last_update) VALUES (?, ?, ?, ?)
==> Parameters: 宽容是一种境界，让我们学会宽容别人的错误，理解别人的难处。用宽容的心去对待他人，你会收获更多的友谊和爱。(String), 9(Long), 2024-11-13T00:19:31.712868200(LocalDateTime), 2024-11-13T00:19:31.712868200(LocalDateTime)
<==    Updates: 1
Releasing transactional SqlSession [org.apache.ibatis.session.defaults.DefaultSqlSession@21b792c2]
Transaction synchronization committing SqlSession [org.apache.ibatis.session.defaults.DefaultSqlSession@21b792c2]
Transaction synchronization deregistering SqlSession [org.apache.ibatis.session.defaults.DefaultSqlSession@21b792c2]
Transaction synchronization closing SqlSession [org.apache.ibatis.session.defaults.DefaultSqlSession@21b792c2]
Creating a new SqlSession
Registering transaction synchronization for SqlSession [org.apache.ibatis.session.defaults.DefaultSqlSession@623be2a0]
JDBC Connection [HikariProxyConnection@502805865 wrapping com.mysql.cj.jdbc.ConnectionImpl@247d44b4] will be managed by Spring
==>  Preparing: INSERT INTO `tb_post` (content, author_id, publish_at, last_update) VALUES (?, ?, ?, ?)
==> Parameters: 真诚是一种品质，让我们用真诚的心去对待每一个人。只有真诚才能换来真诚，才能建立起真正的友谊和爱情。(String), 44(Long), 2024-11-13T00:19:31.721866300(LocalDateTime), 2024-11-13T00:19:31.721866300(LocalDateTime)
<==    Updates: 1
Releasing transactional SqlSession [org.apache.ibatis.session.defaults.DefaultSqlSession@623be2a0]
Transaction synchronization committing SqlSession [org.apache.ibatis.session.defaults.DefaultSqlSession@623be2a0]
Transaction synchronization deregistering SqlSession [org.apache.ibatis.session.defaults.DefaultSqlSession@623be2a0]
Transaction synchronization closing SqlSession [org.apache.ibatis.session.defaults.DefaultSqlSession@623be2a0]
Creating a new SqlSession
Registering transaction synchronization for SqlSession [org.apache.ibatis.session.defaults.DefaultSqlSession@62b2bc2e]
JDBC Connection [HikariProxyConnection@2144541051 wrapping com.mysql.cj.jdbc.ConnectionImpl@247d44b4] will be managed by Spring
==>  Preparing: INSERT INTO `tb_post` (content, author_id, publish_at, last_update) VALUES (?, ?, ?, ?)
==> Parameters: 善良是一种美德，让我们做一个善良的人。用善良的心去帮助别人，你会收获更多的快乐和幸福。(String), 29(Long), 2024-11-13T00:19:31.729791600(LocalDateTime), 2024-11-13T00:19:31.729791600(LocalDateTime)
<==    Updates: 1
Releasing transactional SqlSession [org.apache.ibatis.session.defaults.DefaultSqlSession@62b2bc2e]
Transaction synchronization committing SqlSession [org.apache.ibatis.session.defaults.DefaultSqlSession@62b2bc2e]
Transaction synchronization deregistering SqlSession [org.apache.ibatis.session.defaults.DefaultSqlSession@62b2bc2e]
Transaction synchronization closing SqlSession [org.apache.ibatis.session.defaults.DefaultSqlSession@62b2bc2e]
Creating a new SqlSession
Registering transaction synchronization for SqlSession [org.apache.ibatis.session.defaults.DefaultSqlSession@3894d1b1]
JDBC Connection [HikariProxyConnection@624718217 wrapping com.mysql.cj.jdbc.ConnectionImpl@247d44b4] will be managed by Spring
==>  Preparing: INSERT INTO `tb_post` (content, author_id, publish_at, last_update) VALUES (?, ?, ?, ?)
==> Parameters: 幸福是一种感觉，它不在于拥有多少财富，而在于拥有一颗感恩的心。珍惜身边的人，感恩生活的点滴，你就是幸福的人。(String), 5(Long), 2024-11-13T00:19:31.736787200(LocalDateTime), 2024-11-13T00:19:31.736787200(LocalDateTime)
<==    Updates: 1
Releasing transactional SqlSession [org.apache.ibatis.session.defaults.DefaultSqlSession@3894d1b1]
Transaction synchronization committing SqlSession [org.apache.ibatis.session.defaults.DefaultSqlSession@3894d1b1]
Transaction synchronization deregistering SqlSession [org.apache.ibatis.session.defaults.DefaultSqlSession@3894d1b1]
Transaction synchronization closing SqlSession [org.apache.ibatis.session.defaults.DefaultSqlSession@3894d1b1]
Creating a new SqlSession
Registering transaction synchronization for SqlSession [org.apache.ibatis.session.defaults.DefaultSqlSession@156d7556]
JDBC Connection [HikariProxyConnection@747601258 wrapping com.mysql.cj.jdbc.ConnectionImpl@247d44b4] will be managed by Spring
==>  Preparing: INSERT INTO `tb_post` (content, author_id, publish_at, last_update) VALUES (?, ?, ?, ?)
==> Parameters: 时尚是一种态度，它不仅仅是外在的穿着打扮，更是一种内在的气质和品味。(String), 80(Long), 2024-11-13T00:19:31.744943300(LocalDateTime), 2024-11-13T00:19:31.744943300(LocalDateTime)
<==    Updates: 1
Releasing transactional SqlSession [org.apache.ibatis.session.defaults.DefaultSqlSession@156d7556]
Transaction synchronization committing SqlSession [org.apache.ibatis.session.defaults.DefaultSqlSession@156d7556]
Transaction synchronization deregistering SqlSession [org.apache.ibatis.session.defaults.DefaultSqlSession@156d7556]
Transaction synchronization closing SqlSession [org.apache.ibatis.session.defaults.DefaultSqlSession@156d7556]
Creating a new SqlSession
Registering transaction synchronization for SqlSession [org.apache.ibatis.session.defaults.DefaultSqlSession@56f569e]
JDBC Connection [HikariProxyConnection@1033972644 wrapping com.mysql.cj.jdbc.ConnectionImpl@247d44b4] will be managed by Spring
==>  Preparing: INSERT INTO `tb_post` (content, author_id, publish_at, last_update) VALUES (?, ?, ?, ?)
==> Parameters: 今天的穿搭很满意，简约又时尚。一件白色的衬衫搭配一条蓝色的牛仔裤，再加上一双小白鞋，清新又自然。(String), 31(Long), 2024-11-13T00:19:31.746048100(LocalDateTime), 2024-11-13T00:19:31.746048100(LocalDateTime)
<==    Updates: 1
Releasing transactional SqlSession [org.apache.ibatis.session.defaults.DefaultSqlSession@56f569e]
Transaction synchronization committing SqlSession [org.apache.ibatis.session.defaults.DefaultSqlSession@56f569e]
Transaction synchronization deregistering SqlSession [org.apache.ibatis.session.defaults.DefaultSqlSession@56f569e]
Transaction synchronization closing SqlSession [org.apache.ibatis.session.defaults.DefaultSqlSession@56f569e]
Creating a new SqlSession
Registering transaction synchronization for SqlSession [org.apache.ibatis.session.defaults.DefaultSqlSession@2981064d]
JDBC Connection [HikariProxyConnection@2130217373 wrapping com.mysql.cj.jdbc.ConnectionImpl@247d44b4] will be managed by Spring
==>  Preparing: INSERT INTO `tb_post` (content, author_id, publish_at, last_update) VALUES (?, ?, ?, ?)
==> Parameters: 时尚不分年龄，每个人都可以有自己的时尚风格。只要敢于尝试，你就能找到适合自己的穿搭。(String), 19(Long), 2024-11-13T00:19:31.761924300(LocalDateTime), 2024-11-13T00:19:31.761924300(LocalDateTime)
<==    Updates: 1
Releasing transactional SqlSession [org.apache.ibatis.session.defaults.DefaultSqlSession@2981064d]
Transaction synchronization committing SqlSession [org.apache.ibatis.session.defaults.DefaultSqlSession@2981064d]
Transaction synchronization deregistering SqlSession [org.apache.ibatis.session.defaults.DefaultSqlSession@2981064d]
Transaction synchronization closing SqlSession [org.apache.ibatis.session.defaults.DefaultSqlSession@2981064d]
Creating a new SqlSession
Registering transaction synchronization for SqlSession [org.apache.ibatis.session.defaults.DefaultSqlSession@321302bc]
JDBC Connection [HikariProxyConnection@729965698 wrapping com.mysql.cj.jdbc.ConnectionImpl@247d44b4] will be managed by Spring
==>  Preparing: INSERT INTO `tb_post` (content, author_id, publish_at, last_update) VALUES (?, ?, ?, ?)
==> Parameters: 配饰是时尚的点睛之笔。一条漂亮的项链、一只精致的手表或者一个时尚的包包，都可以让你的整体造型更加出众。(String), 97(Long), 2024-11-13T00:19:31.769923500(LocalDateTime), 2024-11-13T00:19:31.769923500(LocalDateTime)
<==    Updates: 1
Releasing transactional SqlSession [org.apache.ibatis.session.defaults.DefaultSqlSession@321302bc]
Transaction synchronization committing SqlSession [org.apache.ibatis.session.defaults.DefaultSqlSession@321302bc]
Transaction synchronization deregistering SqlSession [org.apache.ibatis.session.defaults.DefaultSqlSession@321302bc]
Transaction synchronization closing SqlSession [org.apache.ibatis.session.defaults.DefaultSqlSession@321302bc]
Creating a new SqlSession
Registering transaction synchronization for SqlSession [org.apache.ibatis.session.defaults.DefaultSqlSession@73cfafd8]
JDBC Connection [HikariProxyConnection@1881845799 wrapping com.mysql.cj.jdbc.ConnectionImpl@247d44b4] will be managed by Spring
==>  Preparing: INSERT INTO `tb_post` (content, author_id, publish_at, last_update) VALUES (?, ?, ?, ?)
==> Parameters: 时尚是一种轮回，很多经典的时尚元素会在不同的时代重新流行起来。所以，不要轻易扔掉你的旧衣服，说不定什么时候它们又会成为时尚的宠儿。(String), 29(Long), 2024-11-13T00:19:31.777621600(LocalDateTime), 2024-11-13T00:19:31.777621600(LocalDateTime)
<==    Updates: 1
Releasing transactional SqlSession [org.apache.ibatis.session.defaults.DefaultSqlSession@73cfafd8]
Transaction synchronization committing SqlSession [org.apache.ibatis.session.defaults.DefaultSqlSession@73cfafd8]
Transaction synchronization deregistering SqlSession [org.apache.ibatis.session.defaults.DefaultSqlSession@73cfafd8]
Transaction synchronization closing SqlSession [org.apache.ibatis.session.defaults.DefaultSqlSession@73cfafd8]
Creating a new SqlSession
Registering transaction synchronization for SqlSession [org.apache.ibatis.session.defaults.DefaultSqlSession@489989eb]
JDBC Connection [HikariProxyConnection@31903004 wrapping com.mysql.cj.jdbc.ConnectionImpl@247d44b4] will be managed by Spring
==>  Preparing: INSERT INTO `tb_post` (content, author_id, publish_at, last_update) VALUES (?, ?, ?, ?)
==> Parameters: 时尚不仅仅是女性的专利，男性也可以有自己的时尚品味。一套得体的西装、一双帅气的皮鞋或者一个时尚的发型，都可以让男性更加魅力四射。(String), 58(Long), 2024-11-13T00:19:31.789625600(LocalDateTime), 2024-11-13T00:19:31.789625600(LocalDateTime)
<==    Updates: 1
Releasing transactional SqlSession [org.apache.ibatis.session.defaults.DefaultSqlSession@489989eb]
Transaction synchronization committing SqlSession [org.apache.ibatis.session.defaults.DefaultSqlSession@489989eb]
Transaction synchronization deregistering SqlSession [org.apache.ibatis.session.defaults.DefaultSqlSession@489989eb]
Transaction synchronization closing SqlSession [org.apache.ibatis.session.defaults.DefaultSqlSession@489989eb]
Creating a new SqlSession
Registering transaction synchronization for SqlSession [org.apache.ibatis.session.defaults.DefaultSqlSession@4924ad09]
JDBC Connection [HikariProxyConnection@974471358 wrapping com.mysql.cj.jdbc.ConnectionImpl@247d44b4] will be managed by Spring
==>  Preparing: INSERT INTO `tb_post` (content, author_id, publish_at, last_update) VALUES (?, ?, ?, ?)
==> Parameters: 时尚是一种创新，不断地尝试新的穿搭风格和时尚元素，才能让自己始终保持时尚的前沿。(String), 56(Long), 2024-11-13T00:19:31.793762700(LocalDateTime), 2024-11-13T00:19:31.793762700(LocalDateTime)
<==    Updates: 1
Releasing transactional SqlSession [org.apache.ibatis.session.defaults.DefaultSqlSession@4924ad09]
Transaction synchronization committing SqlSession [org.apache.ibatis.session.defaults.DefaultSqlSession@4924ad09]
Transaction synchronization deregistering SqlSession [org.apache.ibatis.session.defaults.DefaultSqlSession@4924ad09]
Transaction synchronization closing SqlSession [org.apache.ibatis.session.defaults.DefaultSqlSession@4924ad09]
Creating a new SqlSession
Registering transaction synchronization for SqlSession [org.apache.ibatis.session.defaults.DefaultSqlSession@106c73ed]
JDBC Connection [HikariProxyConnection@304767096 wrapping com.mysql.cj.jdbc.ConnectionImpl@247d44b4] will be managed by Spring
==>  Preparing: INSERT INTO `tb_post` (content, author_id, publish_at, last_update) VALUES (?, ?, ?, ?)
==> Parameters: 时尚是一种自信，相信自己的审美和品味，勇敢地展现自己的个性和魅力。(String), 22(Long), 2024-11-13T00:19:31.813356(LocalDateTime), 2024-11-13T00:19:31.813356(LocalDateTime)
<==    Updates: 1
Releasing transactional SqlSession [org.apache.ibatis.session.defaults.DefaultSqlSession@106c73ed]
Transaction synchronization committing SqlSession [org.apache.ibatis.session.defaults.DefaultSqlSession@106c73ed]
Transaction synchronization deregistering SqlSession [org.apache.ibatis.session.defaults.DefaultSqlSession@106c73ed]
Transaction synchronization closing SqlSession [org.apache.ibatis.session.defaults.DefaultSqlSession@106c73ed]
Creating a new SqlSession
Registering transaction synchronization for SqlSession [org.apache.ibatis.session.defaults.DefaultSqlSession@7c855ef0]
JDBC Connection [HikariProxyConnection@1397931022 wrapping com.mysql.cj.jdbc.ConnectionImpl@247d44b4] will be managed by Spring
==>  Preparing: INSERT INTO `tb_post` (content, author_id, publish_at, last_update) VALUES (?, ?, ?, ?)
==> Parameters: 时尚是一种生活方式，它可以让我们更加热爱生活，更加注重自己的形象和气质。(String), 63(Long), 2024-11-13T00:19:31.824352900(LocalDateTime), 2024-11-13T00:19:31.824352900(LocalDateTime)
<==    Updates: 1
Releasing transactional SqlSession [org.apache.ibatis.session.defaults.DefaultSqlSession@7c855ef0]
Transaction synchronization committing SqlSession [org.apache.ibatis.session.defaults.DefaultSqlSession@7c855ef0]
Transaction synchronization deregistering SqlSession [org.apache.ibatis.session.defaults.DefaultSqlSession@7c855ef0]
Transaction synchronization closing SqlSession [org.apache.ibatis.session.defaults.DefaultSqlSession@7c855ef0]
Creating a new SqlSession
Registering transaction synchronization for SqlSession [org.apache.ibatis.session.defaults.DefaultSqlSession@4c682826]
JDBC Connection [HikariProxyConnection@2049463320 wrapping com.mysql.cj.jdbc.ConnectionImpl@247d44b4] will be managed by Spring
==>  Preparing: INSERT INTO `tb_post` (content, author_id, publish_at, last_update) VALUES (?, ?, ?, ?)
==> Parameters: 时尚是一种艺术，它可以让我们用服装和配饰来表达自己的情感和个性，创造出属于自己的时尚作品。(String), 78(Long), 2024-11-13T00:19:31.836522300(LocalDateTime), 2024-11-13T00:19:31.836522300(LocalDateTime)
<==    Updates: 1
Releasing transactional SqlSession [org.apache.ibatis.session.defaults.DefaultSqlSession@4c682826]
Transaction synchronization committing SqlSession [org.apache.ibatis.session.defaults.DefaultSqlSession@4c682826]
Transaction synchronization deregistering SqlSession [org.apache.ibatis.session.defaults.DefaultSqlSession@4c682826]
Transaction synchronization closing SqlSession [org.apache.ibatis.session.defaults.DefaultSqlSession@4c682826]
Creating a new SqlSession
Registering transaction synchronization for SqlSession [org.apache.ibatis.session.defaults.DefaultSqlSession@1cc878e6]
JDBC Connection [HikariProxyConnection@1153132630 wrapping com.mysql.cj.jdbc.ConnectionImpl@247d44b4] will be managed by Spring
==>  Preparing: INSERT INTO `tb_post` (content, author_id, publish_at, last_update) VALUES (?, ?, ?, ?)
==> Parameters: 健身是一种生活态度，它可以让我们拥有健康的身体和积极的心态。坚持健身，让自己变得更加优秀。(String), 15(Long), 2024-11-13T00:19:31.843713100(LocalDateTime), 2024-11-13T00:19:31.843713100(LocalDateTime)
<==    Updates: 1
Releasing transactional SqlSession [org.apache.ibatis.session.defaults.DefaultSqlSession@1cc878e6]
Transaction synchronization committing SqlSession [org.apache.ibatis.session.defaults.DefaultSqlSession@1cc878e6]
Transaction synchronization deregistering SqlSession [org.apache.ibatis.session.defaults.DefaultSqlSession@1cc878e6]
Transaction synchronization closing SqlSession [org.apache.ibatis.session.defaults.DefaultSqlSession@1cc878e6]
Creating a new SqlSession
Registering transaction synchronization for SqlSession [org.apache.ibatis.session.defaults.DefaultSqlSession@3070f59f]
JDBC Connection [HikariProxyConnection@588574739 wrapping com.mysql.cj.jdbc.ConnectionImpl@247d44b4] will be managed by Spring
==>  Preparing: INSERT INTO `tb_post` (content, author_id, publish_at, last_update) VALUES (?, ?, ?, ?)
==> Parameters: 今天去了健身房，挥洒了汗水，感觉非常棒。运动可以让人释放压力，增强体质，让我们的生活更加美好。(String), 93(Long), 2024-11-13T00:19:31.843713100(LocalDateTime), 2024-11-13T00:19:31.843713100(LocalDateTime)
<==    Updates: 1
Releasing transactional SqlSession [org.apache.ibatis.session.defaults.DefaultSqlSession@3070f59f]
Transaction synchronization committing SqlSession [org.apache.ibatis.session.defaults.DefaultSqlSession@3070f59f]
Transaction synchronization deregistering SqlSession [org.apache.ibatis.session.defaults.DefaultSqlSession@3070f59f]
Transaction synchronization closing SqlSession [org.apache.ibatis.session.defaults.DefaultSqlSession@3070f59f]
Creating a new SqlSession
Registering transaction synchronization for SqlSession [org.apache.ibatis.session.defaults.DefaultSqlSession@5cdafb4d]
JDBC Connection [HikariProxyConnection@1525027227 wrapping com.mysql.cj.jdbc.ConnectionImpl@247d44b4] will be managed by Spring
==>  Preparing: INSERT INTO `tb_post` (content, author_id, publish_at, last_update) VALUES (?, ?, ?, ?)
==> Parameters: 健身不仅仅是为了减肥，更是为了健康。保持良好的饮食习惯和运动习惯，让我们的身体更加健康。(String), 6(Long), 2024-11-13T00:19:31.869862200(LocalDateTime), 2024-11-13T00:19:31.869862200(LocalDateTime)
<==    Updates: 1
Releasing transactional SqlSession [org.apache.ibatis.session.defaults.DefaultSqlSession@5cdafb4d]
Transaction synchronization committing SqlSession [org.apache.ibatis.session.defaults.DefaultSqlSession@5cdafb4d]
Transaction synchronization deregistering SqlSession [org.apache.ibatis.session.defaults.DefaultSqlSession@5cdafb4d]
Transaction synchronization closing SqlSession [org.apache.ibatis.session.defaults.DefaultSqlSession@5cdafb4d]
Creating a new SqlSession
Registering transaction synchronization for SqlSession [org.apache.ibatis.session.defaults.DefaultSqlSession@329a27ae]
JDBC Connection [HikariProxyConnection@1591535578 wrapping com.mysql.cj.jdbc.ConnectionImpl@247d44b4] will be managed by Spring
==>  Preparing: INSERT INTO `tb_post` (content, author_id, publish_at, last_update) VALUES (?, ?, ?, ?)
==> Parameters: 运动是最好的良药。它可以预防各种疾病，提高身体的免疫力，让我们的身体更加健康。(String), 45(Long), 2024-11-13T00:19:31.893719(LocalDateTime), 2024-11-13T00:19:31.893719(LocalDateTime)
<==    Updates: 1
Releasing transactional SqlSession [org.apache.ibatis.session.defaults.DefaultSqlSession@329a27ae]
Transaction synchronization committing SqlSession [org.apache.ibatis.session.defaults.DefaultSqlSession@329a27ae]
Transaction synchronization deregistering SqlSession [org.apache.ibatis.session.defaults.DefaultSqlSession@329a27ae]
Transaction synchronization closing SqlSession [org.apache.ibatis.session.defaults.DefaultSqlSession@329a27ae]
Creating a new SqlSession
Registering transaction synchronization for SqlSession [org.apache.ibatis.session.defaults.DefaultSqlSession@59f5a376]
JDBC Connection [HikariProxyConnection@503133749 wrapping com.mysql.cj.jdbc.ConnectionImpl@247d44b4] will be managed by Spring
==>  Preparing: INSERT INTO `tb_post` (content, author_id, publish_at, last_update) VALUES (?, ?, ?, ?)
==> Parameters: 健身是一种挑战，也是一种成就。每一次的突破都让我们感受到自己的潜力是无限的。(String), 24(Long), 2024-11-13T00:19:31.922779100(LocalDateTime), 2024-11-13T00:19:31.922779100(LocalDateTime)
<==    Updates: 1
Releasing transactional SqlSession [org.apache.ibatis.session.defaults.DefaultSqlSession@59f5a376]
Transaction synchronization committing SqlSession [org.apache.ibatis.session.defaults.DefaultSqlSession@59f5a376]
Transaction synchronization deregistering SqlSession [org.apache.ibatis.session.defaults.DefaultSqlSession@59f5a376]
Transaction synchronization closing SqlSession [org.apache.ibatis.session.defaults.DefaultSqlSession@59f5a376]
Creating a new SqlSession
Registering transaction synchronization for SqlSession [org.apache.ibatis.session.defaults.DefaultSqlSession@54a7d1b9]
JDBC Connection [HikariProxyConnection@202051758 wrapping com.mysql.cj.jdbc.ConnectionImpl@247d44b4] will be managed by Spring
==>  Preparing: INSERT INTO `tb_post` (content, author_id, publish_at, last_update) VALUES (?, ?, ?, ?)
==> Parameters: 坚持健身，让自己变得更加自信。拥有健康的身体和良好的身材，让我们更加有自信地面对生活。(String), 76(Long), 2024-11-13T00:19:31.939482800(LocalDateTime), 2024-11-13T00:19:31.939482800(LocalDateTime)
<==    Updates: 1
Releasing transactional SqlSession [org.apache.ibatis.session.defaults.DefaultSqlSession@54a7d1b9]
Transaction synchronization committing SqlSession [org.apache.ibatis.session.defaults.DefaultSqlSession@54a7d1b9]
Transaction synchronization deregistering SqlSession [org.apache.ibatis.session.defaults.DefaultSqlSession@54a7d1b9]
Transaction synchronization closing SqlSession [org.apache.ibatis.session.defaults.DefaultSqlSession@54a7d1b9]
Creating a new SqlSession
Registering transaction synchronization for SqlSession [org.apache.ibatis.session.defaults.DefaultSqlSession@31887330]
JDBC Connection [HikariProxyConnection@2075455645 wrapping com.mysql.cj.jdbc.ConnectionImpl@247d44b4] will be managed by Spring
==>  Preparing: INSERT INTO `tb_post` (content, author_id, publish_at, last_update) VALUES (?, ?, ?, ?)
==> Parameters: 健身是一种习惯，也是一种自律。养成良好的健身习惯，让我们的生活更加规律，更加有品质。(String), 34(Long), 2024-11-13T00:19:31.945574400(LocalDateTime), 2024-11-13T00:19:31.945574400(LocalDateTime)
<==    Updates: 1
Releasing transactional SqlSession [org.apache.ibatis.session.defaults.DefaultSqlSession@31887330]
Transaction synchronization committing SqlSession [org.apache.ibatis.session.defaults.DefaultSqlSession@31887330]
Transaction synchronization deregistering SqlSession [org.apache.ibatis.session.defaults.DefaultSqlSession@31887330]
Transaction synchronization closing SqlSession [org.apache.ibatis.session.defaults.DefaultSqlSession@31887330]
Creating a new SqlSession
Registering transaction synchronization for SqlSession [org.apache.ibatis.session.defaults.DefaultSqlSession@d79a69b]
JDBC Connection [HikariProxyConnection@1650994894 wrapping com.mysql.cj.jdbc.ConnectionImpl@247d44b4] will be managed by Spring
==>  Preparing: INSERT INTO `tb_post` (content, author_id, publish_at, last_update) VALUES (?, ?, ?, ?)
==> Parameters: 运动可以让人心情愉悦，忘记一切烦恼。在运动中，我们可以释放自己的压力，让心情变得更加轻松。(String), 71(Long), 2024-11-13T00:19:31.973738(LocalDateTime), 2024-11-13T00:19:31.973738(LocalDateTime)
<==    Updates: 1
Releasing transactional SqlSession [org.apache.ibatis.session.defaults.DefaultSqlSession@d79a69b]
Transaction synchronization committing SqlSession [org.apache.ibatis.session.defaults.DefaultSqlSession@d79a69b]
Transaction synchronization deregistering SqlSession [org.apache.ibatis.session.defaults.DefaultSqlSession@d79a69b]
Transaction synchronization closing SqlSession [org.apache.ibatis.session.defaults.DefaultSqlSession@d79a69b]
Creating a new SqlSession
Registering transaction synchronization for SqlSession [org.apache.ibatis.session.defaults.DefaultSqlSession@19bad88]
JDBC Connection [HikariProxyConnection@21531932 wrapping com.mysql.cj.jdbc.ConnectionImpl@247d44b4] will be managed by Spring
==>  Preparing: INSERT INTO `tb_post` (content, author_id, publish_at, last_update) VALUES (?, ?, ?, ?)
==> Parameters: 健身是一种投资，也是一种回报。投资时间和精力去健身，你会获得健康的身体和美好的未来。(String), 37(Long), 2024-11-13T00:19:31.985562700(LocalDateTime), 2024-11-13T00:19:31.985562700(LocalDateTime)
<==    Updates: 1
Releasing transactional SqlSession [org.apache.ibatis.session.defaults.DefaultSqlSession@19bad88]
Transaction synchronization committing SqlSession [org.apache.ibatis.session.defaults.DefaultSqlSession@19bad88]
Transaction synchronization deregistering SqlSession [org.apache.ibatis.session.defaults.DefaultSqlSession@19bad88]
Transaction synchronization closing SqlSession [org.apache.ibatis.session.defaults.DefaultSqlSession@19bad88]
Creating a new SqlSession
Registering transaction synchronization for SqlSession [org.apache.ibatis.session.defaults.DefaultSqlSession@4250b0c1]
JDBC Connection [HikariProxyConnection@38578816 wrapping com.mysql.cj.jdbc.ConnectionImpl@247d44b4] will be managed by Spring
==>  Preparing: INSERT INTO `tb_post` (content, author_id, publish_at, last_update) VALUES (?, ?, ?, ?)
==> Parameters: 健身让我们的生活更加充实。在健身的过程中，我们可以结交更多的朋友，拓展自己的社交圈子。(String), 93(Long), 2024-11-13T00:19:31.993672900(LocalDateTime), 2024-11-13T00:19:31.993672900(LocalDateTime)
<==    Updates: 1
Releasing transactional SqlSession [org.apache.ibatis.session.defaults.DefaultSqlSession@4250b0c1]
Transaction synchronization committing SqlSession [org.apache.ibatis.session.defaults.DefaultSqlSession@4250b0c1]
Transaction synchronization deregistering SqlSession [org.apache.ibatis.session.defaults.DefaultSqlSession@4250b0c1]
Transaction synchronization closing SqlSession [org.apache.ibatis.session.defaults.DefaultSqlSession@4250b0c1]
Creating a new SqlSession
Registering transaction synchronization for SqlSession [org.apache.ibatis.session.defaults.DefaultSqlSession@6ce1cc03]
JDBC Connection [HikariProxyConnection@409286572 wrapping com.mysql.cj.jdbc.ConnectionImpl@247d44b4] will be managed by Spring
==>  Preparing: INSERT INTO `tb_post` (content, author_id, publish_at, last_update) VALUES (?, ?, ?, ?)
==> Parameters: 宠物是我们的家人，它们给我们带来了无尽的欢乐和陪伴。今天和我的宠物一起玩耍，感觉非常幸福。(String), 32(Long), 2024-11-13T00:19:32.018811700(LocalDateTime), 2024-11-13T00:19:32.018811700(LocalDateTime)
<==    Updates: 1
Releasing transactional SqlSession [org.apache.ibatis.session.defaults.DefaultSqlSession@6ce1cc03]
Transaction synchronization committing SqlSession [org.apache.ibatis.session.defaults.DefaultSqlSession@6ce1cc03]
Transaction synchronization deregistering SqlSession [org.apache.ibatis.session.defaults.DefaultSqlSession@6ce1cc03]
Transaction synchronization closing SqlSession [org.apache.ibatis.session.defaults.DefaultSqlSession@6ce1cc03]
Creating a new SqlSession
Registering transaction synchronization for SqlSession [org.apache.ibatis.session.defaults.DefaultSqlSession@5dabe7c8]
JDBC Connection [HikariProxyConnection@807166509 wrapping com.mysql.cj.jdbc.ConnectionImpl@247d44b4] will be managed by Spring
==>  Preparing: INSERT INTO `tb_post` (content, author_id, publish_at, last_update) VALUES (?, ?, ?, ?)
==> Parameters: 狗狗是人类最好的朋友。它们忠诚、可爱、善良，总是在我们最需要的时候陪伴在我们身边。(String), 43(Long), 2024-11-13T00:19:32.029819(LocalDateTime), 2024-11-13T00:19:32.029819(LocalDateTime)
<==    Updates: 1
Releasing transactional SqlSession [org.apache.ibatis.session.defaults.DefaultSqlSession@5dabe7c8]
Transaction synchronization committing SqlSession [org.apache.ibatis.session.defaults.DefaultSqlSession@5dabe7c8]
Transaction synchronization deregistering SqlSession [org.apache.ibatis.session.defaults.DefaultSqlSession@5dabe7c8]
Transaction synchronization closing SqlSession [org.apache.ibatis.session.defaults.DefaultSqlSession@5dabe7c8]
Creating a new SqlSession
Registering transaction synchronization for SqlSession [org.apache.ibatis.session.defaults.DefaultSqlSession@69860811]
JDBC Connection [HikariProxyConnection@726037979 wrapping com.mysql.cj.jdbc.ConnectionImpl@247d44b4] will be managed by Spring
==>  Preparing: INSERT INTO `tb_post` (content, author_id, publish_at, last_update) VALUES (?, ?, ?, ?)
==> Parameters: 猫咪是一种非常独立的动物，但它们也会给我们带来很多惊喜。今天我的猫咪做了一件非常有趣的事情，让我忍不住笑了起来。(String), 35(Long), 2024-11-13T00:19:32.040688300(LocalDateTime), 2024-11-13T00:19:32.040688300(LocalDateTime)
<==    Updates: 1
Releasing transactional SqlSession [org.apache.ibatis.session.defaults.DefaultSqlSession@69860811]
Transaction synchronization committing SqlSession [org.apache.ibatis.session.defaults.DefaultSqlSession@69860811]
Transaction synchronization deregistering SqlSession [org.apache.ibatis.session.defaults.DefaultSqlSession@69860811]
Transaction synchronization closing SqlSession [org.apache.ibatis.session.defaults.DefaultSqlSession@69860811]
Creating a new SqlSession
Registering transaction synchronization for SqlSession [org.apache.ibatis.session.defaults.DefaultSqlSession@22decfa2]
JDBC Connection [HikariProxyConnection@545714998 wrapping com.mysql.cj.jdbc.ConnectionImpl@247d44b4] will be managed by Spring
==>  Preparing: INSERT INTO `tb_post` (content, author_id, publish_at, last_update) VALUES (?, ?, ?, ?)
==> Parameters: 养宠物需要有耐心和爱心。它们需要我们的关心和照顾，只有这样，它们才能健康快乐地成长。(String), 99(Long), 2024-11-13T00:19:32.043649600(LocalDateTime), 2024-11-13T00:19:32.043649600(LocalDateTime)
<==    Updates: 1
Releasing transactional SqlSession [org.apache.ibatis.session.defaults.DefaultSqlSession@22decfa2]
Transaction synchronization committing SqlSession [org.apache.ibatis.session.defaults.DefaultSqlSession@22decfa2]
Transaction synchronization deregistering SqlSession [org.apache.ibatis.session.defaults.DefaultSqlSession@22decfa2]
Transaction synchronization closing SqlSession [org.apache.ibatis.session.defaults.DefaultSqlSession@22decfa2]
Creating a new SqlSession
Registering transaction synchronization for SqlSession [org.apache.ibatis.session.defaults.DefaultSqlSession@3445341]
JDBC Connection [HikariProxyConnection@822130127 wrapping com.mysql.cj.jdbc.ConnectionImpl@247d44b4] will be managed by Spring
==>  Preparing: INSERT INTO `tb_post` (content, author_id, publish_at, last_update) VALUES (?, ?, ?, ?)
==> Parameters: 宠物的世界很简单，它们只需要我们的陪伴和爱。让我们用心去呵护它们，让它们感受到我们的温暖。(String), 12(Long), 2024-11-13T00:19:32.043649600(LocalDateTime), 2024-11-13T00:19:32.043649600(LocalDateTime)
<==    Updates: 1
Releasing transactional SqlSession [org.apache.ibatis.session.defaults.DefaultSqlSession@3445341]
Transaction synchronization committing SqlSession [org.apache.ibatis.session.defaults.DefaultSqlSession@3445341]
Transaction synchronization deregistering SqlSession [org.apache.ibatis.session.defaults.DefaultSqlSession@3445341]
Transaction synchronization closing SqlSession [org.apache.ibatis.session.defaults.DefaultSqlSession@3445341]
Creating a new SqlSession
Registering transaction synchronization for SqlSession [org.apache.ibatis.session.defaults.DefaultSqlSession@2e93f91d]
JDBC Connection [HikariProxyConnection@346413038 wrapping com.mysql.cj.jdbc.ConnectionImpl@247d44b4] will be managed by Spring
==>  Preparing: INSERT INTO `tb_post` (content, author_id, publish_at, last_update) VALUES (?, ?, ?, ?)
==> Parameters: 宠物的可爱之处在于它们的天真无邪。它们不会计较得失，只会用最真诚的方式来表达自己的情感。(String), 11(Long), 2024-11-13T00:19:32.060899800(LocalDateTime), 2024-11-13T00:19:32.060899800(LocalDateTime)
<==    Updates: 1
Releasing transactional SqlSession [org.apache.ibatis.session.defaults.DefaultSqlSession@2e93f91d]
Transaction synchronization committing SqlSession [org.apache.ibatis.session.defaults.DefaultSqlSession@2e93f91d]
Transaction synchronization deregistering SqlSession [org.apache.ibatis.session.defaults.DefaultSqlSession@2e93f91d]
Transaction synchronization closing SqlSession [org.apache.ibatis.session.defaults.DefaultSqlSession@2e93f91d]
Creating a new SqlSession
Registering transaction synchronization for SqlSession [org.apache.ibatis.session.defaults.DefaultSqlSession@20331c8e]
JDBC Connection [HikariProxyConnection@460206830 wrapping com.mysql.cj.jdbc.ConnectionImpl@247d44b4] will be managed by Spring
==>  Preparing: INSERT INTO `tb_post` (content, author_id, publish_at, last_update) VALUES (?, ?, ?, ?)
==> Parameters: 宠物是我们生活中的调味剂。它们的存在让我们的生活更加丰富多彩，充满了乐趣。(String), 73(Long), 2024-11-13T00:19:32.067904400(LocalDateTime), 2024-11-13T00:19:32.067904400(LocalDateTime)
<==    Updates: 1
Releasing transactional SqlSession [org.apache.ibatis.session.defaults.DefaultSqlSession@20331c8e]
Transaction synchronization committing SqlSession [org.apache.ibatis.session.defaults.DefaultSqlSession@20331c8e]
Transaction synchronization deregistering SqlSession [org.apache.ibatis.session.defaults.DefaultSqlSession@20331c8e]
Transaction synchronization closing SqlSession [org.apache.ibatis.session.defaults.DefaultSqlSession@20331c8e]
Creating a new SqlSession
Registering transaction synchronization for SqlSession [org.apache.ibatis.session.defaults.DefaultSqlSession@46d83ec4]
JDBC Connection [HikariProxyConnection@960609751 wrapping com.mysql.cj.jdbc.ConnectionImpl@247d44b4] will be managed by Spring
==>  Preparing: INSERT INTO `tb_post` (content, author_id, publish_at, last_update) VALUES (?, ?, ?, ?)
==> Parameters: 今天带我的宠物去散步，看到它开心的样子，我的心情也变得格外好。宠物的快乐就是我们的快乐。(String), 68(Long), 2024-11-13T00:19:32.073202(LocalDateTime), 2024-11-13T00:19:32.073202(LocalDateTime)
<==    Updates: 1
Releasing transactional SqlSession [org.apache.ibatis.session.defaults.DefaultSqlSession@46d83ec4]
Transaction synchronization committing SqlSession [org.apache.ibatis.session.defaults.DefaultSqlSession@46d83ec4]
Transaction synchronization deregistering SqlSession [org.apache.ibatis.session.defaults.DefaultSqlSession@46d83ec4]
Transaction synchronization closing SqlSession [org.apache.ibatis.session.defaults.DefaultSqlSession@46d83ec4]
Creating a new SqlSession
Registering transaction synchronization for SqlSession [org.apache.ibatis.session.defaults.DefaultSqlSession@1e387974]
JDBC Connection [HikariProxyConnection@2087016410 wrapping com.mysql.cj.jdbc.ConnectionImpl@247d44b4] will be managed by Spring
==>  Preparing: INSERT INTO `tb_post` (content, author_id, publish_at, last_update) VALUES (?, ?, ?, ?)
==> Parameters: 宠物的陪伴是最长久的告白。它们不会因为时间的流逝而离开我们，只会一直陪伴在我们身边。(String), 17(Long), 2024-11-13T00:19:32.080747500(LocalDateTime), 2024-11-13T00:19:32.080747500(LocalDateTime)
<==    Updates: 1
Releasing transactional SqlSession [org.apache.ibatis.session.defaults.DefaultSqlSession@1e387974]
Transaction synchronization committing SqlSession [org.apache.ibatis.session.defaults.DefaultSqlSession@1e387974]
Transaction synchronization deregistering SqlSession [org.apache.ibatis.session.defaults.DefaultSqlSession@1e387974]
Transaction synchronization closing SqlSession [org.apache.ibatis.session.defaults.DefaultSqlSession@1e387974]
Creating a new SqlSession
Registering transaction synchronization for SqlSession [org.apache.ibatis.session.defaults.DefaultSqlSession@d91e8c7]
JDBC Connection [HikariProxyConnection@1711349692 wrapping com.mysql.cj.jdbc.ConnectionImpl@247d44b4] will be managed by Spring
==>  Preparing: INSERT INTO `tb_post` (content, author_id, publish_at, last_update) VALUES (?, ?, ?, ?)
==> Parameters: 养宠物让我们学会了责任和担当。它们需要我们的照顾和保护，这也让我们更加成熟和稳重。(String), 42(Long), 2024-11-13T00:19:32.087747(LocalDateTime), 2024-11-13T00:19:32.087747(LocalDateTime)
<==    Updates: 1
Releasing transactional SqlSession [org.apache.ibatis.session.defaults.DefaultSqlSession@d91e8c7]
Transaction synchronization committing SqlSession [org.apache.ibatis.session.defaults.DefaultSqlSession@d91e8c7]
Transaction synchronization deregistering SqlSession [org.apache.ibatis.session.defaults.DefaultSqlSession@d91e8c7]
Transaction synchronization closing SqlSession [org.apache.ibatis.session.defaults.DefaultSqlSession@d91e8c7]
Creating a new SqlSession
Registering transaction synchronization for SqlSession [org.apache.ibatis.session.defaults.DefaultSqlSession@4b718c45]
JDBC Connection [HikariProxyConnection@739971314 wrapping com.mysql.cj.jdbc.ConnectionImpl@247d44b4] will be managed by Spring
==>  Preparing: INSERT INTO `tb_post` (content, author_id, publish_at, last_update) VALUES (?, ?, ?, ?)
==> Parameters: 工作是一种修行，它可以让我们不断地成长和进步。在工作中，我们要保持积极的心态，努力提高自己的能力。(String), 83(Long), 2024-11-13T00:19:32.093672100(LocalDateTime), 2024-11-13T00:19:32.093672100(LocalDateTime)
<==    Updates: 1
Releasing transactional SqlSession [org.apache.ibatis.session.defaults.DefaultSqlSession@4b718c45]
Transaction synchronization committing SqlSession [org.apache.ibatis.session.defaults.DefaultSqlSession@4b718c45]
Transaction synchronization deregistering SqlSession [org.apache.ibatis.session.defaults.DefaultSqlSession@4b718c45]
Transaction synchronization closing SqlSession [org.apache.ibatis.session.defaults.DefaultSqlSession@4b718c45]
Creating a new SqlSession
Registering transaction synchronization for SqlSession [org.apache.ibatis.session.defaults.DefaultSqlSession@71eead09]
JDBC Connection [HikariProxyConnection@308784574 wrapping com.mysql.cj.jdbc.ConnectionImpl@247d44b4] will be managed by Spring
==>  Preparing: INSERT INTO `tb_post` (content, author_id, publish_at, last_update) VALUES (?, ?, ?, ?)
==> Parameters: 今天完成了一项重要的任务，感觉非常有成就感。工作中的每一次挑战都是一次成长的机会，让我们勇敢地迎接挑战吧！(String), 6(Long), 2024-11-13T00:19:32.093672100(LocalDateTime), 2024-11-13T00:19:32.093672100(LocalDateTime)
<==    Updates: 1
Releasing transactional SqlSession [org.apache.ibatis.session.defaults.DefaultSqlSession@71eead09]
Transaction synchronization committing SqlSession [org.apache.ibatis.session.defaults.DefaultSqlSession@71eead09]
Transaction synchronization deregistering SqlSession [org.apache.ibatis.session.defaults.DefaultSqlSession@71eead09]
Transaction synchronization closing SqlSession [org.apache.ibatis.session.defaults.DefaultSqlSession@71eead09]
Creating a new SqlSession
Registering transaction synchronization for SqlSession [org.apache.ibatis.session.defaults.DefaultSqlSession@53ce27fa]
JDBC Connection [HikariProxyConnection@448233725 wrapping com.mysql.cj.jdbc.ConnectionImpl@247d44b4] will be managed by Spring
==>  Preparing: INSERT INTO `tb_post` (content, author_id, publish_at, last_update) VALUES (?, ?, ?, ?)
==> Parameters: 团队合作是工作中非常重要的一环。只有大家齐心协力，才能共同完成任务，实现目标。(String), 27(Long), 2024-11-13T00:19:32.093672100(LocalDateTime), 2024-11-13T00:19:32.093672100(LocalDateTime)
<==    Updates: 1
Releasing transactional SqlSession [org.apache.ibatis.session.defaults.DefaultSqlSession@53ce27fa]
Transaction synchronization committing SqlSession [org.apache.ibatis.session.defaults.DefaultSqlSession@53ce27fa]
Transaction synchronization deregistering SqlSession [org.apache.ibatis.session.defaults.DefaultSqlSession@53ce27fa]
Transaction synchronization closing SqlSession [org.apache.ibatis.session.defaults.DefaultSqlSession@53ce27fa]
Creating a new SqlSession
Registering transaction synchronization for SqlSession [org.apache.ibatis.session.defaults.DefaultSqlSession@6e4ac3f5]
JDBC Connection [HikariProxyConnection@395888457 wrapping com.mysql.cj.jdbc.ConnectionImpl@247d44b4] will be managed by Spring
==>  Preparing: INSERT INTO `tb_post` (content, author_id, publish_at, last_update) VALUES (?, ?, ?, ?)
==> Parameters: 工作不仅仅是为了赚钱，更是为了实现自己的价值。找到自己喜欢的工作，努力奋斗，让自己的人生更加有意义。(String), 43(Long), 2024-11-13T00:19:32.113805200(LocalDateTime), 2024-11-13T00:19:32.113805200(LocalDateTime)
<==    Updates: 1
Releasing transactional SqlSession [org.apache.ibatis.session.defaults.DefaultSqlSession@6e4ac3f5]
Transaction synchronization committing SqlSession [org.apache.ibatis.session.defaults.DefaultSqlSession@6e4ac3f5]
Transaction synchronization deregistering SqlSession [org.apache.ibatis.session.defaults.DefaultSqlSession@6e4ac3f5]
Transaction synchronization closing SqlSession [org.apache.ibatis.session.defaults.DefaultSqlSession@6e4ac3f5]
Creating a new SqlSession
Registering transaction synchronization for SqlSession [org.apache.ibatis.session.defaults.DefaultSqlSession@624268ab]
JDBC Connection [HikariProxyConnection@913086738 wrapping com.mysql.cj.jdbc.ConnectionImpl@247d44b4] will be managed by Spring
==>  Preparing: INSERT INTO `tb_post` (content, author_id, publish_at, last_update) VALUES (?, ?, ?, ?)
==> Parameters: 工作中的压力是不可避免的，但我们要学会正确地面对压力。通过合理的方式释放压力，让自己保持良好的状态。(String), 14(Long), 2024-11-13T00:19:32.119854200(LocalDateTime), 2024-11-13T00:19:32.119854200(LocalDateTime)
<==    Updates: 1
Releasing transactional SqlSession [org.apache.ibatis.session.defaults.DefaultSqlSession@624268ab]
Transaction synchronization committing SqlSession [org.apache.ibatis.session.defaults.DefaultSqlSession@624268ab]
Transaction synchronization deregistering SqlSession [org.apache.ibatis.session.defaults.DefaultSqlSession@624268ab]
Transaction synchronization closing SqlSession [org.apache.ibatis.session.defaults.DefaultSqlSession@624268ab]
Creating a new SqlSession
Registering transaction synchronization for SqlSession [org.apache.ibatis.session.defaults.DefaultSqlSession@2a3c3a04]
JDBC Connection [HikariProxyConnection@1177088902 wrapping com.mysql.cj.jdbc.ConnectionImpl@247d44b4] will be managed by Spring
==>  Preparing: INSERT INTO `tb_post` (content, author_id, publish_at, last_update) VALUES (?, ?, ?, ?)
==> Parameters: 不断学习是工作中保持竞争力的关键。只有不断地学习新知识，掌握新技能，才能在工作中脱颖而出。(String), 51(Long), 2024-11-13T00:19:32.127000200(LocalDateTime), 2024-11-13T00:19:32.127000200(LocalDateTime)
<==    Updates: 1
Releasing transactional SqlSession [org.apache.ibatis.session.defaults.DefaultSqlSession@2a3c3a04]
Transaction synchronization committing SqlSession [org.apache.ibatis.session.defaults.DefaultSqlSession@2a3c3a04]
Transaction synchronization deregistering SqlSession [org.apache.ibatis.session.defaults.DefaultSqlSession@2a3c3a04]
Transaction synchronization closing SqlSession [org.apache.ibatis.session.defaults.DefaultSqlSession@2a3c3a04]
Creating a new SqlSession
Registering transaction synchronization for SqlSession [org.apache.ibatis.session.defaults.DefaultSqlSession@5ff12345]
JDBC Connection [HikariProxyConnection@1962781165 wrapping com.mysql.cj.jdbc.ConnectionImpl@247d44b4] will be managed by Spring
==>  Preparing: INSERT INTO `tb_post` (content, author_id, publish_at, last_update) VALUES (?, ?, ?, ?)
==> Parameters: 工作中的细节决定成败。我们要注重细节，认真做好每一件事情，才能取得更好的成绩。(String), 89(Long), 2024-11-13T00:19:32.135716(LocalDateTime), 2024-11-13T00:19:32.135716(LocalDateTime)
<==    Updates: 1
Releasing transactional SqlSession [org.apache.ibatis.session.defaults.DefaultSqlSession@5ff12345]
Transaction synchronization committing SqlSession [org.apache.ibatis.session.defaults.DefaultSqlSession@5ff12345]
Transaction synchronization deregistering SqlSession [org.apache.ibatis.session.defaults.DefaultSqlSession@5ff12345]
Transaction synchronization closing SqlSession [org.apache.ibatis.session.defaults.DefaultSqlSession@5ff12345]
Creating a new SqlSession
Registering transaction synchronization for SqlSession [org.apache.ibatis.session.defaults.DefaultSqlSession@653a5a]
JDBC Connection [HikariProxyConnection@1294054661 wrapping com.mysql.cj.jdbc.ConnectionImpl@247d44b4] will be managed by Spring
==>  Preparing: INSERT INTO `tb_post` (content, author_id, publish_at, last_update) VALUES (?, ?, ?, ?)
==> Parameters: 工作是一种生活方式，我们要学会在工作中找到乐趣，让自己的工作更加充实和有意义。(String), 98(Long), 2024-11-13T00:19:32.148205300(LocalDateTime), 2024-11-13T00:19:32.148205300(LocalDateTime)
<==    Updates: 1
Releasing transactional SqlSession [org.apache.ibatis.session.defaults.DefaultSqlSession@653a5a]
Transaction synchronization committing SqlSession [org.apache.ibatis.session.defaults.DefaultSqlSession@653a5a]
Transaction synchronization deregistering SqlSession [org.apache.ibatis.session.defaults.DefaultSqlSession@653a5a]
Transaction synchronization closing SqlSession [org.apache.ibatis.session.defaults.DefaultSqlSession@653a5a]
Creating a new SqlSession
Registering transaction synchronization for SqlSession [org.apache.ibatis.session.defaults.DefaultSqlSession@62129f97]
JDBC Connection [HikariProxyConnection@273964290 wrapping com.mysql.cj.jdbc.ConnectionImpl@247d44b4] will be managed by Spring
==>  Preparing: INSERT INTO `tb_post` (content, author_id, publish_at, last_update) VALUES (?, ?, ?, ?)
==> Parameters: 工作中的挫折是成长的必经之路。不要害怕挫折，勇敢地面对它，从失败中吸取教训，你会变得更加坚强。(String), 83(Long), 2024-11-13T00:19:32.161868900(LocalDateTime), 2024-11-13T00:19:32.161868900(LocalDateTime)
<==    Updates: 1
Releasing transactional SqlSession [org.apache.ibatis.session.defaults.DefaultSqlSession@62129f97]
Transaction synchronization committing SqlSession [org.apache.ibatis.session.defaults.DefaultSqlSession@62129f97]
Transaction synchronization deregistering SqlSession [org.apache.ibatis.session.defaults.DefaultSqlSession@62129f97]
Transaction synchronization closing SqlSession [org.apache.ibatis.session.defaults.DefaultSqlSession@62129f97]
Creating a new SqlSession
Registering transaction synchronization for SqlSession [org.apache.ibatis.session.defaults.DefaultSqlSession@7154a248]
JDBC Connection [HikariProxyConnection@624130540 wrapping com.mysql.cj.jdbc.ConnectionImpl@247d44b4] will be managed by Spring
==>  Preparing: INSERT INTO `tb_post` (content, author_id, publish_at, last_update) VALUES (?, ?, ?, ?)
==> Parameters: 工作让我们更加成熟和自信。在工作中，我们不断地挑战自己，克服困难，这也让我们变得更加成熟和自信。(String), 17(Long), 2024-11-13T00:19:32.173861600(LocalDateTime), 2024-11-13T00:19:32.173861600(LocalDateTime)
<==    Updates: 1
Releasing transactional SqlSession [org.apache.ibatis.session.defaults.DefaultSqlSession@7154a248]
Transaction synchronization committing SqlSession [org.apache.ibatis.session.defaults.DefaultSqlSession@7154a248]
Transaction synchronization deregistering SqlSession [org.apache.ibatis.session.defaults.DefaultSqlSession@7154a248]
Transaction synchronization closing SqlSession [org.apache.ibatis.session.defaults.DefaultSqlSession@7154a248]
Creating a new SqlSession
Registering transaction synchronization for SqlSession [org.apache.ibatis.session.defaults.DefaultSqlSession@367653cc]
JDBC Connection [HikariProxyConnection@1281995670 wrapping com.mysql.cj.jdbc.ConnectionImpl@247d44b4] will be managed by Spring
==>  Preparing: INSERT INTO `tb_post` (content, author_id, publish_at, last_update) VALUES (?, ?, ?, ?)
==> Parameters: 电影是一种艺术，它可以让我们感受到不同的人生和情感。今天看了一部非常精彩的电影，让我深受感动。(String), 83(Long), 2024-11-13T00:19:32.183587600(LocalDateTime), 2024-11-13T00:19:32.183587600(LocalDateTime)
<==    Updates: 1
Releasing transactional SqlSession [org.apache.ibatis.session.defaults.DefaultSqlSession@367653cc]
Transaction synchronization committing SqlSession [org.apache.ibatis.session.defaults.DefaultSqlSession@367653cc]
Transaction synchronization deregistering SqlSession [org.apache.ibatis.session.defaults.DefaultSqlSession@367653cc]
Transaction synchronization closing SqlSession [org.apache.ibatis.session.defaults.DefaultSqlSession@367653cc]
Creating a new SqlSession
Registering transaction synchronization for SqlSession [org.apache.ibatis.session.defaults.DefaultSqlSession@60c33609]
JDBC Connection [HikariProxyConnection@586261312 wrapping com.mysql.cj.jdbc.ConnectionImpl@247d44b4] will be managed by Spring
==>  Preparing: INSERT INTO `tb_post` (content, author_id, publish_at, last_update) VALUES (?, ?, ?, ?)
==> Parameters: 音乐是生活中最美的旋律。一首好听的歌曲可以让人心情愉悦，忘记一切烦恼。(String), 95(Long), 2024-11-13T00:19:32.193583400(LocalDateTime), 2024-11-13T00:19:32.193583400(LocalDateTime)
<==    Updates: 1
Releasing transactional SqlSession [org.apache.ibatis.session.defaults.DefaultSqlSession@60c33609]
Transaction synchronization committing SqlSession [org.apache.ibatis.session.defaults.DefaultSqlSession@60c33609]
Transaction synchronization deregistering SqlSession [org.apache.ibatis.session.defaults.DefaultSqlSession@60c33609]
Transaction synchronization closing SqlSession [org.apache.ibatis.session.defaults.DefaultSqlSession@60c33609]
Creating a new SqlSession
Registering transaction synchronization for SqlSession [org.apache.ibatis.session.defaults.DefaultSqlSession@25291901]
JDBC Connection [HikariProxyConnection@1880725225 wrapping com.mysql.cj.jdbc.ConnectionImpl@247d44b4] will be managed by Spring
==>  Preparing: INSERT INTO `tb_post` (content, author_id, publish_at, last_update) VALUES (?, ?, ?, ?)
==> Parameters: 游戏是一种放松的方式。在忙碌的生活中，玩一会儿游戏，可以让我们放松心情，缓解压力。(String), 90(Long), 2024-11-13T00:19:32.193583400(LocalDateTime), 2024-11-13T00:19:32.193583400(LocalDateTime)
<==    Updates: 1
Releasing transactional SqlSession [org.apache.ibatis.session.defaults.DefaultSqlSession@25291901]
Transaction synchronization committing SqlSession [org.apache.ibatis.session.defaults.DefaultSqlSession@25291901]
Transaction synchronization deregistering SqlSession [org.apache.ibatis.session.defaults.DefaultSqlSession@25291901]
Transaction synchronization closing SqlSession [org.apache.ibatis.session.defaults.DefaultSqlSession@25291901]
Creating a new SqlSession
Registering transaction synchronization for SqlSession [org.apache.ibatis.session.defaults.DefaultSqlSession@2e0de20d]
JDBC Connection [HikariProxyConnection@461371 wrapping com.mysql.cj.jdbc.ConnectionImpl@247d44b4] will be managed by Spring
==>  Preparing: INSERT INTO `tb_post` (content, author_id, publish_at, last_update) VALUES (?, ?, ?, ?)
==> Parameters: 旅游是一种享受，也是一种成长。每一次的旅游都让我们收获满满，看到了不同的风景，体验了不同的文化。(String), 5(Long), 2024-11-13T00:19:32.214671500(LocalDateTime), 2024-11-13T00:19:32.214671500(LocalDateTime)
<==    Updates: 1
Releasing transactional SqlSession [org.apache.ibatis.session.defaults.DefaultSqlSession@2e0de20d]
Transaction synchronization committing SqlSession [org.apache.ibatis.session.defaults.DefaultSqlSession@2e0de20d]
Transaction synchronization deregistering SqlSession [org.apache.ibatis.session.defaults.DefaultSqlSession@2e0de20d]
Transaction synchronization closing SqlSession [org.apache.ibatis.session.defaults.DefaultSqlSession@2e0de20d]
Creating a new SqlSession
Registering transaction synchronization for SqlSession [org.apache.ibatis.session.defaults.DefaultSqlSession@37289e90]
JDBC Connection [HikariProxyConnection@1078426962 wrapping com.mysql.cj.jdbc.ConnectionImpl@247d44b4] will be managed by Spring
==>  Preparing: INSERT INTO `tb_post` (content, author_id, publish_at, last_update) VALUES (?, ?, ?, ?)
==> Parameters: 运动是一种健康的生活方式。它可以让我们保持良好的身体状态，提高身体的免疫力。(String), 87(Long), 2024-11-13T00:19:32.225672300(LocalDateTime), 2024-11-13T00:19:32.225672300(LocalDateTime)
<==    Updates: 1
Releasing transactional SqlSession [org.apache.ibatis.session.defaults.DefaultSqlSession@37289e90]
Transaction synchronization committing SqlSession [org.apache.ibatis.session.defaults.DefaultSqlSession@37289e90]
Transaction synchronization deregistering SqlSession [org.apache.ibatis.session.defaults.DefaultSqlSession@37289e90]
Transaction synchronization closing SqlSession [org.apache.ibatis.session.defaults.DefaultSqlSession@37289e90]
Creating a new SqlSession
Registering transaction synchronization for SqlSession [org.apache.ibatis.session.defaults.DefaultSqlSession@66297b63]
JDBC Connection [HikariProxyConnection@1751013735 wrapping com.mysql.cj.jdbc.ConnectionImpl@247d44b4] will be managed by Spring
==>  Preparing: INSERT INTO `tb_post` (content, author_id, publish_at, last_update) VALUES (?, ?, ?, ?)
==> Parameters: 阅读是一种充实自己的方式。一本好书可以让我们受益匪浅，开阔我们的视野，丰富我们的知识。(String), 84(Long), 2024-11-13T00:19:32.235591700(LocalDateTime), 2024-11-13T00:19:32.235591700(LocalDateTime)
<==    Updates: 1
Releasing transactional SqlSession [org.apache.ibatis.session.defaults.DefaultSqlSession@66297b63]
Transaction synchronization committing SqlSession [org.apache.ibatis.session.defaults.DefaultSqlSession@66297b63]
Transaction synchronization deregistering SqlSession [org.apache.ibatis.session.defaults.DefaultSqlSession@66297b63]
Transaction synchronization closing SqlSession [org.apache.ibatis.session.defaults.DefaultSqlSession@66297b63]
Creating a new SqlSession
Registering transaction synchronization for SqlSession [org.apache.ibatis.session.defaults.DefaultSqlSession@599fab92]
JDBC Connection [HikariProxyConnection@1338109669 wrapping com.mysql.cj.jdbc.ConnectionImpl@247d44b4] will be managed by Spring
==>  Preparing: INSERT INTO `tb_post` (content, author_id, publish_at, last_update) VALUES (?, ?, ?, ?)
==> Parameters: 美食是一种享受，也是一种文化。品尝不同的美食，可以让我们了解不同的文化，感受不同的风情。(String), 35(Long), 2024-11-13T00:19:32.245887900(LocalDateTime), 2024-11-13T00:19:32.245887900(LocalDateTime)
<==    Updates: 1
Releasing transactional SqlSession [org.apache.ibatis.session.defaults.DefaultSqlSession@599fab92]
Transaction synchronization committing SqlSession [org.apache.ibatis.session.defaults.DefaultSqlSession@599fab92]
Transaction synchronization deregistering SqlSession [org.apache.ibatis.session.defaults.DefaultSqlSession@599fab92]
Transaction synchronization closing SqlSession [org.apache.ibatis.session.defaults.DefaultSqlSession@599fab92]
Creating a new SqlSession
Registering transaction synchronization for SqlSession [org.apache.ibatis.session.defaults.DefaultSqlSession@7715d43c]
JDBC Connection [HikariProxyConnection@382354738 wrapping com.mysql.cj.jdbc.ConnectionImpl@247d44b4] will be managed by Spring
==>  Preparing: INSERT INTO `tb_post` (content, author_id, publish_at, last_update) VALUES (?, ?, ?, ?)
==> Parameters: 摄影是一种记录生活的方式。用相机记录下美好的瞬间，让我们的生活更加丰富多彩。(String), 56(Long), 2024-11-13T00:19:32.245887900(LocalDateTime), 2024-11-13T00:19:32.245887900(LocalDateTime)
<==    Updates: 1
Releasing transactional SqlSession [org.apache.ibatis.session.defaults.DefaultSqlSession@7715d43c]
Transaction synchronization committing SqlSession [org.apache.ibatis.session.defaults.DefaultSqlSession@7715d43c]
Transaction synchronization deregistering SqlSession [org.apache.ibatis.session.defaults.DefaultSqlSession@7715d43c]
Transaction synchronization closing SqlSession [org.apache.ibatis.session.defaults.DefaultSqlSession@7715d43c]
Creating a new SqlSession
Registering transaction synchronization for SqlSession [org.apache.ibatis.session.defaults.DefaultSqlSession@5f3bc119]
JDBC Connection [HikariProxyConnection@1985832925 wrapping com.mysql.cj.jdbc.ConnectionImpl@247d44b4] will be managed by Spring
==>  Preparing: INSERT INTO `tb_post` (content, author_id, publish_at, last_update) VALUES (?, ?, ?, ?)
==> Parameters: 绘画是一种表达情感的方式。用画笔描绘出自己的内心世界，让我们的情感得到释放。(String), 57(Long), 2024-11-13T00:19:32.268053100(LocalDateTime), 2024-11-13T00:19:32.268053100(LocalDateTime)
<==    Updates: 1
Releasing transactional SqlSession [org.apache.ibatis.session.defaults.DefaultSqlSession@5f3bc119]
Transaction synchronization committing SqlSession [org.apache.ibatis.session.defaults.DefaultSqlSession@5f3bc119]
Transaction synchronization deregistering SqlSession [org.apache.ibatis.session.defaults.DefaultSqlSession@5f3bc119]
Transaction synchronization closing SqlSession [org.apache.ibatis.session.defaults.DefaultSqlSession@5f3bc119]
Creating a new SqlSession
Registering transaction synchronization for SqlSession [org.apache.ibatis.session.defaults.DefaultSqlSession@535adf36]
JDBC Connection [HikariProxyConnection@634320051 wrapping com.mysql.cj.jdbc.ConnectionImpl@247d44b4] will be managed by Spring
==>  Preparing: INSERT INTO `tb_post` (content, author_id, publish_at, last_update) VALUES (?, ?, ?, ?)
==> Parameters: 娱乐休闲是生活中不可或缺的一部分。让我们在忙碌的生活中，找到属于自己的娱乐方式，放松心情，享受生活的美好。(String), 84(Long), 2024-11-13T00:19:32.278664800(LocalDateTime), 2024-11-13T00:19:32.278664800(LocalDateTime)
<==    Updates: 1
Releasing transactional SqlSession [org.apache.ibatis.session.defaults.DefaultSqlSession@535adf36]
Transaction synchronization committing SqlSession [org.apache.ibatis.session.defaults.DefaultSqlSession@535adf36]
Transaction synchronization deregistering SqlSession [org.apache.ibatis.session.defaults.DefaultSqlSession@535adf36]
Transaction synchronization closing SqlSession [org.apache.ibatis.session.defaults.DefaultSqlSession@535adf36]
Creating a new SqlSession
Registering transaction synchronization for SqlSession [org.apache.ibatis.session.defaults.DefaultSqlSession@345d4ecb]
JDBC Connection [HikariProxyConnection@2046308292 wrapping com.mysql.cj.jdbc.ConnectionImpl@247d44b4] will be managed by Spring
==>  Preparing: INSERT INTO `tb_post` (content, author_id, publish_at, last_update) VALUES (?, ?, ?, ?)
==> Parameters: 世界那么大，我想去看看！即将踏上新的旅程，心中充满了期待。不知道这次会遇见怎样的风景和故事呢？(String), 64(Long), 2024-11-13T00:19:32.285669800(LocalDateTime), 2024-11-13T00:19:32.285669800(LocalDateTime)
<==    Updates: 1
Releasing transactional SqlSession [org.apache.ibatis.session.defaults.DefaultSqlSession@345d4ecb]
Transaction synchronization committing SqlSession [org.apache.ibatis.session.defaults.DefaultSqlSession@345d4ecb]
Transaction synchronization deregistering SqlSession [org.apache.ibatis.session.defaults.DefaultSqlSession@345d4ecb]
Transaction synchronization closing SqlSession [org.apache.ibatis.session.defaults.DefaultSqlSession@345d4ecb]
Creating a new SqlSession
Registering transaction synchronization for SqlSession [org.apache.ibatis.session.defaults.DefaultSqlSession@4fe4b8b6]
JDBC Connection [HikariProxyConnection@1336131262 wrapping com.mysql.cj.jdbc.ConnectionImpl@247d44b4] will be managed by Spring
==>  Preparing: INSERT INTO `tb_post` (content, author_id, publish_at, last_update) VALUES (?, ?, ?, ?)
==> Parameters: 收拾行囊，准备出发！每一次的旅行都是一次心灵的冒险，期待着在陌生的地方发现不一样的自己。(String), 91(Long), 2024-11-13T00:19:32.290663900(LocalDateTime), 2024-11-13T00:19:32.290663900(LocalDateTime)
<==    Updates: 1
Releasing transactional SqlSession [org.apache.ibatis.session.defaults.DefaultSqlSession@4fe4b8b6]
Transaction synchronization committing SqlSession [org.apache.ibatis.session.defaults.DefaultSqlSession@4fe4b8b6]
Transaction synchronization deregistering SqlSession [org.apache.ibatis.session.defaults.DefaultSqlSession@4fe4b8b6]
Transaction synchronization closing SqlSession [org.apache.ibatis.session.defaults.DefaultSqlSession@4fe4b8b6]
Creating a new SqlSession
Registering transaction synchronization for SqlSession [org.apache.ibatis.session.defaults.DefaultSqlSession@4c90fc3b]
JDBC Connection [HikariProxyConnection@98545784 wrapping com.mysql.cj.jdbc.ConnectionImpl@247d44b4] will be managed by Spring
==>  Preparing: INSERT INTO `tb_post` (content, author_id, publish_at, last_update) VALUES (?, ?, ?, ?)
==> Parameters: 旅游攻略已做好，就等出发的那一刻了。期待着这场说走就走的旅行，让我邂逅最美的风景。(String), 8(Long), 2024-11-13T00:19:32.293614(LocalDateTime), 2024-11-13T00:19:32.293614(LocalDateTime)
<==    Updates: 1
Releasing transactional SqlSession [org.apache.ibatis.session.defaults.DefaultSqlSession@4c90fc3b]
Transaction synchronization committing SqlSession [org.apache.ibatis.session.defaults.DefaultSqlSession@4c90fc3b]
Transaction synchronization deregistering SqlSession [org.apache.ibatis.session.defaults.DefaultSqlSession@4c90fc3b]
Transaction synchronization closing SqlSession [org.apache.ibatis.session.defaults.DefaultSqlSession@4c90fc3b]
Creating a new SqlSession
Registering transaction synchronization for SqlSession [org.apache.ibatis.session.defaults.DefaultSqlSession@5fdcc63f]
JDBC Connection [HikariProxyConnection@74695825 wrapping com.mysql.cj.jdbc.ConnectionImpl@247d44b4] will be managed by Spring
==>  Preparing: INSERT INTO `tb_post` (content, author_id, publish_at, last_update) VALUES (?, ?, ?, ?)
==> Parameters: 订好了机票，心情格外激动。即将飞向远方，去探索未知的世界，感受不一样的风土人情。(String), 4(Long), 2024-11-13T00:19:32.293614(LocalDateTime), 2024-11-13T00:19:32.293614(LocalDateTime)
<==    Updates: 1
Releasing transactional SqlSession [org.apache.ibatis.session.defaults.DefaultSqlSession@5fdcc63f]
Transaction synchronization committing SqlSession [org.apache.ibatis.session.defaults.DefaultSqlSession@5fdcc63f]
Transaction synchronization deregistering SqlSession [org.apache.ibatis.session.defaults.DefaultSqlSession@5fdcc63f]
Transaction synchronization closing SqlSession [org.apache.ibatis.session.defaults.DefaultSqlSession@5fdcc63f]
Creating a new SqlSession
Registering transaction synchronization for SqlSession [org.apache.ibatis.session.defaults.DefaultSqlSession@671c71e8]
JDBC Connection [HikariProxyConnection@836211136 wrapping com.mysql.cj.jdbc.ConnectionImpl@247d44b4] will be managed by Spring
==>  Preparing: INSERT INTO `tb_post` (content, author_id, publish_at, last_update) VALUES (?, ?, ?, ?)
==> Parameters: 对即将到来的旅行充满了幻想，想象着自己在美丽的风景中漫步，享受着大自然的恩赐。(String), 45(Long), 2024-11-13T00:19:32.310696400(LocalDateTime), 2024-11-13T00:19:32.310696400(LocalDateTime)
<==    Updates: 1
Releasing transactional SqlSession [org.apache.ibatis.session.defaults.DefaultSqlSession@671c71e8]
Transaction synchronization committing SqlSession [org.apache.ibatis.session.defaults.DefaultSqlSession@671c71e8]
Transaction synchronization deregistering SqlSession [org.apache.ibatis.session.defaults.DefaultSqlSession@671c71e8]
Transaction synchronization closing SqlSession [org.apache.ibatis.session.defaults.DefaultSqlSession@671c71e8]
Creating a new SqlSession
Registering transaction synchronization for SqlSession [org.apache.ibatis.session.defaults.DefaultSqlSession@103a1ad3]
JDBC Connection [HikariProxyConnection@454621817 wrapping com.mysql.cj.jdbc.ConnectionImpl@247d44b4] will be managed by Spring
==>  Preparing: INSERT INTO `tb_post` (content, author_id, publish_at, last_update) VALUES (?, ?, ?, ?)
==> Parameters: 出发前的夜晚总是格外兴奋，躺在床上辗转反侧，脑海中不断浮现出旅途中的美好画面。(String), 21(Long), 2024-11-13T00:19:32.316698800(LocalDateTime), 2024-11-13T00:19:32.316698800(LocalDateTime)
<==    Updates: 1
Releasing transactional SqlSession [org.apache.ibatis.session.defaults.DefaultSqlSession@103a1ad3]
Transaction synchronization committing SqlSession [org.apache.ibatis.session.defaults.DefaultSqlSession@103a1ad3]
Transaction synchronization deregistering SqlSession [org.apache.ibatis.session.defaults.DefaultSqlSession@103a1ad3]
Transaction synchronization closing SqlSession [org.apache.ibatis.session.defaults.DefaultSqlSession@103a1ad3]
Creating a new SqlSession
Registering transaction synchronization for SqlSession [org.apache.ibatis.session.defaults.DefaultSqlSession@f9919a2]
JDBC Connection [HikariProxyConnection@1422989013 wrapping com.mysql.cj.jdbc.ConnectionImpl@247d44b4] will be managed by Spring
==>  Preparing: INSERT INTO `tb_post` (content, author_id, publish_at, last_update) VALUES (?, ?, ?, ?)
==> Parameters: 准备好了相机，期待着用镜头记录下旅途中的每一个精彩瞬间，留下美好的回忆。(String), 4(Long), 2024-11-13T00:19:32.343613800(LocalDateTime), 2024-11-13T00:19:32.343613800(LocalDateTime)
<==    Updates: 1
Releasing transactional SqlSession [org.apache.ibatis.session.defaults.DefaultSqlSession@f9919a2]
Transaction synchronization committing SqlSession [org.apache.ibatis.session.defaults.DefaultSqlSession@f9919a2]
Transaction synchronization deregistering SqlSession [org.apache.ibatis.session.defaults.DefaultSqlSession@f9919a2]
Transaction synchronization closing SqlSession [org.apache.ibatis.session.defaults.DefaultSqlSession@f9919a2]
Creating a new SqlSession
Registering transaction synchronization for SqlSession [org.apache.ibatis.session.defaults.DefaultSqlSession@13e6ab86]
JDBC Connection [HikariProxyConnection@25921783 wrapping com.mysql.cj.jdbc.ConnectionImpl@247d44b4] will be managed by Spring
==>  Preparing: INSERT INTO `tb_post` (content, author_id, publish_at, last_update) VALUES (?, ?, ?, ?)
==> Parameters: 旅游是一场心灵的洗礼，我迫不及待地想要出发，去寻找那份宁静与美好。(String), 35(Long), 2024-11-13T00:19:32.343613800(LocalDateTime), 2024-11-13T00:19:32.343613800(LocalDateTime)
<==    Updates: 1
Releasing transactional SqlSession [org.apache.ibatis.session.defaults.DefaultSqlSession@13e6ab86]
Transaction synchronization committing SqlSession [org.apache.ibatis.session.defaults.DefaultSqlSession@13e6ab86]
Transaction synchronization deregistering SqlSession [org.apache.ibatis.session.defaults.DefaultSqlSession@13e6ab86]
Transaction synchronization closing SqlSession [org.apache.ibatis.session.defaults.DefaultSqlSession@13e6ab86]
Creating a new SqlSession
Registering transaction synchronization for SqlSession [org.apache.ibatis.session.defaults.DefaultSqlSession@10efb806]
JDBC Connection [HikariProxyConnection@712147062 wrapping com.mysql.cj.jdbc.ConnectionImpl@247d44b4] will be managed by Spring
==>  Preparing: INSERT INTO `tb_post` (content, author_id, publish_at, last_update) VALUES (?, ?, ?, ?)
==> Parameters: 即将踏上旅程，心情如同放飞的鸟儿一般自由。期待着在旅途中遇见更好的自己。(String), 55(Long), 2024-11-13T00:19:32.360340800(LocalDateTime), 2024-11-13T00:19:32.360340800(LocalDateTime)
<==    Updates: 1
Releasing transactional SqlSession [org.apache.ibatis.session.defaults.DefaultSqlSession@10efb806]
Transaction synchronization committing SqlSession [org.apache.ibatis.session.defaults.DefaultSqlSession@10efb806]
Transaction synchronization deregistering SqlSession [org.apache.ibatis.session.defaults.DefaultSqlSession@10efb806]
Transaction synchronization closing SqlSession [org.apache.ibatis.session.defaults.DefaultSqlSession@10efb806]
Creating a new SqlSession
Registering transaction synchronization for SqlSession [org.apache.ibatis.session.defaults.DefaultSqlSession@580a5b6e]
JDBC Connection [HikariProxyConnection@351360092 wrapping com.mysql.cj.jdbc.ConnectionImpl@247d44b4] will be managed by Spring
==>  Preparing: INSERT INTO `tb_post` (content, author_id, publish_at, last_update) VALUES (?, ?, ?, ?)
==> Parameters: 每一次的旅行都是一次成长，我期待着这次的旅程能让我收获更多的人生感悟。(String), 7(Long), 2024-11-13T00:19:32.369482500(LocalDateTime), 2024-11-13T00:19:32.369482500(LocalDateTime)
<==    Updates: 1
Releasing transactional SqlSession [org.apache.ibatis.session.defaults.DefaultSqlSession@580a5b6e]
Transaction synchronization committing SqlSession [org.apache.ibatis.session.defaults.DefaultSqlSession@580a5b6e]
Transaction synchronization deregistering SqlSession [org.apache.ibatis.session.defaults.DefaultSqlSession@580a5b6e]
Transaction synchronization closing SqlSession [org.apache.ibatis.session.defaults.DefaultSqlSession@580a5b6e]
Creating a new SqlSession
Registering transaction synchronization for SqlSession [org.apache.ibatis.session.defaults.DefaultSqlSession@5a106b26]
JDBC Connection [HikariProxyConnection@384608650 wrapping com.mysql.cj.jdbc.ConnectionImpl@247d44b4] will be managed by Spring
==>  Preparing: INSERT INTO `tb_post` (content, author_id, publish_at, last_update) VALUES (?, ?, ?, ?)
==> Parameters: 站在山顶，俯瞰着脚下的美景，心中充满了震撼。大自然的鬼斧神工真是让人叹为观止！(String), 42(Long), 2024-11-13T00:19:32.378800(LocalDateTime), 2024-11-13T00:19:32.378800(LocalDateTime)
<==    Updates: 1
Releasing transactional SqlSession [org.apache.ibatis.session.defaults.DefaultSqlSession@5a106b26]
Transaction synchronization committing SqlSession [org.apache.ibatis.session.defaults.DefaultSqlSession@5a106b26]
Transaction synchronization deregistering SqlSession [org.apache.ibatis.session.defaults.DefaultSqlSession@5a106b26]
Transaction synchronization closing SqlSession [org.apache.ibatis.session.defaults.DefaultSqlSession@5a106b26]
Creating a new SqlSession
Registering transaction synchronization for SqlSession [org.apache.ibatis.session.defaults.DefaultSqlSession@60c68c7b]
JDBC Connection [HikariProxyConnection@2054792662 wrapping com.mysql.cj.jdbc.ConnectionImpl@247d44b4] will be managed by Spring
==>  Preparing: INSERT INTO `tb_post` (content, author_id, publish_at, last_update) VALUES (?, ?, ?, ?)
==> Parameters: 海边的日出真美！金色的阳光洒在海面上，波光粼粼，让人陶醉其中。(String), 20(Long), 2024-11-13T00:19:32.386805900(LocalDateTime), 2024-11-13T00:19:32.386805900(LocalDateTime)
<==    Updates: 1
Releasing transactional SqlSession [org.apache.ibatis.session.defaults.DefaultSqlSession@60c68c7b]
Transaction synchronization committing SqlSession [org.apache.ibatis.session.defaults.DefaultSqlSession@60c68c7b]
Transaction synchronization deregistering SqlSession [org.apache.ibatis.session.defaults.DefaultSqlSession@60c68c7b]
Transaction synchronization closing SqlSession [org.apache.ibatis.session.defaults.DefaultSqlSession@60c68c7b]
Creating a new SqlSession
Registering transaction synchronization for SqlSession [org.apache.ibatis.session.defaults.DefaultSqlSession@23cfc9eb]
JDBC Connection [HikariProxyConnection@738086393 wrapping com.mysql.cj.jdbc.ConnectionImpl@247d44b4] will be managed by Spring
==>  Preparing: INSERT INTO `tb_post` (content, author_id, publish_at, last_update) VALUES (?, ?, ?, ?)
==> Parameters: 漫步在古老的小镇上，感受着历史的韵味。那些古老的建筑和街道，仿佛在诉说着过去的故事。(String), 66(Long), 2024-11-13T00:19:32.393634400(LocalDateTime), 2024-11-13T00:19:32.393634400(LocalDateTime)
<==    Updates: 1
Releasing transactional SqlSession [org.apache.ibatis.session.defaults.DefaultSqlSession@23cfc9eb]
Transaction synchronization committing SqlSession [org.apache.ibatis.session.defaults.DefaultSqlSession@23cfc9eb]
Transaction synchronization deregistering SqlSession [org.apache.ibatis.session.defaults.DefaultSqlSession@23cfc9eb]
Transaction synchronization closing SqlSession [org.apache.ibatis.session.defaults.DefaultSqlSession@23cfc9eb]
Creating a new SqlSession
Registering transaction synchronization for SqlSession [org.apache.ibatis.session.defaults.DefaultSqlSession@7aa62a90]
JDBC Connection [HikariProxyConnection@1606691224 wrapping com.mysql.cj.jdbc.ConnectionImpl@247d44b4] will be managed by Spring
==>  Preparing: INSERT INTO `tb_post` (content, author_id, publish_at, last_update) VALUES (?, ?, ?, ?)
==> Parameters: 森林里的空气格外清新，鸟儿在枝头欢快地歌唱。置身其中，仿佛进入了一个童话世界。(String), 51(Long), 2024-11-13T00:19:32.422598900(LocalDateTime), 2024-11-13T00:19:32.422598900(LocalDateTime)
<==    Updates: 1
Releasing transactional SqlSession [org.apache.ibatis.session.defaults.DefaultSqlSession@7aa62a90]
Transaction synchronization committing SqlSession [org.apache.ibatis.session.defaults.DefaultSqlSession@7aa62a90]
Transaction synchronization deregistering SqlSession [org.apache.ibatis.session.defaults.DefaultSqlSession@7aa62a90]
Transaction synchronization closing SqlSession [org.apache.ibatis.session.defaults.DefaultSqlSession@7aa62a90]
Creating a new SqlSession
Registering transaction synchronization for SqlSession [org.apache.ibatis.session.defaults.DefaultSqlSession@f4aec23]
JDBC Connection [HikariProxyConnection@1988148908 wrapping com.mysql.cj.jdbc.ConnectionImpl@247d44b4] will be managed by Spring
==>  Preparing: INSERT INTO `tb_post` (content, author_id, publish_at, last_update) VALUES (?, ?, ?, ?)
==> Parameters: 草原上的骏马奔腾，风吹草低见牛羊。这样的美景让人心情格外舒畅。(String), 79(Long), 2024-11-13T00:19:32.432440100(LocalDateTime), 2024-11-13T00:19:32.432440100(LocalDateTime)
<==    Updates: 1
Releasing transactional SqlSession [org.apache.ibatis.session.defaults.DefaultSqlSession@f4aec23]
Transaction synchronization committing SqlSession [org.apache.ibatis.session.defaults.DefaultSqlSession@f4aec23]
Transaction synchronization deregistering SqlSession [org.apache.ibatis.session.defaults.DefaultSqlSession@f4aec23]
Transaction synchronization closing SqlSession [org.apache.ibatis.session.defaults.DefaultSqlSession@f4aec23]
Creating a new SqlSession
Registering transaction synchronization for SqlSession [org.apache.ibatis.session.defaults.DefaultSqlSession@3d6c7152]
JDBC Connection [HikariProxyConnection@597118124 wrapping com.mysql.cj.jdbc.ConnectionImpl@247d44b4] will be managed by Spring
==>  Preparing: INSERT INTO `tb_post` (content, author_id, publish_at, last_update) VALUES (?, ?, ?, ?)
==> Parameters: 雪山之巅，白雪皑皑，云雾缭绕。站在这里，仿佛置身于仙境之中。(String), 2(Long), 2024-11-13T00:19:32.445610400(LocalDateTime), 2024-11-13T00:19:32.445610400(LocalDateTime)
<==    Updates: 1
Releasing transactional SqlSession [org.apache.ibatis.session.defaults.DefaultSqlSession@3d6c7152]
Transaction synchronization committing SqlSession [org.apache.ibatis.session.defaults.DefaultSqlSession@3d6c7152]
Transaction synchronization deregistering SqlSession [org.apache.ibatis.session.defaults.DefaultSqlSession@3d6c7152]
Transaction synchronization closing SqlSession [org.apache.ibatis.session.defaults.DefaultSqlSession@3d6c7152]
Creating a new SqlSession
Registering transaction synchronization for SqlSession [org.apache.ibatis.session.defaults.DefaultSqlSession@4e773b8a]
JDBC Connection [HikariProxyConnection@1475028309 wrapping com.mysql.cj.jdbc.ConnectionImpl@247d44b4] will be managed by Spring
==>  Preparing: INSERT INTO `tb_post` (content, author_id, publish_at, last_update) VALUES (?, ?, ?, ?)
==> Parameters: 湖泊如镜，倒映着蓝天白云。微风拂过，水面泛起层层涟漪，美不胜收。(String), 98(Long), 2024-11-13T00:19:32.445610400(LocalDateTime), 2024-11-13T00:19:32.445610400(LocalDateTime)
<==    Updates: 1
Releasing transactional SqlSession [org.apache.ibatis.session.defaults.DefaultSqlSession@4e773b8a]
Transaction synchronization committing SqlSession [org.apache.ibatis.session.defaults.DefaultSqlSession@4e773b8a]
Transaction synchronization deregistering SqlSession [org.apache.ibatis.session.defaults.DefaultSqlSession@4e773b8a]
Transaction synchronization closing SqlSession [org.apache.ibatis.session.defaults.DefaultSqlSession@4e773b8a]
Creating a new SqlSession
Registering transaction synchronization for SqlSession [org.apache.ibatis.session.defaults.DefaultSqlSession@e9947af]
JDBC Connection [HikariProxyConnection@815017812 wrapping com.mysql.cj.jdbc.ConnectionImpl@247d44b4] will be managed by Spring
==>  Preparing: INSERT INTO `tb_post` (content, author_id, publish_at, last_update) VALUES (?, ?, ?, ?)
==> Parameters: 古老的寺庙庄严肃穆，香火缭绕。在这里，心灵得到了宁静与慰藉。(String), 92(Long), 2024-11-13T00:19:32.465836700(LocalDateTime), 2024-11-13T00:19:32.465836700(LocalDateTime)
<==    Updates: 1
Releasing transactional SqlSession [org.apache.ibatis.session.defaults.DefaultSqlSession@e9947af]
Transaction synchronization committing SqlSession [org.apache.ibatis.session.defaults.DefaultSqlSession@e9947af]
Transaction synchronization deregistering SqlSession [org.apache.ibatis.session.defaults.DefaultSqlSession@e9947af]
Transaction synchronization closing SqlSession [org.apache.ibatis.session.defaults.DefaultSqlSession@e9947af]
Creating a new SqlSession
Registering transaction synchronization for SqlSession [org.apache.ibatis.session.defaults.DefaultSqlSession@65067d37]
JDBC Connection [HikariProxyConnection@1328154889 wrapping com.mysql.cj.jdbc.ConnectionImpl@247d44b4] will be managed by Spring
==>  Preparing: INSERT INTO `tb_post` (content, author_id, publish_at, last_update) VALUES (?, ?, ?, ?)
==> Parameters: 花海中，五彩斑斓的花朵竞相绽放。漫步其中，仿佛置身于一个美丽的梦境。(String), 6(Long), 2024-11-13T00:19:32.475173400(LocalDateTime), 2024-11-13T00:19:32.475173400(LocalDateTime)
<==    Updates: 1
Releasing transactional SqlSession [org.apache.ibatis.session.defaults.DefaultSqlSession@65067d37]
Transaction synchronization committing SqlSession [org.apache.ibatis.session.defaults.DefaultSqlSession@65067d37]
Transaction synchronization deregistering SqlSession [org.apache.ibatis.session.defaults.DefaultSqlSession@65067d37]
Transaction synchronization closing SqlSession [org.apache.ibatis.session.defaults.DefaultSqlSession@65067d37]
Creating a new SqlSession
Registering transaction synchronization for SqlSession [org.apache.ibatis.session.defaults.DefaultSqlSession@5e6ad84c]
JDBC Connection [HikariProxyConnection@1452158309 wrapping com.mysql.cj.jdbc.ConnectionImpl@247d44b4] will be managed by Spring
==>  Preparing: INSERT INTO `tb_post` (content, author_id, publish_at, last_update) VALUES (?, ?, ?, ?)
==> Parameters: 瀑布从悬崖上倾泻而下，水花四溅。这样的壮观景象让人感受到了大自然的力量。(String), 4(Long), 2024-11-13T00:19:32.485456200(LocalDateTime), 2024-11-13T00:19:32.485456200(LocalDateTime)
<==    Updates: 1
Releasing transactional SqlSession [org.apache.ibatis.session.defaults.DefaultSqlSession@5e6ad84c]
Transaction synchronization committing SqlSession [org.apache.ibatis.session.defaults.DefaultSqlSession@5e6ad84c]
Transaction synchronization deregistering SqlSession [org.apache.ibatis.session.defaults.DefaultSqlSession@5e6ad84c]
Transaction synchronization closing SqlSession [org.apache.ibatis.session.defaults.DefaultSqlSession@5e6ad84c]
Creating a new SqlSession
Registering transaction synchronization for SqlSession [org.apache.ibatis.session.defaults.DefaultSqlSession@281d3ce7]
JDBC Connection [HikariProxyConnection@1172610365 wrapping com.mysql.cj.jdbc.ConnectionImpl@247d44b4] will be managed by Spring
==>  Preparing: INSERT INTO `tb_post` (content, author_id, publish_at, last_update) VALUES (?, ?, ?, ?)
==> Parameters: 品尝当地的美食是旅行中不可或缺的一部分。今天尝试了当地的特色小吃，味道真是太棒了！(String), 2(Long), 2024-11-13T00:19:32.493972600(LocalDateTime), 2024-11-13T00:19:32.493972600(LocalDateTime)
<==    Updates: 1
Releasing transactional SqlSession [org.apache.ibatis.session.defaults.DefaultSqlSession@281d3ce7]
Transaction synchronization committing SqlSession [org.apache.ibatis.session.defaults.DefaultSqlSession@281d3ce7]
Transaction synchronization deregistering SqlSession [org.apache.ibatis.session.defaults.DefaultSqlSession@281d3ce7]
Transaction synchronization closing SqlSession [org.apache.ibatis.session.defaults.DefaultSqlSession@281d3ce7]
Creating a new SqlSession
Registering transaction synchronization for SqlSession [org.apache.ibatis.session.defaults.DefaultSqlSession@37f75ebf]
JDBC Connection [HikariProxyConnection@600897214 wrapping com.mysql.cj.jdbc.ConnectionImpl@247d44b4] will be managed by Spring
==>  Preparing: INSERT INTO `tb_post` (content, author_id, publish_at, last_update) VALUES (?, ?, ?, ?)
==> Parameters: 美食是一座城市的名片，每一道美食都蕴含着当地的文化和历史。在旅途中，我要尝遍各地的美食。(String), 55(Long), 2024-11-13T00:19:32.493972600(LocalDateTime), 2024-11-13T00:19:32.493972600(LocalDateTime)
<==    Updates: 1
Releasing transactional SqlSession [org.apache.ibatis.session.defaults.DefaultSqlSession@37f75ebf]
Transaction synchronization committing SqlSession [org.apache.ibatis.session.defaults.DefaultSqlSession@37f75ebf]
Transaction synchronization deregistering SqlSession [org.apache.ibatis.session.defaults.DefaultSqlSession@37f75ebf]
Transaction synchronization closing SqlSession [org.apache.ibatis.session.defaults.DefaultSqlSession@37f75ebf]
Creating a new SqlSession
Registering transaction synchronization for SqlSession [org.apache.ibatis.session.defaults.DefaultSqlSession@4ad57db1]
JDBC Connection [HikariProxyConnection@1404855442 wrapping com.mysql.cj.jdbc.ConnectionImpl@247d44b4] will be managed by Spring
==>  Preparing: INSERT INTO `tb_post` (content, author_id, publish_at, last_update) VALUES (?, ?, ?, ?)
==> Parameters: 这家餐厅的环境非常优雅，菜品也十分精致。在这里用餐，真是一种享受。(String), 56(Long), 2024-11-13T00:19:32.514279200(LocalDateTime), 2024-11-13T00:19:32.514279200(LocalDateTime)
<==    Updates: 1
Releasing transactional SqlSession [org.apache.ibatis.session.defaults.DefaultSqlSession@4ad57db1]
Transaction synchronization committing SqlSession [org.apache.ibatis.session.defaults.DefaultSqlSession@4ad57db1]
Transaction synchronization deregistering SqlSession [org.apache.ibatis.session.defaults.DefaultSqlSession@4ad57db1]
Transaction synchronization closing SqlSession [org.apache.ibatis.session.defaults.DefaultSqlSession@4ad57db1]
Creating a new SqlSession
Registering transaction synchronization for SqlSession [org.apache.ibatis.session.defaults.DefaultSqlSession@313a3af8]
JDBC Connection [HikariProxyConnection@88544066 wrapping com.mysql.cj.jdbc.ConnectionImpl@247d44b4] will be managed by Spring
==>  Preparing: INSERT INTO `tb_post` (content, author_id, publish_at, last_update) VALUES (?, ?, ?, ?)
==> Parameters: 街头小吃往往最能体现当地的特色。今天在路边摊品尝了当地的美食，味道让人回味无穷。(String), 78(Long), 2024-11-13T00:19:32.520284300(LocalDateTime), 2024-11-13T00:19:32.520284300(LocalDateTime)
<==    Updates: 1
Releasing transactional SqlSession [org.apache.ibatis.session.defaults.DefaultSqlSession@313a3af8]
Transaction synchronization committing SqlSession [org.apache.ibatis.session.defaults.DefaultSqlSession@313a3af8]
Transaction synchronization deregistering SqlSession [org.apache.ibatis.session.defaults.DefaultSqlSession@313a3af8]
Transaction synchronization closing SqlSession [org.apache.ibatis.session.defaults.DefaultSqlSession@313a3af8]
Creating a new SqlSession
Registering transaction synchronization for SqlSession [org.apache.ibatis.session.defaults.DefaultSqlSession@5d1907fb]
JDBC Connection [HikariProxyConnection@1322846980 wrapping com.mysql.cj.jdbc.ConnectionImpl@247d44b4] will be managed by Spring
==>  Preparing: INSERT INTO `tb_post` (content, author_id, publish_at, last_update) VALUES (?, ?, ?, ?)
==> Parameters: 海鲜是海边城市的特色美食，新鲜的海鲜让人垂涎欲滴。今天终于品尝到了正宗的海鲜大餐，满足！(String), 58(Long), 2024-11-13T00:19:32.527052200(LocalDateTime), 2024-11-13T00:19:32.527052200(LocalDateTime)
<==    Updates: 1
Releasing transactional SqlSession [org.apache.ibatis.session.defaults.DefaultSqlSession@5d1907fb]
Transaction synchronization committing SqlSession [org.apache.ibatis.session.defaults.DefaultSqlSession@5d1907fb]
Transaction synchronization deregistering SqlSession [org.apache.ibatis.session.defaults.DefaultSqlSession@5d1907fb]
Transaction synchronization closing SqlSession [org.apache.ibatis.session.defaults.DefaultSqlSession@5d1907fb]
Creating a new SqlSession
Registering transaction synchronization for SqlSession [org.apache.ibatis.session.defaults.DefaultSqlSession@531ed68e]
JDBC Connection [HikariProxyConnection@1807564872 wrapping com.mysql.cj.jdbc.ConnectionImpl@247d44b4] will be managed by Spring
==>  Preparing: INSERT INTO `tb_post` (content, author_id, publish_at, last_update) VALUES (?, ?, ?, ?)
==> Parameters: 当地的水果非常新鲜，口感清甜。在旅途中，多吃水果可以补充维生素，让身体更加健康。(String), 71(Long), 2024-11-13T00:19:32.533521300(LocalDateTime), 2024-11-13T00:19:32.533521300(LocalDateTime)
<==    Updates: 1
Releasing transactional SqlSession [org.apache.ibatis.session.defaults.DefaultSqlSession@531ed68e]
Transaction synchronization committing SqlSession [org.apache.ibatis.session.defaults.DefaultSqlSession@531ed68e]
Transaction synchronization deregistering SqlSession [org.apache.ibatis.session.defaults.DefaultSqlSession@531ed68e]
Transaction synchronization closing SqlSession [org.apache.ibatis.session.defaults.DefaultSqlSession@531ed68e]
Creating a new SqlSession
Registering transaction synchronization for SqlSession [org.apache.ibatis.session.defaults.DefaultSqlSession@643f8ebe]
JDBC Connection [HikariProxyConnection@816421765 wrapping com.mysql.cj.jdbc.ConnectionImpl@247d44b4] will be managed by Spring
==>  Preparing: INSERT INTO `tb_post` (content, author_id, publish_at, last_update) VALUES (?, ?, ?, ?)
==> Parameters: 这家咖啡馆的咖啡非常好喝，环境也很舒适。在这里坐一坐，享受片刻的宁静。(String), 7(Long), 2024-11-13T00:19:32.539523500(LocalDateTime), 2024-11-13T00:19:32.539523500(LocalDateTime)
<==    Updates: 1
Releasing transactional SqlSession [org.apache.ibatis.session.defaults.DefaultSqlSession@643f8ebe]
Transaction synchronization committing SqlSession [org.apache.ibatis.session.defaults.DefaultSqlSession@643f8ebe]
Transaction synchronization deregistering SqlSession [org.apache.ibatis.session.defaults.DefaultSqlSession@643f8ebe]
Transaction synchronization closing SqlSession [org.apache.ibatis.session.defaults.DefaultSqlSession@643f8ebe]
Creating a new SqlSession
Registering transaction synchronization for SqlSession [org.apache.ibatis.session.defaults.DefaultSqlSession@39f5eba4]
JDBC Connection [HikariProxyConnection@1933047934 wrapping com.mysql.cj.jdbc.ConnectionImpl@247d44b4] will be managed by Spring
==>  Preparing: INSERT INTO `tb_post` (content, author_id, publish_at, last_update) VALUES (?, ?, ?, ?)
==> Parameters: 美食之旅，永不停歇。每到一个地方，我都会寻找当地的美食，让味蕾来一场奇妙的冒险。(String), 55(Long), 2024-11-13T00:19:32.543606500(LocalDateTime), 2024-11-13T00:19:32.543606500(LocalDateTime)
<==    Updates: 1
Releasing transactional SqlSession [org.apache.ibatis.session.defaults.DefaultSqlSession@39f5eba4]
Transaction synchronization committing SqlSession [org.apache.ibatis.session.defaults.DefaultSqlSession@39f5eba4]
Transaction synchronization deregistering SqlSession [org.apache.ibatis.session.defaults.DefaultSqlSession@39f5eba4]
Transaction synchronization closing SqlSession [org.apache.ibatis.session.defaults.DefaultSqlSession@39f5eba4]
Creating a new SqlSession
Registering transaction synchronization for SqlSession [org.apache.ibatis.session.defaults.DefaultSqlSession@6b23897a]
JDBC Connection [HikariProxyConnection@566974024 wrapping com.mysql.cj.jdbc.ConnectionImpl@247d44b4] will be managed by Spring
==>  Preparing: INSERT INTO `tb_post` (content, author_id, publish_at, last_update) VALUES (?, ?, ?, ?)
==> Parameters: 当地的传统美食让人感受到了浓厚的文化氛围。品尝这些美食，就像在阅读一本历史书。(String), 9(Long), 2024-11-13T00:19:32.543606500(LocalDateTime), 2024-11-13T00:19:32.543606500(LocalDateTime)
<==    Updates: 1
Releasing transactional SqlSession [org.apache.ibatis.session.defaults.DefaultSqlSession@6b23897a]
Transaction synchronization committing SqlSession [org.apache.ibatis.session.defaults.DefaultSqlSession@6b23897a]
Transaction synchronization deregistering SqlSession [org.apache.ibatis.session.defaults.DefaultSqlSession@6b23897a]
Transaction synchronization closing SqlSession [org.apache.ibatis.session.defaults.DefaultSqlSession@6b23897a]
Creating a new SqlSession
Registering transaction synchronization for SqlSession [org.apache.ibatis.session.defaults.DefaultSqlSession@37f60cd4]
JDBC Connection [HikariProxyConnection@2006768185 wrapping com.mysql.cj.jdbc.ConnectionImpl@247d44b4] will be managed by Spring
==>  Preparing: INSERT INTO `tb_post` (content, author_id, publish_at, last_update) VALUES (?, ?, ?, ?)
==> Parameters: 美食是旅途中的调味剂，它让我们的旅行更加丰富多彩。在享受美食的同时，也别忘了欣赏周围的风景。(String), 14(Long), 2024-11-13T00:19:32.563699800(LocalDateTime), 2024-11-13T00:19:32.563699800(LocalDateTime)
<==    Updates: 1
Releasing transactional SqlSession [org.apache.ibatis.session.defaults.DefaultSqlSession@37f60cd4]
Transaction synchronization committing SqlSession [org.apache.ibatis.session.defaults.DefaultSqlSession@37f60cd4]
Transaction synchronization deregistering SqlSession [org.apache.ibatis.session.defaults.DefaultSqlSession@37f60cd4]
Transaction synchronization closing SqlSession [org.apache.ibatis.session.defaults.DefaultSqlSession@37f60cd4]
Creating a new SqlSession
Registering transaction synchronization for SqlSession [org.apache.ibatis.session.defaults.DefaultSqlSession@2a22e7e2]
JDBC Connection [HikariProxyConnection@1469692066 wrapping com.mysql.cj.jdbc.ConnectionImpl@247d44b4] will be managed by Spring
==>  Preparing: INSERT INTO `tb_post` (content, author_id, publish_at, last_update) VALUES (?, ?, ?, ?)
==> Parameters: 当地的人们非常热情好客，让我感受到了家的温暖。在旅途中，人与人之间的交流是最珍贵的回忆。(String), 16(Long), 2024-11-13T00:19:32.569696100(LocalDateTime), 2024-11-13T00:19:32.569696100(LocalDateTime)
<==    Updates: 1
Releasing transactional SqlSession [org.apache.ibatis.session.defaults.DefaultSqlSession@2a22e7e2]
Transaction synchronization committing SqlSession [org.apache.ibatis.session.defaults.DefaultSqlSession@2a22e7e2]
Transaction synchronization deregistering SqlSession [org.apache.ibatis.session.defaults.DefaultSqlSession@2a22e7e2]
Transaction synchronization closing SqlSession [org.apache.ibatis.session.defaults.DefaultSqlSession@2a22e7e2]
Creating a new SqlSession
Registering transaction synchronization for SqlSession [org.apache.ibatis.session.defaults.DefaultSqlSession@760ac834]
JDBC Connection [HikariProxyConnection@1511675169 wrapping com.mysql.cj.jdbc.ConnectionImpl@247d44b4] will be managed by Spring
==>  Preparing: INSERT INTO `tb_post` (content, author_id, publish_at, last_update) VALUES (?, ?, ?, ?)
==> Parameters: 参观了当地的博物馆，了解了这座城市的历史和文化。每一件文物都承载着过去的故事，让人感慨万千。(String), 24(Long), 2024-11-13T00:19:32.574691(LocalDateTime), 2024-11-13T00:19:32.574691(LocalDateTime)
<==    Updates: 1
Releasing transactional SqlSession [org.apache.ibatis.session.defaults.DefaultSqlSession@760ac834]
Transaction synchronization committing SqlSession [org.apache.ibatis.session.defaults.DefaultSqlSession@760ac834]
Transaction synchronization deregistering SqlSession [org.apache.ibatis.session.defaults.DefaultSqlSession@760ac834]
Transaction synchronization closing SqlSession [org.apache.ibatis.session.defaults.DefaultSqlSession@760ac834]
Creating a new SqlSession
Registering transaction synchronization for SqlSession [org.apache.ibatis.session.defaults.DefaultSqlSession@7bbe5548]
JDBC Connection [HikariProxyConnection@1053991692 wrapping com.mysql.cj.jdbc.ConnectionImpl@247d44b4] will be managed by Spring
==>  Preparing: INSERT INTO `tb_post` (content, author_id, publish_at, last_update) VALUES (?, ?, ?, ?)
==> Parameters: 观看了当地的传统表演，被他们的精湛技艺所折服。这样的文化传承让人敬佩。(String), 83(Long), 2024-11-13T00:19:32.581674500(LocalDateTime), 2024-11-13T00:19:32.581674500(LocalDateTime)
<==    Updates: 1
Releasing transactional SqlSession [org.apache.ibatis.session.defaults.DefaultSqlSession@7bbe5548]
Transaction synchronization committing SqlSession [org.apache.ibatis.session.defaults.DefaultSqlSession@7bbe5548]
Transaction synchronization deregistering SqlSession [org.apache.ibatis.session.defaults.DefaultSqlSession@7bbe5548]
Transaction synchronization closing SqlSession [org.apache.ibatis.session.defaults.DefaultSqlSession@7bbe5548]
Creating a new SqlSession
Registering transaction synchronization for SqlSession [org.apache.ibatis.session.defaults.DefaultSqlSession@5d3f583d]
JDBC Connection [HikariProxyConnection@583835905 wrapping com.mysql.cj.jdbc.ConnectionImpl@247d44b4] will be managed by Spring
==>  Preparing: INSERT INTO `tb_post` (content, author_id, publish_at, last_update) VALUES (?, ?, ?, ?)
==> Parameters: 走进当地的集市，感受着浓浓的生活气息。这里的商品琳琅满目，让人目不暇接。(String), 87(Long), 2024-11-13T00:19:32.587630400(LocalDateTime), 2024-11-13T00:19:32.587630400(LocalDateTime)
<==    Updates: 1
Releasing transactional SqlSession [org.apache.ibatis.session.defaults.DefaultSqlSession@5d3f583d]
Transaction synchronization committing SqlSession [org.apache.ibatis.session.defaults.DefaultSqlSession@5d3f583d]
Transaction synchronization deregistering SqlSession [org.apache.ibatis.session.defaults.DefaultSqlSession@5d3f583d]
Transaction synchronization closing SqlSession [org.apache.ibatis.session.defaults.DefaultSqlSession@5d3f583d]
Creating a new SqlSession
Registering transaction synchronization for SqlSession [org.apache.ibatis.session.defaults.DefaultSqlSession@34f3c920]
JDBC Connection [HikariProxyConnection@1941771372 wrapping com.mysql.cj.jdbc.ConnectionImpl@247d44b4] will be managed by Spring
==>  Preparing: INSERT INTO `tb_post` (content, author_id, publish_at, last_update) VALUES (?, ?, ?, ?)
==> Parameters: 参加了当地的节日庆典，体验了独特的民俗风情。这样的经历让人难忘。(String), 6(Long), 2024-11-13T00:19:32.593574200(LocalDateTime), 2024-11-13T00:19:32.593574200(LocalDateTime)
<==    Updates: 1
Releasing transactional SqlSession [org.apache.ibatis.session.defaults.DefaultSqlSession@34f3c920]
Transaction synchronization committing SqlSession [org.apache.ibatis.session.defaults.DefaultSqlSession@34f3c920]
Transaction synchronization deregistering SqlSession [org.apache.ibatis.session.defaults.DefaultSqlSession@34f3c920]
Transaction synchronization closing SqlSession [org.apache.ibatis.session.defaults.DefaultSqlSession@34f3c920]
Creating a new SqlSession
Registering transaction synchronization for SqlSession [org.apache.ibatis.session.defaults.DefaultSqlSession@42a198dd]
JDBC Connection [HikariProxyConnection@2076326363 wrapping com.mysql.cj.jdbc.ConnectionImpl@247d44b4] will be managed by Spring
==>  Preparing: INSERT INTO `tb_post` (content, author_id, publish_at, last_update) VALUES (?, ?, ?, ?)
==> Parameters: 与当地的居民交流，了解他们的生活方式和价值观。这样的交流让我更加开阔了视野。(String), 39(Long), 2024-11-13T00:19:32.593574200(LocalDateTime), 2024-11-13T00:19:32.593574200(LocalDateTime)
<==    Updates: 1
Releasing transactional SqlSession [org.apache.ibatis.session.defaults.DefaultSqlSession@42a198dd]
Transaction synchronization committing SqlSession [org.apache.ibatis.session.defaults.DefaultSqlSession@42a198dd]
Transaction synchronization deregistering SqlSession [org.apache.ibatis.session.defaults.DefaultSqlSession@42a198dd]
Transaction synchronization closing SqlSession [org.apache.ibatis.session.defaults.DefaultSqlSession@42a198dd]
Creating a new SqlSession
Registering transaction synchronization for SqlSession [org.apache.ibatis.session.defaults.DefaultSqlSession@403b7be3]
JDBC Connection [HikariProxyConnection@971578330 wrapping com.mysql.cj.jdbc.ConnectionImpl@247d44b4] will be managed by Spring
==>  Preparing: INSERT INTO `tb_post` (content, author_id, publish_at, last_update) VALUES (?, ?, ?, ?)
==> Parameters: 当地的建筑风格独具特色，体现了不同的文化和历史背景。欣赏这些建筑，就像在欣赏一件件艺术品。(String), 47(Long), 2024-11-13T00:19:32.614792200(LocalDateTime), 2024-11-13T00:19:32.614792200(LocalDateTime)
<==    Updates: 1
Releasing transactional SqlSession [org.apache.ibatis.session.defaults.DefaultSqlSession@403b7be3]
Transaction synchronization committing SqlSession [org.apache.ibatis.session.defaults.DefaultSqlSession@403b7be3]
Transaction synchronization deregistering SqlSession [org.apache.ibatis.session.defaults.DefaultSqlSession@403b7be3]
Transaction synchronization closing SqlSession [org.apache.ibatis.session.defaults.DefaultSqlSession@403b7be3]
Creating a new SqlSession
Registering transaction synchronization for SqlSession [org.apache.ibatis.session.defaults.DefaultSqlSession@712dd0b0]
JDBC Connection [HikariProxyConnection@1342958495 wrapping com.mysql.cj.jdbc.ConnectionImpl@247d44b4] will be managed by Spring
==>  Preparing: INSERT INTO `tb_post` (content, author_id, publish_at, last_update) VALUES (?, ?, ?, ?)
==> Parameters: 了解当地的宗教信仰，感受着信仰的力量。在旅途中，我们可以尊重不同的信仰，增进彼此的理解。(String), 7(Long), 2024-11-13T00:19:32.624789300(LocalDateTime), 2024-11-13T00:19:32.624789300(LocalDateTime)
<==    Updates: 1
Releasing transactional SqlSession [org.apache.ibatis.session.defaults.DefaultSqlSession@712dd0b0]
Transaction synchronization committing SqlSession [org.apache.ibatis.session.defaults.DefaultSqlSession@712dd0b0]
Transaction synchronization deregistering SqlSession [org.apache.ibatis.session.defaults.DefaultSqlSession@712dd0b0]
Transaction synchronization closing SqlSession [org.apache.ibatis.session.defaults.DefaultSqlSession@712dd0b0]
Creating a new SqlSession
Registering transaction synchronization for SqlSession [org.apache.ibatis.session.defaults.DefaultSqlSession@21f27bb5]
JDBC Connection [HikariProxyConnection@1390178738 wrapping com.mysql.cj.jdbc.ConnectionImpl@247d44b4] will be managed by Spring
==>  Preparing: INSERT INTO `tb_post` (content, author_id, publish_at, last_update) VALUES (?, ?, ?, ?)
==> Parameters: 当地的手工艺品非常精美，每一件都蕴含着工匠们的心血和智慧。购买一些手工艺品，作为旅行的纪念。(String), 67(Long), 2024-11-13T00:19:32.637505100(LocalDateTime), 2024-11-13T00:19:32.637505100(LocalDateTime)
<==    Updates: 1
Releasing transactional SqlSession [org.apache.ibatis.session.defaults.DefaultSqlSession@21f27bb5]
Transaction synchronization committing SqlSession [org.apache.ibatis.session.defaults.DefaultSqlSession@21f27bb5]
Transaction synchronization deregistering SqlSession [org.apache.ibatis.session.defaults.DefaultSqlSession@21f27bb5]
Transaction synchronization closing SqlSession [org.apache.ibatis.session.defaults.DefaultSqlSession@21f27bb5]
Creating a new SqlSession
Registering transaction synchronization for SqlSession [org.apache.ibatis.session.defaults.DefaultSqlSession@430dbcb0]
JDBC Connection [HikariProxyConnection@363529313 wrapping com.mysql.cj.jdbc.ConnectionImpl@247d44b4] will be managed by Spring
==>  Preparing: INSERT INTO `tb_post` (content, author_id, publish_at, last_update) VALUES (?, ?, ?, ?)
==> Parameters: 旅途中的人文风情让我感受到了世界的多样性。尊重不同的文化，才能让我们的世界更加美好。(String), 85(Long), 2024-11-13T00:19:32.645835800(LocalDateTime), 2024-11-13T00:19:32.645835800(LocalDateTime)
<==    Updates: 1
Releasing transactional SqlSession [org.apache.ibatis.session.defaults.DefaultSqlSession@430dbcb0]
Transaction synchronization committing SqlSession [org.apache.ibatis.session.defaults.DefaultSqlSession@430dbcb0]
Transaction synchronization deregistering SqlSession [org.apache.ibatis.session.defaults.DefaultSqlSession@430dbcb0]
Transaction synchronization closing SqlSession [org.apache.ibatis.session.defaults.DefaultSqlSession@430dbcb0]
Creating a new SqlSession
Registering transaction synchronization for SqlSession [org.apache.ibatis.session.defaults.DefaultSqlSession@1bd5b1c8]
JDBC Connection [HikariProxyConnection@2023156074 wrapping com.mysql.cj.jdbc.ConnectionImpl@247d44b4] will be managed by Spring
==>  Preparing: INSERT INTO `tb_post` (content, author_id, publish_at, last_update) VALUES (?, ?, ?, ?)
==> Parameters: 旅行让我学会了放下烦恼，享受当下。在旅途中，我们可以抛开一切杂念，用心去感受生活的美好。(String), 52(Long), 2024-11-13T00:19:32.645835800(LocalDateTime), 2024-11-13T00:19:32.645835800(LocalDateTime)
<==    Updates: 1
Releasing transactional SqlSession [org.apache.ibatis.session.defaults.DefaultSqlSession@1bd5b1c8]
Transaction synchronization committing SqlSession [org.apache.ibatis.session.defaults.DefaultSqlSession@1bd5b1c8]
Transaction synchronization deregistering SqlSession [org.apache.ibatis.session.defaults.DefaultSqlSession@1bd5b1c8]
Transaction synchronization closing SqlSession [org.apache.ibatis.session.defaults.DefaultSqlSession@1bd5b1c8]
Creating a new SqlSession
Registering transaction synchronization for SqlSession [org.apache.ibatis.session.defaults.DefaultSqlSession@2f59cb6f]
JDBC Connection [HikariProxyConnection@102027291 wrapping com.mysql.cj.jdbc.ConnectionImpl@247d44b4] will be managed by Spring
==>  Preparing: INSERT INTO `tb_post` (content, author_id, publish_at, last_update) VALUES (?, ?, ?, ?)
==> Parameters: 每一次的旅行都是一次成长。在旅途中，我们会遇到各种各样的挑战和困难，这些经历让我们变得更加坚强和成熟。(String), 48(Long), 2024-11-13T00:19:32.671976100(LocalDateTime), 2024-11-13T00:19:32.671976100(LocalDateTime)
<==    Updates: 1
Releasing transactional SqlSession [org.apache.ibatis.session.defaults.DefaultSqlSession@2f59cb6f]
Transaction synchronization committing SqlSession [org.apache.ibatis.session.defaults.DefaultSqlSession@2f59cb6f]
Transaction synchronization deregistering SqlSession [org.apache.ibatis.session.defaults.DefaultSqlSession@2f59cb6f]
Transaction synchronization closing SqlSession [org.apache.ibatis.session.defaults.DefaultSqlSession@2f59cb6f]
Creating a new SqlSession
Registering transaction synchronization for SqlSession [org.apache.ibatis.session.defaults.DefaultSqlSession@672549f3]
JDBC Connection [HikariProxyConnection@1805981439 wrapping com.mysql.cj.jdbc.ConnectionImpl@247d44b4] will be managed by Spring
==>  Preparing: INSERT INTO `tb_post` (content, author_id, publish_at, last_update) VALUES (?, ?, ?, ?)
==> Parameters: 旅行让我更加珍惜身边的人。在旅途中，我们会遇到很多善良的人，他们的帮助和支持让我们感受到了人性的美好。(String), 81(Long), 2024-11-13T00:19:32.682466700(LocalDateTime), 2024-11-13T00:19:32.682466700(LocalDateTime)
<==    Updates: 1
Releasing transactional SqlSession [org.apache.ibatis.session.defaults.DefaultSqlSession@672549f3]
Transaction synchronization committing SqlSession [org.apache.ibatis.session.defaults.DefaultSqlSession@672549f3]
Transaction synchronization deregistering SqlSession [org.apache.ibatis.session.defaults.DefaultSqlSession@672549f3]
Transaction synchronization closing SqlSession [org.apache.ibatis.session.defaults.DefaultSqlSession@672549f3]
Creating a new SqlSession
Registering transaction synchronization for SqlSession [org.apache.ibatis.session.defaults.DefaultSqlSession@3f0c2eff]
JDBC Connection [HikariProxyConnection@509643020 wrapping com.mysql.cj.jdbc.ConnectionImpl@247d44b4] will be managed by Spring
==>  Preparing: INSERT INTO `tb_post` (content, author_id, publish_at, last_update) VALUES (?, ?, ?, ?)
==> Parameters: 世界如此之大，我们应该多出去走走，看看不同的风景，体验不同的生活。这样才能让我们的人生更加丰富多彩。(String), 20(Long), 2024-11-13T00:19:32.692465800(LocalDateTime), 2024-11-13T00:19:32.692465800(LocalDateTime)
<==    Updates: 1
Releasing transactional SqlSession [org.apache.ibatis.session.defaults.DefaultSqlSession@3f0c2eff]
Transaction synchronization committing SqlSession [org.apache.ibatis.session.defaults.DefaultSqlSession@3f0c2eff]
Transaction synchronization deregistering SqlSession [org.apache.ibatis.session.defaults.DefaultSqlSession@3f0c2eff]
Transaction synchronization closing SqlSession [org.apache.ibatis.session.defaults.DefaultSqlSession@3f0c2eff]
Creating a new SqlSession
Registering transaction synchronization for SqlSession [org.apache.ibatis.session.defaults.DefaultSqlSession@40aaf656]
JDBC Connection [HikariProxyConnection@377277500 wrapping com.mysql.cj.jdbc.ConnectionImpl@247d44b4] will be managed by Spring
==>  Preparing: INSERT INTO `tb_post` (content, author_id, publish_at, last_update) VALUES (?, ?, ?, ?)
==> Parameters: 旅行是一种生活态度，它让我们更加热爱生活，更加积极地面对人生的挑战。(String), 33(Long), 2024-11-13T00:19:32.693594600(LocalDateTime), 2024-11-13T00:19:32.693594600(LocalDateTime)
<==    Updates: 1
Releasing transactional SqlSession [org.apache.ibatis.session.defaults.DefaultSqlSession@40aaf656]
Transaction synchronization committing SqlSession [org.apache.ibatis.session.defaults.DefaultSqlSession@40aaf656]
Transaction synchronization deregistering SqlSession [org.apache.ibatis.session.defaults.DefaultSqlSession@40aaf656]
Transaction synchronization closing SqlSession [org.apache.ibatis.session.defaults.DefaultSqlSession@40aaf656]
Creating a new SqlSession
Registering transaction synchronization for SqlSession [org.apache.ibatis.session.defaults.DefaultSqlSession@25dacc5a]
JDBC Connection [HikariProxyConnection@658399791 wrapping com.mysql.cj.jdbc.ConnectionImpl@247d44b4] will be managed by Spring
==>  Preparing: INSERT INTO `tb_post` (content, author_id, publish_at, last_update) VALUES (?, ?, ?, ?)
==> Parameters: 在旅途中，我们会发现很多美好的事物，这些事物让我们感受到了生活的幸福和快乐。(String), 92(Long), 2024-11-13T00:19:32.721749500(LocalDateTime), 2024-11-13T00:19:32.721749500(LocalDateTime)
<==    Updates: 1
Releasing transactional SqlSession [org.apache.ibatis.session.defaults.DefaultSqlSession@25dacc5a]
Transaction synchronization committing SqlSession [org.apache.ibatis.session.defaults.DefaultSqlSession@25dacc5a]
Transaction synchronization deregistering SqlSession [org.apache.ibatis.session.defaults.DefaultSqlSession@25dacc5a]
Transaction synchronization closing SqlSession [org.apache.ibatis.session.defaults.DefaultSqlSession@25dacc5a]
Creating a new SqlSession
Registering transaction synchronization for SqlSession [org.apache.ibatis.session.defaults.DefaultSqlSession@21d561c9]
JDBC Connection [HikariProxyConnection@737096679 wrapping com.mysql.cj.jdbc.ConnectionImpl@247d44b4] will be managed by Spring
==>  Preparing: INSERT INTO `tb_post` (content, author_id, publish_at, last_update) VALUES (?, ?, ?, ?)
==> Parameters: 旅行让我明白了，人生就像一场旅行，我们要珍惜每一个瞬间，用心去感受生命的意义。(String), 35(Long), 2024-11-13T00:19:32.732459800(LocalDateTime), 2024-11-13T00:19:32.732459800(LocalDateTime)
<==    Updates: 1
Releasing transactional SqlSession [org.apache.ibatis.session.defaults.DefaultSqlSession@21d561c9]
Transaction synchronization committing SqlSession [org.apache.ibatis.session.defaults.DefaultSqlSession@21d561c9]
Transaction synchronization deregistering SqlSession [org.apache.ibatis.session.defaults.DefaultSqlSession@21d561c9]
Transaction synchronization closing SqlSession [org.apache.ibatis.session.defaults.DefaultSqlSession@21d561c9]
Creating a new SqlSession
Registering transaction synchronization for SqlSession [org.apache.ibatis.session.defaults.DefaultSqlSession@56afbace]
JDBC Connection [HikariProxyConnection@1401226549 wrapping com.mysql.cj.jdbc.ConnectionImpl@247d44b4] will be managed by Spring
==>  Preparing: INSERT INTO `tb_post` (content, author_id, publish_at, last_update) VALUES (?, ?, ?, ?)
==> Parameters: 每一次的旅行都是一次心灵的洗礼。在旅途中，我们可以反思自己的人生，找到前进的方向。(String), 77(Long), 2024-11-13T00:19:32.738484300(LocalDateTime), 2024-11-13T00:19:32.738484300(LocalDateTime)
<==    Updates: 1
Releasing transactional SqlSession [org.apache.ibatis.session.defaults.DefaultSqlSession@56afbace]
Transaction synchronization committing SqlSession [org.apache.ibatis.session.defaults.DefaultSqlSession@56afbace]
Transaction synchronization deregistering SqlSession [org.apache.ibatis.session.defaults.DefaultSqlSession@56afbace]
Transaction synchronization closing SqlSession [org.apache.ibatis.session.defaults.DefaultSqlSession@56afbace]
Creating a new SqlSession
Registering transaction synchronization for SqlSession [org.apache.ibatis.session.defaults.DefaultSqlSession@407ff25f]
JDBC Connection [HikariProxyConnection@289049029 wrapping com.mysql.cj.jdbc.ConnectionImpl@247d44b4] will be managed by Spring
==>  Preparing: INSERT INTO `tb_post` (content, author_id, publish_at, last_update) VALUES (?, ?, ?, ?)
==> Parameters: 旅行让我学会了感恩，感恩生活中的每一个人和每一件事。只有懂得感恩，我们才能拥有幸福的人生。(String), 49(Long), 2024-11-13T00:19:32.743632600(LocalDateTime), 2024-11-13T00:19:32.743632600(LocalDateTime)
<==    Updates: 1
Releasing transactional SqlSession [org.apache.ibatis.session.defaults.DefaultSqlSession@407ff25f]
Transaction synchronization committing SqlSession [org.apache.ibatis.session.defaults.DefaultSqlSession@407ff25f]
Transaction synchronization deregistering SqlSession [org.apache.ibatis.session.defaults.DefaultSqlSession@407ff25f]
Transaction synchronization closing SqlSession [org.apache.ibatis.session.defaults.DefaultSqlSession@407ff25f]
Creating a new SqlSession
Registering transaction synchronization for SqlSession [org.apache.ibatis.session.defaults.DefaultSqlSession@46059b73]
JDBC Connection [HikariProxyConnection@1806983232 wrapping com.mysql.cj.jdbc.ConnectionImpl@247d44b4] will be managed by Spring
==>  Preparing: INSERT INTO `tb_post` (content, author_id, publish_at, last_update) VALUES (?, ?, ?, ?)
==> Parameters: 旅行是一种投资，它让我们收获了知识、经验和美好的回忆。这些财富将伴随我们一生。(String), 16(Long), 2024-11-13T00:19:32.743632600(LocalDateTime), 2024-11-13T00:19:32.743632600(LocalDateTime)
<==    Updates: 1
Releasing transactional SqlSession [org.apache.ibatis.session.defaults.DefaultSqlSession@46059b73]
Transaction synchronization committing SqlSession [org.apache.ibatis.session.defaults.DefaultSqlSession@46059b73]
Transaction synchronization deregistering SqlSession [org.apache.ibatis.session.defaults.DefaultSqlSession@46059b73]
Transaction synchronization closing SqlSession [org.apache.ibatis.session.defaults.DefaultSqlSession@46059b73]
Creating a new SqlSession
Registering transaction synchronization for SqlSession [org.apache.ibatis.session.defaults.DefaultSqlSession@60660d21]
JDBC Connection [HikariProxyConnection@247888865 wrapping com.mysql.cj.jdbc.ConnectionImpl@247d44b4] will be managed by Spring
==>  Preparing: INSERT INTO `tb_post` (content, author_id, publish_at, last_update) VALUES (?, ?, ?, ?)
==> Parameters: 在旅途中，遇到了一只可爱的小狗，它一直跟着我，仿佛在为我带路。这样的经历让人感到格外温暖。(String), 59(Long), 2024-11-13T00:19:32.743632600(LocalDateTime), 2024-11-13T00:19:32.743632600(LocalDateTime)
<==    Updates: 1
Releasing transactional SqlSession [org.apache.ibatis.session.defaults.DefaultSqlSession@60660d21]
Transaction synchronization committing SqlSession [org.apache.ibatis.session.defaults.DefaultSqlSession@60660d21]
Transaction synchronization deregistering SqlSession [org.apache.ibatis.session.defaults.DefaultSqlSession@60660d21]
Transaction synchronization closing SqlSession [org.apache.ibatis.session.defaults.DefaultSqlSession@60660d21]
Creating a new SqlSession
Registering transaction synchronization for SqlSession [org.apache.ibatis.session.defaults.DefaultSqlSession@5ab1107d]
JDBC Connection [HikariProxyConnection@61783476 wrapping com.mysql.cj.jdbc.ConnectionImpl@247d44b4] will be managed by Spring
==>  Preparing: INSERT INTO `tb_post` (content, author_id, publish_at, last_update) VALUES (?, ?, ?, ?)
==> Parameters: 今天在旅途中迷路了，但是却意外地发现了一个美丽的小花园。有时候，迷路也是一种惊喜。(String), 33(Long), 2024-11-13T00:19:32.761722800(LocalDateTime), 2024-11-13T00:19:32.761722800(LocalDateTime)
<==    Updates: 1
Releasing transactional SqlSession [org.apache.ibatis.session.defaults.DefaultSqlSession@5ab1107d]
Transaction synchronization committing SqlSession [org.apache.ibatis.session.defaults.DefaultSqlSession@5ab1107d]
Transaction synchronization deregistering SqlSession [org.apache.ibatis.session.defaults.DefaultSqlSession@5ab1107d]
Transaction synchronization closing SqlSession [org.apache.ibatis.session.defaults.DefaultSqlSession@5ab1107d]
Creating a new SqlSession
Registering transaction synchronization for SqlSession [org.apache.ibatis.session.defaults.DefaultSqlSession@516370c1]
JDBC Connection [HikariProxyConnection@1350450807 wrapping com.mysql.cj.jdbc.ConnectionImpl@247d44b4] will be managed by Spring
==>  Preparing: INSERT INTO `tb_post` (content, author_id, publish_at, last_update) VALUES (?, ?, ?, ?)
==> Parameters: 旅途中遇到了一位有趣的导游，他的讲解让我对这座城市有了更深入的了解。这样的导游真是太棒了！(String), 86(Long), 2024-11-13T00:19:32.793568200(LocalDateTime), 2024-11-13T00:19:32.793568200(LocalDateTime)
<==    Updates: 1
Releasing transactional SqlSession [org.apache.ibatis.session.defaults.DefaultSqlSession@516370c1]
Transaction synchronization committing SqlSession [org.apache.ibatis.session.defaults.DefaultSqlSession@516370c1]
Transaction synchronization deregistering SqlSession [org.apache.ibatis.session.defaults.DefaultSqlSession@516370c1]
Transaction synchronization closing SqlSession [org.apache.ibatis.session.defaults.DefaultSqlSession@516370c1]
Creating a new SqlSession
Registering transaction synchronization for SqlSession [org.apache.ibatis.session.defaults.DefaultSqlSession@2fb40e49]
JDBC Connection [HikariProxyConnection@915307834 wrapping com.mysql.cj.jdbc.ConnectionImpl@247d44b4] will be managed by Spring
==>  Preparing: INSERT INTO `tb_post` (content, author_id, publish_at, last_update) VALUES (?, ?, ?, ?)
==> Parameters: 在火车上，认识了一位志同道合的朋友。我们一起分享了旅途中的故事和经历，度过了一段美好的时光。(String), 83(Long), 2024-11-13T00:19:32.793568200(LocalDateTime), 2024-11-13T00:19:32.793568200(LocalDateTime)
<==    Updates: 1
Releasing transactional SqlSession [org.apache.ibatis.session.defaults.DefaultSqlSession@2fb40e49]
Transaction synchronization committing SqlSession [org.apache.ibatis.session.defaults.DefaultSqlSession@2fb40e49]
Transaction synchronization deregistering SqlSession [org.apache.ibatis.session.defaults.DefaultSqlSession@2fb40e49]
Transaction synchronization closing SqlSession [org.apache.ibatis.session.defaults.DefaultSqlSession@2fb40e49]
Creating a new SqlSession
Registering transaction synchronization for SqlSession [org.apache.ibatis.session.defaults.DefaultSqlSession@79827e71]
JDBC Connection [HikariProxyConnection@2094191542 wrapping com.mysql.cj.jdbc.ConnectionImpl@247d44b4] will be managed by Spring
==>  Preparing: INSERT INTO `tb_post` (content, author_id, publish_at, last_update) VALUES (?, ?, ?, ?)
==> Parameters: 今天尝试了一种当地的特色美食，结果被辣得眼泪都出来了。但是这样的经历却让人难忘。(String), 38(Long), 2024-11-13T00:19:32.814653700(LocalDateTime), 2024-11-13T00:19:32.814653700(LocalDateTime)
<==    Updates: 1
Releasing transactional SqlSession [org.apache.ibatis.session.defaults.DefaultSqlSession@79827e71]
Transaction synchronization committing SqlSession [org.apache.ibatis.session.defaults.DefaultSqlSession@79827e71]
Transaction synchronization deregistering SqlSession [org.apache.ibatis.session.defaults.DefaultSqlSession@79827e71]
Transaction synchronization closing SqlSession [org.apache.ibatis.session.defaults.DefaultSqlSession@79827e71]
Creating a new SqlSession
Registering transaction synchronization for SqlSession [org.apache.ibatis.session.defaults.DefaultSqlSession@2c4eda3a]
JDBC Connection [HikariProxyConnection@683572661 wrapping com.mysql.cj.jdbc.ConnectionImpl@247d44b4] will be managed by Spring
==>  Preparing: INSERT INTO `tb_post` (content, author_id, publish_at, last_update) VALUES (?, ?, ?, ?)
==> Parameters: 旅途中，看到了一场精彩的街头表演。演员们的精彩表演让我忍不住为他们鼓掌喝彩。(String), 17(Long), 2024-11-13T00:19:32.819657600(LocalDateTime), 2024-11-13T00:19:32.819657600(LocalDateTime)
<==    Updates: 1
Releasing transactional SqlSession [org.apache.ibatis.session.defaults.DefaultSqlSession@2c4eda3a]
Transaction synchronization committing SqlSession [org.apache.ibatis.session.defaults.DefaultSqlSession@2c4eda3a]
Transaction synchronization deregistering SqlSession [org.apache.ibatis.session.defaults.DefaultSqlSession@2c4eda3a]
Transaction synchronization closing SqlSession [org.apache.ibatis.session.defaults.DefaultSqlSession@2c4eda3a]
Creating a new SqlSession
Registering transaction synchronization for SqlSession [org.apache.ibatis.session.defaults.DefaultSqlSession@33293b34]
JDBC Connection [HikariProxyConnection@877611650 wrapping com.mysql.cj.jdbc.ConnectionImpl@247d44b4] will be managed by Spring
==>  Preparing: INSERT INTO `tb_post` (content, author_id, publish_at, last_update) VALUES (?, ?, ?, ?)
==> Parameters: 在旅途中，遇到了一位会说中文的外国人。我们用中文交流，分享了彼此的旅行经历，感觉非常有趣。(String), 35(Long), 2024-11-13T00:19:32.824654800(LocalDateTime), 2024-11-13T00:19:32.824654800(LocalDateTime)
<==    Updates: 1
Releasing transactional SqlSession [org.apache.ibatis.session.defaults.DefaultSqlSession@33293b34]
Transaction synchronization committing SqlSession [org.apache.ibatis.session.defaults.DefaultSqlSession@33293b34]
Transaction synchronization deregistering SqlSession [org.apache.ibatis.session.defaults.DefaultSqlSession@33293b34]
Transaction synchronization closing SqlSession [org.apache.ibatis.session.defaults.DefaultSqlSession@33293b34]
Creating a new SqlSession
Registering transaction synchronization for SqlSession [org.apache.ibatis.session.defaults.DefaultSqlSession@1dc987b]
JDBC Connection [HikariProxyConnection@213727345 wrapping com.mysql.cj.jdbc.ConnectionImpl@247d44b4] will be managed by Spring
==>  Preparing: INSERT INTO `tb_post` (content, author_id, publish_at, last_update) VALUES (?, ?, ?, ?)
==> Parameters: 今天去了一个非常偏僻的地方，但是却发现了一处美丽的风景。有时候，探索未知的地方会带来意想不到的惊喜。(String), 84(Long), 2024-11-13T00:19:32.830563900(LocalDateTime), 2024-11-13T00:19:32.830563900(LocalDateTime)
<==    Updates: 1
Releasing transactional SqlSession [org.apache.ibatis.session.defaults.DefaultSqlSession@1dc987b]
Transaction synchronization committing SqlSession [org.apache.ibatis.session.defaults.DefaultSqlSession@1dc987b]
Transaction synchronization deregistering SqlSession [org.apache.ibatis.session.defaults.DefaultSqlSession@1dc987b]
Transaction synchronization closing SqlSession [org.apache.ibatis.session.defaults.DefaultSqlSession@1dc987b]
Creating a new SqlSession
Registering transaction synchronization for SqlSession [org.apache.ibatis.session.defaults.DefaultSqlSession@2d7df55]
JDBC Connection [HikariProxyConnection@1267443383 wrapping com.mysql.cj.jdbc.ConnectionImpl@247d44b4] will be managed by Spring
==>  Preparing: INSERT INTO `tb_post` (content, author_id, publish_at, last_update) VALUES (?, ?, ?, ?)
==> Parameters: 旅途中，遇到了一位热情的当地人，他邀请我去他家做客。这样的经历让我感受到了人与人之间的温暖。(String), 100(Long), 2024-11-13T00:19:32.836564(LocalDateTime), 2024-11-13T00:19:32.836564(LocalDateTime)
<==    Updates: 1
Releasing transactional SqlSession [org.apache.ibatis.session.defaults.DefaultSqlSession@2d7df55]
Transaction synchronization committing SqlSession [org.apache.ibatis.session.defaults.DefaultSqlSession@2d7df55]
Transaction synchronization deregistering SqlSession [org.apache.ibatis.session.defaults.DefaultSqlSession@2d7df55]
Transaction synchronization closing SqlSession [org.apache.ibatis.session.defaults.DefaultSqlSession@2d7df55]
Creating a new SqlSession
Registering transaction synchronization for SqlSession [org.apache.ibatis.session.defaults.DefaultSqlSession@6bca6c4c]
JDBC Connection [HikariProxyConnection@1573832937 wrapping com.mysql.cj.jdbc.ConnectionImpl@247d44b4] will be managed by Spring
==>  Preparing: INSERT INTO `tb_post` (content, author_id, publish_at, last_update) VALUES (?, ?, ?, ?)
==> Parameters: 在旅途中，看到了一只美丽的蝴蝶，它在花丛中翩翩起舞。这样的美景让人心情格外愉悦。(String), 26(Long), 2024-11-13T00:19:32.842563300(LocalDateTime), 2024-11-13T00:19:32.842563300(LocalDateTime)
<==    Updates: 1
Releasing transactional SqlSession [org.apache.ibatis.session.defaults.DefaultSqlSession@6bca6c4c]
Transaction synchronization committing SqlSession [org.apache.ibatis.session.defaults.DefaultSqlSession@6bca6c4c]
Transaction synchronization deregistering SqlSession [org.apache.ibatis.session.defaults.DefaultSqlSession@6bca6c4c]
Transaction synchronization closing SqlSession [org.apache.ibatis.session.defaults.DefaultSqlSession@6bca6c4c]
Creating a new SqlSession
Registering transaction synchronization for SqlSession [org.apache.ibatis.session.defaults.DefaultSqlSession@1851f19f]
JDBC Connection [HikariProxyConnection@1555288047 wrapping com.mysql.cj.jdbc.ConnectionImpl@247d44b4] will be managed by Spring
==>  Preparing: INSERT INTO `tb_post` (content, author_id, publish_at, last_update) VALUES (?, ?, ?, ?)
==> Parameters: 旅途中，遇到了恶劣的天气，但是我们并没有放弃，而是选择了坚持前行。这样的经历让我们变得更加坚强。(String), 53(Long), 2024-11-13T00:19:32.845744400(LocalDateTime), 2024-11-13T00:19:32.845744400(LocalDateTime)
<==    Updates: 1
Releasing transactional SqlSession [org.apache.ibatis.session.defaults.DefaultSqlSession@1851f19f]
Transaction synchronization committing SqlSession [org.apache.ibatis.session.defaults.DefaultSqlSession@1851f19f]
Transaction synchronization deregistering SqlSession [org.apache.ibatis.session.defaults.DefaultSqlSession@1851f19f]
Transaction synchronization closing SqlSession [org.apache.ibatis.session.defaults.DefaultSqlSession@1851f19f]
Creating a new SqlSession
Registering transaction synchronization for SqlSession [org.apache.ibatis.session.defaults.DefaultSqlSession@35fd03d9]
JDBC Connection [HikariProxyConnection@1122185195 wrapping com.mysql.cj.jdbc.ConnectionImpl@247d44b4] will be managed by Spring
==>  Preparing: INSERT INTO `tb_post` (content, author_id, publish_at, last_update) VALUES (?, ?, ?, ?)
==> Parameters: 在旅途中，遇到了交通堵塞，耽误了很多时间。但是我们并没有因此而烦躁，而是选择了耐心等待。(String), 73(Long), 2024-11-13T00:19:32.864668500(LocalDateTime), 2024-11-13T00:19:32.864668500(LocalDateTime)
<==    Updates: 1
Releasing transactional SqlSession [org.apache.ibatis.session.defaults.DefaultSqlSession@35fd03d9]
Transaction synchronization committing SqlSession [org.apache.ibatis.session.defaults.DefaultSqlSession@35fd03d9]
Transaction synchronization deregistering SqlSession [org.apache.ibatis.session.defaults.DefaultSqlSession@35fd03d9]
Transaction synchronization closing SqlSession [org.apache.ibatis.session.defaults.DefaultSqlSession@35fd03d9]
Creating a new SqlSession
Registering transaction synchronization for SqlSession [org.apache.ibatis.session.defaults.DefaultSqlSession@702e21c]
JDBC Connection [HikariProxyConnection@2086649316 wrapping com.mysql.cj.jdbc.ConnectionImpl@247d44b4] will be managed by Spring
==>  Preparing: INSERT INTO `tb_post` (content, author_id, publish_at, last_update) VALUES (?, ?, ?, ?)
==> Parameters: 旅途中，身体出现了不适，但是我们并没有退缩，而是选择了及时就医，继续前行。(String), 76(Long), 2024-11-13T00:19:32.874676200(LocalDateTime), 2024-11-13T00:19:32.874676200(LocalDateTime)
<==    Updates: 1
Releasing transactional SqlSession [org.apache.ibatis.session.defaults.DefaultSqlSession@702e21c]
Transaction synchronization committing SqlSession [org.apache.ibatis.session.defaults.DefaultSqlSession@702e21c]
Transaction synchronization deregistering SqlSession [org.apache.ibatis.session.defaults.DefaultSqlSession@702e21c]
Transaction synchronization closing SqlSession [org.apache.ibatis.session.defaults.DefaultSqlSession@702e21c]
Creating a new SqlSession
Registering transaction synchronization for SqlSession [org.apache.ibatis.session.defaults.DefaultSqlSession@14d9ae22]
JDBC Connection [HikariProxyConnection@1760459579 wrapping com.mysql.cj.jdbc.ConnectionImpl@247d44b4] will be managed by Spring
==>  Preparing: INSERT INTO `tb_post` (content, author_id, publish_at, last_update) VALUES (?, ?, ?, ?)
==> Parameters: 在旅途中，遇到了语言不通的问题，但是我们并没有害怕，而是通过手势和表情与当地人进行交流。(String), 26(Long), 2024-11-13T00:19:32.882511500(LocalDateTime), 2024-11-13T00:19:32.882511500(LocalDateTime)
<==    Updates: 1
Releasing transactional SqlSession [org.apache.ibatis.session.defaults.DefaultSqlSession@14d9ae22]
Transaction synchronization committing SqlSession [org.apache.ibatis.session.defaults.DefaultSqlSession@14d9ae22]
Transaction synchronization deregistering SqlSession [org.apache.ibatis.session.defaults.DefaultSqlSession@14d9ae22]
Transaction synchronization closing SqlSession [org.apache.ibatis.session.defaults.DefaultSqlSession@14d9ae22]
Creating a new SqlSession
Registering transaction synchronization for SqlSession [org.apache.ibatis.session.defaults.DefaultSqlSession@1ddc5857]
JDBC Connection [HikariProxyConnection@1119605276 wrapping com.mysql.cj.jdbc.ConnectionImpl@247d44b4] will be managed by Spring
==>  Preparing: INSERT INTO `tb_post` (content, author_id, publish_at, last_update) VALUES (?, ?, ?, ?)
==> Parameters: 旅途中，行李丢失了，但是我们并没有惊慌，而是及时联系了当地的警方和航空公司，最终找回了行李。(String), 29(Long), 2024-11-13T00:19:32.888519(LocalDateTime), 2024-11-13T00:19:32.888519(LocalDateTime)
<==    Updates: 1
Releasing transactional SqlSession [org.apache.ibatis.session.defaults.DefaultSqlSession@1ddc5857]
Transaction synchronization committing SqlSession [org.apache.ibatis.session.defaults.DefaultSqlSession@1ddc5857]
Transaction synchronization deregistering SqlSession [org.apache.ibatis.session.defaults.DefaultSqlSession@1ddc5857]
Transaction synchronization closing SqlSession [org.apache.ibatis.session.defaults.DefaultSqlSession@1ddc5857]
Creating a new SqlSession
Registering transaction synchronization for SqlSession [org.apache.ibatis.session.defaults.DefaultSqlSession@289b7efe]
JDBC Connection [HikariProxyConnection@1826145139 wrapping com.mysql.cj.jdbc.ConnectionImpl@247d44b4] will be managed by Spring
==>  Preparing: INSERT INTO `tb_post` (content, author_id, publish_at, last_update) VALUES (?, ?, ?, ?)
==> Parameters: 在旅途中，遇到了一些不友好的人，但是我们并没有与之争吵，而是选择了离开，避免了不必要的麻烦。(String), 3(Long), 2024-11-13T00:19:32.893656100(LocalDateTime), 2024-11-13T00:19:32.893656100(LocalDateTime)
<==    Updates: 1
Releasing transactional SqlSession [org.apache.ibatis.session.defaults.DefaultSqlSession@289b7efe]
Transaction synchronization committing SqlSession [org.apache.ibatis.session.defaults.DefaultSqlSession@289b7efe]
Transaction synchronization deregistering SqlSession [org.apache.ibatis.session.defaults.DefaultSqlSession@289b7efe]
Transaction synchronization closing SqlSession [org.apache.ibatis.session.defaults.DefaultSqlSession@289b7efe]
Creating a new SqlSession
Registering transaction synchronization for SqlSession [org.apache.ibatis.session.defaults.DefaultSqlSession@606d2a92]
JDBC Connection [HikariProxyConnection@1922191129 wrapping com.mysql.cj.jdbc.ConnectionImpl@247d44b4] will be managed by Spring
==>  Preparing: INSERT INTO `tb_post` (content, author_id, publish_at, last_update) VALUES (?, ?, ?, ?)
==> Parameters: 旅途中，住宿条件非常艰苦，但是我们并没有抱怨，而是选择了适应环境，继续享受旅行的乐趣。(String), 27(Long), 2024-11-13T00:19:32.893656100(LocalDateTime), 2024-11-13T00:19:32.893656100(LocalDateTime)
<==    Updates: 1
Releasing transactional SqlSession [org.apache.ibatis.session.defaults.DefaultSqlSession@606d2a92]
Transaction synchronization committing SqlSession [org.apache.ibatis.session.defaults.DefaultSqlSession@606d2a92]
Transaction synchronization deregistering SqlSession [org.apache.ibatis.session.defaults.DefaultSqlSession@606d2a92]
Transaction synchronization closing SqlSession [org.apache.ibatis.session.defaults.DefaultSqlSession@606d2a92]
Creating a new SqlSession
Registering transaction synchronization for SqlSession [org.apache.ibatis.session.defaults.DefaultSqlSession@20ee660b]
JDBC Connection [HikariProxyConnection@41646355 wrapping com.mysql.cj.jdbc.ConnectionImpl@247d44b4] will be managed by Spring
==>  Preparing: INSERT INTO `tb_post` (content, author_id, publish_at, last_update) VALUES (?, ?, ?, ?)
==> Parameters: 在旅途中，遇到了一些困难和挑战，但是我们并没有放弃，而是选择了勇敢面对，克服了困难。(String), 49(Long), 2024-11-13T00:19:32.893656100(LocalDateTime), 2024-11-13T00:19:32.893656100(LocalDateTime)
<==    Updates: 1
Releasing transactional SqlSession [org.apache.ibatis.session.defaults.DefaultSqlSession@20ee660b]
Transaction synchronization committing SqlSession [org.apache.ibatis.session.defaults.DefaultSqlSession@20ee660b]
Transaction synchronization deregistering SqlSession [org.apache.ibatis.session.defaults.DefaultSqlSession@20ee660b]
Transaction synchronization closing SqlSession [org.apache.ibatis.session.defaults.DefaultSqlSession@20ee660b]
Creating a new SqlSession
Registering transaction synchronization for SqlSession [org.apache.ibatis.session.defaults.DefaultSqlSession@7ef34eb3]
JDBC Connection [HikariProxyConnection@1576827711 wrapping com.mysql.cj.jdbc.ConnectionImpl@247d44b4] will be managed by Spring
==>  Preparing: INSERT INTO `tb_post` (content, author_id, publish_at, last_update) VALUES (?, ?, ?, ?)
==> Parameters: 旅途中，遇到了一些意外情况，但是我们并没有慌乱，而是保持冷静，及时采取了措施，化险为夷。(String), 69(Long), 2024-11-13T00:19:33.009196900(LocalDateTime), 2024-11-13T00:19:33.009196900(LocalDateTime)
<==    Updates: 1
Releasing transactional SqlSession [org.apache.ibatis.session.defaults.DefaultSqlSession@7ef34eb3]
Transaction synchronization committing SqlSession [org.apache.ibatis.session.defaults.DefaultSqlSession@7ef34eb3]
Transaction synchronization deregistering SqlSession [org.apache.ibatis.session.defaults.DefaultSqlSession@7ef34eb3]
Transaction synchronization closing SqlSession [org.apache.ibatis.session.defaults.DefaultSqlSession@7ef34eb3]
Creating a new SqlSession
Registering transaction synchronization for SqlSession [org.apache.ibatis.session.defaults.DefaultSqlSession@106c3e0a]
JDBC Connection [HikariProxyConnection@357350214 wrapping com.mysql.cj.jdbc.ConnectionImpl@247d44b4] will be managed by Spring
==>  Preparing: INSERT INTO `tb_post` (content, author_id, publish_at, last_update) VALUES (?, ?, ?, ?)
==> Parameters: 在旅途中，遇到了一些挑战和困难，但是我们并没有被打败，而是选择了坚持和努力，最终实现了自己的旅行目标。(String), 87(Long), 2024-11-13T00:19:33.015830700(LocalDateTime), 2024-11-13T00:19:33.015830700(LocalDateTime)
<==    Updates: 1
Releasing transactional SqlSession [org.apache.ibatis.session.defaults.DefaultSqlSession@106c3e0a]
Transaction synchronization committing SqlSession [org.apache.ibatis.session.defaults.DefaultSqlSession@106c3e0a]
Transaction synchronization deregistering SqlSession [org.apache.ibatis.session.defaults.DefaultSqlSession@106c3e0a]
Transaction synchronization closing SqlSession [org.apache.ibatis.session.defaults.DefaultSqlSession@106c3e0a]
Creating a new SqlSession
Registering transaction synchronization for SqlSession [org.apache.ibatis.session.defaults.DefaultSqlSession@3ba6707e]
JDBC Connection [HikariProxyConnection@1281024621 wrapping com.mysql.cj.jdbc.ConnectionImpl@247d44b4] will be managed by Spring
==>  Preparing: INSERT INTO `tb_post` (content, author_id, publish_at, last_update) VALUES (?, ?, ?, ?)
==> Parameters: 这次旅行让我收获了很多美好的回忆，这些回忆将伴随我一生。(String), 78(Long), 2024-11-13T00:19:33.021845500(LocalDateTime), 2024-11-13T00:19:33.021845500(LocalDateTime)
<==    Updates: 1
Releasing transactional SqlSession [org.apache.ibatis.session.defaults.DefaultSqlSession@3ba6707e]
Transaction synchronization committing SqlSession [org.apache.ibatis.session.defaults.DefaultSqlSession@3ba6707e]
Transaction synchronization deregistering SqlSession [org.apache.ibatis.session.defaults.DefaultSqlSession@3ba6707e]
Transaction synchronization closing SqlSession [org.apache.ibatis.session.defaults.DefaultSqlSession@3ba6707e]
Creating a new SqlSession
Registering transaction synchronization for SqlSession [org.apache.ibatis.session.defaults.DefaultSqlSession@158b8d10]
JDBC Connection [HikariProxyConnection@483939310 wrapping com.mysql.cj.jdbc.ConnectionImpl@247d44b4] will be managed by Spring
==>  Preparing: INSERT INTO `tb_post` (content, author_id, publish_at, last_update) VALUES (?, ?, ?, ?)
==> Parameters: 旅途中，我学会了很多新的技能和知识，这些将对我的未来产生积极的影响。(String), 85(Long), 2024-11-13T00:19:33.028313100(LocalDateTime), 2024-11-13T00:19:33.028313100(LocalDateTime)
<==    Updates: 1
Releasing transactional SqlSession [org.apache.ibatis.session.defaults.DefaultSqlSession@158b8d10]
Transaction synchronization committing SqlSession [org.apache.ibatis.session.defaults.DefaultSqlSession@158b8d10]
Transaction synchronization deregistering SqlSession [org.apache.ibatis.session.defaults.DefaultSqlSession@158b8d10]
Transaction synchronization closing SqlSession [org.apache.ibatis.session.defaults.DefaultSqlSession@158b8d10]
Creating a new SqlSession
Registering transaction synchronization for SqlSession [org.apache.ibatis.session.defaults.DefaultSqlSession@66be0e72]
JDBC Connection [HikariProxyConnection@235521954 wrapping com.mysql.cj.jdbc.ConnectionImpl@247d44b4] will be managed by Spring
==>  Preparing: INSERT INTO `tb_post` (content, author_id, publish_at, last_update) VALUES (?, ?, ?, ?)
==> Parameters: 旅行让我更加了解自己，也让我更加明确了自己的人生目标和方向。(String), 68(Long), 2024-11-13T00:19:33.034320400(LocalDateTime), 2024-11-13T00:19:33.034320400(LocalDateTime)
<==    Updates: 1
Releasing transactional SqlSession [org.apache.ibatis.session.defaults.DefaultSqlSession@66be0e72]
Transaction synchronization committing SqlSession [org.apache.ibatis.session.defaults.DefaultSqlSession@66be0e72]
Transaction synchronization deregistering SqlSession [org.apache.ibatis.session.defaults.DefaultSqlSession@66be0e72]
Transaction synchronization closing SqlSession [org.apache.ibatis.session.defaults.DefaultSqlSession@66be0e72]
Creating a new SqlSession
Registering transaction synchronization for SqlSession [org.apache.ibatis.session.defaults.DefaultSqlSession@3344c1d7]
JDBC Connection [HikariProxyConnection@273573184 wrapping com.mysql.cj.jdbc.ConnectionImpl@247d44b4] will be managed by Spring
==>  Preparing: INSERT INTO `tb_post` (content, author_id, publish_at, last_update) VALUES (?, ?, ?, ?)
==> Parameters: 在旅途中，我结交了很多新朋友，他们来自不同的地方，有着不同的背景和故事。这些朋友将成为我人生中的宝贵财富。(String), 50(Long), 2024-11-13T00:19:33.046548200(LocalDateTime), 2024-11-13T00:19:33.046548200(LocalDateTime)
<==    Updates: 1
Releasing transactional SqlSession [org.apache.ibatis.session.defaults.DefaultSqlSession@3344c1d7]
Transaction synchronization committing SqlSession [org.apache.ibatis.session.defaults.DefaultSqlSession@3344c1d7]
Transaction synchronization deregistering SqlSession [org.apache.ibatis.session.defaults.DefaultSqlSession@3344c1d7]
Transaction synchronization closing SqlSession [org.apache.ibatis.session.defaults.DefaultSqlSession@3344c1d7]
Creating a new SqlSession
Registering transaction synchronization for SqlSession [org.apache.ibatis.session.defaults.DefaultSqlSession@58a5b69c]
JDBC Connection [HikariProxyConnection@1935524147 wrapping com.mysql.cj.jdbc.ConnectionImpl@247d44b4] will be managed by Spring
==>  Preparing: INSERT INTO `tb_post` (content, author_id, publish_at, last_update) VALUES (?, ?, ?, ?)
==> Parameters: 旅行让我感受到了世界的多样性，也让我更加尊重和包容不同的文化和价值观。(String), 99(Long), 2024-11-13T00:19:33.046548200(LocalDateTime), 2024-11-13T00:19:33.046548200(LocalDateTime)
<==    Updates: 1
Releasing transactional SqlSession [org.apache.ibatis.session.defaults.DefaultSqlSession@58a5b69c]
Transaction synchronization committing SqlSession [org.apache.ibatis.session.defaults.DefaultSqlSession@58a5b69c]
Transaction synchronization deregistering SqlSession [org.apache.ibatis.session.defaults.DefaultSqlSession@58a5b69c]
Transaction synchronization closing SqlSession [org.apache.ibatis.session.defaults.DefaultSqlSession@58a5b69c]
Creating a new SqlSession
Registering transaction synchronization for SqlSession [org.apache.ibatis.session.defaults.DefaultSqlSession@c3e5e3c]
JDBC Connection [HikariProxyConnection@1588219600 wrapping com.mysql.cj.jdbc.ConnectionImpl@247d44b4] will be managed by Spring
==>  Preparing: INSERT INTO `tb_post` (content, author_id, publish_at, last_update) VALUES (?, ?, ?, ?)
==> Parameters: 这次旅行让我收获了很多美丽的照片，这些照片将成为我回忆旅行的最好方式。(String), 86(Long), 2024-11-13T00:19:33.063987800(LocalDateTime), 2024-11-13T00:19:33.063987800(LocalDateTime)
<==    Updates: 1
Releasing transactional SqlSession [org.apache.ibatis.session.defaults.DefaultSqlSession@c3e5e3c]
Transaction synchronization committing SqlSession [org.apache.ibatis.session.defaults.DefaultSqlSession@c3e5e3c]
Transaction synchronization deregistering SqlSession [org.apache.ibatis.session.defaults.DefaultSqlSession@c3e5e3c]
Transaction synchronization closing SqlSession [org.apache.ibatis.session.defaults.DefaultSqlSession@c3e5e3c]
Creating a new SqlSession
Registering transaction synchronization for SqlSession [org.apache.ibatis.session.defaults.DefaultSqlSession@13563e64]
JDBC Connection [HikariProxyConnection@920386152 wrapping com.mysql.cj.jdbc.ConnectionImpl@247d44b4] will be managed by Spring
==>  Preparing: INSERT INTO `tb_post` (content, author_id, publish_at, last_update) VALUES (?, ?, ?, ?)
==> Parameters: 旅途中，我体验了不同的生活方式，也让我更加珍惜自己现在的生活。(String), 13(Long), 2024-11-13T00:19:33.073984(LocalDateTime), 2024-11-13T00:19:33.073984(LocalDateTime)
<==    Updates: 1
Releasing transactional SqlSession [org.apache.ibatis.session.defaults.DefaultSqlSession@13563e64]
Transaction synchronization committing SqlSession [org.apache.ibatis.session.defaults.DefaultSqlSession@13563e64]
Transaction synchronization deregistering SqlSession [org.apache.ibatis.session.defaults.DefaultSqlSession@13563e64]
Transaction synchronization closing SqlSession [org.apache.ibatis.session.defaults.DefaultSqlSession@13563e64]
Creating a new SqlSession
Registering transaction synchronization for SqlSession [org.apache.ibatis.session.defaults.DefaultSqlSession@66d766b9]
JDBC Connection [HikariProxyConnection@622702995 wrapping com.mysql.cj.jdbc.ConnectionImpl@247d44b4] will be managed by Spring
==>  Preparing: INSERT INTO `tb_post` (content, author_id, publish_at, last_update) VALUES (?, ?, ?, ?)
==> Parameters: 旅行让我学会了独立和自主，也让我更加自信和勇敢地面对生活中的挑战。(String), 96(Long), 2024-11-13T00:19:33.085715200(LocalDateTime), 2024-11-13T00:19:33.085715200(LocalDateTime)
<==    Updates: 1
Releasing transactional SqlSession [org.apache.ibatis.session.defaults.DefaultSqlSession@66d766b9]
Transaction synchronization committing SqlSession [org.apache.ibatis.session.defaults.DefaultSqlSession@66d766b9]
Transaction synchronization deregistering SqlSession [org.apache.ibatis.session.defaults.DefaultSqlSession@66d766b9]
Transaction synchronization closing SqlSession [org.apache.ibatis.session.defaults.DefaultSqlSession@66d766b9]
Creating a new SqlSession
Registering transaction synchronization for SqlSession [org.apache.ibatis.session.defaults.DefaultSqlSession@74eae1e0]
JDBC Connection [HikariProxyConnection@1349353453 wrapping com.mysql.cj.jdbc.ConnectionImpl@247d44b4] will be managed by Spring
==>  Preparing: INSERT INTO `tb_post` (content, author_id, publish_at, last_update) VALUES (?, ?, ?, ?)
==> Parameters: 在旅途中，我收获了很多快乐和幸福，这些将成为我人生中最宝贵的财富。(String), 63(Long), 2024-11-13T00:19:33.093486200(LocalDateTime), 2024-11-13T00:19:33.093486200(LocalDateTime)
<==    Updates: 1
Releasing transactional SqlSession [org.apache.ibatis.session.defaults.DefaultSqlSession@74eae1e0]
Transaction synchronization committing SqlSession [org.apache.ibatis.session.defaults.DefaultSqlSession@74eae1e0]
Transaction synchronization deregistering SqlSession [org.apache.ibatis.session.defaults.DefaultSqlSession@74eae1e0]
Transaction synchronization closing SqlSession [org.apache.ibatis.session.defaults.DefaultSqlSession@74eae1e0]
Creating a new SqlSession
Registering transaction synchronization for SqlSession [org.apache.ibatis.session.defaults.DefaultSqlSession@1e3689e7]
JDBC Connection [HikariProxyConnection@1700614789 wrapping com.mysql.cj.jdbc.ConnectionImpl@247d44b4] will be managed by Spring
==>  Preparing: INSERT INTO `tb_post` (content, author_id, publish_at, last_update) VALUES (?, ?, ?, ?)
==> Parameters: 旅行是一次心灵的洗礼，它让我更加成熟和稳重，也让我更加热爱生活。(String), 84(Long), 2024-11-13T00:19:33.093486200(LocalDateTime), 2024-11-13T00:19:33.093486200(LocalDateTime)
<==    Updates: 1
Releasing transactional SqlSession [org.apache.ibatis.session.defaults.DefaultSqlSession@1e3689e7]
Transaction synchronization committing SqlSession [org.apache.ibatis.session.defaults.DefaultSqlSession@1e3689e7]
Transaction synchronization deregistering SqlSession [org.apache.ibatis.session.defaults.DefaultSqlSession@1e3689e7]
Transaction synchronization closing SqlSession [org.apache.ibatis.session.defaults.DefaultSqlSession@1e3689e7]
Creating a new SqlSession
Registering transaction synchronization for SqlSession [org.apache.ibatis.session.defaults.DefaultSqlSession@411e567e]
JDBC Connection [HikariProxyConnection@1979294554 wrapping com.mysql.cj.jdbc.ConnectionImpl@247d44b4] will be managed by Spring
==>  Preparing: INSERT INTO `tb_post` (content, author_id, publish_at, last_update) VALUES (?, ?, ?, ?)
==> Parameters: 旅行结束了，但是我的心情却久久不能平静。这次旅行让我收获了很多，也让我成长了很多。(String), 74(Long), 2024-11-13T00:19:33.229581100(LocalDateTime), 2024-11-13T00:19:33.229581100(LocalDateTime)
<==    Updates: 1
Releasing transactional SqlSession [org.apache.ibatis.session.defaults.DefaultSqlSession@411e567e]
Transaction synchronization committing SqlSession [org.apache.ibatis.session.defaults.DefaultSqlSession@411e567e]
Transaction synchronization deregistering SqlSession [org.apache.ibatis.session.defaults.DefaultSqlSession@411e567e]
Transaction synchronization closing SqlSession [org.apache.ibatis.session.defaults.DefaultSqlSession@411e567e]
Creating a new SqlSession
Registering transaction synchronization for SqlSession [org.apache.ibatis.session.defaults.DefaultSqlSession@40e90634]
JDBC Connection [HikariProxyConnection@1547929493 wrapping com.mysql.cj.jdbc.ConnectionImpl@247d44b4] will be managed by Spring
==>  Preparing: INSERT INTO `tb_post` (content, author_id, publish_at, last_update) VALUES (?, ?, ?, ?)
==> Parameters: 回顾这次旅行，有欢笑也有泪水，有挑战也有收获。但是，这些都是我人生中最宝贵的财富。(String), 53(Long), 2024-11-13T00:19:33.235624300(LocalDateTime), 2024-11-13T00:19:33.235624300(LocalDateTime)
<==    Updates: 1
Releasing transactional SqlSession [org.apache.ibatis.session.defaults.DefaultSqlSession@40e90634]
Transaction synchronization committing SqlSession [org.apache.ibatis.session.defaults.DefaultSqlSession@40e90634]
Transaction synchronization deregistering SqlSession [org.apache.ibatis.session.defaults.DefaultSqlSession@40e90634]
Transaction synchronization closing SqlSession [org.apache.ibatis.session.defaults.DefaultSqlSession@40e90634]
Creating a new SqlSession
Registering transaction synchronization for SqlSession [org.apache.ibatis.session.defaults.DefaultSqlSession@5fb58f15]
JDBC Connection [HikariProxyConnection@2101594271 wrapping com.mysql.cj.jdbc.ConnectionImpl@247d44b4] will be managed by Spring
==>  Preparing: INSERT INTO `tb_post` (content, author_id, publish_at, last_update) VALUES (?, ?, ?, ?)
==> Parameters: 旅行让我明白了，人生就像一场旅行，我们要勇敢地面对挑战，珍惜每一个瞬间，用心去感受生命的意义。(String), 16(Long), 2024-11-13T00:19:33.241581600(LocalDateTime), 2024-11-13T00:19:33.241581600(LocalDateTime)
<==    Updates: 1
Releasing transactional SqlSession [org.apache.ibatis.session.defaults.DefaultSqlSession@5fb58f15]
Transaction synchronization committing SqlSession [org.apache.ibatis.session.defaults.DefaultSqlSession@5fb58f15]
Transaction synchronization deregistering SqlSession [org.apache.ibatis.session.defaults.DefaultSqlSession@5fb58f15]
Transaction synchronization closing SqlSession [org.apache.ibatis.session.defaults.DefaultSqlSession@5fb58f15]
Creating a new SqlSession
Registering transaction synchronization for SqlSession [org.apache.ibatis.session.defaults.DefaultSqlSession@2e41b65a]
JDBC Connection [HikariProxyConnection@787089269 wrapping com.mysql.cj.jdbc.ConnectionImpl@247d44b4] will be managed by Spring
==>  Preparing: INSERT INTO `tb_post` (content, author_id, publish_at, last_update) VALUES (?, ?, ?, ?)
==> Parameters: 这次旅行让我更加热爱生活，也让我更加坚定了自己的人生目标和方向。我相信，在未来的日子里，我会继续勇敢地前行，去探索更多的未知世界。(String), 52(Long), 2024-11-13T00:19:33.243475500(LocalDateTime), 2024-11-13T00:19:33.243475500(LocalDateTime)
<==    Updates: 1
Releasing transactional SqlSession [org.apache.ibatis.session.defaults.DefaultSqlSession@2e41b65a]
Transaction synchronization committing SqlSession [org.apache.ibatis.session.defaults.DefaultSqlSession@2e41b65a]
Transaction synchronization deregistering SqlSession [org.apache.ibatis.session.defaults.DefaultSqlSession@2e41b65a]
Transaction synchronization closing SqlSession [org.apache.ibatis.session.defaults.DefaultSqlSession@2e41b65a]
Creating a new SqlSession
Registering transaction synchronization for SqlSession [org.apache.ibatis.session.defaults.DefaultSqlSession@b6fea12]
JDBC Connection [HikariProxyConnection@1755308707 wrapping com.mysql.cj.jdbc.ConnectionImpl@247d44b4] will be managed by Spring
==>  Preparing: INSERT INTO `tb_post` (content, author_id, publish_at, last_update) VALUES (?, ?, ?, ?)
==> Parameters: 旅行是一种生活态度，它让我们更加积极地面对人生的挑战，也让我们更加珍惜身边的人和事。我希望每一个人都能有机会去旅行，去感受世界的美好。(String), 42(Long), 2024-11-13T00:19:33.243475500(LocalDateTime), 2024-11-13T00:19:33.243475500(LocalDateTime)
<==    Updates: 1
Releasing transactional SqlSession [org.apache.ibatis.session.defaults.DefaultSqlSession@b6fea12]
Transaction synchronization committing SqlSession [org.apache.ibatis.session.defaults.DefaultSqlSession@b6fea12]
Transaction synchronization deregistering SqlSession [org.apache.ibatis.session.defaults.DefaultSqlSession@b6fea12]
Transaction synchronization closing SqlSession [org.apache.ibatis.session.defaults.DefaultSqlSession@b6fea12]
Creating a new SqlSession
Registering transaction synchronization for SqlSession [org.apache.ibatis.session.defaults.DefaultSqlSession@570089c4]
JDBC Connection [HikariProxyConnection@716294057 wrapping com.mysql.cj.jdbc.ConnectionImpl@247d44b4] will be managed by Spring
==>  Preparing: INSERT INTO `tb_post` (content, author_id, publish_at, last_update) VALUES (?, ?, ?, ?)
==> Parameters: 旅行结束了，但是我的梦想还在继续。我相信，在未来的日子里，我会继续踏上新的旅程，去追寻自己的梦想。(String), 97(Long), 2024-11-13T00:19:33.262737200(LocalDateTime), 2024-11-13T00:19:33.262737200(LocalDateTime)
<==    Updates: 1
Releasing transactional SqlSession [org.apache.ibatis.session.defaults.DefaultSqlSession@570089c4]
Transaction synchronization committing SqlSession [org.apache.ibatis.session.defaults.DefaultSqlSession@570089c4]
Transaction synchronization deregistering SqlSession [org.apache.ibatis.session.defaults.DefaultSqlSession@570089c4]
Transaction synchronization closing SqlSession [org.apache.ibatis.session.defaults.DefaultSqlSession@570089c4]
Creating a new SqlSession
Registering transaction synchronization for SqlSession [org.apache.ibatis.session.defaults.DefaultSqlSession@1235732d]
JDBC Connection [HikariProxyConnection@1415857264 wrapping com.mysql.cj.jdbc.ConnectionImpl@247d44b4] will be managed by Spring
==>  Preparing: INSERT INTO `tb_post` (content, author_id, publish_at, last_update) VALUES (?, ?, ?, ?)
==> Parameters: 这次旅行让我收获了很多美好的回忆，也让我更加了解了自己。我会把这些回忆和经验珍藏在心中，作为我人生的宝贵财富。(String), 62(Long), 2024-11-13T00:19:33.268737(LocalDateTime), 2024-11-13T00:19:33.268737(LocalDateTime)
<==    Updates: 1
Releasing transactional SqlSession [org.apache.ibatis.session.defaults.DefaultSqlSession@1235732d]
Transaction synchronization committing SqlSession [org.apache.ibatis.session.defaults.DefaultSqlSession@1235732d]
Transaction synchronization deregistering SqlSession [org.apache.ibatis.session.defaults.DefaultSqlSession@1235732d]
Transaction synchronization closing SqlSession [org.apache.ibatis.session.defaults.DefaultSqlSession@1235732d]
Creating a new SqlSession
Registering transaction synchronization for SqlSession [org.apache.ibatis.session.defaults.DefaultSqlSession@6e2e11ee]
JDBC Connection [HikariProxyConnection@1536199789 wrapping com.mysql.cj.jdbc.ConnectionImpl@247d44b4] will be managed by Spring
==>  Preparing: INSERT INTO `tb_post` (content, author_id, publish_at, last_update) VALUES (?, ?, ?, ?)
==> Parameters: 旅行是一次心灵的洗礼，它让我们更加成熟和稳重，也让我们更加热爱生活。我希望每一个人都能在旅行中找到自己的心灵归宿。(String), 76(Long), 2024-11-13T00:19:33.275699100(LocalDateTime), 2024-11-13T00:19:33.275699100(LocalDateTime)
<==    Updates: 1
Releasing transactional SqlSession [org.apache.ibatis.session.defaults.DefaultSqlSession@6e2e11ee]
Transaction synchronization committing SqlSession [org.apache.ibatis.session.defaults.DefaultSqlSession@6e2e11ee]
Transaction synchronization deregistering SqlSession [org.apache.ibatis.session.defaults.DefaultSqlSession@6e2e11ee]
Transaction synchronization closing SqlSession [org.apache.ibatis.session.defaults.DefaultSqlSession@6e2e11ee]
Creating a new SqlSession
Registering transaction synchronization for SqlSession [org.apache.ibatis.session.defaults.DefaultSqlSession@7695184b]
JDBC Connection [HikariProxyConnection@1267290459 wrapping com.mysql.cj.jdbc.ConnectionImpl@247d44b4] will be managed by Spring
==>  Preparing: INSERT INTO `tb_post` (content, author_id, publish_at, last_update) VALUES (?, ?, ?, ?)
==> Parameters: 回顾这次旅行，我感受到了世界的多样性和美好。我相信，只要我们用心去感受，生活中处处都是美景。(String), 63(Long), 2024-11-13T00:19:33.281423400(LocalDateTime), 2024-11-13T00:19:33.281423400(LocalDateTime)
<==    Updates: 1
Releasing transactional SqlSession [org.apache.ibatis.session.defaults.DefaultSqlSession@7695184b]
Transaction synchronization committing SqlSession [org.apache.ibatis.session.defaults.DefaultSqlSession@7695184b]
Transaction synchronization deregistering SqlSession [org.apache.ibatis.session.defaults.DefaultSqlSession@7695184b]
Transaction synchronization closing SqlSession [org.apache.ibatis.session.defaults.DefaultSqlSession@7695184b]
Creating a new SqlSession
Registering transaction synchronization for SqlSession [org.apache.ibatis.session.defaults.DefaultSqlSession@76379796]
JDBC Connection [HikariProxyConnection@1337847418 wrapping com.mysql.cj.jdbc.ConnectionImpl@247d44b4] will be managed by Spring
==>  Preparing: INSERT INTO `tb_post` (content, author_id, publish_at, last_update) VALUES (?, ?, ?, ?)
==> Parameters: 旅行结束了，但是我的心情却依然沉浸在旅途中的美好回忆中。我会把这些回忆化作动力，继续努力前行，去创造更加美好的未来。(String), 76(Long), 2024-11-13T00:19:33.288464800(LocalDateTime), 2024-11-13T00:19:33.288464800(LocalDateTime)
<==    Updates: 1
Releasing transactional SqlSession [org.apache.ibatis.session.defaults.DefaultSqlSession@76379796]
Transaction synchronization committing SqlSession [org.apache.ibatis.session.defaults.DefaultSqlSession@76379796]
Transaction synchronization deregistering SqlSession [org.apache.ibatis.session.defaults.DefaultSqlSession@76379796]
Transaction synchronization closing SqlSession [org.apache.ibatis.session.defaults.DefaultSqlSession@76379796]
Creating a new SqlSession
Registering transaction synchronization for SqlSession [org.apache.ibatis.session.defaults.DefaultSqlSession@74ec4df3]
JDBC Connection [HikariProxyConnection@1811082427 wrapping com.mysql.cj.jdbc.ConnectionImpl@247d44b4] will be managed by Spring
==>  Preparing: INSERT INTO `tb_post` (content, author_id, publish_at, last_update) VALUES (?, ?, ?, ?)
==> Parameters: 旅行是一种瘾，一旦开始就无法停止。我已经迫不及待地期待着下一次的旅行了。(String), 26(Long), 2024-11-13T00:19:33.293421800(LocalDateTime), 2024-11-13T00:19:33.293421800(LocalDateTime)
<==    Updates: 1
Releasing transactional SqlSession [org.apache.ibatis.session.defaults.DefaultSqlSession@74ec4df3]
Transaction synchronization committing SqlSession [org.apache.ibatis.session.defaults.DefaultSqlSession@74ec4df3]
Transaction synchronization deregistering SqlSession [org.apache.ibatis.session.defaults.DefaultSqlSession@74ec4df3]
Transaction synchronization closing SqlSession [org.apache.ibatis.session.defaults.DefaultSqlSession@74ec4df3]
Creating a new SqlSession
Registering transaction synchronization for SqlSession [org.apache.ibatis.session.defaults.DefaultSqlSession@444fbd13]
JDBC Connection [HikariProxyConnection@725543262 wrapping com.mysql.cj.jdbc.ConnectionImpl@247d44b4] will be managed by Spring
==>  Preparing: INSERT INTO `tb_post` (content, author_id, publish_at, last_update) VALUES (?, ?, ?, ?)
==> Parameters: 下一次旅行，我想去一个更加遥远的地方，去探索未知的世界，感受不同的文化和风情。(String), 54(Long), 2024-11-13T00:19:33.294286600(LocalDateTime), 2024-11-13T00:19:33.294286600(LocalDateTime)
<==    Updates: 1
Releasing transactional SqlSession [org.apache.ibatis.session.defaults.DefaultSqlSession@444fbd13]
Transaction synchronization committing SqlSession [org.apache.ibatis.session.defaults.DefaultSqlSession@444fbd13]
Transaction synchronization deregistering SqlSession [org.apache.ibatis.session.defaults.DefaultSqlSession@444fbd13]
Transaction synchronization closing SqlSession [org.apache.ibatis.session.defaults.DefaultSqlSession@444fbd13]
Creating a new SqlSession
Registering transaction synchronization for SqlSession [org.apache.ibatis.session.defaults.DefaultSqlSession@25bd68ea]
JDBC Connection [HikariProxyConnection@58387611 wrapping com.mysql.cj.jdbc.ConnectionImpl@247d44b4] will be managed by Spring
==>  Preparing: INSERT INTO `tb_post` (content, author_id, publish_at, last_update) VALUES (?, ?, ?, ?)
==> Parameters: 期待着下一次的旅行，能够和更多的朋友一起分享旅途中的快乐和美好。(String), 31(Long), 2024-11-13T00:19:33.294286600(LocalDateTime), 2024-11-13T00:19:33.294286600(LocalDateTime)
<==    Updates: 1
Releasing transactional SqlSession [org.apache.ibatis.session.defaults.DefaultSqlSession@25bd68ea]
Transaction synchronization committing SqlSession [org.apache.ibatis.session.defaults.DefaultSqlSession@25bd68ea]
Transaction synchronization deregistering SqlSession [org.apache.ibatis.session.defaults.DefaultSqlSession@25bd68ea]
Transaction synchronization closing SqlSession [org.apache.ibatis.session.defaults.DefaultSqlSession@25bd68ea]
Creating a new SqlSession
Registering transaction synchronization for SqlSession [org.apache.ibatis.session.defaults.DefaultSqlSession@2bab1821]
JDBC Connection [HikariProxyConnection@1466268566 wrapping com.mysql.cj.jdbc.ConnectionImpl@247d44b4] will be managed by Spring
==>  Preparing: INSERT INTO `tb_post` (content, author_id, publish_at, last_update) VALUES (?, ?, ?, ?)
==> Parameters: 旅行让我看到了世界的美丽，也让我更加渴望去探索更多的地方。下一次旅行，我准备好了！(String), 30(Long), 2024-11-13T00:19:33.313732900(LocalDateTime), 2024-11-13T00:19:33.313732900(LocalDateTime)
<==    Updates: 1
Releasing transactional SqlSession [org.apache.ibatis.session.defaults.DefaultSqlSession@2bab1821]
Transaction synchronization committing SqlSession [org.apache.ibatis.session.defaults.DefaultSqlSession@2bab1821]
Transaction synchronization deregistering SqlSession [org.apache.ibatis.session.defaults.DefaultSqlSession@2bab1821]
Transaction synchronization closing SqlSession [org.apache.ibatis.session.defaults.DefaultSqlSession@2bab1821]
Creating a new SqlSession
Registering transaction synchronization for SqlSession [org.apache.ibatis.session.defaults.DefaultSqlSession@12ae75f1]
JDBC Connection [HikariProxyConnection@2066971 wrapping com.mysql.cj.jdbc.ConnectionImpl@247d44b4] will be managed by Spring
==>  Preparing: INSERT INTO `tb_post` (content, author_id, publish_at, last_update) VALUES (?, ?, ?, ?)
==> Parameters: 每一次的旅行都是一次成长，我期待着下一次的旅行能让我收获更多的人生感悟。(String), 73(Long), 2024-11-13T00:19:33.321734400(LocalDateTime), 2024-11-13T00:19:33.321734400(LocalDateTime)
<==    Updates: 1
Releasing transactional SqlSession [org.apache.ibatis.session.defaults.DefaultSqlSession@12ae75f1]
Transaction synchronization committing SqlSession [org.apache.ibatis.session.defaults.DefaultSqlSession@12ae75f1]
Transaction synchronization deregistering SqlSession [org.apache.ibatis.session.defaults.DefaultSqlSession@12ae75f1]
Transaction synchronization closing SqlSession [org.apache.ibatis.session.defaults.DefaultSqlSession@12ae75f1]
Creating a new SqlSession
Registering transaction synchronization for SqlSession [org.apache.ibatis.session.defaults.DefaultSqlSession@11ec699]
JDBC Connection [HikariProxyConnection@1324249868 wrapping com.mysql.cj.jdbc.ConnectionImpl@247d44b4] will be managed by Spring
==>  Preparing: INSERT INTO `tb_post` (content, author_id, publish_at, last_update) VALUES (?, ?, ?, ?)
==> Parameters: 下一次旅行，我要去一个有海的地方，听着海浪的声音，感受着海风的吹拂，享受着大自然的恩赐。(String), 69(Long), 2024-11-13T00:19:33.345654(LocalDateTime), 2024-11-13T00:19:33.345654(LocalDateTime)
<==    Updates: 1
Releasing transactional SqlSession [org.apache.ibatis.session.defaults.DefaultSqlSession@11ec699]
Transaction synchronization committing SqlSession [org.apache.ibatis.session.defaults.DefaultSqlSession@11ec699]
Transaction synchronization deregistering SqlSession [org.apache.ibatis.session.defaults.DefaultSqlSession@11ec699]
Transaction synchronization closing SqlSession [org.apache.ibatis.session.defaults.DefaultSqlSession@11ec699]
Creating a new SqlSession
Registering transaction synchronization for SqlSession [org.apache.ibatis.session.defaults.DefaultSqlSession@7f219e84]
JDBC Connection [HikariProxyConnection@825134767 wrapping com.mysql.cj.jdbc.ConnectionImpl@247d44b4] will be managed by Spring
==>  Preparing: INSERT INTO `tb_post` (content, author_id, publish_at, last_update) VALUES (?, ?, ?, ?)
==> Parameters: 期待着下一次的旅行，能够品尝到更多的美食，了解更多的文化，结交更多的朋友。(String), 58(Long), 2024-11-13T00:19:33.345654(LocalDateTime), 2024-11-13T00:19:33.345654(LocalDateTime)
<==    Updates: 1
Releasing transactional SqlSession [org.apache.ibatis.session.defaults.DefaultSqlSession@7f219e84]
Transaction synchronization committing SqlSession [org.apache.ibatis.session.defaults.DefaultSqlSession@7f219e84]
Transaction synchronization deregistering SqlSession [org.apache.ibatis.session.defaults.DefaultSqlSession@7f219e84]
Transaction synchronization closing SqlSession [org.apache.ibatis.session.defaults.DefaultSqlSession@7f219e84]
Creating a new SqlSession
Registering transaction synchronization for SqlSession [org.apache.ibatis.session.defaults.DefaultSqlSession@3aec2f59]
JDBC Connection [HikariProxyConnection@334715128 wrapping com.mysql.cj.jdbc.ConnectionImpl@247d44b4] will be managed by Spring
==>  Preparing: INSERT INTO `tb_post` (content, author_id, publish_at, last_update) VALUES (?, ?, ?, ?)
==> Parameters: 旅行是一种生活方式，我希望下一次的旅行能够让我更加深入地了解不同的生活方式，拓宽自己的视野。(String), 56(Long), 2024-11-13T00:19:33.345654(LocalDateTime), 2024-11-13T00:19:33.345654(LocalDateTime)
<==    Updates: 1
Releasing transactional SqlSession [org.apache.ibatis.session.defaults.DefaultSqlSession@3aec2f59]
Transaction synchronization committing SqlSession [org.apache.ibatis.session.defaults.DefaultSqlSession@3aec2f59]
Transaction synchronization deregistering SqlSession [org.apache.ibatis.session.defaults.DefaultSqlSession@3aec2f59]
Transaction synchronization closing SqlSession [org.apache.ibatis.session.defaults.DefaultSqlSession@3aec2f59]
Creating a new SqlSession
Registering transaction synchronization for SqlSession [org.apache.ibatis.session.defaults.DefaultSqlSession@fefd4a2]
JDBC Connection [HikariProxyConnection@891978115 wrapping com.mysql.cj.jdbc.ConnectionImpl@247d44b4] will be managed by Spring
==>  Preparing: INSERT INTO `tb_post` (content, author_id, publish_at, last_update) VALUES (?, ?, ?, ?)
==> Parameters: 下一次旅行，我要去一个有故事的地方，听着当地人讲述过去的故事，感受着历史的韵味。(String), 61(Long), 2024-11-13T00:19:33.365625300(LocalDateTime), 2024-11-13T00:19:33.365625300(LocalDateTime)
<==    Updates: 1
Releasing transactional SqlSession [org.apache.ibatis.session.defaults.DefaultSqlSession@fefd4a2]
Transaction synchronization committing SqlSession [org.apache.ibatis.session.defaults.DefaultSqlSession@fefd4a2]
Transaction synchronization deregistering SqlSession [org.apache.ibatis.session.defaults.DefaultSqlSession@fefd4a2]
Transaction synchronization closing SqlSession [org.apache.ibatis.session.defaults.DefaultSqlSession@fefd4a2]
Creating a new SqlSession
Registering transaction synchronization for SqlSession [org.apache.ibatis.session.defaults.DefaultSqlSession@52288c65]
JDBC Connection [HikariProxyConnection@1830305819 wrapping com.mysql.cj.jdbc.ConnectionImpl@247d44b4] will be managed by Spring
==>  Preparing: INSERT INTO `tb_post` (content, author_id, publish_at, last_update) VALUES (?, ?, ?, ?)
==> Parameters: 旅行让我充满了期待，我相信下一次的旅行一定会更加精彩！(String), 6(Long), 2024-11-13T00:19:33.372625300(LocalDateTime), 2024-11-13T00:19:33.372625300(LocalDateTime)
<==    Updates: 1
Releasing transactional SqlSession [org.apache.ibatis.session.defaults.DefaultSqlSession@52288c65]
Transaction synchronization committing SqlSession [org.apache.ibatis.session.defaults.DefaultSqlSession@52288c65]
Transaction synchronization deregistering SqlSession [org.apache.ibatis.session.defaults.DefaultSqlSession@52288c65]
Transaction synchronization closing SqlSession [org.apache.ibatis.session.defaults.DefaultSqlSession@52288c65]
Creating a new SqlSession
Registering transaction synchronization for SqlSession [org.apache.ibatis.session.defaults.DefaultSqlSession@420dde28]
JDBC Connection [HikariProxyConnection@337147080 wrapping com.mysql.cj.jdbc.ConnectionImpl@247d44b4] will be managed by Spring
==>  Preparing: INSERT INTO `tb_post` (content, author_id, publish_at, last_update) VALUES (?, ?, ?, ?)
==> Parameters: 每一天都是学习的新开始，把握现在，让知识成为你最宝贵的财富！(String), 12(Long), 2024-11-13T00:19:33.378459600(LocalDateTime), 2024-11-13T00:19:33.378459600(LocalDateTime)
<==    Updates: 1
Releasing transactional SqlSession [org.apache.ibatis.session.defaults.DefaultSqlSession@420dde28]
Transaction synchronization committing SqlSession [org.apache.ibatis.session.defaults.DefaultSqlSession@420dde28]
Transaction synchronization deregistering SqlSession [org.apache.ibatis.session.defaults.DefaultSqlSession@420dde28]
Transaction synchronization closing SqlSession [org.apache.ibatis.session.defaults.DefaultSqlSession@420dde28]
Creating a new SqlSession
Registering transaction synchronization for SqlSession [org.apache.ibatis.session.defaults.DefaultSqlSession@79c4454]
JDBC Connection [HikariProxyConnection@833545945 wrapping com.mysql.cj.jdbc.ConnectionImpl@247d44b4] will be managed by Spring
==>  Preparing: INSERT INTO `tb_post` (content, author_id, publish_at, last_update) VALUES (?, ?, ?, ?)
==> Parameters: 学习不在于速度，而在于深度。深入理解，让知识根深蒂固。(String), 56(Long), 2024-11-13T00:19:33.384900600(LocalDateTime), 2024-11-13T00:19:33.384900600(LocalDateTime)
<==    Updates: 1
Releasing transactional SqlSession [org.apache.ibatis.session.defaults.DefaultSqlSession@79c4454]
Transaction synchronization committing SqlSession [org.apache.ibatis.session.defaults.DefaultSqlSession@79c4454]
Transaction synchronization deregistering SqlSession [org.apache.ibatis.session.defaults.DefaultSqlSession@79c4454]
Transaction synchronization closing SqlSession [org.apache.ibatis.session.defaults.DefaultSqlSession@79c4454]
Creating a new SqlSession
Registering transaction synchronization for SqlSession [org.apache.ibatis.session.defaults.DefaultSqlSession@64a9fca7]
JDBC Connection [HikariProxyConnection@75867593 wrapping com.mysql.cj.jdbc.ConnectionImpl@247d44b4] will be managed by Spring
==>  Preparing: INSERT INTO `tb_post` (content, author_id, publish_at, last_update) VALUES (?, ?, ?, ?)
==> Parameters: 书籍是知识的海洋，每翻开一页，都是对未知世界的探索。(String), 91(Long), 2024-11-13T00:19:33.389908300(LocalDateTime), 2024-11-13T00:19:33.389908300(LocalDateTime)
<==    Updates: 1
Releasing transactional SqlSession [org.apache.ibatis.session.defaults.DefaultSqlSession@64a9fca7]
Transaction synchronization committing SqlSession [org.apache.ibatis.session.defaults.DefaultSqlSession@64a9fca7]
Transaction synchronization deregistering SqlSession [org.apache.ibatis.session.defaults.DefaultSqlSession@64a9fca7]
Transaction synchronization closing SqlSession [org.apache.ibatis.session.defaults.DefaultSqlSession@64a9fca7]
Creating a new SqlSession
Registering transaction synchronization for SqlSession [org.apache.ibatis.session.defaults.DefaultSqlSession@2e07dc23]
JDBC Connection [HikariProxyConnection@1369314550 wrapping com.mysql.cj.jdbc.ConnectionImpl@247d44b4] will be managed by Spring
==>  Preparing: INSERT INTO `tb_post` (content, author_id, publish_at, last_update) VALUES (?, ?, ?, ?)
==> Parameters: 学习是通往梦想的桥梁，坚持不懈，终会到达彼岸。(String), 21(Long), 2024-11-13T00:19:33.393454600(LocalDateTime), 2024-11-13T00:19:33.393454600(LocalDateTime)
<==    Updates: 1
Releasing transactional SqlSession [org.apache.ibatis.session.defaults.DefaultSqlSession@2e07dc23]
Transaction synchronization committing SqlSession [org.apache.ibatis.session.defaults.DefaultSqlSession@2e07dc23]
Transaction synchronization deregistering SqlSession [org.apache.ibatis.session.defaults.DefaultSqlSession@2e07dc23]
Transaction synchronization closing SqlSession [org.apache.ibatis.session.defaults.DefaultSqlSession@2e07dc23]
Creating a new SqlSession
Registering transaction synchronization for SqlSession [org.apache.ibatis.session.defaults.DefaultSqlSession@2b0d6bf2]
JDBC Connection [HikariProxyConnection@1187589415 wrapping com.mysql.cj.jdbc.ConnectionImpl@247d44b4] will be managed by Spring
==>  Preparing: INSERT INTO `tb_post` (content, author_id, publish_at, last_update) VALUES (?, ?, ?, ?)
==> Parameters: 与其抱怨不懂，不如主动学习。知识不会主动来找你，但你可以去寻找它。(String), 5(Long), 2024-11-13T00:19:33.393454600(LocalDateTime), 2024-11-13T00:19:33.393454600(LocalDateTime)
<==    Updates: 1
Releasing transactional SqlSession [org.apache.ibatis.session.defaults.DefaultSqlSession@2b0d6bf2]
Transaction synchronization committing SqlSession [org.apache.ibatis.session.defaults.DefaultSqlSession@2b0d6bf2]
Transaction synchronization deregistering SqlSession [org.apache.ibatis.session.defaults.DefaultSqlSession@2b0d6bf2]
Transaction synchronization closing SqlSession [org.apache.ibatis.session.defaults.DefaultSqlSession@2b0d6bf2]
Creating a new SqlSession
Registering transaction synchronization for SqlSession [org.apache.ibatis.session.defaults.DefaultSqlSession@4e797a39]
JDBC Connection [HikariProxyConnection@1128872093 wrapping com.mysql.cj.jdbc.ConnectionImpl@247d44b4] will be managed by Spring
==>  Preparing: INSERT INTO `tb_post` (content, author_id, publish_at, last_update) VALUES (?, ?, ?, ?)
==> Parameters: 学习不是负担，而是成长的阶梯。每一步都让你更接近理想中的自己。(String), 62(Long), 2024-11-13T00:19:33.393454600(LocalDateTime), 2024-11-13T00:19:33.393454600(LocalDateTime)
<==    Updates: 1
Releasing transactional SqlSession [org.apache.ibatis.session.defaults.DefaultSqlSession@4e797a39]
Transaction synchronization committing SqlSession [org.apache.ibatis.session.defaults.DefaultSqlSession@4e797a39]
Transaction synchronization deregistering SqlSession [org.apache.ibatis.session.defaults.DefaultSqlSession@4e797a39]
Transaction synchronization closing SqlSession [org.apache.ibatis.session.defaults.DefaultSqlSession@4e797a39]
Creating a new SqlSession
Registering transaction synchronization for SqlSession [org.apache.ibatis.session.defaults.DefaultSqlSession@66c88fce]
JDBC Connection [HikariProxyConnection@1755823122 wrapping com.mysql.cj.jdbc.ConnectionImpl@247d44b4] will be managed by Spring
==>  Preparing: INSERT INTO `tb_post` (content, author_id, publish_at, last_update) VALUES (?, ?, ?, ?)
==> Parameters: 在学习的路上，没有捷径可走，但每一步都算数。(String), 74(Long), 2024-11-13T00:19:33.413795600(LocalDateTime), 2024-11-13T00:19:33.413795600(LocalDateTime)
<==    Updates: 1
Releasing transactional SqlSession [org.apache.ibatis.session.defaults.DefaultSqlSession@66c88fce]
Transaction synchronization committing SqlSession [org.apache.ibatis.session.defaults.DefaultSqlSession@66c88fce]
Transaction synchronization deregistering SqlSession [org.apache.ibatis.session.defaults.DefaultSqlSession@66c88fce]
Transaction synchronization closing SqlSession [org.apache.ibatis.session.defaults.DefaultSqlSession@66c88fce]
Creating a new SqlSession
Registering transaction synchronization for SqlSession [org.apache.ibatis.session.defaults.DefaultSqlSession@31f4fdc5]
JDBC Connection [HikariProxyConnection@500129592 wrapping com.mysql.cj.jdbc.ConnectionImpl@247d44b4] will be managed by Spring
==>  Preparing: INSERT INTO `tb_post` (content, author_id, publish_at, last_update) VALUES (?, ?, ?, ?)
==> Parameters: 不要害怕提问，因为每一个问题都是成长的种子。(String), 43(Long), 2024-11-13T00:19:33.418808(LocalDateTime), 2024-11-13T00:19:33.418808(LocalDateTime)
<==    Updates: 1
Releasing transactional SqlSession [org.apache.ibatis.session.defaults.DefaultSqlSession@31f4fdc5]
Transaction synchronization committing SqlSession [org.apache.ibatis.session.defaults.DefaultSqlSession@31f4fdc5]
Transaction synchronization deregistering SqlSession [org.apache.ibatis.session.defaults.DefaultSqlSession@31f4fdc5]
Transaction synchronization closing SqlSession [org.apache.ibatis.session.defaults.DefaultSqlSession@31f4fdc5]
Creating a new SqlSession
Registering transaction synchronization for SqlSession [org.apache.ibatis.session.defaults.DefaultSqlSession@2286dfcd]
JDBC Connection [HikariProxyConnection@1929957683 wrapping com.mysql.cj.jdbc.ConnectionImpl@247d44b4] will be managed by Spring
==>  Preparing: INSERT INTO `tb_post` (content, author_id, publish_at, last_update) VALUES (?, ?, ?, ?)
==> Parameters: 学习是一场旅行，不在于目的地，而在于沿途的风景和看风景的心情。(String), 53(Long), 2024-11-13T00:19:33.424808200(LocalDateTime), 2024-11-13T00:19:33.424808200(LocalDateTime)
<==    Updates: 1
Releasing transactional SqlSession [org.apache.ibatis.session.defaults.DefaultSqlSession@2286dfcd]
Transaction synchronization committing SqlSession [org.apache.ibatis.session.defaults.DefaultSqlSession@2286dfcd]
Transaction synchronization deregistering SqlSession [org.apache.ibatis.session.defaults.DefaultSqlSession@2286dfcd]
Transaction synchronization closing SqlSession [org.apache.ibatis.session.defaults.DefaultSqlSession@2286dfcd]
Creating a new SqlSession
Registering transaction synchronization for SqlSession [org.apache.ibatis.session.defaults.DefaultSqlSession@5f63a6f2]
JDBC Connection [HikariProxyConnection@1737577556 wrapping com.mysql.cj.jdbc.ConnectionImpl@247d44b4] will be managed by Spring
==>  Preparing: INSERT INTO `tb_post` (content, author_id, publish_at, last_update) VALUES (?, ?, ?, ?)
==> Parameters: 用好奇心点燃学习的热情，让每一天都充满探索的乐趣。(String), 95(Long), 2024-11-13T00:19:33.432468(LocalDateTime), 2024-11-13T00:19:33.432468(LocalDateTime)
<==    Updates: 1
Releasing transactional SqlSession [org.apache.ibatis.session.defaults.DefaultSqlSession@5f63a6f2]
Transaction synchronization committing SqlSession [org.apache.ibatis.session.defaults.DefaultSqlSession@5f63a6f2]
Transaction synchronization deregistering SqlSession [org.apache.ibatis.session.defaults.DefaultSqlSession@5f63a6f2]
Transaction synchronization closing SqlSession [org.apache.ibatis.session.defaults.DefaultSqlSession@5f63a6f2]
Creating a new SqlSession
Registering transaction synchronization for SqlSession [org.apache.ibatis.session.defaults.DefaultSqlSession@b3cbc0e]
JDBC Connection [HikariProxyConnection@1161542555 wrapping com.mysql.cj.jdbc.ConnectionImpl@247d44b4] will be managed by Spring
==>  Preparing: INSERT INTO `tb_post` (content, author_id, publish_at, last_update) VALUES (?, ?, ?, ?)
==> Parameters: 学习不是为了考试，而是为了生活。让知识成为你生活的指南。(String), 46(Long), 2024-11-13T00:19:33.440469800(LocalDateTime), 2024-11-13T00:19:33.440469800(LocalDateTime)
<==    Updates: 1
Releasing transactional SqlSession [org.apache.ibatis.session.defaults.DefaultSqlSession@b3cbc0e]
Transaction synchronization committing SqlSession [org.apache.ibatis.session.defaults.DefaultSqlSession@b3cbc0e]
Transaction synchronization deregistering SqlSession [org.apache.ibatis.session.defaults.DefaultSqlSession@b3cbc0e]
Transaction synchronization closing SqlSession [org.apache.ibatis.session.defaults.DefaultSqlSession@b3cbc0e]
Creating a new SqlSession
Registering transaction synchronization for SqlSession [org.apache.ibatis.session.defaults.DefaultSqlSession@cf82c58]
JDBC Connection [HikariProxyConnection@1526694407 wrapping com.mysql.cj.jdbc.ConnectionImpl@247d44b4] will be managed by Spring
==>  Preparing: INSERT INTO `tb_post` (content, author_id, publish_at, last_update) VALUES (?, ?, ?, ?)
==> Parameters: 分享你的学习成果，让知识的光芒照亮更多人的心灵。(String), 21(Long), 2024-11-13T00:19:33.443459600(LocalDateTime), 2024-11-13T00:19:33.443459600(LocalDateTime)
<==    Updates: 1
Releasing transactional SqlSession [org.apache.ibatis.session.defaults.DefaultSqlSession@cf82c58]
Transaction synchronization committing SqlSession [org.apache.ibatis.session.defaults.DefaultSqlSession@cf82c58]
Transaction synchronization deregistering SqlSession [org.apache.ibatis.session.defaults.DefaultSqlSession@cf82c58]
Transaction synchronization closing SqlSession [org.apache.ibatis.session.defaults.DefaultSqlSession@cf82c58]
Creating a new SqlSession
Registering transaction synchronization for SqlSession [org.apache.ibatis.session.defaults.DefaultSqlSession@eea69a9]
JDBC Connection [HikariProxyConnection@369749333 wrapping com.mysql.cj.jdbc.ConnectionImpl@247d44b4] will be managed by Spring
==>  Preparing: INSERT INTO `tb_post` (content, author_id, publish_at, last_update) VALUES (?, ?, ?, ?)
==> Parameters: 学习是一种习惯，培养它，就像每天刷牙一样自然。(String), 1(Long), 2024-11-13T00:19:33.443459600(LocalDateTime), 2024-11-13T00:19:33.443459600(LocalDateTime)
<==    Updates: 1
Releasing transactional SqlSession [org.apache.ibatis.session.defaults.DefaultSqlSession@eea69a9]
Transaction synchronization committing SqlSession [org.apache.ibatis.session.defaults.DefaultSqlSession@eea69a9]
Transaction synchronization deregistering SqlSession [org.apache.ibatis.session.defaults.DefaultSqlSession@eea69a9]
Transaction synchronization closing SqlSession [org.apache.ibatis.session.defaults.DefaultSqlSession@eea69a9]
Creating a new SqlSession
Registering transaction synchronization for SqlSession [org.apache.ibatis.session.defaults.DefaultSqlSession@32db94fb]
JDBC Connection [HikariProxyConnection@1543560717 wrapping com.mysql.cj.jdbc.ConnectionImpl@247d44b4] will be managed by Spring
==>  Preparing: INSERT INTO `tb_post` (content, author_id, publish_at, last_update) VALUES (?, ?, ?, ?)
==> Parameters: 不要害怕失败，因为每一次失败都是向成功迈进的一步。(String), 82(Long), 2024-11-13T00:19:33.461706400(LocalDateTime), 2024-11-13T00:19:33.461706400(LocalDateTime)
<==    Updates: 1
Releasing transactional SqlSession [org.apache.ibatis.session.defaults.DefaultSqlSession@32db94fb]
Transaction synchronization committing SqlSession [org.apache.ibatis.session.defaults.DefaultSqlSession@32db94fb]
Transaction synchronization deregistering SqlSession [org.apache.ibatis.session.defaults.DefaultSqlSession@32db94fb]
Transaction synchronization closing SqlSession [org.apache.ibatis.session.defaults.DefaultSqlSession@32db94fb]
Creating a new SqlSession
Registering transaction synchronization for SqlSession [org.apache.ibatis.session.defaults.DefaultSqlSession@6a486afb]
JDBC Connection [HikariProxyConnection@327225592 wrapping com.mysql.cj.jdbc.ConnectionImpl@247d44b4] will be managed by Spring
==>  Preparing: INSERT INTO `tb_post` (content, author_id, publish_at, last_update) VALUES (?, ?, ?, ?)
==> Parameters: 学习是永无止境的旅程，享受过程，珍惜每一次成长的机会。(String), 46(Long), 2024-11-13T00:19:33.468703600(LocalDateTime), 2024-11-13T00:19:33.468703600(LocalDateTime)
<==    Updates: 1
Releasing transactional SqlSession [org.apache.ibatis.session.defaults.DefaultSqlSession@6a486afb]
Transaction synchronization committing SqlSession [org.apache.ibatis.session.defaults.DefaultSqlSession@6a486afb]
Transaction synchronization deregistering SqlSession [org.apache.ibatis.session.defaults.DefaultSqlSession@6a486afb]
Transaction synchronization closing SqlSession [org.apache.ibatis.session.defaults.DefaultSqlSession@6a486afb]
Creating a new SqlSession
Registering transaction synchronization for SqlSession [org.apache.ibatis.session.defaults.DefaultSqlSession@4795876e]
JDBC Connection [HikariProxyConnection@1451851232 wrapping com.mysql.cj.jdbc.ConnectionImpl@247d44b4] will be managed by Spring
==>  Preparing: INSERT INTO `tb_post` (content, author_id, publish_at, last_update) VALUES (?, ?, ?, ?)
==> Parameters: 用学习来丰富你的内心世界，让心灵变得更加宽广和深邃。(String), 46(Long), 2024-11-13T00:19:33.474701900(LocalDateTime), 2024-11-13T00:19:33.474701900(LocalDateTime)
<==    Updates: 1
Releasing transactional SqlSession [org.apache.ibatis.session.defaults.DefaultSqlSession@4795876e]
Transaction synchronization committing SqlSession [org.apache.ibatis.session.defaults.DefaultSqlSession@4795876e]
Transaction synchronization deregistering SqlSession [org.apache.ibatis.session.defaults.DefaultSqlSession@4795876e]
Transaction synchronization closing SqlSession [org.apache.ibatis.session.defaults.DefaultSqlSession@4795876e]
Creating a new SqlSession
Registering transaction synchronization for SqlSession [org.apache.ibatis.session.defaults.DefaultSqlSession@3599b7e8]
JDBC Connection [HikariProxyConnection@1390783857 wrapping com.mysql.cj.jdbc.ConnectionImpl@247d44b4] will be managed by Spring
==>  Preparing: INSERT INTO `tb_post` (content, author_id, publish_at, last_update) VALUES (?, ?, ?, ?)
==> Parameters: 学习是通往自由的钥匙，它让你拥有更多的选择和可能性。(String), 29(Long), 2024-11-13T00:19:33.482543800(LocalDateTime), 2024-11-13T00:19:33.482543800(LocalDateTime)
<==    Updates: 1
Releasing transactional SqlSession [org.apache.ibatis.session.defaults.DefaultSqlSession@3599b7e8]
Transaction synchronization committing SqlSession [org.apache.ibatis.session.defaults.DefaultSqlSession@3599b7e8]
Transaction synchronization deregistering SqlSession [org.apache.ibatis.session.defaults.DefaultSqlSession@3599b7e8]
Transaction synchronization closing SqlSession [org.apache.ibatis.session.defaults.DefaultSqlSession@3599b7e8]
Creating a new SqlSession
Registering transaction synchronization for SqlSession [org.apache.ibatis.session.defaults.DefaultSqlSession@2cbd855e]
JDBC Connection [HikariProxyConnection@1773418151 wrapping com.mysql.cj.jdbc.ConnectionImpl@247d44b4] will be managed by Spring
==>  Preparing: INSERT INTO `tb_post` (content, author_id, publish_at, last_update) VALUES (?, ?, ?, ?)
==> Parameters: 不要让过去的成就或失败定义你，持续学习，才能不断进步。(String), 22(Long), 2024-11-13T00:19:33.488543300(LocalDateTime), 2024-11-13T00:19:33.488543300(LocalDateTime)
<==    Updates: 1
Releasing transactional SqlSession [org.apache.ibatis.session.defaults.DefaultSqlSession@2cbd855e]
Transaction synchronization committing SqlSession [org.apache.ibatis.session.defaults.DefaultSqlSession@2cbd855e]
Transaction synchronization deregistering SqlSession [org.apache.ibatis.session.defaults.DefaultSqlSession@2cbd855e]
Transaction synchronization closing SqlSession [org.apache.ibatis.session.defaults.DefaultSqlSession@2cbd855e]
Creating a new SqlSession
Registering transaction synchronization for SqlSession [org.apache.ibatis.session.defaults.DefaultSqlSession@2f08e6d3]
JDBC Connection [HikariProxyConnection@1358323680 wrapping com.mysql.cj.jdbc.ConnectionImpl@247d44b4] will be managed by Spring
==>  Preparing: INSERT INTO `tb_post` (content, author_id, publish_at, last_update) VALUES (?, ?, ?, ?)
==> Parameters: 学习是一种投资，它带来的回报是无尽的智慧和人生的丰富。(String), 14(Long), 2024-11-13T00:19:33.493473800(LocalDateTime), 2024-11-13T00:19:33.493473800(LocalDateTime)
<==    Updates: 1
Releasing transactional SqlSession [org.apache.ibatis.session.defaults.DefaultSqlSession@2f08e6d3]
Transaction synchronization committing SqlSession [org.apache.ibatis.session.defaults.DefaultSqlSession@2f08e6d3]
Transaction synchronization deregistering SqlSession [org.apache.ibatis.session.defaults.DefaultSqlSession@2f08e6d3]
Transaction synchronization closing SqlSession [org.apache.ibatis.session.defaults.DefaultSqlSession@2f08e6d3]
Creating a new SqlSession
Registering transaction synchronization for SqlSession [org.apache.ibatis.session.defaults.DefaultSqlSession@183e64a8]
JDBC Connection [HikariProxyConnection@1266968258 wrapping com.mysql.cj.jdbc.ConnectionImpl@247d44b4] will be managed by Spring
==>  Preparing: INSERT INTO `tb_post` (content, author_id, publish_at, last_update) VALUES (?, ?, ?, ?)
==> Parameters: 与志同道合的人一起学习，可以激发更多的灵感和动力。(String), 60(Long), 2024-11-13T00:19:33.493473800(LocalDateTime), 2024-11-13T00:19:33.493473800(LocalDateTime)
<==    Updates: 1
Releasing transactional SqlSession [org.apache.ibatis.session.defaults.DefaultSqlSession@183e64a8]
Transaction synchronization committing SqlSession [org.apache.ibatis.session.defaults.DefaultSqlSession@183e64a8]
Transaction synchronization deregistering SqlSession [org.apache.ibatis.session.defaults.DefaultSqlSession@183e64a8]
Transaction synchronization closing SqlSession [org.apache.ibatis.session.defaults.DefaultSqlSession@183e64a8]
Creating a new SqlSession
Registering transaction synchronization for SqlSession [org.apache.ibatis.session.defaults.DefaultSqlSession@18bab95b]
JDBC Connection [HikariProxyConnection@1998269275 wrapping com.mysql.cj.jdbc.ConnectionImpl@247d44b4] will be managed by Spring
==>  Preparing: INSERT INTO `tb_post` (content, author_id, publish_at, last_update) VALUES (?, ?, ?, ?)
==> Parameters: 学习不仅是获取知识，更是培养思维能力和解决问题的能力。(String), 94(Long), 2024-11-13T00:19:33.516565700(LocalDateTime), 2024-11-13T00:19:33.516565700(LocalDateTime)
<==    Updates: 1
Releasing transactional SqlSession [org.apache.ibatis.session.defaults.DefaultSqlSession@18bab95b]
Transaction synchronization committing SqlSession [org.apache.ibatis.session.defaults.DefaultSqlSession@18bab95b]
Transaction synchronization deregistering SqlSession [org.apache.ibatis.session.defaults.DefaultSqlSession@18bab95b]
Transaction synchronization closing SqlSession [org.apache.ibatis.session.defaults.DefaultSqlSession@18bab95b]
Creating a new SqlSession
Registering transaction synchronization for SqlSession [org.apache.ibatis.session.defaults.DefaultSqlSession@24ffe853]
JDBC Connection [HikariProxyConnection@584203303 wrapping com.mysql.cj.jdbc.ConnectionImpl@247d44b4] will be managed by Spring
==>  Preparing: INSERT INTO `tb_post` (content, author_id, publish_at, last_update) VALUES (?, ?, ?, ?)
==> Parameters: 不要害怕挑战自己，因为每一次挑战都是成长的契机。(String), 71(Long), 2024-11-13T00:19:33.527474200(LocalDateTime), 2024-11-13T00:19:33.527474200(LocalDateTime)
<==    Updates: 1
Releasing transactional SqlSession [org.apache.ibatis.session.defaults.DefaultSqlSession@24ffe853]
Transaction synchronization committing SqlSession [org.apache.ibatis.session.defaults.DefaultSqlSession@24ffe853]
Transaction synchronization deregistering SqlSession [org.apache.ibatis.session.defaults.DefaultSqlSession@24ffe853]
Transaction synchronization closing SqlSession [org.apache.ibatis.session.defaults.DefaultSqlSession@24ffe853]
Creating a new SqlSession
Registering transaction synchronization for SqlSession [org.apache.ibatis.session.defaults.DefaultSqlSession@7c16cc25]
JDBC Connection [HikariProxyConnection@1019595265 wrapping com.mysql.cj.jdbc.ConnectionImpl@247d44b4] will be managed by Spring
==>  Preparing: INSERT INTO `tb_post` (content, author_id, publish_at, last_update) VALUES (?, ?, ?, ?)
==> Parameters: 学习是一种享受，它让你感受到知识的力量和智慧的魅力。(String), 89(Long), 2024-11-13T00:19:33.538475300(LocalDateTime), 2024-11-13T00:19:33.538475300(LocalDateTime)
<==    Updates: 1
Releasing transactional SqlSession [org.apache.ibatis.session.defaults.DefaultSqlSession@7c16cc25]
Transaction synchronization committing SqlSession [org.apache.ibatis.session.defaults.DefaultSqlSession@7c16cc25]
Transaction synchronization deregistering SqlSession [org.apache.ibatis.session.defaults.DefaultSqlSession@7c16cc25]
Transaction synchronization closing SqlSession [org.apache.ibatis.session.defaults.DefaultSqlSession@7c16cc25]
Creating a new SqlSession
Registering transaction synchronization for SqlSession [org.apache.ibatis.session.defaults.DefaultSqlSession@10acfe30]
JDBC Connection [HikariProxyConnection@2023572983 wrapping com.mysql.cj.jdbc.ConnectionImpl@247d44b4] will be managed by Spring
==>  Preparing: INSERT INTO `tb_post` (content, author_id, publish_at, last_update) VALUES (?, ?, ?, ?)
==> Parameters: 用学习来充实自己，让自己变得更加有内涵和魅力。(String), 79(Long), 2024-11-13T00:19:33.545669300(LocalDateTime), 2024-11-13T00:19:33.545669300(LocalDateTime)
<==    Updates: 1
Releasing transactional SqlSession [org.apache.ibatis.session.defaults.DefaultSqlSession@10acfe30]
Transaction synchronization committing SqlSession [org.apache.ibatis.session.defaults.DefaultSqlSession@10acfe30]
Transaction synchronization deregistering SqlSession [org.apache.ibatis.session.defaults.DefaultSqlSession@10acfe30]
Transaction synchronization closing SqlSession [org.apache.ibatis.session.defaults.DefaultSqlSession@10acfe30]
Creating a new SqlSession
Registering transaction synchronization for SqlSession [org.apache.ibatis.session.defaults.DefaultSqlSession@c8d20bb]
JDBC Connection [HikariProxyConnection@1509255314 wrapping com.mysql.cj.jdbc.ConnectionImpl@247d44b4] will be managed by Spring
==>  Preparing: INSERT INTO `tb_post` (content, author_id, publish_at, last_update) VALUES (?, ?, ?, ?)
==> Parameters: 学习是打开新世界大门的钥匙，勇敢地去探索未知吧！(String), 16(Long), 2024-11-13T00:19:33.561074200(LocalDateTime), 2024-11-13T00:19:33.561074200(LocalDateTime)
<==    Updates: 1
Releasing transactional SqlSession [org.apache.ibatis.session.defaults.DefaultSqlSession@c8d20bb]
Transaction synchronization committing SqlSession [org.apache.ibatis.session.defaults.DefaultSqlSession@c8d20bb]
Transaction synchronization deregistering SqlSession [org.apache.ibatis.session.defaults.DefaultSqlSession@c8d20bb]
Transaction synchronization closing SqlSession [org.apache.ibatis.session.defaults.DefaultSqlSession@c8d20bb]
Creating a new SqlSession
Registering transaction synchronization for SqlSession [org.apache.ibatis.session.defaults.DefaultSqlSession@285b63eb]
JDBC Connection [HikariProxyConnection@531145975 wrapping com.mysql.cj.jdbc.ConnectionImpl@247d44b4] will be managed by Spring
==>  Preparing: INSERT INTO `tb_post` (content, author_id, publish_at, last_update) VALUES (?, ?, ?, ?)
==> Parameters: 不要让年龄成为学习的障碍，无论何时何地，都可以开始学习。(String), 10(Long), 2024-11-13T00:19:33.572075400(LocalDateTime), 2024-11-13T00:19:33.572075400(LocalDateTime)
<==    Updates: 1
Releasing transactional SqlSession [org.apache.ibatis.session.defaults.DefaultSqlSession@285b63eb]
Transaction synchronization committing SqlSession [org.apache.ibatis.session.defaults.DefaultSqlSession@285b63eb]
Transaction synchronization deregistering SqlSession [org.apache.ibatis.session.defaults.DefaultSqlSession@285b63eb]
Transaction synchronization closing SqlSession [org.apache.ibatis.session.defaults.DefaultSqlSession@285b63eb]
Creating a new SqlSession
Registering transaction synchronization for SqlSession [org.apache.ibatis.session.defaults.DefaultSqlSession@3c89fdd8]
JDBC Connection [HikariProxyConnection@1048135485 wrapping com.mysql.cj.jdbc.ConnectionImpl@247d44b4] will be managed by Spring
==>  Preparing: INSERT INTO `tb_post` (content, author_id, publish_at, last_update) VALUES (?, ?, ?, ?)
==> Parameters: 学习是一种态度，它让你更加积极向上、乐观面对生活。(String), 63(Long), 2024-11-13T00:19:33.578566400(LocalDateTime), 2024-11-13T00:19:33.578566400(LocalDateTime)
<==    Updates: 1
Releasing transactional SqlSession [org.apache.ibatis.session.defaults.DefaultSqlSession@3c89fdd8]
Transaction synchronization committing SqlSession [org.apache.ibatis.session.defaults.DefaultSqlSession@3c89fdd8]
Transaction synchronization deregistering SqlSession [org.apache.ibatis.session.defaults.DefaultSqlSession@3c89fdd8]
Transaction synchronization closing SqlSession [org.apache.ibatis.session.defaults.DefaultSqlSession@3c89fdd8]
Creating a new SqlSession
Registering transaction synchronization for SqlSession [org.apache.ibatis.session.defaults.DefaultSqlSession@5889e697]
JDBC Connection [HikariProxyConnection@1208371802 wrapping com.mysql.cj.jdbc.ConnectionImpl@247d44b4] will be managed by Spring
==>  Preparing: INSERT INTO `tb_post` (content, author_id, publish_at, last_update) VALUES (?, ?, ?, ?)
==> Parameters: 用学习来提升自己的竞争力，让自己在职场中脱颖而出。(String), 71(Long), 2024-11-13T00:19:33.584567800(LocalDateTime), 2024-11-13T00:19:33.584567800(LocalDateTime)
<==    Updates: 1
Releasing transactional SqlSession [org.apache.ibatis.session.defaults.DefaultSqlSession@5889e697]
Transaction synchronization committing SqlSession [org.apache.ibatis.session.defaults.DefaultSqlSession@5889e697]
Transaction synchronization deregistering SqlSession [org.apache.ibatis.session.defaults.DefaultSqlSession@5889e697]
Transaction synchronization closing SqlSession [org.apache.ibatis.session.defaults.DefaultSqlSession@5889e697]
Creating a new SqlSession
Registering transaction synchronization for SqlSession [org.apache.ibatis.session.defaults.DefaultSqlSession@2e4262d2]
JDBC Connection [HikariProxyConnection@629050435 wrapping com.mysql.cj.jdbc.ConnectionImpl@247d44b4] will be managed by Spring
==>  Preparing: INSERT INTO `tb_post` (content, author_id, publish_at, last_update) VALUES (?, ?, ?, ?)
==> Parameters: 学习是一种责任，它让你更加明白自己的使命和价值。(String), 53(Long), 2024-11-13T00:19:33.590571100(LocalDateTime), 2024-11-13T00:19:33.590571100(LocalDateTime)
<==    Updates: 1
Releasing transactional SqlSession [org.apache.ibatis.session.defaults.DefaultSqlSession@2e4262d2]
Transaction synchronization committing SqlSession [org.apache.ibatis.session.defaults.DefaultSqlSession@2e4262d2]
Transaction synchronization deregistering SqlSession [org.apache.ibatis.session.defaults.DefaultSqlSession@2e4262d2]
Transaction synchronization closing SqlSession [org.apache.ibatis.session.defaults.DefaultSqlSession@2e4262d2]
Creating a new SqlSession
Registering transaction synchronization for SqlSession [org.apache.ibatis.session.defaults.DefaultSqlSession@189fb01b]
JDBC Connection [HikariProxyConnection@2002285602 wrapping com.mysql.cj.jdbc.ConnectionImpl@247d44b4] will be managed by Spring
==>  Preparing: INSERT INTO `tb_post` (content, author_id, publish_at, last_update) VALUES (?, ?, ?, ?)
==> Parameters: 不要害怕改变，因为每一次改变都可能带来新的机遇和挑战。(String), 6(Long), 2024-11-13T00:19:33.593482500(LocalDateTime), 2024-11-13T00:19:33.593482500(LocalDateTime)
<==    Updates: 1
Releasing transactional SqlSession [org.apache.ibatis.session.defaults.DefaultSqlSession@189fb01b]
Transaction synchronization committing SqlSession [org.apache.ibatis.session.defaults.DefaultSqlSession@189fb01b]
Transaction synchronization deregistering SqlSession [org.apache.ibatis.session.defaults.DefaultSqlSession@189fb01b]
Transaction synchronization closing SqlSession [org.apache.ibatis.session.defaults.DefaultSqlSession@189fb01b]
Creating a new SqlSession
Registering transaction synchronization for SqlSession [org.apache.ibatis.session.defaults.DefaultSqlSession@4400026]
JDBC Connection [HikariProxyConnection@2080917019 wrapping com.mysql.cj.jdbc.ConnectionImpl@247d44b4] will be managed by Spring
==>  Preparing: INSERT INTO `tb_post` (content, author_id, publish_at, last_update) VALUES (?, ?, ?, ?)
==> Parameters: 学习是通往智慧的桥梁，它让你更加明智、更加成熟。(String), 53(Long), 2024-11-13T00:19:33.593482500(LocalDateTime), 2024-11-13T00:19:33.593482500(LocalDateTime)
<==    Updates: 1
Releasing transactional SqlSession [org.apache.ibatis.session.defaults.DefaultSqlSession@4400026]
Transaction synchronization committing SqlSession [org.apache.ibatis.session.defaults.DefaultSqlSession@4400026]
Transaction synchronization deregistering SqlSession [org.apache.ibatis.session.defaults.DefaultSqlSession@4400026]
Transaction synchronization closing SqlSession [org.apache.ibatis.session.defaults.DefaultSqlSession@4400026]
Creating a new SqlSession
Registering transaction synchronization for SqlSession [org.apache.ibatis.session.defaults.DefaultSqlSession@5e38329d]
JDBC Connection [HikariProxyConnection@2105634098 wrapping com.mysql.cj.jdbc.ConnectionImpl@247d44b4] will be managed by Spring
==>  Preparing: INSERT INTO `tb_post` (content, author_id, publish_at, last_update) VALUES (?, ?, ?, ?)
==> Parameters: 用学习来丰富自己的人生经历，让生命变得更加精彩和有意义。(String), 40(Long), 2024-11-13T00:19:33.610194600(LocalDateTime), 2024-11-13T00:19:33.610194600(LocalDateTime)
<==    Updates: 1
Releasing transactional SqlSession [org.apache.ibatis.session.defaults.DefaultSqlSession@5e38329d]
Transaction synchronization committing SqlSession [org.apache.ibatis.session.defaults.DefaultSqlSession@5e38329d]
Transaction synchronization deregistering SqlSession [org.apache.ibatis.session.defaults.DefaultSqlSession@5e38329d]
Transaction synchronization closing SqlSession [org.apache.ibatis.session.defaults.DefaultSqlSession@5e38329d]
Creating a new SqlSession
Registering transaction synchronization for SqlSession [org.apache.ibatis.session.defaults.DefaultSqlSession@443d94ae]
JDBC Connection [HikariProxyConnection@726998651 wrapping com.mysql.cj.jdbc.ConnectionImpl@247d44b4] will be managed by Spring
==>  Preparing: INSERT INTO `tb_post` (content, author_id, publish_at, last_update) VALUES (?, ?, ?, ?)
==> Parameters: 学习是一种享受孤独的方式，它让你在独处中找到内心的平静和力量。(String), 2(Long), 2024-11-13T00:19:33.616585500(LocalDateTime), 2024-11-13T00:19:33.616585500(LocalDateTime)
<==    Updates: 1
Releasing transactional SqlSession [org.apache.ibatis.session.defaults.DefaultSqlSession@443d94ae]
Transaction synchronization committing SqlSession [org.apache.ibatis.session.defaults.DefaultSqlSession@443d94ae]
Transaction synchronization deregistering SqlSession [org.apache.ibatis.session.defaults.DefaultSqlSession@443d94ae]
Transaction synchronization closing SqlSession [org.apache.ibatis.session.defaults.DefaultSqlSession@443d94ae]
Creating a new SqlSession
Registering transaction synchronization for SqlSession [org.apache.ibatis.session.defaults.DefaultSqlSession@309b6768]
JDBC Connection [HikariProxyConnection@1332786777 wrapping com.mysql.cj.jdbc.ConnectionImpl@247d44b4] will be managed by Spring
==>  Preparing: INSERT INTO `tb_post` (content, author_id, publish_at, last_update) VALUES (?, ?, ?, ?)
==> Parameters: 不要害怕尝试新事物，因为每一次尝试都可能带来新的发现和惊喜。(String), 40(Long), 2024-11-13T00:19:33.621594900(LocalDateTime), 2024-11-13T00:19:33.621594900(LocalDateTime)
<==    Updates: 1
Releasing transactional SqlSession [org.apache.ibatis.session.defaults.DefaultSqlSession@309b6768]
Transaction synchronization committing SqlSession [org.apache.ibatis.session.defaults.DefaultSqlSession@309b6768]
Transaction synchronization deregistering SqlSession [org.apache.ibatis.session.defaults.DefaultSqlSession@309b6768]
Transaction synchronization closing SqlSession [org.apache.ibatis.session.defaults.DefaultSqlSession@309b6768]
Creating a new SqlSession
Registering transaction synchronization for SqlSession [org.apache.ibatis.session.defaults.DefaultSqlSession@304933cb]
JDBC Connection [HikariProxyConnection@1877303247 wrapping com.mysql.cj.jdbc.ConnectionImpl@247d44b4] will be managed by Spring
==>  Preparing: INSERT INTO `tb_post` (content, author_id, publish_at, last_update) VALUES (?, ?, ?, ?)
==> Parameters: 学习是通往成功的必经之路，只有不断学习，才能不断进步。(String), 50(Long), 2024-11-13T00:19:33.628628600(LocalDateTime), 2024-11-13T00:19:33.628628600(LocalDateTime)
<==    Updates: 1
Releasing transactional SqlSession [org.apache.ibatis.session.defaults.DefaultSqlSession@304933cb]
Transaction synchronization committing SqlSession [org.apache.ibatis.session.defaults.DefaultSqlSession@304933cb]
Transaction synchronization deregistering SqlSession [org.apache.ibatis.session.defaults.DefaultSqlSession@304933cb]
Transaction synchronization closing SqlSession [org.apache.ibatis.session.defaults.DefaultSqlSession@304933cb]
Creating a new SqlSession
Registering transaction synchronization for SqlSession [org.apache.ibatis.session.defaults.DefaultSqlSession@42c9f2cd]
JDBC Connection [HikariProxyConnection@835594012 wrapping com.mysql.cj.jdbc.ConnectionImpl@247d44b4] will be managed by Spring
==>  Preparing: INSERT INTO `tb_post` (content, author_id, publish_at, last_update) VALUES (?, ?, ?, ?)
==> Parameters: 用学习来拓宽自己的视野，让自己看到更广阔的世界和更多的可能性。(String), 82(Long), 2024-11-13T00:19:33.635632(LocalDateTime), 2024-11-13T00:19:33.635632(LocalDateTime)
<==    Updates: 1
Releasing transactional SqlSession [org.apache.ibatis.session.defaults.DefaultSqlSession@42c9f2cd]
Transaction synchronization committing SqlSession [org.apache.ibatis.session.defaults.DefaultSqlSession@42c9f2cd]
Transaction synchronization deregistering SqlSession [org.apache.ibatis.session.defaults.DefaultSqlSession@42c9f2cd]
Transaction synchronization closing SqlSession [org.apache.ibatis.session.defaults.DefaultSqlSession@42c9f2cd]
Creating a new SqlSession
Registering transaction synchronization for SqlSession [org.apache.ibatis.session.defaults.DefaultSqlSession@3f523dae]
JDBC Connection [HikariProxyConnection@524415577 wrapping com.mysql.cj.jdbc.ConnectionImpl@247d44b4] will be managed by Spring
==>  Preparing: INSERT INTO `tb_post` (content, author_id, publish_at, last_update) VALUES (?, ?, ?, ?)
==> Parameters: 学习是一种自我提升的过程，它让你变得更加优秀和出色。(String), 34(Long), 2024-11-13T00:19:33.640631700(LocalDateTime), 2024-11-13T00:19:33.640631700(LocalDateTime)
<==    Updates: 1
Releasing transactional SqlSession [org.apache.ibatis.session.defaults.DefaultSqlSession@3f523dae]
Transaction synchronization committing SqlSession [org.apache.ibatis.session.defaults.DefaultSqlSession@3f523dae]
Transaction synchronization deregistering SqlSession [org.apache.ibatis.session.defaults.DefaultSqlSession@3f523dae]
Transaction synchronization closing SqlSession [org.apache.ibatis.session.defaults.DefaultSqlSession@3f523dae]
Creating a new SqlSession
Registering transaction synchronization for SqlSession [org.apache.ibatis.session.defaults.DefaultSqlSession@157a2c86]
JDBC Connection [HikariProxyConnection@95655406 wrapping com.mysql.cj.jdbc.ConnectionImpl@247d44b4] will be managed by Spring
==>  Preparing: INSERT INTO `tb_post` (content, author_id, publish_at, last_update) VALUES (?, ?, ?, ?)
==> Parameters: 不要害怕失败后的重新开始，因为每一次开始都是新的机会和希望。(String), 19(Long), 2024-11-13T00:19:33.644734(LocalDateTime), 2024-11-13T00:19:33.644734(LocalDateTime)
<==    Updates: 1
Releasing transactional SqlSession [org.apache.ibatis.session.defaults.DefaultSqlSession@157a2c86]
Transaction synchronization committing SqlSession [org.apache.ibatis.session.defaults.DefaultSqlSession@157a2c86]
Transaction synchronization deregistering SqlSession [org.apache.ibatis.session.defaults.DefaultSqlSession@157a2c86]
Transaction synchronization closing SqlSession [org.apache.ibatis.session.defaults.DefaultSqlSession@157a2c86]
Creating a new SqlSession
Registering transaction synchronization for SqlSession [org.apache.ibatis.session.defaults.DefaultSqlSession@2b68c59b]
JDBC Connection [HikariProxyConnection@1077898244 wrapping com.mysql.cj.jdbc.ConnectionImpl@247d44b4] will be managed by Spring
==>  Preparing: INSERT INTO `tb_post` (content, author_id, publish_at, last_update) VALUES (?, ?, ?, ?)
==> Parameters: 学习是通往内心深处的旅程，它让你更加了解自己、认识自己。(String), 38(Long), 2024-11-13T00:19:33.644734(LocalDateTime), 2024-11-13T00:19:33.644734(LocalDateTime)
<==    Updates: 1
Releasing transactional SqlSession [org.apache.ibatis.session.defaults.DefaultSqlSession@2b68c59b]
Transaction synchronization committing SqlSession [org.apache.ibatis.session.defaults.DefaultSqlSession@2b68c59b]
Transaction synchronization deregistering SqlSession [org.apache.ibatis.session.defaults.DefaultSqlSession@2b68c59b]
Transaction synchronization closing SqlSession [org.apache.ibatis.session.defaults.DefaultSqlSession@2b68c59b]
Creating a new SqlSession
Registering transaction synchronization for SqlSession [org.apache.ibatis.session.defaults.DefaultSqlSession@1043c493]
JDBC Connection [HikariProxyConnection@303127592 wrapping com.mysql.cj.jdbc.ConnectionImpl@247d44b4] will be managed by Spring
==>  Preparing: INSERT INTO `tb_post` (content, author_id, publish_at, last_update) VALUES (?, ?, ?, ?)
==> Parameters: 用学习来培养自己的兴趣爱好，让生活变得更加多彩和有趣。(String), 71(Long), 2024-11-13T00:19:33.661708200(LocalDateTime), 2024-11-13T00:19:33.661708200(LocalDateTime)
<==    Updates: 1
Releasing transactional SqlSession [org.apache.ibatis.session.defaults.DefaultSqlSession@1043c493]
Transaction synchronization committing SqlSession [org.apache.ibatis.session.defaults.DefaultSqlSession@1043c493]
Transaction synchronization deregistering SqlSession [org.apache.ibatis.session.defaults.DefaultSqlSession@1043c493]
Transaction synchronization closing SqlSession [org.apache.ibatis.session.defaults.DefaultSqlSession@1043c493]
Creating a new SqlSession
Registering transaction synchronization for SqlSession [org.apache.ibatis.session.defaults.DefaultSqlSession@173602c0]
JDBC Connection [HikariProxyConnection@485281961 wrapping com.mysql.cj.jdbc.ConnectionImpl@247d44b4] will be managed by Spring
==>  Preparing: INSERT INTO `tb_post` (content, author_id, publish_at, last_update) VALUES (?, ?, ?, ?)
==> Parameters: 学习是一种永不停歇的追求，它让你永远保持年轻和活力。(String), 22(Long), 2024-11-13T00:19:33.672709300(LocalDateTime), 2024-11-13T00:19:33.672709300(LocalDateTime)
<==    Updates: 1
Releasing transactional SqlSession [org.apache.ibatis.session.defaults.DefaultSqlSession@173602c0]
Transaction synchronization committing SqlSession [org.apache.ibatis.session.defaults.DefaultSqlSession@173602c0]
Transaction synchronization deregistering SqlSession [org.apache.ibatis.session.defaults.DefaultSqlSession@173602c0]
Transaction synchronization closing SqlSession [org.apache.ibatis.session.defaults.DefaultSqlSession@173602c0]
Creating a new SqlSession
Registering transaction synchronization for SqlSession [org.apache.ibatis.session.defaults.DefaultSqlSession@17e323fd]
JDBC Connection [HikariProxyConnection@858889712 wrapping com.mysql.cj.jdbc.ConnectionImpl@247d44b4] will be managed by Spring
==>  Preparing: INSERT INTO `tb_post` (content, author_id, publish_at, last_update) VALUES (?, ?, ?, ?)
==> Parameters: 不要害怕困难，因为每一次克服困难都是对自己能力的肯定和提升。(String), 74(Long), 2024-11-13T00:19:33.682318600(LocalDateTime), 2024-11-13T00:19:33.682318600(LocalDateTime)
<==    Updates: 1
Releasing transactional SqlSession [org.apache.ibatis.session.defaults.DefaultSqlSession@17e323fd]
Transaction synchronization committing SqlSession [org.apache.ibatis.session.defaults.DefaultSqlSession@17e323fd]
Transaction synchronization deregistering SqlSession [org.apache.ibatis.session.defaults.DefaultSqlSession@17e323fd]
Transaction synchronization closing SqlSession [org.apache.ibatis.session.defaults.DefaultSqlSession@17e323fd]
Creating a new SqlSession
Registering transaction synchronization for SqlSession [org.apache.ibatis.session.defaults.DefaultSqlSession@16df0ebd]
JDBC Connection [HikariProxyConnection@1653282104 wrapping com.mysql.cj.jdbc.ConnectionImpl@247d44b4] will be managed by Spring
==>  Preparing: INSERT INTO `tb_post` (content, author_id, publish_at, last_update) VALUES (?, ?, ?, ?)
==> Parameters: 学习是通往更高境界的阶梯，只有不断攀登，才能看到更美的风景。(String), 29(Long), 2024-11-13T00:19:33.710613600(LocalDateTime), 2024-11-13T00:19:33.710613600(LocalDateTime)
<==    Updates: 1
Releasing transactional SqlSession [org.apache.ibatis.session.defaults.DefaultSqlSession@16df0ebd]
Transaction synchronization committing SqlSession [org.apache.ibatis.session.defaults.DefaultSqlSession@16df0ebd]
Transaction synchronization deregistering SqlSession [org.apache.ibatis.session.defaults.DefaultSqlSession@16df0ebd]
Transaction synchronization closing SqlSession [org.apache.ibatis.session.defaults.DefaultSqlSession@16df0ebd]
Creating a new SqlSession
Registering transaction synchronization for SqlSession [org.apache.ibatis.session.defaults.DefaultSqlSession@740530b]
JDBC Connection [HikariProxyConnection@1090642246 wrapping com.mysql.cj.jdbc.ConnectionImpl@247d44b4] will be managed by Spring
==>  Preparing: INSERT INTO `tb_post` (content, author_id, publish_at, last_update) VALUES (?, ?, ?, ?)
==> Parameters: 用学习来丰富自己的精神世界，让内心变得更加充实和满足。(String), 7(Long), 2024-11-13T00:19:33.721612900(LocalDateTime), 2024-11-13T00:19:33.721612900(LocalDateTime)
<==    Updates: 1
Releasing transactional SqlSession [org.apache.ibatis.session.defaults.DefaultSqlSession@740530b]
Transaction synchronization committing SqlSession [org.apache.ibatis.session.defaults.DefaultSqlSession@740530b]
Transaction synchronization deregistering SqlSession [org.apache.ibatis.session.defaults.DefaultSqlSession@740530b]
Transaction synchronization closing SqlSession [org.apache.ibatis.session.defaults.DefaultSqlSession@740530b]
Creating a new SqlSession
Registering transaction synchronization for SqlSession [org.apache.ibatis.session.defaults.DefaultSqlSession@cd9ce76]
JDBC Connection [HikariProxyConnection@373590055 wrapping com.mysql.cj.jdbc.ConnectionImpl@247d44b4] will be managed by Spring
==>  Preparing: INSERT INTO `tb_post` (content, author_id, publish_at, last_update) VALUES (?, ?, ?, ?)
==> Parameters: 学习是一种传承，它将前人的智慧和经验传递给我们，让我们少走弯路。(String), 16(Long), 2024-11-13T00:19:33.730437500(LocalDateTime), 2024-11-13T00:19:33.730437500(LocalDateTime)
<==    Updates: 1
Releasing transactional SqlSession [org.apache.ibatis.session.defaults.DefaultSqlSession@cd9ce76]
Transaction synchronization committing SqlSession [org.apache.ibatis.session.defaults.DefaultSqlSession@cd9ce76]
Transaction synchronization deregistering SqlSession [org.apache.ibatis.session.defaults.DefaultSqlSession@cd9ce76]
Transaction synchronization closing SqlSession [org.apache.ibatis.session.defaults.DefaultSqlSession@cd9ce76]
Creating a new SqlSession
Registering transaction synchronization for SqlSession [org.apache.ibatis.session.defaults.DefaultSqlSession@493ed8e6]
JDBC Connection [HikariProxyConnection@1305218621 wrapping com.mysql.cj.jdbc.ConnectionImpl@247d44b4] will be managed by Spring
==>  Preparing: INSERT INTO `tb_post` (content, author_id, publish_at, last_update) VALUES (?, ?, ?, ?)
==> Parameters: 不要害怕未知，因为每一次探索未知都是对自己勇气的考验和锻炼。(String), 51(Long), 2024-11-13T00:19:33.739443900(LocalDateTime), 2024-11-13T00:19:33.739443900(LocalDateTime)
<==    Updates: 1
Releasing transactional SqlSession [org.apache.ibatis.session.defaults.DefaultSqlSession@493ed8e6]
Transaction synchronization committing SqlSession [org.apache.ibatis.session.defaults.DefaultSqlSession@493ed8e6]
Transaction synchronization deregistering SqlSession [org.apache.ibatis.session.defaults.DefaultSqlSession@493ed8e6]
Transaction synchronization closing SqlSession [org.apache.ibatis.session.defaults.DefaultSqlSession@493ed8e6]
Creating a new SqlSession
Registering transaction synchronization for SqlSession [org.apache.ibatis.session.defaults.DefaultSqlSession@70313b0b]
JDBC Connection [HikariProxyConnection@1145512119 wrapping com.mysql.cj.jdbc.ConnectionImpl@247d44b4] will be managed by Spring
==>  Preparing: INSERT INTO `tb_post` (content, author_id, publish_at, last_update) VALUES (?, ?, ?, ?)
==> Parameters: 学习是通往未来的桥梁，它让我们看到未来的希望和可能性。(String), 62(Long), 2024-11-13T00:19:33.745588900(LocalDateTime), 2024-11-13T00:19:33.745588900(LocalDateTime)
<==    Updates: 1
Releasing transactional SqlSession [org.apache.ibatis.session.defaults.DefaultSqlSession@70313b0b]
Transaction synchronization committing SqlSession [org.apache.ibatis.session.defaults.DefaultSqlSession@70313b0b]
Transaction synchronization deregistering SqlSession [org.apache.ibatis.session.defaults.DefaultSqlSession@70313b0b]
Transaction synchronization closing SqlSession [org.apache.ibatis.session.defaults.DefaultSqlSession@70313b0b]
Creating a new SqlSession
Registering transaction synchronization for SqlSession [org.apache.ibatis.session.defaults.DefaultSqlSession@7d0e46dd]
JDBC Connection [HikariProxyConnection@752286440 wrapping com.mysql.cj.jdbc.ConnectionImpl@247d44b4] will be managed by Spring
==>  Preparing: INSERT INTO `tb_post` (content, author_id, publish_at, last_update) VALUES (?, ?, ?, ?)
==> Parameters: 用学习来提升自己的综合素质，让自己成为更全面、更优秀的人。(String), 99(Long), 2024-11-13T00:19:33.797939500(LocalDateTime), 2024-11-13T00:19:33.797939500(LocalDateTime)
<==    Updates: 1
Releasing transactional SqlSession [org.apache.ibatis.session.defaults.DefaultSqlSession@7d0e46dd]
Transaction synchronization committing SqlSession [org.apache.ibatis.session.defaults.DefaultSqlSession@7d0e46dd]
Transaction synchronization deregistering SqlSession [org.apache.ibatis.session.defaults.DefaultSqlSession@7d0e46dd]
Transaction synchronization closing SqlSession [org.apache.ibatis.session.defaults.DefaultSqlSession@7d0e46dd]
Creating a new SqlSession
Registering transaction synchronization for SqlSession [org.apache.ibatis.session.defaults.DefaultSqlSession@7ecd6861]
JDBC Connection [HikariProxyConnection@1994710867 wrapping com.mysql.cj.jdbc.ConnectionImpl@247d44b4] will be managed by Spring
==>  Preparing: INSERT INTO `tb_post` (content, author_id, publish_at, last_update) VALUES (?, ?, ?, ?)
==> Parameters: 学习是一种享受过程的心态，它让我们在追求目标的过程中找到快乐和满足。(String), 58(Long), 2024-11-13T00:19:33.806940(LocalDateTime), 2024-11-13T00:19:33.806940(LocalDateTime)
<==    Updates: 1
Releasing transactional SqlSession [org.apache.ibatis.session.defaults.DefaultSqlSession@7ecd6861]
Transaction synchronization committing SqlSession [org.apache.ibatis.session.defaults.DefaultSqlSession@7ecd6861]
Transaction synchronization deregistering SqlSession [org.apache.ibatis.session.defaults.DefaultSqlSession@7ecd6861]
Transaction synchronization closing SqlSession [org.apache.ibatis.session.defaults.DefaultSqlSession@7ecd6861]
Creating a new SqlSession
Registering transaction synchronization for SqlSession [org.apache.ibatis.session.defaults.DefaultSqlSession@18edbed9]
JDBC Connection [HikariProxyConnection@1978865375 wrapping com.mysql.cj.jdbc.ConnectionImpl@247d44b4] will be managed by Spring
==>  Preparing: INSERT INTO `tb_post` (content, author_id, publish_at, last_update) VALUES (?, ?, ?, ?)
==> Parameters: 不要害怕承认自己的不足，因为每一次承认都是对自己诚实的表现和对未来的期许。(String), 90(Long), 2024-11-13T00:19:33.818951600(LocalDateTime), 2024-11-13T00:19:33.818951600(LocalDateTime)
<==    Updates: 1
Releasing transactional SqlSession [org.apache.ibatis.session.defaults.DefaultSqlSession@18edbed9]
Transaction synchronization committing SqlSession [org.apache.ibatis.session.defaults.DefaultSqlSession@18edbed9]
Transaction synchronization deregistering SqlSession [org.apache.ibatis.session.defaults.DefaultSqlSession@18edbed9]
Transaction synchronization closing SqlSession [org.apache.ibatis.session.defaults.DefaultSqlSession@18edbed9]
Creating a new SqlSession
Registering transaction synchronization for SqlSession [org.apache.ibatis.session.defaults.DefaultSqlSession@20e8286a]
JDBC Connection [HikariProxyConnection@1793414776 wrapping com.mysql.cj.jdbc.ConnectionImpl@247d44b4] will be managed by Spring
==>  Preparing: INSERT INTO `tb_post` (content, author_id, publish_at, last_update) VALUES (?, ?, ?, ?)
==> Parameters: 学习是通往内心深处宁静的途径，它让我们在喧嚣的世界中找到内心的平静和安宁。(String), 73(Long), 2024-11-13T00:19:33.830123300(LocalDateTime), 2024-11-13T00:19:33.830123300(LocalDateTime)
<==    Updates: 1
Releasing transactional SqlSession [org.apache.ibatis.session.defaults.DefaultSqlSession@20e8286a]
Transaction synchronization committing SqlSession [org.apache.ibatis.session.defaults.DefaultSqlSession@20e8286a]
Transaction synchronization deregistering SqlSession [org.apache.ibatis.session.defaults.DefaultSqlSession@20e8286a]
Transaction synchronization closing SqlSession [org.apache.ibatis.session.defaults.DefaultSqlSession@20e8286a]
Creating a new SqlSession
Registering transaction synchronization for SqlSession [org.apache.ibatis.session.defaults.DefaultSqlSession@63be4548]
JDBC Connection [HikariProxyConnection@1377968609 wrapping com.mysql.cj.jdbc.ConnectionImpl@247d44b4] will be managed by Spring
==>  Preparing: INSERT INTO `tb_post` (content, author_id, publish_at, last_update) VALUES (?, ?, ?, ?)
==> Parameters: 用学习来培养自己的创造力和想象力，让思维变得更加开阔和灵活。(String), 60(Long), 2024-11-13T00:19:33.838120100(LocalDateTime), 2024-11-13T00:19:33.839119200(LocalDateTime)
<==    Updates: 1
Releasing transactional SqlSession [org.apache.ibatis.session.defaults.DefaultSqlSession@63be4548]
Transaction synchronization committing SqlSession [org.apache.ibatis.session.defaults.DefaultSqlSession@63be4548]
Transaction synchronization deregistering SqlSession [org.apache.ibatis.session.defaults.DefaultSqlSession@63be4548]
Transaction synchronization closing SqlSession [org.apache.ibatis.session.defaults.DefaultSqlSession@63be4548]
Creating a new SqlSession
Registering transaction synchronization for SqlSession [org.apache.ibatis.session.defaults.DefaultSqlSession@620260ad]
JDBC Connection [HikariProxyConnection@91147932 wrapping com.mysql.cj.jdbc.ConnectionImpl@247d44b4] will be managed by Spring
==>  Preparing: INSERT INTO `tb_post` (content, author_id, publish_at, last_update) VALUES (?, ?, ?, ?)
==> Parameters: 学习是一种不断超越自我的过程，它让我们不断挑战自己的极限和突破自己的束缚。(String), 3(Long), 2024-11-13T00:19:33.843444200(LocalDateTime), 2024-11-13T00:19:33.843444200(LocalDateTime)
<==    Updates: 1
Releasing transactional SqlSession [org.apache.ibatis.session.defaults.DefaultSqlSession@620260ad]
Transaction synchronization committing SqlSession [org.apache.ibatis.session.defaults.DefaultSqlSession@620260ad]
Transaction synchronization deregistering SqlSession [org.apache.ibatis.session.defaults.DefaultSqlSession@620260ad]
Transaction synchronization closing SqlSession [org.apache.ibatis.session.defaults.DefaultSqlSession@620260ad]
Creating a new SqlSession
Registering transaction synchronization for SqlSession [org.apache.ibatis.session.defaults.DefaultSqlSession@2f53e07d]
JDBC Connection [HikariProxyConnection@341631013 wrapping com.mysql.cj.jdbc.ConnectionImpl@247d44b4] will be managed by Spring
==>  Preparing: INSERT INTO `tb_post` (content, author_id, publish_at, last_update) VALUES (?, ?, ?, ?)
==> Parameters: 不要害怕改变自己的想法和观念，因为每一次改变都是对自己认知的升级和拓展。(String), 51(Long), 2024-11-13T00:19:33.843444200(LocalDateTime), 2024-11-13T00:19:33.843444200(LocalDateTime)
<==    Updates: 1
Releasing transactional SqlSession [org.apache.ibatis.session.defaults.DefaultSqlSession@2f53e07d]
Transaction synchronization committing SqlSession [org.apache.ibatis.session.defaults.DefaultSqlSession@2f53e07d]
Transaction synchronization deregistering SqlSession [org.apache.ibatis.session.defaults.DefaultSqlSession@2f53e07d]
Transaction synchronization closing SqlSession [org.apache.ibatis.session.defaults.DefaultSqlSession@2f53e07d]
Creating a new SqlSession
Registering transaction synchronization for SqlSession [org.apache.ibatis.session.defaults.DefaultSqlSession@2735a7dc]
JDBC Connection [HikariProxyConnection@747909318 wrapping com.mysql.cj.jdbc.ConnectionImpl@247d44b4] will be managed by Spring
==>  Preparing: INSERT INTO `tb_post` (content, author_id, publish_at, last_update) VALUES (?, ?, ?, ?)
==> Parameters: 学习是通往更高层次思维和认知的必经之路，只有不断学习，才能不断提升自己的思维水平和认知能力。(String), 38(Long), 2024-11-13T00:19:33.861153300(LocalDateTime), 2024-11-13T00:19:33.861153300(LocalDateTime)
<==    Updates: 1
Releasing transactional SqlSession [org.apache.ibatis.session.defaults.DefaultSqlSession@2735a7dc]
Transaction synchronization committing SqlSession [org.apache.ibatis.session.defaults.DefaultSqlSession@2735a7dc]
Transaction synchronization deregistering SqlSession [org.apache.ibatis.session.defaults.DefaultSqlSession@2735a7dc]
Transaction synchronization closing SqlSession [org.apache.ibatis.session.defaults.DefaultSqlSession@2735a7dc]
Creating a new SqlSession
Registering transaction synchronization for SqlSession [org.apache.ibatis.session.defaults.DefaultSqlSession@61b6f287]
JDBC Connection [HikariProxyConnection@906244819 wrapping com.mysql.cj.jdbc.ConnectionImpl@247d44b4] will be managed by Spring
==>  Preparing: INSERT INTO `tb_post` (content, author_id, publish_at, last_update) VALUES (?, ?, ?, ?)
==> Parameters: 用学习来拓宽自己的社交圈子，结交更多志同道合的朋友和伙伴。(String), 77(Long), 2024-11-13T00:19:33.868141900(LocalDateTime), 2024-11-13T00:19:33.868141900(LocalDateTime)
<==    Updates: 1
Releasing transactional SqlSession [org.apache.ibatis.session.defaults.DefaultSqlSession@61b6f287]
Transaction synchronization committing SqlSession [org.apache.ibatis.session.defaults.DefaultSqlSession@61b6f287]
Transaction synchronization deregistering SqlSession [org.apache.ibatis.session.defaults.DefaultSqlSession@61b6f287]
Transaction synchronization closing SqlSession [org.apache.ibatis.session.defaults.DefaultSqlSession@61b6f287]
Creating a new SqlSession
Registering transaction synchronization for SqlSession [org.apache.ibatis.session.defaults.DefaultSqlSession@193710c3]
JDBC Connection [HikariProxyConnection@826542045 wrapping com.mysql.cj.jdbc.ConnectionImpl@247d44b4] will be managed by Spring
==>  Preparing: INSERT INTO `tb_post` (content, author_id, publish_at, last_update) VALUES (?, ?, ?, ?)
==> Parameters: 学习是一种对自己的投资，它带来的回报是长期的、持久的。(String), 50(Long), 2024-11-13T00:19:33.874144400(LocalDateTime), 2024-11-13T00:19:33.874144400(LocalDateTime)
<==    Updates: 1
Releasing transactional SqlSession [org.apache.ibatis.session.defaults.DefaultSqlSession@193710c3]
Transaction synchronization committing SqlSession [org.apache.ibatis.session.defaults.DefaultSqlSession@193710c3]
Transaction synchronization deregistering SqlSession [org.apache.ibatis.session.defaults.DefaultSqlSession@193710c3]
Transaction synchronization closing SqlSession [org.apache.ibatis.session.defaults.DefaultSqlSession@193710c3]
Creating a new SqlSession
Registering transaction synchronization for SqlSession [org.apache.ibatis.session.defaults.DefaultSqlSession@41f84bb1]
JDBC Connection [HikariProxyConnection@1697117834 wrapping com.mysql.cj.jdbc.ConnectionImpl@247d44b4] will be managed by Spring
==>  Preparing: INSERT INTO `tb_post` (content, author_id, publish_at, last_update) VALUES (?, ?, ?, ?)
==> Parameters: 不要害怕面对自己的弱点和缺陷，因为每一次面对都是对自己成长的促进和推动。(String), 8(Long), 2024-11-13T00:19:33.885147(LocalDateTime), 2024-11-13T00:19:33.885147(LocalDateTime)
<==    Updates: 1
Releasing transactional SqlSession [org.apache.ibatis.session.defaults.DefaultSqlSession@41f84bb1]
Transaction synchronization committing SqlSession [org.apache.ibatis.session.defaults.DefaultSqlSession@41f84bb1]
Transaction synchronization deregistering SqlSession [org.apache.ibatis.session.defaults.DefaultSqlSession@41f84bb1]
Transaction synchronization closing SqlSession [org.apache.ibatis.session.defaults.DefaultSqlSession@41f84bb1]
Creating a new SqlSession
Registering transaction synchronization for SqlSession [org.apache.ibatis.session.defaults.DefaultSqlSession@3958e148]
JDBC Connection [HikariProxyConnection@603574478 wrapping com.mysql.cj.jdbc.ConnectionImpl@247d44b4] will be managed by Spring
==>  Preparing: INSERT INTO `tb_post` (content, author_id, publish_at, last_update) VALUES (?, ?, ?, ?)
==> Parameters: 学习是通往内心深处自信和力量的源泉，它让我们更加坚定地追求自己的梦想和目标。(String), 50(Long), 2024-11-13T00:19:33.891140200(LocalDateTime), 2024-11-13T00:19:33.891140200(LocalDateTime)
<==    Updates: 1
Releasing transactional SqlSession [org.apache.ibatis.session.defaults.DefaultSqlSession@3958e148]
Transaction synchronization committing SqlSession [org.apache.ibatis.session.defaults.DefaultSqlSession@3958e148]
Transaction synchronization deregistering SqlSession [org.apache.ibatis.session.defaults.DefaultSqlSession@3958e148]
Transaction synchronization closing SqlSession [org.apache.ibatis.session.defaults.DefaultSqlSession@3958e148]
Creating a new SqlSession
Registering transaction synchronization for SqlSession [org.apache.ibatis.session.defaults.DefaultSqlSession@408a0e92]
JDBC Connection [HikariProxyConnection@2090535958 wrapping com.mysql.cj.jdbc.ConnectionImpl@247d44b4] will be managed by Spring
==>  Preparing: INSERT INTO `tb_post` (content, author_id, publish_at, last_update) VALUES (?, ?, ?, ?)
==> Parameters: 用学习来提升自己的领导力和团队协作能力，成为更优秀的领导者或团队成员。(String), 99(Long), 2024-11-13T00:19:33.901022500(LocalDateTime), 2024-11-13T00:19:33.901022500(LocalDateTime)
<==    Updates: 1
Releasing transactional SqlSession [org.apache.ibatis.session.defaults.DefaultSqlSession@408a0e92]
Transaction synchronization committing SqlSession [org.apache.ibatis.session.defaults.DefaultSqlSession@408a0e92]
Transaction synchronization deregistering SqlSession [org.apache.ibatis.session.defaults.DefaultSqlSession@408a0e92]
Transaction synchronization closing SqlSession [org.apache.ibatis.session.defaults.DefaultSqlSession@408a0e92]
Creating a new SqlSession
Registering transaction synchronization for SqlSession [org.apache.ibatis.session.defaults.DefaultSqlSession@4fb3c670]
JDBC Connection [HikariProxyConnection@1369857878 wrapping com.mysql.cj.jdbc.ConnectionImpl@247d44b4] will be managed by Spring
==>  Preparing: INSERT INTO `tb_post` (content, author_id, publish_at, last_update) VALUES (?, ?, ?, ?)
==> Parameters: 学习是一种不断适应变化的能力，它让我们在快速变化的世界中保持竞争力和生存能力。(String), 54(Long), 2024-11-13T00:19:33.911102800(LocalDateTime), 2024-11-13T00:19:33.911102800(LocalDateTime)
<==    Updates: 1
Releasing transactional SqlSession [org.apache.ibatis.session.defaults.DefaultSqlSession@4fb3c670]
Transaction synchronization committing SqlSession [org.apache.ibatis.session.defaults.DefaultSqlSession@4fb3c670]
Transaction synchronization deregistering SqlSession [org.apache.ibatis.session.defaults.DefaultSqlSession@4fb3c670]
Transaction synchronization closing SqlSession [org.apache.ibatis.session.defaults.DefaultSqlSession@4fb3c670]
Creating a new SqlSession
Registering transaction synchronization for SqlSession [org.apache.ibatis.session.defaults.DefaultSqlSession@56a6aadb]
JDBC Connection [HikariProxyConnection@275903405 wrapping com.mysql.cj.jdbc.ConnectionImpl@247d44b4] will be managed by Spring
==>  Preparing: INSERT INTO `tb_post` (content, author_id, publish_at, last_update) VALUES (?, ?, ?, ?)
==> Parameters: 不要害怕接受新的挑战和任务，因为每一次接受都是对自己能力的锻炼和提升。(String), 73(Long), 2024-11-13T00:19:33.922101500(LocalDateTime), 2024-11-13T00:19:33.922101500(LocalDateTime)
<==    Updates: 1
Releasing transactional SqlSession [org.apache.ibatis.session.defaults.DefaultSqlSession@56a6aadb]
Transaction synchronization committing SqlSession [org.apache.ibatis.session.defaults.DefaultSqlSession@56a6aadb]
Transaction synchronization deregistering SqlSession [org.apache.ibatis.session.defaults.DefaultSqlSession@56a6aadb]
Transaction synchronization closing SqlSession [org.apache.ibatis.session.defaults.DefaultSqlSession@56a6aadb]
Creating a new SqlSession
Registering transaction synchronization for SqlSession [org.apache.ibatis.session.defaults.DefaultSqlSession@7444714e]
JDBC Connection [HikariProxyConnection@2009180110 wrapping com.mysql.cj.jdbc.ConnectionImpl@247d44b4] will be managed by Spring
==>  Preparing: INSERT INTO `tb_post` (content, author_id, publish_at, last_update) VALUES (?, ?, ?, ?)
==> Parameters: 学习是通往更高层次人生境界的阶梯，只有不断学习，才能不断提升自己的人生质量和幸福感。(String), 9(Long), 2024-11-13T00:19:33.926731300(LocalDateTime), 2024-11-13T00:19:33.926731300(LocalDateTime)
<==    Updates: 1
Releasing transactional SqlSession [org.apache.ibatis.session.defaults.DefaultSqlSession@7444714e]
Transaction synchronization committing SqlSession [org.apache.ibatis.session.defaults.DefaultSqlSession@7444714e]
Transaction synchronization deregistering SqlSession [org.apache.ibatis.session.defaults.DefaultSqlSession@7444714e]
Transaction synchronization closing SqlSession [org.apache.ibatis.session.defaults.DefaultSqlSession@7444714e]
Creating a new SqlSession
Registering transaction synchronization for SqlSession [org.apache.ibatis.session.defaults.DefaultSqlSession@101eb529]
JDBC Connection [HikariProxyConnection@1523093869 wrapping com.mysql.cj.jdbc.ConnectionImpl@247d44b4] will be managed by Spring
==>  Preparing: INSERT INTO `tb_post` (content, author_id, publish_at, last_update) VALUES (?, ?, ?, ?)
==> Parameters: 用学习来培养自己的耐心和毅力，让自己在面对困难和挑战时更加坚韧不拔。(String), 94(Long), 2024-11-13T00:19:33.944910600(LocalDateTime), 2024-11-13T00:19:33.944910600(LocalDateTime)
<==    Updates: 1
Releasing transactional SqlSession [org.apache.ibatis.session.defaults.DefaultSqlSession@101eb529]
Transaction synchronization committing SqlSession [org.apache.ibatis.session.defaults.DefaultSqlSession@101eb529]
Transaction synchronization deregistering SqlSession [org.apache.ibatis.session.defaults.DefaultSqlSession@101eb529]
Transaction synchronization closing SqlSession [org.apache.ibatis.session.defaults.DefaultSqlSession@101eb529]
Creating a new SqlSession
Registering transaction synchronization for SqlSession [org.apache.ibatis.session.defaults.DefaultSqlSession@207358ad]
JDBC Connection [HikariProxyConnection@1658329286 wrapping com.mysql.cj.jdbc.ConnectionImpl@247d44b4] will be managed by Spring
==>  Preparing: INSERT INTO `tb_post` (content, author_id, publish_at, last_update) VALUES (?, ?, ?, ?)
==> Parameters: 学习是一种对自己的善待和关爱，它让我们在忙碌的生活中找到片刻的宁静和放松。(String), 74(Long), 2024-11-13T00:19:33.945914700(LocalDateTime), 2024-11-13T00:19:33.945914700(LocalDateTime)
<==    Updates: 1
Releasing transactional SqlSession [org.apache.ibatis.session.defaults.DefaultSqlSession@207358ad]
Transaction synchronization committing SqlSession [org.apache.ibatis.session.defaults.DefaultSqlSession@207358ad]
Transaction synchronization deregistering SqlSession [org.apache.ibatis.session.defaults.DefaultSqlSession@207358ad]
Transaction synchronization closing SqlSession [org.apache.ibatis.session.defaults.DefaultSqlSession@207358ad]
Creating a new SqlSession
Registering transaction synchronization for SqlSession [org.apache.ibatis.session.defaults.DefaultSqlSession@3a744e32]
JDBC Connection [HikariProxyConnection@623837370 wrapping com.mysql.cj.jdbc.ConnectionImpl@247d44b4] will be managed by Spring
==>  Preparing: INSERT INTO `tb_post` (content, author_id, publish_at, last_update) VALUES (?, ?, ?, ?)
==> Parameters: 不要害怕失败后的反思和总结，因为每一次反思都是对自己成长的促进和推动。(String), 8(Long), 2024-11-13T00:19:33.963676100(LocalDateTime), 2024-11-13T00:19:33.963676100(LocalDateTime)
<==    Updates: 1
Releasing transactional SqlSession [org.apache.ibatis.session.defaults.DefaultSqlSession@3a744e32]
Transaction synchronization committing SqlSession [org.apache.ibatis.session.defaults.DefaultSqlSession@3a744e32]
Transaction synchronization deregistering SqlSession [org.apache.ibatis.session.defaults.DefaultSqlSession@3a744e32]
Transaction synchronization closing SqlSession [org.apache.ibatis.session.defaults.DefaultSqlSession@3a744e32]
Creating a new SqlSession
Registering transaction synchronization for SqlSession [org.apache.ibatis.session.defaults.DefaultSqlSession@515555b]
JDBC Connection [HikariProxyConnection@541846360 wrapping com.mysql.cj.jdbc.ConnectionImpl@247d44b4] will be managed by Spring
==>  Preparing: INSERT INTO `tb_post` (content, author_id, publish_at, last_update) VALUES (?, ?, ?, ?)
==> Parameters: 学习是通往内心深处智慧和灵感的源泉，它让我们更加敏锐地洞察世界和人生。(String), 75(Long), 2024-11-13T00:19:33.973678400(LocalDateTime), 2024-11-13T00:19:33.973678400(LocalDateTime)
<==    Updates: 1
Releasing transactional SqlSession [org.apache.ibatis.session.defaults.DefaultSqlSession@515555b]
Transaction synchronization committing SqlSession [org.apache.ibatis.session.defaults.DefaultSqlSession@515555b]
Transaction synchronization deregistering SqlSession [org.apache.ibatis.session.defaults.DefaultSqlSession@515555b]
Transaction synchronization closing SqlSession [org.apache.ibatis.session.defaults.DefaultSqlSession@515555b]
Creating a new SqlSession
Registering transaction synchronization for SqlSession [org.apache.ibatis.session.defaults.DefaultSqlSession@4c5379f5]
JDBC Connection [HikariProxyConnection@448739537 wrapping com.mysql.cj.jdbc.ConnectionImpl@247d44b4] will be managed by Spring
==>  Preparing: INSERT INTO `tb_post` (content, author_id, publish_at, last_update) VALUES (?, ?, ?, ?)
==> Parameters: 用学习来提升自己的创新能力和解决问题的能力，成为更优秀的创新者或问题解决者。(String), 70(Long), 2024-11-13T00:19:33.982551700(LocalDateTime), 2024-11-13T00:19:33.982551700(LocalDateTime)
<==    Updates: 1
Releasing transactional SqlSession [org.apache.ibatis.session.defaults.DefaultSqlSession@4c5379f5]
Transaction synchronization committing SqlSession [org.apache.ibatis.session.defaults.DefaultSqlSession@4c5379f5]
Transaction synchronization deregistering SqlSession [org.apache.ibatis.session.defaults.DefaultSqlSession@4c5379f5]
Transaction synchronization closing SqlSession [org.apache.ibatis.session.defaults.DefaultSqlSession@4c5379f5]
Creating a new SqlSession
Registering transaction synchronization for SqlSession [org.apache.ibatis.session.defaults.DefaultSqlSession@13446044]
JDBC Connection [HikariProxyConnection@849515361 wrapping com.mysql.cj.jdbc.ConnectionImpl@247d44b4] will be managed by Spring
==>  Preparing: INSERT INTO `tb_post` (content, author_id, publish_at, last_update) VALUES (?, ?, ?, ?)
==> Parameters: 学习是一种不断追求进步和完美的态度，它让我们永远不满足于现状，不断追求更好的自己和更好的未来。(String), 77(Long), 2024-11-13T00:19:33.992554700(LocalDateTime), 2024-11-13T00:19:33.992554700(LocalDateTime)
<==    Updates: 1
Releasing transactional SqlSession [org.apache.ibatis.session.defaults.DefaultSqlSession@13446044]
Transaction synchronization committing SqlSession [org.apache.ibatis.session.defaults.DefaultSqlSession@13446044]
Transaction synchronization deregistering SqlSession [org.apache.ibatis.session.defaults.DefaultSqlSession@13446044]
Transaction synchronization closing SqlSession [org.apache.ibatis.session.defaults.DefaultSqlSession@13446044]
Creating a new SqlSession
Registering transaction synchronization for SqlSession [org.apache.ibatis.session.defaults.DefaultSqlSession@481b8d53]
JDBC Connection [HikariProxyConnection@1965388767 wrapping com.mysql.cj.jdbc.ConnectionImpl@247d44b4] will be managed by Spring
==>  Preparing: INSERT INTO `tb_post` (content, author_id, publish_at, last_update) VALUES (?, ?, ?, ?)
==> Parameters: 不要害怕尝试新的学习方法和技巧，因为每一次尝试都可能带来新的突破和进步。(String), 39(Long), 2024-11-13T00:19:33.993404300(LocalDateTime), 2024-11-13T00:19:33.993404300(LocalDateTime)
<==    Updates: 1
Releasing transactional SqlSession [org.apache.ibatis.session.defaults.DefaultSqlSession@481b8d53]
Transaction synchronization committing SqlSession [org.apache.ibatis.session.defaults.DefaultSqlSession@481b8d53]
Transaction synchronization deregistering SqlSession [org.apache.ibatis.session.defaults.DefaultSqlSession@481b8d53]
Transaction synchronization closing SqlSession [org.apache.ibatis.session.defaults.DefaultSqlSession@481b8d53]
Creating a new SqlSession
Registering transaction synchronization for SqlSession [org.apache.ibatis.session.defaults.DefaultSqlSession@3524ee20]
JDBC Connection [HikariProxyConnection@2140404961 wrapping com.mysql.cj.jdbc.ConnectionImpl@247d44b4] will be managed by Spring
==>  Preparing: INSERT INTO `tb_post` (content, author_id, publish_at, last_update) VALUES (?, ?, ?, ?)
==> Parameters: 学习是通往内心深处喜悦和满足的途径，它让我们在追求知识的过程中找到真正的快乐和幸福。(String), 32(Long), 2024-11-13T00:19:34.013769500(LocalDateTime), 2024-11-13T00:19:34.013769500(LocalDateTime)
<==    Updates: 1
Releasing transactional SqlSession [org.apache.ibatis.session.defaults.DefaultSqlSession@3524ee20]
Transaction synchronization committing SqlSession [org.apache.ibatis.session.defaults.DefaultSqlSession@3524ee20]
Transaction synchronization deregistering SqlSession [org.apache.ibatis.session.defaults.DefaultSqlSession@3524ee20]
Transaction synchronization closing SqlSession [org.apache.ibatis.session.defaults.DefaultSqlSession@3524ee20]
Creating a new SqlSession
Registering transaction synchronization for SqlSession [org.apache.ibatis.session.defaults.DefaultSqlSession@23f27434]
JDBC Connection [HikariProxyConnection@801963227 wrapping com.mysql.cj.jdbc.ConnectionImpl@247d44b4] will be managed by Spring
==>  Preparing: INSERT INTO `tb_post` (content, author_id, publish_at, last_update) VALUES (?, ?, ?, ?)
==> Parameters: 用学习来拓宽自己的职业道路和发展空间，成为更优秀的职场人士或创业者。(String), 58(Long), 2024-11-13T00:19:34.019812800(LocalDateTime), 2024-11-13T00:19:34.019812800(LocalDateTime)
<==    Updates: 1
Releasing transactional SqlSession [org.apache.ibatis.session.defaults.DefaultSqlSession@23f27434]
Transaction synchronization committing SqlSession [org.apache.ibatis.session.defaults.DefaultSqlSession@23f27434]
Transaction synchronization deregistering SqlSession [org.apache.ibatis.session.defaults.DefaultSqlSession@23f27434]
Transaction synchronization closing SqlSession [org.apache.ibatis.session.defaults.DefaultSqlSession@23f27434]
Creating a new SqlSession
Registering transaction synchronization for SqlSession [org.apache.ibatis.session.defaults.DefaultSqlSession@28f7cca4]
JDBC Connection [HikariProxyConnection@760487425 wrapping com.mysql.cj.jdbc.ConnectionImpl@247d44b4] will be managed by Spring
==>  Preparing: INSERT INTO `tb_post` (content, author_id, publish_at, last_update) VALUES (?, ?, ?, ?)
==> Parameters: 学习是一种对自己的责任和担当，它让我们更加明确自己的目标和方向。(String), 5(Long), 2024-11-13T00:19:34.025767300(LocalDateTime), 2024-11-13T00:19:34.025767300(LocalDateTime)
<==    Updates: 1
Releasing transactional SqlSession [org.apache.ibatis.session.defaults.DefaultSqlSession@28f7cca4]
Transaction synchronization committing SqlSession [org.apache.ibatis.session.defaults.DefaultSqlSession@28f7cca4]
Transaction synchronization deregistering SqlSession [org.apache.ibatis.session.defaults.DefaultSqlSession@28f7cca4]
Transaction synchronization closing SqlSession [org.apache.ibatis.session.defaults.DefaultSqlSession@28f7cca4]
Creating a new SqlSession
Registering transaction synchronization for SqlSession [org.apache.ibatis.session.defaults.DefaultSqlSession@14ecd835]
JDBC Connection [HikariProxyConnection@518757980 wrapping com.mysql.cj.jdbc.ConnectionImpl@247d44b4] will be managed by Spring
==>  Preparing: INSERT INTO `tb_post` (content, author_id, publish_at, last_update) VALUES (?, ?, ?, ?)
==> Parameters: 不要害怕面对自己的恐惧和不安，因为每一次面对都是对自己勇气和信心的考验和锻炼。(String), 1(Long), 2024-11-13T00:19:34.034120(LocalDateTime), 2024-11-13T00:19:34.034120(LocalDateTime)
<==    Updates: 1
Releasing transactional SqlSession [org.apache.ibatis.session.defaults.DefaultSqlSession@14ecd835]
Transaction synchronization committing SqlSession [org.apache.ibatis.session.defaults.DefaultSqlSession@14ecd835]
Transaction synchronization deregistering SqlSession [org.apache.ibatis.session.defaults.DefaultSqlSession@14ecd835]
Transaction synchronization closing SqlSession [org.apache.ibatis.session.defaults.DefaultSqlSession@14ecd835]
Creating a new SqlSession
Registering transaction synchronization for SqlSession [org.apache.ibatis.session.defaults.DefaultSqlSession@6c27be1d]
JDBC Connection [HikariProxyConnection@1369468885 wrapping com.mysql.cj.jdbc.ConnectionImpl@247d44b4] will be managed by Spring
==>  Preparing: INSERT INTO `tb_post` (content, author_id, publish_at, last_update) VALUES (?, ?, ?, ?)
==> Parameters: 学习是通往内心深处成长和成熟的阶梯，它让我们在不断学习的过程中变得更加坚强和自信。(String), 35(Long), 2024-11-13T00:19:34.041121900(LocalDateTime), 2024-11-13T00:19:34.041121900(LocalDateTime)
<==    Updates: 1
Releasing transactional SqlSession [org.apache.ibatis.session.defaults.DefaultSqlSession@6c27be1d]
Transaction synchronization committing SqlSession [org.apache.ibatis.session.defaults.DefaultSqlSession@6c27be1d]
Transaction synchronization deregistering SqlSession [org.apache.ibatis.session.defaults.DefaultSqlSession@6c27be1d]
Transaction synchronization closing SqlSession [org.apache.ibatis.session.defaults.DefaultSqlSession@6c27be1d]
Creating a new SqlSession
Registering transaction synchronization for SqlSession [org.apache.ibatis.session.defaults.DefaultSqlSession@3f7aa4f8]
JDBC Connection [HikariProxyConnection@604225989 wrapping com.mysql.cj.jdbc.ConnectionImpl@247d44b4] will be managed by Spring
==>  Preparing: INSERT INTO `tb_post` (content, author_id, publish_at, last_update) VALUES (?, ?, ?, ?)
==> Parameters: 用学习来培养自己的同理心和关爱他人的能力，成为更善良、更有爱心的人。(String), 31(Long), 2024-11-13T00:19:34.043397200(LocalDateTime), 2024-11-13T00:19:34.043397200(LocalDateTime)
<==    Updates: 1
Releasing transactional SqlSession [org.apache.ibatis.session.defaults.DefaultSqlSession@3f7aa4f8]
Transaction synchronization committing SqlSession [org.apache.ibatis.session.defaults.DefaultSqlSession@3f7aa4f8]
Transaction synchronization deregistering SqlSession [org.apache.ibatis.session.defaults.DefaultSqlSession@3f7aa4f8]
Transaction synchronization closing SqlSession [org.apache.ibatis.session.defaults.DefaultSqlSession@3f7aa4f8]
Creating a new SqlSession
Registering transaction synchronization for SqlSession [org.apache.ibatis.session.defaults.DefaultSqlSession@3a70acd5]
JDBC Connection [HikariProxyConnection@1104899659 wrapping com.mysql.cj.jdbc.ConnectionImpl@247d44b4] will be managed by Spring
==>  Preparing: INSERT INTO `tb_post` (content, author_id, publish_at, last_update) VALUES (?, ?, ?, ?)
==> Parameters: 学习是一种不断追求真理和智慧的过程，它让我们更加明白人生的意义和价值。(String), 73(Long), 2024-11-13T00:19:34.043397200(LocalDateTime), 2024-11-13T00:19:34.043397200(LocalDateTime)
<==    Updates: 1
Releasing transactional SqlSession [org.apache.ibatis.session.defaults.DefaultSqlSession@3a70acd5]
Transaction synchronization committing SqlSession [org.apache.ibatis.session.defaults.DefaultSqlSession@3a70acd5]
Transaction synchronization deregistering SqlSession [org.apache.ibatis.session.defaults.DefaultSqlSession@3a70acd5]
Transaction synchronization closing SqlSession [org.apache.ibatis.session.defaults.DefaultSqlSession@3a70acd5]
Creating a new SqlSession
Registering transaction synchronization for SqlSession [org.apache.ibatis.session.defaults.DefaultSqlSession@564e9c0b]
JDBC Connection [HikariProxyConnection@567572723 wrapping com.mysql.cj.jdbc.ConnectionImpl@247d44b4] will be managed by Spring
==>  Preparing: INSERT INTO `tb_post` (content, author_id, publish_at, last_update) VALUES (?, ?, ?, ?)
==> Parameters: 不要害怕承认自己的错误和不足，因为每一次承认都是对自己成长的促进和对未来的期许。(String), 11(Long), 2024-11-13T00:19:34.062131200(LocalDateTime), 2024-11-13T00:19:34.062131200(LocalDateTime)
<==    Updates: 1
Releasing transactional SqlSession [org.apache.ibatis.session.defaults.DefaultSqlSession@564e9c0b]
Transaction synchronization committing SqlSession [org.apache.ibatis.session.defaults.DefaultSqlSession@564e9c0b]
Transaction synchronization deregistering SqlSession [org.apache.ibatis.session.defaults.DefaultSqlSession@564e9c0b]
Transaction synchronization closing SqlSession [org.apache.ibatis.session.defaults.DefaultSqlSession@564e9c0b]
Creating a new SqlSession
Registering transaction synchronization for SqlSession [org.apache.ibatis.session.defaults.DefaultSqlSession@3dfe2797]
JDBC Connection [HikariProxyConnection@885018785 wrapping com.mysql.cj.jdbc.ConnectionImpl@247d44b4] will be managed by Spring
==>  Preparing: INSERT INTO `tb_post` (content, author_id, publish_at, last_update) VALUES (?, ?, ?, ?)
==> Parameters: 学习是通往内心深处自由和解放的途径，它让我们摆脱束缚和限制，追求真正的自由和幸福。(String), 62(Long), 2024-11-13T00:19:34.070127900(LocalDateTime), 2024-11-13T00:19:34.070127900(LocalDateTime)
<==    Updates: 1
Releasing transactional SqlSession [org.apache.ibatis.session.defaults.DefaultSqlSession@3dfe2797]
Transaction synchronization committing SqlSession [org.apache.ibatis.session.defaults.DefaultSqlSession@3dfe2797]
Transaction synchronization deregistering SqlSession [org.apache.ibatis.session.defaults.DefaultSqlSession@3dfe2797]
Transaction synchronization closing SqlSession [org.apache.ibatis.session.defaults.DefaultSqlSession@3dfe2797]
Creating a new SqlSession
Registering transaction synchronization for SqlSession [org.apache.ibatis.session.defaults.DefaultSqlSession@73f6ffb1]
JDBC Connection [HikariProxyConnection@1107168664 wrapping com.mysql.cj.jdbc.ConnectionImpl@247d44b4] will be managed by Spring
==>  Preparing: INSERT INTO `tb_post` (content, author_id, publish_at, last_update) VALUES (?, ?, ?, ?)
==> Parameters: 用学习来提升自己的沟通能力和人际交往能力，成为更优秀的沟通者或人际交往者。(String), 24(Long), 2024-11-13T00:19:34.077901200(LocalDateTime), 2024-11-13T00:19:34.077901200(LocalDateTime)
<==    Updates: 1
Releasing transactional SqlSession [org.apache.ibatis.session.defaults.DefaultSqlSession@73f6ffb1]
Transaction synchronization committing SqlSession [org.apache.ibatis.session.defaults.DefaultSqlSession@73f6ffb1]
Transaction synchronization deregistering SqlSession [org.apache.ibatis.session.defaults.DefaultSqlSession@73f6ffb1]
Transaction synchronization closing SqlSession [org.apache.ibatis.session.defaults.DefaultSqlSession@73f6ffb1]
Creating a new SqlSession
Registering transaction synchronization for SqlSession [org.apache.ibatis.session.defaults.DefaultSqlSession@5562f297]
JDBC Connection [HikariProxyConnection@49365994 wrapping com.mysql.cj.jdbc.ConnectionImpl@247d44b4] will be managed by Spring
==>  Preparing: INSERT INTO `tb_post` (content, author_id, publish_at, last_update) VALUES (?, ?, ?, ?)
==> Parameters: 学习是一种对自己的挑战和突破，它让我们不断超越自己的极限和拓展自己的边界。(String), 20(Long), 2024-11-13T00:19:34.094353300(LocalDateTime), 2024-11-13T00:19:34.094353300(LocalDateTime)
<==    Updates: 1
Releasing transactional SqlSession [org.apache.ibatis.session.defaults.DefaultSqlSession@5562f297]
Transaction synchronization committing SqlSession [org.apache.ibatis.session.defaults.DefaultSqlSession@5562f297]
Transaction synchronization deregistering SqlSession [org.apache.ibatis.session.defaults.DefaultSqlSession@5562f297]
Transaction synchronization closing SqlSession [org.apache.ibatis.session.defaults.DefaultSqlSession@5562f297]
Creating a new SqlSession
Registering transaction synchronization for SqlSession [org.apache.ibatis.session.defaults.DefaultSqlSession@700b035b]
JDBC Connection [HikariProxyConnection@1194181141 wrapping com.mysql.cj.jdbc.ConnectionImpl@247d44b4] will be managed by Spring
==>  Preparing: INSERT INTO `tb_post` (content, author_id, publish_at, last_update) VALUES (?, ?, ?, ?)
==> Parameters: 不要害怕面对未知的挑战和机遇，因为每一次面对都是对自己能力和智慧的考验和锻炼。(String), 14(Long), 2024-11-13T00:19:34.110020800(LocalDateTime), 2024-11-13T00:19:34.110020800(LocalDateTime)
<==    Updates: 1
Releasing transactional SqlSession [org.apache.ibatis.session.defaults.DefaultSqlSession@700b035b]
Transaction synchronization committing SqlSession [org.apache.ibatis.session.defaults.DefaultSqlSession@700b035b]
Transaction synchronization deregistering SqlSession [org.apache.ibatis.session.defaults.DefaultSqlSession@700b035b]
Transaction synchronization closing SqlSession [org.apache.ibatis.session.defaults.DefaultSqlSession@700b035b]
Creating a new SqlSession
Registering transaction synchronization for SqlSession [org.apache.ibatis.session.defaults.DefaultSqlSession@20c55658]
JDBC Connection [HikariProxyConnection@236544568 wrapping com.mysql.cj.jdbc.ConnectionImpl@247d44b4] will be managed by Spring
==>  Preparing: INSERT INTO `tb_post` (content, author_id, publish_at, last_update) VALUES (?, ?, ?, ?)
==> Parameters: 学习是通往内心深处平静和安宁的源泉，它让我们在喧嚣的世界中找到内心的宁静和力量。(String), 75(Long), 2024-11-13T00:19:34.119906300(LocalDateTime), 2024-11-13T00:19:34.119906300(LocalDateTime)
<==    Updates: 1
Releasing transactional SqlSession [org.apache.ibatis.session.defaults.DefaultSqlSession@20c55658]
Transaction synchronization committing SqlSession [org.apache.ibatis.session.defaults.DefaultSqlSession@20c55658]
Transaction synchronization deregistering SqlSession [org.apache.ibatis.session.defaults.DefaultSqlSession@20c55658]
Transaction synchronization closing SqlSession [org.apache.ibatis.session.defaults.DefaultSqlSession@20c55658]
Creating a new SqlSession
Registering transaction synchronization for SqlSession [org.apache.ibatis.session.defaults.DefaultSqlSession@6441db2c]
JDBC Connection [HikariProxyConnection@1677203878 wrapping com.mysql.cj.jdbc.ConnectionImpl@247d44b4] will be managed by Spring
==>  Preparing: INSERT INTO `tb_post` (content, author_id, publish_at, last_update) VALUES (?, ?, ?, ?)
==> Parameters: 用学习来培养自己的领导力和决策能力，成为更优秀的领导者或决策者。(String), 84(Long), 2024-11-13T00:19:34.129102800(LocalDateTime), 2024-11-13T00:19:34.129102800(LocalDateTime)
<==    Updates: 1
Releasing transactional SqlSession [org.apache.ibatis.session.defaults.DefaultSqlSession@6441db2c]
Transaction synchronization committing SqlSession [org.apache.ibatis.session.defaults.DefaultSqlSession@6441db2c]
Transaction synchronization deregistering SqlSession [org.apache.ibatis.session.defaults.DefaultSqlSession@6441db2c]
Transaction synchronization closing SqlSession [org.apache.ibatis.session.defaults.DefaultSqlSession@6441db2c]
Creating a new SqlSession
Registering transaction synchronization for SqlSession [org.apache.ibatis.session.defaults.DefaultSqlSession@6c2063e0]
JDBC Connection [HikariProxyConnection@578967394 wrapping com.mysql.cj.jdbc.ConnectionImpl@247d44b4] will be managed by Spring
==>  Preparing: INSERT INTO `tb_post` (content, author_id, publish_at, last_update) VALUES (?, ?, ?, ?)
==> Parameters: 学习是一种不断追求成长和进步的心态，它让我们永远保持年轻和活力。(String), 35(Long), 2024-11-13T00:19:34.142097400(LocalDateTime), 2024-11-13T00:19:34.142097400(LocalDateTime)
<==    Updates: 1
Releasing transactional SqlSession [org.apache.ibatis.session.defaults.DefaultSqlSession@6c2063e0]
Transaction synchronization committing SqlSession [org.apache.ibatis.session.defaults.DefaultSqlSession@6c2063e0]
Transaction synchronization deregistering SqlSession [org.apache.ibatis.session.defaults.DefaultSqlSession@6c2063e0]
Transaction synchronization closing SqlSession [org.apache.ibatis.session.defaults.DefaultSqlSession@6c2063e0]
Creating a new SqlSession
Registering transaction synchronization for SqlSession [org.apache.ibatis.session.defaults.DefaultSqlSession@27ea7c8f]
JDBC Connection [HikariProxyConnection@507268114 wrapping com.mysql.cj.jdbc.ConnectionImpl@247d44b4] will be managed by Spring
==>  Preparing: INSERT INTO `tb_post` (content, author_id, publish_at, last_update) VALUES (?, ?, ?, ?)
==> Parameters: 不要害怕接受新的观点和想法，因为每一次接受都是对自己思维的拓展和升级。(String), 8(Long), 2024-11-13T00:19:34.146168900(LocalDateTime), 2024-11-13T00:19:34.146168900(LocalDateTime)
<==    Updates: 1
Releasing transactional SqlSession [org.apache.ibatis.session.defaults.DefaultSqlSession@27ea7c8f]
Transaction synchronization committing SqlSession [org.apache.ibatis.session.defaults.DefaultSqlSession@27ea7c8f]
Transaction synchronization deregistering SqlSession [org.apache.ibatis.session.defaults.DefaultSqlSession@27ea7c8f]
Transaction synchronization closing SqlSession [org.apache.ibatis.session.defaults.DefaultSqlSession@27ea7c8f]
Creating a new SqlSession
Registering transaction synchronization for SqlSession [org.apache.ibatis.session.defaults.DefaultSqlSession@1aade3c]
JDBC Connection [HikariProxyConnection@1990315034 wrapping com.mysql.cj.jdbc.ConnectionImpl@247d44b4] will be managed by Spring
==>  Preparing: INSERT INTO `tb_post` (content, author_id, publish_at, last_update) VALUES (?, ?, ?, ?)
==> Parameters: 学习是通往内心深处智慧和灵感的桥梁，它让我们更加敏锐地感知世界和人生的美好。(String), 32(Long), 2024-11-13T00:19:34.166428(LocalDateTime), 2024-11-13T00:19:34.166428(LocalDateTime)
<==    Updates: 1
Releasing transactional SqlSession [org.apache.ibatis.session.defaults.DefaultSqlSession@1aade3c]
Transaction synchronization committing SqlSession [org.apache.ibatis.session.defaults.DefaultSqlSession@1aade3c]
Transaction synchronization deregistering SqlSession [org.apache.ibatis.session.defaults.DefaultSqlSession@1aade3c]
Transaction synchronization closing SqlSession [org.apache.ibatis.session.defaults.DefaultSqlSession@1aade3c]
Creating a new SqlSession
Registering transaction synchronization for SqlSession [org.apache.ibatis.session.defaults.DefaultSqlSession@21252bef]
JDBC Connection [HikariProxyConnection@1385709669 wrapping com.mysql.cj.jdbc.ConnectionImpl@247d44b4] will be managed by Spring
==>  Preparing: INSERT INTO `tb_post` (content, author_id, publish_at, last_update) VALUES (?, ?, ?, ?)
==> Parameters: 用学习来提升自己的创造力和艺术修养，成为更优秀的艺术家或创造者。(String), 94(Long), 2024-11-13T00:19:34.178423800(LocalDateTime), 2024-11-13T00:19:34.178423800(LocalDateTime)
<==    Updates: 1
Releasing transactional SqlSession [org.apache.ibatis.session.defaults.DefaultSqlSession@21252bef]
Transaction synchronization committing SqlSession [org.apache.ibatis.session.defaults.DefaultSqlSession@21252bef]
Transaction synchronization deregistering SqlSession [org.apache.ibatis.session.defaults.DefaultSqlSession@21252bef]
Transaction synchronization closing SqlSession [org.apache.ibatis.session.defaults.DefaultSqlSession@21252bef]
Creating a new SqlSession
Registering transaction synchronization for SqlSession [org.apache.ibatis.session.defaults.DefaultSqlSession@5b132063]
JDBC Connection [HikariProxyConnection@172517457 wrapping com.mysql.cj.jdbc.ConnectionImpl@247d44b4] will be managed by Spring
==>  Preparing: INSERT INTO `tb_post` (content, author_id, publish_at, last_update) VALUES (?, ?, ?, ?)
==> Parameters: 学习是一种对自己的善待和呵护，它让我们在忙碌的生活中找到片刻的放松和愉悦。(String), 85(Long), 2024-11-13T00:19:34.191420600(LocalDateTime), 2024-11-13T00:19:34.191420600(LocalDateTime)
<==    Updates: 1
Releasing transactional SqlSession [org.apache.ibatis.session.defaults.DefaultSqlSession@5b132063]
Transaction synchronization committing SqlSession [org.apache.ibatis.session.defaults.DefaultSqlSession@5b132063]
Transaction synchronization deregistering SqlSession [org.apache.ibatis.session.defaults.DefaultSqlSession@5b132063]
Transaction synchronization closing SqlSession [org.apache.ibatis.session.defaults.DefaultSqlSession@5b132063]
Creating a new SqlSession
Registering transaction synchronization for SqlSession [org.apache.ibatis.session.defaults.DefaultSqlSession@1dd4c691]
JDBC Connection [HikariProxyConnection@448491930 wrapping com.mysql.cj.jdbc.ConnectionImpl@247d44b4] will be managed by Spring
==>  Preparing: INSERT INTO `tb_post` (content, author_id, publish_at, last_update) VALUES (?, ?, ?, ?)
==> Parameters: 不要害怕面对自己的弱点和不足，因为每一次面对都是对自己成长的促进和对未来的期待。(String), 60(Long), 2024-11-13T00:19:34.203929600(LocalDateTime), 2024-11-13T00:19:34.203929600(LocalDateTime)
<==    Updates: 1
Releasing transactional SqlSession [org.apache.ibatis.session.defaults.DefaultSqlSession@1dd4c691]
Transaction synchronization committing SqlSession [org.apache.ibatis.session.defaults.DefaultSqlSession@1dd4c691]
Transaction synchronization deregistering SqlSession [org.apache.ibatis.session.defaults.DefaultSqlSession@1dd4c691]
Transaction synchronization closing SqlSession [org.apache.ibatis.session.defaults.DefaultSqlSession@1dd4c691]
Creating a new SqlSession
Registering transaction synchronization for SqlSession [org.apache.ibatis.session.defaults.DefaultSqlSession@515b7335]
JDBC Connection [HikariProxyConnection@560849466 wrapping com.mysql.cj.jdbc.ConnectionImpl@247d44b4] will be managed by Spring
==>  Preparing: INSERT INTO `tb_post` (content, author_id, publish_at, last_update) VALUES (?, ?, ?, ?)
==> Parameters: 学习让我们看见不一样的世界，感受不一样的文化，理解不一样的人生。(String), 24(Long), 2024-11-13T00:19:34.213596900(LocalDateTime), 2024-11-13T00:19:34.213596900(LocalDateTime)
<==    Updates: 1
Releasing transactional SqlSession [org.apache.ibatis.session.defaults.DefaultSqlSession@515b7335]
Transaction synchronization committing SqlSession [org.apache.ibatis.session.defaults.DefaultSqlSession@515b7335]
Transaction synchronization deregistering SqlSession [org.apache.ibatis.session.defaults.DefaultSqlSession@515b7335]
Transaction synchronization closing SqlSession [org.apache.ibatis.session.defaults.DefaultSqlSession@515b7335]
Creating a new SqlSession
Registering transaction synchronization for SqlSession [org.apache.ibatis.session.defaults.DefaultSqlSession@3021e31]
JDBC Connection [HikariProxyConnection@855914030 wrapping com.mysql.cj.jdbc.ConnectionImpl@247d44b4] will be managed by Spring
==>  Preparing: INSERT INTO `tb_post` (content, author_id, publish_at, last_update) VALUES (?, ?, ?, ?)
==> Parameters: 在学习的道路上，每一步都算数，每一次努力都值得。(String), 41(Long), 2024-11-13T00:19:34.229424200(LocalDateTime), 2024-11-13T00:19:34.229424200(LocalDateTime)
<==    Updates: 1
Releasing transactional SqlSession [org.apache.ibatis.session.defaults.DefaultSqlSession@3021e31]
Transaction synchronization committing SqlSession [org.apache.ibatis.session.defaults.DefaultSqlSession@3021e31]
Transaction synchronization deregistering SqlSession [org.apache.ibatis.session.defaults.DefaultSqlSession@3021e31]
Transaction synchronization closing SqlSession [org.apache.ibatis.session.defaults.DefaultSqlSession@3021e31]
Creating a new SqlSession
Registering transaction synchronization for SqlSession [org.apache.ibatis.session.defaults.DefaultSqlSession@5b166420]
JDBC Connection [HikariProxyConnection@397262543 wrapping com.mysql.cj.jdbc.ConnectionImpl@247d44b4] will be managed by Spring
==>  Preparing: INSERT INTO `tb_post` (content, author_id, publish_at, last_update) VALUES (?, ?, ?, ?)
==> Parameters: 学习不是为了别人，而是为了自己，为了成为更好的自己。(String), 65(Long), 2024-11-13T00:19:34.239425500(LocalDateTime), 2024-11-13T00:19:34.239425500(LocalDateTime)
<==    Updates: 1
Releasing transactional SqlSession [org.apache.ibatis.session.defaults.DefaultSqlSession@5b166420]
Transaction synchronization committing SqlSession [org.apache.ibatis.session.defaults.DefaultSqlSession@5b166420]
Transaction synchronization deregistering SqlSession [org.apache.ibatis.session.defaults.DefaultSqlSession@5b166420]
Transaction synchronization closing SqlSession [org.apache.ibatis.session.defaults.DefaultSqlSession@5b166420]
Creating a new SqlSession
Registering transaction synchronization for SqlSession [org.apache.ibatis.session.defaults.DefaultSqlSession@74214ac3]
JDBC Connection [HikariProxyConnection@187545788 wrapping com.mysql.cj.jdbc.ConnectionImpl@247d44b4] will be managed by Spring
==>  Preparing: INSERT INTO `tb_post` (content, author_id, publish_at, last_update) VALUES (?, ?, ?, ?)
==> Parameters: 用学习点亮生活的每一个角落，让每一天都充满希望和活力。(String), 56(Long), 2024-11-13T00:19:34.244704600(LocalDateTime), 2024-11-13T00:19:34.244704600(LocalDateTime)
<==    Updates: 1
Releasing transactional SqlSession [org.apache.ibatis.session.defaults.DefaultSqlSession@74214ac3]
Transaction synchronization committing SqlSession [org.apache.ibatis.session.defaults.DefaultSqlSession@74214ac3]
Transaction synchronization deregistering SqlSession [org.apache.ibatis.session.defaults.DefaultSqlSession@74214ac3]
Transaction synchronization closing SqlSession [org.apache.ibatis.session.defaults.DefaultSqlSession@74214ac3]
Creating a new SqlSession
Registering transaction synchronization for SqlSession [org.apache.ibatis.session.defaults.DefaultSqlSession@6a450cb5]
JDBC Connection [HikariProxyConnection@1711756103 wrapping com.mysql.cj.jdbc.ConnectionImpl@247d44b4] will be managed by Spring
==>  Preparing: INSERT INTO `tb_post` (content, author_id, publish_at, last_update) VALUES (?, ?, ?, ?)
==> Parameters: 学习是一种投资，投资在自己身上，永远不会亏本。(String), 76(Long), 2024-11-13T00:19:34.244704600(LocalDateTime), 2024-11-13T00:19:34.244704600(LocalDateTime)
<==    Updates: 1
Releasing transactional SqlSession [org.apache.ibatis.session.defaults.DefaultSqlSession@6a450cb5]
Transaction synchronization committing SqlSession [org.apache.ibatis.session.defaults.DefaultSqlSession@6a450cb5]
Transaction synchronization deregistering SqlSession [org.apache.ibatis.session.defaults.DefaultSqlSession@6a450cb5]
Transaction synchronization closing SqlSession [org.apache.ibatis.session.defaults.DefaultSqlSession@6a450cb5]
Creating a new SqlSession
Registering transaction synchronization for SqlSession [org.apache.ibatis.session.defaults.DefaultSqlSession@283595db]
JDBC Connection [HikariProxyConnection@1647882506 wrapping com.mysql.cj.jdbc.ConnectionImpl@247d44b4] will be managed by Spring
==>  Preparing: INSERT INTO `tb_post` (content, author_id, publish_at, last_update) VALUES (?, ?, ?, ?)
==> Parameters: 不要害怕提问，因为每一个问题都可能是通往新知识的钥匙。(String), 49(Long), 2024-11-13T00:19:34.261646100(LocalDateTime), 2024-11-13T00:19:34.261646100(LocalDateTime)
<==    Updates: 1
Releasing transactional SqlSession [org.apache.ibatis.session.defaults.DefaultSqlSession@283595db]
Transaction synchronization committing SqlSession [org.apache.ibatis.session.defaults.DefaultSqlSession@283595db]
Transaction synchronization deregistering SqlSession [org.apache.ibatis.session.defaults.DefaultSqlSession@283595db]
Transaction synchronization closing SqlSession [org.apache.ibatis.session.defaults.DefaultSqlSession@283595db]
Creating a new SqlSession
Registering transaction synchronization for SqlSession [org.apache.ibatis.session.defaults.DefaultSqlSession@71d0ad00]
JDBC Connection [HikariProxyConnection@777295125 wrapping com.mysql.cj.jdbc.ConnectionImpl@247d44b4] will be managed by Spring
==>  Preparing: INSERT INTO `tb_post` (content, author_id, publish_at, last_update) VALUES (?, ?, ?, ?)
==> Parameters: 学习让我们更加自信，更加勇敢地面对生活的挑战。(String), 98(Long), 2024-11-13T00:19:34.267681300(LocalDateTime), 2024-11-13T00:19:34.267681300(LocalDateTime)
<==    Updates: 1
Releasing transactional SqlSession [org.apache.ibatis.session.defaults.DefaultSqlSession@71d0ad00]
Transaction synchronization committing SqlSession [org.apache.ibatis.session.defaults.DefaultSqlSession@71d0ad00]
Transaction synchronization deregistering SqlSession [org.apache.ibatis.session.defaults.DefaultSqlSession@71d0ad00]
Transaction synchronization closing SqlSession [org.apache.ibatis.session.defaults.DefaultSqlSession@71d0ad00]
Creating a new SqlSession
Registering transaction synchronization for SqlSession [org.apache.ibatis.session.defaults.DefaultSqlSession@31406eab]
JDBC Connection [HikariProxyConnection@838403351 wrapping com.mysql.cj.jdbc.ConnectionImpl@247d44b4] will be managed by Spring
==>  Preparing: INSERT INTO `tb_post` (content, author_id, publish_at, last_update) VALUES (?, ?, ?, ?)
==> Parameters: 与书籍为伴，与知识同行，让学习成为你生命中最美好的习惯。(String), 44(Long), 2024-11-13T00:19:34.273645500(LocalDateTime), 2024-11-13T00:19:34.273645500(LocalDateTime)
<==    Updates: 1
Releasing transactional SqlSession [org.apache.ibatis.session.defaults.DefaultSqlSession@31406eab]
Transaction synchronization committing SqlSession [org.apache.ibatis.session.defaults.DefaultSqlSession@31406eab]
Transaction synchronization deregistering SqlSession [org.apache.ibatis.session.defaults.DefaultSqlSession@31406eab]
Transaction synchronization closing SqlSession [org.apache.ibatis.session.defaults.DefaultSqlSession@31406eab]
Creating a new SqlSession
Registering transaction synchronization for SqlSession [org.apache.ibatis.session.defaults.DefaultSqlSession@139da216]
JDBC Connection [HikariProxyConnection@1021339581 wrapping com.mysql.cj.jdbc.ConnectionImpl@247d44b4] will be managed by Spring
==>  Preparing: INSERT INTO `tb_post` (content, author_id, publish_at, last_update) VALUES (?, ?, ?, ?)
==> Parameters: 学习不仅是为了获取知识，更是为了培养我们的思维方式和解决问题的能力。(String), 48(Long), 2024-11-13T00:19:34.279825100(LocalDateTime), 2024-11-13T00:19:34.279825100(LocalDateTime)
<==    Updates: 1
Releasing transactional SqlSession [org.apache.ibatis.session.defaults.DefaultSqlSession@139da216]
Transaction synchronization committing SqlSession [org.apache.ibatis.session.defaults.DefaultSqlSession@139da216]
Transaction synchronization deregistering SqlSession [org.apache.ibatis.session.defaults.DefaultSqlSession@139da216]
Transaction synchronization closing SqlSession [org.apache.ibatis.session.defaults.DefaultSqlSession@139da216]
Creating a new SqlSession
Registering transaction synchronization for SqlSession [org.apache.ibatis.session.defaults.DefaultSqlSession@5a6f1342]
JDBC Connection [HikariProxyConnection@1587189379 wrapping com.mysql.cj.jdbc.ConnectionImpl@247d44b4] will be managed by Spring
==>  Preparing: INSERT INTO `tb_post` (content, author_id, publish_at, last_update) VALUES (?, ?, ?, ?)
==> Parameters: 让我们一起在学习的道路上携手前行，共同探索未知的世界，创造美好的未来！(String), 45(Long), 2024-11-13T00:19:34.285824200(LocalDateTime), 2024-11-13T00:19:34.285824200(LocalDateTime)
<==    Updates: 1
Releasing transactional SqlSession [org.apache.ibatis.session.defaults.DefaultSqlSession@5a6f1342]
Transaction synchronization committing SqlSession [org.apache.ibatis.session.defaults.DefaultSqlSession@5a6f1342]
Transaction synchronization deregistering SqlSession [org.apache.ibatis.session.defaults.DefaultSqlSession@5a6f1342]
Transaction synchronization closing SqlSession [org.apache.ibatis.session.defaults.DefaultSqlSession@5a6f1342]
Creating a new SqlSession
Registering transaction synchronization for SqlSession [org.apache.ibatis.session.defaults.DefaultSqlSession@2a8081f5]
JDBC Connection [HikariProxyConnection@132958792 wrapping com.mysql.cj.jdbc.ConnectionImpl@247d44b4] will be managed by Spring
==>  Preparing: INSERT INTO `tb_post` (content, author_id, publish_at, last_update) VALUES (?, ?, ?, ?)
==> Parameters: 阳光洒在窗台上，带来了一天的好心情。(String), 93(Long), 2024-11-13T00:19:34.291827200(LocalDateTime), 2024-11-13T00:19:34.291827200(LocalDateTime)
<==    Updates: 1
Releasing transactional SqlSession [org.apache.ibatis.session.defaults.DefaultSqlSession@2a8081f5]
Transaction synchronization committing SqlSession [org.apache.ibatis.session.defaults.DefaultSqlSession@2a8081f5]
Transaction synchronization deregistering SqlSession [org.apache.ibatis.session.defaults.DefaultSqlSession@2a8081f5]
Transaction synchronization closing SqlSession [org.apache.ibatis.session.defaults.DefaultSqlSession@2a8081f5]
Creating a new SqlSession
Registering transaction synchronization for SqlSession [org.apache.ibatis.session.defaults.DefaultSqlSession@12faeada]
JDBC Connection [HikariProxyConnection@402269681 wrapping com.mysql.cj.jdbc.ConnectionImpl@247d44b4] will be managed by Spring
==>  Preparing: INSERT INTO `tb_post` (content, author_id, publish_at, last_update) VALUES (?, ?, ?, ?)
==> Parameters: 书籍是人类进步的阶梯，阅读是心灵的旅行。(String), 31(Long), 2024-11-13T00:19:34.301272300(LocalDateTime), 2024-11-13T00:19:34.301272300(LocalDateTime)
<==    Updates: 1
Releasing transactional SqlSession [org.apache.ibatis.session.defaults.DefaultSqlSession@12faeada]
Transaction synchronization committing SqlSession [org.apache.ibatis.session.defaults.DefaultSqlSession@12faeada]
Transaction synchronization deregistering SqlSession [org.apache.ibatis.session.defaults.DefaultSqlSession@12faeada]
Transaction synchronization closing SqlSession [org.apache.ibatis.session.defaults.DefaultSqlSession@12faeada]
Creating a new SqlSession
Registering transaction synchronization for SqlSession [org.apache.ibatis.session.defaults.DefaultSqlSession@48dfce5c]
JDBC Connection [HikariProxyConnection@1036971139 wrapping com.mysql.cj.jdbc.ConnectionImpl@247d44b4] will be managed by Spring
==>  Preparing: INSERT INTO `tb_post` (content, author_id, publish_at, last_update) VALUES (?, ?, ?, ?)
==> Parameters: 音乐的旋律能够治愈心灵，带来平静。(String), 89(Long), 2024-11-13T00:19:34.309280600(LocalDateTime), 2024-11-13T00:19:34.309280600(LocalDateTime)
<==    Updates: 1
Releasing transactional SqlSession [org.apache.ibatis.session.defaults.DefaultSqlSession@48dfce5c]
Transaction synchronization committing SqlSession [org.apache.ibatis.session.defaults.DefaultSqlSession@48dfce5c]
Transaction synchronization deregistering SqlSession [org.apache.ibatis.session.defaults.DefaultSqlSession@48dfce5c]
Transaction synchronization closing SqlSession [org.apache.ibatis.session.defaults.DefaultSqlSession@48dfce5c]
Creating a new SqlSession
Registering transaction synchronization for SqlSession [org.apache.ibatis.session.defaults.DefaultSqlSession@5a0f5567]
JDBC Connection [HikariProxyConnection@1340508085 wrapping com.mysql.cj.jdbc.ConnectionImpl@247d44b4] will be managed by Spring
==>  Preparing: INSERT INTO `tb_post` (content, author_id, publish_at, last_update) VALUES (?, ?, ?, ?)
==> Parameters: 运动不仅能够锻炼身体，还能提升精神。(String), 51(Long), 2024-11-13T00:19:34.316977600(LocalDateTime), 2024-11-13T00:19:34.316977600(LocalDateTime)
<==    Updates: 1
Releasing transactional SqlSession [org.apache.ibatis.session.defaults.DefaultSqlSession@5a0f5567]
Transaction synchronization committing SqlSession [org.apache.ibatis.session.defaults.DefaultSqlSession@5a0f5567]
Transaction synchronization deregistering SqlSession [org.apache.ibatis.session.defaults.DefaultSqlSession@5a0f5567]
Transaction synchronization closing SqlSession [org.apache.ibatis.session.defaults.DefaultSqlSession@5a0f5567]
Creating a new SqlSession
Registering transaction synchronization for SqlSession [org.apache.ibatis.session.defaults.DefaultSqlSession@3203ffa3]
JDBC Connection [HikariProxyConnection@636910314 wrapping com.mysql.cj.jdbc.ConnectionImpl@247d44b4] will be managed by Spring
==>  Preparing: INSERT INTO `tb_post` (content, author_id, publish_at, last_update) VALUES (?, ?, ?, ?)
==> Parameters: 艺术作品总能激发人们的想象力和创造力。(String), 60(Long), 2024-11-13T00:19:34.322974400(LocalDateTime), 2024-11-13T00:19:34.322974400(LocalDateTime)
<==    Updates: 1
Releasing transactional SqlSession [org.apache.ibatis.session.defaults.DefaultSqlSession@3203ffa3]
Transaction synchronization committing SqlSession [org.apache.ibatis.session.defaults.DefaultSqlSession@3203ffa3]
Transaction synchronization deregistering SqlSession [org.apache.ibatis.session.defaults.DefaultSqlSession@3203ffa3]
Transaction synchronization closing SqlSession [org.apache.ibatis.session.defaults.DefaultSqlSession@3203ffa3]
Creating a new SqlSession
Registering transaction synchronization for SqlSession [org.apache.ibatis.session.defaults.DefaultSqlSession@3359217d]
JDBC Connection [HikariProxyConnection@1932190364 wrapping com.mysql.cj.jdbc.ConnectionImpl@247d44b4] will be managed by Spring
==>  Preparing: INSERT INTO `tb_post` (content, author_id, publish_at, last_update) VALUES (?, ?, ?, ?)
==> Parameters: 旅行是探索世界，发现自我的最好方式。(String), 13(Long), 2024-11-13T00:19:34.329579200(LocalDateTime), 2024-11-13T00:19:34.329579200(LocalDateTime)
<==    Updates: 1
Releasing transactional SqlSession [org.apache.ibatis.session.defaults.DefaultSqlSession@3359217d]
Transaction synchronization committing SqlSession [org.apache.ibatis.session.defaults.DefaultSqlSession@3359217d]
Transaction synchronization deregistering SqlSession [org.apache.ibatis.session.defaults.DefaultSqlSession@3359217d]
Transaction synchronization closing SqlSession [org.apache.ibatis.session.defaults.DefaultSqlSession@3359217d]
Creating a new SqlSession
Registering transaction synchronization for SqlSession [org.apache.ibatis.session.defaults.DefaultSqlSession@3e7940b3]
JDBC Connection [HikariProxyConnection@1611953462 wrapping com.mysql.cj.jdbc.ConnectionImpl@247d44b4] will be managed by Spring
==>  Preparing: INSERT INTO `tb_post` (content, author_id, publish_at, last_update) VALUES (?, ?, ?, ?)
==> Parameters: 科技的发展让生活变得更加便捷和智能。(String), 59(Long), 2024-11-13T00:19:34.335578400(LocalDateTime), 2024-11-13T00:19:34.335578400(LocalDateTime)
<==    Updates: 1
Releasing transactional SqlSession [org.apache.ibatis.session.defaults.DefaultSqlSession@3e7940b3]
Transaction synchronization committing SqlSession [org.apache.ibatis.session.defaults.DefaultSqlSession@3e7940b3]
Transaction synchronization deregistering SqlSession [org.apache.ibatis.session.defaults.DefaultSqlSession@3e7940b3]
Transaction synchronization closing SqlSession [org.apache.ibatis.session.defaults.DefaultSqlSession@3e7940b3]
Creating a new SqlSession
Registering transaction synchronization for SqlSession [org.apache.ibatis.session.defaults.DefaultSqlSession@510d4d4b]
JDBC Connection [HikariProxyConnection@1940612255 wrapping com.mysql.cj.jdbc.ConnectionImpl@247d44b4] will be managed by Spring
==>  Preparing: INSERT INTO `tb_post` (content, author_id, publish_at, last_update) VALUES (?, ?, ?, ?)
==> Parameters: 家庭的温馨是每个人心灵的避风港。(String), 6(Long), 2024-11-13T00:19:34.341576(LocalDateTime), 2024-11-13T00:19:34.341576(LocalDateTime)
<==    Updates: 1
Releasing transactional SqlSession [org.apache.ibatis.session.defaults.DefaultSqlSession@510d4d4b]
Transaction synchronization committing SqlSession [org.apache.ibatis.session.defaults.DefaultSqlSession@510d4d4b]
Transaction synchronization deregistering SqlSession [org.apache.ibatis.session.defaults.DefaultSqlSession@510d4d4b]
Transaction synchronization closing SqlSession [org.apache.ibatis.session.defaults.DefaultSqlSession@510d4d4b]
Creating a new SqlSession
Registering transaction synchronization for SqlSession [org.apache.ibatis.session.defaults.DefaultSqlSession@1315f1d5]
JDBC Connection [HikariProxyConnection@2010632912 wrapping com.mysql.cj.jdbc.ConnectionImpl@247d44b4] will be managed by Spring
==>  Preparing: INSERT INTO `tb_post` (content, author_id, publish_at, last_update) VALUES (?, ?, ?, ?)
==> Parameters: 朋友之间的真挚友谊是生活中最宝贵的财富。(String), 64(Long), 2024-11-13T00:19:34.345827200(LocalDateTime), 2024-11-13T00:19:34.345827200(LocalDateTime)
<==    Updates: 1
Releasing transactional SqlSession [org.apache.ibatis.session.defaults.DefaultSqlSession@1315f1d5]
Transaction synchronization committing SqlSession [org.apache.ibatis.session.defaults.DefaultSqlSession@1315f1d5]
Transaction synchronization deregistering SqlSession [org.apache.ibatis.session.defaults.DefaultSqlSession@1315f1d5]
Transaction synchronization closing SqlSession [org.apache.ibatis.session.defaults.DefaultSqlSession@1315f1d5]
Creating a new SqlSession
Registering transaction synchronization for SqlSession [org.apache.ibatis.session.defaults.DefaultSqlSession@73bb782d]
JDBC Connection [HikariProxyConnection@1673228701 wrapping com.mysql.cj.jdbc.ConnectionImpl@247d44b4] will be managed by Spring
==>  Preparing: INSERT INTO `tb_post` (content, author_id, publish_at, last_update) VALUES (?, ?, ?, ?)
==> Parameters: 学习新技能可以让人保持年轻和活力。(String), 38(Long), 2024-11-13T00:19:34.345827200(LocalDateTime), 2024-11-13T00:19:34.345827200(LocalDateTime)
<==    Updates: 1
Releasing transactional SqlSession [org.apache.ibatis.session.defaults.DefaultSqlSession@73bb782d]
Transaction synchronization committing SqlSession [org.apache.ibatis.session.defaults.DefaultSqlSession@73bb782d]
Transaction synchronization deregistering SqlSession [org.apache.ibatis.session.defaults.DefaultSqlSession@73bb782d]
Transaction synchronization closing SqlSession [org.apache.ibatis.session.defaults.DefaultSqlSession@73bb782d]
Creating a new SqlSession
Registering transaction synchronization for SqlSession [org.apache.ibatis.session.defaults.DefaultSqlSession@318f47f1]
JDBC Connection [HikariProxyConnection@970211863 wrapping com.mysql.cj.jdbc.ConnectionImpl@247d44b4] will be managed by Spring
==>  Preparing: INSERT INTO `tb_post` (content, author_id, publish_at, last_update) VALUES (?, ?, ?, ?)
==> Parameters: 健康的饮食是维持身体健康的重要因素。(String), 2(Long), 2024-11-13T00:19:34.371556500(LocalDateTime), 2024-11-13T00:19:34.371556500(LocalDateTime)
<==    Updates: 1
Releasing transactional SqlSession [org.apache.ibatis.session.defaults.DefaultSqlSession@318f47f1]
Transaction synchronization committing SqlSession [org.apache.ibatis.session.defaults.DefaultSqlSession@318f47f1]
Transaction synchronization deregistering SqlSession [org.apache.ibatis.session.defaults.DefaultSqlSession@318f47f1]
Transaction synchronization closing SqlSession [org.apache.ibatis.session.defaults.DefaultSqlSession@318f47f1]
Creating a new SqlSession
Registering transaction synchronization for SqlSession [org.apache.ibatis.session.defaults.DefaultSqlSession@770be0d0]
JDBC Connection [HikariProxyConnection@1532954299 wrapping com.mysql.cj.jdbc.ConnectionImpl@247d44b4] will be managed by Spring
==>  Preparing: INSERT INTO `tb_post` (content, author_id, publish_at, last_update) VALUES (?, ?, ?, ?)
==> Parameters: 保护环境是每个人的责任，也是对未来的投资。(String), 89(Long), 2024-11-13T00:19:34.381761100(LocalDateTime), 2024-11-13T00:19:34.381761100(LocalDateTime)
<==    Updates: 1
Releasing transactional SqlSession [org.apache.ibatis.session.defaults.DefaultSqlSession@770be0d0]
Transaction synchronization committing SqlSession [org.apache.ibatis.session.defaults.DefaultSqlSession@770be0d0]
Transaction synchronization deregistering SqlSession [org.apache.ibatis.session.defaults.DefaultSqlSession@770be0d0]
Transaction synchronization closing SqlSession [org.apache.ibatis.session.defaults.DefaultSqlSession@770be0d0]
Creating a new SqlSession
Registering transaction synchronization for SqlSession [org.apache.ibatis.session.defaults.DefaultSqlSession@1ec96512]
JDBC Connection [HikariProxyConnection@1716876539 wrapping com.mysql.cj.jdbc.ConnectionImpl@247d44b4] will be managed by Spring
==>  Preparing: INSERT INTO `tb_post` (content, author_id, publish_at, last_update) VALUES (?, ?, ?, ?)
==> Parameters: 志愿服务能够带来内心的满足和快乐。(String), 57(Long), 2024-11-13T00:19:34.391764700(LocalDateTime), 2024-11-13T00:19:34.391764700(LocalDateTime)
<==    Updates: 1
Releasing transactional SqlSession [org.apache.ibatis.session.defaults.DefaultSqlSession@1ec96512]
Transaction synchronization committing SqlSession [org.apache.ibatis.session.defaults.DefaultSqlSession@1ec96512]
Transaction synchronization deregistering SqlSession [org.apache.ibatis.session.defaults.DefaultSqlSession@1ec96512]
Transaction synchronization closing SqlSession [org.apache.ibatis.session.defaults.DefaultSqlSession@1ec96512]
Creating a new SqlSession
Registering transaction synchronization for SqlSession [org.apache.ibatis.session.defaults.DefaultSqlSession@50ad5625]
JDBC Connection [HikariProxyConnection@476013202 wrapping com.mysql.cj.jdbc.ConnectionImpl@247d44b4] will be managed by Spring
==>  Preparing: INSERT INTO `tb_post` (content, author_id, publish_at, last_update) VALUES (?, ?, ?, ?)
==> Parameters: 电影是讲述故事，传递情感的艺术形式。(String), 56(Long), 2024-11-13T00:19:34.399405600(LocalDateTime), 2024-11-13T00:19:34.399405600(LocalDateTime)
<==    Updates: 1
Releasing transactional SqlSession [org.apache.ibatis.session.defaults.DefaultSqlSession@50ad5625]
Transaction synchronization committing SqlSession [org.apache.ibatis.session.defaults.DefaultSqlSession@50ad5625]
Transaction synchronization deregistering SqlSession [org.apache.ibatis.session.defaults.DefaultSqlSession@50ad5625]
Transaction synchronization closing SqlSession [org.apache.ibatis.session.defaults.DefaultSqlSession@50ad5625]
Creating a new SqlSession
Registering transaction synchronization for SqlSession [org.apache.ibatis.session.defaults.DefaultSqlSession@5f606ab6]
JDBC Connection [HikariProxyConnection@26781267 wrapping com.mysql.cj.jdbc.ConnectionImpl@247d44b4] will be managed by Spring
==>  Preparing: INSERT INTO `tb_post` (content, author_id, publish_at, last_update) VALUES (?, ?, ?, ?)
==> Parameters: 游戏是放松心情，享受生活的一种方式。(String), 63(Long), 2024-11-13T00:19:34.418375(LocalDateTime), 2024-11-13T00:19:34.418375(LocalDateTime)
<==    Updates: 1
Releasing transactional SqlSession [org.apache.ibatis.session.defaults.DefaultSqlSession@5f606ab6]
Transaction synchronization committing SqlSession [org.apache.ibatis.session.defaults.DefaultSqlSession@5f606ab6]
Transaction synchronization deregistering SqlSession [org.apache.ibatis.session.defaults.DefaultSqlSession@5f606ab6]
Transaction synchronization closing SqlSession [org.apache.ibatis.session.defaults.DefaultSqlSession@5f606ab6]
Creating a new SqlSession
Registering transaction synchronization for SqlSession [org.apache.ibatis.session.defaults.DefaultSqlSession@33a39d7e]
JDBC Connection [HikariProxyConnection@156203431 wrapping com.mysql.cj.jdbc.ConnectionImpl@247d44b4] will be managed by Spring
==>  Preparing: INSERT INTO `tb_post` (content, author_id, publish_at, last_update) VALUES (?, ?, ?, ?)
==> Parameters: 舞蹈是一种表达自我，释放情感的艺术。(String), 16(Long), 2024-11-13T00:19:34.428557800(LocalDateTime), 2024-11-13T00:19:34.428557800(LocalDateTime)
<==    Updates: 1
Releasing transactional SqlSession [org.apache.ibatis.session.defaults.DefaultSqlSession@33a39d7e]
Transaction synchronization committing SqlSession [org.apache.ibatis.session.defaults.DefaultSqlSession@33a39d7e]
Transaction synchronization deregistering SqlSession [org.apache.ibatis.session.defaults.DefaultSqlSession@33a39d7e]
Transaction synchronization closing SqlSession [org.apache.ibatis.session.defaults.DefaultSqlSession@33a39d7e]
Creating a new SqlSession
Registering transaction synchronization for SqlSession [org.apache.ibatis.session.defaults.DefaultSqlSession@54b313d6]
JDBC Connection [HikariProxyConnection@723569389 wrapping com.mysql.cj.jdbc.ConnectionImpl@247d44b4] will be managed by Spring
==>  Preparing: INSERT INTO `tb_post` (content, author_id, publish_at, last_update) VALUES (?, ?, ?, ?)
==> Parameters: 瑜伽帮助人们达到身心的平衡和和谐。(String), 34(Long), 2024-11-13T00:19:34.438550800(LocalDateTime), 2024-11-13T00:19:34.439551400(LocalDateTime)
<==    Updates: 1
Releasing transactional SqlSession [org.apache.ibatis.session.defaults.DefaultSqlSession@54b313d6]
Transaction synchronization committing SqlSession [org.apache.ibatis.session.defaults.DefaultSqlSession@54b313d6]
Transaction synchronization deregistering SqlSession [org.apache.ibatis.session.defaults.DefaultSqlSession@54b313d6]
Transaction synchronization closing SqlSession [org.apache.ibatis.session.defaults.DefaultSqlSession@54b313d6]
Creating a new SqlSession
Registering transaction synchronization for SqlSession [org.apache.ibatis.session.defaults.DefaultSqlSession@44b1d2fa]
JDBC Connection [HikariProxyConnection@748353280 wrapping com.mysql.cj.jdbc.ConnectionImpl@247d44b4] will be managed by Spring
==>  Preparing: INSERT INTO `tb_post` (content, author_id, publish_at, last_update) VALUES (?, ?, ?, ?)
==> Parameters: 摄影能够捕捉生活中的美好瞬间。(String), 38(Long), 2024-11-13T00:19:34.443325300(LocalDateTime), 2024-11-13T00:19:34.443325300(LocalDateTime)
<==    Updates: 1
Releasing transactional SqlSession [org.apache.ibatis.session.defaults.DefaultSqlSession@44b1d2fa]
Transaction synchronization committing SqlSession [org.apache.ibatis.session.defaults.DefaultSqlSession@44b1d2fa]
Transaction synchronization deregistering SqlSession [org.apache.ibatis.session.defaults.DefaultSqlSession@44b1d2fa]
Transaction synchronization closing SqlSession [org.apache.ibatis.session.defaults.DefaultSqlSession@44b1d2fa]
Creating a new SqlSession
Registering transaction synchronization for SqlSession [org.apache.ibatis.session.defaults.DefaultSqlSession@5246453e]
JDBC Connection [HikariProxyConnection@1259990552 wrapping com.mysql.cj.jdbc.ConnectionImpl@247d44b4] will be managed by Spring
==>  Preparing: INSERT INTO `tb_post` (content, author_id, publish_at, last_update) VALUES (?, ?, ?, ?)
==> Parameters: 写作是表达思想，记录生活的重要手段。(String), 23(Long), 2024-11-13T00:19:34.443325300(LocalDateTime), 2024-11-13T00:19:34.443325300(LocalDateTime)
<==    Updates: 1
Releasing transactional SqlSession [org.apache.ibatis.session.defaults.DefaultSqlSession@5246453e]
Transaction synchronization committing SqlSession [org.apache.ibatis.session.defaults.DefaultSqlSession@5246453e]
Transaction synchronization deregistering SqlSession [org.apache.ibatis.session.defaults.DefaultSqlSession@5246453e]
Transaction synchronization closing SqlSession [org.apache.ibatis.session.defaults.DefaultSqlSession@5246453e]
Creating a new SqlSession
Registering transaction synchronization for SqlSession [org.apache.ibatis.session.defaults.DefaultSqlSession@374712f8]
JDBC Connection [HikariProxyConnection@19262759 wrapping com.mysql.cj.jdbc.ConnectionImpl@247d44b4] will be managed by Spring
==>  Preparing: INSERT INTO `tb_post` (content, author_id, publish_at, last_update) VALUES (?, ?, ?, ?)
==> Parameters: 绘画能够展现内心世界，传递情感。(String), 20(Long), 2024-11-13T00:19:34.468499700(LocalDateTime), 2024-11-13T00:19:34.468499700(LocalDateTime)
<==    Updates: 1
Releasing transactional SqlSession [org.apache.ibatis.session.defaults.DefaultSqlSession@374712f8]
Transaction synchronization committing SqlSession [org.apache.ibatis.session.defaults.DefaultSqlSession@374712f8]
Transaction synchronization deregistering SqlSession [org.apache.ibatis.session.defaults.DefaultSqlSession@374712f8]
Transaction synchronization closing SqlSession [org.apache.ibatis.session.defaults.DefaultSqlSession@374712f8]
Creating a new SqlSession
Registering transaction synchronization for SqlSession [org.apache.ibatis.session.defaults.DefaultSqlSession@43600de0]
JDBC Connection [HikariProxyConnection@778039764 wrapping com.mysql.cj.jdbc.ConnectionImpl@247d44b4] will be managed by Spring
==>  Preparing: INSERT INTO `tb_post` (content, author_id, publish_at, last_update) VALUES (?, ?, ?, ?)
==> Parameters: 园艺是一种让人亲近自然，享受宁静的活动。(String), 20(Long), 2024-11-13T00:19:34.478897100(LocalDateTime), 2024-11-13T00:19:34.478897100(LocalDateTime)
<==    Updates: 1
Releasing transactional SqlSession [org.apache.ibatis.session.defaults.DefaultSqlSession@43600de0]
Transaction synchronization committing SqlSession [org.apache.ibatis.session.defaults.DefaultSqlSession@43600de0]
Transaction synchronization deregistering SqlSession [org.apache.ibatis.session.defaults.DefaultSqlSession@43600de0]
Transaction synchronization closing SqlSession [org.apache.ibatis.session.defaults.DefaultSqlSession@43600de0]
Creating a new SqlSession
Registering transaction synchronization for SqlSession [org.apache.ibatis.session.defaults.DefaultSqlSession@20425fab]
JDBC Connection [HikariProxyConnection@1497215635 wrapping com.mysql.cj.jdbc.ConnectionImpl@247d44b4] will be managed by Spring
==>  Preparing: INSERT INTO `tb_post` (content, author_id, publish_at, last_update) VALUES (?, ?, ?, ?)
==> Parameters: 烹饪是一种创造性的艺术，能够带来家庭的欢乐。(String), 83(Long), 2024-11-13T00:19:34.485887200(LocalDateTime), 2024-11-13T00:19:34.485887200(LocalDateTime)
<==    Updates: 1
Releasing transactional SqlSession [org.apache.ibatis.session.defaults.DefaultSqlSession@20425fab]
Transaction synchronization committing SqlSession [org.apache.ibatis.session.defaults.DefaultSqlSession@20425fab]
Transaction synchronization deregistering SqlSession [org.apache.ibatis.session.defaults.DefaultSqlSession@20425fab]
Transaction synchronization closing SqlSession [org.apache.ibatis.session.defaults.DefaultSqlSession@20425fab]
Creating a new SqlSession
Registering transaction synchronization for SqlSession [org.apache.ibatis.session.defaults.DefaultSqlSession@75128cf]
JDBC Connection [HikariProxyConnection@1720624132 wrapping com.mysql.cj.jdbc.ConnectionImpl@247d44b4] will be managed by Spring
==>  Preparing: INSERT INTO `tb_post` (content, author_id, publish_at, last_update) VALUES (?, ?, ?, ?)
==> Parameters: 阅读历史书籍能够让我们更好地理解现在。(String), 9(Long), 2024-11-13T00:19:34.491894(LocalDateTime), 2024-11-13T00:19:34.491894(LocalDateTime)
<==    Updates: 1
Releasing transactional SqlSession [org.apache.ibatis.session.defaults.DefaultSqlSession@75128cf]
Transaction synchronization committing SqlSession [org.apache.ibatis.session.defaults.DefaultSqlSession@75128cf]
Transaction synchronization deregistering SqlSession [org.apache.ibatis.session.defaults.DefaultSqlSession@75128cf]
Transaction synchronization closing SqlSession [org.apache.ibatis.session.defaults.DefaultSqlSession@75128cf]
Creating a new SqlSession
Registering transaction synchronization for SqlSession [org.apache.ibatis.session.defaults.DefaultSqlSession@34d644b5]
JDBC Connection [HikariProxyConnection@84481493 wrapping com.mysql.cj.jdbc.ConnectionImpl@247d44b4] will be managed by Spring
==>  Preparing: INSERT INTO `tb_post` (content, author_id, publish_at, last_update) VALUES (?, ?, ?, ?)
==> Parameters: 学习外语能够开阔视野，增进对不同文化的了解。(String), 70(Long), 2024-11-13T00:19:34.493581300(LocalDateTime), 2024-11-13T00:19:34.493581300(LocalDateTime)
<==    Updates: 1
Releasing transactional SqlSession [org.apache.ibatis.session.defaults.DefaultSqlSession@34d644b5]
Transaction synchronization committing SqlSession [org.apache.ibatis.session.defaults.DefaultSqlSession@34d644b5]
Transaction synchronization deregistering SqlSession [org.apache.ibatis.session.defaults.DefaultSqlSession@34d644b5]
Transaction synchronization closing SqlSession [org.apache.ibatis.session.defaults.DefaultSqlSession@34d644b5]
Creating a new SqlSession
Registering transaction synchronization for SqlSession [org.apache.ibatis.session.defaults.DefaultSqlSession@19412eef]
JDBC Connection [HikariProxyConnection@132158154 wrapping com.mysql.cj.jdbc.ConnectionImpl@247d44b4] will be managed by Spring
==>  Preparing: INSERT INTO `tb_post` (content, author_id, publish_at, last_update) VALUES (?, ?, ?, ?)
==> Parameters: 冥想有助于减少压力，提高专注力。(String), 100(Long), 2024-11-13T00:19:34.493581300(LocalDateTime), 2024-11-13T00:19:34.493581300(LocalDateTime)
<==    Updates: 1
Releasing transactional SqlSession [org.apache.ibatis.session.defaults.DefaultSqlSession@19412eef]
Transaction synchronization committing SqlSession [org.apache.ibatis.session.defaults.DefaultSqlSession@19412eef]
Transaction synchronization deregistering SqlSession [org.apache.ibatis.session.defaults.DefaultSqlSession@19412eef]
Transaction synchronization closing SqlSession [org.apache.ibatis.session.defaults.DefaultSqlSession@19412eef]
Creating a new SqlSession
Registering transaction synchronization for SqlSession [org.apache.ibatis.session.defaults.DefaultSqlSession@67544105]
JDBC Connection [HikariProxyConnection@1428911233 wrapping com.mysql.cj.jdbc.ConnectionImpl@247d44b4] will be managed by Spring
==>  Preparing: INSERT INTO `tb_post` (content, author_id, publish_at, last_update) VALUES (?, ?, ?, ?)
==> Parameters: 散步是一种简单而有效的锻炼方式。(String), 53(Long), 2024-11-13T00:19:34.511026100(LocalDateTime), 2024-11-13T00:19:34.511026100(LocalDateTime)
<==    Updates: 1
Releasing transactional SqlSession [org.apache.ibatis.session.defaults.DefaultSqlSession@67544105]
Transaction synchronization committing SqlSession [org.apache.ibatis.session.defaults.DefaultSqlSession@67544105]
Transaction synchronization deregistering SqlSession [org.apache.ibatis.session.defaults.DefaultSqlSession@67544105]
Transaction synchronization closing SqlSession [org.apache.ibatis.session.defaults.DefaultSqlSession@67544105]
Creating a new SqlSession
Registering transaction synchronization for SqlSession [org.apache.ibatis.session.defaults.DefaultSqlSession@69c7fb94]
JDBC Connection [HikariProxyConnection@2076874965 wrapping com.mysql.cj.jdbc.ConnectionImpl@247d44b4] will be managed by Spring
==>  Preparing: INSERT INTO `tb_post` (content, author_id, publish_at, last_update) VALUES (?, ?, ?, ?)
==> Parameters: 志愿服务能够带来内心的满足和快乐。(String), 36(Long), 2024-11-13T00:19:34.518034400(LocalDateTime), 2024-11-13T00:19:34.518034400(LocalDateTime)
<==    Updates: 1
Releasing transactional SqlSession [org.apache.ibatis.session.defaults.DefaultSqlSession@69c7fb94]
Transaction synchronization committing SqlSession [org.apache.ibatis.session.defaults.DefaultSqlSession@69c7fb94]
Transaction synchronization deregistering SqlSession [org.apache.ibatis.session.defaults.DefaultSqlSession@69c7fb94]
Transaction synchronization closing SqlSession [org.apache.ibatis.session.defaults.DefaultSqlSession@69c7fb94]
Creating a new SqlSession
Registering transaction synchronization for SqlSession [org.apache.ibatis.session.defaults.DefaultSqlSession@6a495d88]
JDBC Connection [HikariProxyConnection@1374887853 wrapping com.mysql.cj.jdbc.ConnectionImpl@247d44b4] will be managed by Spring
==>  Preparing: INSERT INTO `tb_post` (content, author_id, publish_at, last_update) VALUES (?, ?, ?, ?)
==> Parameters: 电影之夜是与家人朋友共享美好时光的好机会。(String), 87(Long), 2024-11-13T00:19:34.524032100(LocalDateTime), 2024-11-13T00:19:34.524032100(LocalDateTime)
<==    Updates: 1
Releasing transactional SqlSession [org.apache.ibatis.session.defaults.DefaultSqlSession@6a495d88]
Transaction synchronization committing SqlSession [org.apache.ibatis.session.defaults.DefaultSqlSession@6a495d88]
Transaction synchronization deregistering SqlSession [org.apache.ibatis.session.defaults.DefaultSqlSession@6a495d88]
Transaction synchronization closing SqlSession [org.apache.ibatis.session.defaults.DefaultSqlSession@6a495d88]
Creating a new SqlSession
Registering transaction synchronization for SqlSession [org.apache.ibatis.session.defaults.DefaultSqlSession@4feea86f]
JDBC Connection [HikariProxyConnection@1233973724 wrapping com.mysql.cj.jdbc.ConnectionImpl@247d44b4] will be managed by Spring
==>  Preparing: INSERT INTO `tb_post` (content, author_id, publish_at, last_update) VALUES (?, ?, ?, ?)
==> Parameters: 学习编程能够锻炼逻辑思维，提高解决问题的能力。(String), 52(Long), 2024-11-13T00:19:34.530583800(LocalDateTime), 2024-11-13T00:19:34.530583800(LocalDateTime)
<==    Updates: 1
Releasing transactional SqlSession [org.apache.ibatis.session.defaults.DefaultSqlSession@4feea86f]
Transaction synchronization committing SqlSession [org.apache.ibatis.session.defaults.DefaultSqlSession@4feea86f]
Transaction synchronization deregistering SqlSession [org.apache.ibatis.session.defaults.DefaultSqlSession@4feea86f]
Transaction synchronization closing SqlSession [org.apache.ibatis.session.defaults.DefaultSqlSession@4feea86f]
Creating a new SqlSession
Registering transaction synchronization for SqlSession [org.apache.ibatis.session.defaults.DefaultSqlSession@79a88f45]
JDBC Connection [HikariProxyConnection@944009331 wrapping com.mysql.cj.jdbc.ConnectionImpl@247d44b4] will be managed by Spring
==>  Preparing: INSERT INTO `tb_post` (content, author_id, publish_at, last_update) VALUES (?, ?, ?, ?)
==> Parameters: 游泳是一项全身运动，对健康大有裨益。(String), 52(Long), 2024-11-13T00:19:34.536579400(LocalDateTime), 2024-11-13T00:19:34.536579400(LocalDateTime)
<==    Updates: 1
Releasing transactional SqlSession [org.apache.ibatis.session.defaults.DefaultSqlSession@79a88f45]
Transaction synchronization committing SqlSession [org.apache.ibatis.session.defaults.DefaultSqlSession@79a88f45]
Transaction synchronization deregistering SqlSession [org.apache.ibatis.session.defaults.DefaultSqlSession@79a88f45]
Transaction synchronization closing SqlSession [org.apache.ibatis.session.defaults.DefaultSqlSession@79a88f45]
Creating a new SqlSession
Registering transaction synchronization for SqlSession [org.apache.ibatis.session.defaults.DefaultSqlSession@18f1631c]
JDBC Connection [HikariProxyConnection@1924459698 wrapping com.mysql.cj.jdbc.ConnectionImpl@247d44b4] will be managed by Spring
==>  Preparing: INSERT INTO `tb_post` (content, author_id, publish_at, last_update) VALUES (?, ?, ?, ?)
==> Parameters: 骑自行车是一种环保的出行方式，也是锻炼身体的好方法。(String), 61(Long), 2024-11-13T00:19:34.542584(LocalDateTime), 2024-11-13T00:19:34.542584(LocalDateTime)
<==    Updates: 1
Releasing transactional SqlSession [org.apache.ibatis.session.defaults.DefaultSqlSession@18f1631c]
Transaction synchronization committing SqlSession [org.apache.ibatis.session.defaults.DefaultSqlSession@18f1631c]
Transaction synchronization deregistering SqlSession [org.apache.ibatis.session.defaults.DefaultSqlSession@18f1631c]
Transaction synchronization closing SqlSession [org.apache.ibatis.session.defaults.DefaultSqlSession@18f1631c]
Creating a new SqlSession
Registering transaction synchronization for SqlSession [org.apache.ibatis.session.defaults.DefaultSqlSession@3fbf66e7]
JDBC Connection [HikariProxyConnection@1101884416 wrapping com.mysql.cj.jdbc.ConnectionImpl@247d44b4] will be managed by Spring
==>  Preparing: INSERT INTO `tb_post` (content, author_id, publish_at, last_update) VALUES (?, ?, ?, ?)
==> Parameters: 学习乐器能够提升音乐素养，也是一种放松的方式。(String), 84(Long), 2024-11-13T00:19:34.546422300(LocalDateTime), 2024-11-13T00:19:34.546422300(LocalDateTime)
<==    Updates: 1
Releasing transactional SqlSession [org.apache.ibatis.session.defaults.DefaultSqlSession@3fbf66e7]
Transaction synchronization committing SqlSession [org.apache.ibatis.session.defaults.DefaultSqlSession@3fbf66e7]
Transaction synchronization deregistering SqlSession [org.apache.ibatis.session.defaults.DefaultSqlSession@3fbf66e7]
Transaction synchronization closing SqlSession [org.apache.ibatis.session.defaults.DefaultSqlSession@3fbf66e7]
Creating a new SqlSession
Registering transaction synchronization for SqlSession [org.apache.ibatis.session.defaults.DefaultSqlSession@5a35efac]
JDBC Connection [HikariProxyConnection@1491724370 wrapping com.mysql.cj.jdbc.ConnectionImpl@247d44b4] will be managed by Spring
==>  Preparing: INSERT INTO `tb_post` (content, author_id, publish_at, last_update) VALUES (?, ?, ?, ?)
==> Parameters: 写作日记能够帮助我们记录生活，反思自我。(String), 65(Long), 2024-11-13T00:19:34.546422300(LocalDateTime), 2024-11-13T00:19:34.546422300(LocalDateTime)
<==    Updates: 1
Releasing transactional SqlSession [org.apache.ibatis.session.defaults.DefaultSqlSession@5a35efac]
Transaction synchronization committing SqlSession [org.apache.ibatis.session.defaults.DefaultSqlSession@5a35efac]
Transaction synchronization deregistering SqlSession [org.apache.ibatis.session.defaults.DefaultSqlSession@5a35efac]
Transaction synchronization closing SqlSession [org.apache.ibatis.session.defaults.DefaultSqlSession@5a35efac]
Creating a new SqlSession
Registering transaction synchronization for SqlSession [org.apache.ibatis.session.defaults.DefaultSqlSession@4582da06]
JDBC Connection [HikariProxyConnection@470870842 wrapping com.mysql.cj.jdbc.ConnectionImpl@247d44b4] will be managed by Spring
==>  Preparing: INSERT INTO `tb_post` (content, author_id, publish_at, last_update) VALUES (?, ?, ?, ?)
==> Parameters: 观看体育赛事能够激发人们的团队精神和竞争意识。(String), 21(Long), 2024-11-13T00:19:34.571004600(LocalDateTime), 2024-11-13T00:19:34.571004600(LocalDateTime)
<==    Updates: 1
Releasing transactional SqlSession [org.apache.ibatis.session.defaults.DefaultSqlSession@4582da06]
Transaction synchronization committing SqlSession [org.apache.ibatis.session.defaults.DefaultSqlSession@4582da06]
Transaction synchronization deregistering SqlSession [org.apache.ibatis.session.defaults.DefaultSqlSession@4582da06]
Transaction synchronization closing SqlSession [org.apache.ibatis.session.defaults.DefaultSqlSession@4582da06]
Creating a new SqlSession
Registering transaction synchronization for SqlSession [org.apache.ibatis.session.defaults.DefaultSqlSession@38624a3a]
JDBC Connection [HikariProxyConnection@1942877689 wrapping com.mysql.cj.jdbc.ConnectionImpl@247d44b4] will be managed by Spring
==>  Preparing: INSERT INTO `tb_post` (content, author_id, publish_at, last_update) VALUES (?, ?, ?, ?)
==> Parameters: 尝试新的食谱能够给生活带来新鲜感。(String), 42(Long), 2024-11-13T00:19:34.580889400(LocalDateTime), 2024-11-13T00:19:34.580889400(LocalDateTime)
<==    Updates: 1
Releasing transactional SqlSession [org.apache.ibatis.session.defaults.DefaultSqlSession@38624a3a]
Transaction synchronization committing SqlSession [org.apache.ibatis.session.defaults.DefaultSqlSession@38624a3a]
Transaction synchronization deregistering SqlSession [org.apache.ibatis.session.defaults.DefaultSqlSession@38624a3a]
Transaction synchronization closing SqlSession [org.apache.ibatis.session.defaults.DefaultSqlSession@38624a3a]
Creating a new SqlSession
Registering transaction synchronization for SqlSession [org.apache.ibatis.session.defaults.DefaultSqlSession@75937998]
JDBC Connection [HikariProxyConnection@413354443 wrapping com.mysql.cj.jdbc.ConnectionImpl@247d44b4] will be managed by Spring
==>  Preparing: INSERT INTO `tb_post` (content, author_id, publish_at, last_update) VALUES (?, ?, ?, ?)
==> Parameters: 参观博物馆能够增长知识，了解历史和文化。(String), 74(Long), 2024-11-13T00:19:34.589885800(LocalDateTime), 2024-11-13T00:19:34.589885800(LocalDateTime)
<==    Updates: 1
Releasing transactional SqlSession [org.apache.ibatis.session.defaults.DefaultSqlSession@75937998]
Transaction synchronization committing SqlSession [org.apache.ibatis.session.defaults.DefaultSqlSession@75937998]
Transaction synchronization deregistering SqlSession [org.apache.ibatis.session.defaults.DefaultSqlSession@75937998]
Transaction synchronization closing SqlSession [org.apache.ibatis.session.defaults.DefaultSqlSession@75937998]
Creating a new SqlSession
Registering transaction synchronization for SqlSession [org.apache.ibatis.session.defaults.DefaultSqlSession@60b8c05c]
JDBC Connection [HikariProxyConnection@1990747767 wrapping com.mysql.cj.jdbc.ConnectionImpl@247d44b4] will be managed by Spring
==>  Preparing: INSERT INTO `tb_post` (content, author_id, publish_at, last_update) VALUES (?, ?, ?, ?)
==> Parameters: 学习法律知识能够帮助我们更好地维护自己的权益。(String), 57(Long), 2024-11-13T00:19:34.595781(LocalDateTime), 2024-11-13T00:19:34.595781(LocalDateTime)
<==    Updates: 1
Releasing transactional SqlSession [org.apache.ibatis.session.defaults.DefaultSqlSession@60b8c05c]
Transaction synchronization committing SqlSession [org.apache.ibatis.session.defaults.DefaultSqlSession@60b8c05c]
Transaction synchronization deregistering SqlSession [org.apache.ibatis.session.defaults.DefaultSqlSession@60b8c05c]
Transaction synchronization closing SqlSession [org.apache.ibatis.session.defaults.DefaultSqlSession@60b8c05c]
Creating a new SqlSession
Registering transaction synchronization for SqlSession [org.apache.ibatis.session.defaults.DefaultSqlSession@7e2c8622]
JDBC Connection [HikariProxyConnection@191345497 wrapping com.mysql.cj.jdbc.ConnectionImpl@247d44b4] will be managed by Spring
==>  Preparing: INSERT INTO `tb_post` (content, author_id, publish_at, last_update) VALUES (?, ?, ?, ?)
==> Parameters: 练习书法能够培养耐心和审美能力。(String), 100(Long), 2024-11-13T00:19:34.612601800(LocalDateTime), 2024-11-13T00:19:34.612601800(LocalDateTime)
<==    Updates: 1
Releasing transactional SqlSession [org.apache.ibatis.session.defaults.DefaultSqlSession@7e2c8622]
Transaction synchronization committing SqlSession [org.apache.ibatis.session.defaults.DefaultSqlSession@7e2c8622]
Transaction synchronization deregistering SqlSession [org.apache.ibatis.session.defaults.DefaultSqlSession@7e2c8622]
Transaction synchronization closing SqlSession [org.apache.ibatis.session.defaults.DefaultSqlSession@7e2c8622]
Creating a new SqlSession
Registering transaction synchronization for SqlSession [org.apache.ibatis.session.defaults.DefaultSqlSession@4eb69e8d]
JDBC Connection [HikariProxyConnection@332317951 wrapping com.mysql.cj.jdbc.ConnectionImpl@247d44b4] will be managed by Spring
==>  Preparing: INSERT INTO `tb_post` (content, author_id, publish_at, last_update) VALUES (?, ?, ?, ?)
==> Parameters: 观看纪录片能够让我们更深入地了解世界。(String), 42(Long), 2024-11-13T00:19:34.622595(LocalDateTime), 2024-11-13T00:19:34.622595(LocalDateTime)
<==    Updates: 1
Releasing transactional SqlSession [org.apache.ibatis.session.defaults.DefaultSqlSession@4eb69e8d]
Transaction synchronization committing SqlSession [org.apache.ibatis.session.defaults.DefaultSqlSession@4eb69e8d]
Transaction synchronization deregistering SqlSession [org.apache.ibatis.session.defaults.DefaultSqlSession@4eb69e8d]
Transaction synchronization closing SqlSession [org.apache.ibatis.session.defaults.DefaultSqlSession@4eb69e8d]
Creating a new SqlSession
Registering transaction synchronization for SqlSession [org.apache.ibatis.session.defaults.DefaultSqlSession@34d6e9a4]
JDBC Connection [HikariProxyConnection@1210252371 wrapping com.mysql.cj.jdbc.ConnectionImpl@247d44b4] will be managed by Spring
==>  Preparing: INSERT INTO `tb_post` (content, author_id, publish_at, last_update) VALUES (?, ?, ?, ?)
==> Parameters: 学习心理学能够增进对自己和他人的理解。(String), 46(Long), 2024-11-13T00:19:34.632342100(LocalDateTime), 2024-11-13T00:19:34.632342100(LocalDateTime)
<==    Updates: 1
Releasing transactional SqlSession [org.apache.ibatis.session.defaults.DefaultSqlSession@34d6e9a4]
Transaction synchronization committing SqlSession [org.apache.ibatis.session.defaults.DefaultSqlSession@34d6e9a4]
Transaction synchronization deregistering SqlSession [org.apache.ibatis.session.defaults.DefaultSqlSession@34d6e9a4]
Transaction synchronization closing SqlSession [org.apache.ibatis.session.defaults.DefaultSqlSession@34d6e9a4]
Creating a new SqlSession
Registering transaction synchronization for SqlSession [org.apache.ibatis.session.defaults.DefaultSqlSession@6db59e26]
JDBC Connection [HikariProxyConnection@1551639246 wrapping com.mysql.cj.jdbc.ConnectionImpl@247d44b4] will be managed by Spring
==>  Preparing: INSERT INTO `tb_post` (content, author_id, publish_at, last_update) VALUES (?, ?, ?, ?)
==> Parameters: 旅行计划的制定是一种充满期待和乐趣的过程。(String), 1(Long), 2024-11-13T00:19:34.642341500(LocalDateTime), 2024-11-13T00:19:34.642341500(LocalDateTime)
<==    Updates: 1
Releasing transactional SqlSession [org.apache.ibatis.session.defaults.DefaultSqlSession@6db59e26]
Transaction synchronization committing SqlSession [org.apache.ibatis.session.defaults.DefaultSqlSession@6db59e26]
Transaction synchronization deregistering SqlSession [org.apache.ibatis.session.defaults.DefaultSqlSession@6db59e26]
Transaction synchronization closing SqlSession [org.apache.ibatis.session.defaults.DefaultSqlSession@6db59e26]
Creating a new SqlSession
Registering transaction synchronization for SqlSession [org.apache.ibatis.session.defaults.DefaultSqlSession@517fb2c3]
JDBC Connection [HikariProxyConnection@1776649574 wrapping com.mysql.cj.jdbc.ConnectionImpl@247d44b4] will be managed by Spring
==>  Preparing: INSERT INTO `tb_post` (content, author_id, publish_at, last_update) VALUES (?, ?, ?, ?)
==> Parameters: 学习新语言能够打开通往不同文化的大门。(String), 79(Long), 2024-11-13T00:19:34.643281300(LocalDateTime), 2024-11-13T00:19:34.643281300(LocalDateTime)
<==    Updates: 1
Releasing transactional SqlSession [org.apache.ibatis.session.defaults.DefaultSqlSession@517fb2c3]
Transaction synchronization committing SqlSession [org.apache.ibatis.session.defaults.DefaultSqlSession@517fb2c3]
Transaction synchronization deregistering SqlSession [org.apache.ibatis.session.defaults.DefaultSqlSession@517fb2c3]
Transaction synchronization closing SqlSession [org.apache.ibatis.session.defaults.DefaultSqlSession@517fb2c3]
Creating a new SqlSession
Registering transaction synchronization for SqlSession [org.apache.ibatis.session.defaults.DefaultSqlSession@622e39d]
JDBC Connection [HikariProxyConnection@1629485709 wrapping com.mysql.cj.jdbc.ConnectionImpl@247d44b4] will be managed by Spring
==>  Preparing: INSERT INTO `tb_post` (content, author_id, publish_at, last_update) VALUES (?, ?, ?, ?)
==> Parameters: 种植花草能够让人享受园艺的乐趣，同时也美化环境。(String), 75(Long), 2024-11-13T00:19:34.664580800(LocalDateTime), 2024-11-13T00:19:34.664580800(LocalDateTime)
<==    Updates: 1
Releasing transactional SqlSession [org.apache.ibatis.session.defaults.DefaultSqlSession@622e39d]
Transaction synchronization committing SqlSession [org.apache.ibatis.session.defaults.DefaultSqlSession@622e39d]
Transaction synchronization deregistering SqlSession [org.apache.ibatis.session.defaults.DefaultSqlSession@622e39d]
Transaction synchronization closing SqlSession [org.apache.ibatis.session.defaults.DefaultSqlSession@622e39d]
Creating a new SqlSession
Registering transaction synchronization for SqlSession [org.apache.ibatis.session.defaults.DefaultSqlSession@5bbeb9e3]
JDBC Connection [HikariProxyConnection@421327759 wrapping com.mysql.cj.jdbc.ConnectionImpl@247d44b4] will be managed by Spring
==>  Preparing: INSERT INTO `tb_post` (content, author_id, publish_at, last_update) VALUES (?, ?, ?, ?)
==> Parameters: 学习经济学能够帮助我们更好地理解社会运作。(String), 89(Long), 2024-11-13T00:19:34.674607900(LocalDateTime), 2024-11-13T00:19:34.674607900(LocalDateTime)
<==    Updates: 1
Releasing transactional SqlSession [org.apache.ibatis.session.defaults.DefaultSqlSession@5bbeb9e3]
Transaction synchronization committing SqlSession [org.apache.ibatis.session.defaults.DefaultSqlSession@5bbeb9e3]
Transaction synchronization deregistering SqlSession [org.apache.ibatis.session.defaults.DefaultSqlSession@5bbeb9e3]
Transaction synchronization closing SqlSession [org.apache.ibatis.session.defaults.DefaultSqlSession@5bbeb9e3]
Creating a new SqlSession
Registering transaction synchronization for SqlSession [org.apache.ibatis.session.defaults.DefaultSqlSession@19370af1]
JDBC Connection [HikariProxyConnection@1615944369 wrapping com.mysql.cj.jdbc.ConnectionImpl@247d44b4] will be managed by Spring
==>  Preparing: INSERT INTO `tb_post` (content, author_id, publish_at, last_update) VALUES (?, ?, ?, ?)
==> Parameters: 练习武术不仅能够强身健体，还能培养自律精神。(String), 63(Long), 2024-11-13T00:19:34.683761300(LocalDateTime), 2024-11-13T00:19:34.683761300(LocalDateTime)
<==    Updates: 1
Releasing transactional SqlSession [org.apache.ibatis.session.defaults.DefaultSqlSession@19370af1]
Transaction synchronization committing SqlSession [org.apache.ibatis.session.defaults.DefaultSqlSession@19370af1]
Transaction synchronization deregistering SqlSession [org.apache.ibatis.session.defaults.DefaultSqlSession@19370af1]
Transaction synchronization closing SqlSession [org.apache.ibatis.session.defaults.DefaultSqlSession@19370af1]
Creating a new SqlSession
Registering transaction synchronization for SqlSession [org.apache.ibatis.session.defaults.DefaultSqlSession@395854dd]
JDBC Connection [HikariProxyConnection@798836643 wrapping com.mysql.cj.jdbc.ConnectionImpl@247d44b4] will be managed by Spring
==>  Preparing: INSERT INTO `tb_post` (content, author_id, publish_at, last_update) VALUES (?, ?, ?, ?)
==> Parameters: 观看戏剧表演是一种感受艺术魅力的方式。(String), 56(Long), 2024-11-13T00:19:34.693760100(LocalDateTime), 2024-11-13T00:19:34.693760100(LocalDateTime)
<==    Updates: 1
Releasing transactional SqlSession [org.apache.ibatis.session.defaults.DefaultSqlSession@395854dd]
Transaction synchronization committing SqlSession [org.apache.ibatis.session.defaults.DefaultSqlSession@395854dd]
Transaction synchronization deregistering SqlSession [org.apache.ibatis.session.defaults.DefaultSqlSession@395854dd]
Transaction synchronization closing SqlSession [org.apache.ibatis.session.defaults.DefaultSqlSession@395854dd]
Creating a new SqlSession
Registering transaction synchronization for SqlSession [org.apache.ibatis.session.defaults.DefaultSqlSession@65011123]
JDBC Connection [HikariProxyConnection@920119506 wrapping com.mysql.cj.jdbc.ConnectionImpl@247d44b4] will be managed by Spring
==>  Preparing: INSERT INTO `tb_post` (content, author_id, publish_at, last_update) VALUES (?, ?, ?, ?)
==> Parameters: 学习天文学能够让我们对宇宙有更深的认识。(String), 86(Long), 2024-11-13T00:19:34.704008200(LocalDateTime), 2024-11-13T00:19:34.704008200(LocalDateTime)
<==    Updates: 1
Releasing transactional SqlSession [org.apache.ibatis.session.defaults.DefaultSqlSession@65011123]
Transaction synchronization committing SqlSession [org.apache.ibatis.session.defaults.DefaultSqlSession@65011123]
Transaction synchronization deregistering SqlSession [org.apache.ibatis.session.defaults.DefaultSqlSession@65011123]
Transaction synchronization closing SqlSession [org.apache.ibatis.session.defaults.DefaultSqlSession@65011123]
Creating a new SqlSession
Registering transaction synchronization for SqlSession [org.apache.ibatis.session.defaults.DefaultSqlSession@1b4bc7b9]
JDBC Connection [HikariProxyConnection@381400476 wrapping com.mysql.cj.jdbc.ConnectionImpl@247d44b4] will be managed by Spring
==>  Preparing: INSERT INTO `tb_post` (content, author_id, publish_at, last_update) VALUES (?, ?, ?, ?)
==> Parameters: 学习地理知识能够让我们更好地理解世界的多样性。(String), 6(Long), 2024-11-13T00:19:34.710003700(LocalDateTime), 2024-11-13T00:19:34.710003700(LocalDateTime)
<==    Updates: 1
Releasing transactional SqlSession [org.apache.ibatis.session.defaults.DefaultSqlSession@1b4bc7b9]
Transaction synchronization committing SqlSession [org.apache.ibatis.session.defaults.DefaultSqlSession@1b4bc7b9]
Transaction synchronization deregistering SqlSession [org.apache.ibatis.session.defaults.DefaultSqlSession@1b4bc7b9]
Transaction synchronization closing SqlSession [org.apache.ibatis.session.defaults.DefaultSqlSession@1b4bc7b9]
Creating a new SqlSession
Registering transaction synchronization for SqlSession [org.apache.ibatis.session.defaults.DefaultSqlSession@1d0f03f6]
JDBC Connection [HikariProxyConnection@2026488714 wrapping com.mysql.cj.jdbc.ConnectionImpl@247d44b4] will be managed by Spring
==>  Preparing: INSERT INTO `tb_post` (content, author_id, publish_at, last_update) VALUES (?, ?, ?, ?)
==> Parameters: 练习演讲能够提高沟通能力和自信心。(String), 45(Long), 2024-11-13T00:19:34.718640(LocalDateTime), 2024-11-13T00:19:34.718640(LocalDateTime)
<==    Updates: 1
Releasing transactional SqlSession [org.apache.ibatis.session.defaults.DefaultSqlSession@1d0f03f6]
Transaction synchronization committing SqlSession [org.apache.ibatis.session.defaults.DefaultSqlSession@1d0f03f6]
Transaction synchronization deregistering SqlSession [org.apache.ibatis.session.defaults.DefaultSqlSession@1d0f03f6]
Transaction synchronization closing SqlSession [org.apache.ibatis.session.defaults.DefaultSqlSession@1d0f03f6]
Creating a new SqlSession
Registering transaction synchronization for SqlSession [org.apache.ibatis.session.defaults.DefaultSqlSession@215efb16]
JDBC Connection [HikariProxyConnection@446573627 wrapping com.mysql.cj.jdbc.ConnectionImpl@247d44b4] will be managed by Spring
==>  Preparing: INSERT INTO `tb_post` (content, author_id, publish_at, last_update) VALUES (?, ?, ?, ?)
==> Parameters: 学习哲学能够锻炼我们的思辨能力和批判性思维。(String), 49(Long), 2024-11-13T00:19:34.725637400(LocalDateTime), 2024-11-13T00:19:34.725637400(LocalDateTime)
<==    Updates: 1
Releasing transactional SqlSession [org.apache.ibatis.session.defaults.DefaultSqlSession@215efb16]
Transaction synchronization committing SqlSession [org.apache.ibatis.session.defaults.DefaultSqlSession@215efb16]
Transaction synchronization deregistering SqlSession [org.apache.ibatis.session.defaults.DefaultSqlSession@215efb16]
Transaction synchronization closing SqlSession [org.apache.ibatis.session.defaults.DefaultSqlSession@215efb16]
Creating a new SqlSession
Registering transaction synchronization for SqlSession [org.apache.ibatis.session.defaults.DefaultSqlSession@73ccdfc1]
JDBC Connection [HikariProxyConnection@1345177914 wrapping com.mysql.cj.jdbc.ConnectionImpl@247d44b4] will be managed by Spring
==>  Preparing: INSERT INTO `tb_post` (content, author_id, publish_at, last_update) VALUES (?, ?, ?, ?)
==> Parameters: 参观艺术展览能够激发我们的创造力和想象力。(String), 1(Long), 2024-11-13T00:19:34.733940100(LocalDateTime), 2024-11-13T00:19:34.733940100(LocalDateTime)
<==    Updates: 1
Releasing transactional SqlSession [org.apache.ibatis.session.defaults.DefaultSqlSession@73ccdfc1]
Transaction synchronization committing SqlSession [org.apache.ibatis.session.defaults.DefaultSqlSession@73ccdfc1]
Transaction synchronization deregistering SqlSession [org.apache.ibatis.session.defaults.DefaultSqlSession@73ccdfc1]
Transaction synchronization closing SqlSession [org.apache.ibatis.session.defaults.DefaultSqlSession@73ccdfc1]
Creating a new SqlSession
Registering transaction synchronization for SqlSession [org.apache.ibatis.session.defaults.DefaultSqlSession@31f96cf]
JDBC Connection [HikariProxyConnection@491457031 wrapping com.mysql.cj.jdbc.ConnectionImpl@247d44b4] will be managed by Spring
==>  Preparing: INSERT INTO `tb_post` (content, author_id, publish_at, last_update) VALUES (?, ?, ?, ?)
==> Parameters: 学习历史能够帮助我们从过去中汲取智慧。(String), 33(Long), 2024-11-13T00:19:34.740941800(LocalDateTime), 2024-11-13T00:19:34.740941800(LocalDateTime)
<==    Updates: 1
Releasing transactional SqlSession [org.apache.ibatis.session.defaults.DefaultSqlSession@31f96cf]
Transaction synchronization committing SqlSession [org.apache.ibatis.session.defaults.DefaultSqlSession@31f96cf]
Transaction synchronization deregistering SqlSession [org.apache.ibatis.session.defaults.DefaultSqlSession@31f96cf]
Transaction synchronization closing SqlSession [org.apache.ibatis.session.defaults.DefaultSqlSession@31f96cf]
Creating a new SqlSession
Registering transaction synchronization for SqlSession [org.apache.ibatis.session.defaults.DefaultSqlSession@7af5ce66]
JDBC Connection [HikariProxyConnection@1823843917 wrapping com.mysql.cj.jdbc.ConnectionImpl@247d44b4] will be managed by Spring
==>  Preparing: INSERT INTO `tb_post` (content, author_id, publish_at, last_update) VALUES (?, ?, ?, ?)
==> Parameters: 练习瑜伽能够帮助我们达到身心的平衡。(String), 21(Long), 2024-11-13T00:19:34.745921600(LocalDateTime), 2024-11-13T00:19:34.745921600(LocalDateTime)
<==    Updates: 1
Releasing transactional SqlSession [org.apache.ibatis.session.defaults.DefaultSqlSession@7af5ce66]
Transaction synchronization committing SqlSession [org.apache.ibatis.session.defaults.DefaultSqlSession@7af5ce66]
Transaction synchronization deregistering SqlSession [org.apache.ibatis.session.defaults.DefaultSqlSession@7af5ce66]
Transaction synchronization closing SqlSession [org.apache.ibatis.session.defaults.DefaultSqlSession@7af5ce66]
Creating a new SqlSession
Registering transaction synchronization for SqlSession [org.apache.ibatis.session.defaults.DefaultSqlSession@46c7e6c0]
JDBC Connection [HikariProxyConnection@39867443 wrapping com.mysql.cj.jdbc.ConnectionImpl@247d44b4] will be managed by Spring
==>  Preparing: INSERT INTO `tb_post` (content, author_id, publish_at, last_update) VALUES (?, ?, ?, ?)
==> Parameters: 学习生物知识能够让我们更好地理解自然界。(String), 42(Long), 2024-11-13T00:19:34.745921600(LocalDateTime), 2024-11-13T00:19:34.745921600(LocalDateTime)
<==    Updates: 1
Releasing transactional SqlSession [org.apache.ibatis.session.defaults.DefaultSqlSession@46c7e6c0]
Transaction synchronization committing SqlSession [org.apache.ibatis.session.defaults.DefaultSqlSession@46c7e6c0]
Transaction synchronization deregistering SqlSession [org.apache.ibatis.session.defaults.DefaultSqlSession@46c7e6c0]
Transaction synchronization closing SqlSession [org.apache.ibatis.session.defaults.DefaultSqlSession@46c7e6c0]
Creating a new SqlSession
Registering transaction synchronization for SqlSession [org.apache.ibatis.session.defaults.DefaultSqlSession@331da721]
JDBC Connection [HikariProxyConnection@1690803049 wrapping com.mysql.cj.jdbc.ConnectionImpl@247d44b4] will be managed by Spring
==>  Preparing: INSERT INTO `tb_post` (content, author_id, publish_at, last_update) VALUES (?, ?, ?, ?)
==> Parameters: 练习烹饪新菜肴能够提升我们的生活品质。(String), 14(Long), 2024-11-13T00:19:34.763338100(LocalDateTime), 2024-11-13T00:19:34.763338100(LocalDateTime)
<==    Updates: 1
Releasing transactional SqlSession [org.apache.ibatis.session.defaults.DefaultSqlSession@331da721]
Transaction synchronization committing SqlSession [org.apache.ibatis.session.defaults.DefaultSqlSession@331da721]
Transaction synchronization deregistering SqlSession [org.apache.ibatis.session.defaults.DefaultSqlSession@331da721]
Transaction synchronization closing SqlSession [org.apache.ibatis.session.defaults.DefaultSqlSession@331da721]
Creating a new SqlSession
Registering transaction synchronization for SqlSession [org.apache.ibatis.session.defaults.DefaultSqlSession@281a54b]
JDBC Connection [HikariProxyConnection@1983541978 wrapping com.mysql.cj.jdbc.ConnectionImpl@247d44b4] will be managed by Spring
==>  Preparing: INSERT INTO `tb_post` (content, author_id, publish_at, last_update) VALUES (?, ?, ?, ?)
==> Parameters: 学习物理知识能够让我们更好地理解自然现象。(String), 73(Long), 2024-11-13T00:19:34.769333600(LocalDateTime), 2024-11-13T00:19:34.769333600(LocalDateTime)
<==    Updates: 1
Releasing transactional SqlSession [org.apache.ibatis.session.defaults.DefaultSqlSession@281a54b]
Transaction synchronization committing SqlSession [org.apache.ibatis.session.defaults.DefaultSqlSession@281a54b]
Transaction synchronization deregistering SqlSession [org.apache.ibatis.session.defaults.DefaultSqlSession@281a54b]
Transaction synchronization closing SqlSession [org.apache.ibatis.session.defaults.DefaultSqlSession@281a54b]
Creating a new SqlSession
Registering transaction synchronization for SqlSession [org.apache.ibatis.session.defaults.DefaultSqlSession@2e268c19]
JDBC Connection [HikariProxyConnection@1120518305 wrapping com.mysql.cj.jdbc.ConnectionImpl@247d44b4] will be managed by Spring
==>  Preparing: INSERT INTO `tb_post` (content, author_id, publish_at, last_update) VALUES (?, ?, ?, ?)
==> Parameters: 练习摄影技术能够记录生活中的美好瞬间。(String), 57(Long), 2024-11-13T00:19:34.775338100(LocalDateTime), 2024-11-13T00:19:34.775338100(LocalDateTime)
<==    Updates: 1
Releasing transactional SqlSession [org.apache.ibatis.session.defaults.DefaultSqlSession@2e268c19]
Transaction synchronization committing SqlSession [org.apache.ibatis.session.defaults.DefaultSqlSession@2e268c19]
Transaction synchronization deregistering SqlSession [org.apache.ibatis.session.defaults.DefaultSqlSession@2e268c19]
Transaction synchronization closing SqlSession [org.apache.ibatis.session.defaults.DefaultSqlSession@2e268c19]
Creating a new SqlSession
Registering transaction synchronization for SqlSession [org.apache.ibatis.session.defaults.DefaultSqlSession@4bfaff23]
JDBC Connection [HikariProxyConnection@2136509382 wrapping com.mysql.cj.jdbc.ConnectionImpl@247d44b4] will be managed by Spring
==>  Preparing: INSERT INTO `tb_post` (content, author_id, publish_at, last_update) VALUES (?, ?, ?, ?)
==> Parameters: 学习化学知识能够让我们更好地理解物质世界。(String), 42(Long), 2024-11-13T00:19:34.782332200(LocalDateTime), 2024-11-13T00:19:34.782332200(LocalDateTime)
<==    Updates: 1
Releasing transactional SqlSession [org.apache.ibatis.session.defaults.DefaultSqlSession@4bfaff23]
Transaction synchronization committing SqlSession [org.apache.ibatis.session.defaults.DefaultSqlSession@4bfaff23]
Transaction synchronization deregistering SqlSession [org.apache.ibatis.session.defaults.DefaultSqlSession@4bfaff23]
Transaction synchronization closing SqlSession [org.apache.ibatis.session.defaults.DefaultSqlSession@4bfaff23]
Creating a new SqlSession
Registering transaction synchronization for SqlSession [org.apache.ibatis.session.defaults.DefaultSqlSession@318ca53a]
JDBC Connection [HikariProxyConnection@1928928401 wrapping com.mysql.cj.jdbc.ConnectionImpl@247d44b4] will be managed by Spring
==>  Preparing: INSERT INTO `tb_post` (content, author_id, publish_at, last_update) VALUES (?, ?, ?, ?)
==> Parameters: 练习公共演讲能够提高我们的表达能力。(String), 99(Long), 2024-11-13T00:19:34.789332900(LocalDateTime), 2024-11-13T00:19:34.789332900(LocalDateTime)
<==    Updates: 1
Releasing transactional SqlSession [org.apache.ibatis.session.defaults.DefaultSqlSession@318ca53a]
Transaction synchronization committing SqlSession [org.apache.ibatis.session.defaults.DefaultSqlSession@318ca53a]
Transaction synchronization deregistering SqlSession [org.apache.ibatis.session.defaults.DefaultSqlSession@318ca53a]
Transaction synchronization closing SqlSession [org.apache.ibatis.session.defaults.DefaultSqlSession@318ca53a]
Creating a new SqlSession
Registering transaction synchronization for SqlSession [org.apache.ibatis.session.defaults.DefaultSqlSession@3fe7c87c]
JDBC Connection [HikariProxyConnection@1538995486 wrapping com.mysql.cj.jdbc.ConnectionImpl@247d44b4] will be managed by Spring
==>  Preparing: INSERT INTO `tb_post` (content, author_id, publish_at, last_update) VALUES (?, ?, ?, ?)
==> Parameters: 学习外语歌曲是一种有趣的语言学习方式。(String), 47(Long), 2024-11-13T00:19:34.795436100(LocalDateTime), 2024-11-13T00:19:34.795436100(LocalDateTime)
<==    Updates: 1
Releasing transactional SqlSession [org.apache.ibatis.session.defaults.DefaultSqlSession@3fe7c87c]
Transaction synchronization committing SqlSession [org.apache.ibatis.session.defaults.DefaultSqlSession@3fe7c87c]
Transaction synchronization deregistering SqlSession [org.apache.ibatis.session.defaults.DefaultSqlSession@3fe7c87c]
Transaction synchronization closing SqlSession [org.apache.ibatis.session.defaults.DefaultSqlSession@3fe7c87c]
Creating a new SqlSession
Registering transaction synchronization for SqlSession [org.apache.ibatis.session.defaults.DefaultSqlSession@59d6a4d1]
JDBC Connection [HikariProxyConnection@26153568 wrapping com.mysql.cj.jdbc.ConnectionImpl@247d44b4] will be managed by Spring
==>  Preparing: INSERT INTO `tb_post` (content, author_id, publish_at, last_update) VALUES (?, ?, ?, ?)
==> Parameters: 练习绘画能够提升我们的审美和创造力。(String), 11(Long), 2024-11-13T00:19:34.811699200(LocalDateTime), 2024-11-13T00:19:34.811699200(LocalDateTime)
<==    Updates: 1
Releasing transactional SqlSession [org.apache.ibatis.session.defaults.DefaultSqlSession@59d6a4d1]
Transaction synchronization committing SqlSession [org.apache.ibatis.session.defaults.DefaultSqlSession@59d6a4d1]
Transaction synchronization deregistering SqlSession [org.apache.ibatis.session.defaults.DefaultSqlSession@59d6a4d1]
Transaction synchronization closing SqlSession [org.apache.ibatis.session.defaults.DefaultSqlSession@59d6a4d1]
Creating a new SqlSession
Registering transaction synchronization for SqlSession [org.apache.ibatis.session.defaults.DefaultSqlSession@7a80ebcd]
JDBC Connection [HikariProxyConnection@1662807796 wrapping com.mysql.cj.jdbc.ConnectionImpl@247d44b4] will be managed by Spring
==>  Preparing: INSERT INTO `tb_post` (content, author_id, publish_at, last_update) VALUES (?, ?, ?, ?)
==> Parameters: 学习数学知识能够锻炼我们的逻辑思维。(String), 92(Long), 2024-11-13T00:19:34.823695400(LocalDateTime), 2024-11-13T00:19:34.823695400(LocalDateTime)
<==    Updates: 1
Releasing transactional SqlSession [org.apache.ibatis.session.defaults.DefaultSqlSession@7a80ebcd]
Transaction synchronization committing SqlSession [org.apache.ibatis.session.defaults.DefaultSqlSession@7a80ebcd]
Transaction synchronization deregistering SqlSession [org.apache.ibatis.session.defaults.DefaultSqlSession@7a80ebcd]
Transaction synchronization closing SqlSession [org.apache.ibatis.session.defaults.DefaultSqlSession@7a80ebcd]
Creating a new SqlSession
Registering transaction synchronization for SqlSession [org.apache.ibatis.session.defaults.DefaultSqlSession@58df431e]
JDBC Connection [HikariProxyConnection@1145496025 wrapping com.mysql.cj.jdbc.ConnectionImpl@247d44b4] will be managed by Spring
==>  Preparing: INSERT INTO `tb_post` (content, author_id, publish_at, last_update) VALUES (?, ?, ?, ?)
==> Parameters: 练习写作能够提高我们的表达和沟通能力。(String), 34(Long), 2024-11-13T00:19:34.836671500(LocalDateTime), 2024-11-13T00:19:34.836671500(LocalDateTime)
<==    Updates: 1
Releasing transactional SqlSession [org.apache.ibatis.session.defaults.DefaultSqlSession@58df431e]
Transaction synchronization committing SqlSession [org.apache.ibatis.session.defaults.DefaultSqlSession@58df431e]
Transaction synchronization deregistering SqlSession [org.apache.ibatis.session.defaults.DefaultSqlSession@58df431e]
Transaction synchronization closing SqlSession [org.apache.ibatis.session.defaults.DefaultSqlSession@58df431e]
Creating a new SqlSession
Registering transaction synchronization for SqlSession [org.apache.ibatis.session.defaults.DefaultSqlSession@62d4dac4]
JDBC Connection [HikariProxyConnection@902315094 wrapping com.mysql.cj.jdbc.ConnectionImpl@247d44b4] will be managed by Spring
==>  Preparing: INSERT INTO `tb_post` (content, author_id, publish_at, last_update) VALUES (?, ?, ?, ?)
==> Parameters: 学习自然科学能够让我们更好地理解世界。(String), 38(Long), 2024-11-13T00:19:34.843286700(LocalDateTime), 2024-11-13T00:19:34.843286700(LocalDateTime)
<==    Updates: 1
Releasing transactional SqlSession [org.apache.ibatis.session.defaults.DefaultSqlSession@62d4dac4]
Transaction synchronization committing SqlSession [org.apache.ibatis.session.defaults.DefaultSqlSession@62d4dac4]
Transaction synchronization deregistering SqlSession [org.apache.ibatis.session.defaults.DefaultSqlSession@62d4dac4]
Transaction synchronization closing SqlSession [org.apache.ibatis.session.defaults.DefaultSqlSession@62d4dac4]
Creating a new SqlSession
Registering transaction synchronization for SqlSession [org.apache.ibatis.session.defaults.DefaultSqlSession@30e734a1]
JDBC Connection [HikariProxyConnection@306941929 wrapping com.mysql.cj.jdbc.ConnectionImpl@247d44b4] will be managed by Spring
==>  Preparing: INSERT INTO `tb_post` (content, author_id, publish_at, last_update) VALUES (?, ?, ?, ?)
==> Parameters: 练习舞蹈能够提升我们的身体协调性和节奏感。(String), 4(Long), 2024-11-13T00:19:34.858913400(LocalDateTime), 2024-11-13T00:19:34.858913400(LocalDateTime)
<==    Updates: 1
Releasing transactional SqlSession [org.apache.ibatis.session.defaults.DefaultSqlSession@30e734a1]
Transaction synchronization committing SqlSession [org.apache.ibatis.session.defaults.DefaultSqlSession@30e734a1]
Transaction synchronization deregistering SqlSession [org.apache.ibatis.session.defaults.DefaultSqlSession@30e734a1]
Transaction synchronization closing SqlSession [org.apache.ibatis.session.defaults.DefaultSqlSession@30e734a1]
Creating a new SqlSession
Registering transaction synchronization for SqlSession [org.apache.ibatis.session.defaults.DefaultSqlSession@360ccb68]
JDBC Connection [HikariProxyConnection@1730956836 wrapping com.mysql.cj.jdbc.ConnectionImpl@247d44b4] will be managed by Spring
==>  Preparing: INSERT INTO `tb_post` (content, author_id, publish_at, last_update) VALUES (?, ?, ?, ?)
==> Parameters: 学习社会学能够增进我们对社会现象的理解。(String), 93(Long), 2024-11-13T00:19:34.870494800(LocalDateTime), 2024-11-13T00:19:34.870494800(LocalDateTime)
<==    Updates: 1
Releasing transactional SqlSession [org.apache.ibatis.session.defaults.DefaultSqlSession@360ccb68]
Transaction synchronization committing SqlSession [org.apache.ibatis.session.defaults.DefaultSqlSession@360ccb68]
Transaction synchronization deregistering SqlSession [org.apache.ibatis.session.defaults.DefaultSqlSession@360ccb68]
Transaction synchronization closing SqlSession [org.apache.ibatis.session.defaults.DefaultSqlSession@360ccb68]
Creating a new SqlSession
Registering transaction synchronization for SqlSession [org.apache.ibatis.session.defaults.DefaultSqlSession@33602729]
JDBC Connection [HikariProxyConnection@2079571758 wrapping com.mysql.cj.jdbc.ConnectionImpl@247d44b4] will be managed by Spring
==>  Preparing: INSERT INTO `tb_post` (content, author_id, publish_at, last_update) VALUES (?, ?, ?, ?)
==> Parameters: 练习手工艺能够培养我们的耐心和创造力。(String), 33(Long), 2024-11-13T00:19:34.881753200(LocalDateTime), 2024-11-13T00:19:34.881753200(LocalDateTime)
<==    Updates: 1
Releasing transactional SqlSession [org.apache.ibatis.session.defaults.DefaultSqlSession@33602729]
Transaction synchronization committing SqlSession [org.apache.ibatis.session.defaults.DefaultSqlSession@33602729]
Transaction synchronization deregistering SqlSession [org.apache.ibatis.session.defaults.DefaultSqlSession@33602729]
Transaction synchronization closing SqlSession [org.apache.ibatis.session.defaults.DefaultSqlSession@33602729]
Creating a new SqlSession
Registering transaction synchronization for SqlSession [org.apache.ibatis.session.defaults.DefaultSqlSession@1c294a17]
JDBC Connection [HikariProxyConnection@1202138162 wrapping com.mysql.cj.jdbc.ConnectionImpl@247d44b4] will be managed by Spring
==>  Preparing: INSERT INTO `tb_post` (content, author_id, publish_at, last_update) VALUES (?, ?, ?, ?)
==> Parameters: 学习人类学能够让我们更好地理解不同文化。(String), 3(Long), 2024-11-13T00:19:34.892754700(LocalDateTime), 2024-11-13T00:19:34.892754700(LocalDateTime)
<==    Updates: 1
Releasing transactional SqlSession [org.apache.ibatis.session.defaults.DefaultSqlSession@1c294a17]
Transaction synchronization committing SqlSession [org.apache.ibatis.session.defaults.DefaultSqlSession@1c294a17]
Transaction synchronization deregistering SqlSession [org.apache.ibatis.session.defaults.DefaultSqlSession@1c294a17]
Transaction synchronization closing SqlSession [org.apache.ibatis.session.defaults.DefaultSqlSession@1c294a17]
Creating a new SqlSession
Registering transaction synchronization for SqlSession [org.apache.ibatis.session.defaults.DefaultSqlSession@11703cc8]
JDBC Connection [HikariProxyConnection@49737193 wrapping com.mysql.cj.jdbc.ConnectionImpl@247d44b4] will be managed by Spring
==>  Preparing: INSERT INTO `tb_post` (content, author_id, publish_at, last_update) VALUES (?, ?, ?, ?)
==> Parameters: 练习园艺能够让我们享受自然和宁静。(String), 73(Long), 2024-11-13T00:19:34.893508900(LocalDateTime), 2024-11-13T00:19:34.893508900(LocalDateTime)
<==    Updates: 1
Releasing transactional SqlSession [org.apache.ibatis.session.defaults.DefaultSqlSession@11703cc8]
Transaction synchronization committing SqlSession [org.apache.ibatis.session.defaults.DefaultSqlSession@11703cc8]
Transaction synchronization deregistering SqlSession [org.apache.ibatis.session.defaults.DefaultSqlSession@11703cc8]
Transaction synchronization closing SqlSession [org.apache.ibatis.session.defaults.DefaultSqlSession@11703cc8]
Creating a new SqlSession
Registering transaction synchronization for SqlSession [org.apache.ibatis.session.defaults.DefaultSqlSession@7843b65e]
JDBC Connection [HikariProxyConnection@364413600 wrapping com.mysql.cj.jdbc.ConnectionImpl@247d44b4] will be managed by Spring
==>  Preparing: INSERT INTO `tb_post` (content, author_id, publish_at, last_update) VALUES (?, ?, ?, ?)
==> Parameters: 学习政治学能够让我们更好地理解国家和社会的运作。(String), 8(Long), 2024-11-13T00:19:34.914587500(LocalDateTime), 2024-11-13T00:19:34.914587500(LocalDateTime)
<==    Updates: 1
Releasing transactional SqlSession [org.apache.ibatis.session.defaults.DefaultSqlSession@7843b65e]
Transaction synchronization committing SqlSession [org.apache.ibatis.session.defaults.DefaultSqlSession@7843b65e]
Transaction synchronization deregistering SqlSession [org.apache.ibatis.session.defaults.DefaultSqlSession@7843b65e]
Transaction synchronization closing SqlSession [org.apache.ibatis.session.defaults.DefaultSqlSession@7843b65e]
Creating a new SqlSession
Registering transaction synchronization for SqlSession [org.apache.ibatis.session.defaults.DefaultSqlSession@3e3c6323]
JDBC Connection [HikariProxyConnection@2010162322 wrapping com.mysql.cj.jdbc.ConnectionImpl@247d44b4] will be managed by Spring
==>  Preparing: INSERT INTO `tb_post` (content, author_id, publish_at, last_update) VALUES (?, ?, ?, ?)
==> Parameters: 练习陶艺是一种放松心情，发挥创意的活动。(String), 75(Long), 2024-11-13T00:19:34.923589800(LocalDateTime), 2024-11-13T00:19:34.923589800(LocalDateTime)
<==    Updates: 1
Releasing transactional SqlSession [org.apache.ibatis.session.defaults.DefaultSqlSession@3e3c6323]
Transaction synchronization committing SqlSession [org.apache.ibatis.session.defaults.DefaultSqlSession@3e3c6323]
Transaction synchronization deregistering SqlSession [org.apache.ibatis.session.defaults.DefaultSqlSession@3e3c6323]
Transaction synchronization closing SqlSession [org.apache.ibatis.session.defaults.DefaultSqlSession@3e3c6323]
Creating a new SqlSession
Registering transaction synchronization for SqlSession [org.apache.ibatis.session.defaults.DefaultSqlSession@1f4d9c7f]
JDBC Connection [HikariProxyConnection@2012635448 wrapping com.mysql.cj.jdbc.ConnectionImpl@247d44b4] will be managed by Spring
==>  Preparing: INSERT INTO `tb_post` (content, author_id, publish_at, last_update) VALUES (?, ?, ?, ?)
==> Parameters: 学习环境科学能够让我们更好地保护地球。(String), 74(Long), 2024-11-13T00:19:34.930374700(LocalDateTime), 2024-11-13T00:19:34.930374700(LocalDateTime)
<==    Updates: 1
Releasing transactional SqlSession [org.apache.ibatis.session.defaults.DefaultSqlSession@1f4d9c7f]
Transaction synchronization committing SqlSession [org.apache.ibatis.session.defaults.DefaultSqlSession@1f4d9c7f]
Transaction synchronization deregistering SqlSession [org.apache.ibatis.session.defaults.DefaultSqlSession@1f4d9c7f]
Transaction synchronization closing SqlSession [org.apache.ibatis.session.defaults.DefaultSqlSession@1f4d9c7f]
Creating a new SqlSession
Registering transaction synchronization for SqlSession [org.apache.ibatis.session.defaults.DefaultSqlSession@36299b83]
JDBC Connection [HikariProxyConnection@159936195 wrapping com.mysql.cj.jdbc.ConnectionImpl@247d44b4] will be managed by Spring
==>  Preparing: INSERT INTO `tb_post` (content, author_id, publish_at, last_update) VALUES (?, ?, ?, ?)
==> Parameters: 练习唱歌能够提升我们的声乐技巧和自信心。(String), 57(Long), 2024-11-13T00:19:34.937375400(LocalDateTime), 2024-11-13T00:19:34.937375400(LocalDateTime)
<==    Updates: 1
Releasing transactional SqlSession [org.apache.ibatis.session.defaults.DefaultSqlSession@36299b83]
Transaction synchronization committing SqlSession [org.apache.ibatis.session.defaults.DefaultSqlSession@36299b83]
Transaction synchronization deregistering SqlSession [org.apache.ibatis.session.defaults.DefaultSqlSession@36299b83]
Transaction synchronization closing SqlSession [org.apache.ibatis.session.defaults.DefaultSqlSession@36299b83]
Creating a new SqlSession
Registering transaction synchronization for SqlSession [org.apache.ibatis.session.defaults.DefaultSqlSession@71979130]
JDBC Connection [HikariProxyConnection@1455581985 wrapping com.mysql.cj.jdbc.ConnectionImpl@247d44b4] will be managed by Spring
==>  Preparing: INSERT INTO `tb_post` (content, author_id, publish_at, last_update) VALUES (?, ?, ?, ?)
==> Parameters: 学习国际关系能够增进我们对全球事务的理解。(String), 45(Long), 2024-11-13T00:19:34.944379600(LocalDateTime), 2024-11-13T00:19:34.944379600(LocalDateTime)
<==    Updates: 1
Releasing transactional SqlSession [org.apache.ibatis.session.defaults.DefaultSqlSession@71979130]
Transaction synchronization committing SqlSession [org.apache.ibatis.session.defaults.DefaultSqlSession@71979130]
Transaction synchronization deregistering SqlSession [org.apache.ibatis.session.defaults.DefaultSqlSession@71979130]
Transaction synchronization closing SqlSession [org.apache.ibatis.session.defaults.DefaultSqlSession@71979130]
Creating a new SqlSession
Registering transaction synchronization for SqlSession [org.apache.ibatis.session.defaults.DefaultSqlSession@541c76fd]
JDBC Connection [HikariProxyConnection@965988043 wrapping com.mysql.cj.jdbc.ConnectionImpl@247d44b4] will be managed by Spring
==>  Preparing: INSERT INTO `tb_post` (content, author_id, publish_at, last_update) VALUES (?, ?, ?, ?)
==> Parameters: 练习写作小说能够锻炼我们的想象力和叙事能力。(String), 12(Long), 2024-11-13T00:19:34.946435500(LocalDateTime), 2024-11-13T00:19:34.946435500(LocalDateTime)
<==    Updates: 1
Releasing transactional SqlSession [org.apache.ibatis.session.defaults.DefaultSqlSession@541c76fd]
Transaction synchronization committing SqlSession [org.apache.ibatis.session.defaults.DefaultSqlSession@541c76fd]
Transaction synchronization deregistering SqlSession [org.apache.ibatis.session.defaults.DefaultSqlSession@541c76fd]
Transaction synchronization closing SqlSession [org.apache.ibatis.session.defaults.DefaultSqlSession@541c76fd]
Creating a new SqlSession
Registering transaction synchronization for SqlSession [org.apache.ibatis.session.defaults.DefaultSqlSession@76fdd5f1]
JDBC Connection [HikariProxyConnection@709531076 wrapping com.mysql.cj.jdbc.ConnectionImpl@247d44b4] will be managed by Spring
==>  Preparing: INSERT INTO `tb_post` (content, author_id, publish_at, last_update) VALUES (?, ?, ?, ?)
==> Parameters: 学习心理学能够增进我们对人类行为的理解。(String), 69(Long), 2024-11-13T00:19:34.946435500(LocalDateTime), 2024-11-13T00:19:34.946435500(LocalDateTime)
<==    Updates: 1
Releasing transactional SqlSession [org.apache.ibatis.session.defaults.DefaultSqlSession@76fdd5f1]
Transaction synchronization committing SqlSession [org.apache.ibatis.session.defaults.DefaultSqlSession@76fdd5f1]
Transaction synchronization deregistering SqlSession [org.apache.ibatis.session.defaults.DefaultSqlSession@76fdd5f1]
Transaction synchronization closing SqlSession [org.apache.ibatis.session.defaults.DefaultSqlSession@76fdd5f1]
Creating a new SqlSession
Registering transaction synchronization for SqlSession [org.apache.ibatis.session.defaults.DefaultSqlSession@3380313d]
JDBC Connection [HikariProxyConnection@492749549 wrapping com.mysql.cj.jdbc.ConnectionImpl@247d44b4] will be managed by Spring
==>  Preparing: INSERT INTO `tb_post` (content, author_id, publish_at, last_update) VALUES (?, ?, ?, ?)
==> Parameters: 练习雕刻能够提升我们的艺术技巧和耐心。(String), 68(Long), 2024-11-13T00:19:34.967729400(LocalDateTime), 2024-11-13T00:19:34.967729400(LocalDateTime)
<==    Updates: 1
Releasing transactional SqlSession [org.apache.ibatis.session.defaults.DefaultSqlSession@3380313d]
Transaction synchronization committing SqlSession [org.apache.ibatis.session.defaults.DefaultSqlSession@3380313d]
Transaction synchronization deregistering SqlSession [org.apache.ibatis.session.defaults.DefaultSqlSession@3380313d]
Transaction synchronization closing SqlSession [org.apache.ibatis.session.defaults.DefaultSqlSession@3380313d]
Creating a new SqlSession
Registering transaction synchronization for SqlSession [org.apache.ibatis.session.defaults.DefaultSqlSession@29ec5005]
JDBC Connection [HikariProxyConnection@1390694257 wrapping com.mysql.cj.jdbc.ConnectionImpl@247d44b4] will be managed by Spring
==>  Preparing: INSERT INTO `tb_post` (content, author_id, publish_at, last_update) VALUES (?, ?, ?, ?)
==> Parameters: 学习健康科学能够让我们更好地照顾自己和他人。(String), 31(Long), 2024-11-13T00:19:34.973731(LocalDateTime), 2024-11-13T00:19:34.973731(LocalDateTime)
<==    Updates: 1
Releasing transactional SqlSession [org.apache.ibatis.session.defaults.DefaultSqlSession@29ec5005]
Transaction synchronization committing SqlSession [org.apache.ibatis.session.defaults.DefaultSqlSession@29ec5005]
Transaction synchronization deregistering SqlSession [org.apache.ibatis.session.defaults.DefaultSqlSession@29ec5005]
Transaction synchronization closing SqlSession [org.apache.ibatis.session.defaults.DefaultSqlSession@29ec5005]
Creating a new SqlSession
Registering transaction synchronization for SqlSession [org.apache.ibatis.session.defaults.DefaultSqlSession@5276330a]
JDBC Connection [HikariProxyConnection@1411222174 wrapping com.mysql.cj.jdbc.ConnectionImpl@247d44b4] will be managed by Spring
==>  Preparing: INSERT INTO `tb_post` (content, author_id, publish_at, last_update) VALUES (?, ?, ?, ?)
==> Parameters: 练习编织能够带来手工艺的乐趣和满足感。(String), 100(Long), 2024-11-13T00:19:34.982764100(LocalDateTime), 2024-11-13T00:19:34.982764100(LocalDateTime)
<==    Updates: 1
Releasing transactional SqlSession [org.apache.ibatis.session.defaults.DefaultSqlSession@5276330a]
Transaction synchronization committing SqlSession [org.apache.ibatis.session.defaults.DefaultSqlSession@5276330a]
Transaction synchronization deregistering SqlSession [org.apache.ibatis.session.defaults.DefaultSqlSession@5276330a]
Transaction synchronization closing SqlSession [org.apache.ibatis.session.defaults.DefaultSqlSession@5276330a]
Creating a new SqlSession
Registering transaction synchronization for SqlSession [org.apache.ibatis.session.defaults.DefaultSqlSession@5bb24266]
JDBC Connection [HikariProxyConnection@871389613 wrapping com.mysql.cj.jdbc.ConnectionImpl@247d44b4] will be managed by Spring
==>  Preparing: INSERT INTO `tb_post` (content, author_id, publish_at, last_update) VALUES (?, ?, ?, ?)
==> Parameters: 学习营养学能够帮助我们做出更健康的饮食选择。(String), 79(Long), 2024-11-13T00:19:34.989761700(LocalDateTime), 2024-11-13T00:19:34.989761700(LocalDateTime)
<==    Updates: 1
Releasing transactional SqlSession [org.apache.ibatis.session.defaults.DefaultSqlSession@5bb24266]
Transaction synchronization committing SqlSession [org.apache.ibatis.session.defaults.DefaultSqlSession@5bb24266]
Transaction synchronization deregistering SqlSession [org.apache.ibatis.session.defaults.DefaultSqlSession@5bb24266]
Transaction synchronization closing SqlSession [org.apache.ibatis.session.defaults.DefaultSqlSession@5bb24266]
Creating a new SqlSession
Registering transaction synchronization for SqlSession [org.apache.ibatis.session.defaults.DefaultSqlSession@5d7f4cbb]
JDBC Connection [HikariProxyConnection@1585430546 wrapping com.mysql.cj.jdbc.ConnectionImpl@247d44b4] will be managed by Spring
==>  Preparing: INSERT INTO `tb_post` (content, author_id, publish_at, last_update) VALUES (?, ?, ?, ?)
==> Parameters: 练习插花艺术能够提升我们的审美和创造力。(String), 84(Long), 2024-11-13T00:19:34.993460600(LocalDateTime), 2024-11-13T00:19:34.993460600(LocalDateTime)
<==    Updates: 1
Releasing transactional SqlSession [org.apache.ibatis.session.defaults.DefaultSqlSession@5d7f4cbb]
Transaction synchronization committing SqlSession [org.apache.ibatis.session.defaults.DefaultSqlSession@5d7f4cbb]
Transaction synchronization deregistering SqlSession [org.apache.ibatis.session.defaults.DefaultSqlSession@5d7f4cbb]
Transaction synchronization closing SqlSession [org.apache.ibatis.session.defaults.DefaultSqlSession@5d7f4cbb]
Creating a new SqlSession
Registering transaction synchronization for SqlSession [org.apache.ibatis.session.defaults.DefaultSqlSession@3284f91f]
JDBC Connection [HikariProxyConnection@2011496421 wrapping com.mysql.cj.jdbc.ConnectionImpl@247d44b4] will be managed by Spring
==>  Preparing: INSERT INTO `tb_post` (content, author_id, publish_at, last_update) VALUES (?, ?, ?, ?)
==> Parameters: 学习工程学能够让我们更好地理解现代技术。(String), 1(Long), 2024-11-13T00:19:34.993460600(LocalDateTime), 2024-11-13T00:19:34.993460600(LocalDateTime)
<==    Updates: 1
Releasing transactional SqlSession [org.apache.ibatis.session.defaults.DefaultSqlSession@3284f91f]
Transaction synchronization committing SqlSession [org.apache.ibatis.session.defaults.DefaultSqlSession@3284f91f]
Transaction synchronization deregistering SqlSession [org.apache.ibatis.session.defaults.DefaultSqlSession@3284f91f]
Transaction synchronization closing SqlSession [org.apache.ibatis.session.defaults.DefaultSqlSession@3284f91f]
Creating a new SqlSession
Registering transaction synchronization for SqlSession [org.apache.ibatis.session.defaults.DefaultSqlSession@f1d5f3]
JDBC Connection [HikariProxyConnection@1919451866 wrapping com.mysql.cj.jdbc.ConnectionImpl@247d44b4] will be managed by Spring
==>  Preparing: INSERT INTO `tb_post` (content, author_id, publish_at, last_update) VALUES (?, ?, ?, ?)
==> Parameters: 练习建筑设计能够激发我们的创造力和空间感。(String), 42(Long), 2024-11-13T00:19:35.010894100(LocalDateTime), 2024-11-13T00:19:35.010894100(LocalDateTime)
<==    Updates: 1
Releasing transactional SqlSession [org.apache.ibatis.session.defaults.DefaultSqlSession@f1d5f3]
Transaction synchronization committing SqlSession [org.apache.ibatis.session.defaults.DefaultSqlSession@f1d5f3]
Transaction synchronization deregistering SqlSession [org.apache.ibatis.session.defaults.DefaultSqlSession@f1d5f3]
Transaction synchronization closing SqlSession [org.apache.ibatis.session.defaults.DefaultSqlSession@f1d5f3]
Creating a new SqlSession
Registering transaction synchronization for SqlSession [org.apache.ibatis.session.defaults.DefaultSqlSession@1297cf8]
JDBC Connection [HikariProxyConnection@1473375728 wrapping com.mysql.cj.jdbc.ConnectionImpl@247d44b4] will be managed by Spring
==>  Preparing: INSERT INTO `tb_post` (content, author_id, publish_at, last_update) VALUES (?, ?, ?, ?)
==> Parameters: 学习计算机科学能够让我们更好地适应数字时代。(String), 72(Long), 2024-11-13T00:19:35.021895200(LocalDateTime), 2024-11-13T00:19:35.021895200(LocalDateTime)
<==    Updates: 1
Releasing transactional SqlSession [org.apache.ibatis.session.defaults.DefaultSqlSession@1297cf8]
Transaction synchronization committing SqlSession [org.apache.ibatis.session.defaults.DefaultSqlSession@1297cf8]
Transaction synchronization deregistering SqlSession [org.apache.ibatis.session.defaults.DefaultSqlSession@1297cf8]
Transaction synchronization closing SqlSession [org.apache.ibatis.session.defaults.DefaultSqlSession@1297cf8]
Creating a new SqlSession
Registering transaction synchronization for SqlSession [org.apache.ibatis.session.defaults.DefaultSqlSession@4ef7145f]
JDBC Connection [HikariProxyConnection@1087177468 wrapping com.mysql.cj.jdbc.ConnectionImpl@247d44b4] will be managed by Spring
==>  Preparing: INSERT INTO `tb_post` (content, author_id, publish_at, last_update) VALUES (?, ?, ?, ?)
==> Parameters: 练习电子音乐制作能够带来音乐创作的新体验。(String), 90(Long), 2024-11-13T00:19:35.035120200(LocalDateTime), 2024-11-13T00:19:35.035120200(LocalDateTime)
<==    Updates: 1
Releasing transactional SqlSession [org.apache.ibatis.session.defaults.DefaultSqlSession@4ef7145f]
Transaction synchronization committing SqlSession [org.apache.ibatis.session.defaults.DefaultSqlSession@4ef7145f]
Transaction synchronization deregistering SqlSession [org.apache.ibatis.session.defaults.DefaultSqlSession@4ef7145f]
Transaction synchronization closing SqlSession [org.apache.ibatis.session.defaults.DefaultSqlSession@4ef7145f]
Creating a new SqlSession
Registering transaction synchronization for SqlSession [org.apache.ibatis.session.defaults.DefaultSqlSession@118d7e0e]
JDBC Connection [HikariProxyConnection@2052683787 wrapping com.mysql.cj.jdbc.ConnectionImpl@247d44b4] will be managed by Spring
==>  Preparing: INSERT INTO `tb_post` (content, author_id, publish_at, last_update) VALUES (?, ?, ?, ?)
==> Parameters: 学习海洋学能够让我们更好地了解和保护海洋环境。(String), 19(Long), 2024-11-13T00:19:35.045437800(LocalDateTime), 2024-11-13T00:19:35.045437800(LocalDateTime)
<==    Updates: 1
Releasing transactional SqlSession [org.apache.ibatis.session.defaults.DefaultSqlSession@118d7e0e]
Transaction synchronization committing SqlSession [org.apache.ibatis.session.defaults.DefaultSqlSession@118d7e0e]
Transaction synchronization deregistering SqlSession [org.apache.ibatis.session.defaults.DefaultSqlSession@118d7e0e]
Transaction synchronization closing SqlSession [org.apache.ibatis.session.defaults.DefaultSqlSession@118d7e0e]
Creating a new SqlSession
Registering transaction synchronization for SqlSession [org.apache.ibatis.session.defaults.DefaultSqlSession@6b9f5dcf]
JDBC Connection [HikariProxyConnection@626183040 wrapping com.mysql.cj.jdbc.ConnectionImpl@247d44b4] will be managed by Spring
==>  Preparing: INSERT INTO `tb_post` (content, author_id, publish_at, last_update) VALUES (?, ?, ?, ?)
==> Parameters: 练习视频编辑能够提升我们的多媒体制作能力。(String), 18(Long), 2024-11-13T00:19:35.064582400(LocalDateTime), 2024-11-13T00:19:35.064582400(LocalDateTime)
<==    Updates: 1
Releasing transactional SqlSession [org.apache.ibatis.session.defaults.DefaultSqlSession@6b9f5dcf]
Transaction synchronization committing SqlSession [org.apache.ibatis.session.defaults.DefaultSqlSession@6b9f5dcf]
Transaction synchronization deregistering SqlSession [org.apache.ibatis.session.defaults.DefaultSqlSession@6b9f5dcf]
Transaction synchronization closing SqlSession [org.apache.ibatis.session.defaults.DefaultSqlSession@6b9f5dcf]
Creating a new SqlSession
Registering transaction synchronization for SqlSession [org.apache.ibatis.session.defaults.DefaultSqlSession@6f45be42]
JDBC Connection [HikariProxyConnection@495982334 wrapping com.mysql.cj.jdbc.ConnectionImpl@247d44b4] will be managed by Spring
==>  Preparing: INSERT INTO `tb_post` (content, author_id, publish_at, last_update) VALUES (?, ?, ?, ?)
==> Parameters: 学习遗传学能够让我们更好地理解生命的奥秘。(String), 28(Long), 2024-11-13T00:19:35.074583100(LocalDateTime), 2024-11-13T00:19:35.074583100(LocalDateTime)
<==    Updates: 1
Releasing transactional SqlSession [org.apache.ibatis.session.defaults.DefaultSqlSession@6f45be42]
Transaction synchronization committing SqlSession [org.apache.ibatis.session.defaults.DefaultSqlSession@6f45be42]
Transaction synchronization deregistering SqlSession [org.apache.ibatis.session.defaults.DefaultSqlSession@6f45be42]
Transaction synchronization closing SqlSession [org.apache.ibatis.session.defaults.DefaultSqlSession@6f45be42]
Creating a new SqlSession
Registering transaction synchronization for SqlSession [org.apache.ibatis.session.defaults.DefaultSqlSession@12922d53]
JDBC Connection [HikariProxyConnection@2080890623 wrapping com.mysql.cj.jdbc.ConnectionImpl@247d44b4] will be managed by Spring
==>  Preparing: INSERT INTO `tb_post` (content, author_id, publish_at, last_update) VALUES (?, ?, ?, ?)
==> Parameters: 练习园艺设计能够让我们享受创造美丽空间的乐趣。(String), 36(Long), 2024-11-13T00:19:35.086582(LocalDateTime), 2024-11-13T00:19:35.086582(LocalDateTime)
<==    Updates: 1
Releasing transactional SqlSession [org.apache.ibatis.session.defaults.DefaultSqlSession@12922d53]
Transaction synchronization committing SqlSession [org.apache.ibatis.session.defaults.DefaultSqlSession@12922d53]
Transaction synchronization deregistering SqlSession [org.apache.ibatis.session.defaults.DefaultSqlSession@12922d53]
Transaction synchronization closing SqlSession [org.apache.ibatis.session.defaults.DefaultSqlSession@12922d53]
Creating a new SqlSession
Registering transaction synchronization for SqlSession [org.apache.ibatis.session.defaults.DefaultSqlSession@2edc6690]
JDBC Connection [HikariProxyConnection@858768220 wrapping com.mysql.cj.jdbc.ConnectionImpl@247d44b4] will be managed by Spring
==>  Preparing: INSERT INTO `tb_post` (content, author_id, publish_at, last_update) VALUES (?, ?, ?, ?)
==> Parameters: 学习气象学能够让我们更好地理解天气和气候。(String), 44(Long), 2024-11-13T00:19:35.097359(LocalDateTime), 2024-11-13T00:19:35.097359(LocalDateTime)
<==    Updates: 1
Releasing transactional SqlSession [org.apache.ibatis.session.defaults.DefaultSqlSession@2edc6690]
Transaction synchronization committing SqlSession [org.apache.ibatis.session.defaults.DefaultSqlSession@2edc6690]
Transaction synchronization deregistering SqlSession [org.apache.ibatis.session.defaults.DefaultSqlSession@2edc6690]
Transaction synchronization closing SqlSession [org.apache.ibatis.session.defaults.DefaultSqlSession@2edc6690]
Creating a new SqlSession
Registering transaction synchronization for SqlSession [org.apache.ibatis.session.defaults.DefaultSqlSession@6138ee0e]
JDBC Connection [HikariProxyConnection@770966131 wrapping com.mysql.cj.jdbc.ConnectionImpl@247d44b4] will be managed by Spring
==>  Preparing: INSERT INTO `tb_post` (content, author_id, publish_at, last_update) VALUES (?, ?, ?, ?)
==> Parameters: 练习制作短片能够提升我们的叙事和视觉表达能力。(String), 39(Long), 2024-11-13T00:19:35.108361700(LocalDateTime), 2024-11-13T00:19:35.108361700(LocalDateTime)
<==    Updates: 1
Releasing transactional SqlSession [org.apache.ibatis.session.defaults.DefaultSqlSession@6138ee0e]
Transaction synchronization committing SqlSession [org.apache.ibatis.session.defaults.DefaultSqlSession@6138ee0e]
Transaction synchronization deregistering SqlSession [org.apache.ibatis.session.defaults.DefaultSqlSession@6138ee0e]
Transaction synchronization closing SqlSession [org.apache.ibatis.session.defaults.DefaultSqlSession@6138ee0e]
Creating a new SqlSession
Registering transaction synchronization for SqlSession [org.apache.ibatis.session.defaults.DefaultSqlSession@44e19b99]
JDBC Connection [HikariProxyConnection@860422228 wrapping com.mysql.cj.jdbc.ConnectionImpl@247d44b4] will be managed by Spring
==>  Preparing: INSERT INTO `tb_post` (content, author_id, publish_at, last_update) VALUES (?, ?, ?, ?)
==> Parameters: 学习考古学能够让我们更好地了解人类的过去。(String), 23(Long), 2024-11-13T00:19:35.120926200(LocalDateTime), 2024-11-13T00:19:35.120926200(LocalDateTime)
<==    Updates: 1
Releasing transactional SqlSession [org.apache.ibatis.session.defaults.DefaultSqlSession@44e19b99]
Transaction synchronization committing SqlSession [org.apache.ibatis.session.defaults.DefaultSqlSession@44e19b99]
Transaction synchronization deregistering SqlSession [org.apache.ibatis.session.defaults.DefaultSqlSession@44e19b99]
Transaction synchronization closing SqlSession [org.apache.ibatis.session.defaults.DefaultSqlSession@44e19b99]
Creating a new SqlSession
Registering transaction synchronization for SqlSession [org.apache.ibatis.session.defaults.DefaultSqlSession@47d7e8b5]
JDBC Connection [HikariProxyConnection@1713195473 wrapping com.mysql.cj.jdbc.ConnectionImpl@247d44b4] will be managed by Spring
==>  Preparing: INSERT INTO `tb_post` (content, author_id, publish_at, last_update) VALUES (?, ?, ?, ?)
==> Parameters: 练习陶瓷艺术能够带来手工艺的乐趣和满足感。(String), 92(Long), 2024-11-13T00:19:35.131893100(LocalDateTime), 2024-11-13T00:19:35.131893100(LocalDateTime)
<==    Updates: 1
Releasing transactional SqlSession [org.apache.ibatis.session.defaults.DefaultSqlSession@47d7e8b5]
Transaction synchronization committing SqlSession [org.apache.ibatis.session.defaults.DefaultSqlSession@47d7e8b5]
Transaction synchronization deregistering SqlSession [org.apache.ibatis.session.defaults.DefaultSqlSession@47d7e8b5]
Transaction synchronization closing SqlSession [org.apache.ibatis.session.defaults.DefaultSqlSession@47d7e8b5]
Creating a new SqlSession
Registering transaction synchronization for SqlSession [org.apache.ibatis.session.defaults.DefaultSqlSession@234adbe2]
JDBC Connection [HikariProxyConnection@131646052 wrapping com.mysql.cj.jdbc.ConnectionImpl@247d44b4] will be managed by Spring
==>  Preparing: INSERT INTO `tb_post` (content, author_id, publish_at, last_update) VALUES (?, ?, ?, ?)
==> Parameters: 学习农业科学能够让我们更好地理解食物的生产。(String), 79(Long), 2024-11-13T00:19:35.143270200(LocalDateTime), 2024-11-13T00:19:35.143270200(LocalDateTime)
<==    Updates: 1
Releasing transactional SqlSession [org.apache.ibatis.session.defaults.DefaultSqlSession@234adbe2]
Transaction synchronization committing SqlSession [org.apache.ibatis.session.defaults.DefaultSqlSession@234adbe2]
Transaction synchronization deregistering SqlSession [org.apache.ibatis.session.defaults.DefaultSqlSession@234adbe2]
Transaction synchronization closing SqlSession [org.apache.ibatis.session.defaults.DefaultSqlSession@234adbe2]
Creating a new SqlSession
Registering transaction synchronization for SqlSession [org.apache.ibatis.session.defaults.DefaultSqlSession@71852f76]
JDBC Connection [HikariProxyConnection@2101666759 wrapping com.mysql.cj.jdbc.ConnectionImpl@247d44b4] will be managed by Spring
==>  Preparing: INSERT INTO `tb_post` (content, author_id, publish_at, last_update) VALUES (?, ?, ?, ?)
==> Parameters: 练习制作动画能够提升我们的创意和视觉表达能力。(String), 90(Long), 2024-11-13T00:19:35.143270200(LocalDateTime), 2024-11-13T00:19:35.143270200(LocalDateTime)
<==    Updates: 1
Releasing transactional SqlSession [org.apache.ibatis.session.defaults.DefaultSqlSession@71852f76]
Transaction synchronization committing SqlSession [org.apache.ibatis.session.defaults.DefaultSqlSession@71852f76]
Transaction synchronization deregistering SqlSession [org.apache.ibatis.session.defaults.DefaultSqlSession@71852f76]
Transaction synchronization closing SqlSession [org.apache.ibatis.session.defaults.DefaultSqlSession@71852f76]
Creating a new SqlSession
Registering transaction synchronization for SqlSession [org.apache.ibatis.session.defaults.DefaultSqlSession@57cfb4d8]
JDBC Connection [HikariProxyConnection@240897678 wrapping com.mysql.cj.jdbc.ConnectionImpl@247d44b4] will be managed by Spring
==>  Preparing: INSERT INTO `tb_post` (content, author_id, publish_at, last_update) VALUES (?, ?, ?, ?)
==> Parameters: 学习动物学能够让我们更好地了解和保护动物。(String), 91(Long), 2024-11-13T00:19:35.164437800(LocalDateTime), 2024-11-13T00:19:35.164437800(LocalDateTime)
<==    Updates: 1
Releasing transactional SqlSession [org.apache.ibatis.session.defaults.DefaultSqlSession@57cfb4d8]
Transaction synchronization committing SqlSession [org.apache.ibatis.session.defaults.DefaultSqlSession@57cfb4d8]
Transaction synchronization deregistering SqlSession [org.apache.ibatis.session.defaults.DefaultSqlSession@57cfb4d8]
Transaction synchronization closing SqlSession [org.apache.ibatis.session.defaults.DefaultSqlSession@57cfb4d8]
Creating a new SqlSession
Registering transaction synchronization for SqlSession [org.apache.ibatis.session.defaults.DefaultSqlSession@384b718c]
JDBC Connection [HikariProxyConnection@1518922937 wrapping com.mysql.cj.jdbc.ConnectionImpl@247d44b4] will be managed by Spring
==>  Preparing: INSERT INTO `tb_post` (content, author_id, publish_at, last_update) VALUES (?, ?, ?, ?)
==> Parameters: 练习制作手工艺品能够带来创造的满足感。(String), 83(Long), 2024-11-13T00:19:35.171438200(LocalDateTime), 2024-11-13T00:19:35.171438200(LocalDateTime)
<==    Updates: 1
Releasing transactional SqlSession [org.apache.ibatis.session.defaults.DefaultSqlSession@384b718c]
Transaction synchronization committing SqlSession [org.apache.ibatis.session.defaults.DefaultSqlSession@384b718c]
Transaction synchronization deregistering SqlSession [org.apache.ibatis.session.defaults.DefaultSqlSession@384b718c]
Transaction synchronization closing SqlSession [org.apache.ibatis.session.defaults.DefaultSqlSession@384b718c]
Creating a new SqlSession
Registering transaction synchronization for SqlSession [org.apache.ibatis.session.defaults.DefaultSqlSession@76ac8c3d]
JDBC Connection [HikariProxyConnection@1161685456 wrapping com.mysql.cj.jdbc.ConnectionImpl@247d44b4] will be managed by Spring
==>  Preparing: INSERT INTO `tb_post` (content, author_id, publish_at, last_update) VALUES (?, ?, ?, ?)
==> Parameters: 学习生态学能够让我们更好地理解自然生态系统。(String), 36(Long), 2024-11-13T00:19:35.178436500(LocalDateTime), 2024-11-13T00:19:35.178436500(LocalDateTime)
<==    Updates: 1
Releasing transactional SqlSession [org.apache.ibatis.session.defaults.DefaultSqlSession@76ac8c3d]
Transaction synchronization committing SqlSession [org.apache.ibatis.session.defaults.DefaultSqlSession@76ac8c3d]
Transaction synchronization deregistering SqlSession [org.apache.ibatis.session.defaults.DefaultSqlSession@76ac8c3d]
Transaction synchronization closing SqlSession [org.apache.ibatis.session.defaults.DefaultSqlSession@76ac8c3d]
Creating a new SqlSession
Registering transaction synchronization for SqlSession [org.apache.ibatis.session.defaults.DefaultSqlSession@3502b614]
JDBC Connection [HikariProxyConnection@787865487 wrapping com.mysql.cj.jdbc.ConnectionImpl@247d44b4] will be managed by Spring
==>  Preparing: INSERT INTO `tb_post` (content, author_id, publish_at, last_update) VALUES (?, ?, ?, ?)
==> Parameters: 练习制作珠宝能够提升我们的精细工艺技能。(String), 51(Long), 2024-11-13T00:19:35.185436500(LocalDateTime), 2024-11-13T00:19:35.185436500(LocalDateTime)
<==    Updates: 1
Releasing transactional SqlSession [org.apache.ibatis.session.defaults.DefaultSqlSession@3502b614]
Transaction synchronization committing SqlSession [org.apache.ibatis.session.defaults.DefaultSqlSession@3502b614]
Transaction synchronization deregistering SqlSession [org.apache.ibatis.session.defaults.DefaultSqlSession@3502b614]
Transaction synchronization closing SqlSession [org.apache.ibatis.session.defaults.DefaultSqlSession@3502b614]
Creating a new SqlSession
Registering transaction synchronization for SqlSession [org.apache.ibatis.session.defaults.DefaultSqlSession@12544a50]
JDBC Connection [HikariProxyConnection@457649325 wrapping com.mysql.cj.jdbc.ConnectionImpl@247d44b4] will be managed by Spring
==>  Preparing: INSERT INTO `tb_post` (content, author_id, publish_at, last_update) VALUES (?, ?, ?, ?)
==> Parameters: 学习地质学能够让我们更好地理解地球的历史和结构。(String), 2(Long), 2024-11-13T00:19:35.192438500(LocalDateTime), 2024-11-13T00:19:35.192438500(LocalDateTime)
<==    Updates: 1
Releasing transactional SqlSession [org.apache.ibatis.session.defaults.DefaultSqlSession@12544a50]
Transaction synchronization committing SqlSession [org.apache.ibatis.session.defaults.DefaultSqlSession@12544a50]
Transaction synchronization deregistering SqlSession [org.apache.ibatis.session.defaults.DefaultSqlSession@12544a50]
Transaction synchronization closing SqlSession [org.apache.ibatis.session.defaults.DefaultSqlSession@12544a50]
Creating a new SqlSession
Registering transaction synchronization for SqlSession [org.apache.ibatis.session.defaults.DefaultSqlSession@6a0d47e8]
JDBC Connection [HikariProxyConnection@1063891302 wrapping com.mysql.cj.jdbc.ConnectionImpl@247d44b4] will be managed by Spring
==>  Preparing: INSERT INTO `tb_post` (content, author_id, publish_at, last_update) VALUES (?, ?, ?, ?)
==> Parameters: 工作是实现个人价值和职业发展的重要途径。(String), 11(Long), 2024-11-13T00:19:35.199673400(LocalDateTime), 2024-11-13T00:19:35.199673400(LocalDateTime)
<==    Updates: 1
Releasing transactional SqlSession [org.apache.ibatis.session.defaults.DefaultSqlSession@6a0d47e8]
Transaction synchronization committing SqlSession [org.apache.ibatis.session.defaults.DefaultSqlSession@6a0d47e8]
Transaction synchronization deregistering SqlSession [org.apache.ibatis.session.defaults.DefaultSqlSession@6a0d47e8]
Transaction synchronization closing SqlSession [org.apache.ibatis.session.defaults.DefaultSqlSession@6a0d47e8]
Creating a new SqlSession
Registering transaction synchronization for SqlSession [org.apache.ibatis.session.defaults.DefaultSqlSession@6f8281e6]
JDBC Connection [HikariProxyConnection@543835743 wrapping com.mysql.cj.jdbc.ConnectionImpl@247d44b4] will be managed by Spring
==>  Preparing: INSERT INTO `tb_post` (content, author_id, publish_at, last_update) VALUES (?, ?, ?, ?)
==> Parameters: 保持工作与生活的平衡对于身心健康至关重要。(String), 60(Long), 2024-11-13T00:19:35.206671600(LocalDateTime), 2024-11-13T00:19:35.206671600(LocalDateTime)
<==    Updates: 1
Releasing transactional SqlSession [org.apache.ibatis.session.defaults.DefaultSqlSession@6f8281e6]
Transaction synchronization committing SqlSession [org.apache.ibatis.session.defaults.DefaultSqlSession@6f8281e6]
Transaction synchronization deregistering SqlSession [org.apache.ibatis.session.defaults.DefaultSqlSession@6f8281e6]
Transaction synchronization closing SqlSession [org.apache.ibatis.session.defaults.DefaultSqlSession@6f8281e6]
Creating a new SqlSession
Registering transaction synchronization for SqlSession [org.apache.ibatis.session.defaults.DefaultSqlSession@7d41aefd]
JDBC Connection [HikariProxyConnection@126434188 wrapping com.mysql.cj.jdbc.ConnectionImpl@247d44b4] will be managed by Spring
==>  Preparing: INSERT INTO `tb_post` (content, author_id, publish_at, last_update) VALUES (?, ?, ?, ?)
==> Parameters: 团队合作是完成大型项目的关键。(String), 69(Long), 2024-11-13T00:19:35.213501900(LocalDateTime), 2024-11-13T00:19:35.213501900(LocalDateTime)
<==    Updates: 1
Releasing transactional SqlSession [org.apache.ibatis.session.defaults.DefaultSqlSession@7d41aefd]
Transaction synchronization committing SqlSession [org.apache.ibatis.session.defaults.DefaultSqlSession@7d41aefd]
Transaction synchronization deregistering SqlSession [org.apache.ibatis.session.defaults.DefaultSqlSession@7d41aefd]
Transaction synchronization closing SqlSession [org.apache.ibatis.session.defaults.DefaultSqlSession@7d41aefd]
Creating a new SqlSession
Registering transaction synchronization for SqlSession [org.apache.ibatis.session.defaults.DefaultSqlSession@60fc4450]
JDBC Connection [HikariProxyConnection@654982383 wrapping com.mysql.cj.jdbc.ConnectionImpl@247d44b4] will be managed by Spring
==>  Preparing: INSERT INTO `tb_post` (content, author_id, publish_at, last_update) VALUES (?, ?, ?, ?)
==> Parameters: 有效的沟通能够提高工作效率。(String), 14(Long), 2024-11-13T00:19:35.219497300(LocalDateTime), 2024-11-13T00:19:35.219497300(LocalDateTime)
<==    Updates: 1
Releasing transactional SqlSession [org.apache.ibatis.session.defaults.DefaultSqlSession@60fc4450]
Transaction synchronization committing SqlSession [org.apache.ibatis.session.defaults.DefaultSqlSession@60fc4450]
Transaction synchronization deregistering SqlSession [org.apache.ibatis.session.defaults.DefaultSqlSession@60fc4450]
Transaction synchronization closing SqlSession [org.apache.ibatis.session.defaults.DefaultSqlSession@60fc4450]
Creating a new SqlSession
Registering transaction synchronization for SqlSession [org.apache.ibatis.session.defaults.DefaultSqlSession@7bb996e0]
JDBC Connection [HikariProxyConnection@1924533224 wrapping com.mysql.cj.jdbc.ConnectionImpl@247d44b4] will be managed by Spring
==>  Preparing: INSERT INTO `tb_post` (content, author_id, publish_at, last_update) VALUES (?, ?, ?, ?)
==> Parameters: 创新思维在工作中能够带来突破性的成果。(String), 19(Long), 2024-11-13T00:19:35.224497200(LocalDateTime), 2024-11-13T00:19:35.224497200(LocalDateTime)
<==    Updates: 1
Releasing transactional SqlSession [org.apache.ibatis.session.defaults.DefaultSqlSession@7bb996e0]
Transaction synchronization committing SqlSession [org.apache.ibatis.session.defaults.DefaultSqlSession@7bb996e0]
Transaction synchronization deregistering SqlSession [org.apache.ibatis.session.defaults.DefaultSqlSession@7bb996e0]
Transaction synchronization closing SqlSession [org.apache.ibatis.session.defaults.DefaultSqlSession@7bb996e0]
Creating a new SqlSession
Registering transaction synchronization for SqlSession [org.apache.ibatis.session.defaults.DefaultSqlSession@44233014]
JDBC Connection [HikariProxyConnection@1124290846 wrapping com.mysql.cj.jdbc.ConnectionImpl@247d44b4] will be managed by Spring
==>  Preparing: INSERT INTO `tb_post` (content, author_id, publish_at, last_update) VALUES (?, ?, ?, ?)
==> Parameters: 专业技能的提升对于职业发展非常重要。(String), 46(Long), 2024-11-13T00:19:35.231355900(LocalDateTime), 2024-11-13T00:19:35.231355900(LocalDateTime)
<==    Updates: 1
Releasing transactional SqlSession [org.apache.ibatis.session.defaults.DefaultSqlSession@44233014]
Transaction synchronization committing SqlSession [org.apache.ibatis.session.defaults.DefaultSqlSession@44233014]
Transaction synchronization deregistering SqlSession [org.apache.ibatis.session.defaults.DefaultSqlSession@44233014]
Transaction synchronization closing SqlSession [org.apache.ibatis.session.defaults.DefaultSqlSession@44233014]
Creating a new SqlSession
Registering transaction synchronization for SqlSession [org.apache.ibatis.session.defaults.DefaultSqlSession@6203f10f]
JDBC Connection [HikariProxyConnection@1995054261 wrapping com.mysql.cj.jdbc.ConnectionImpl@247d44b4] will be managed by Spring
==>  Preparing: INSERT INTO `tb_post` (content, author_id, publish_at, last_update) VALUES (?, ?, ?, ?)
==> Parameters: 工作中的挑战可以促进个人成长。(String), 10(Long), 2024-11-13T00:19:35.237358100(LocalDateTime), 2024-11-13T00:19:35.237358100(LocalDateTime)
<==    Updates: 1
Releasing transactional SqlSession [org.apache.ibatis.session.defaults.DefaultSqlSession@6203f10f]
Transaction synchronization committing SqlSession [org.apache.ibatis.session.defaults.DefaultSqlSession@6203f10f]
Transaction synchronization deregistering SqlSession [org.apache.ibatis.session.defaults.DefaultSqlSession@6203f10f]
Transaction synchronization closing SqlSession [org.apache.ibatis.session.defaults.DefaultSqlSession@6203f10f]
Creating a new SqlSession
Registering transaction synchronization for SqlSession [org.apache.ibatis.session.defaults.DefaultSqlSession@5f4f198c]
JDBC Connection [HikariProxyConnection@2070813038 wrapping com.mysql.cj.jdbc.ConnectionImpl@247d44b4] will be managed by Spring
==>  Preparing: INSERT INTO `tb_post` (content, author_id, publish_at, last_update) VALUES (?, ?, ?, ?)
==> Parameters: 良好的时间管理是提高工作效率的关键。(String), 3(Long), 2024-11-13T00:19:35.244659(LocalDateTime), 2024-11-13T00:19:35.244659(LocalDateTime)
<==    Updates: 1
Releasing transactional SqlSession [org.apache.ibatis.session.defaults.DefaultSqlSession@5f4f198c]
Transaction synchronization committing SqlSession [org.apache.ibatis.session.defaults.DefaultSqlSession@5f4f198c]
Transaction synchronization deregistering SqlSession [org.apache.ibatis.session.defaults.DefaultSqlSession@5f4f198c]
Transaction synchronization closing SqlSession [org.apache.ibatis.session.defaults.DefaultSqlSession@5f4f198c]
Creating a new SqlSession
Registering transaction synchronization for SqlSession [org.apache.ibatis.session.defaults.DefaultSqlSession@5f1bd673]
JDBC Connection [HikariProxyConnection@340772346 wrapping com.mysql.cj.jdbc.ConnectionImpl@247d44b4] will be managed by Spring
==>  Preparing: INSERT INTO `tb_post` (content, author_id, publish_at, last_update) VALUES (?, ?, ?, ?)
==> Parameters: 工作满意度与个人幸福感密切相关。(String), 99(Long), 2024-11-13T00:19:35.245928(LocalDateTime), 2024-11-13T00:19:35.245928(LocalDateTime)
<==    Updates: 1
Releasing transactional SqlSession [org.apache.ibatis.session.defaults.DefaultSqlSession@5f1bd673]
Transaction synchronization committing SqlSession [org.apache.ibatis.session.defaults.DefaultSqlSession@5f1bd673]
Transaction synchronization deregistering SqlSession [org.apache.ibatis.session.defaults.DefaultSqlSession@5f1bd673]
Transaction synchronization closing SqlSession [org.apache.ibatis.session.defaults.DefaultSqlSession@5f1bd673]
Creating a new SqlSession
Registering transaction synchronization for SqlSession [org.apache.ibatis.session.defaults.DefaultSqlSession@299e245c]
JDBC Connection [HikariProxyConnection@28782490 wrapping com.mysql.cj.jdbc.ConnectionImpl@247d44b4] will be managed by Spring
==>  Preparing: INSERT INTO `tb_post` (content, author_id, publish_at, last_update) VALUES (?, ?, ?, ?)
==> Parameters: 持续学习是保持工作竞争力的必要条件。(String), 55(Long), 2024-11-13T00:19:35.245928(LocalDateTime), 2024-11-13T00:19:35.245928(LocalDateTime)
<==    Updates: 1
Releasing transactional SqlSession [org.apache.ibatis.session.defaults.DefaultSqlSession@299e245c]
Transaction synchronization committing SqlSession [org.apache.ibatis.session.defaults.DefaultSqlSession@299e245c]
Transaction synchronization deregistering SqlSession [org.apache.ibatis.session.defaults.DefaultSqlSession@299e245c]
Transaction synchronization closing SqlSession [org.apache.ibatis.session.defaults.DefaultSqlSession@299e245c]
Creating a new SqlSession
Registering transaction synchronization for SqlSession [org.apache.ibatis.session.defaults.DefaultSqlSession@3423f353]
JDBC Connection [HikariProxyConnection@912034375 wrapping com.mysql.cj.jdbc.ConnectionImpl@247d44b4] will be managed by Spring
==>  Preparing: INSERT INTO `tb_post` (content, author_id, publish_at, last_update) VALUES (?, ?, ?, ?)
==> Parameters: 工作中的责任感对于完成任务至关重要。(String), 25(Long), 2024-11-13T00:19:35.270618800(LocalDateTime), 2024-11-13T00:19:35.270618800(LocalDateTime)
<==    Updates: 1
Releasing transactional SqlSession [org.apache.ibatis.session.defaults.DefaultSqlSession@3423f353]
Transaction synchronization committing SqlSession [org.apache.ibatis.session.defaults.DefaultSqlSession@3423f353]
Transaction synchronization deregistering SqlSession [org.apache.ibatis.session.defaults.DefaultSqlSession@3423f353]
Transaction synchronization closing SqlSession [org.apache.ibatis.session.defaults.DefaultSqlSession@3423f353]
Creating a new SqlSession
Registering transaction synchronization for SqlSession [org.apache.ibatis.session.defaults.DefaultSqlSession@56c39949]
JDBC Connection [HikariProxyConnection@1162833093 wrapping com.mysql.cj.jdbc.ConnectionImpl@247d44b4] will be managed by Spring
==>  Preparing: INSERT INTO `tb_post` (content, author_id, publish_at, last_update) VALUES (?, ?, ?, ?)
==> Parameters: 领导力在管理工作中发挥着重要作用。(String), 47(Long), 2024-11-13T00:19:35.282733400(LocalDateTime), 2024-11-13T00:19:35.282733400(LocalDateTime)
<==    Updates: 1
Releasing transactional SqlSession [org.apache.ibatis.session.defaults.DefaultSqlSession@56c39949]
Transaction synchronization committing SqlSession [org.apache.ibatis.session.defaults.DefaultSqlSession@56c39949]
Transaction synchronization deregistering SqlSession [org.apache.ibatis.session.defaults.DefaultSqlSession@56c39949]
Transaction synchronization closing SqlSession [org.apache.ibatis.session.defaults.DefaultSqlSession@56c39949]
Creating a new SqlSession
Registering transaction synchronization for SqlSession [org.apache.ibatis.session.defaults.DefaultSqlSession@e8ce5b1]
JDBC Connection [HikariProxyConnection@1060814439 wrapping com.mysql.cj.jdbc.ConnectionImpl@247d44b4] will be managed by Spring
==>  Preparing: INSERT INTO `tb_post` (content, author_id, publish_at, last_update) VALUES (?, ?, ?, ?)
==> Parameters: 工作中的适应能力可以帮助应对变化。(String), 99(Long), 2024-11-13T00:19:35.293510(LocalDateTime), 2024-11-13T00:19:35.293510(LocalDateTime)
<==    Updates: 1
Releasing transactional SqlSession [org.apache.ibatis.session.defaults.DefaultSqlSession@e8ce5b1]
Transaction synchronization committing SqlSession [org.apache.ibatis.session.defaults.DefaultSqlSession@e8ce5b1]
Transaction synchronization deregistering SqlSession [org.apache.ibatis.session.defaults.DefaultSqlSession@e8ce5b1]
Transaction synchronization closing SqlSession [org.apache.ibatis.session.defaults.DefaultSqlSession@e8ce5b1]
Creating a new SqlSession
Registering transaction synchronization for SqlSession [org.apache.ibatis.session.defaults.DefaultSqlSession@6101fd7d]
JDBC Connection [HikariProxyConnection@1618425865 wrapping com.mysql.cj.jdbc.ConnectionImpl@247d44b4] will be managed by Spring
==>  Preparing: INSERT INTO `tb_post` (content, author_id, publish_at, last_update) VALUES (?, ?, ?, ?)
==> Parameters: 工作态度往往决定了工作成果的质量。(String), 6(Long), 2024-11-13T00:19:35.320790900(LocalDateTime), 2024-11-13T00:19:35.320790900(LocalDateTime)
<==    Updates: 1
Releasing transactional SqlSession [org.apache.ibatis.session.defaults.DefaultSqlSession@6101fd7d]
Transaction synchronization committing SqlSession [org.apache.ibatis.session.defaults.DefaultSqlSession@6101fd7d]
Transaction synchronization deregistering SqlSession [org.apache.ibatis.session.defaults.DefaultSqlSession@6101fd7d]
Transaction synchronization closing SqlSession [org.apache.ibatis.session.defaults.DefaultSqlSession@6101fd7d]
Creating a new SqlSession
Registering transaction synchronization for SqlSession [org.apache.ibatis.session.defaults.DefaultSqlSession@540ac21e]
JDBC Connection [HikariProxyConnection@351308439 wrapping com.mysql.cj.jdbc.ConnectionImpl@247d44b4] will be managed by Spring
==>  Preparing: INSERT INTO `tb_post` (content, author_id, publish_at, last_update) VALUES (?, ?, ?, ?)
==> Parameters: 工作中的人际关系对于团队协作非常重要。(String), 16(Long), 2024-11-13T00:19:35.331522600(LocalDateTime), 2024-11-13T00:19:35.331522600(LocalDateTime)
<==    Updates: 1
Releasing transactional SqlSession [org.apache.ibatis.session.defaults.DefaultSqlSession@540ac21e]
Transaction synchronization committing SqlSession [org.apache.ibatis.session.defaults.DefaultSqlSession@540ac21e]
Transaction synchronization deregistering SqlSession [org.apache.ibatis.session.defaults.DefaultSqlSession@540ac21e]
Transaction synchronization closing SqlSession [org.apache.ibatis.session.defaults.DefaultSqlSession@540ac21e]
Creating a new SqlSession
Registering transaction synchronization for SqlSession [org.apache.ibatis.session.defaults.DefaultSqlSession@6b58a0f9]
JDBC Connection [HikariProxyConnection@176776385 wrapping com.mysql.cj.jdbc.ConnectionImpl@247d44b4] will be managed by Spring
==>  Preparing: INSERT INTO `tb_post` (content, author_id, publish_at, last_update) VALUES (?, ?, ?, ?)
==> Parameters: 目标设定是推动工作进展的重要手段。(String), 86(Long), 2024-11-13T00:19:35.341521(LocalDateTime), 2024-11-13T00:19:35.341521(LocalDateTime)
<==    Updates: 1
Releasing transactional SqlSession [org.apache.ibatis.session.defaults.DefaultSqlSession@6b58a0f9]
Transaction synchronization committing SqlSession [org.apache.ibatis.session.defaults.DefaultSqlSession@6b58a0f9]
Transaction synchronization deregistering SqlSession [org.apache.ibatis.session.defaults.DefaultSqlSession@6b58a0f9]
Transaction synchronization closing SqlSession [org.apache.ibatis.session.defaults.DefaultSqlSession@6b58a0f9]
Creating a new SqlSession
Registering transaction synchronization for SqlSession [org.apache.ibatis.session.defaults.DefaultSqlSession@cec1ce2]
JDBC Connection [HikariProxyConnection@1700296123 wrapping com.mysql.cj.jdbc.ConnectionImpl@247d44b4] will be managed by Spring
==>  Preparing: INSERT INTO `tb_post` (content, author_id, publish_at, last_update) VALUES (?, ?, ?, ?)
==> Parameters: 工作中的自我激励能够提高工作动力。(String), 49(Long), 2024-11-13T00:19:35.351003400(LocalDateTime), 2024-11-13T00:19:35.351003400(LocalDateTime)
<==    Updates: 1
Releasing transactional SqlSession [org.apache.ibatis.session.defaults.DefaultSqlSession@cec1ce2]
Transaction synchronization committing SqlSession [org.apache.ibatis.session.defaults.DefaultSqlSession@cec1ce2]
Transaction synchronization deregistering SqlSession [org.apache.ibatis.session.defaults.DefaultSqlSession@cec1ce2]
Transaction synchronization closing SqlSession [org.apache.ibatis.session.defaults.DefaultSqlSession@cec1ce2]
Creating a new SqlSession
Registering transaction synchronization for SqlSession [org.apache.ibatis.session.defaults.DefaultSqlSession@5d180628]
JDBC Connection [HikariProxyConnection@273066660 wrapping com.mysql.cj.jdbc.ConnectionImpl@247d44b4] will be managed by Spring
==>  Preparing: INSERT INTO `tb_post` (content, author_id, publish_at, last_update) VALUES (?, ?, ?, ?)
==> Parameters: 工作绩效评估是衡量员工表现的重要方式。(String), 55(Long), 2024-11-13T00:19:35.369673700(LocalDateTime), 2024-11-13T00:19:35.369673700(LocalDateTime)
<==    Updates: 1
Releasing transactional SqlSession [org.apache.ibatis.session.defaults.DefaultSqlSession@5d180628]
Transaction synchronization committing SqlSession [org.apache.ibatis.session.defaults.DefaultSqlSession@5d180628]
Transaction synchronization deregistering SqlSession [org.apache.ibatis.session.defaults.DefaultSqlSession@5d180628]
Transaction synchronization closing SqlSession [org.apache.ibatis.session.defaults.DefaultSqlSession@5d180628]
Creating a new SqlSession
Registering transaction synchronization for SqlSession [org.apache.ibatis.session.defaults.DefaultSqlSession@135f760a]
JDBC Connection [HikariProxyConnection@1929777568 wrapping com.mysql.cj.jdbc.ConnectionImpl@247d44b4] will be managed by Spring
==>  Preparing: INSERT INTO `tb_post` (content, author_id, publish_at, last_update) VALUES (?, ?, ?, ?)
==> Parameters: 工作中的反馈机制有助于个人成长和改进。(String), 43(Long), 2024-11-13T00:19:35.379275400(LocalDateTime), 2024-11-13T00:19:35.379275400(LocalDateTime)
<==    Updates: 1
Releasing transactional SqlSession [org.apache.ibatis.session.defaults.DefaultSqlSession@135f760a]
Transaction synchronization committing SqlSession [org.apache.ibatis.session.defaults.DefaultSqlSession@135f760a]
Transaction synchronization deregistering SqlSession [org.apache.ibatis.session.defaults.DefaultSqlSession@135f760a]
Transaction synchronization closing SqlSession [org.apache.ibatis.session.defaults.DefaultSqlSession@135f760a]
Creating a new SqlSession
Registering transaction synchronization for SqlSession [org.apache.ibatis.session.defaults.DefaultSqlSession@194a653d]
JDBC Connection [HikariProxyConnection@1798967633 wrapping com.mysql.cj.jdbc.ConnectionImpl@247d44b4] will be managed by Spring
==>  Preparing: INSERT INTO `tb_post` (content, author_id, publish_at, last_update) VALUES (?, ?, ?, ?)
==> Parameters: 工作安全是每个员工的基本权利。(String), 39(Long), 2024-11-13T00:19:35.390255200(LocalDateTime), 2024-11-13T00:19:35.390255200(LocalDateTime)
<==    Updates: 1
Releasing transactional SqlSession [org.apache.ibatis.session.defaults.DefaultSqlSession@194a653d]
Transaction synchronization committing SqlSession [org.apache.ibatis.session.defaults.DefaultSqlSession@194a653d]
Transaction synchronization deregistering SqlSession [org.apache.ibatis.session.defaults.DefaultSqlSession@194a653d]
Transaction synchronization closing SqlSession [org.apache.ibatis.session.defaults.DefaultSqlSession@194a653d]
Creating a new SqlSession
Registering transaction synchronization for SqlSession [org.apache.ibatis.session.defaults.DefaultSqlSession@b91e024]
JDBC Connection [HikariProxyConnection@766565657 wrapping com.mysql.cj.jdbc.ConnectionImpl@247d44b4] will be managed by Spring
==>  Preparing: INSERT INTO `tb_post` (content, author_id, publish_at, last_update) VALUES (?, ?, ?, ?)
==> Parameters: 工作中的诚信是建立信任的基石。(String), 66(Long), 2024-11-13T00:19:35.399605600(LocalDateTime), 2024-11-13T00:19:35.399605600(LocalDateTime)
<==    Updates: 1
Releasing transactional SqlSession [org.apache.ibatis.session.defaults.DefaultSqlSession@b91e024]
Transaction synchronization committing SqlSession [org.apache.ibatis.session.defaults.DefaultSqlSession@b91e024]
Transaction synchronization deregistering SqlSession [org.apache.ibatis.session.defaults.DefaultSqlSession@b91e024]
Transaction synchronization closing SqlSession [org.apache.ibatis.session.defaults.DefaultSqlSession@b91e024]
Creating a new SqlSession
Registering transaction synchronization for SqlSession [org.apache.ibatis.session.defaults.DefaultSqlSession@57e35236]
JDBC Connection [HikariProxyConnection@917681894 wrapping com.mysql.cj.jdbc.ConnectionImpl@247d44b4] will be managed by Spring
==>  Preparing: INSERT INTO `tb_post` (content, author_id, publish_at, last_update) VALUES (?, ?, ?, ?)
==> Parameters: 工作中的细节关注能够提升工作质量。(String), 75(Long), 2024-11-13T00:19:35.410723400(LocalDateTime), 2024-11-13T00:19:35.410723400(LocalDateTime)
<==    Updates: 1
Releasing transactional SqlSession [org.apache.ibatis.session.defaults.DefaultSqlSession@57e35236]
Transaction synchronization committing SqlSession [org.apache.ibatis.session.defaults.DefaultSqlSession@57e35236]
Transaction synchronization deregistering SqlSession [org.apache.ibatis.session.defaults.DefaultSqlSession@57e35236]
Transaction synchronization closing SqlSession [org.apache.ibatis.session.defaults.DefaultSqlSession@57e35236]
Creating a new SqlSession
Registering transaction synchronization for SqlSession [org.apache.ibatis.session.defaults.DefaultSqlSession@6b6d8671]
JDBC Connection [HikariProxyConnection@304528024 wrapping com.mysql.cj.jdbc.ConnectionImpl@247d44b4] will be managed by Spring
==>  Preparing: INSERT INTO `tb_post` (content, author_id, publish_at, last_update) VALUES (?, ?, ?, ?)
==> Parameters: 工作中的创新可以带来新的机遇。(String), 66(Long), 2024-11-13T00:19:35.418735700(LocalDateTime), 2024-11-13T00:19:35.418735700(LocalDateTime)
<==    Updates: 1
Releasing transactional SqlSession [org.apache.ibatis.session.defaults.DefaultSqlSession@6b6d8671]
Transaction synchronization committing SqlSession [org.apache.ibatis.session.defaults.DefaultSqlSession@6b6d8671]
Transaction synchronization deregistering SqlSession [org.apache.ibatis.session.defaults.DefaultSqlSession@6b6d8671]
Transaction synchronization closing SqlSession [org.apache.ibatis.session.defaults.DefaultSqlSession@6b6d8671]
Creating a new SqlSession
Registering transaction synchronization for SqlSession [org.apache.ibatis.session.defaults.DefaultSqlSession@6ed87b1c]
JDBC Connection [HikariProxyConnection@2063539635 wrapping com.mysql.cj.jdbc.ConnectionImpl@247d44b4] will be managed by Spring
==>  Preparing: INSERT INTO `tb_post` (content, author_id, publish_at, last_update) VALUES (?, ?, ?, ?)
==> Parameters: 工作中的团队精神能够增强团队凝聚力。(String), 20(Long), 2024-11-13T00:19:35.425730900(LocalDateTime), 2024-11-13T00:19:35.425730900(LocalDateTime)
<==    Updates: 1
Releasing transactional SqlSession [org.apache.ibatis.session.defaults.DefaultSqlSession@6ed87b1c]
Transaction synchronization committing SqlSession [org.apache.ibatis.session.defaults.DefaultSqlSession@6ed87b1c]
Transaction synchronization deregistering SqlSession [org.apache.ibatis.session.defaults.DefaultSqlSession@6ed87b1c]
Transaction synchronization closing SqlSession [org.apache.ibatis.session.defaults.DefaultSqlSession@6ed87b1c]
Creating a new SqlSession
Registering transaction synchronization for SqlSession [org.apache.ibatis.session.defaults.DefaultSqlSession@f14d079]
JDBC Connection [HikariProxyConnection@316486913 wrapping com.mysql.cj.jdbc.ConnectionImpl@247d44b4] will be managed by Spring
==>  Preparing: INSERT INTO `tb_post` (content, author_id, publish_at, last_update) VALUES (?, ?, ?, ?)
==> Parameters: 工作中的积极态度能够影响团队氛围。(String), 31(Long), 2024-11-13T00:19:35.433595700(LocalDateTime), 2024-11-13T00:19:35.433595700(LocalDateTime)
<==    Updates: 1
Releasing transactional SqlSession [org.apache.ibatis.session.defaults.DefaultSqlSession@f14d079]
Transaction synchronization committing SqlSession [org.apache.ibatis.session.defaults.DefaultSqlSession@f14d079]
Transaction synchronization deregistering SqlSession [org.apache.ibatis.session.defaults.DefaultSqlSession@f14d079]
Transaction synchronization closing SqlSession [org.apache.ibatis.session.defaults.DefaultSqlSession@f14d079]
Creating a new SqlSession
Registering transaction synchronization for SqlSession [org.apache.ibatis.session.defaults.DefaultSqlSession@4a10e65b]
JDBC Connection [HikariProxyConnection@2054758027 wrapping com.mysql.cj.jdbc.ConnectionImpl@247d44b4] will be managed by Spring
==>  Preparing: INSERT INTO `tb_post` (content, author_id, publish_at, last_update) VALUES (?, ?, ?, ?)
==> Parameters: 工作中的决策能力对于领导层至关重要。(String), 28(Long), 2024-11-13T00:19:35.439595600(LocalDateTime), 2024-11-13T00:19:35.439595600(LocalDateTime)
<==    Updates: 1
Releasing transactional SqlSession [org.apache.ibatis.session.defaults.DefaultSqlSession@4a10e65b]
Transaction synchronization committing SqlSession [org.apache.ibatis.session.defaults.DefaultSqlSession@4a10e65b]
Transaction synchronization deregistering SqlSession [org.apache.ibatis.session.defaults.DefaultSqlSession@4a10e65b]
Transaction synchronization closing SqlSession [org.apache.ibatis.session.defaults.DefaultSqlSession@4a10e65b]
Creating a new SqlSession
Registering transaction synchronization for SqlSession [org.apache.ibatis.session.defaults.DefaultSqlSession@65c634f2]
JDBC Connection [HikariProxyConnection@1799583457 wrapping com.mysql.cj.jdbc.ConnectionImpl@247d44b4] will be managed by Spring
==>  Preparing: INSERT INTO `tb_post` (content, author_id, publish_at, last_update) VALUES (?, ?, ?, ?)
==> Parameters: 工作中的批判性思维有助于解决问题。(String), 28(Long), 2024-11-13T00:19:35.446835400(LocalDateTime), 2024-11-13T00:19:35.446835400(LocalDateTime)
<==    Updates: 1
Releasing transactional SqlSession [org.apache.ibatis.session.defaults.DefaultSqlSession@65c634f2]
Transaction synchronization committing SqlSession [org.apache.ibatis.session.defaults.DefaultSqlSession@65c634f2]
Transaction synchronization deregistering SqlSession [org.apache.ibatis.session.defaults.DefaultSqlSession@65c634f2]
Transaction synchronization closing SqlSession [org.apache.ibatis.session.defaults.DefaultSqlSession@65c634f2]
Creating a new SqlSession
Registering transaction synchronization for SqlSession [org.apache.ibatis.session.defaults.DefaultSqlSession@2e640411]
JDBC Connection [HikariProxyConnection@1608621326 wrapping com.mysql.cj.jdbc.ConnectionImpl@247d44b4] will be managed by Spring
==>  Preparing: INSERT INTO `tb_post` (content, author_id, publish_at, last_update) VALUES (?, ?, ?, ?)
==> Parameters: 工作中的自我管理能力能够提升个人效率。(String), 83(Long), 2024-11-13T00:19:35.447628400(LocalDateTime), 2024-11-13T00:19:35.447628400(LocalDateTime)
<==    Updates: 1
Releasing transactional SqlSession [org.apache.ibatis.session.defaults.DefaultSqlSession@2e640411]
Transaction synchronization committing SqlSession [org.apache.ibatis.session.defaults.DefaultSqlSession@2e640411]
Transaction synchronization deregistering SqlSession [org.apache.ibatis.session.defaults.DefaultSqlSession@2e640411]
Transaction synchronization closing SqlSession [org.apache.ibatis.session.defaults.DefaultSqlSession@2e640411]
Creating a new SqlSession
Registering transaction synchronization for SqlSession [org.apache.ibatis.session.defaults.DefaultSqlSession@704ddfad]
JDBC Connection [HikariProxyConnection@1054132258 wrapping com.mysql.cj.jdbc.ConnectionImpl@247d44b4] will be managed by Spring
==>  Preparing: INSERT INTO `tb_post` (content, author_id, publish_at, last_update) VALUES (?, ?, ?, ?)
==> Parameters: 工作中的沟通技巧对于协作非常重要。(String), 47(Long), 2024-11-13T00:19:35.461786700(LocalDateTime), 2024-11-13T00:19:35.461786700(LocalDateTime)
<==    Updates: 1
Releasing transactional SqlSession [org.apache.ibatis.session.defaults.DefaultSqlSession@704ddfad]
Transaction synchronization committing SqlSession [org.apache.ibatis.session.defaults.DefaultSqlSession@704ddfad]
Transaction synchronization deregistering SqlSession [org.apache.ibatis.session.defaults.DefaultSqlSession@704ddfad]
Transaction synchronization closing SqlSession [org.apache.ibatis.session.defaults.DefaultSqlSession@704ddfad]
Creating a new SqlSession
Registering transaction synchronization for SqlSession [org.apache.ibatis.session.defaults.DefaultSqlSession@7fec6c2f]
JDBC Connection [HikariProxyConnection@907057782 wrapping com.mysql.cj.jdbc.ConnectionImpl@247d44b4] will be managed by Spring
==>  Preparing: INSERT INTO `tb_post` (content, author_id, publish_at, last_update) VALUES (?, ?, ?, ?)
==> Parameters: 工作中的专业知识是提升工作表现的基础。(String), 6(Long), 2024-11-13T00:19:35.468785900(LocalDateTime), 2024-11-13T00:19:35.468785900(LocalDateTime)
<==    Updates: 1
Releasing transactional SqlSession [org.apache.ibatis.session.defaults.DefaultSqlSession@7fec6c2f]
Transaction synchronization committing SqlSession [org.apache.ibatis.session.defaults.DefaultSqlSession@7fec6c2f]
Transaction synchronization deregistering SqlSession [org.apache.ibatis.session.defaults.DefaultSqlSession@7fec6c2f]
Transaction synchronization closing SqlSession [org.apache.ibatis.session.defaults.DefaultSqlSession@7fec6c2f]
Creating a new SqlSession
Registering transaction synchronization for SqlSession [org.apache.ibatis.session.defaults.DefaultSqlSession@7b8d1537]
JDBC Connection [HikariProxyConnection@1393207132 wrapping com.mysql.cj.jdbc.ConnectionImpl@247d44b4] will be managed by Spring
==>  Preparing: INSERT INTO `tb_post` (content, author_id, publish_at, last_update) VALUES (?, ?, ?, ?)
==> Parameters: 工作中的灵活性能够适应不断变化的环境。(String), 95(Long), 2024-11-13T00:19:35.475785100(LocalDateTime), 2024-11-13T00:19:35.475785100(LocalDateTime)
<==    Updates: 1
Releasing transactional SqlSession [org.apache.ibatis.session.defaults.DefaultSqlSession@7b8d1537]
Transaction synchronization committing SqlSession [org.apache.ibatis.session.defaults.DefaultSqlSession@7b8d1537]
Transaction synchronization deregistering SqlSession [org.apache.ibatis.session.defaults.DefaultSqlSession@7b8d1537]
Transaction synchronization closing SqlSession [org.apache.ibatis.session.defaults.DefaultSqlSession@7b8d1537]
Creating a new SqlSession
Registering transaction synchronization for SqlSession [org.apache.ibatis.session.defaults.DefaultSqlSession@64404db6]
JDBC Connection [HikariProxyConnection@1408337297 wrapping com.mysql.cj.jdbc.ConnectionImpl@247d44b4] will be managed by Spring
==>  Preparing: INSERT INTO `tb_post` (content, author_id, publish_at, last_update) VALUES (?, ?, ?, ?)
==> Parameters: 工作中的耐心是解决问题的关键。(String), 16(Long), 2024-11-13T00:19:35.482787(LocalDateTime), 2024-11-13T00:19:35.482787(LocalDateTime)
<==    Updates: 1
Releasing transactional SqlSession [org.apache.ibatis.session.defaults.DefaultSqlSession@64404db6]
Transaction synchronization committing SqlSession [org.apache.ibatis.session.defaults.DefaultSqlSession@64404db6]
Transaction synchronization deregistering SqlSession [org.apache.ibatis.session.defaults.DefaultSqlSession@64404db6]
Transaction synchronization closing SqlSession [org.apache.ibatis.session.defaults.DefaultSqlSession@64404db6]
Creating a new SqlSession
Registering transaction synchronization for SqlSession [org.apache.ibatis.session.defaults.DefaultSqlSession@78a46d7b]
JDBC Connection [HikariProxyConnection@889844525 wrapping com.mysql.cj.jdbc.ConnectionImpl@247d44b4] will be managed by Spring
==>  Preparing: INSERT INTO `tb_post` (content, author_id, publish_at, last_update) VALUES (?, ?, ?, ?)
==> Parameters: 工作中的组织能力有助于提高工作效率。(String), 19(Long), 2024-11-13T00:19:35.488786100(LocalDateTime), 2024-11-13T00:19:35.488786100(LocalDateTime)
<==    Updates: 1
Releasing transactional SqlSession [org.apache.ibatis.session.defaults.DefaultSqlSession@78a46d7b]
Transaction synchronization committing SqlSession [org.apache.ibatis.session.defaults.DefaultSqlSession@78a46d7b]
Transaction synchronization deregistering SqlSession [org.apache.ibatis.session.defaults.DefaultSqlSession@78a46d7b]
Transaction synchronization closing SqlSession [org.apache.ibatis.session.defaults.DefaultSqlSession@78a46d7b]
Creating a new SqlSession
Registering transaction synchronization for SqlSession [org.apache.ibatis.session.defaults.DefaultSqlSession@56adb75e]
JDBC Connection [HikariProxyConnection@1635341595 wrapping com.mysql.cj.jdbc.ConnectionImpl@247d44b4] will be managed by Spring
==>  Preparing: INSERT INTO `tb_post` (content, author_id, publish_at, last_update) VALUES (?, ?, ?, ?)
==> Parameters: 工作中的主动性能够带来新的机遇。(String), 84(Long), 2024-11-13T00:19:35.495600900(LocalDateTime), 2024-11-13T00:19:35.495600900(LocalDateTime)
<==    Updates: 1
Releasing transactional SqlSession [org.apache.ibatis.session.defaults.DefaultSqlSession@56adb75e]
Transaction synchronization committing SqlSession [org.apache.ibatis.session.defaults.DefaultSqlSession@56adb75e]
Transaction synchronization deregistering SqlSession [org.apache.ibatis.session.defaults.DefaultSqlSession@56adb75e]
Transaction synchronization closing SqlSession [org.apache.ibatis.session.defaults.DefaultSqlSession@56adb75e]
Creating a new SqlSession
Registering transaction synchronization for SqlSession [org.apache.ibatis.session.defaults.DefaultSqlSession@7ea91c39]
JDBC Connection [HikariProxyConnection@317685173 wrapping com.mysql.cj.jdbc.ConnectionImpl@247d44b4] will be managed by Spring
==>  Preparing: INSERT INTO `tb_post` (content, author_id, publish_at, last_update) VALUES (?, ?, ?, ?)
==> Parameters: 工作中的专注力能够提升工作质量。(String), 5(Long), 2024-11-13T00:19:35.502604600(LocalDateTime), 2024-11-13T00:19:35.502604600(LocalDateTime)
<==    Updates: 1
Releasing transactional SqlSession [org.apache.ibatis.session.defaults.DefaultSqlSession@7ea91c39]
Transaction synchronization committing SqlSession [org.apache.ibatis.session.defaults.DefaultSqlSession@7ea91c39]
Transaction synchronization deregistering SqlSession [org.apache.ibatis.session.defaults.DefaultSqlSession@7ea91c39]
Transaction synchronization closing SqlSession [org.apache.ibatis.session.defaults.DefaultSqlSession@7ea91c39]
Creating a new SqlSession
Registering transaction synchronization for SqlSession [org.apache.ibatis.session.defaults.DefaultSqlSession@756b703d]
JDBC Connection [HikariProxyConnection@33798663 wrapping com.mysql.cj.jdbc.ConnectionImpl@247d44b4] will be managed by Spring
==>  Preparing: INSERT INTO `tb_post` (content, author_id, publish_at, last_update) VALUES (?, ?, ?, ?)
==> Parameters: 工作中的责任感能够增强团队信任。(String), 95(Long), 2024-11-13T00:19:35.508602800(LocalDateTime), 2024-11-13T00:19:35.508602800(LocalDateTime)
<==    Updates: 1
Releasing transactional SqlSession [org.apache.ibatis.session.defaults.DefaultSqlSession@756b703d]
Transaction synchronization committing SqlSession [org.apache.ibatis.session.defaults.DefaultSqlSession@756b703d]
Transaction synchronization deregistering SqlSession [org.apache.ibatis.session.defaults.DefaultSqlSession@756b703d]
Transaction synchronization closing SqlSession [org.apache.ibatis.session.defaults.DefaultSqlSession@756b703d]
Creating a new SqlSession
Registering transaction synchronization for SqlSession [org.apache.ibatis.session.defaults.DefaultSqlSession@69c53b72]
JDBC Connection [HikariProxyConnection@292545106 wrapping com.mysql.cj.jdbc.ConnectionImpl@247d44b4] will be managed by Spring
==>  Preparing: INSERT INTO `tb_post` (content, author_id, publish_at, last_update) VALUES (?, ?, ?, ?)
==> Parameters: 工作中的创新思维能够推动行业发展。(String), 50(Long), 2024-11-13T00:19:35.521774900(LocalDateTime), 2024-11-13T00:19:35.521774900(LocalDateTime)
<==    Updates: 1
Releasing transactional SqlSession [org.apache.ibatis.session.defaults.DefaultSqlSession@69c53b72]
Transaction synchronization committing SqlSession [org.apache.ibatis.session.defaults.DefaultSqlSession@69c53b72]
Transaction synchronization deregistering SqlSession [org.apache.ibatis.session.defaults.DefaultSqlSession@69c53b72]
Transaction synchronization closing SqlSession [org.apache.ibatis.session.defaults.DefaultSqlSession@69c53b72]
Creating a new SqlSession
Registering transaction synchronization for SqlSession [org.apache.ibatis.session.defaults.DefaultSqlSession@6df605f]
JDBC Connection [HikariProxyConnection@1213062781 wrapping com.mysql.cj.jdbc.ConnectionImpl@247d44b4] will be managed by Spring
==>  Preparing: INSERT INTO `tb_post` (content, author_id, publish_at, last_update) VALUES (?, ?, ?, ?)
==> Parameters: 工作中的领导力能够激励团队成员。(String), 14(Long), 2024-11-13T00:19:35.532288100(LocalDateTime), 2024-11-13T00:19:35.532288100(LocalDateTime)
<==    Updates: 1
Releasing transactional SqlSession [org.apache.ibatis.session.defaults.DefaultSqlSession@6df605f]
Transaction synchronization committing SqlSession [org.apache.ibatis.session.defaults.DefaultSqlSession@6df605f]
Transaction synchronization deregistering SqlSession [org.apache.ibatis.session.defaults.DefaultSqlSession@6df605f]
Transaction synchronization closing SqlSession [org.apache.ibatis.session.defaults.DefaultSqlSession@6df605f]
Creating a new SqlSession
Registering transaction synchronization for SqlSession [org.apache.ibatis.session.defaults.DefaultSqlSession@2be83e7e]
JDBC Connection [HikariProxyConnection@1142697258 wrapping com.mysql.cj.jdbc.ConnectionImpl@247d44b4] will be managed by Spring
==>  Preparing: INSERT INTO `tb_post` (content, author_id, publish_at, last_update) VALUES (?, ?, ?, ?)
==> Parameters: 工作中的适应性是面对挑战的重要能力。(String), 78(Long), 2024-11-13T00:19:35.543286900(LocalDateTime), 2024-11-13T00:19:35.543286900(LocalDateTime)
<==    Updates: 1
Releasing transactional SqlSession [org.apache.ibatis.session.defaults.DefaultSqlSession@2be83e7e]
Transaction synchronization committing SqlSession [org.apache.ibatis.session.defaults.DefaultSqlSession@2be83e7e]
Transaction synchronization deregistering SqlSession [org.apache.ibatis.session.defaults.DefaultSqlSession@2be83e7e]
Transaction synchronization closing SqlSession [org.apache.ibatis.session.defaults.DefaultSqlSession@2be83e7e]
Creating a new SqlSession
Registering transaction synchronization for SqlSession [org.apache.ibatis.session.defaults.DefaultSqlSession@10cf3e4f]
JDBC Connection [HikariProxyConnection@606747031 wrapping com.mysql.cj.jdbc.ConnectionImpl@247d44b4] will be managed by Spring
==>  Preparing: INSERT INTO `tb_post` (content, author_id, publish_at, last_update) VALUES (?, ?, ?, ?)
==> Parameters: 工作中的自我驱动能够提升个人成就。(String), 66(Long), 2024-11-13T00:19:35.546064900(LocalDateTime), 2024-11-13T00:19:35.546064900(LocalDateTime)
<==    Updates: 1
Releasing transactional SqlSession [org.apache.ibatis.session.defaults.DefaultSqlSession@10cf3e4f]
Transaction synchronization committing SqlSession [org.apache.ibatis.session.defaults.DefaultSqlSession@10cf3e4f]
Transaction synchronization deregistering SqlSession [org.apache.ibatis.session.defaults.DefaultSqlSession@10cf3e4f]
Transaction synchronization closing SqlSession [org.apache.ibatis.session.defaults.DefaultSqlSession@10cf3e4f]
Creating a new SqlSession
Registering transaction synchronization for SqlSession [org.apache.ibatis.session.defaults.DefaultSqlSession@74727e41]
JDBC Connection [HikariProxyConnection@2023193433 wrapping com.mysql.cj.jdbc.ConnectionImpl@247d44b4] will be managed by Spring
==>  Preparing: INSERT INTO `tb_post` (content, author_id, publish_at, last_update) VALUES (?, ?, ?, ?)
==> Parameters: 工作中的团队协作能够实现共同目标。(String), 80(Long), 2024-11-13T00:19:35.564552400(LocalDateTime), 2024-11-13T00:19:35.564552400(LocalDateTime)
<==    Updates: 1
Releasing transactional SqlSession [org.apache.ibatis.session.defaults.DefaultSqlSession@74727e41]
Transaction synchronization committing SqlSession [org.apache.ibatis.session.defaults.DefaultSqlSession@74727e41]
Transaction synchronization deregistering SqlSession [org.apache.ibatis.session.defaults.DefaultSqlSession@74727e41]
Transaction synchronization closing SqlSession [org.apache.ibatis.session.defaults.DefaultSqlSession@74727e41]
Creating a new SqlSession
Registering transaction synchronization for SqlSession [org.apache.ibatis.session.defaults.DefaultSqlSession@25c756f0]
JDBC Connection [HikariProxyConnection@404775810 wrapping com.mysql.cj.jdbc.ConnectionImpl@247d44b4] will be managed by Spring
==>  Preparing: INSERT INTO `tb_post` (content, author_id, publish_at, last_update) VALUES (?, ?, ?, ?)
==> Parameters: 工作中的沟通能力是建立良好关系的基础。(String), 11(Long), 2024-11-13T00:19:35.574550400(LocalDateTime), 2024-11-13T00:19:35.574550400(LocalDateTime)
<==    Updates: 1
Releasing transactional SqlSession [org.apache.ibatis.session.defaults.DefaultSqlSession@25c756f0]
Transaction synchronization committing SqlSession [org.apache.ibatis.session.defaults.DefaultSqlSession@25c756f0]
Transaction synchronization deregistering SqlSession [org.apache.ibatis.session.defaults.DefaultSqlSession@25c756f0]
Transaction synchronization closing SqlSession [org.apache.ibatis.session.defaults.DefaultSqlSession@25c756f0]
Creating a new SqlSession
Registering transaction synchronization for SqlSession [org.apache.ibatis.session.defaults.DefaultSqlSession@a642c54]
JDBC Connection [HikariProxyConnection@1264165313 wrapping com.mysql.cj.jdbc.ConnectionImpl@247d44b4] will be managed by Spring
==>  Preparing: INSERT INTO `tb_post` (content, author_id, publish_at, last_update) VALUES (?, ?, ?, ?)
==> Parameters: 工作中的目标导向有助于保持工作方向。(String), 78(Long), 2024-11-13T00:19:35.586705500(LocalDateTime), 2024-11-13T00:19:35.586705500(LocalDateTime)
<==    Updates: 1
Releasing transactional SqlSession [org.apache.ibatis.session.defaults.DefaultSqlSession@a642c54]
Transaction synchronization committing SqlSession [org.apache.ibatis.session.defaults.DefaultSqlSession@a642c54]
Transaction synchronization deregistering SqlSession [org.apache.ibatis.session.defaults.DefaultSqlSession@a642c54]
Transaction synchronization closing SqlSession [org.apache.ibatis.session.defaults.DefaultSqlSession@a642c54]
Creating a new SqlSession
Registering transaction synchronization for SqlSession [org.apache.ibatis.session.defaults.DefaultSqlSession@52b2713a]
JDBC Connection [HikariProxyConnection@736062588 wrapping com.mysql.cj.jdbc.ConnectionImpl@247d44b4] will be managed by Spring
==>  Preparing: INSERT INTO `tb_post` (content, author_id, publish_at, last_update) VALUES (?, ?, ?, ?)
==> Parameters: 工作中的自我提升是职业发展的关键。(String), 76(Long), 2024-11-13T00:19:35.596550300(LocalDateTime), 2024-11-13T00:19:35.596550300(LocalDateTime)
<==    Updates: 1
Releasing transactional SqlSession [org.apache.ibatis.session.defaults.DefaultSqlSession@52b2713a]
Transaction synchronization committing SqlSession [org.apache.ibatis.session.defaults.DefaultSqlSession@52b2713a]
Transaction synchronization deregistering SqlSession [org.apache.ibatis.session.defaults.DefaultSqlSession@52b2713a]
Transaction synchronization closing SqlSession [org.apache.ibatis.session.defaults.DefaultSqlSession@52b2713a]
Creating a new SqlSession
Registering transaction synchronization for SqlSession [org.apache.ibatis.session.defaults.DefaultSqlSession@1a557a52]
JDBC Connection [HikariProxyConnection@970256454 wrapping com.mysql.cj.jdbc.ConnectionImpl@247d44b4] will be managed by Spring
==>  Preparing: INSERT INTO `tb_post` (content, author_id, publish_at, last_update) VALUES (?, ?, ?, ?)
==> Parameters: 工作中的批判性思维有助于优化流程。(String), 36(Long), 2024-11-13T00:19:35.606548300(LocalDateTime), 2024-11-13T00:19:35.606548300(LocalDateTime)
<==    Updates: 1
Releasing transactional SqlSession [org.apache.ibatis.session.defaults.DefaultSqlSession@1a557a52]
Transaction synchronization committing SqlSession [org.apache.ibatis.session.defaults.DefaultSqlSession@1a557a52]
Transaction synchronization deregistering SqlSession [org.apache.ibatis.session.defaults.DefaultSqlSession@1a557a52]
Transaction synchronization closing SqlSession [org.apache.ibatis.session.defaults.DefaultSqlSession@1a557a52]
Creating a new SqlSession
Registering transaction synchronization for SqlSession [org.apache.ibatis.session.defaults.DefaultSqlSession@6e5106fc]
JDBC Connection [HikariProxyConnection@659229738 wrapping com.mysql.cj.jdbc.ConnectionImpl@247d44b4] will be managed by Spring
==>  Preparing: INSERT INTO `tb_post` (content, author_id, publish_at, last_update) VALUES (?, ?, ?, ?)
==> Parameters: 工作中的细致观察能够发现潜在问题。(String), 54(Long), 2024-11-13T00:19:35.619218300(LocalDateTime), 2024-11-13T00:19:35.619218300(LocalDateTime)
<==    Updates: 1
Releasing transactional SqlSession [org.apache.ibatis.session.defaults.DefaultSqlSession@6e5106fc]
Transaction synchronization committing SqlSession [org.apache.ibatis.session.defaults.DefaultSqlSession@6e5106fc]
Transaction synchronization deregistering SqlSession [org.apache.ibatis.session.defaults.DefaultSqlSession@6e5106fc]
Transaction synchronization closing SqlSession [org.apache.ibatis.session.defaults.DefaultSqlSession@6e5106fc]
Creating a new SqlSession
Registering transaction synchronization for SqlSession [org.apache.ibatis.session.defaults.DefaultSqlSession@28d74041]
JDBC Connection [HikariProxyConnection@1556060910 wrapping com.mysql.cj.jdbc.ConnectionImpl@247d44b4] will be managed by Spring
==>  Preparing: INSERT INTO `tb_post` (content, author_id, publish_at, last_update) VALUES (?, ?, ?, ?)
==> Parameters: 工作中的积极反馈能够激励团队成员。(String), 51(Long), 2024-11-13T00:19:35.630986600(LocalDateTime), 2024-11-13T00:19:35.630986600(LocalDateTime)
<==    Updates: 1
Releasing transactional SqlSession [org.apache.ibatis.session.defaults.DefaultSqlSession@28d74041]
Transaction synchronization committing SqlSession [org.apache.ibatis.session.defaults.DefaultSqlSession@28d74041]
Transaction synchronization deregistering SqlSession [org.apache.ibatis.session.defaults.DefaultSqlSession@28d74041]
Transaction synchronization closing SqlSession [org.apache.ibatis.session.defaults.DefaultSqlSession@28d74041]
Creating a new SqlSession
Registering transaction synchronization for SqlSession [org.apache.ibatis.session.defaults.DefaultSqlSession@6108c962]
JDBC Connection [HikariProxyConnection@1682264452 wrapping com.mysql.cj.jdbc.ConnectionImpl@247d44b4] will be managed by Spring
==>  Preparing: INSERT INTO `tb_post` (content, author_id, publish_at, last_update) VALUES (?, ?, ?, ?)
==> Parameters: 工作中的领导力能够引导团队前进。(String), 74(Long), 2024-11-13T00:19:35.641977800(LocalDateTime), 2024-11-13T00:19:35.641977800(LocalDateTime)
<==    Updates: 1
Releasing transactional SqlSession [org.apache.ibatis.session.defaults.DefaultSqlSession@6108c962]
Transaction synchronization committing SqlSession [org.apache.ibatis.session.defaults.DefaultSqlSession@6108c962]
Transaction synchronization deregistering SqlSession [org.apache.ibatis.session.defaults.DefaultSqlSession@6108c962]
Transaction synchronization closing SqlSession [org.apache.ibatis.session.defaults.DefaultSqlSession@6108c962]
Creating a new SqlSession
Registering transaction synchronization for SqlSession [org.apache.ibatis.session.defaults.DefaultSqlSession@ba90170]
JDBC Connection [HikariProxyConnection@239171112 wrapping com.mysql.cj.jdbc.ConnectionImpl@247d44b4] will be managed by Spring
==>  Preparing: INSERT INTO `tb_post` (content, author_id, publish_at, last_update) VALUES (?, ?, ?, ?)
==> Parameters: 工作中的自我管理有助于提高个人效率。(String), 77(Long), 2024-11-13T00:19:35.646224800(LocalDateTime), 2024-11-13T00:19:35.646224800(LocalDateTime)
<==    Updates: 1
Releasing transactional SqlSession [org.apache.ibatis.session.defaults.DefaultSqlSession@ba90170]
Transaction synchronization committing SqlSession [org.apache.ibatis.session.defaults.DefaultSqlSession@ba90170]
Transaction synchronization deregistering SqlSession [org.apache.ibatis.session.defaults.DefaultSqlSession@ba90170]
Transaction synchronization closing SqlSession [org.apache.ibatis.session.defaults.DefaultSqlSession@ba90170]
Creating a new SqlSession
Registering transaction synchronization for SqlSession [org.apache.ibatis.session.defaults.DefaultSqlSession@354baab2]
JDBC Connection [HikariProxyConnection@1746038925 wrapping com.mysql.cj.jdbc.ConnectionImpl@247d44b4] will be managed by Spring
==>  Preparing: INSERT INTO `tb_post` (content, author_id, publish_at, last_update) VALUES (?, ?, ?, ?)
==> Parameters: 工作中的专业知识是提升工作表现的基石。(String), 3(Long), 2024-11-13T00:19:35.664596800(LocalDateTime), 2024-11-13T00:19:35.664596800(LocalDateTime)
<==    Updates: 1
Releasing transactional SqlSession [org.apache.ibatis.session.defaults.DefaultSqlSession@354baab2]
Transaction synchronization committing SqlSession [org.apache.ibatis.session.defaults.DefaultSqlSession@354baab2]
Transaction synchronization deregistering SqlSession [org.apache.ibatis.session.defaults.DefaultSqlSession@354baab2]
Transaction synchronization closing SqlSession [org.apache.ibatis.session.defaults.DefaultSqlSession@354baab2]
Creating a new SqlSession
Registering transaction synchronization for SqlSession [org.apache.ibatis.session.defaults.DefaultSqlSession@51179fad]
JDBC Connection [HikariProxyConnection@822082387 wrapping com.mysql.cj.jdbc.ConnectionImpl@247d44b4] will be managed by Spring
==>  Preparing: INSERT INTO `tb_post` (content, author_id, publish_at, last_update) VALUES (?, ?, ?, ?)
==> Parameters: 工作中的团队合作能够实现更大的成就。(String), 17(Long), 2024-11-13T00:19:35.671587100(LocalDateTime), 2024-11-13T00:19:35.671587100(LocalDateTime)
<==    Updates: 1
Releasing transactional SqlSession [org.apache.ibatis.session.defaults.DefaultSqlSession@51179fad]
Transaction synchronization committing SqlSession [org.apache.ibatis.session.defaults.DefaultSqlSession@51179fad]
Transaction synchronization deregistering SqlSession [org.apache.ibatis.session.defaults.DefaultSqlSession@51179fad]
Transaction synchronization closing SqlSession [org.apache.ibatis.session.defaults.DefaultSqlSession@51179fad]
Creating a new SqlSession
Registering transaction synchronization for SqlSession [org.apache.ibatis.session.defaults.DefaultSqlSession@64547a83]
JDBC Connection [HikariProxyConnection@76017701 wrapping com.mysql.cj.jdbc.ConnectionImpl@247d44b4] will be managed by Spring
==>  Preparing: INSERT INTO `tb_post` (content, author_id, publish_at, last_update) VALUES (?, ?, ?, ?)
==> Parameters: 工作中的创新策略能够带来新的解决方案。(String), 54(Long), 2024-11-13T00:19:35.679375300(LocalDateTime), 2024-11-13T00:19:35.679375300(LocalDateTime)
<==    Updates: 1
Releasing transactional SqlSession [org.apache.ibatis.session.defaults.DefaultSqlSession@64547a83]
Transaction synchronization committing SqlSession [org.apache.ibatis.session.defaults.DefaultSqlSession@64547a83]
Transaction synchronization deregistering SqlSession [org.apache.ibatis.session.defaults.DefaultSqlSession@64547a83]
Transaction synchronization closing SqlSession [org.apache.ibatis.session.defaults.DefaultSqlSession@64547a83]
Creating a new SqlSession
Registering transaction synchronization for SqlSession [org.apache.ibatis.session.defaults.DefaultSqlSession@63574d76]
JDBC Connection [HikariProxyConnection@231695570 wrapping com.mysql.cj.jdbc.ConnectionImpl@247d44b4] will be managed by Spring
==>  Preparing: INSERT INTO `tb_post` (content, author_id, publish_at, last_update) VALUES (?, ?, ?, ?)
==> Parameters: 工作中的积极态度能够提升团队士气。(String), 51(Long), 2024-11-13T00:19:35.687373200(LocalDateTime), 2024-11-13T00:19:35.687373200(LocalDateTime)
<==    Updates: 1
Releasing transactional SqlSession [org.apache.ibatis.session.defaults.DefaultSqlSession@63574d76]
Transaction synchronization committing SqlSession [org.apache.ibatis.session.defaults.DefaultSqlSession@63574d76]
Transaction synchronization deregistering SqlSession [org.apache.ibatis.session.defaults.DefaultSqlSession@63574d76]
Transaction synchronization closing SqlSession [org.apache.ibatis.session.defaults.DefaultSqlSession@63574d76]
Creating a new SqlSession
Registering transaction synchronization for SqlSession [org.apache.ibatis.session.defaults.DefaultSqlSession@75c0e6be]
JDBC Connection [HikariProxyConnection@1112632546 wrapping com.mysql.cj.jdbc.ConnectionImpl@247d44b4] will be managed by Spring
==>  Preparing: INSERT INTO `tb_post` (content, author_id, publish_at, last_update) VALUES (?, ?, ?, ?)
==> Parameters: 工作中的决策能力对于项目成功至关重要。(String), 22(Long), 2024-11-13T00:19:35.693221700(LocalDateTime), 2024-11-13T00:19:35.693221700(LocalDateTime)
<==    Updates: 1
Releasing transactional SqlSession [org.apache.ibatis.session.defaults.DefaultSqlSession@75c0e6be]
Transaction synchronization committing SqlSession [org.apache.ibatis.session.defaults.DefaultSqlSession@75c0e6be]
Transaction synchronization deregistering SqlSession [org.apache.ibatis.session.defaults.DefaultSqlSession@75c0e6be]
Transaction synchronization closing SqlSession [org.apache.ibatis.session.defaults.DefaultSqlSession@75c0e6be]
Creating a new SqlSession
Registering transaction synchronization for SqlSession [org.apache.ibatis.session.defaults.DefaultSqlSession@7aecff85]
JDBC Connection [HikariProxyConnection@1325629901 wrapping com.mysql.cj.jdbc.ConnectionImpl@247d44b4] will be managed by Spring
==>  Preparing: INSERT INTO `tb_post` (content, author_id, publish_at, last_update) VALUES (?, ?, ?, ?)
==> Parameters: 工作中的自我激励能够提高工作动力。(String), 69(Long), 2024-11-13T00:19:35.700537100(LocalDateTime), 2024-11-13T00:19:35.700537100(LocalDateTime)
<==    Updates: 1
Releasing transactional SqlSession [org.apache.ibatis.session.defaults.DefaultSqlSession@7aecff85]
Transaction synchronization committing SqlSession [org.apache.ibatis.session.defaults.DefaultSqlSession@7aecff85]
Transaction synchronization deregistering SqlSession [org.apache.ibatis.session.defaults.DefaultSqlSession@7aecff85]
Transaction synchronization closing SqlSession [org.apache.ibatis.session.defaults.DefaultSqlSession@7aecff85]
Creating a new SqlSession
Registering transaction synchronization for SqlSession [org.apache.ibatis.session.defaults.DefaultSqlSession@4dd28982]
JDBC Connection [HikariProxyConnection@1626803358 wrapping com.mysql.cj.jdbc.ConnectionImpl@247d44b4] will be managed by Spring
==>  Preparing: INSERT INTO `tb_post` (content, author_id, publish_at, last_update) VALUES (?, ?, ?, ?)
==> Parameters: 工作中的沟通技巧有助于解决冲突。(String), 93(Long), 2024-11-13T00:19:35.706537400(LocalDateTime), 2024-11-13T00:19:35.706537400(LocalDateTime)
<==    Updates: 1
Releasing transactional SqlSession [org.apache.ibatis.session.defaults.DefaultSqlSession@4dd28982]
Transaction synchronization committing SqlSession [org.apache.ibatis.session.defaults.DefaultSqlSession@4dd28982]
Transaction synchronization deregistering SqlSession [org.apache.ibatis.session.defaults.DefaultSqlSession@4dd28982]
Transaction synchronization closing SqlSession [org.apache.ibatis.session.defaults.DefaultSqlSession@4dd28982]
Creating a new SqlSession
Registering transaction synchronization for SqlSession [org.apache.ibatis.session.defaults.DefaultSqlSession@49a0fe14]
JDBC Connection [HikariProxyConnection@1322769266 wrapping com.mysql.cj.jdbc.ConnectionImpl@247d44b4] will be managed by Spring
==>  Preparing: INSERT INTO `tb_post` (content, author_id, publish_at, last_update) VALUES (?, ?, ?, ?)
==> Parameters: 工作中的细节关注能够提升产品或服务质量。(String), 41(Long), 2024-11-13T00:19:35.714588900(LocalDateTime), 2024-11-13T00:19:35.714588900(LocalDateTime)
<==    Updates: 1
Releasing transactional SqlSession [org.apache.ibatis.session.defaults.DefaultSqlSession@49a0fe14]
Transaction synchronization committing SqlSession [org.apache.ibatis.session.defaults.DefaultSqlSession@49a0fe14]
Transaction synchronization deregistering SqlSession [org.apache.ibatis.session.defaults.DefaultSqlSession@49a0fe14]
Transaction synchronization closing SqlSession [org.apache.ibatis.session.defaults.DefaultSqlSession@49a0fe14]
Creating a new SqlSession
Registering transaction synchronization for SqlSession [org.apache.ibatis.session.defaults.DefaultSqlSession@73624529]
JDBC Connection [HikariProxyConnection@816725062 wrapping com.mysql.cj.jdbc.ConnectionImpl@247d44b4] will be managed by Spring
==>  Preparing: INSERT INTO `tb_post` (content, author_id, publish_at, last_update) VALUES (?, ?, ?, ?)
==> Parameters: 工作中的诚信是建立客户信任的基础。(String), 98(Long), 2024-11-13T00:19:35.720585400(LocalDateTime), 2024-11-13T00:19:35.720585400(LocalDateTime)
<==    Updates: 1
Releasing transactional SqlSession [org.apache.ibatis.session.defaults.DefaultSqlSession@73624529]
Transaction synchronization committing SqlSession [org.apache.ibatis.session.defaults.DefaultSqlSession@73624529]
Transaction synchronization deregistering SqlSession [org.apache.ibatis.session.defaults.DefaultSqlSession@73624529]
Transaction synchronization closing SqlSession [org.apache.ibatis.session.defaults.DefaultSqlSession@73624529]
Creating a new SqlSession
Registering transaction synchronization for SqlSession [org.apache.ibatis.session.defaults.DefaultSqlSession@2f98859a]
JDBC Connection [HikariProxyConnection@897714044 wrapping com.mysql.cj.jdbc.ConnectionImpl@247d44b4] will be managed by Spring
==>  Preparing: INSERT INTO `tb_post` (content, author_id, publish_at, last_update) VALUES (?, ?, ?, ?)
==> Parameters: 工作中的组织能力有助于管理工作流程。(String), 28(Long), 2024-11-13T00:19:35.728294900(LocalDateTime), 2024-11-13T00:19:35.728294900(LocalDateTime)
<==    Updates: 1
Releasing transactional SqlSession [org.apache.ibatis.session.defaults.DefaultSqlSession@2f98859a]
Transaction synchronization committing SqlSession [org.apache.ibatis.session.defaults.DefaultSqlSession@2f98859a]
Transaction synchronization deregistering SqlSession [org.apache.ibatis.session.defaults.DefaultSqlSession@2f98859a]
Transaction synchronization closing SqlSession [org.apache.ibatis.session.defaults.DefaultSqlSession@2f98859a]
Creating a new SqlSession
Registering transaction synchronization for SqlSession [org.apache.ibatis.session.defaults.DefaultSqlSession@760b9444]
JDBC Connection [HikariProxyConnection@258675339 wrapping com.mysql.cj.jdbc.ConnectionImpl@247d44b4] will be managed by Spring
==>  Preparing: INSERT INTO `tb_post` (content, author_id, publish_at, last_update) VALUES (?, ?, ?, ?)
==> Parameters: 工作中的主动性能够带来新的机遇。(String), 61(Long), 2024-11-13T00:19:35.734295800(LocalDateTime), 2024-11-13T00:19:35.734295800(LocalDateTime)
<==    Updates: 1
Releasing transactional SqlSession [org.apache.ibatis.session.defaults.DefaultSqlSession@760b9444]
Transaction synchronization committing SqlSession [org.apache.ibatis.session.defaults.DefaultSqlSession@760b9444]
Transaction synchronization deregistering SqlSession [org.apache.ibatis.session.defaults.DefaultSqlSession@760b9444]
Transaction synchronization closing SqlSession [org.apache.ibatis.session.defaults.DefaultSqlSession@760b9444]
Creating a new SqlSession
Registering transaction synchronization for SqlSession [org.apache.ibatis.session.defaults.DefaultSqlSession@56dae6]
JDBC Connection [HikariProxyConnection@1849933855 wrapping com.mysql.cj.jdbc.ConnectionImpl@247d44b4] will be managed by Spring
==>  Preparing: INSERT INTO `tb_post` (content, author_id, publish_at, last_update) VALUES (?, ?, ?, ?)
==> Parameters: 工作中的专注力能够提升工作效率。(String), 57(Long), 2024-11-13T00:19:35.740307100(LocalDateTime), 2024-11-13T00:19:35.740307100(LocalDateTime)
<==    Updates: 1
Releasing transactional SqlSession [org.apache.ibatis.session.defaults.DefaultSqlSession@56dae6]
Transaction synchronization committing SqlSession [org.apache.ibatis.session.defaults.DefaultSqlSession@56dae6]
Transaction synchronization deregistering SqlSession [org.apache.ibatis.session.defaults.DefaultSqlSession@56dae6]
Transaction synchronization closing SqlSession [org.apache.ibatis.session.defaults.DefaultSqlSession@56dae6]
Creating a new SqlSession
Registering transaction synchronization for SqlSession [org.apache.ibatis.session.defaults.DefaultSqlSession@77732366]
JDBC Connection [HikariProxyConnection@1552431935 wrapping com.mysql.cj.jdbc.ConnectionImpl@247d44b4] will be managed by Spring
==>  Preparing: INSERT INTO `tb_post` (content, author_id, publish_at, last_update) VALUES (?, ?, ?, ?)
==> Parameters: 工作中的责任感能够增强团队合作。(String), 27(Long), 2024-11-13T00:19:35.743192400(LocalDateTime), 2024-11-13T00:19:35.743192400(LocalDateTime)
<==    Updates: 1
Releasing transactional SqlSession [org.apache.ibatis.session.defaults.DefaultSqlSession@77732366]
Transaction synchronization committing SqlSession [org.apache.ibatis.session.defaults.DefaultSqlSession@77732366]
Transaction synchronization deregistering SqlSession [org.apache.ibatis.session.defaults.DefaultSqlSession@77732366]
Transaction synchronization closing SqlSession [org.apache.ibatis.session.defaults.DefaultSqlSession@77732366]
Creating a new SqlSession
Registering transaction synchronization for SqlSession [org.apache.ibatis.session.defaults.DefaultSqlSession@61b11d35]
JDBC Connection [HikariProxyConnection@1259205449 wrapping com.mysql.cj.jdbc.ConnectionImpl@247d44b4] will be managed by Spring
==>  Preparing: INSERT INTO `tb_post` (content, author_id, publish_at, last_update) VALUES (?, ?, ?, ?)
==> Parameters: 工作中的创新思维能够推动技术进步。(String), 51(Long), 2024-11-13T00:19:35.765546600(LocalDateTime), 2024-11-13T00:19:35.765546600(LocalDateTime)
<==    Updates: 1
Releasing transactional SqlSession [org.apache.ibatis.session.defaults.DefaultSqlSession@61b11d35]
Transaction synchronization committing SqlSession [org.apache.ibatis.session.defaults.DefaultSqlSession@61b11d35]
Transaction synchronization deregistering SqlSession [org.apache.ibatis.session.defaults.DefaultSqlSession@61b11d35]
Transaction synchronization closing SqlSession [org.apache.ibatis.session.defaults.DefaultSqlSession@61b11d35]
Creating a new SqlSession
Registering transaction synchronization for SqlSession [org.apache.ibatis.session.defaults.DefaultSqlSession@5834298c]
JDBC Connection [HikariProxyConnection@1676333942 wrapping com.mysql.cj.jdbc.ConnectionImpl@247d44b4] will be managed by Spring
==>  Preparing: INSERT INTO `tb_post` (content, author_id, publish_at, last_update) VALUES (?, ?, ?, ?)
==> Parameters: 工作中的领导力能够激发团队潜力。(String), 38(Long), 2024-11-13T00:19:35.777551500(LocalDateTime), 2024-11-13T00:19:35.777551500(LocalDateTime)
<==    Updates: 1
Releasing transactional SqlSession [org.apache.ibatis.session.defaults.DefaultSqlSession@5834298c]
Transaction synchronization committing SqlSession [org.apache.ibatis.session.defaults.DefaultSqlSession@5834298c]
Transaction synchronization deregistering SqlSession [org.apache.ibatis.session.defaults.DefaultSqlSession@5834298c]
Transaction synchronization closing SqlSession [org.apache.ibatis.session.defaults.DefaultSqlSession@5834298c]
Creating a new SqlSession
Registering transaction synchronization for SqlSession [org.apache.ibatis.session.defaults.DefaultSqlSession@272cec71]
JDBC Connection [HikariProxyConnection@1665522694 wrapping com.mysql.cj.jdbc.ConnectionImpl@247d44b4] will be managed by Spring
==>  Preparing: INSERT INTO `tb_post` (content, author_id, publish_at, last_update) VALUES (?, ?, ?, ?)
==> Parameters: 工作中的适应性是面对市场变化的关键。(String), 51(Long), 2024-11-13T00:19:35.795227900(LocalDateTime), 2024-11-13T00:19:35.795227900(LocalDateTime)
<==    Updates: 1
Releasing transactional SqlSession [org.apache.ibatis.session.defaults.DefaultSqlSession@272cec71]
Transaction synchronization committing SqlSession [org.apache.ibatis.session.defaults.DefaultSqlSession@272cec71]
Transaction synchronization deregistering SqlSession [org.apache.ibatis.session.defaults.DefaultSqlSession@272cec71]
Transaction synchronization closing SqlSession [org.apache.ibatis.session.defaults.DefaultSqlSession@272cec71]
Creating a new SqlSession
Registering transaction synchronization for SqlSession [org.apache.ibatis.session.defaults.DefaultSqlSession@77eb0e47]
JDBC Connection [HikariProxyConnection@857651539 wrapping com.mysql.cj.jdbc.ConnectionImpl@247d44b4] will be managed by Spring
==>  Preparing: INSERT INTO `tb_post` (content, author_id, publish_at, last_update) VALUES (?, ?, ?, ?)
==> Parameters: 工作中的自我驱动能够提升个人成就。(String), 73(Long), 2024-11-13T00:19:35.808216500(LocalDateTime), 2024-11-13T00:19:35.808216500(LocalDateTime)
<==    Updates: 1
Releasing transactional SqlSession [org.apache.ibatis.session.defaults.DefaultSqlSession@77eb0e47]
Transaction synchronization committing SqlSession [org.apache.ibatis.session.defaults.DefaultSqlSession@77eb0e47]
Transaction synchronization deregistering SqlSession [org.apache.ibatis.session.defaults.DefaultSqlSession@77eb0e47]
Transaction synchronization closing SqlSession [org.apache.ibatis.session.defaults.DefaultSqlSession@77eb0e47]
Creating a new SqlSession
Registering transaction synchronization for SqlSession [org.apache.ibatis.session.defaults.DefaultSqlSession@c50503e]
JDBC Connection [HikariProxyConnection@845449668 wrapping com.mysql.cj.jdbc.ConnectionImpl@247d44b4] will be managed by Spring
==>  Preparing: INSERT INTO `tb_post` (content, author_id, publish_at, last_update) VALUES (?, ?, ?, ?)
==> Parameters: 工作中的团队协作能够实现共同目标。(String), 2(Long), 2024-11-13T00:19:35.822213300(LocalDateTime), 2024-11-13T00:19:35.822213300(LocalDateTime)
<==    Updates: 1
Releasing transactional SqlSession [org.apache.ibatis.session.defaults.DefaultSqlSession@c50503e]
Transaction synchronization committing SqlSession [org.apache.ibatis.session.defaults.DefaultSqlSession@c50503e]
Transaction synchronization deregistering SqlSession [org.apache.ibatis.session.defaults.DefaultSqlSession@c50503e]
Transaction synchronization closing SqlSession [org.apache.ibatis.session.defaults.DefaultSqlSession@c50503e]
Creating a new SqlSession
Registering transaction synchronization for SqlSession [org.apache.ibatis.session.defaults.DefaultSqlSession@172ca6a]
JDBC Connection [HikariProxyConnection@1969863839 wrapping com.mysql.cj.jdbc.ConnectionImpl@247d44b4] will be managed by Spring
==>  Preparing: INSERT INTO `tb_post` (content, author_id, publish_at, last_update) VALUES (?, ?, ?, ?)
==> Parameters: 工作中的沟通能力是建立良好关系的基础。(String), 61(Long), 2024-11-13T00:19:35.833213800(LocalDateTime), 2024-11-13T00:19:35.833213800(LocalDateTime)
<==    Updates: 1
Releasing transactional SqlSession [org.apache.ibatis.session.defaults.DefaultSqlSession@172ca6a]
Transaction synchronization committing SqlSession [org.apache.ibatis.session.defaults.DefaultSqlSession@172ca6a]
Transaction synchronization deregistering SqlSession [org.apache.ibatis.session.defaults.DefaultSqlSession@172ca6a]
Transaction synchronization closing SqlSession [org.apache.ibatis.session.defaults.DefaultSqlSession@172ca6a]
Creating a new SqlSession
Registering transaction synchronization for SqlSession [org.apache.ibatis.session.defaults.DefaultSqlSession@10ecf244]
JDBC Connection [HikariProxyConnection@212787822 wrapping com.mysql.cj.jdbc.ConnectionImpl@247d44b4] will be managed by Spring
==>  Preparing: INSERT INTO `tb_post` (content, author_id, publish_at, last_update) VALUES (?, ?, ?, ?)
==> Parameters: 工作中的目标导向有助于保持工作方向。(String), 5(Long), 2024-11-13T00:19:35.844398900(LocalDateTime), 2024-11-13T00:19:35.844398900(LocalDateTime)
<==    Updates: 1
Releasing transactional SqlSession [org.apache.ibatis.session.defaults.DefaultSqlSession@10ecf244]
Transaction synchronization committing SqlSession [org.apache.ibatis.session.defaults.DefaultSqlSession@10ecf244]
Transaction synchronization deregistering SqlSession [org.apache.ibatis.session.defaults.DefaultSqlSession@10ecf244]
Transaction synchronization closing SqlSession [org.apache.ibatis.session.defaults.DefaultSqlSession@10ecf244]
Creating a new SqlSession
Registering transaction synchronization for SqlSession [org.apache.ibatis.session.defaults.DefaultSqlSession@1c8da7e8]
JDBC Connection [HikariProxyConnection@1819912129 wrapping com.mysql.cj.jdbc.ConnectionImpl@247d44b4] will be managed by Spring
==>  Preparing: INSERT INTO `tb_post` (content, author_id, publish_at, last_update) VALUES (?, ?, ?, ?)
==> Parameters: 工作中的自我提升是职业发展的关键。(String), 70(Long), 2024-11-13T00:19:35.846081800(LocalDateTime), 2024-11-13T00:19:35.846081800(LocalDateTime)
<==    Updates: 1
Releasing transactional SqlSession [org.apache.ibatis.session.defaults.DefaultSqlSession@1c8da7e8]
Transaction synchronization committing SqlSession [org.apache.ibatis.session.defaults.DefaultSqlSession@1c8da7e8]
Transaction synchronization deregistering SqlSession [org.apache.ibatis.session.defaults.DefaultSqlSession@1c8da7e8]
Transaction synchronization closing SqlSession [org.apache.ibatis.session.defaults.DefaultSqlSession@1c8da7e8]
Creating a new SqlSession
Registering transaction synchronization for SqlSession [org.apache.ibatis.session.defaults.DefaultSqlSession@17796f47]
JDBC Connection [HikariProxyConnection@1533425651 wrapping com.mysql.cj.jdbc.ConnectionImpl@247d44b4] will be managed by Spring
==>  Preparing: INSERT INTO `tb_post` (content, author_id, publish_at, last_update) VALUES (?, ?, ?, ?)
==> Parameters: 工作中的批判性思维有助于优化流程。(String), 54(Long), 2024-11-13T00:19:35.865673(LocalDateTime), 2024-11-13T00:19:35.865673(LocalDateTime)
<==    Updates: 1
Releasing transactional SqlSession [org.apache.ibatis.session.defaults.DefaultSqlSession@17796f47]
Transaction synchronization committing SqlSession [org.apache.ibatis.session.defaults.DefaultSqlSession@17796f47]
Transaction synchronization deregistering SqlSession [org.apache.ibatis.session.defaults.DefaultSqlSession@17796f47]
Transaction synchronization closing SqlSession [org.apache.ibatis.session.defaults.DefaultSqlSession@17796f47]
Creating a new SqlSession
Registering transaction synchronization for SqlSession [org.apache.ibatis.session.defaults.DefaultSqlSession@4be6531a]
JDBC Connection [HikariProxyConnection@1813849594 wrapping com.mysql.cj.jdbc.ConnectionImpl@247d44b4] will be managed by Spring
==>  Preparing: INSERT INTO `tb_post` (content, author_id, publish_at, last_update) VALUES (?, ?, ?, ?)
==> Parameters: 工作中的细致观察能够发现潜在问题。(String), 30(Long), 2024-11-13T00:19:35.877389600(LocalDateTime), 2024-11-13T00:19:35.877389600(LocalDateTime)
<==    Updates: 1
Releasing transactional SqlSession [org.apache.ibatis.session.defaults.DefaultSqlSession@4be6531a]
Transaction synchronization committing SqlSession [org.apache.ibatis.session.defaults.DefaultSqlSession@4be6531a]
Transaction synchronization deregistering SqlSession [org.apache.ibatis.session.defaults.DefaultSqlSession@4be6531a]
Transaction synchronization closing SqlSession [org.apache.ibatis.session.defaults.DefaultSqlSession@4be6531a]
Creating a new SqlSession
Registering transaction synchronization for SqlSession [org.apache.ibatis.session.defaults.DefaultSqlSession@766ab25b]
JDBC Connection [HikariProxyConnection@2084720126 wrapping com.mysql.cj.jdbc.ConnectionImpl@247d44b4] will be managed by Spring
==>  Preparing: INSERT INTO `tb_post` (content, author_id, publish_at, last_update) VALUES (?, ?, ?, ?)
==> Parameters: 工作中的积极反馈能够激励团队成员。(String), 33(Long), 2024-11-13T00:19:35.888390200(LocalDateTime), 2024-11-13T00:19:35.888390200(LocalDateTime)
<==    Updates: 1
Releasing transactional SqlSession [org.apache.ibatis.session.defaults.DefaultSqlSession@766ab25b]
Transaction synchronization committing SqlSession [org.apache.ibatis.session.defaults.DefaultSqlSession@766ab25b]
Transaction synchronization deregistering SqlSession [org.apache.ibatis.session.defaults.DefaultSqlSession@766ab25b]
Transaction synchronization closing SqlSession [org.apache.ibatis.session.defaults.DefaultSqlSession@766ab25b]
Creating a new SqlSession
Registering transaction synchronization for SqlSession [org.apache.ibatis.session.defaults.DefaultSqlSession@eb5471c]
JDBC Connection [HikariProxyConnection@1787868648 wrapping com.mysql.cj.jdbc.ConnectionImpl@247d44b4] will be managed by Spring
==>  Preparing: INSERT INTO `tb_post` (content, author_id, publish_at, last_update) VALUES (?, ?, ?, ?)
==> Parameters: 工作中的领导力能够引导团队前进。(String), 71(Long), 2024-11-13T00:19:35.893149700(LocalDateTime), 2024-11-13T00:19:35.893149700(LocalDateTime)
<==    Updates: 1
Releasing transactional SqlSession [org.apache.ibatis.session.defaults.DefaultSqlSession@eb5471c]
Transaction synchronization committing SqlSession [org.apache.ibatis.session.defaults.DefaultSqlSession@eb5471c]
Transaction synchronization deregistering SqlSession [org.apache.ibatis.session.defaults.DefaultSqlSession@eb5471c]
Transaction synchronization closing SqlSession [org.apache.ibatis.session.defaults.DefaultSqlSession@eb5471c]
Creating a new SqlSession
Registering transaction synchronization for SqlSession [org.apache.ibatis.session.defaults.DefaultSqlSession@6d4bb60f]
JDBC Connection [HikariProxyConnection@803295914 wrapping com.mysql.cj.jdbc.ConnectionImpl@247d44b4] will be managed by Spring
==>  Preparing: INSERT INTO `tb_post` (content, author_id, publish_at, last_update) VALUES (?, ?, ?, ?)
==> Parameters: 工作中的自我管理有助于提高个人效率。(String), 58(Long), 2024-11-13T00:19:35.893149700(LocalDateTime), 2024-11-13T00:19:35.893149700(LocalDateTime)
<==    Updates: 1
Releasing transactional SqlSession [org.apache.ibatis.session.defaults.DefaultSqlSession@6d4bb60f]
Transaction synchronization committing SqlSession [org.apache.ibatis.session.defaults.DefaultSqlSession@6d4bb60f]
Transaction synchronization deregistering SqlSession [org.apache.ibatis.session.defaults.DefaultSqlSession@6d4bb60f]
Transaction synchronization closing SqlSession [org.apache.ibatis.session.defaults.DefaultSqlSession@6d4bb60f]
Creating a new SqlSession
Registering transaction synchronization for SqlSession [org.apache.ibatis.session.defaults.DefaultSqlSession@6919a8a]
JDBC Connection [HikariProxyConnection@1621383518 wrapping com.mysql.cj.jdbc.ConnectionImpl@247d44b4] will be managed by Spring
==>  Preparing: INSERT INTO `tb_post` (content, author_id, publish_at, last_update) VALUES (?, ?, ?, ?)
==> Parameters: 工作中的专业知识是提升工作表现的基石。(String), 57(Long), 2024-11-13T00:19:35.916627700(LocalDateTime), 2024-11-13T00:19:35.916627700(LocalDateTime)
<==    Updates: 1
Releasing transactional SqlSession [org.apache.ibatis.session.defaults.DefaultSqlSession@6919a8a]
Transaction synchronization committing SqlSession [org.apache.ibatis.session.defaults.DefaultSqlSession@6919a8a]
Transaction synchronization deregistering SqlSession [org.apache.ibatis.session.defaults.DefaultSqlSession@6919a8a]
Transaction synchronization closing SqlSession [org.apache.ibatis.session.defaults.DefaultSqlSession@6919a8a]
Creating a new SqlSession
Registering transaction synchronization for SqlSession [org.apache.ibatis.session.defaults.DefaultSqlSession@64ef9b9a]
JDBC Connection [HikariProxyConnection@1983947153 wrapping com.mysql.cj.jdbc.ConnectionImpl@247d44b4] will be managed by Spring
==>  Preparing: INSERT INTO `tb_post` (content, author_id, publish_at, last_update) VALUES (?, ?, ?, ?)
==> Parameters: 工作中的团队合作能够实现更大的成就。(String), 45(Long), 2024-11-13T00:19:35.923629100(LocalDateTime), 2024-11-13T00:19:35.923629100(LocalDateTime)
<==    Updates: 1
Releasing transactional SqlSession [org.apache.ibatis.session.defaults.DefaultSqlSession@64ef9b9a]
Transaction synchronization committing SqlSession [org.apache.ibatis.session.defaults.DefaultSqlSession@64ef9b9a]
Transaction synchronization deregistering SqlSession [org.apache.ibatis.session.defaults.DefaultSqlSession@64ef9b9a]
Transaction synchronization closing SqlSession [org.apache.ibatis.session.defaults.DefaultSqlSession@64ef9b9a]
Creating a new SqlSession
Registering transaction synchronization for SqlSession [org.apache.ibatis.session.defaults.DefaultSqlSession@74997ca6]
JDBC Connection [HikariProxyConnection@57852968 wrapping com.mysql.cj.jdbc.ConnectionImpl@247d44b4] will be managed by Spring
==>  Preparing: INSERT INTO `tb_post` (content, author_id, publish_at, last_update) VALUES (?, ?, ?, ?)
==> Parameters: 工作中的创新策略能够带来新的解决方案。(String), 19(Long), 2024-11-13T00:19:35.931360100(LocalDateTime), 2024-11-13T00:19:35.931360100(LocalDateTime)
<==    Updates: 1
Releasing transactional SqlSession [org.apache.ibatis.session.defaults.DefaultSqlSession@74997ca6]
Transaction synchronization committing SqlSession [org.apache.ibatis.session.defaults.DefaultSqlSession@74997ca6]
Transaction synchronization deregistering SqlSession [org.apache.ibatis.session.defaults.DefaultSqlSession@74997ca6]
Transaction synchronization closing SqlSession [org.apache.ibatis.session.defaults.DefaultSqlSession@74997ca6]
Creating a new SqlSession
Registering transaction synchronization for SqlSession [org.apache.ibatis.session.defaults.DefaultSqlSession@4c364a9d]
JDBC Connection [HikariProxyConnection@1508631684 wrapping com.mysql.cj.jdbc.ConnectionImpl@247d44b4] will be managed by Spring
==>  Preparing: INSERT INTO `tb_post` (content, author_id, publish_at, last_update) VALUES (?, ?, ?, ?)
==> Parameters: 工作中的积极态度能够提升团队士气。(String), 12(Long), 2024-11-13T00:19:35.938360400(LocalDateTime), 2024-11-13T00:19:35.938360400(LocalDateTime)
<==    Updates: 1
Releasing transactional SqlSession [org.apache.ibatis.session.defaults.DefaultSqlSession@4c364a9d]
Transaction synchronization committing SqlSession [org.apache.ibatis.session.defaults.DefaultSqlSession@4c364a9d]
Transaction synchronization deregistering SqlSession [org.apache.ibatis.session.defaults.DefaultSqlSession@4c364a9d]
Transaction synchronization closing SqlSession [org.apache.ibatis.session.defaults.DefaultSqlSession@4c364a9d]
Creating a new SqlSession
Registering transaction synchronization for SqlSession [org.apache.ibatis.session.defaults.DefaultSqlSession@5cc28282]
JDBC Connection [HikariProxyConnection@347403362 wrapping com.mysql.cj.jdbc.ConnectionImpl@247d44b4] will be managed by Spring
==>  Preparing: INSERT INTO `tb_post` (content, author_id, publish_at, last_update) VALUES (?, ?, ?, ?)
==> Parameters: 工作中的决策能力对于项目成功至关重要。(String), 61(Long), 2024-11-13T00:19:35.943152800(LocalDateTime), 2024-11-13T00:19:35.943152800(LocalDateTime)
<==    Updates: 1
Releasing transactional SqlSession [org.apache.ibatis.session.defaults.DefaultSqlSession@5cc28282]
Transaction synchronization committing SqlSession [org.apache.ibatis.session.defaults.DefaultSqlSession@5cc28282]
Transaction synchronization deregistering SqlSession [org.apache.ibatis.session.defaults.DefaultSqlSession@5cc28282]
Transaction synchronization closing SqlSession [org.apache.ibatis.session.defaults.DefaultSqlSession@5cc28282]
Creating a new SqlSession
Registering transaction synchronization for SqlSession [org.apache.ibatis.session.defaults.DefaultSqlSession@c7008b4]
JDBC Connection [HikariProxyConnection@1906216863 wrapping com.mysql.cj.jdbc.ConnectionImpl@247d44b4] will be managed by Spring
==>  Preparing: INSERT INTO `tb_post` (content, author_id, publish_at, last_update) VALUES (?, ?, ?, ?)
==> Parameters: 工作中的自我激励能够提高工作动力。(String), 34(Long), 2024-11-13T00:19:35.943152800(LocalDateTime), 2024-11-13T00:19:35.943152800(LocalDateTime)
<==    Updates: 1
Releasing transactional SqlSession [org.apache.ibatis.session.defaults.DefaultSqlSession@c7008b4]
Transaction synchronization committing SqlSession [org.apache.ibatis.session.defaults.DefaultSqlSession@c7008b4]
Transaction synchronization deregistering SqlSession [org.apache.ibatis.session.defaults.DefaultSqlSession@c7008b4]
Transaction synchronization closing SqlSession [org.apache.ibatis.session.defaults.DefaultSqlSession@c7008b4]
Creating a new SqlSession
Registering transaction synchronization for SqlSession [org.apache.ibatis.session.defaults.DefaultSqlSession@11b234aa]
JDBC Connection [HikariProxyConnection@13612130 wrapping com.mysql.cj.jdbc.ConnectionImpl@247d44b4] will be managed by Spring
==>  Preparing: INSERT INTO `tb_post` (content, author_id, publish_at, last_update) VALUES (?, ?, ?, ?)
==> Parameters: 工作中的沟通技巧有助于解决冲突。(String), 24(Long), 2024-11-13T00:19:35.961355400(LocalDateTime), 2024-11-13T00:19:35.961355400(LocalDateTime)
<==    Updates: 1
Releasing transactional SqlSession [org.apache.ibatis.session.defaults.DefaultSqlSession@11b234aa]
Transaction synchronization committing SqlSession [org.apache.ibatis.session.defaults.DefaultSqlSession@11b234aa]
Transaction synchronization deregistering SqlSession [org.apache.ibatis.session.defaults.DefaultSqlSession@11b234aa]
Transaction synchronization closing SqlSession [org.apache.ibatis.session.defaults.DefaultSqlSession@11b234aa]
Creating a new SqlSession
Registering transaction synchronization for SqlSession [org.apache.ibatis.session.defaults.DefaultSqlSession@6d21a69f]
JDBC Connection [HikariProxyConnection@1223186935 wrapping com.mysql.cj.jdbc.ConnectionImpl@247d44b4] will be managed by Spring
==>  Preparing: INSERT INTO `tb_post` (content, author_id, publish_at, last_update) VALUES (?, ?, ?, ?)
==> Parameters: 工作中的细节关注能够提升产品或服务质量。(String), 11(Long), 2024-11-13T00:19:35.968355(LocalDateTime), 2024-11-13T00:19:35.968355(LocalDateTime)
<==    Updates: 1
Releasing transactional SqlSession [org.apache.ibatis.session.defaults.DefaultSqlSession@6d21a69f]
Transaction synchronization committing SqlSession [org.apache.ibatis.session.defaults.DefaultSqlSession@6d21a69f]
Transaction synchronization deregistering SqlSession [org.apache.ibatis.session.defaults.DefaultSqlSession@6d21a69f]
Transaction synchronization closing SqlSession [org.apache.ibatis.session.defaults.DefaultSqlSession@6d21a69f]
Creating a new SqlSession
Registering transaction synchronization for SqlSession [org.apache.ibatis.session.defaults.DefaultSqlSession@581f1f40]
JDBC Connection [HikariProxyConnection@1251691854 wrapping com.mysql.cj.jdbc.ConnectionImpl@247d44b4] will be managed by Spring
==>  Preparing: INSERT INTO `tb_post` (content, author_id, publish_at, last_update) VALUES (?, ?, ?, ?)
==> Parameters: 工作中的诚信是建立客户信任的基础。(String), 45(Long), 2024-11-13T00:19:35.975354500(LocalDateTime), 2024-11-13T00:19:35.975354500(LocalDateTime)
<==    Updates: 1
Releasing transactional SqlSession [org.apache.ibatis.session.defaults.DefaultSqlSession@581f1f40]
Transaction synchronization committing SqlSession [org.apache.ibatis.session.defaults.DefaultSqlSession@581f1f40]
Transaction synchronization deregistering SqlSession [org.apache.ibatis.session.defaults.DefaultSqlSession@581f1f40]
Transaction synchronization closing SqlSession [org.apache.ibatis.session.defaults.DefaultSqlSession@581f1f40]
Creating a new SqlSession
Registering transaction synchronization for SqlSession [org.apache.ibatis.session.defaults.DefaultSqlSession@7c59f315]
JDBC Connection [HikariProxyConnection@849691048 wrapping com.mysql.cj.jdbc.ConnectionImpl@247d44b4] will be managed by Spring
==>  Preparing: INSERT INTO `tb_post` (content, author_id, publish_at, last_update) VALUES (?, ?, ?, ?)
==> Parameters: 工作中的组织能力有助于管理工作流程。(String), 51(Long), 2024-11-13T00:19:35.982301200(LocalDateTime), 2024-11-13T00:19:35.982301200(LocalDateTime)
<==    Updates: 1
Releasing transactional SqlSession [org.apache.ibatis.session.defaults.DefaultSqlSession@7c59f315]
Transaction synchronization committing SqlSession [org.apache.ibatis.session.defaults.DefaultSqlSession@7c59f315]
Transaction synchronization deregistering SqlSession [org.apache.ibatis.session.defaults.DefaultSqlSession@7c59f315]
Transaction synchronization closing SqlSession [org.apache.ibatis.session.defaults.DefaultSqlSession@7c59f315]
Creating a new SqlSession
Registering transaction synchronization for SqlSession [org.apache.ibatis.session.defaults.DefaultSqlSession@7d583602]
JDBC Connection [HikariProxyConnection@1142767071 wrapping com.mysql.cj.jdbc.ConnectionImpl@247d44b4] will be managed by Spring
==>  Preparing: INSERT INTO `tb_post` (content, author_id, publish_at, last_update) VALUES (?, ?, ?, ?)
==> Parameters: 工作中的主动性能够带来新的机遇。(String), 25(Long), 2024-11-13T00:19:35.991300400(LocalDateTime), 2024-11-13T00:19:35.991300400(LocalDateTime)
<==    Updates: 1
Releasing transactional SqlSession [org.apache.ibatis.session.defaults.DefaultSqlSession@7d583602]
Transaction synchronization committing SqlSession [org.apache.ibatis.session.defaults.DefaultSqlSession@7d583602]
Transaction synchronization deregistering SqlSession [org.apache.ibatis.session.defaults.DefaultSqlSession@7d583602]
Transaction synchronization closing SqlSession [org.apache.ibatis.session.defaults.DefaultSqlSession@7d583602]
Creating a new SqlSession
Registering transaction synchronization for SqlSession [org.apache.ibatis.session.defaults.DefaultSqlSession@5f113867]
JDBC Connection [HikariProxyConnection@1420795086 wrapping com.mysql.cj.jdbc.ConnectionImpl@247d44b4] will be managed by Spring
==>  Preparing: INSERT INTO `tb_post` (content, author_id, publish_at, last_update) VALUES (?, ?, ?, ?)
==> Parameters: 工作中的专注力能够提升工作效率。(String), 73(Long), 2024-11-13T00:19:35.994592600(LocalDateTime), 2024-11-13T00:19:35.994592600(LocalDateTime)
<==    Updates: 1
Releasing transactional SqlSession [org.apache.ibatis.session.defaults.DefaultSqlSession@5f113867]
Transaction synchronization committing SqlSession [org.apache.ibatis.session.defaults.DefaultSqlSession@5f113867]
Transaction synchronization deregistering SqlSession [org.apache.ibatis.session.defaults.DefaultSqlSession@5f113867]
Transaction synchronization closing SqlSession [org.apache.ibatis.session.defaults.DefaultSqlSession@5f113867]
Creating a new SqlSession
Registering transaction synchronization for SqlSession [org.apache.ibatis.session.defaults.DefaultSqlSession@345f4e0d]
JDBC Connection [HikariProxyConnection@1689404083 wrapping com.mysql.cj.jdbc.ConnectionImpl@247d44b4] will be managed by Spring
==>  Preparing: INSERT INTO `tb_post` (content, author_id, publish_at, last_update) VALUES (?, ?, ?, ?)
==> Parameters: 工作中的责任感能够增强团队合作。(String), 63(Long), 2024-11-13T00:19:36.015424600(LocalDateTime), 2024-11-13T00:19:36.015424600(LocalDateTime)
<==    Updates: 1
Releasing transactional SqlSession [org.apache.ibatis.session.defaults.DefaultSqlSession@345f4e0d]
Transaction synchronization committing SqlSession [org.apache.ibatis.session.defaults.DefaultSqlSession@345f4e0d]
Transaction synchronization deregistering SqlSession [org.apache.ibatis.session.defaults.DefaultSqlSession@345f4e0d]
Transaction synchronization closing SqlSession [org.apache.ibatis.session.defaults.DefaultSqlSession@345f4e0d]
Creating a new SqlSession
Registering transaction synchronization for SqlSession [org.apache.ibatis.session.defaults.DefaultSqlSession@49e8548d]
JDBC Connection [HikariProxyConnection@1564087423 wrapping com.mysql.cj.jdbc.ConnectionImpl@247d44b4] will be managed by Spring
==>  Preparing: INSERT INTO `tb_post` (content, author_id, publish_at, last_update) VALUES (?, ?, ?, ?)
==> Parameters: 工作中的创新思维能够推动技术进步。(String), 32(Long), 2024-11-13T00:19:36.028719600(LocalDateTime), 2024-11-13T00:19:36.028719600(LocalDateTime)
<==    Updates: 1
Releasing transactional SqlSession [org.apache.ibatis.session.defaults.DefaultSqlSession@49e8548d]
Transaction synchronization committing SqlSession [org.apache.ibatis.session.defaults.DefaultSqlSession@49e8548d]
Transaction synchronization deregistering SqlSession [org.apache.ibatis.session.defaults.DefaultSqlSession@49e8548d]
Transaction synchronization closing SqlSession [org.apache.ibatis.session.defaults.DefaultSqlSession@49e8548d]
Creating a new SqlSession
Registering transaction synchronization for SqlSession [org.apache.ibatis.session.defaults.DefaultSqlSession@4353230]
JDBC Connection [HikariProxyConnection@681418509 wrapping com.mysql.cj.jdbc.ConnectionImpl@247d44b4] will be managed by Spring
==>  Preparing: INSERT INTO `tb_post` (content, author_id, publish_at, last_update) VALUES (?, ?, ?, ?)
==> Parameters: 工作中的领导力能够激发团队潜力。(String), 80(Long), 2024-11-13T00:19:36.039715800(LocalDateTime), 2024-11-13T00:19:36.039715800(LocalDateTime)
<==    Updates: 1
Releasing transactional SqlSession [org.apache.ibatis.session.defaults.DefaultSqlSession@4353230]
Transaction synchronization committing SqlSession [org.apache.ibatis.session.defaults.DefaultSqlSession@4353230]
Transaction synchronization deregistering SqlSession [org.apache.ibatis.session.defaults.DefaultSqlSession@4353230]
Transaction synchronization closing SqlSession [org.apache.ibatis.session.defaults.DefaultSqlSession@4353230]
Creating a new SqlSession
Registering transaction synchronization for SqlSession [org.apache.ibatis.session.defaults.DefaultSqlSession@1738d3b2]
JDBC Connection [HikariProxyConnection@1071755896 wrapping com.mysql.cj.jdbc.ConnectionImpl@247d44b4] will be managed by Spring
==>  Preparing: INSERT INTO `tb_post` (content, author_id, publish_at, last_update) VALUES (?, ?, ?, ?)
==> Parameters: 工作中的适应性是面对市场变化的关键。(String), 77(Long), 2024-11-13T00:19:36.047048500(LocalDateTime), 2024-11-13T00:19:36.047048500(LocalDateTime)
<==    Updates: 1
Releasing transactional SqlSession [org.apache.ibatis.session.defaults.DefaultSqlSession@1738d3b2]
Transaction synchronization committing SqlSession [org.apache.ibatis.session.defaults.DefaultSqlSession@1738d3b2]
Transaction synchronization deregistering SqlSession [org.apache.ibatis.session.defaults.DefaultSqlSession@1738d3b2]
Transaction synchronization closing SqlSession [org.apache.ibatis.session.defaults.DefaultSqlSession@1738d3b2]
Creating a new SqlSession
Registering transaction synchronization for SqlSession [org.apache.ibatis.session.defaults.DefaultSqlSession@7e113065]
JDBC Connection [HikariProxyConnection@1027687578 wrapping com.mysql.cj.jdbc.ConnectionImpl@247d44b4] will be managed by Spring
==>  Preparing: INSERT INTO `tb_post` (content, author_id, publish_at, last_update) VALUES (?, ?, ?, ?)
==> Parameters: 工作中的自我驱动能够提升个人成就。(String), 18(Long), 2024-11-13T00:19:36.065115300(LocalDateTime), 2024-11-13T00:19:36.065115300(LocalDateTime)
<==    Updates: 1
Releasing transactional SqlSession [org.apache.ibatis.session.defaults.DefaultSqlSession@7e113065]
Transaction synchronization committing SqlSession [org.apache.ibatis.session.defaults.DefaultSqlSession@7e113065]
Transaction synchronization deregistering SqlSession [org.apache.ibatis.session.defaults.DefaultSqlSession@7e113065]
Transaction synchronization closing SqlSession [org.apache.ibatis.session.defaults.DefaultSqlSession@7e113065]
Creating a new SqlSession
Registering transaction synchronization for SqlSession [org.apache.ibatis.session.defaults.DefaultSqlSession@85eabca]
JDBC Connection [HikariProxyConnection@391346131 wrapping com.mysql.cj.jdbc.ConnectionImpl@247d44b4] will be managed by Spring
==>  Preparing: INSERT INTO `tb_post` (content, author_id, publish_at, last_update) VALUES (?, ?, ?, ?)
==> Parameters: 工作中的团队协作能够实现共同目标。(String), 66(Long), 2024-11-13T00:19:36.076738700(LocalDateTime), 2024-11-13T00:19:36.076738700(LocalDateTime)
<==    Updates: 1
Releasing transactional SqlSession [org.apache.ibatis.session.defaults.DefaultSqlSession@85eabca]
Transaction synchronization committing SqlSession [org.apache.ibatis.session.defaults.DefaultSqlSession@85eabca]
Transaction synchronization deregistering SqlSession [org.apache.ibatis.session.defaults.DefaultSqlSession@85eabca]
Transaction synchronization closing SqlSession [org.apache.ibatis.session.defaults.DefaultSqlSession@85eabca]
Creating a new SqlSession
Registering transaction synchronization for SqlSession [org.apache.ibatis.session.defaults.DefaultSqlSession@44a972b4]
JDBC Connection [HikariProxyConnection@1997718293 wrapping com.mysql.cj.jdbc.ConnectionImpl@247d44b4] will be managed by Spring
==>  Preparing: INSERT INTO `tb_post` (content, author_id, publish_at, last_update) VALUES (?, ?, ?, ?)
==> Parameters: 工作中的沟通能力是建立良好关系的基础。(String), 74(Long), 2024-11-13T00:19:36.088454(LocalDateTime), 2024-11-13T00:19:36.088454(LocalDateTime)
<==    Updates: 1
Releasing transactional SqlSession [org.apache.ibatis.session.defaults.DefaultSqlSession@44a972b4]
Transaction synchronization committing SqlSession [org.apache.ibatis.session.defaults.DefaultSqlSession@44a972b4]
Transaction synchronization deregistering SqlSession [org.apache.ibatis.session.defaults.DefaultSqlSession@44a972b4]
Transaction synchronization closing SqlSession [org.apache.ibatis.session.defaults.DefaultSqlSession@44a972b4]
Creating a new SqlSession
Registering transaction synchronization for SqlSession [org.apache.ibatis.session.defaults.DefaultSqlSession@5eaa6f76]
JDBC Connection [HikariProxyConnection@890411934 wrapping com.mysql.cj.jdbc.ConnectionImpl@247d44b4] will be managed by Spring
==>  Preparing: INSERT INTO `tb_post` (content, author_id, publish_at, last_update) VALUES (?, ?, ?, ?)
==> Parameters: 工作中的目标导向有助于保持工作方向。(String), 91(Long), 2024-11-13T00:19:36.098911200(LocalDateTime), 2024-11-13T00:19:36.098911200(LocalDateTime)
<==    Updates: 1
Releasing transactional SqlSession [org.apache.ibatis.session.defaults.DefaultSqlSession@5eaa6f76]
Transaction synchronization committing SqlSession [org.apache.ibatis.session.defaults.DefaultSqlSession@5eaa6f76]
Transaction synchronization deregistering SqlSession [org.apache.ibatis.session.defaults.DefaultSqlSession@5eaa6f76]
Transaction synchronization closing SqlSession [org.apache.ibatis.session.defaults.DefaultSqlSession@5eaa6f76]
Creating a new SqlSession
Registering transaction synchronization for SqlSession [org.apache.ibatis.session.defaults.DefaultSqlSession@154fcedd]
JDBC Connection [HikariProxyConnection@1166344401 wrapping com.mysql.cj.jdbc.ConnectionImpl@247d44b4] will be managed by Spring
==>  Preparing: INSERT INTO `tb_post` (content, author_id, publish_at, last_update) VALUES (?, ?, ?, ?)
==> Parameters: 工作中的自我提升是职业发展的关键。(String), 32(Long), 2024-11-13T00:19:36.110542(LocalDateTime), 2024-11-13T00:19:36.110542(LocalDateTime)
<==    Updates: 1
Releasing transactional SqlSession [org.apache.ibatis.session.defaults.DefaultSqlSession@154fcedd]
Transaction synchronization committing SqlSession [org.apache.ibatis.session.defaults.DefaultSqlSession@154fcedd]
Transaction synchronization deregistering SqlSession [org.apache.ibatis.session.defaults.DefaultSqlSession@154fcedd]
Transaction synchronization closing SqlSession [org.apache.ibatis.session.defaults.DefaultSqlSession@154fcedd]
Creating a new SqlSession
Registering transaction synchronization for SqlSession [org.apache.ibatis.session.defaults.DefaultSqlSession@542759f]
JDBC Connection [HikariProxyConnection@1857451279 wrapping com.mysql.cj.jdbc.ConnectionImpl@247d44b4] will be managed by Spring
==>  Preparing: INSERT INTO `tb_post` (content, author_id, publish_at, last_update) VALUES (?, ?, ?, ?)
==> Parameters: 工作中的批判性思维有助于优化流程。(String), 13(Long), 2024-11-13T00:19:36.122544500(LocalDateTime), 2024-11-13T00:19:36.122544500(LocalDateTime)
<==    Updates: 1
Releasing transactional SqlSession [org.apache.ibatis.session.defaults.DefaultSqlSession@542759f]
Transaction synchronization committing SqlSession [org.apache.ibatis.session.defaults.DefaultSqlSession@542759f]
Transaction synchronization deregistering SqlSession [org.apache.ibatis.session.defaults.DefaultSqlSession@542759f]
Transaction synchronization closing SqlSession [org.apache.ibatis.session.defaults.DefaultSqlSession@542759f]
Creating a new SqlSession
Registering transaction synchronization for SqlSession [org.apache.ibatis.session.defaults.DefaultSqlSession@e0faed6]
JDBC Connection [HikariProxyConnection@1477947601 wrapping com.mysql.cj.jdbc.ConnectionImpl@247d44b4] will be managed by Spring
==>  Preparing: INSERT INTO `tb_post` (content, author_id, publish_at, last_update) VALUES (?, ?, ?, ?)
==> Parameters: 工作中的细致观察能够发现潜在问题。(String), 50(Long), 2024-11-13T00:19:36.129357500(LocalDateTime), 2024-11-13T00:19:36.129357500(LocalDateTime)
<==    Updates: 1
Releasing transactional SqlSession [org.apache.ibatis.session.defaults.DefaultSqlSession@e0faed6]
Transaction synchronization committing SqlSession [org.apache.ibatis.session.defaults.DefaultSqlSession@e0faed6]
Transaction synchronization deregistering SqlSession [org.apache.ibatis.session.defaults.DefaultSqlSession@e0faed6]
Transaction synchronization closing SqlSession [org.apache.ibatis.session.defaults.DefaultSqlSession@e0faed6]
Creating a new SqlSession
Registering transaction synchronization for SqlSession [org.apache.ibatis.session.defaults.DefaultSqlSession@437a4e61]
JDBC Connection [HikariProxyConnection@1884072104 wrapping com.mysql.cj.jdbc.ConnectionImpl@247d44b4] will be managed by Spring
==>  Preparing: INSERT INTO `tb_post` (content, author_id, publish_at, last_update) VALUES (?, ?, ?, ?)
==> Parameters: 工作中的积极反馈能够激励团队成员。(String), 32(Long), 2024-11-13T00:19:36.136360300(LocalDateTime), 2024-11-13T00:19:36.136360300(LocalDateTime)
<==    Updates: 1
Releasing transactional SqlSession [org.apache.ibatis.session.defaults.DefaultSqlSession@437a4e61]
Transaction synchronization committing SqlSession [org.apache.ibatis.session.defaults.DefaultSqlSession@437a4e61]
Transaction synchronization deregistering SqlSession [org.apache.ibatis.session.defaults.DefaultSqlSession@437a4e61]
Transaction synchronization closing SqlSession [org.apache.ibatis.session.defaults.DefaultSqlSession@437a4e61]
Creating a new SqlSession
Registering transaction synchronization for SqlSession [org.apache.ibatis.session.defaults.DefaultSqlSession@4624e3d1]
JDBC Connection [HikariProxyConnection@830602215 wrapping com.mysql.cj.jdbc.ConnectionImpl@247d44b4] will be managed by Spring
==>  Preparing: INSERT INTO `tb_post` (content, author_id, publish_at, last_update) VALUES (?, ?, ?, ?)
==> Parameters: 工作中的领导力能够引导团队前进。(String), 89(Long), 2024-11-13T00:19:36.145361100(LocalDateTime), 2024-11-13T00:19:36.145361100(LocalDateTime)
<==    Updates: 1
Releasing transactional SqlSession [org.apache.ibatis.session.defaults.DefaultSqlSession@4624e3d1]
Transaction synchronization committing SqlSession [org.apache.ibatis.session.defaults.DefaultSqlSession@4624e3d1]
Transaction synchronization deregistering SqlSession [org.apache.ibatis.session.defaults.DefaultSqlSession@4624e3d1]
Transaction synchronization closing SqlSession [org.apache.ibatis.session.defaults.DefaultSqlSession@4624e3d1]
Creating a new SqlSession
Registering transaction synchronization for SqlSession [org.apache.ibatis.session.defaults.DefaultSqlSession@722e1bff]
JDBC Connection [HikariProxyConnection@684896216 wrapping com.mysql.cj.jdbc.ConnectionImpl@247d44b4] will be managed by Spring
==>  Preparing: INSERT INTO `tb_post` (content, author_id, publish_at, last_update) VALUES (?, ?, ?, ?)
==> Parameters: 今天的天空格外晴朗，仿佛预示着美好的一天。(String), 62(Long), 2024-11-13T00:19:36.152359500(LocalDateTime), 2024-11-13T00:19:36.152359500(LocalDateTime)
<==    Updates: 1
Releasing transactional SqlSession [org.apache.ibatis.session.defaults.DefaultSqlSession@722e1bff]
Transaction synchronization committing SqlSession [org.apache.ibatis.session.defaults.DefaultSqlSession@722e1bff]
Transaction synchronization deregistering SqlSession [org.apache.ibatis.session.defaults.DefaultSqlSession@722e1bff]
Transaction synchronization closing SqlSession [org.apache.ibatis.session.defaults.DefaultSqlSession@722e1bff]
Creating a new SqlSession
Registering transaction synchronization for SqlSession [org.apache.ibatis.session.defaults.DefaultSqlSession@4d62bb8b]
JDBC Connection [HikariProxyConnection@493102722 wrapping com.mysql.cj.jdbc.ConnectionImpl@247d44b4] will be managed by Spring
==>  Preparing: INSERT INTO `tb_post` (content, author_id, publish_at, last_update) VALUES (?, ?, ?, ?)
==> Parameters: 在忙碌的工作中找到属于自己的小确幸。(String), 77(Long), 2024-11-13T00:19:36.159362600(LocalDateTime), 2024-11-13T00:19:36.159362600(LocalDateTime)
<==    Updates: 1
Releasing transactional SqlSession [org.apache.ibatis.session.defaults.DefaultSqlSession@4d62bb8b]
Transaction synchronization committing SqlSession [org.apache.ibatis.session.defaults.DefaultSqlSession@4d62bb8b]
Transaction synchronization deregistering SqlSession [org.apache.ibatis.session.defaults.DefaultSqlSession@4d62bb8b]
Transaction synchronization closing SqlSession [org.apache.ibatis.session.defaults.DefaultSqlSession@4d62bb8b]
Creating a new SqlSession
Registering transaction synchronization for SqlSession [org.apache.ibatis.session.defaults.DefaultSqlSession@598f6c93]
JDBC Connection [HikariProxyConnection@1648214200 wrapping com.mysql.cj.jdbc.ConnectionImpl@247d44b4] will be managed by Spring
==>  Preparing: INSERT INTO `tb_post` (content, author_id, publish_at, last_update) VALUES (?, ?, ?, ?)
==> Parameters: 周末的咖啡时光，是我最享受的悠闲时刻。(String), 54(Long), 2024-11-13T00:19:36.167360500(LocalDateTime), 2024-11-13T00:19:36.167360500(LocalDateTime)
<==    Updates: 1
Releasing transactional SqlSession [org.apache.ibatis.session.defaults.DefaultSqlSession@598f6c93]
Transaction synchronization committing SqlSession [org.apache.ibatis.session.defaults.DefaultSqlSession@598f6c93]
Transaction synchronization deregistering SqlSession [org.apache.ibatis.session.defaults.DefaultSqlSession@598f6c93]
Transaction synchronization closing SqlSession [org.apache.ibatis.session.defaults.DefaultSqlSession@598f6c93]
Creating a new SqlSession
Registering transaction synchronization for SqlSession [org.apache.ibatis.session.defaults.DefaultSqlSession@50b1dfab]
JDBC Connection [HikariProxyConnection@593852201 wrapping com.mysql.cj.jdbc.ConnectionImpl@247d44b4] will be managed by Spring
==>  Preparing: INSERT INTO `tb_post` (content, author_id, publish_at, last_update) VALUES (?, ?, ?, ?)
==> Parameters: 阅读一本好书，就像是与智者对话。(String), 18(Long), 2024-11-13T00:19:36.174377600(LocalDateTime), 2024-11-13T00:19:36.174377600(LocalDateTime)
<==    Updates: 1
Releasing transactional SqlSession [org.apache.ibatis.session.defaults.DefaultSqlSession@50b1dfab]
Transaction synchronization committing SqlSession [org.apache.ibatis.session.defaults.DefaultSqlSession@50b1dfab]
Transaction synchronization deregistering SqlSession [org.apache.ibatis.session.defaults.DefaultSqlSession@50b1dfab]
Transaction synchronization closing SqlSession [org.apache.ibatis.session.defaults.DefaultSqlSession@50b1dfab]
Creating a new SqlSession
Registering transaction synchronization for SqlSession [org.apache.ibatis.session.defaults.DefaultSqlSession@1b5e6983]
JDBC Connection [HikariProxyConnection@829898075 wrapping com.mysql.cj.jdbc.ConnectionImpl@247d44b4] will be managed by Spring
==>  Preparing: INSERT INTO `tb_post` (content, author_id, publish_at, last_update) VALUES (?, ?, ?, ?)
==> Parameters: 健身后的成就感，是任何语言都无法形容的。(String), 63(Long), 2024-11-13T00:19:36.182403200(LocalDateTime), 2024-11-13T00:19:36.182403200(LocalDateTime)
<==    Updates: 1
Releasing transactional SqlSession [org.apache.ibatis.session.defaults.DefaultSqlSession@1b5e6983]
Transaction synchronization committing SqlSession [org.apache.ibatis.session.defaults.DefaultSqlSession@1b5e6983]
Transaction synchronization deregistering SqlSession [org.apache.ibatis.session.defaults.DefaultSqlSession@1b5e6983]
Transaction synchronization closing SqlSession [org.apache.ibatis.session.defaults.DefaultSqlSession@1b5e6983]
Creating a new SqlSession
Registering transaction synchronization for SqlSession [org.apache.ibatis.session.defaults.DefaultSqlSession@74474fc0]
JDBC Connection [HikariProxyConnection@1537685787 wrapping com.mysql.cj.jdbc.ConnectionImpl@247d44b4] will be managed by Spring
==>  Preparing: INSERT INTO `tb_post` (content, author_id, publish_at, last_update) VALUES (?, ?, ?, ?)
==> Parameters: 探索新食谱，让每一餐都充满惊喜。(String), 45(Long), 2024-11-13T00:19:36.189403200(LocalDateTime), 2024-11-13T00:19:36.189403200(LocalDateTime)
<==    Updates: 1
Releasing transactional SqlSession [org.apache.ibatis.session.defaults.DefaultSqlSession@74474fc0]
Transaction synchronization committing SqlSession [org.apache.ibatis.session.defaults.DefaultSqlSession@74474fc0]
Transaction synchronization deregistering SqlSession [org.apache.ibatis.session.defaults.DefaultSqlSession@74474fc0]
Transaction synchronization closing SqlSession [org.apache.ibatis.session.defaults.DefaultSqlSession@74474fc0]
Creating a new SqlSession
Registering transaction synchronization for SqlSession [org.apache.ibatis.session.defaults.DefaultSqlSession@64d0b8e3]
JDBC Connection [HikariProxyConnection@2078890030 wrapping com.mysql.cj.jdbc.ConnectionImpl@247d44b4] will be managed by Spring
==>  Preparing: INSERT INTO `tb_post` (content, author_id, publish_at, last_update) VALUES (?, ?, ?, ?)
==> Parameters: 与老朋友的聚会，总是充满欢笑和温馨。(String), 36(Long), 2024-11-13T00:19:36.193158700(LocalDateTime), 2024-11-13T00:19:36.193158700(LocalDateTime)
<==    Updates: 1
Releasing transactional SqlSession [org.apache.ibatis.session.defaults.DefaultSqlSession@64d0b8e3]
Transaction synchronization committing SqlSession [org.apache.ibatis.session.defaults.DefaultSqlSession@64d0b8e3]
Transaction synchronization deregistering SqlSession [org.apache.ibatis.session.defaults.DefaultSqlSession@64d0b8e3]
Transaction synchronization closing SqlSession [org.apache.ibatis.session.defaults.DefaultSqlSession@64d0b8e3]
Creating a new SqlSession
Registering transaction synchronization for SqlSession [org.apache.ibatis.session.defaults.DefaultSqlSession@7dbc77ca]
JDBC Connection [HikariProxyConnection@1545712174 wrapping com.mysql.cj.jdbc.ConnectionImpl@247d44b4] will be managed by Spring
==>  Preparing: INSERT INTO `tb_post` (content, author_id, publish_at, last_update) VALUES (?, ?, ?, ?)
==> Parameters: 在艺术展览中，我找到了灵感的源泉。(String), 20(Long), 2024-11-13T00:19:36.193158700(LocalDateTime), 2024-11-13T00:19:36.193158700(LocalDateTime)
<==    Updates: 1
Releasing transactional SqlSession [org.apache.ibatis.session.defaults.DefaultSqlSession@7dbc77ca]
Transaction synchronization committing SqlSession [org.apache.ibatis.session.defaults.DefaultSqlSession@7dbc77ca]
Transaction synchronization deregistering SqlSession [org.apache.ibatis.session.defaults.DefaultSqlSession@7dbc77ca]
Transaction synchronization closing SqlSession [org.apache.ibatis.session.defaults.DefaultSqlSession@7dbc77ca]
Creating a new SqlSession
Registering transaction synchronization for SqlSession [org.apache.ibatis.session.defaults.DefaultSqlSession@6153aca1]
JDBC Connection [HikariProxyConnection@1517552713 wrapping com.mysql.cj.jdbc.ConnectionImpl@247d44b4] will be managed by Spring
==>  Preparing: INSERT INTO `tb_post` (content, author_id, publish_at, last_update) VALUES (?, ?, ?, ?)
==> Parameters: 自然中的每一次徒步，都是心灵的洗礼。(String), 85(Long), 2024-11-13T00:19:36.211946200(LocalDateTime), 2024-11-13T00:19:36.211946200(LocalDateTime)
<==    Updates: 1
Releasing transactional SqlSession [org.apache.ibatis.session.defaults.DefaultSqlSession@6153aca1]
Transaction synchronization committing SqlSession [org.apache.ibatis.session.defaults.DefaultSqlSession@6153aca1]
Transaction synchronization deregistering SqlSession [org.apache.ibatis.session.defaults.DefaultSqlSession@6153aca1]
Transaction synchronization closing SqlSession [org.apache.ibatis.session.defaults.DefaultSqlSession@6153aca1]
Creating a new SqlSession
Registering transaction synchronization for SqlSession [org.apache.ibatis.session.defaults.DefaultSqlSession@152bb4cc]
JDBC Connection [HikariProxyConnection@395271003 wrapping com.mysql.cj.jdbc.ConnectionImpl@247d44b4] will be managed by Spring
==>  Preparing: INSERT INTO `tb_post` (content, author_id, publish_at, last_update) VALUES (?, ?, ?, ?)
==> Parameters: 学习新语言，打开通往新世界的大门。(String), 34(Long), 2024-11-13T00:19:36.218942900(LocalDateTime), 2024-11-13T00:19:36.218942900(LocalDateTime)
<==    Updates: 1
Releasing transactional SqlSession [org.apache.ibatis.session.defaults.DefaultSqlSession@152bb4cc]
Transaction synchronization committing SqlSession [org.apache.ibatis.session.defaults.DefaultSqlSession@152bb4cc]
Transaction synchronization deregistering SqlSession [org.apache.ibatis.session.defaults.DefaultSqlSession@152bb4cc]
Transaction synchronization closing SqlSession [org.apache.ibatis.session.defaults.DefaultSqlSession@152bb4cc]
Creating a new SqlSession
Registering transaction synchronization for SqlSession [org.apache.ibatis.session.defaults.DefaultSqlSession@5dc90de7]
JDBC Connection [HikariProxyConnection@544283394 wrapping com.mysql.cj.jdbc.ConnectionImpl@247d44b4] will be managed by Spring
==>  Preparing: INSERT INTO `tb_post` (content, author_id, publish_at, last_update) VALUES (?, ?, ?, ?)
==> Parameters: 在博物馆中，历史仿佛触手可及。(String), 73(Long), 2024-11-13T00:19:36.228182100(LocalDateTime), 2024-11-13T00:19:36.228182100(LocalDateTime)
<==    Updates: 1
Releasing transactional SqlSession [org.apache.ibatis.session.defaults.DefaultSqlSession@5dc90de7]
Transaction synchronization committing SqlSession [org.apache.ibatis.session.defaults.DefaultSqlSession@5dc90de7]
Transaction synchronization deregistering SqlSession [org.apache.ibatis.session.defaults.DefaultSqlSession@5dc90de7]
Transaction synchronization closing SqlSession [org.apache.ibatis.session.defaults.DefaultSqlSession@5dc90de7]
Creating a new SqlSession
Registering transaction synchronization for SqlSession [org.apache.ibatis.session.defaults.DefaultSqlSession@79a12552]
JDBC Connection [HikariProxyConnection@1315729466 wrapping com.mysql.cj.jdbc.ConnectionImpl@247d44b4] will be managed by Spring
==>  Preparing: INSERT INTO `tb_post` (content, author_id, publish_at, last_update) VALUES (?, ?, ?, ?)
==> Parameters: 每一次旅行，都是一次心灵的冒险。(String), 38(Long), 2024-11-13T00:19:36.240180300(LocalDateTime), 2024-11-13T00:19:36.240180300(LocalDateTime)
<==    Updates: 1
Releasing transactional SqlSession [org.apache.ibatis.session.defaults.DefaultSqlSession@79a12552]
Transaction synchronization committing SqlSession [org.apache.ibatis.session.defaults.DefaultSqlSession@79a12552]
Transaction synchronization deregistering SqlSession [org.apache.ibatis.session.defaults.DefaultSqlSession@79a12552]
Transaction synchronization closing SqlSession [org.apache.ibatis.session.defaults.DefaultSqlSession@79a12552]
Creating a new SqlSession
Registering transaction synchronization for SqlSession [org.apache.ibatis.session.defaults.DefaultSqlSession@7d1b96b9]
JDBC Connection [HikariProxyConnection@961180560 wrapping com.mysql.cj.jdbc.ConnectionImpl@247d44b4] will be managed by Spring
==>  Preparing: INSERT INTO `tb_post` (content, author_id, publish_at, last_update) VALUES (?, ?, ?, ?)
==> Parameters: 在音乐中，我找到了内心的平静。(String), 51(Long), 2024-11-13T00:19:36.260361100(LocalDateTime), 2024-11-13T00:19:36.260361100(LocalDateTime)
<==    Updates: 1
Releasing transactional SqlSession [org.apache.ibatis.session.defaults.DefaultSqlSession@7d1b96b9]
Transaction synchronization committing SqlSession [org.apache.ibatis.session.defaults.DefaultSqlSession@7d1b96b9]
Transaction synchronization deregistering SqlSession [org.apache.ibatis.session.defaults.DefaultSqlSession@7d1b96b9]
Transaction synchronization closing SqlSession [org.apache.ibatis.session.defaults.DefaultSqlSession@7d1b96b9]
Creating a new SqlSession
Registering transaction synchronization for SqlSession [org.apache.ibatis.session.defaults.DefaultSqlSession@56589f00]
JDBC Connection [HikariProxyConnection@1938380262 wrapping com.mysql.cj.jdbc.ConnectionImpl@247d44b4] will be managed by Spring
==>  Preparing: INSERT INTO `tb_post` (content, author_id, publish_at, last_update) VALUES (?, ?, ?, ?)
==> Parameters: 家庭的温馨，是无可替代的幸福。(String), 89(Long), 2024-11-13T00:19:36.273363800(LocalDateTime), 2024-11-13T00:19:36.273363800(LocalDateTime)
<==    Updates: 1
Releasing transactional SqlSession [org.apache.ibatis.session.defaults.DefaultSqlSession@56589f00]
Transaction synchronization committing SqlSession [org.apache.ibatis.session.defaults.DefaultSqlSession@56589f00]
Transaction synchronization deregistering SqlSession [org.apache.ibatis.session.defaults.DefaultSqlSession@56589f00]
Transaction synchronization closing SqlSession [org.apache.ibatis.session.defaults.DefaultSqlSession@56589f00]
Creating a new SqlSession
Registering transaction synchronization for SqlSession [org.apache.ibatis.session.defaults.DefaultSqlSession@690113f0]
JDBC Connection [HikariProxyConnection@1871794198 wrapping com.mysql.cj.jdbc.ConnectionImpl@247d44b4] will be managed by Spring
==>  Preparing: INSERT INTO `tb_post` (content, author_id, publish_at, last_update) VALUES (?, ?, ?, ?)
==> Parameters: 在志愿服务中，我体会到了给予的快乐。(String), 60(Long), 2024-11-13T00:19:36.286018400(LocalDateTime), 2024-11-13T00:19:36.286018400(LocalDateTime)
<==    Updates: 1
Releasing transactional SqlSession [org.apache.ibatis.session.defaults.DefaultSqlSession@690113f0]
Transaction synchronization committing SqlSession [org.apache.ibatis.session.defaults.DefaultSqlSession@690113f0]
Transaction synchronization deregistering SqlSession [org.apache.ibatis.session.defaults.DefaultSqlSession@690113f0]
Transaction synchronization closing SqlSession [org.apache.ibatis.session.defaults.DefaultSqlSession@690113f0]
Creating a new SqlSession
Registering transaction synchronization for SqlSession [org.apache.ibatis.session.defaults.DefaultSqlSession@1018552d]
JDBC Connection [HikariProxyConnection@757791711 wrapping com.mysql.cj.jdbc.ConnectionImpl@247d44b4] will be managed by Spring
==>  Preparing: INSERT INTO `tb_post` (content, author_id, publish_at, last_update) VALUES (?, ?, ?, ?)
==> Parameters: 科技的每一次进步，都让我对未来充满期待。(String), 94(Long), 2024-11-13T00:19:36.293140500(LocalDateTime), 2024-11-13T00:19:36.293140500(LocalDateTime)
<==    Updates: 1
Releasing transactional SqlSession [org.apache.ibatis.session.defaults.DefaultSqlSession@1018552d]
Transaction synchronization committing SqlSession [org.apache.ibatis.session.defaults.DefaultSqlSession@1018552d]
Transaction synchronization deregistering SqlSession [org.apache.ibatis.session.defaults.DefaultSqlSession@1018552d]
Transaction synchronization closing SqlSession [org.apache.ibatis.session.defaults.DefaultSqlSession@1018552d]
Creating a new SqlSession
Registering transaction synchronization for SqlSession [org.apache.ibatis.session.defaults.DefaultSqlSession@2e9bff08]
JDBC Connection [HikariProxyConnection@779263978 wrapping com.mysql.cj.jdbc.ConnectionImpl@247d44b4] will be managed by Spring
==>  Preparing: INSERT INTO `tb_post` (content, author_id, publish_at, last_update) VALUES (?, ?, ?, ?)
==> Parameters: 在花园中，我与自然和谐共处。(String), 77(Long), 2024-11-13T00:19:36.308765500(LocalDateTime), 2024-11-13T00:19:36.308765500(LocalDateTime)
<==    Updates: 1
Releasing transactional SqlSession [org.apache.ibatis.session.defaults.DefaultSqlSession@2e9bff08]
Transaction synchronization committing SqlSession [org.apache.ibatis.session.defaults.DefaultSqlSession@2e9bff08]
Transaction synchronization deregistering SqlSession [org.apache.ibatis.session.defaults.DefaultSqlSession@2e9bff08]
Transaction synchronization closing SqlSession [org.apache.ibatis.session.defaults.DefaultSqlSession@2e9bff08]
Creating a new SqlSession
Registering transaction synchronization for SqlSession [org.apache.ibatis.session.defaults.DefaultSqlSession@17a756db]
JDBC Connection [HikariProxyConnection@360708344 wrapping com.mysql.cj.jdbc.ConnectionImpl@247d44b4] will be managed by Spring
==>  Preparing: INSERT INTO `tb_post` (content, author_id, publish_at, last_update) VALUES (?, ?, ?, ?)
==> Parameters: 每一次日落，都是大自然的绝美画作。(String), 64(Long), 2024-11-13T00:19:36.323574300(LocalDateTime), 2024-11-13T00:19:36.323574300(LocalDateTime)
<==    Updates: 1
Releasing transactional SqlSession [org.apache.ibatis.session.defaults.DefaultSqlSession@17a756db]
Transaction synchronization committing SqlSession [org.apache.ibatis.session.defaults.DefaultSqlSession@17a756db]
Transaction synchronization deregistering SqlSession [org.apache.ibatis.session.defaults.DefaultSqlSession@17a756db]
Transaction synchronization closing SqlSession [org.apache.ibatis.session.defaults.DefaultSqlSession@17a756db]
Creating a new SqlSession
Registering transaction synchronization for SqlSession [org.apache.ibatis.session.defaults.DefaultSqlSession@4a2bc71f]
JDBC Connection [HikariProxyConnection@1059143319 wrapping com.mysql.cj.jdbc.ConnectionImpl@247d44b4] will be managed by Spring
==>  Preparing: INSERT INTO `tb_post` (content, author_id, publish_at, last_update) VALUES (?, ?, ?, ?)
==> Parameters: 在烹饪中，我找到了创造的乐趣。(String), 15(Long), 2024-11-13T00:19:36.339722300(LocalDateTime), 2024-11-13T00:19:36.339722300(LocalDateTime)
<==    Updates: 1
Releasing transactional SqlSession [org.apache.ibatis.session.defaults.DefaultSqlSession@4a2bc71f]
Transaction synchronization committing SqlSession [org.apache.ibatis.session.defaults.DefaultSqlSession@4a2bc71f]
Transaction synchronization deregistering SqlSession [org.apache.ibatis.session.defaults.DefaultSqlSession@4a2bc71f]
Transaction synchronization closing SqlSession [org.apache.ibatis.session.defaults.DefaultSqlSession@4a2bc71f]
Creating a new SqlSession
Registering transaction synchronization for SqlSession [org.apache.ibatis.session.defaults.DefaultSqlSession@175c4ae5]
JDBC Connection [HikariProxyConnection@724821526 wrapping com.mysql.cj.jdbc.ConnectionImpl@247d44b4] will be managed by Spring
==>  Preparing: INSERT INTO `tb_post` (content, author_id, publish_at, last_update) VALUES (?, ?, ?, ?)
==> Parameters: 在瑜伽中，我学会了身心的平衡。(String), 13(Long), 2024-11-13T00:19:36.345824400(LocalDateTime), 2024-11-13T00:19:36.345824400(LocalDateTime)
<==    Updates: 1
Releasing transactional SqlSession [org.apache.ibatis.session.defaults.DefaultSqlSession@175c4ae5]
Transaction synchronization committing SqlSession [org.apache.ibatis.session.defaults.DefaultSqlSession@175c4ae5]
Transaction synchronization deregistering SqlSession [org.apache.ibatis.session.defaults.DefaultSqlSession@175c4ae5]
Transaction synchronization closing SqlSession [org.apache.ibatis.session.defaults.DefaultSqlSession@175c4ae5]
Creating a new SqlSession
Registering transaction synchronization for SqlSession [org.apache.ibatis.session.defaults.DefaultSqlSession@205d6f84]
JDBC Connection [HikariProxyConnection@1962233742 wrapping com.mysql.cj.jdbc.ConnectionImpl@247d44b4] will be managed by Spring
==>  Preparing: INSERT INTO `tb_post` (content, author_id, publish_at, last_update) VALUES (?, ?, ?, ?)
==> Parameters: 在摄影中，我捕捉了时间的瞬间。(String), 51(Long), 2024-11-13T00:19:36.365568500(LocalDateTime), 2024-11-13T00:19:36.365568500(LocalDateTime)
<==    Updates: 1
Releasing transactional SqlSession [org.apache.ibatis.session.defaults.DefaultSqlSession@205d6f84]
Transaction synchronization committing SqlSession [org.apache.ibatis.session.defaults.DefaultSqlSession@205d6f84]
Transaction synchronization deregistering SqlSession [org.apache.ibatis.session.defaults.DefaultSqlSession@205d6f84]
Transaction synchronization closing SqlSession [org.apache.ibatis.session.defaults.DefaultSqlSession@205d6f84]
Creating a new SqlSession
Registering transaction synchronization for SqlSession [org.apache.ibatis.session.defaults.DefaultSqlSession@1c61f9bf]
JDBC Connection [HikariProxyConnection@1187280528 wrapping com.mysql.cj.jdbc.ConnectionImpl@247d44b4] will be managed by Spring
==>  Preparing: INSERT INTO `tb_post` (content, author_id, publish_at, last_update) VALUES (?, ?, ?, ?)
==> Parameters: 在写作中，我记录了生活的点滴。(String), 30(Long), 2024-11-13T00:19:36.374565700(LocalDateTime), 2024-11-13T00:19:36.374565700(LocalDateTime)
<==    Updates: 1
Releasing transactional SqlSession [org.apache.ibatis.session.defaults.DefaultSqlSession@1c61f9bf]
Transaction synchronization committing SqlSession [org.apache.ibatis.session.defaults.DefaultSqlSession@1c61f9bf]
Transaction synchronization deregistering SqlSession [org.apache.ibatis.session.defaults.DefaultSqlSession@1c61f9bf]
Transaction synchronization closing SqlSession [org.apache.ibatis.session.defaults.DefaultSqlSession@1c61f9bf]
Creating a new SqlSession
Registering transaction synchronization for SqlSession [org.apache.ibatis.session.defaults.DefaultSqlSession@39bd07fe]
JDBC Connection [HikariProxyConnection@132412605 wrapping com.mysql.cj.jdbc.ConnectionImpl@247d44b4] will be managed by Spring
==>  Preparing: INSERT INTO `tb_post` (content, author_id, publish_at, last_update) VALUES (?, ?, ?, ?)
==> Parameters: 在绘画中，我表达了内心的情感。(String), 59(Long), 2024-11-13T00:19:36.381412400(LocalDateTime), 2024-11-13T00:19:36.381412400(LocalDateTime)
<==    Updates: 1
Releasing transactional SqlSession [org.apache.ibatis.session.defaults.DefaultSqlSession@39bd07fe]
Transaction synchronization committing SqlSession [org.apache.ibatis.session.defaults.DefaultSqlSession@39bd07fe]
Transaction synchronization deregistering SqlSession [org.apache.ibatis.session.defaults.DefaultSqlSession@39bd07fe]
Transaction synchronization closing SqlSession [org.apache.ibatis.session.defaults.DefaultSqlSession@39bd07fe]
Creating a new SqlSession
Registering transaction synchronization for SqlSession [org.apache.ibatis.session.defaults.DefaultSqlSession@7b186fb8]
JDBC Connection [HikariProxyConnection@451433836 wrapping com.mysql.cj.jdbc.ConnectionImpl@247d44b4] will be managed by Spring
==>  Preparing: INSERT INTO `tb_post` (content, author_id, publish_at, last_update) VALUES (?, ?, ?, ?)
==> Parameters: 在手工艺中，我体验了创造的满足。(String), 56(Long), 2024-11-13T00:19:36.393095(LocalDateTime), 2024-11-13T00:19:36.393095(LocalDateTime)
<==    Updates: 1
Releasing transactional SqlSession [org.apache.ibatis.session.defaults.DefaultSqlSession@7b186fb8]
Transaction synchronization committing SqlSession [org.apache.ibatis.session.defaults.DefaultSqlSession@7b186fb8]
Transaction synchronization deregistering SqlSession [org.apache.ibatis.session.defaults.DefaultSqlSession@7b186fb8]
Transaction synchronization closing SqlSession [org.apache.ibatis.session.defaults.DefaultSqlSession@7b186fb8]
Creating a new SqlSession
Registering transaction synchronization for SqlSession [org.apache.ibatis.session.defaults.DefaultSqlSession@1f832df0]
JDBC Connection [HikariProxyConnection@578294406 wrapping com.mysql.cj.jdbc.ConnectionImpl@247d44b4] will be managed by Spring
==>  Preparing: INSERT INTO `tb_post` (content, author_id, publish_at, last_update) VALUES (?, ?, ?, ?)
==> Parameters: 在舞蹈中，我释放了身体的活力。(String), 74(Long), 2024-11-13T00:19:36.393095(LocalDateTime), 2024-11-13T00:19:36.393095(LocalDateTime)
<==    Updates: 1
Releasing transactional SqlSession [org.apache.ibatis.session.defaults.DefaultSqlSession@1f832df0]
Transaction synchronization committing SqlSession [org.apache.ibatis.session.defaults.DefaultSqlSession@1f832df0]
Transaction synchronization deregistering SqlSession [org.apache.ibatis.session.defaults.DefaultSqlSession@1f832df0]
Transaction synchronization closing SqlSession [org.apache.ibatis.session.defaults.DefaultSqlSession@1f832df0]
Creating a new SqlSession
Registering transaction synchronization for SqlSession [org.apache.ibatis.session.defaults.DefaultSqlSession@12e3cf1c]
JDBC Connection [HikariProxyConnection@1396344128 wrapping com.mysql.cj.jdbc.ConnectionImpl@247d44b4] will be managed by Spring
==>  Preparing: INSERT INTO `tb_post` (content, author_id, publish_at, last_update) VALUES (?, ?, ?, ?)
==> Parameters: 在棋盘游戏中，我享受了策略的乐趣。(String), 39(Long), 2024-11-13T00:19:36.410373800(LocalDateTime), 2024-11-13T00:19:36.410373800(LocalDateTime)
<==    Updates: 1
Releasing transactional SqlSession [org.apache.ibatis.session.defaults.DefaultSqlSession@12e3cf1c]
Transaction synchronization committing SqlSession [org.apache.ibatis.session.defaults.DefaultSqlSession@12e3cf1c]
Transaction synchronization deregistering SqlSession [org.apache.ibatis.session.defaults.DefaultSqlSession@12e3cf1c]
Transaction synchronization closing SqlSession [org.apache.ibatis.session.defaults.DefaultSqlSession@12e3cf1c]
Creating a new SqlSession
Registering transaction synchronization for SqlSession [org.apache.ibatis.session.defaults.DefaultSqlSession@30b5f974]
JDBC Connection [HikariProxyConnection@1474482524 wrapping com.mysql.cj.jdbc.ConnectionImpl@247d44b4] will be managed by Spring
==>  Preparing: INSERT INTO `tb_post` (content, author_id, publish_at, last_update) VALUES (?, ?, ?, ?)
==> Parameters: 在电影中，我体验了不同的人生。(String), 30(Long), 2024-11-13T00:19:36.417376300(LocalDateTime), 2024-11-13T00:19:36.417376300(LocalDateTime)
<==    Updates: 1
Releasing transactional SqlSession [org.apache.ibatis.session.defaults.DefaultSqlSession@30b5f974]
Transaction synchronization committing SqlSession [org.apache.ibatis.session.defaults.DefaultSqlSession@30b5f974]
Transaction synchronization deregistering SqlSession [org.apache.ibatis.session.defaults.DefaultSqlSession@30b5f974]
Transaction synchronization closing SqlSession [org.apache.ibatis.session.defaults.DefaultSqlSession@30b5f974]
Creating a new SqlSession
Registering transaction synchronization for SqlSession [org.apache.ibatis.session.defaults.DefaultSqlSession@3d339541]
JDBC Connection [HikariProxyConnection@1916160576 wrapping com.mysql.cj.jdbc.ConnectionImpl@247d44b4] will be managed by Spring
==>  Preparing: INSERT INTO `tb_post` (content, author_id, publish_at, last_update) VALUES (?, ?, ?, ?)
==> Parameters: 在戏剧中，我感受到了表演的魅力。(String), 49(Long), 2024-11-13T00:19:36.424374500(LocalDateTime), 2024-11-13T00:19:36.424374500(LocalDateTime)
<==    Updates: 1
Releasing transactional SqlSession [org.apache.ibatis.session.defaults.DefaultSqlSession@3d339541]
Transaction synchronization committing SqlSession [org.apache.ibatis.session.defaults.DefaultSqlSession@3d339541]
Transaction synchronization deregistering SqlSession [org.apache.ibatis.session.defaults.DefaultSqlSession@3d339541]
Transaction synchronization closing SqlSession [org.apache.ibatis.session.defaults.DefaultSqlSession@3d339541]
Creating a new SqlSession
Registering transaction synchronization for SqlSession [org.apache.ibatis.session.defaults.DefaultSqlSession@61868687]
JDBC Connection [HikariProxyConnection@1574410839 wrapping com.mysql.cj.jdbc.ConnectionImpl@247d44b4] will be managed by Spring
==>  Preparing: INSERT INTO `tb_post` (content, author_id, publish_at, last_update) VALUES (?, ?, ?, ?)
==> Parameters: 在电子竞技中，我享受了竞争的激情。(String), 29(Long), 2024-11-13T00:19:36.431260900(LocalDateTime), 2024-11-13T00:19:36.431260900(LocalDateTime)
<==    Updates: 1
Releasing transactional SqlSession [org.apache.ibatis.session.defaults.DefaultSqlSession@61868687]
Transaction synchronization committing SqlSession [org.apache.ibatis.session.defaults.DefaultSqlSession@61868687]
Transaction synchronization deregistering SqlSession [org.apache.ibatis.session.defaults.DefaultSqlSession@61868687]
Transaction synchronization closing SqlSession [org.apache.ibatis.session.defaults.DefaultSqlSession@61868687]
Creating a new SqlSession
Registering transaction synchronization for SqlSession [org.apache.ibatis.session.defaults.DefaultSqlSession@21632bf8]
JDBC Connection [HikariProxyConnection@1065031099 wrapping com.mysql.cj.jdbc.ConnectionImpl@247d44b4] will be managed by Spring
==>  Preparing: INSERT INTO `tb_post` (content, author_id, publish_at, last_update) VALUES (?, ?, ?, ?)
==> Parameters: 在VR体验中，我探索了虚拟的世界。(String), 1(Long), 2024-11-13T00:19:36.438262200(LocalDateTime), 2024-11-13T00:19:36.438262200(LocalDateTime)
<==    Updates: 1
Releasing transactional SqlSession [org.apache.ibatis.session.defaults.DefaultSqlSession@21632bf8]
Transaction synchronization committing SqlSession [org.apache.ibatis.session.defaults.DefaultSqlSession@21632bf8]
Transaction synchronization deregistering SqlSession [org.apache.ibatis.session.defaults.DefaultSqlSession@21632bf8]
Transaction synchronization closing SqlSession [org.apache.ibatis.session.defaults.DefaultSqlSession@21632bf8]
Creating a new SqlSession
Registering transaction synchronization for SqlSession [org.apache.ibatis.session.defaults.DefaultSqlSession@6d92bfaf]
JDBC Connection [HikariProxyConnection@1118775671 wrapping com.mysql.cj.jdbc.ConnectionImpl@247d44b4] will be managed by Spring
==>  Preparing: INSERT INTO `tb_post` (content, author_id, publish_at, last_update) VALUES (?, ?, ?, ?)
==> Parameters: 在天文观测中，我探索了宇宙的奥秘。(String), 55(Long), 2024-11-13T00:19:36.443072100(LocalDateTime), 2024-11-13T00:19:36.443072100(LocalDateTime)
<==    Updates: 1
Releasing transactional SqlSession [org.apache.ibatis.session.defaults.DefaultSqlSession@6d92bfaf]
Transaction synchronization committing SqlSession [org.apache.ibatis.session.defaults.DefaultSqlSession@6d92bfaf]
Transaction synchronization deregistering SqlSession [org.apache.ibatis.session.defaults.DefaultSqlSession@6d92bfaf]
Transaction synchronization closing SqlSession [org.apache.ibatis.session.defaults.DefaultSqlSession@6d92bfaf]
Creating a new SqlSession
Registering transaction synchronization for SqlSession [org.apache.ibatis.session.defaults.DefaultSqlSession@7bc46dde]
JDBC Connection [HikariProxyConnection@853313886 wrapping com.mysql.cj.jdbc.ConnectionImpl@247d44b4] will be managed by Spring
==>  Preparing: INSERT INTO `tb_post` (content, author_id, publish_at, last_update) VALUES (?, ?, ?, ?)
==> Parameters: 在海洋探索中，我了解了海洋的生态。(String), 75(Long), 2024-11-13T00:19:36.443072100(LocalDateTime), 2024-11-13T00:19:36.443072100(LocalDateTime)
<==    Updates: 1
Releasing transactional SqlSession [org.apache.ibatis.session.defaults.DefaultSqlSession@7bc46dde]
Transaction synchronization committing SqlSession [org.apache.ibatis.session.defaults.DefaultSqlSession@7bc46dde]
Transaction synchronization deregistering SqlSession [org.apache.ibatis.session.defaults.DefaultSqlSession@7bc46dde]
Transaction synchronization closing SqlSession [org.apache.ibatis.session.defaults.DefaultSqlSession@7bc46dde]
Creating a new SqlSession
Registering transaction synchronization for SqlSession [org.apache.ibatis.session.defaults.DefaultSqlSession@455591ad]
JDBC Connection [HikariProxyConnection@1655145542 wrapping com.mysql.cj.jdbc.ConnectionImpl@247d44b4] will be managed by Spring
==>  Preparing: INSERT INTO `tb_post` (content, author_id, publish_at, last_update) VALUES (?, ?, ?, ?)
==> Parameters: 在野外露营中，我亲近了自然。(String), 84(Long), 2024-11-13T00:19:36.460402300(LocalDateTime), 2024-11-13T00:19:36.460402300(LocalDateTime)
<==    Updates: 1
Releasing transactional SqlSession [org.apache.ibatis.session.defaults.DefaultSqlSession@455591ad]
Transaction synchronization committing SqlSession [org.apache.ibatis.session.defaults.DefaultSqlSession@455591ad]
Transaction synchronization deregistering SqlSession [org.apache.ibatis.session.defaults.DefaultSqlSession@455591ad]
Transaction synchronization closing SqlSession [org.apache.ibatis.session.defaults.DefaultSqlSession@455591ad]
Creating a new SqlSession
Registering transaction synchronization for SqlSession [org.apache.ibatis.session.defaults.DefaultSqlSession@b3c7c75]
JDBC Connection [HikariProxyConnection@53632791 wrapping com.mysql.cj.jdbc.ConnectionImpl@247d44b4] will be managed by Spring
==>  Preparing: INSERT INTO `tb_post` (content, author_id, publish_at, last_update) VALUES (?, ?, ?, ?)
==> Parameters: 在城市探险中，我发现了城市的另一面。(String), 82(Long), 2024-11-13T00:19:36.466405900(LocalDateTime), 2024-11-13T00:19:36.466405900(LocalDateTime)
<==    Updates: 1
Releasing transactional SqlSession [org.apache.ibatis.session.defaults.DefaultSqlSession@b3c7c75]
Transaction synchronization committing SqlSession [org.apache.ibatis.session.defaults.DefaultSqlSession@b3c7c75]
Transaction synchronization deregistering SqlSession [org.apache.ibatis.session.defaults.DefaultSqlSession@b3c7c75]
Transaction synchronization closing SqlSession [org.apache.ibatis.session.defaults.DefaultSqlSession@b3c7c75]
Creating a new SqlSession
Registering transaction synchronization for SqlSession [org.apache.ibatis.session.defaults.DefaultSqlSession@32be672d]
JDBC Connection [HikariProxyConnection@661543645 wrapping com.mysql.cj.jdbc.ConnectionImpl@247d44b4] will be managed by Spring
==>  Preparing: INSERT INTO `tb_post` (content, author_id, publish_at, last_update) VALUES (?, ?, ?, ?)
==> Parameters: 在建筑设计中，我创造了空间的艺术。(String), 61(Long), 2024-11-13T00:19:36.473400900(LocalDateTime), 2024-11-13T00:19:36.473400900(LocalDateTime)
<==    Updates: 1
Releasing transactional SqlSession [org.apache.ibatis.session.defaults.DefaultSqlSession@32be672d]
Transaction synchronization committing SqlSession [org.apache.ibatis.session.defaults.DefaultSqlSession@32be672d]
Transaction synchronization deregistering SqlSession [org.apache.ibatis.session.defaults.DefaultSqlSession@32be672d]
Transaction synchronization closing SqlSession [org.apache.ibatis.session.defaults.DefaultSqlSession@32be672d]
Creating a new SqlSession
Registering transaction synchronization for SqlSession [org.apache.ibatis.session.defaults.DefaultSqlSession@3b24fb6f]
JDBC Connection [HikariProxyConnection@1244678176 wrapping com.mysql.cj.jdbc.ConnectionImpl@247d44b4] will be managed by Spring
==>  Preparing: INSERT INTO `tb_post` (content, author_id, publish_at, last_update) VALUES (?, ?, ?, ?)
==> Parameters: 在时尚搭配中，我展现了个性的风格。(String), 12(Long), 2024-11-13T00:19:36.484271400(LocalDateTime), 2024-11-13T00:19:36.484271400(LocalDateTime)
<==    Updates: 1
Releasing transactional SqlSession [org.apache.ibatis.session.defaults.DefaultSqlSession@3b24fb6f]
Transaction synchronization committing SqlSession [org.apache.ibatis.session.defaults.DefaultSqlSession@3b24fb6f]
Transaction synchronization deregistering SqlSession [org.apache.ibatis.session.defaults.DefaultSqlSession@3b24fb6f]
Transaction synchronization closing SqlSession [org.apache.ibatis.session.defaults.DefaultSqlSession@3b24fb6f]
Creating a new SqlSession
Registering transaction synchronization for SqlSession [org.apache.ibatis.session.defaults.DefaultSqlSession@26f0ab88]
JDBC Connection [HikariProxyConnection@907749781 wrapping com.mysql.cj.jdbc.ConnectionImpl@247d44b4] will be managed by Spring
==>  Preparing: INSERT INTO `tb_post` (content, author_id, publish_at, last_update) VALUES (?, ?, ?, ?)
==> Parameters: 在茶艺中，我品味了文化的深度。(String), 14(Long), 2024-11-13T00:19:36.494375600(LocalDateTime), 2024-11-13T00:19:36.494375600(LocalDateTime)
<==    Updates: 1
Releasing transactional SqlSession [org.apache.ibatis.session.defaults.DefaultSqlSession@26f0ab88]
Transaction synchronization committing SqlSession [org.apache.ibatis.session.defaults.DefaultSqlSession@26f0ab88]
Transaction synchronization deregistering SqlSession [org.apache.ibatis.session.defaults.DefaultSqlSession@26f0ab88]
Transaction synchronization closing SqlSession [org.apache.ibatis.session.defaults.DefaultSqlSession@26f0ab88]
Creating a new SqlSession
Registering transaction synchronization for SqlSession [org.apache.ibatis.session.defaults.DefaultSqlSession@680408ac]
JDBC Connection [HikariProxyConnection@1679939676 wrapping com.mysql.cj.jdbc.ConnectionImpl@247d44b4] will be managed by Spring
==>  Preparing: INSERT INTO `tb_post` (content, author_id, publish_at, last_update) VALUES (?, ?, ?, ?)
==> Parameters: 在品酒中，我探索了味觉的世界。(String), 48(Long), 2024-11-13T00:19:36.494375600(LocalDateTime), 2024-11-13T00:19:36.494375600(LocalDateTime)
<==    Updates: 1
Releasing transactional SqlSession [org.apache.ibatis.session.defaults.DefaultSqlSession@680408ac]
Transaction synchronization committing SqlSession [org.apache.ibatis.session.defaults.DefaultSqlSession@680408ac]
Transaction synchronization deregistering SqlSession [org.apache.ibatis.session.defaults.DefaultSqlSession@680408ac]
Transaction synchronization closing SqlSession [org.apache.ibatis.session.defaults.DefaultSqlSession@680408ac]
Creating a new SqlSession
Registering transaction synchronization for SqlSession [org.apache.ibatis.session.defaults.DefaultSqlSession@77f1026e]
JDBC Connection [HikariProxyConnection@123366619 wrapping com.mysql.cj.jdbc.ConnectionImpl@247d44b4] will be managed by Spring
==>  Preparing: INSERT INTO `tb_post` (content, author_id, publish_at, last_update) VALUES (?, ?, ?, ?)
==> Parameters: 在心理学学习中，我了解了人类的行为。(String), 43(Long), 2024-11-13T00:19:36.517383100(LocalDateTime), 2024-11-13T00:19:36.517383100(LocalDateTime)
<==    Updates: 1
Releasing transactional SqlSession [org.apache.ibatis.session.defaults.DefaultSqlSession@77f1026e]
Transaction synchronization committing SqlSession [org.apache.ibatis.session.defaults.DefaultSqlSession@77f1026e]
Transaction synchronization deregistering SqlSession [org.apache.ibatis.session.defaults.DefaultSqlSession@77f1026e]
Transaction synchronization closing SqlSession [org.apache.ibatis.session.defaults.DefaultSqlSession@77f1026e]
Creating a new SqlSession
Registering transaction synchronization for SqlSession [org.apache.ibatis.session.defaults.DefaultSqlSession@38614875]
JDBC Connection [HikariProxyConnection@1934536097 wrapping com.mysql.cj.jdbc.ConnectionImpl@247d44b4] will be managed by Spring
==>  Preparing: INSERT INTO `tb_post` (content, author_id, publish_at, last_update) VALUES (?, ?, ?, ?)
==> Parameters: 在天文学中，我寻找了宇宙的真理。(String), 88(Long), 2024-11-13T00:19:36.528903(LocalDateTime), 2024-11-13T00:19:36.528903(LocalDateTime)
<==    Updates: 1
Releasing transactional SqlSession [org.apache.ibatis.session.defaults.DefaultSqlSession@38614875]
Transaction synchronization committing SqlSession [org.apache.ibatis.session.defaults.DefaultSqlSession@38614875]
Transaction synchronization deregistering SqlSession [org.apache.ibatis.session.defaults.DefaultSqlSession@38614875]
Transaction synchronization closing SqlSession [org.apache.ibatis.session.defaults.DefaultSqlSession@38614875]
Creating a new SqlSession
Registering transaction synchronization for SqlSession [org.apache.ibatis.session.defaults.DefaultSqlSession@6f18445b]
JDBC Connection [HikariProxyConnection@1286885448 wrapping com.mysql.cj.jdbc.ConnectionImpl@247d44b4] will be managed by Spring
==>  Preparing: INSERT INTO `tb_post` (content, author_id, publish_at, last_update) VALUES (?, ?, ?, ?)
==> Parameters: 在遗传学中，我探索了生命的奥秘。(String), 35(Long), 2024-11-13T00:19:36.543340(LocalDateTime), 2024-11-13T00:19:36.543340(LocalDateTime)
<==    Updates: 1
Releasing transactional SqlSession [org.apache.ibatis.session.defaults.DefaultSqlSession@6f18445b]
Transaction synchronization committing SqlSession [org.apache.ibatis.session.defaults.DefaultSqlSession@6f18445b]
Transaction synchronization deregistering SqlSession [org.apache.ibatis.session.defaults.DefaultSqlSession@6f18445b]
Transaction synchronization closing SqlSession [org.apache.ibatis.session.defaults.DefaultSqlSession@6f18445b]
Creating a new SqlSession
Registering transaction synchronization for SqlSession [org.apache.ibatis.session.defaults.DefaultSqlSession@77228160]
JDBC Connection [HikariProxyConnection@1378863496 wrapping com.mysql.cj.jdbc.ConnectionImpl@247d44b4] will be managed by Spring
==>  Preparing: INSERT INTO `tb_post` (content, author_id, publish_at, last_update) VALUES (?, ?, ?, ?)
==> Parameters: 在生态学中，我学习了自然的平衡。(String), 97(Long), 2024-11-13T00:19:36.545482800(LocalDateTime), 2024-11-13T00:19:36.545482800(LocalDateTime)
<==    Updates: 1
Releasing transactional SqlSession [org.apache.ibatis.session.defaults.DefaultSqlSession@77228160]
Transaction synchronization committing SqlSession [org.apache.ibatis.session.defaults.DefaultSqlSession@77228160]
Transaction synchronization deregistering SqlSession [org.apache.ibatis.session.defaults.DefaultSqlSession@77228160]
Transaction synchronization closing SqlSession [org.apache.ibatis.session.defaults.DefaultSqlSession@77228160]
Creating a new SqlSession
Registering transaction synchronization for SqlSession [org.apache.ibatis.session.defaults.DefaultSqlSession@26247027]
JDBC Connection [HikariProxyConnection@839690620 wrapping com.mysql.cj.jdbc.ConnectionImpl@247d44b4] will be managed by Spring
==>  Preparing: INSERT INTO `tb_post` (content, author_id, publish_at, last_update) VALUES (?, ?, ?, ?)
==> Parameters: 在气象学中，我预测了天气的变化。(String), 55(Long), 2024-11-13T00:19:36.570280(LocalDateTime), 2024-11-13T00:19:36.570280(LocalDateTime)
<==    Updates: 1
Releasing transactional SqlSession [org.apache.ibatis.session.defaults.DefaultSqlSession@26247027]
Transaction synchronization committing SqlSession [org.apache.ibatis.session.defaults.DefaultSqlSession@26247027]
Transaction synchronization deregistering SqlSession [org.apache.ibatis.session.defaults.DefaultSqlSession@26247027]
Transaction synchronization closing SqlSession [org.apache.ibatis.session.defaults.DefaultSqlSession@26247027]
Creating a new SqlSession
Registering transaction synchronization for SqlSession [org.apache.ibatis.session.defaults.DefaultSqlSession@6fb3d3bb]
JDBC Connection [HikariProxyConnection@1299161644 wrapping com.mysql.cj.jdbc.ConnectionImpl@247d44b4] will be managed by Spring
==>  Preparing: INSERT INTO `tb_post` (content, author_id, publish_at, last_update) VALUES (?, ?, ?, ?)
==> Parameters: 在考古学中，我揭开了历史的面纱。(String), 55(Long), 2024-11-13T00:19:36.581042600(LocalDateTime), 2024-11-13T00:19:36.581042600(LocalDateTime)
<==    Updates: 1
Releasing transactional SqlSession [org.apache.ibatis.session.defaults.DefaultSqlSession@6fb3d3bb]
Transaction synchronization committing SqlSession [org.apache.ibatis.session.defaults.DefaultSqlSession@6fb3d3bb]
Transaction synchronization deregistering SqlSession [org.apache.ibatis.session.defaults.DefaultSqlSession@6fb3d3bb]
Transaction synchronization closing SqlSession [org.apache.ibatis.session.defaults.DefaultSqlSession@6fb3d3bb]
Creating a new SqlSession
Registering transaction synchronization for SqlSession [org.apache.ibatis.session.defaults.DefaultSqlSession@6d0fe80c]
JDBC Connection [HikariProxyConnection@1417740319 wrapping com.mysql.cj.jdbc.ConnectionImpl@247d44b4] will be managed by Spring
==>  Preparing: INSERT INTO `tb_post` (content, author_id, publish_at, last_update) VALUES (?, ?, ?, ?)
==> Parameters: 在国际关系中，我理解了世界的联系。(String), 57(Long), 2024-11-13T00:19:36.592041900(LocalDateTime), 2024-11-13T00:19:36.592041900(LocalDateTime)
<==    Updates: 1
Releasing transactional SqlSession [org.apache.ibatis.session.defaults.DefaultSqlSession@6d0fe80c]
Transaction synchronization committing SqlSession [org.apache.ibatis.session.defaults.DefaultSqlSession@6d0fe80c]
Transaction synchronization deregistering SqlSession [org.apache.ibatis.session.defaults.DefaultSqlSession@6d0fe80c]
Transaction synchronization closing SqlSession [org.apache.ibatis.session.defaults.DefaultSqlSession@6d0fe80c]
Creating a new SqlSession
Registering transaction synchronization for SqlSession [org.apache.ibatis.session.defaults.DefaultSqlSession@10806dbe]
JDBC Connection [HikariProxyConnection@378927051 wrapping com.mysql.cj.jdbc.ConnectionImpl@247d44b4] will be managed by Spring
==>  Preparing: INSERT INTO `tb_post` (content, author_id, publish_at, last_update) VALUES (?, ?, ?, ?)
==> Parameters: 在人类学中，我探索了文化的多样性。(String), 63(Long), 2024-11-13T00:19:36.593590700(LocalDateTime), 2024-11-13T00:19:36.593590700(LocalDateTime)
<==    Updates: 1
Releasing transactional SqlSession [org.apache.ibatis.session.defaults.DefaultSqlSession@10806dbe]
Transaction synchronization committing SqlSession [org.apache.ibatis.session.defaults.DefaultSqlSession@10806dbe]
Transaction synchronization deregistering SqlSession [org.apache.ibatis.session.defaults.DefaultSqlSession@10806dbe]
Transaction synchronization closing SqlSession [org.apache.ibatis.session.defaults.DefaultSqlSession@10806dbe]
Creating a new SqlSession
Registering transaction synchronization for SqlSession [org.apache.ibatis.session.defaults.DefaultSqlSession@7200702]
JDBC Connection [HikariProxyConnection@547073937 wrapping com.mysql.cj.jdbc.ConnectionImpl@247d44b4] will be managed by Spring
==>  Preparing: INSERT INTO `tb_post` (content, author_id, publish_at, last_update) VALUES (?, ?, ?, ?)
==> Parameters: 在动物学中，我了解了动物的世界。(String), 64(Long), 2024-11-13T00:19:36.615705800(LocalDateTime), 2024-11-13T00:19:36.615705800(LocalDateTime)
<==    Updates: 1
Releasing transactional SqlSession [org.apache.ibatis.session.defaults.DefaultSqlSession@7200702]
Transaction synchronization committing SqlSession [org.apache.ibatis.session.defaults.DefaultSqlSession@7200702]
Transaction synchronization deregistering SqlSession [org.apache.ibatis.session.defaults.DefaultSqlSession@7200702]
Transaction synchronization closing SqlSession [org.apache.ibatis.session.defaults.DefaultSqlSession@7200702]
Creating a new SqlSession
Registering transaction synchronization for SqlSession [org.apache.ibatis.session.defaults.DefaultSqlSession@7306836f]
JDBC Connection [HikariProxyConnection@960146579 wrapping com.mysql.cj.jdbc.ConnectionImpl@247d44b4] will be managed by Spring
==>  Preparing: INSERT INTO `tb_post` (content, author_id, publish_at, last_update) VALUES (?, ?, ?, ?)
==> Parameters: 在植物学中，我学习了植物的语言。(String), 94(Long), 2024-11-13T00:19:36.626799(LocalDateTime), 2024-11-13T00:19:36.626799(LocalDateTime)
<==    Updates: 1
Releasing transactional SqlSession [org.apache.ibatis.session.defaults.DefaultSqlSession@7306836f]
Transaction synchronization committing SqlSession [org.apache.ibatis.session.defaults.DefaultSqlSession@7306836f]
Transaction synchronization deregistering SqlSession [org.apache.ibatis.session.defaults.DefaultSqlSession@7306836f]
Transaction synchronization closing SqlSession [org.apache.ibatis.session.defaults.DefaultSqlSession@7306836f]
Creating a new SqlSession
Registering transaction synchronization for SqlSession [org.apache.ibatis.session.defaults.DefaultSqlSession@5a1ddc7c]
JDBC Connection [HikariProxyConnection@300117596 wrapping com.mysql.cj.jdbc.ConnectionImpl@247d44b4] will be managed by Spring
==>  Preparing: INSERT INTO `tb_post` (content, author_id, publish_at, last_update) VALUES (?, ?, ?, ?)
==> Parameters: 在地质学中，我阅读了地球的历史。(String), 55(Long), 2024-11-13T00:19:36.639641200(LocalDateTime), 2024-11-13T00:19:36.639641200(LocalDateTime)
<==    Updates: 1
Releasing transactional SqlSession [org.apache.ibatis.session.defaults.DefaultSqlSession@5a1ddc7c]
Transaction synchronization committing SqlSession [org.apache.ibatis.session.defaults.DefaultSqlSession@5a1ddc7c]
Transaction synchronization deregistering SqlSession [org.apache.ibatis.session.defaults.DefaultSqlSession@5a1ddc7c]
Transaction synchronization closing SqlSession [org.apache.ibatis.session.defaults.DefaultSqlSession@5a1ddc7c]
Creating a new SqlSession
Registering transaction synchronization for SqlSession [org.apache.ibatis.session.defaults.DefaultSqlSession@59e24c62]
JDBC Connection [HikariProxyConnection@1951143675 wrapping com.mysql.cj.jdbc.ConnectionImpl@247d44b4] will be managed by Spring
==>  Preparing: INSERT INTO `tb_post` (content, author_id, publish_at, last_update) VALUES (?, ?, ?, ?)
==> Parameters: 在物理学中，我探索了自然的原理。(String), 82(Long), 2024-11-13T00:19:36.643207(LocalDateTime), 2024-11-13T00:19:36.643207(LocalDateTime)
<==    Updates: 1
Releasing transactional SqlSession [org.apache.ibatis.session.defaults.DefaultSqlSession@59e24c62]
Transaction synchronization committing SqlSession [org.apache.ibatis.session.defaults.DefaultSqlSession@59e24c62]
Transaction synchronization deregistering SqlSession [org.apache.ibatis.session.defaults.DefaultSqlSession@59e24c62]
Transaction synchronization closing SqlSession [org.apache.ibatis.session.defaults.DefaultSqlSession@59e24c62]
Creating a new SqlSession
Registering transaction synchronization for SqlSession [org.apache.ibatis.session.defaults.DefaultSqlSession@638b05fb]
JDBC Connection [HikariProxyConnection@1757344735 wrapping com.mysql.cj.jdbc.ConnectionImpl@247d44b4] will be managed by Spring
==>  Preparing: INSERT INTO `tb_post` (content, author_id, publish_at, last_update) VALUES (?, ?, ?, ?)
==> Parameters: 在化学中，我见证了物质的变化。(String), 96(Long), 2024-11-13T00:19:36.643207(LocalDateTime), 2024-11-13T00:19:36.643207(LocalDateTime)
<==    Updates: 1
Releasing transactional SqlSession [org.apache.ibatis.session.defaults.DefaultSqlSession@638b05fb]
Transaction synchronization committing SqlSession [org.apache.ibatis.session.defaults.DefaultSqlSession@638b05fb]
Transaction synchronization deregistering SqlSession [org.apache.ibatis.session.defaults.DefaultSqlSession@638b05fb]
Transaction synchronization closing SqlSession [org.apache.ibatis.session.defaults.DefaultSqlSession@638b05fb]
Creating a new SqlSession
Registering transaction synchronization for SqlSession [org.apache.ibatis.session.defaults.DefaultSqlSession@7234db3]
JDBC Connection [HikariProxyConnection@695383187 wrapping com.mysql.cj.jdbc.ConnectionImpl@247d44b4] will be managed by Spring
==>  Preparing: INSERT INTO `tb_post` (content, author_id, publish_at, last_update) VALUES (?, ?, ?, ?)
==> Parameters: 在生物学中，我学习了生命的奇迹。(String), 63(Long), 2024-11-13T00:19:36.663659200(LocalDateTime), 2024-11-13T00:19:36.663659200(LocalDateTime)
<==    Updates: 1
Releasing transactional SqlSession [org.apache.ibatis.session.defaults.DefaultSqlSession@7234db3]
Transaction synchronization committing SqlSession [org.apache.ibatis.session.defaults.DefaultSqlSession@7234db3]
Transaction synchronization deregistering SqlSession [org.apache.ibatis.session.defaults.DefaultSqlSession@7234db3]
Transaction synchronization closing SqlSession [org.apache.ibatis.session.defaults.DefaultSqlSession@7234db3]
Creating a new SqlSession
Registering transaction synchronization for SqlSession [org.apache.ibatis.session.defaults.DefaultSqlSession@3e60be48]
JDBC Connection [HikariProxyConnection@1572210747 wrapping com.mysql.cj.jdbc.ConnectionImpl@247d44b4] will be managed by Spring
==>  Preparing: INSERT INTO `tb_post` (content, author_id, publish_at, last_update) VALUES (?, ?, ?, ?)
==> Parameters: 在工程学中，我创造了实用的技术。(String), 79(Long), 2024-11-13T00:19:36.670654300(LocalDateTime), 2024-11-13T00:19:36.670654300(LocalDateTime)
<==    Updates: 1
Releasing transactional SqlSession [org.apache.ibatis.session.defaults.DefaultSqlSession@3e60be48]
Transaction synchronization committing SqlSession [org.apache.ibatis.session.defaults.DefaultSqlSession@3e60be48]
Transaction synchronization deregistering SqlSession [org.apache.ibatis.session.defaults.DefaultSqlSession@3e60be48]
Transaction synchronization closing SqlSession [org.apache.ibatis.session.defaults.DefaultSqlSession@3e60be48]
Creating a new SqlSession
Registering transaction synchronization for SqlSession [org.apache.ibatis.session.defaults.DefaultSqlSession@68312b85]
JDBC Connection [HikariProxyConnection@1550771523 wrapping com.mysql.cj.jdbc.ConnectionImpl@247d44b4] will be managed by Spring
==>  Preparing: INSERT INTO `tb_post` (content, author_id, publish_at, last_update) VALUES (?, ?, ?, ?)
==> Parameters: 在计算机科学中，我编写了智能的代码。(String), 60(Long), 2024-11-13T00:19:36.677601300(LocalDateTime), 2024-11-13T00:19:36.677601300(LocalDateTime)
<==    Updates: 1
Releasing transactional SqlSession [org.apache.ibatis.session.defaults.DefaultSqlSession@68312b85]
Transaction synchronization committing SqlSession [org.apache.ibatis.session.defaults.DefaultSqlSession@68312b85]
Transaction synchronization deregistering SqlSession [org.apache.ibatis.session.defaults.DefaultSqlSession@68312b85]
Transaction synchronization closing SqlSession [org.apache.ibatis.session.defaults.DefaultSqlSession@68312b85]
Creating a new SqlSession
Registering transaction synchronization for SqlSession [org.apache.ibatis.session.defaults.DefaultSqlSession@49e54217]
JDBC Connection [HikariProxyConnection@834764756 wrapping com.mysql.cj.jdbc.ConnectionImpl@247d44b4] will be managed by Spring
==>  Preparing: INSERT INTO `tb_post` (content, author_id, publish_at, last_update) VALUES (?, ?, ?, ?)
==> Parameters: 在数学中，我解决了复杂的问题。(String), 19(Long), 2024-11-13T00:19:36.686602(LocalDateTime), 2024-11-13T00:19:36.686602(LocalDateTime)
<==    Updates: 1
Releasing transactional SqlSession [org.apache.ibatis.session.defaults.DefaultSqlSession@49e54217]
Transaction synchronization committing SqlSession [org.apache.ibatis.session.defaults.DefaultSqlSession@49e54217]
Transaction synchronization deregistering SqlSession [org.apache.ibatis.session.defaults.DefaultSqlSession@49e54217]
Transaction synchronization closing SqlSession [org.apache.ibatis.session.defaults.DefaultSqlSession@49e54217]
Creating a new SqlSession
Registering transaction synchronization for SqlSession [org.apache.ibatis.session.defaults.DefaultSqlSession@36b86248]
JDBC Connection [HikariProxyConnection@1163480574 wrapping com.mysql.cj.jdbc.ConnectionImpl@247d44b4] will be managed by Spring
==>  Preparing: INSERT INTO `tb_post` (content, author_id, publish_at, last_update) VALUES (?, ?, ?, ?)
==> Parameters: 在法学中，我维护了正义的平衡。(String), 67(Long), 2024-11-13T00:19:36.693071800(LocalDateTime), 2024-11-13T00:19:36.693071800(LocalDateTime)
<==    Updates: 1
Releasing transactional SqlSession [org.apache.ibatis.session.defaults.DefaultSqlSession@36b86248]
Transaction synchronization committing SqlSession [org.apache.ibatis.session.defaults.DefaultSqlSession@36b86248]
Transaction synchronization deregistering SqlSession [org.apache.ibatis.session.defaults.DefaultSqlSession@36b86248]
Transaction synchronization closing SqlSession [org.apache.ibatis.session.defaults.DefaultSqlSession@36b86248]
Creating a new SqlSession
Registering transaction synchronization for SqlSession [org.apache.ibatis.session.defaults.DefaultSqlSession@4ac1544f]
JDBC Connection [HikariProxyConnection@629563338 wrapping com.mysql.cj.jdbc.ConnectionImpl@247d44b4] will be managed by Spring
==>  Preparing: INSERT INTO `tb_post` (content, author_id, publish_at, last_update) VALUES (?, ?, ?, ?)
==> Parameters: 在医学中，我追求了健康的真谛。(String), 8(Long), 2024-11-13T00:19:36.693071800(LocalDateTime), 2024-11-13T00:19:36.693071800(LocalDateTime)
<==    Updates: 1
Releasing transactional SqlSession [org.apache.ibatis.session.defaults.DefaultSqlSession@4ac1544f]
Transaction synchronization committing SqlSession [org.apache.ibatis.session.defaults.DefaultSqlSession@4ac1544f]
Transaction synchronization deregistering SqlSession [org.apache.ibatis.session.defaults.DefaultSqlSession@4ac1544f]
Transaction synchronization closing SqlSession [org.apache.ibatis.session.defaults.DefaultSqlSession@4ac1544f]
Creating a new SqlSession
Registering transaction synchronization for SqlSession [org.apache.ibatis.session.defaults.DefaultSqlSession@fd8513b]
JDBC Connection [HikariProxyConnection@1099894567 wrapping com.mysql.cj.jdbc.ConnectionImpl@247d44b4] will be managed by Spring
==>  Preparing: INSERT INTO `tb_post` (content, author_id, publish_at, last_update) VALUES (?, ?, ?, ?)
==> Parameters: 在教育学中，我培养了未来的希望。(String), 29(Long), 2024-11-13T00:19:36.708702700(LocalDateTime), 2024-11-13T00:19:36.708702700(LocalDateTime)
<==    Updates: 1
Releasing transactional SqlSession [org.apache.ibatis.session.defaults.DefaultSqlSession@fd8513b]
Transaction synchronization committing SqlSession [org.apache.ibatis.session.defaults.DefaultSqlSession@fd8513b]
Transaction synchronization deregistering SqlSession [org.apache.ibatis.session.defaults.DefaultSqlSession@fd8513b]
Transaction synchronization closing SqlSession [org.apache.ibatis.session.defaults.DefaultSqlSession@fd8513b]
Creating a new SqlSession
Registering transaction synchronization for SqlSession [org.apache.ibatis.session.defaults.DefaultSqlSession@2ecb87b2]
JDBC Connection [HikariProxyConnection@524321708 wrapping com.mysql.cj.jdbc.ConnectionImpl@247d44b4] will be managed by Spring
==>  Preparing: INSERT INTO `tb_post` (content, author_id, publish_at, last_update) VALUES (?, ?, ?, ?)
==> Parameters: 在文学中，我体验了文字的力量。(String), 88(Long), 2024-11-13T00:19:36.715291300(LocalDateTime), 2024-11-13T00:19:36.715291300(LocalDateTime)
<==    Updates: 1
Releasing transactional SqlSession [org.apache.ibatis.session.defaults.DefaultSqlSession@2ecb87b2]
Transaction synchronization committing SqlSession [org.apache.ibatis.session.defaults.DefaultSqlSession@2ecb87b2]
Transaction synchronization deregistering SqlSession [org.apache.ibatis.session.defaults.DefaultSqlSession@2ecb87b2]
Transaction synchronization closing SqlSession [org.apache.ibatis.session.defaults.DefaultSqlSession@2ecb87b2]
Creating a new SqlSession
Registering transaction synchronization for SqlSession [org.apache.ibatis.session.defaults.DefaultSqlSession@7b1a9ab3]
JDBC Connection [HikariProxyConnection@2080301043 wrapping com.mysql.cj.jdbc.ConnectionImpl@247d44b4] will be managed by Spring
==>  Preparing: INSERT INTO `tb_post` (content, author_id, publish_at, last_update) VALUES (?, ?, ?, ?)
==> Parameters: 在哲学中，我思考了存在的意义。(String), 81(Long), 2024-11-13T00:19:36.722289200(LocalDateTime), 2024-11-13T00:19:36.722289200(LocalDateTime)
<==    Updates: 1
Releasing transactional SqlSession [org.apache.ibatis.session.defaults.DefaultSqlSession@7b1a9ab3]
Transaction synchronization committing SqlSession [org.apache.ibatis.session.defaults.DefaultSqlSession@7b1a9ab3]
Transaction synchronization deregistering SqlSession [org.apache.ibatis.session.defaults.DefaultSqlSession@7b1a9ab3]
Transaction synchronization closing SqlSession [org.apache.ibatis.session.defaults.DefaultSqlSession@7b1a9ab3]
Creating a new SqlSession
Registering transaction synchronization for SqlSession [org.apache.ibatis.session.defaults.DefaultSqlSession@1b5df8b7]
JDBC Connection [HikariProxyConnection@1151491527 wrapping com.mysql.cj.jdbc.ConnectionImpl@247d44b4] will be managed by Spring
==>  Preparing: INSERT INTO `tb_post` (content, author_id, publish_at, last_update) VALUES (?, ?, ?, ?)
==> Parameters: 在经济学中，我理解了市场的规律。(String), 34(Long), 2024-11-13T00:19:36.733066600(LocalDateTime), 2024-11-13T00:19:36.733066600(LocalDateTime)
<==    Updates: 1
Releasing transactional SqlSession [org.apache.ibatis.session.defaults.DefaultSqlSession@1b5df8b7]
Transaction synchronization committing SqlSession [org.apache.ibatis.session.defaults.DefaultSqlSession@1b5df8b7]
Transaction synchronization deregistering SqlSession [org.apache.ibatis.session.defaults.DefaultSqlSession@1b5df8b7]
Transaction synchronization closing SqlSession [org.apache.ibatis.session.defaults.DefaultSqlSession@1b5df8b7]
Creating a new SqlSession
Registering transaction synchronization for SqlSession [org.apache.ibatis.session.defaults.DefaultSqlSession@508de524]
JDBC Connection [HikariProxyConnection@978128034 wrapping com.mysql.cj.jdbc.ConnectionImpl@247d44b4] will be managed by Spring
==>  Preparing: INSERT INTO `tb_post` (content, author_id, publish_at, last_update) VALUES (?, ?, ?, ?)
==> Parameters: 在社会学中，我学习了社会的结构。(String), 97(Long), 2024-11-13T00:19:36.745969800(LocalDateTime), 2024-11-13T00:19:36.745969800(LocalDateTime)
<==    Updates: 1
Releasing transactional SqlSession [org.apache.ibatis.session.defaults.DefaultSqlSession@508de524]
Transaction synchronization committing SqlSession [org.apache.ibatis.session.defaults.DefaultSqlSession@508de524]
Transaction synchronization deregistering SqlSession [org.apache.ibatis.session.defaults.DefaultSqlSession@508de524]
Transaction synchronization closing SqlSession [org.apache.ibatis.session.defaults.DefaultSqlSession@508de524]
Creating a new SqlSession
Registering transaction synchronization for SqlSession [org.apache.ibatis.session.defaults.DefaultSqlSession@1391d95f]
JDBC Connection [HikariProxyConnection@1592799576 wrapping com.mysql.cj.jdbc.ConnectionImpl@247d44b4] will be managed by Spring
==>  Preparing: INSERT INTO `tb_post` (content, author_id, publish_at, last_update) VALUES (?, ?, ?, ?)
==> Parameters: 在政治学中，我了解了权力的运作。(String), 97(Long), 2024-11-13T00:19:36.759814500(LocalDateTime), 2024-11-13T00:19:36.759814500(LocalDateTime)
<==    Updates: 1
Releasing transactional SqlSession [org.apache.ibatis.session.defaults.DefaultSqlSession@1391d95f]
Transaction synchronization committing SqlSession [org.apache.ibatis.session.defaults.DefaultSqlSession@1391d95f]
Transaction synchronization deregistering SqlSession [org.apache.ibatis.session.defaults.DefaultSqlSession@1391d95f]
Transaction synchronization closing SqlSession [org.apache.ibatis.session.defaults.DefaultSqlSession@1391d95f]
Creating a new SqlSession
Registering transaction synchronization for SqlSession [org.apache.ibatis.session.defaults.DefaultSqlSession@26401eda]
JDBC Connection [HikariProxyConnection@546105640 wrapping com.mysql.cj.jdbc.ConnectionImpl@247d44b4] will be managed by Spring
==>  Preparing: INSERT INTO `tb_post` (content, author_id, publish_at, last_update) VALUES (?, ?, ?, ?)
==> Parameters: 在军事学中，我研究了战略的运用。(String), 5(Long), 2024-11-13T00:19:36.773376200(LocalDateTime), 2024-11-13T00:19:36.773376200(LocalDateTime)
<==    Updates: 1
Releasing transactional SqlSession [org.apache.ibatis.session.defaults.DefaultSqlSession@26401eda]
Transaction synchronization committing SqlSession [org.apache.ibatis.session.defaults.DefaultSqlSession@26401eda]
Transaction synchronization deregistering SqlSession [org.apache.ibatis.session.defaults.DefaultSqlSession@26401eda]
Transaction synchronization closing SqlSession [org.apache.ibatis.session.defaults.DefaultSqlSession@26401eda]
Creating a new SqlSession
Registering transaction synchronization for SqlSession [org.apache.ibatis.session.defaults.DefaultSqlSession@2456716b]
JDBC Connection [HikariProxyConnection@1833158785 wrapping com.mysql.cj.jdbc.ConnectionImpl@247d44b4] will be managed by Spring
==>  Preparing: INSERT INTO `tb_post` (content, author_id, publish_at, last_update) VALUES (?, ?, ?, ?)
==> Parameters: 在教育技术中，我探索了学习的新模式。(String), 7(Long), 2024-11-13T00:19:36.785762300(LocalDateTime), 2024-11-13T00:19:36.785762300(LocalDateTime)
<==    Updates: 1
Releasing transactional SqlSession [org.apache.ibatis.session.defaults.DefaultSqlSession@2456716b]
Transaction synchronization committing SqlSession [org.apache.ibatis.session.defaults.DefaultSqlSession@2456716b]
Transaction synchronization deregistering SqlSession [org.apache.ibatis.session.defaults.DefaultSqlSession@2456716b]
Transaction synchronization closing SqlSession [org.apache.ibatis.session.defaults.DefaultSqlSession@2456716b]
Creating a new SqlSession
Registering transaction synchronization for SqlSession [org.apache.ibatis.session.defaults.DefaultSqlSession@12e04531]
JDBC Connection [HikariProxyConnection@381352144 wrapping com.mysql.cj.jdbc.ConnectionImpl@247d44b4] will be managed by Spring
==>  Preparing: INSERT INTO `tb_post` (content, author_id, publish_at, last_update) VALUES (?, ?, ?, ?)
==> Parameters: 在环境科学中，我保护了地球的环境。(String), 1(Long), 2024-11-13T00:19:36.794674300(LocalDateTime), 2024-11-13T00:19:36.794674300(LocalDateTime)
<==    Updates: 1
Releasing transactional SqlSession [org.apache.ibatis.session.defaults.DefaultSqlSession@12e04531]
Transaction synchronization committing SqlSession [org.apache.ibatis.session.defaults.DefaultSqlSession@12e04531]
Transaction synchronization deregistering SqlSession [org.apache.ibatis.session.defaults.DefaultSqlSession@12e04531]
Transaction synchronization closing SqlSession [org.apache.ibatis.session.defaults.DefaultSqlSession@12e04531]
Creating a new SqlSession
Registering transaction synchronization for SqlSession [org.apache.ibatis.session.defaults.DefaultSqlSession@7473cfe2]
JDBC Connection [HikariProxyConnection@1101441872 wrapping com.mysql.cj.jdbc.ConnectionImpl@247d44b4] will be managed by Spring
==>  Preparing: INSERT INTO `tb_post` (content, author_id, publish_at, last_update) VALUES (?, ?, ?, ?)
==> Parameters: 在能源科学中，我探索了可持续的能源。(String), 100(Long), 2024-11-13T00:19:36.794674300(LocalDateTime), 2024-11-13T00:19:36.794674300(LocalDateTime)
<==    Updates: 1
Releasing transactional SqlSession [org.apache.ibatis.session.defaults.DefaultSqlSession@7473cfe2]
Transaction synchronization committing SqlSession [org.apache.ibatis.session.defaults.DefaultSqlSession@7473cfe2]
Transaction synchronization deregistering SqlSession [org.apache.ibatis.session.defaults.DefaultSqlSession@7473cfe2]
Transaction synchronization closing SqlSession [org.apache.ibatis.session.defaults.DefaultSqlSession@7473cfe2]
Creating a new SqlSession
Registering transaction synchronization for SqlSession [org.apache.ibatis.session.defaults.DefaultSqlSession@448c4742]
JDBC Connection [HikariProxyConnection@294435622 wrapping com.mysql.cj.jdbc.ConnectionImpl@247d44b4] will be managed by Spring
==>  Preparing: INSERT INTO `tb_post` (content, author_id, publish_at, last_update) VALUES (?, ?, ?, ?)
==> Parameters: 在材料科学中，我研究了物质的潜力。(String), 1(Long), 2024-11-13T00:19:36.820407300(LocalDateTime), 2024-11-13T00:19:36.820407300(LocalDateTime)
<==    Updates: 1
Releasing transactional SqlSession [org.apache.ibatis.session.defaults.DefaultSqlSession@448c4742]
Transaction synchronization committing SqlSession [org.apache.ibatis.session.defaults.DefaultSqlSession@448c4742]
Transaction synchronization deregistering SqlSession [org.apache.ibatis.session.defaults.DefaultSqlSession@448c4742]
Transaction synchronization closing SqlSession [org.apache.ibatis.session.defaults.DefaultSqlSession@448c4742]
Creating a new SqlSession
Registering transaction synchronization for SqlSession [org.apache.ibatis.session.defaults.DefaultSqlSession@5e8f0c54]
JDBC Connection [HikariProxyConnection@358414838 wrapping com.mysql.cj.jdbc.ConnectionImpl@247d44b4] will be managed by Spring
==>  Preparing: INSERT INTO `tb_post` (content, author_id, publish_at, last_update) VALUES (?, ?, ?, ?)
==> Parameters: 在食品科学中，我创造了健康的美食。(String), 9(Long), 2024-11-13T00:19:36.830213200(LocalDateTime), 2024-11-13T00:19:36.830213200(LocalDateTime)
<==    Updates: 1
Releasing transactional SqlSession [org.apache.ibatis.session.defaults.DefaultSqlSession@5e8f0c54]
Transaction synchronization committing SqlSession [org.apache.ibatis.session.defaults.DefaultSqlSession@5e8f0c54]
Transaction synchronization deregistering SqlSession [org.apache.ibatis.session.defaults.DefaultSqlSession@5e8f0c54]
Transaction synchronization closing SqlSession [org.apache.ibatis.session.defaults.DefaultSqlSession@5e8f0c54]
Creating a new SqlSession
Registering transaction synchronization for SqlSession [org.apache.ibatis.session.defaults.DefaultSqlSession@718b9d56]
JDBC Connection [HikariProxyConnection@1366626917 wrapping com.mysql.cj.jdbc.ConnectionImpl@247d44b4] will be managed by Spring
==>  Preparing: INSERT INTO `tb_post` (content, author_id, publish_at, last_update) VALUES (?, ?, ?, ?)
==> Parameters: 在营养学中，我学习了健康的饮食。(String), 68(Long), 2024-11-13T00:19:36.841213800(LocalDateTime), 2024-11-13T00:19:36.841213800(LocalDateTime)
<==    Updates: 1
Releasing transactional SqlSession [org.apache.ibatis.session.defaults.DefaultSqlSession@718b9d56]
Transaction synchronization committing SqlSession [org.apache.ibatis.session.defaults.DefaultSqlSession@718b9d56]
Transaction synchronization deregistering SqlSession [org.apache.ibatis.session.defaults.DefaultSqlSession@718b9d56]
Transaction synchronization closing SqlSession [org.apache.ibatis.session.defaults.DefaultSqlSession@718b9d56]
Creating a new SqlSession
Registering transaction synchronization for SqlSession [org.apache.ibatis.session.defaults.DefaultSqlSession@3e09067]
JDBC Connection [HikariProxyConnection@1253140795 wrapping com.mysql.cj.jdbc.ConnectionImpl@247d44b4] will be managed by Spring
==>  Preparing: INSERT INTO `tb_post` (content, author_id, publish_at, last_update) VALUES (?, ?, ?, ?)
==> Parameters: 在旅游管理中，我规划了完美的旅程。(String), 76(Long), 2024-11-13T00:19:36.843051700(LocalDateTime), 2024-11-13T00:19:36.843051700(LocalDateTime)
<==    Updates: 1
Releasing transactional SqlSession [org.apache.ibatis.session.defaults.DefaultSqlSession@3e09067]
Transaction synchronization committing SqlSession [org.apache.ibatis.session.defaults.DefaultSqlSession@3e09067]
Transaction synchronization deregistering SqlSession [org.apache.ibatis.session.defaults.DefaultSqlSession@3e09067]
Transaction synchronization closing SqlSession [org.apache.ibatis.session.defaults.DefaultSqlSession@3e09067]
Creating a new SqlSession
Registering transaction synchronization for SqlSession [org.apache.ibatis.session.defaults.DefaultSqlSession@3299e315]
JDBC Connection [HikariProxyConnection@1077650335 wrapping com.mysql.cj.jdbc.ConnectionImpl@247d44b4] will be managed by Spring
==>  Preparing: INSERT INTO `tb_post` (content, author_id, publish_at, last_update) VALUES (?, ?, ?, ?)
==> Parameters: 在酒店管理中，我提供了优质的服务。(String), 6(Long), 2024-11-13T00:19:36.862475900(LocalDateTime), 2024-11-13T00:19:36.862475900(LocalDateTime)
<==    Updates: 1
Releasing transactional SqlSession [org.apache.ibatis.session.defaults.DefaultSqlSession@3299e315]
Transaction synchronization committing SqlSession [org.apache.ibatis.session.defaults.DefaultSqlSession@3299e315]
Transaction synchronization deregistering SqlSession [org.apache.ibatis.session.defaults.DefaultSqlSession@3299e315]
Transaction synchronization closing SqlSession [org.apache.ibatis.session.defaults.DefaultSqlSession@3299e315]
Creating a new SqlSession
Registering transaction synchronization for SqlSession [org.apache.ibatis.session.defaults.DefaultSqlSession@59c2bf78]
JDBC Connection [HikariProxyConnection@1708384954 wrapping com.mysql.cj.jdbc.ConnectionImpl@247d44b4] will be managed by Spring
==>  Preparing: INSERT INTO `tb_post` (content, author_id, publish_at, last_update) VALUES (?, ?, ?, ?)
==> Parameters: 在市场营销中，我推广了优秀的产品。(String), 31(Long), 2024-11-13T00:19:36.872473900(LocalDateTime), 2024-11-13T00:19:36.872473900(LocalDateTime)
<==    Updates: 1
Releasing transactional SqlSession [org.apache.ibatis.session.defaults.DefaultSqlSession@59c2bf78]
Transaction synchronization committing SqlSession [org.apache.ibatis.session.defaults.DefaultSqlSession@59c2bf78]
Transaction synchronization deregistering SqlSession [org.apache.ibatis.session.defaults.DefaultSqlSession@59c2bf78]
Transaction synchronization closing SqlSession [org.apache.ibatis.session.defaults.DefaultSqlSession@59c2bf78]
Creating a new SqlSession
Registering transaction synchronization for SqlSession [org.apache.ibatis.session.defaults.DefaultSqlSession@11548363]
JDBC Connection [HikariProxyConnection@1276381970 wrapping com.mysql.cj.jdbc.ConnectionImpl@247d44b4] will be managed by Spring
==>  Preparing: INSERT INTO `tb_post` (content, author_id, publish_at, last_update) VALUES (?, ?, ?, ?)
==> Parameters: 在人力资源管理中，我构建了高效的团队。(String), 94(Long), 2024-11-13T00:19:36.881297400(LocalDateTime), 2024-11-13T00:19:36.881297400(LocalDateTime)
<==    Updates: 1
Releasing transactional SqlSession [org.apache.ibatis.session.defaults.DefaultSqlSession@11548363]
Transaction synchronization committing SqlSession [org.apache.ibatis.session.defaults.DefaultSqlSession@11548363]
Transaction synchronization deregistering SqlSession [org.apache.ibatis.session.defaults.DefaultSqlSession@11548363]
Transaction synchronization closing SqlSession [org.apache.ibatis.session.defaults.DefaultSqlSession@11548363]
Creating a new SqlSession
Registering transaction synchronization for SqlSession [org.apache.ibatis.session.defaults.DefaultSqlSession@10007fdc]
JDBC Connection [HikariProxyConnection@1370009304 wrapping com.mysql.cj.jdbc.ConnectionImpl@247d44b4] will be managed by Spring
==>  Preparing: INSERT INTO `tb_post` (content, author_id, publish_at, last_update) VALUES (?, ?, ?, ?)
==> Parameters: 在财务管理中，我确保了资金的合理流动。(String), 47(Long), 2024-11-13T00:19:36.887298700(LocalDateTime), 2024-11-13T00:19:36.887298700(LocalDateTime)
<==    Updates: 1
Releasing transactional SqlSession [org.apache.ibatis.session.defaults.DefaultSqlSession@10007fdc]
Transaction synchronization committing SqlSession [org.apache.ibatis.session.defaults.DefaultSqlSession@10007fdc]
Transaction synchronization deregistering SqlSession [org.apache.ibatis.session.defaults.DefaultSqlSession@10007fdc]
Transaction synchronization closing SqlSession [org.apache.ibatis.session.defaults.DefaultSqlSession@10007fdc]
Creating a new SqlSession
Registering transaction synchronization for SqlSession [org.apache.ibatis.session.defaults.DefaultSqlSession@75f579d2]
JDBC Connection [HikariProxyConnection@1635364708 wrapping com.mysql.cj.jdbc.ConnectionImpl@247d44b4] will be managed by Spring
==>  Preparing: INSERT INTO `tb_post` (content, author_id, publish_at, last_update) VALUES (?, ?, ?, ?)
==> Parameters: 在供应链管理中，我优化了物流的效率。(String), 16(Long), 2024-11-13T00:19:36.893024400(LocalDateTime), 2024-11-13T00:19:36.893024400(LocalDateTime)
<==    Updates: 1
Releasing transactional SqlSession [org.apache.ibatis.session.defaults.DefaultSqlSession@75f579d2]
Transaction synchronization committing SqlSession [org.apache.ibatis.session.defaults.DefaultSqlSession@75f579d2]
Transaction synchronization deregistering SqlSession [org.apache.ibatis.session.defaults.DefaultSqlSession@75f579d2]
Transaction synchronization closing SqlSession [org.apache.ibatis.session.defaults.DefaultSqlSession@75f579d2]
Creating a new SqlSession
Registering transaction synchronization for SqlSession [org.apache.ibatis.session.defaults.DefaultSqlSession@58c48a23]
JDBC Connection [HikariProxyConnection@396265561 wrapping com.mysql.cj.jdbc.ConnectionImpl@247d44b4] will be managed by Spring
==>  Preparing: INSERT INTO `tb_post` (content, author_id, publish_at, last_update) VALUES (?, ?, ?, ?)
==> Parameters: 在项目管理中，我实现了目标的达成。(String), 3(Long), 2024-11-13T00:19:36.893024400(LocalDateTime), 2024-11-13T00:19:36.893024400(LocalDateTime)
<==    Updates: 1
Releasing transactional SqlSession [org.apache.ibatis.session.defaults.DefaultSqlSession@58c48a23]
Transaction synchronization committing SqlSession [org.apache.ibatis.session.defaults.DefaultSqlSession@58c48a23]
Transaction synchronization deregistering SqlSession [org.apache.ibatis.session.defaults.DefaultSqlSession@58c48a23]
Transaction synchronization closing SqlSession [org.apache.ibatis.session.defaults.DefaultSqlSession@58c48a23]
Creating a new SqlSession
Registering transaction synchronization for SqlSession [org.apache.ibatis.session.defaults.DefaultSqlSession@5cb654e3]
JDBC Connection [HikariProxyConnection@85984074 wrapping com.mysql.cj.jdbc.ConnectionImpl@247d44b4] will be managed by Spring
==>  Preparing: INSERT INTO `tb_post` (content, author_id, publish_at, last_update) VALUES (?, ?, ?, ?)
==> Parameters: 在客户关系管理中，我建立了良好的关系。(String), 33(Long), 2024-11-13T00:19:36.893024400(LocalDateTime), 2024-11-13T00:19:36.893024400(LocalDateTime)
<==    Updates: 1
Releasing transactional SqlSession [org.apache.ibatis.session.defaults.DefaultSqlSession@5cb654e3]
Transaction synchronization committing SqlSession [org.apache.ibatis.session.defaults.DefaultSqlSession@5cb654e3]
Transaction synchronization deregistering SqlSession [org.apache.ibatis.session.defaults.DefaultSqlSession@5cb654e3]
Transaction synchronization closing SqlSession [org.apache.ibatis.session.defaults.DefaultSqlSession@5cb654e3]
Creating a new SqlSession
Registering transaction synchronization for SqlSession [org.apache.ibatis.session.defaults.DefaultSqlSession@14f11a56]
JDBC Connection [HikariProxyConnection@1972920994 wrapping com.mysql.cj.jdbc.ConnectionImpl@247d44b4] will be managed by Spring
==>  Preparing: INSERT INTO `tb_post` (content, author_id, publish_at, last_update) VALUES (?, ?, ?, ?)
==> Parameters: 在质量管理中，我保证了产品的标准。(String), 40(Long), 2024-11-13T00:19:36.913272800(LocalDateTime), 2024-11-13T00:19:36.913272800(LocalDateTime)
<==    Updates: 1
Releasing transactional SqlSession [org.apache.ibatis.session.defaults.DefaultSqlSession@14f11a56]
Transaction synchronization committing SqlSession [org.apache.ibatis.session.defaults.DefaultSqlSession@14f11a56]
Transaction synchronization deregistering SqlSession [org.apache.ibatis.session.defaults.DefaultSqlSession@14f11a56]
Transaction synchronization closing SqlSession [org.apache.ibatis.session.defaults.DefaultSqlSession@14f11a56]
Creating a new SqlSession
Registering transaction synchronization for SqlSession [org.apache.ibatis.session.defaults.DefaultSqlSession@7b5e1b16]
JDBC Connection [HikariProxyConnection@1442603844 wrapping com.mysql.cj.jdbc.ConnectionImpl@247d44b4] will be managed by Spring
==>  Preparing: INSERT INTO `tb_post` (content, author_id, publish_at, last_update) VALUES (?, ?, ?, ?)
==> Parameters: 在风险管理中，我预防了潜在的问题。(String), 36(Long), 2024-11-13T00:19:36.919273700(LocalDateTime), 2024-11-13T00:19:36.919273700(LocalDateTime)
<==    Updates: 1
Releasing transactional SqlSession [org.apache.ibatis.session.defaults.DefaultSqlSession@7b5e1b16]
Transaction synchronization committing SqlSession [org.apache.ibatis.session.defaults.DefaultSqlSession@7b5e1b16]
Transaction synchronization deregistering SqlSession [org.apache.ibatis.session.defaults.DefaultSqlSession@7b5e1b16]
Transaction synchronization closing SqlSession [org.apache.ibatis.session.defaults.DefaultSqlSession@7b5e1b16]
Creating a new SqlSession
Registering transaction synchronization for SqlSession [org.apache.ibatis.session.defaults.DefaultSqlSession@44a7a331]
JDBC Connection [HikariProxyConnection@1510570627 wrapping com.mysql.cj.jdbc.ConnectionImpl@247d44b4] will be managed by Spring
==>  Preparing: INSERT INTO `tb_post` (content, author_id, publish_at, last_update) VALUES (?, ?, ?, ?)
==> Parameters: 在战略规划中，我制定了长远的目标。(String), 37(Long), 2024-11-13T00:19:36.924271(LocalDateTime), 2024-11-13T00:19:36.924271(LocalDateTime)
<==    Updates: 1
Releasing transactional SqlSession [org.apache.ibatis.session.defaults.DefaultSqlSession@44a7a331]
Transaction synchronization committing SqlSession [org.apache.ibatis.session.defaults.DefaultSqlSession@44a7a331]
Transaction synchronization deregistering SqlSession [org.apache.ibatis.session.defaults.DefaultSqlSession@44a7a331]
Transaction synchronization closing SqlSession [org.apache.ibatis.session.defaults.DefaultSqlSession@44a7a331]
Creating a new SqlSession
Registering transaction synchronization for SqlSession [org.apache.ibatis.session.defaults.DefaultSqlSession@2357f000]
JDBC Connection [HikariProxyConnection@1629792192 wrapping com.mysql.cj.jdbc.ConnectionImpl@247d44b4] will be managed by Spring
==>  Preparing: INSERT INTO `tb_post` (content, author_id, publish_at, last_update) VALUES (?, ?, ?, ?)
==> Parameters: 在品牌管理中，我塑造了独特的形象。(String), 1(Long), 2024-11-13T00:19:36.931030200(LocalDateTime), 2024-11-13T00:19:36.931030200(LocalDateTime)
<==    Updates: 1
Releasing transactional SqlSession [org.apache.ibatis.session.defaults.DefaultSqlSession@2357f000]
Transaction synchronization committing SqlSession [org.apache.ibatis.session.defaults.DefaultSqlSession@2357f000]
Transaction synchronization deregistering SqlSession [org.apache.ibatis.session.defaults.DefaultSqlSession@2357f000]
Transaction synchronization closing SqlSession [org.apache.ibatis.session.defaults.DefaultSqlSession@2357f000]
Creating a new SqlSession
Registering transaction synchronization for SqlSession [org.apache.ibatis.session.defaults.DefaultSqlSession@3c5d183]
JDBC Connection [HikariProxyConnection@969899836 wrapping com.mysql.cj.jdbc.ConnectionImpl@247d44b4] will be managed by Spring
==>  Preparing: INSERT INTO `tb_post` (content, author_id, publish_at, last_update) VALUES (?, ?, ?, ?)
==> Parameters: 在创意写作中，我编织了精彩的故事。(String), 36(Long), 2024-11-13T00:19:36.937025500(LocalDateTime), 2024-11-13T00:19:36.937025500(LocalDateTime)
<==    Updates: 1
Releasing transactional SqlSession [org.apache.ibatis.session.defaults.DefaultSqlSession@3c5d183]
Transaction synchronization committing SqlSession [org.apache.ibatis.session.defaults.DefaultSqlSession@3c5d183]
Transaction synchronization deregistering SqlSession [org.apache.ibatis.session.defaults.DefaultSqlSession@3c5d183]
Transaction synchronization closing SqlSession [org.apache.ibatis.session.defaults.DefaultSqlSession@3c5d183]
Creating a new SqlSession
Registering transaction synchronization for SqlSession [org.apache.ibatis.session.defaults.DefaultSqlSession@33da0fad]
JDBC Connection [HikariProxyConnection@483657770 wrapping com.mysql.cj.jdbc.ConnectionImpl@247d44b4] will be managed by Spring
==>  Preparing: INSERT INTO `tb_post` (content, author_id, publish_at, last_update) VALUES (?, ?, ?, ?)
==> Parameters: 在公共关系中，我维护了公司的形象。(String), 35(Long), 2024-11-13T00:19:36.942021800(LocalDateTime), 2024-11-13T00:19:36.942021800(LocalDateTime)
<==    Updates: 1
Releasing transactional SqlSession [org.apache.ibatis.session.defaults.DefaultSqlSession@33da0fad]
Transaction synchronization committing SqlSession [org.apache.ibatis.session.defaults.DefaultSqlSession@33da0fad]
Transaction synchronization deregistering SqlSession [org.apache.ibatis.session.defaults.DefaultSqlSession@33da0fad]
Transaction synchronization closing SqlSession [org.apache.ibatis.session.defaults.DefaultSqlSession@33da0fad]
Creating a new SqlSession
Registering transaction synchronization for SqlSession [org.apache.ibatis.session.defaults.DefaultSqlSession@1fae388c]
JDBC Connection [HikariProxyConnection@1101853425 wrapping com.mysql.cj.jdbc.ConnectionImpl@247d44b4] will be managed by Spring
==>  Preparing: INSERT INTO `tb_post` (content, author_id, publish_at, last_update) VALUES (?, ?, ?, ?)
==> Parameters: 在数据分析中，我发现了数据背后的故事。(String), 94(Long), 2024-11-13T00:19:36.946355800(LocalDateTime), 2024-11-13T00:19:36.946355800(LocalDateTime)
<==    Updates: 1
Releasing transactional SqlSession [org.apache.ibatis.session.defaults.DefaultSqlSession@1fae388c]
Transaction synchronization committing SqlSession [org.apache.ibatis.session.defaults.DefaultSqlSession@1fae388c]
Transaction synchronization deregistering SqlSession [org.apache.ibatis.session.defaults.DefaultSqlSession@1fae388c]
Transaction synchronization closing SqlSession [org.apache.ibatis.session.defaults.DefaultSqlSession@1fae388c]
Creating a new SqlSession
Registering transaction synchronization for SqlSession [org.apache.ibatis.session.defaults.DefaultSqlSession@14d7a962]
JDBC Connection [HikariProxyConnection@275672574 wrapping com.mysql.cj.jdbc.ConnectionImpl@247d44b4] will be managed by Spring
==>  Preparing: INSERT INTO `tb_post` (content, author_id, publish_at, last_update) VALUES (?, ?, ?, ?)
==> Parameters: 在用户体验设计中，我创造了愉悦的体验。(String), 98(Long), 2024-11-13T00:19:36.946355800(LocalDateTime), 2024-11-13T00:19:36.946355800(LocalDateTime)
<==    Updates: 1
Releasing transactional SqlSession [org.apache.ibatis.session.defaults.DefaultSqlSession@14d7a962]
Transaction synchronization committing SqlSession [org.apache.ibatis.session.defaults.DefaultSqlSession@14d7a962]
Transaction synchronization deregistering SqlSession [org.apache.ibatis.session.defaults.DefaultSqlSession@14d7a962]
Transaction synchronization closing SqlSession [org.apache.ibatis.session.defaults.DefaultSqlSession@14d7a962]
Creating a new SqlSession
Registering transaction synchronization for SqlSession [org.apache.ibatis.session.defaults.DefaultSqlSession@31b827a6]
JDBC Connection [HikariProxyConnection@540776655 wrapping com.mysql.cj.jdbc.ConnectionImpl@247d44b4] will be managed by Spring
==>  Preparing: INSERT INTO `tb_post` (content, author_id, publish_at, last_update) VALUES (?, ?, ?, ?)
==> Parameters: 在网页设计中，我构建了直观的界面。(String), 4(Long), 2024-11-13T00:19:36.946355800(LocalDateTime), 2024-11-13T00:19:36.946355800(LocalDateTime)
<==    Updates: 1
Releasing transactional SqlSession [org.apache.ibatis.session.defaults.DefaultSqlSession@31b827a6]
Transaction synchronization committing SqlSession [org.apache.ibatis.session.defaults.DefaultSqlSession@31b827a6]
Transaction synchronization deregistering SqlSession [org.apache.ibatis.session.defaults.DefaultSqlSession@31b827a6]
Transaction synchronization closing SqlSession [org.apache.ibatis.session.defaults.DefaultSqlSession@31b827a6]
Creating a new SqlSession
Registering transaction synchronization for SqlSession [org.apache.ibatis.session.defaults.DefaultSqlSession@25fb43a9]
JDBC Connection [HikariProxyConnection@1842142288 wrapping com.mysql.cj.jdbc.ConnectionImpl@247d44b4] will be managed by Spring
==>  Preparing: INSERT INTO `tb_post` (content, author_id, publish_at, last_update) VALUES (?, ?, ?, ?)
==> Parameters: 在移动应用开发中，我提供了便捷的服务。(String), 63(Long), 2024-11-13T00:19:36.968280500(LocalDateTime), 2024-11-13T00:19:36.968280500(LocalDateTime)
<==    Updates: 1
Releasing transactional SqlSession [org.apache.ibatis.session.defaults.DefaultSqlSession@25fb43a9]
Transaction synchronization committing SqlSession [org.apache.ibatis.session.defaults.DefaultSqlSession@25fb43a9]
Transaction synchronization deregistering SqlSession [org.apache.ibatis.session.defaults.DefaultSqlSession@25fb43a9]
Transaction synchronization closing SqlSession [org.apache.ibatis.session.defaults.DefaultSqlSession@25fb43a9]
Creating a new SqlSession
Registering transaction synchronization for SqlSession [org.apache.ibatis.session.defaults.DefaultSqlSession@71ad1d0b]
JDBC Connection [HikariProxyConnection@1569457100 wrapping com.mysql.cj.jdbc.ConnectionImpl@247d44b4] will be managed by Spring
==>  Preparing: INSERT INTO `tb_post` (content, author_id, publish_at, last_update) VALUES (?, ?, ?, ?)
==> Parameters: 在游戏设计中，我创造了有趣的世界。(String), 82(Long), 2024-11-13T00:19:36.977833600(LocalDateTime), 2024-11-13T00:19:36.977833600(LocalDateTime)
<==    Updates: 1
Releasing transactional SqlSession [org.apache.ibatis.session.defaults.DefaultSqlSession@71ad1d0b]
Transaction synchronization committing SqlSession [org.apache.ibatis.session.defaults.DefaultSqlSession@71ad1d0b]
Transaction synchronization deregistering SqlSession [org.apache.ibatis.session.defaults.DefaultSqlSession@71ad1d0b]
Transaction synchronization closing SqlSession [org.apache.ibatis.session.defaults.DefaultSqlSession@71ad1d0b]
Creating a new SqlSession
Registering transaction synchronization for SqlSession [org.apache.ibatis.session.defaults.DefaultSqlSession@6a2d0a19]
JDBC Connection [HikariProxyConnection@1451747629 wrapping com.mysql.cj.jdbc.ConnectionImpl@247d44b4] will be managed by Spring
==>  Preparing: INSERT INTO `tb_post` (content, author_id, publish_at, last_update) VALUES (?, ?, ?, ?)
==> Parameters: 在虚拟现实开发中，我打造了沉浸的体验。(String), 62(Long), 2024-11-13T00:19:36.986831200(LocalDateTime), 2024-11-13T00:19:36.986831200(LocalDateTime)
<==    Updates: 1
Releasing transactional SqlSession [org.apache.ibatis.session.defaults.DefaultSqlSession@6a2d0a19]
Transaction synchronization committing SqlSession [org.apache.ibatis.session.defaults.DefaultSqlSession@6a2d0a19]
Transaction synchronization deregistering SqlSession [org.apache.ibatis.session.defaults.DefaultSqlSession@6a2d0a19]
Transaction synchronization closing SqlSession [org.apache.ibatis.session.defaults.DefaultSqlSession@6a2d0a19]
Creating a new SqlSession
Registering transaction synchronization for SqlSession [org.apache.ibatis.session.defaults.DefaultSqlSession@6c65a7fc]
JDBC Connection [HikariProxyConnection@1365704314 wrapping com.mysql.cj.jdbc.ConnectionImpl@247d44b4] will be managed by Spring
==>  Preparing: INSERT INTO `tb_post` (content, author_id, publish_at, last_update) VALUES (?, ?, ?, ?)
==> Parameters: 在数字营销中，我吸引了目标的受众。(String), 75(Long), 2024-11-13T00:19:36.992971700(LocalDateTime), 2024-11-13T00:19:36.992971700(LocalDateTime)
<==    Updates: 1
Releasing transactional SqlSession [org.apache.ibatis.session.defaults.DefaultSqlSession@6c65a7fc]
Transaction synchronization committing SqlSession [org.apache.ibatis.session.defaults.DefaultSqlSession@6c65a7fc]
Transaction synchronization deregistering SqlSession [org.apache.ibatis.session.defaults.DefaultSqlSession@6c65a7fc]
Transaction synchronization closing SqlSession [org.apache.ibatis.session.defaults.DefaultSqlSession@6c65a7fc]
Creating a new SqlSession
Registering transaction synchronization for SqlSession [org.apache.ibatis.session.defaults.DefaultSqlSession@29f72685]
JDBC Connection [HikariProxyConnection@665370529 wrapping com.mysql.cj.jdbc.ConnectionImpl@247d44b4] will be managed by Spring
==>  Preparing: INSERT INTO `tb_post` (content, author_id, publish_at, last_update) VALUES (?, ?, ?, ?)
==> Parameters: 在内容创作中，我传递了有价值的信息。(String), 26(Long), 2024-11-13T00:19:36.992971700(LocalDateTime), 2024-11-13T00:19:36.992971700(LocalDateTime)
<==    Updates: 1
Releasing transactional SqlSession [org.apache.ibatis.session.defaults.DefaultSqlSession@29f72685]
Transaction synchronization committing SqlSession [org.apache.ibatis.session.defaults.DefaultSqlSession@29f72685]
Transaction synchronization deregistering SqlSession [org.apache.ibatis.session.defaults.DefaultSqlSession@29f72685]
Transaction synchronization closing SqlSession [org.apache.ibatis.session.defaults.DefaultSqlSession@29f72685]
Creating a new SqlSession
Registering transaction synchronization for SqlSession [org.apache.ibatis.session.defaults.DefaultSqlSession@2d6abfc7]
JDBC Connection [HikariProxyConnection@327832021 wrapping com.mysql.cj.jdbc.ConnectionImpl@247d44b4] will be managed by Spring
==>  Preparing: INSERT INTO `tb_post` (content, author_id, publish_at, last_update) VALUES (?, ?, ?, ?)
==> Parameters: 在社交媒体管理中，我增强了品牌的互动。(String), 2(Long), 2024-11-13T00:19:37.015185800(LocalDateTime), 2024-11-13T00:19:37.015185800(LocalDateTime)
<==    Updates: 1
Releasing transactional SqlSession [org.apache.ibatis.session.defaults.DefaultSqlSession@2d6abfc7]
Transaction synchronization committing SqlSession [org.apache.ibatis.session.defaults.DefaultSqlSession@2d6abfc7]
Transaction synchronization deregistering SqlSession [org.apache.ibatis.session.defaults.DefaultSqlSession@2d6abfc7]
Transaction synchronization closing SqlSession [org.apache.ibatis.session.defaults.DefaultSqlSession@2d6abfc7]
Creating a new SqlSession
Registering transaction synchronization for SqlSession [org.apache.ibatis.session.defaults.DefaultSqlSession@1ced1fb9]
JDBC Connection [HikariProxyConnection@1294716072 wrapping com.mysql.cj.jdbc.ConnectionImpl@247d44b4] will be managed by Spring
==>  Preparing: INSERT INTO `tb_post` (content, author_id, publish_at, last_update) VALUES (?, ?, ?, ?)
==> Parameters: 在广告创意中，我激发了消费者的想象。(String), 79(Long), 2024-11-13T00:19:37.025191(LocalDateTime), 2024-11-13T00:19:37.025191(LocalDateTime)
<==    Updates: 1
Releasing transactional SqlSession [org.apache.ibatis.session.defaults.DefaultSqlSession@1ced1fb9]
Transaction synchronization committing SqlSession [org.apache.ibatis.session.defaults.DefaultSqlSession@1ced1fb9]
Transaction synchronization deregistering SqlSession [org.apache.ibatis.session.defaults.DefaultSqlSession@1ced1fb9]
Transaction synchronization closing SqlSession [org.apache.ibatis.session.defaults.DefaultSqlSession@1ced1fb9]
Creating a new SqlSession
Registering transaction synchronization for SqlSession [org.apache.ibatis.session.defaults.DefaultSqlSession@2b592f17]
JDBC Connection [HikariProxyConnection@1187497363 wrapping com.mysql.cj.jdbc.ConnectionImpl@247d44b4] will be managed by Spring
==>  Preparing: INSERT INTO `tb_post` (content, author_id, publish_at, last_update) VALUES (?, ?, ?, ?)
==> Parameters: 在版权法中，我保护了创意的权益。(String), 49(Long), 2024-11-13T00:19:37.037041200(LocalDateTime), 2024-11-13T00:19:37.037041200(LocalDateTime)
<==    Updates: 1
Releasing transactional SqlSession [org.apache.ibatis.session.defaults.DefaultSqlSession@2b592f17]
Transaction synchronization committing SqlSession [org.apache.ibatis.session.defaults.DefaultSqlSession@2b592f17]
Transaction synchronization deregistering SqlSession [org.apache.ibatis.session.defaults.DefaultSqlSession@2b592f17]
Transaction synchronization closing SqlSession [org.apache.ibatis.session.defaults.DefaultSqlSession@2b592f17]
Creating a new SqlSession
Registering transaction synchronization for SqlSession [org.apache.ibatis.session.defaults.DefaultSqlSession@17d606c9]
JDBC Connection [HikariProxyConnection@1737665086 wrapping com.mysql.cj.jdbc.ConnectionImpl@247d44b4] will be managed by Spring
==>  Preparing: INSERT INTO `tb_post` (content, author_id, publish_at, last_update) VALUES (?, ?, ?, ?)
==> Parameters: 在专利法中，我鼓励了创新的发明。(String), 42(Long), 2024-11-13T00:19:37.043007700(LocalDateTime), 2024-11-13T00:19:37.043007700(LocalDateTime)
<==    Updates: 1
Releasing transactional SqlSession [org.apache.ibatis.session.defaults.DefaultSqlSession@17d606c9]
Transaction synchronization committing SqlSession [org.apache.ibatis.session.defaults.DefaultSqlSession@17d606c9]
Transaction synchronization deregistering SqlSession [org.apache.ibatis.session.defaults.DefaultSqlSession@17d606c9]
Transaction synchronization closing SqlSession [org.apache.ibatis.session.defaults.DefaultSqlSession@17d606c9]
Creating a new SqlSession
Registering transaction synchronization for SqlSession [org.apache.ibatis.session.defaults.DefaultSqlSession@75707f05]
JDBC Connection [HikariProxyConnection@690361423 wrapping com.mysql.cj.jdbc.ConnectionImpl@247d44b4] will be managed by Spring
==>  Preparing: INSERT INTO `tb_post` (content, author_id, publish_at, last_update) VALUES (?, ?, ?, ?)
==> Parameters: 在商标法中，我确保了品牌的识别。(String), 9(Long), 2024-11-13T00:19:37.055271500(LocalDateTime), 2024-11-13T00:19:37.055271500(LocalDateTime)
<==    Updates: 1
Releasing transactional SqlSession [org.apache.ibatis.session.defaults.DefaultSqlSession@75707f05]
Transaction synchronization committing SqlSession [org.apache.ibatis.session.defaults.DefaultSqlSession@75707f05]
Transaction synchronization deregistering SqlSession [org.apache.ibatis.session.defaults.DefaultSqlSession@75707f05]
Transaction synchronization closing SqlSession [org.apache.ibatis.session.defaults.DefaultSqlSession@75707f05]
Creating a new SqlSession
Registering transaction synchronization for SqlSession [org.apache.ibatis.session.defaults.DefaultSqlSession@63893cf6]
JDBC Connection [HikariProxyConnection@543634584 wrapping com.mysql.cj.jdbc.ConnectionImpl@247d44b4] will be managed by Spring
==>  Preparing: INSERT INTO `tb_post` (content, author_id, publish_at, last_update) VALUES (?, ?, ?, ?)
==> Parameters: 在国际贸易中，我拓展了全球的市场。(String), 36(Long), 2024-11-13T00:19:37.067383600(LocalDateTime), 2024-11-13T00:19:37.067383600(LocalDateTime)
<==    Updates: 1
Releasing transactional SqlSession [org.apache.ibatis.session.defaults.DefaultSqlSession@63893cf6]
Transaction synchronization committing SqlSession [org.apache.ibatis.session.defaults.DefaultSqlSession@63893cf6]
Transaction synchronization deregistering SqlSession [org.apache.ibatis.session.defaults.DefaultSqlSession@63893cf6]
Transaction synchronization closing SqlSession [org.apache.ibatis.session.defaults.DefaultSqlSession@63893cf6]
Creating a new SqlSession
Registering transaction synchronization for SqlSession [org.apache.ibatis.session.defaults.DefaultSqlSession@cc4a0dd]
JDBC Connection [HikariProxyConnection@83331807 wrapping com.mysql.cj.jdbc.ConnectionImpl@247d44b4] will be managed by Spring
==>  Preparing: INSERT INTO `tb_post` (content, author_id, publish_at, last_update) VALUES (?, ?, ?, ?)
==> Parameters: 在商业谈判中，我达成了共赢的协议。(String), 52(Long), 2024-11-13T00:19:37.078086500(LocalDateTime), 2024-11-13T00:19:37.078086500(LocalDateTime)
<==    Updates: 1
Releasing transactional SqlSession [org.apache.ibatis.session.defaults.DefaultSqlSession@cc4a0dd]
Transaction synchronization committing SqlSession [org.apache.ibatis.session.defaults.DefaultSqlSession@cc4a0dd]
Transaction synchronization deregistering SqlSession [org.apache.ibatis.session.defaults.DefaultSqlSession@cc4a0dd]
Transaction synchronization closing SqlSession [org.apache.ibatis.session.defaults.DefaultSqlSession@cc4a0dd]
Creating a new SqlSession
Registering transaction synchronization for SqlSession [org.apache.ibatis.session.defaults.DefaultSqlSession@509bf2d5]
JDBC Connection [HikariProxyConnection@78950445 wrapping com.mysql.cj.jdbc.ConnectionImpl@247d44b4] will be managed by Spring
==>  Preparing: INSERT INTO `tb_post` (content, author_id, publish_at, last_update) VALUES (?, ?, ?, ?)
==> Parameters: 在企业社会责任中，我推动了社会的改善。(String), 52(Long), 2024-11-13T00:19:37.088077300(LocalDateTime), 2024-11-13T00:19:37.088077300(LocalDateTime)
<==    Updates: 1
Releasing transactional SqlSession [org.apache.ibatis.session.defaults.DefaultSqlSession@509bf2d5]
Transaction synchronization committing SqlSession [org.apache.ibatis.session.defaults.DefaultSqlSession@509bf2d5]
Transaction synchronization deregistering SqlSession [org.apache.ibatis.session.defaults.DefaultSqlSession@509bf2d5]
Transaction synchronization closing SqlSession [org.apache.ibatis.session.defaults.DefaultSqlSession@509bf2d5]
Creating a new SqlSession
Registering transaction synchronization for SqlSession [org.apache.ibatis.session.defaults.DefaultSqlSession@6bf27411]
JDBC Connection [HikariProxyConnection@1474835976 wrapping com.mysql.cj.jdbc.ConnectionImpl@247d44b4] will be managed by Spring
==>  Preparing: INSERT INTO `tb_post` (content, author_id, publish_at, last_update) VALUES (?, ?, ?, ?)
==> Parameters: 在《塞尔达传说》中探索海拉尔大陆，每一次冒险都充满惊喜。(String), 26(Long), 2024-11-13T00:19:37.092078200(LocalDateTime), 2024-11-13T00:19:37.092078200(LocalDateTime)
<==    Updates: 1
Releasing transactional SqlSession [org.apache.ibatis.session.defaults.DefaultSqlSession@6bf27411]
Transaction synchronization committing SqlSession [org.apache.ibatis.session.defaults.DefaultSqlSession@6bf27411]
Transaction synchronization deregistering SqlSession [org.apache.ibatis.session.defaults.DefaultSqlSession@6bf27411]
Transaction synchronization closing SqlSession [org.apache.ibatis.session.defaults.DefaultSqlSession@6bf27411]
Creating a new SqlSession
Registering transaction synchronization for SqlSession [org.apache.ibatis.session.defaults.DefaultSqlSession@514eefc4]
JDBC Connection [HikariProxyConnection@1443763289 wrapping com.mysql.cj.jdbc.ConnectionImpl@247d44b4] will be managed by Spring
==>  Preparing: INSERT INTO `tb_post` (content, author_id, publish_at, last_update) VALUES (?, ?, ?, ?)
==> Parameters: 《使命召唤》的最新章节让我感受到了战场的紧张气氛。(String), 13(Long), 2024-11-13T00:19:37.094319800(LocalDateTime), 2024-11-13T00:19:37.094319800(LocalDateTime)
<==    Updates: 1
Releasing transactional SqlSession [org.apache.ibatis.session.defaults.DefaultSqlSession@514eefc4]
Transaction synchronization committing SqlSession [org.apache.ibatis.session.defaults.DefaultSqlSession@514eefc4]
Transaction synchronization deregistering SqlSession [org.apache.ibatis.session.defaults.DefaultSqlSession@514eefc4]
Transaction synchronization closing SqlSession [org.apache.ibatis.session.defaults.DefaultSqlSession@514eefc4]
Creating a new SqlSession
Registering transaction synchronization for SqlSession [org.apache.ibatis.session.defaults.DefaultSqlSession@d2ca3a9]
JDBC Connection [HikariProxyConnection@2137524890 wrapping com.mysql.cj.jdbc.ConnectionImpl@247d44b4] will be managed by Spring
==>  Preparing: INSERT INTO `tb_post` (content, author_id, publish_at, last_update) VALUES (?, ?, ?, ?)
==> Parameters: 《我的世界》里建造自己的城堡，创造力无限。(String), 60(Long), 2024-11-13T00:19:37.094319800(LocalDateTime), 2024-11-13T00:19:37.094319800(LocalDateTime)
<==    Updates: 1
Releasing transactional SqlSession [org.apache.ibatis.session.defaults.DefaultSqlSession@d2ca3a9]
Transaction synchronization committing SqlSession [org.apache.ibatis.session.defaults.DefaultSqlSession@d2ca3a9]
Transaction synchronization deregistering SqlSession [org.apache.ibatis.session.defaults.DefaultSqlSession@d2ca3a9]
Transaction synchronization closing SqlSession [org.apache.ibatis.session.defaults.DefaultSqlSession@d2ca3a9]
Creating a new SqlSession
Registering transaction synchronization for SqlSession [org.apache.ibatis.session.defaults.DefaultSqlSession@4f45290f]
JDBC Connection [HikariProxyConnection@1415784340 wrapping com.mysql.cj.jdbc.ConnectionImpl@247d44b4] will be managed by Spring
==>  Preparing: INSERT INTO `tb_post` (content, author_id, publish_at, last_update) VALUES (?, ?, ?, ?)
==> Parameters: 《动物森友会》的悠闲生活，让我暂时忘却了现实的烦恼。(String), 8(Long), 2024-11-13T00:19:37.110411100(LocalDateTime), 2024-11-13T00:19:37.110411100(LocalDateTime)
<==    Updates: 1
Releasing transactional SqlSession [org.apache.ibatis.session.defaults.DefaultSqlSession@4f45290f]
Transaction synchronization committing SqlSession [org.apache.ibatis.session.defaults.DefaultSqlSession@4f45290f]
Transaction synchronization deregistering SqlSession [org.apache.ibatis.session.defaults.DefaultSqlSession@4f45290f]
Transaction synchronization closing SqlSession [org.apache.ibatis.session.defaults.DefaultSqlSession@4f45290f]
Creating a new SqlSession
Registering transaction synchronization for SqlSession [org.apache.ibatis.session.defaults.DefaultSqlSession@760f4310]
JDBC Connection [HikariProxyConnection@1709501349 wrapping com.mysql.cj.jdbc.ConnectionImpl@247d44b4] will be managed by Spring
==>  Preparing: INSERT INTO `tb_post` (content, author_id, publish_at, last_update) VALUES (?, ?, ?, ?)
==> Parameters: 《最终幻想》系列的深刻剧情，每次都让我感动。(String), 18(Long), 2024-11-13T00:19:37.116407500(LocalDateTime), 2024-11-13T00:19:37.116407500(LocalDateTime)
<==    Updates: 1
Releasing transactional SqlSession [org.apache.ibatis.session.defaults.DefaultSqlSession@760f4310]
Transaction synchronization committing SqlSession [org.apache.ibatis.session.defaults.DefaultSqlSession@760f4310]
Transaction synchronization deregistering SqlSession [org.apache.ibatis.session.defaults.DefaultSqlSession@760f4310]
Transaction synchronization closing SqlSession [org.apache.ibatis.session.defaults.DefaultSqlSession@760f4310]
Creating a new SqlSession
Registering transaction synchronization for SqlSession [org.apache.ibatis.session.defaults.DefaultSqlSession@5c815478]
JDBC Connection [HikariProxyConnection@1825389809 wrapping com.mysql.cj.jdbc.ConnectionImpl@247d44b4] will be managed by Spring
==>  Preparing: INSERT INTO `tb_post` (content, author_id, publish_at, last_update) VALUES (?, ?, ?, ?)
==> Parameters: 《FIFA》让我在绿茵场上与朋友们一较高下。(String), 17(Long), 2024-11-13T00:19:37.121408500(LocalDateTime), 2024-11-13T00:19:37.121408500(LocalDateTime)
<==    Updates: 1
Releasing transactional SqlSession [org.apache.ibatis.session.defaults.DefaultSqlSession@5c815478]
Transaction synchronization committing SqlSession [org.apache.ibatis.session.defaults.DefaultSqlSession@5c815478]
Transaction synchronization deregistering SqlSession [org.apache.ibatis.session.defaults.DefaultSqlSession@5c815478]
Transaction synchronization closing SqlSession [org.apache.ibatis.session.defaults.DefaultSqlSession@5c815478]
Creating a new SqlSession
Registering transaction synchronization for SqlSession [org.apache.ibatis.session.defaults.DefaultSqlSession@557f0a39]
JDBC Connection [HikariProxyConnection@221355308 wrapping com.mysql.cj.jdbc.ConnectionImpl@247d44b4] will be managed by Spring
==>  Preparing: INSERT INTO `tb_post` (content, author_id, publish_at, last_update) VALUES (?, ?, ?, ?)
==> Parameters: 《英雄联盟》的团队合作是胜利的关键。(String), 59(Long), 2024-11-13T00:19:37.127035300(LocalDateTime), 2024-11-13T00:19:37.127035300(LocalDateTime)
<==    Updates: 1
Releasing transactional SqlSession [org.apache.ibatis.session.defaults.DefaultSqlSession@557f0a39]
Transaction synchronization committing SqlSession [org.apache.ibatis.session.defaults.DefaultSqlSession@557f0a39]
Transaction synchronization deregistering SqlSession [org.apache.ibatis.session.defaults.DefaultSqlSession@557f0a39]
Transaction synchronization closing SqlSession [org.apache.ibatis.session.defaults.DefaultSqlSession@557f0a39]
Creating a new SqlSession
Registering transaction synchronization for SqlSession [org.apache.ibatis.session.defaults.DefaultSqlSession@5add0cc0]
JDBC Connection [HikariProxyConnection@507972177 wrapping com.mysql.cj.jdbc.ConnectionImpl@247d44b4] will be managed by Spring
==>  Preparing: INSERT INTO `tb_post` (content, author_id, publish_at, last_update) VALUES (?, ?, ?, ?)
==> Parameters: 《星际争霸》的战略布局，考验着我的逻辑思维。(String), 56(Long), 2024-11-13T00:19:37.133033900(LocalDateTime), 2024-11-13T00:19:37.133033900(LocalDateTime)
<==    Updates: 1
Releasing transactional SqlSession [org.apache.ibatis.session.defaults.DefaultSqlSession@5add0cc0]
Transaction synchronization committing SqlSession [org.apache.ibatis.session.defaults.DefaultSqlSession@5add0cc0]
Transaction synchronization deregistering SqlSession [org.apache.ibatis.session.defaults.DefaultSqlSession@5add0cc0]
Transaction synchronization closing SqlSession [org.apache.ibatis.session.defaults.DefaultSqlSession@5add0cc0]
Creating a new SqlSession
Registering transaction synchronization for SqlSession [org.apache.ibatis.session.defaults.DefaultSqlSession@21143041]
JDBC Connection [HikariProxyConnection@1629432053 wrapping com.mysql.cj.jdbc.ConnectionImpl@247d44b4] will be managed by Spring
==>  Preparing: INSERT INTO `tb_post` (content, author_id, publish_at, last_update) VALUES (?, ?, ?, ?)
==> Parameters: 《刺客信条》的历史穿越，让我体验了不同的时代。(String), 88(Long), 2024-11-13T00:19:37.139034400(LocalDateTime), 2024-11-13T00:19:37.139034400(LocalDateTime)
<==    Updates: 1
Releasing transactional SqlSession [org.apache.ibatis.session.defaults.DefaultSqlSession@21143041]
Transaction synchronization committing SqlSession [org.apache.ibatis.session.defaults.DefaultSqlSession@21143041]
Transaction synchronization deregistering SqlSession [org.apache.ibatis.session.defaults.DefaultSqlSession@21143041]
Transaction synchronization closing SqlSession [org.apache.ibatis.session.defaults.DefaultSqlSession@21143041]
Creating a new SqlSession
Registering transaction synchronization for SqlSession [org.apache.ibatis.session.defaults.DefaultSqlSession@4290fcd7]
JDBC Connection [HikariProxyConnection@348244902 wrapping com.mysql.cj.jdbc.ConnectionImpl@247d44b4] will be managed by Spring
==>  Preparing: INSERT INTO `tb_post` (content, author_id, publish_at, last_update) VALUES (?, ?, ?, ?)
==> Parameters: 《模拟人生》中的角色扮演，让我体验了不同的人生。(String), 97(Long), 2024-11-13T00:19:37.144206200(LocalDateTime), 2024-11-13T00:19:37.144206200(LocalDateTime)
<==    Updates: 1
Releasing transactional SqlSession [org.apache.ibatis.session.defaults.DefaultSqlSession@4290fcd7]
Transaction synchronization committing SqlSession [org.apache.ibatis.session.defaults.DefaultSqlSession@4290fcd7]
Transaction synchronization deregistering SqlSession [org.apache.ibatis.session.defaults.DefaultSqlSession@4290fcd7]
Transaction synchronization closing SqlSession [org.apache.ibatis.session.defaults.DefaultSqlSession@4290fcd7]
Creating a new SqlSession
Registering transaction synchronization for SqlSession [org.apache.ibatis.session.defaults.DefaultSqlSession@7127f04b]
JDBC Connection [HikariProxyConnection@1123660837 wrapping com.mysql.cj.jdbc.ConnectionImpl@247d44b4] will be managed by Spring
==>  Preparing: INSERT INTO `tb_post` (content, author_id, publish_at, last_update) VALUES (?, ?, ?, ?)
==> Parameters: 《古墓丽影》中的解谜环节，总是让我欲罢不能。(String), 40(Long), 2024-11-13T00:19:37.146482300(LocalDateTime), 2024-11-13T00:19:37.146482300(LocalDateTime)
<==    Updates: 1
Releasing transactional SqlSession [org.apache.ibatis.session.defaults.DefaultSqlSession@7127f04b]
Transaction synchronization committing SqlSession [org.apache.ibatis.session.defaults.DefaultSqlSession@7127f04b]
Transaction synchronization deregistering SqlSession [org.apache.ibatis.session.defaults.DefaultSqlSession@7127f04b]
Transaction synchronization closing SqlSession [org.apache.ibatis.session.defaults.DefaultSqlSession@7127f04b]
Creating a new SqlSession
Registering transaction synchronization for SqlSession [org.apache.ibatis.session.defaults.DefaultSqlSession@1ed17eaf]
JDBC Connection [HikariProxyConnection@250677261 wrapping com.mysql.cj.jdbc.ConnectionImpl@247d44b4] will be managed by Spring
==>  Preparing: INSERT INTO `tb_post` (content, author_id, publish_at, last_update) VALUES (?, ?, ?, ?)
==> Parameters: 《守望先锋》的英雄们，各具特色，战斗激烈。(String), 41(Long), 2024-11-13T00:19:37.146482300(LocalDateTime), 2024-11-13T00:19:37.146482300(LocalDateTime)
<==    Updates: 1
Releasing transactional SqlSession [org.apache.ibatis.session.defaults.DefaultSqlSession@1ed17eaf]
Transaction synchronization committing SqlSession [org.apache.ibatis.session.defaults.DefaultSqlSession@1ed17eaf]
Transaction synchronization deregistering SqlSession [org.apache.ibatis.session.defaults.DefaultSqlSession@1ed17eaf]
Transaction synchronization closing SqlSession [org.apache.ibatis.session.defaults.DefaultSqlSession@1ed17eaf]
Creating a new SqlSession
Registering transaction synchronization for SqlSession [org.apache.ibatis.session.defaults.DefaultSqlSession@367e0b0e]
JDBC Connection [HikariProxyConnection@706753323 wrapping com.mysql.cj.jdbc.ConnectionImpl@247d44b4] will be managed by Spring
==>  Preparing: INSERT INTO `tb_post` (content, author_id, publish_at, last_update) VALUES (?, ?, ?, ?)
==> Parameters: 《巫师3》的开放世界，让我沉浸在庞大的故事中。(String), 21(Long), 2024-11-13T00:19:37.160246(LocalDateTime), 2024-11-13T00:19:37.160246(LocalDateTime)
<==    Updates: 1
Releasing transactional SqlSession [org.apache.ibatis.session.defaults.DefaultSqlSession@367e0b0e]
Transaction synchronization committing SqlSession [org.apache.ibatis.session.defaults.DefaultSqlSession@367e0b0e]
Transaction synchronization deregistering SqlSession [org.apache.ibatis.session.defaults.DefaultSqlSession@367e0b0e]
Transaction synchronization closing SqlSession [org.apache.ibatis.session.defaults.DefaultSqlSession@367e0b0e]
Creating a new SqlSession
Registering transaction synchronization for SqlSession [org.apache.ibatis.session.defaults.DefaultSqlSession@1444e35f]
JDBC Connection [HikariProxyConnection@646898461 wrapping com.mysql.cj.jdbc.ConnectionImpl@247d44b4] will be managed by Spring
==>  Preparing: INSERT INTO `tb_post` (content, author_id, publish_at, last_update) VALUES (?, ?, ?, ?)
==> Parameters: 《绝地求生》的紧张刺激，每一次都是新的挑战。(String), 78(Long), 2024-11-13T00:19:37.165244100(LocalDateTime), 2024-11-13T00:19:37.165244100(LocalDateTime)
<==    Updates: 1
Releasing transactional SqlSession [org.apache.ibatis.session.defaults.DefaultSqlSession@1444e35f]
Transaction synchronization committing SqlSession [org.apache.ibatis.session.defaults.DefaultSqlSession@1444e35f]
Transaction synchronization deregistering SqlSession [org.apache.ibatis.session.defaults.DefaultSqlSession@1444e35f]
Transaction synchronization closing SqlSession [org.apache.ibatis.session.defaults.DefaultSqlSession@1444e35f]
Creating a new SqlSession
Registering transaction synchronization for SqlSession [org.apache.ibatis.session.defaults.DefaultSqlSession@461c0572]
JDBC Connection [HikariProxyConnection@1149706788 wrapping com.mysql.cj.jdbc.ConnectionImpl@247d44b4] will be managed by Spring
==>  Preparing: INSERT INTO `tb_post` (content, author_id, publish_at, last_update) VALUES (?, ?, ?, ?)
==> Parameters: 《黑暗之魂》的高难度挑战，考验着我的耐心和技巧。(String), 83(Long), 2024-11-13T00:19:37.175251(LocalDateTime), 2024-11-13T00:19:37.175251(LocalDateTime)
<==    Updates: 1
Releasing transactional SqlSession [org.apache.ibatis.session.defaults.DefaultSqlSession@461c0572]
Transaction synchronization committing SqlSession [org.apache.ibatis.session.defaults.DefaultSqlSession@461c0572]
Transaction synchronization deregistering SqlSession [org.apache.ibatis.session.defaults.DefaultSqlSession@461c0572]
Transaction synchronization closing SqlSession [org.apache.ibatis.session.defaults.DefaultSqlSession@461c0572]
Creating a new SqlSession
Registering transaction synchronization for SqlSession [org.apache.ibatis.session.defaults.DefaultSqlSession@23ba2c1e]
JDBC Connection [HikariProxyConnection@1672688893 wrapping com.mysql.cj.jdbc.ConnectionImpl@247d44b4] will be managed by Spring
==>  Preparing: INSERT INTO `tb_post` (content, author_id, publish_at, last_update) VALUES (?, ?, ?, ?)
==> Parameters: 《马里奥赛车》的欢乐竞速，是我家庭聚会的最爱。(String), 8(Long), 2024-11-13T00:19:37.186388400(LocalDateTime), 2024-11-13T00:19:37.186388400(LocalDateTime)
<==    Updates: 1
Releasing transactional SqlSession [org.apache.ibatis.session.defaults.DefaultSqlSession@23ba2c1e]
Transaction synchronization committing SqlSession [org.apache.ibatis.session.defaults.DefaultSqlSession@23ba2c1e]
Transaction synchronization deregistering SqlSession [org.apache.ibatis.session.defaults.DefaultSqlSession@23ba2c1e]
Transaction synchronization closing SqlSession [org.apache.ibatis.session.defaults.DefaultSqlSession@23ba2c1e]
Creating a new SqlSession
Registering transaction synchronization for SqlSession [org.apache.ibatis.session.defaults.DefaultSqlSession@547aa7f4]
JDBC Connection [HikariProxyConnection@1233554936 wrapping com.mysql.cj.jdbc.ConnectionImpl@247d44b4] will be managed by Spring
==>  Preparing: INSERT INTO `tb_post` (content, author_id, publish_at, last_update) VALUES (?, ?, ?, ?)
==> Parameters: 《DOTA 2》的策略与操作，让我体验了电子竞技的魅力。(String), 30(Long), 2024-11-13T00:19:37.192978600(LocalDateTime), 2024-11-13T00:19:37.192978600(LocalDateTime)
<==    Updates: 1
Releasing transactional SqlSession [org.apache.ibatis.session.defaults.DefaultSqlSession@547aa7f4]
Transaction synchronization committing SqlSession [org.apache.ibatis.session.defaults.DefaultSqlSession@547aa7f4]
Transaction synchronization deregistering SqlSession [org.apache.ibatis.session.defaults.DefaultSqlSession@547aa7f4]
Transaction synchronization closing SqlSession [org.apache.ibatis.session.defaults.DefaultSqlSession@547aa7f4]
Creating a new SqlSession
Registering transaction synchronization for SqlSession [org.apache.ibatis.session.defaults.DefaultSqlSession@10bae3c0]
JDBC Connection [HikariProxyConnection@482728105 wrapping com.mysql.cj.jdbc.ConnectionImpl@247d44b4] will be managed by Spring
==>  Preparing: INSERT INTO `tb_post` (content, author_id, publish_at, last_update) VALUES (?, ?, ?, ?)
==> Parameters: 《生化危机》的恐怖氛围，让我心跳加速。(String), 91(Long), 2024-11-13T00:19:37.192978600(LocalDateTime), 2024-11-13T00:19:37.192978600(LocalDateTime)
<==    Updates: 1
Releasing transactional SqlSession [org.apache.ibatis.session.defaults.DefaultSqlSession@10bae3c0]
Transaction synchronization committing SqlSession [org.apache.ibatis.session.defaults.DefaultSqlSession@10bae3c0]
Transaction synchronization deregistering SqlSession [org.apache.ibatis.session.defaults.DefaultSqlSession@10bae3c0]
Transaction synchronization closing SqlSession [org.apache.ibatis.session.defaults.DefaultSqlSession@10bae3c0]
Creating a new SqlSession
Registering transaction synchronization for SqlSession [org.apache.ibatis.session.defaults.DefaultSqlSession@163b8acc]
JDBC Connection [HikariProxyConnection@2117653154 wrapping com.mysql.cj.jdbc.ConnectionImpl@247d44b4] will be managed by Spring
==>  Preparing: INSERT INTO `tb_post` (content, author_id, publish_at, last_update) VALUES (?, ?, ?, ?)
==> Parameters: 《GTA》系列的自由度，让我在虚拟世界中为所欲为。(String), 83(Long), 2024-11-13T00:19:37.214057200(LocalDateTime), 2024-11-13T00:19:37.214057200(LocalDateTime)
<==    Updates: 1
Releasing transactional SqlSession [org.apache.ibatis.session.defaults.DefaultSqlSession@163b8acc]
Transaction synchronization committing SqlSession [org.apache.ibatis.session.defaults.DefaultSqlSession@163b8acc]
Transaction synchronization deregistering SqlSession [org.apache.ibatis.session.defaults.DefaultSqlSession@163b8acc]
Transaction synchronization closing SqlSession [org.apache.ibatis.session.defaults.DefaultSqlSession@163b8acc]
Creating a new SqlSession
Registering transaction synchronization for SqlSession [org.apache.ibatis.session.defaults.DefaultSqlSession@5fc3dfc1]
JDBC Connection [HikariProxyConnection@442705507 wrapping com.mysql.cj.jdbc.ConnectionImpl@247d44b4] will be managed by Spring
==>  Preparing: INSERT INTO `tb_post` (content, author_id, publish_at, last_update) VALUES (?, ?, ?, ?)
==> Parameters: 《宝可梦》的收集与对战，是我童年的美好回忆。(String), 32(Long), 2024-11-13T00:19:37.223055200(LocalDateTime), 2024-11-13T00:19:37.223055200(LocalDateTime)
<==    Updates: 1
Releasing transactional SqlSession [org.apache.ibatis.session.defaults.DefaultSqlSession@5fc3dfc1]
Transaction synchronization committing SqlSession [org.apache.ibatis.session.defaults.DefaultSqlSession@5fc3dfc1]
Transaction synchronization deregistering SqlSession [org.apache.ibatis.session.defaults.DefaultSqlSession@5fc3dfc1]
Transaction synchronization closing SqlSession [org.apache.ibatis.session.defaults.DefaultSqlSession@5fc3dfc1]
Creating a new SqlSession
Registering transaction synchronization for SqlSession [org.apache.ibatis.session.defaults.DefaultSqlSession@265361a]
JDBC Connection [HikariProxyConnection@763733191 wrapping com.mysql.cj.jdbc.ConnectionImpl@247d44b4] will be managed by Spring
==>  Preparing: INSERT INTO `tb_post` (content, author_id, publish_at, last_update) VALUES (?, ?, ?, ?)
==> Parameters: 《战地》系列的战场模拟，让我感受到了战争的残酷。(String), 9(Long), 2024-11-13T00:19:37.231828800(LocalDateTime), 2024-11-13T00:19:37.231828800(LocalDateTime)
<==    Updates: 1
Releasing transactional SqlSession [org.apache.ibatis.session.defaults.DefaultSqlSession@265361a]
Transaction synchronization committing SqlSession [org.apache.ibatis.session.defaults.DefaultSqlSession@265361a]
Transaction synchronization deregistering SqlSession [org.apache.ibatis.session.defaults.DefaultSqlSession@265361a]
Transaction synchronization closing SqlSession [org.apache.ibatis.session.defaults.DefaultSqlSession@265361a]
Creating a new SqlSession
Registering transaction synchronization for SqlSession [org.apache.ibatis.session.defaults.DefaultSqlSession@3f16a823]
JDBC Connection [HikariProxyConnection@2006273911 wrapping com.mysql.cj.jdbc.ConnectionImpl@247d44b4] will be managed by Spring
==>  Preparing: INSERT INTO `tb_post` (content, author_id, publish_at, last_update) VALUES (?, ?, ?, ?)
==> Parameters: 《怪物猎人》的狩猎挑战，每一次都是新的探险。(String), 96(Long), 2024-11-13T00:19:37.240828900(LocalDateTime), 2024-11-13T00:19:37.240828900(LocalDateTime)
<==    Updates: 1
Releasing transactional SqlSession [org.apache.ibatis.session.defaults.DefaultSqlSession@3f16a823]
Transaction synchronization committing SqlSession [org.apache.ibatis.session.defaults.DefaultSqlSession@3f16a823]
Transaction synchronization deregistering SqlSession [org.apache.ibatis.session.defaults.DefaultSqlSession@3f16a823]
Transaction synchronization closing SqlSession [org.apache.ibatis.session.defaults.DefaultSqlSession@3f16a823]
Creating a new SqlSession
Registering transaction synchronization for SqlSession [org.apache.ibatis.session.defaults.DefaultSqlSession@7cd6b76a]
JDBC Connection [HikariProxyConnection@157777748 wrapping com.mysql.cj.jdbc.ConnectionImpl@247d44b4] will be managed by Spring
==>  Preparing: INSERT INTO `tb_post` (content, author_id, publish_at, last_update) VALUES (?, ?, ?, ?)
==> Parameters: 《Among Us》的社交推理，让我与朋友们度过了欢乐时光。(String), 29(Long), 2024-11-13T00:19:37.245916700(LocalDateTime), 2024-11-13T00:19:37.245916700(LocalDateTime)
<==    Updates: 1
Releasing transactional SqlSession [org.apache.ibatis.session.defaults.DefaultSqlSession@7cd6b76a]
Transaction synchronization committing SqlSession [org.apache.ibatis.session.defaults.DefaultSqlSession@7cd6b76a]
Transaction synchronization deregistering SqlSession [org.apache.ibatis.session.defaults.DefaultSqlSession@7cd6b76a]
Transaction synchronization closing SqlSession [org.apache.ibatis.session.defaults.DefaultSqlSession@7cd6b76a]
Creating a new SqlSession
Registering transaction synchronization for SqlSession [org.apache.ibatis.session.defaults.DefaultSqlSession@14237e5]
JDBC Connection [HikariProxyConnection@1423322165 wrapping com.mysql.cj.jdbc.ConnectionImpl@247d44b4] will be managed by Spring
==>  Preparing: INSERT INTO `tb_post` (content, author_id, publish_at, last_update) VALUES (?, ?, ?, ?)
==> Parameters: 《地平线：零之曙光》的未来世界，充满了未知与惊奇。(String), 47(Long), 2024-11-13T00:19:37.261273700(LocalDateTime), 2024-11-13T00:19:37.261273700(LocalDateTime)
<==    Updates: 1
Releasing transactional SqlSession [org.apache.ibatis.session.defaults.DefaultSqlSession@14237e5]
Transaction synchronization committing SqlSession [org.apache.ibatis.session.defaults.DefaultSqlSession@14237e5]
Transaction synchronization deregistering SqlSession [org.apache.ibatis.session.defaults.DefaultSqlSession@14237e5]
Transaction synchronization closing SqlSession [org.apache.ibatis.session.defaults.DefaultSqlSession@14237e5]
Creating a new SqlSession
Registering transaction synchronization for SqlSession [org.apache.ibatis.session.defaults.DefaultSqlSession@16c6d5a2]
JDBC Connection [HikariProxyConnection@140600168 wrapping com.mysql.cj.jdbc.ConnectionImpl@247d44b4] will be managed by Spring
==>  Preparing: INSERT INTO `tb_post` (content, author_id, publish_at, last_update) VALUES (?, ?, ?, ?)
==> Parameters: 《Apex Legends》的快节奏战斗，让我肾上腺素激增。(String), 76(Long), 2024-11-13T00:19:37.279012600(LocalDateTime), 2024-11-13T00:19:37.279012600(LocalDateTime)
<==    Updates: 1
Releasing transactional SqlSession [org.apache.ibatis.session.defaults.DefaultSqlSession@16c6d5a2]
Transaction synchronization committing SqlSession [org.apache.ibatis.session.defaults.DefaultSqlSession@16c6d5a2]
Transaction synchronization deregistering SqlSession [org.apache.ibatis.session.defaults.DefaultSqlSession@16c6d5a2]
Transaction synchronization closing SqlSession [org.apache.ibatis.session.defaults.DefaultSqlSession@16c6d5a2]
Creating a new SqlSession
Registering transaction synchronization for SqlSession [org.apache.ibatis.session.defaults.DefaultSqlSession@78626209]
JDBC Connection [HikariProxyConnection@160830059 wrapping com.mysql.cj.jdbc.ConnectionImpl@247d44b4] will be managed by Spring
==>  Preparing: INSERT INTO `tb_post` (content, author_id, publish_at, last_update) VALUES (?, ?, ?, ?)
==> Parameters: 《炉石传说》的策略卡牌，考验着我的决策能力。(String), 7(Long), 2024-11-13T00:19:37.289011500(LocalDateTime), 2024-11-13T00:19:37.289011500(LocalDateTime)
<==    Updates: 1
Releasing transactional SqlSession [org.apache.ibatis.session.defaults.DefaultSqlSession@78626209]
Transaction synchronization committing SqlSession [org.apache.ibatis.session.defaults.DefaultSqlSession@78626209]
Transaction synchronization deregistering SqlSession [org.apache.ibatis.session.defaults.DefaultSqlSession@78626209]
Transaction synchronization closing SqlSession [org.apache.ibatis.session.defaults.DefaultSqlSession@78626209]
Creating a new SqlSession
Registering transaction synchronization for SqlSession [org.apache.ibatis.session.defaults.DefaultSqlSession@4f50e974]
JDBC Connection [HikariProxyConnection@1646517229 wrapping com.mysql.cj.jdbc.ConnectionImpl@247d44b4] will be managed by Spring
==>  Preparing: INSERT INTO `tb_post` (content, author_id, publish_at, last_update) VALUES (?, ?, ?, ?)
==> Parameters: 《星露谷物语》的农场生活，让我体验了田园的宁静。(String), 3(Long), 2024-11-13T00:19:37.292972100(LocalDateTime), 2024-11-13T00:19:37.292972100(LocalDateTime)
<==    Updates: 1
Releasing transactional SqlSession [org.apache.ibatis.session.defaults.DefaultSqlSession@4f50e974]
Transaction synchronization committing SqlSession [org.apache.ibatis.session.defaults.DefaultSqlSession@4f50e974]
Transaction synchronization deregistering SqlSession [org.apache.ibatis.session.defaults.DefaultSqlSession@4f50e974]
Transaction synchronization closing SqlSession [org.apache.ibatis.session.defaults.DefaultSqlSession@4f50e974]
Creating a new SqlSession
Registering transaction synchronization for SqlSession [org.apache.ibatis.session.defaults.DefaultSqlSession@c42ee90]
JDBC Connection [HikariProxyConnection@939768858 wrapping com.mysql.cj.jdbc.ConnectionImpl@247d44b4] will be managed by Spring
==>  Preparing: INSERT INTO `tb_post` (content, author_id, publish_at, last_update) VALUES (?, ?, ?, ?)
==> Parameters: 《荒野乱斗》的快节奏对战，让我爱不释手。(String), 62(Long), 2024-11-13T00:19:37.292972100(LocalDateTime), 2024-11-13T00:19:37.292972100(LocalDateTime)
<==    Updates: 1
Releasing transactional SqlSession [org.apache.ibatis.session.defaults.DefaultSqlSession@c42ee90]
Transaction synchronization committing SqlSession [org.apache.ibatis.session.defaults.DefaultSqlSession@c42ee90]
Transaction synchronization deregistering SqlSession [org.apache.ibatis.session.defaults.DefaultSqlSession@c42ee90]
Transaction synchronization closing SqlSession [org.apache.ibatis.session.defaults.DefaultSqlSession@c42ee90]
Creating a new SqlSession
Registering transaction synchronization for SqlSession [org.apache.ibatis.session.defaults.DefaultSqlSession@5c0d876c]
JDBC Connection [HikariProxyConnection@1998683159 wrapping com.mysql.cj.jdbc.ConnectionImpl@247d44b4] will be managed by Spring
==>  Preparing: INSERT INTO `tb_post` (content, author_id, publish_at, last_update) VALUES (?, ?, ?, ?)
==> Parameters: 《光环》系列的科幻世界，让我向往宇宙的奥秘。(String), 85(Long), 2024-11-13T00:19:37.312186300(LocalDateTime), 2024-11-13T00:19:37.312186300(LocalDateTime)
<==    Updates: 1
Releasing transactional SqlSession [org.apache.ibatis.session.defaults.DefaultSqlSession@5c0d876c]
Transaction synchronization committing SqlSession [org.apache.ibatis.session.defaults.DefaultSqlSession@5c0d876c]
Transaction synchronization deregistering SqlSession [org.apache.ibatis.session.defaults.DefaultSqlSession@5c0d876c]
Transaction synchronization closing SqlSession [org.apache.ibatis.session.defaults.DefaultSqlSession@5c0d876c]
Creating a new SqlSession
Registering transaction synchronization for SqlSession [org.apache.ibatis.session.defaults.DefaultSqlSession@1902ad0f]
JDBC Connection [HikariProxyConnection@2120230345 wrapping com.mysql.cj.jdbc.ConnectionImpl@247d44b4] will be managed by Spring
==>  Preparing: INSERT INTO `tb_post` (content, author_id, publish_at, last_update) VALUES (?, ?, ?, ?)
==> Parameters: 《地铁：离去》的末世生存，让我感受到了生存的艰难。(String), 37(Long), 2024-11-13T00:19:37.317182200(LocalDateTime), 2024-11-13T00:19:37.317182200(LocalDateTime)
<==    Updates: 1
Releasing transactional SqlSession [org.apache.ibatis.session.defaults.DefaultSqlSession@1902ad0f]
Transaction synchronization committing SqlSession [org.apache.ibatis.session.defaults.DefaultSqlSession@1902ad0f]
Transaction synchronization deregistering SqlSession [org.apache.ibatis.session.defaults.DefaultSqlSession@1902ad0f]
Transaction synchronization closing SqlSession [org.apache.ibatis.session.defaults.DefaultSqlSession@1902ad0f]
Creating a new SqlSession
Registering transaction synchronization for SqlSession [org.apache.ibatis.session.defaults.DefaultSqlSession@7725470b]
JDBC Connection [HikariProxyConnection@830559665 wrapping com.mysql.cj.jdbc.ConnectionImpl@247d44b4] will be managed by Spring
==>  Preparing: INSERT INTO `tb_post` (content, author_id, publish_at, last_update) VALUES (?, ?, ?, ?)
==> Parameters: 《死亡搁浅》的连接主题，让我思考了人与人之间的关系。(String), 52(Long), 2024-11-13T00:19:37.322186600(LocalDateTime), 2024-11-13T00:19:37.322186600(LocalDateTime)
<==    Updates: 1
Releasing transactional SqlSession [org.apache.ibatis.session.defaults.DefaultSqlSession@7725470b]
Transaction synchronization committing SqlSession [org.apache.ibatis.session.defaults.DefaultSqlSession@7725470b]
Transaction synchronization deregistering SqlSession [org.apache.ibatis.session.defaults.DefaultSqlSession@7725470b]
Transaction synchronization closing SqlSession [org.apache.ibatis.session.defaults.DefaultSqlSession@7725470b]
Creating a new SqlSession
Registering transaction synchronization for SqlSession [org.apache.ibatis.session.defaults.DefaultSqlSession@47fb30ca]
JDBC Connection [HikariProxyConnection@2136034814 wrapping com.mysql.cj.jdbc.ConnectionImpl@247d44b4] will be managed by Spring
==>  Preparing: INSERT INTO `tb_post` (content, author_id, publish_at, last_update) VALUES (?, ?, ?, ?)
==> Parameters: 《荒野大镖客：救赎2》的西部世界，让我体验了牛仔的生活。(String), 20(Long), 2024-11-13T00:19:37.327857500(LocalDateTime), 2024-11-13T00:19:37.327857500(LocalDateTime)
<==    Updates: 1
Releasing transactional SqlSession [org.apache.ibatis.session.defaults.DefaultSqlSession@47fb30ca]
Transaction synchronization committing SqlSession [org.apache.ibatis.session.defaults.DefaultSqlSession@47fb30ca]
Transaction synchronization deregistering SqlSession [org.apache.ibatis.session.defaults.DefaultSqlSession@47fb30ca]
Transaction synchronization closing SqlSession [org.apache.ibatis.session.defaults.DefaultSqlSession@47fb30ca]
Creating a new SqlSession
Registering transaction synchronization for SqlSession [org.apache.ibatis.session.defaults.DefaultSqlSession@258ff54a]
JDBC Connection [HikariProxyConnection@2010134328 wrapping com.mysql.cj.jdbc.ConnectionImpl@247d44b4] will be managed by Spring
==>  Preparing: INSERT INTO `tb_post` (content, author_id, publish_at, last_update) VALUES (?, ?, ?, ?)
==> Parameters: 《Splatoon 2》的色彩大战，充满了创意与乐趣。(String), 26(Long), 2024-11-13T00:19:37.332855600(LocalDateTime), 2024-11-13T00:19:37.332855600(LocalDateTime)
<==    Updates: 1
Releasing transactional SqlSession [org.apache.ibatis.session.defaults.DefaultSqlSession@258ff54a]
Transaction synchronization committing SqlSession [org.apache.ibatis.session.defaults.DefaultSqlSession@258ff54a]
Transaction synchronization deregistering SqlSession [org.apache.ibatis.session.defaults.DefaultSqlSession@258ff54a]
Transaction synchronization closing SqlSession [org.apache.ibatis.session.defaults.DefaultSqlSession@258ff54a]
Creating a new SqlSession
Registering transaction synchronization for SqlSession [org.apache.ibatis.session.defaults.DefaultSqlSession@7fb02869]
JDBC Connection [HikariProxyConnection@838605678 wrapping com.mysql.cj.jdbc.ConnectionImpl@247d44b4] will be managed by Spring
==>  Preparing: INSERT INTO `tb_post` (content, author_id, publish_at, last_update) VALUES (?, ?, ?, ?)
==> Parameters: 《堡垒之夜》的建造与战斗，让我体验了游戏的无限可能。(String), 23(Long), 2024-11-13T00:19:37.337851100(LocalDateTime), 2024-11-13T00:19:37.337851100(LocalDateTime)
<==    Updates: 1
Releasing transactional SqlSession [org.apache.ibatis.session.defaults.DefaultSqlSession@7fb02869]
Transaction synchronization committing SqlSession [org.apache.ibatis.session.defaults.DefaultSqlSession@7fb02869]
Transaction synchronization deregistering SqlSession [org.apache.ibatis.session.defaults.DefaultSqlSession@7fb02869]
Transaction synchronization closing SqlSession [org.apache.ibatis.session.defaults.DefaultSqlSession@7fb02869]
Creating a new SqlSession
Registering transaction synchronization for SqlSession [org.apache.ibatis.session.defaults.DefaultSqlSession@25bbca43]
JDBC Connection [HikariProxyConnection@1663727232 wrapping com.mysql.cj.jdbc.ConnectionImpl@247d44b4] will be managed by Spring
==>  Preparing: INSERT INTO `tb_post` (content, author_id, publish_at, last_update) VALUES (?, ?, ?, ?)
==> Parameters: 《底特律：变人》的选择与后果，让我深思道德与科技。(String), 14(Long), 2024-11-13T00:19:37.344352400(LocalDateTime), 2024-11-13T00:19:37.344352400(LocalDateTime)
<==    Updates: 1
Releasing transactional SqlSession [org.apache.ibatis.session.defaults.DefaultSqlSession@25bbca43]
Transaction synchronization committing SqlSession [org.apache.ibatis.session.defaults.DefaultSqlSession@25bbca43]
Transaction synchronization deregistering SqlSession [org.apache.ibatis.session.defaults.DefaultSqlSession@25bbca43]
Transaction synchronization closing SqlSession [org.apache.ibatis.session.defaults.DefaultSqlSession@25bbca43]
Creating a new SqlSession
Registering transaction synchronization for SqlSession [org.apache.ibatis.session.defaults.DefaultSqlSession@535b016]
JDBC Connection [HikariProxyConnection@2031234911 wrapping com.mysql.cj.jdbc.ConnectionImpl@247d44b4] will be managed by Spring
==>  Preparing: INSERT INTO `tb_post` (content, author_id, publish_at, last_update) VALUES (?, ?, ?, ?)
==> Parameters: 《泰坦陨落2》的机甲战斗，让我感受到了力量与速度。(String), 65(Long), 2024-11-13T00:19:37.344352400(LocalDateTime), 2024-11-13T00:19:37.344352400(LocalDateTime)
<==    Updates: 1
Releasing transactional SqlSession [org.apache.ibatis.session.defaults.DefaultSqlSession@535b016]
Transaction synchronization committing SqlSession [org.apache.ibatis.session.defaults.DefaultSqlSession@535b016]
Transaction synchronization deregistering SqlSession [org.apache.ibatis.session.defaults.DefaultSqlSession@535b016]
Transaction synchronization closing SqlSession [org.apache.ibatis.session.defaults.DefaultSqlSession@535b016]
Creating a new SqlSession
Registering transaction synchronization for SqlSession [org.apache.ibatis.session.defaults.DefaultSqlSession@1872a7fe]
JDBC Connection [HikariProxyConnection@1653564461 wrapping com.mysql.cj.jdbc.ConnectionImpl@247d44b4] will be managed by Spring
==>  Preparing: INSERT INTO `tb_post` (content, author_id, publish_at, last_update) VALUES (?, ?, ?, ?)
==> Parameters: 《极限竞速：地平线》的驾驶体验，让我爱上了赛车文化。(String), 31(Long), 2024-11-13T00:19:37.344352400(LocalDateTime), 2024-11-13T00:19:37.344352400(LocalDateTime)
<==    Updates: 1
Releasing transactional SqlSession [org.apache.ibatis.session.defaults.DefaultSqlSession@1872a7fe]
Transaction synchronization committing SqlSession [org.apache.ibatis.session.defaults.DefaultSqlSession@1872a7fe]
Transaction synchronization deregistering SqlSession [org.apache.ibatis.session.defaults.DefaultSqlSession@1872a7fe]
Transaction synchronization closing SqlSession [org.apache.ibatis.session.defaults.DefaultSqlSession@1872a7fe]
Creating a new SqlSession
Registering transaction synchronization for SqlSession [org.apache.ibatis.session.defaults.DefaultSqlSession@58545c2e]
JDBC Connection [HikariProxyConnection@432724464 wrapping com.mysql.cj.jdbc.ConnectionImpl@247d44b4] will be managed by Spring
==>  Preparing: INSERT INTO `tb_post` (content, author_id, publish_at, last_update) VALUES (?, ?, ?, ?)
==> Parameters: 《上古卷轴5：天际》的自由探索，让我沉迷于天际省的美景。(String), 10(Long), 2024-11-13T00:19:37.362189700(LocalDateTime), 2024-11-13T00:19:37.362189700(LocalDateTime)
<==    Updates: 1
Releasing transactional SqlSession [org.apache.ibatis.session.defaults.DefaultSqlSession@58545c2e]
Transaction synchronization committing SqlSession [org.apache.ibatis.session.defaults.DefaultSqlSession@58545c2e]
Transaction synchronization deregistering SqlSession [org.apache.ibatis.session.defaults.DefaultSqlSession@58545c2e]
Transaction synchronization closing SqlSession [org.apache.ibatis.session.defaults.DefaultSqlSession@58545c2e]
Creating a new SqlSession
Registering transaction synchronization for SqlSession [org.apache.ibatis.session.defaults.DefaultSqlSession@6894d28d]
JDBC Connection [HikariProxyConnection@431942497 wrapping com.mysql.cj.jdbc.ConnectionImpl@247d44b4] will be managed by Spring
==>  Preparing: INSERT INTO `tb_post` (content, author_id, publish_at, last_update) VALUES (?, ?, ?, ?)
==> Parameters: 《辐射4》的废土世界，让我体验了生存的挑战。(String), 78(Long), 2024-11-13T00:19:37.367185700(LocalDateTime), 2024-11-13T00:19:37.367185700(LocalDateTime)
<==    Updates: 1
Releasing transactional SqlSession [org.apache.ibatis.session.defaults.DefaultSqlSession@6894d28d]
Transaction synchronization committing SqlSession [org.apache.ibatis.session.defaults.DefaultSqlSession@6894d28d]
Transaction synchronization deregistering SqlSession [org.apache.ibatis.session.defaults.DefaultSqlSession@6894d28d]
Transaction synchronization closing SqlSession [org.apache.ibatis.session.defaults.DefaultSqlSession@6894d28d]
Creating a new SqlSession
Registering transaction synchronization for SqlSession [org.apache.ibatis.session.defaults.DefaultSqlSession@3c4940d2]
JDBC Connection [HikariProxyConnection@1867886327 wrapping com.mysql.cj.jdbc.ConnectionImpl@247d44b4] will be managed by Spring
==>  Preparing: INSERT INTO `tb_post` (content, author_id, publish_at, last_update) VALUES (?, ?, ?, ?)
==> Parameters: 《文明》系列的策略布局，让我体验了建设帝国的乐趣。(String), 25(Long), 2024-11-13T00:19:37.373186200(LocalDateTime), 2024-11-13T00:19:37.373186200(LocalDateTime)
<==    Updates: 1
Releasing transactional SqlSession [org.apache.ibatis.session.defaults.DefaultSqlSession@3c4940d2]
Transaction synchronization committing SqlSession [org.apache.ibatis.session.defaults.DefaultSqlSession@3c4940d2]
Transaction synchronization deregistering SqlSession [org.apache.ibatis.session.defaults.DefaultSqlSession@3c4940d2]
Transaction synchronization closing SqlSession [org.apache.ibatis.session.defaults.DefaultSqlSession@3c4940d2]
Creating a new SqlSession
Registering transaction synchronization for SqlSession [org.apache.ibatis.session.defaults.DefaultSqlSession@5f72aaed]
JDBC Connection [HikariProxyConnection@1265667094 wrapping com.mysql.cj.jdbc.ConnectionImpl@247d44b4] will be managed by Spring
==>  Preparing: INSERT INTO `tb_post` (content, author_id, publish_at, last_update) VALUES (?, ?, ?, ?)
==> Parameters: 《缺氧》的太空殖民，考验着我的生存与资源管理能力。(String), 36(Long), 2024-11-13T00:19:37.379884100(LocalDateTime), 2024-11-13T00:19:37.379884100(LocalDateTime)
<==    Updates: 1
Releasing transactional SqlSession [org.apache.ibatis.session.defaults.DefaultSqlSession@5f72aaed]
Transaction synchronization committing SqlSession [org.apache.ibatis.session.defaults.DefaultSqlSession@5f72aaed]
Transaction synchronization deregistering SqlSession [org.apache.ibatis.session.defaults.DefaultSqlSession@5f72aaed]
Transaction synchronization closing SqlSession [org.apache.ibatis.session.defaults.DefaultSqlSession@5f72aaed]
Creating a new SqlSession
Registering transaction synchronization for SqlSession [org.apache.ibatis.session.defaults.DefaultSqlSession@64dbb343]
JDBC Connection [HikariProxyConnection@193882497 wrapping com.mysql.cj.jdbc.ConnectionImpl@247d44b4] will be managed by Spring
==>  Preparing: INSERT INTO `tb_post` (content, author_id, publish_at, last_update) VALUES (?, ?, ?, ?)
==> Parameters: 《王国之心》系列的迪士尼世界，让我重温了童年的经典。(String), 29(Long), 2024-11-13T00:19:37.390884300(LocalDateTime), 2024-11-13T00:19:37.390884300(LocalDateTime)
<==    Updates: 1
Releasing transactional SqlSession [org.apache.ibatis.session.defaults.DefaultSqlSession@64dbb343]
Transaction synchronization committing SqlSession [org.apache.ibatis.session.defaults.DefaultSqlSession@64dbb343]
Transaction synchronization deregistering SqlSession [org.apache.ibatis.session.defaults.DefaultSqlSession@64dbb343]
Transaction synchronization closing SqlSession [org.apache.ibatis.session.defaults.DefaultSqlSession@64dbb343]
Creating a new SqlSession
Registering transaction synchronization for SqlSession [org.apache.ibatis.session.defaults.DefaultSqlSession@282c0891]
JDBC Connection [HikariProxyConnection@1227021444 wrapping com.mysql.cj.jdbc.ConnectionImpl@247d44b4] will be managed by Spring
==>  Preparing: INSERT INTO `tb_post` (content, author_id, publish_at, last_update) VALUES (?, ?, ?, ?)
==> Parameters: 《尼尔：自动人形》的深刻故事，让我思考了生命的意义。(String), 40(Long), 2024-11-13T00:19:37.392958700(LocalDateTime), 2024-11-13T00:19:37.392958700(LocalDateTime)
<==    Updates: 1
Releasing transactional SqlSession [org.apache.ibatis.session.defaults.DefaultSqlSession@282c0891]
Transaction synchronization committing SqlSession [org.apache.ibatis.session.defaults.DefaultSqlSession@282c0891]
Transaction synchronization deregistering SqlSession [org.apache.ibatis.session.defaults.DefaultSqlSession@282c0891]
Transaction synchronization closing SqlSession [org.apache.ibatis.session.defaults.DefaultSqlSession@282c0891]
Creating a new SqlSession
Registering transaction synchronization for SqlSession [org.apache.ibatis.session.defaults.DefaultSqlSession@3796ff4]
JDBC Connection [HikariProxyConnection@1039439577 wrapping com.mysql.cj.jdbc.ConnectionImpl@247d44b4] will be managed by Spring
==>  Preparing: INSERT INTO `tb_post` (content, author_id, publish_at, last_update) VALUES (?, ?, ?, ?)
==> Parameters: 《绝地求生：刺激战场》的战术竞技，让我体验了生存游戏的刺激。(String), 49(Long), 2024-11-13T00:19:37.415001200(LocalDateTime), 2024-11-13T00:19:37.415001200(LocalDateTime)
<==    Updates: 1
Releasing transactional SqlSession [org.apache.ibatis.session.defaults.DefaultSqlSession@3796ff4]
Transaction synchronization committing SqlSession [org.apache.ibatis.session.defaults.DefaultSqlSession@3796ff4]
Transaction synchronization deregistering SqlSession [org.apache.ibatis.session.defaults.DefaultSqlSession@3796ff4]
Transaction synchronization closing SqlSession [org.apache.ibatis.session.defaults.DefaultSqlSession@3796ff4]
Creating a new SqlSession
Registering transaction synchronization for SqlSession [org.apache.ibatis.session.defaults.DefaultSqlSession@5be783a]
JDBC Connection [HikariProxyConnection@113990058 wrapping com.mysql.cj.jdbc.ConnectionImpl@247d44b4] will be managed by Spring
==>  Preparing: INSERT INTO `tb_post` (content, author_id, publish_at, last_update) VALUES (?, ?, ?, ?)
==> Parameters: 《塞尔达无双：灾厄启示录》的动作战斗，让我感受到了无双系列的魅力。(String), 20(Long), 2024-11-13T00:19:37.424000100(LocalDateTime), 2024-11-13T00:19:37.424000100(LocalDateTime)
<==    Updates: 1
Releasing transactional SqlSession [org.apache.ibatis.session.defaults.DefaultSqlSession@5be783a]
Transaction synchronization committing SqlSession [org.apache.ibatis.session.defaults.DefaultSqlSession@5be783a]
Transaction synchronization deregistering SqlSession [org.apache.ibatis.session.defaults.DefaultSqlSession@5be783a]
Transaction synchronization closing SqlSession [org.apache.ibatis.session.defaults.DefaultSqlSession@5be783a]
Creating a new SqlSession
Registering transaction synchronization for SqlSession [org.apache.ibatis.session.defaults.DefaultSqlSession@63b4a896]
JDBC Connection [HikariProxyConnection@1635298461 wrapping com.mysql.cj.jdbc.ConnectionImpl@247d44b4] will be managed by Spring
==>  Preparing: INSERT INTO `tb_post` (content, author_id, publish_at, last_update) VALUES (?, ?, ?, ?)
==> Parameters: 《鬼泣5》的华丽战斗，让我沉浸在恶魔猎人的世界中。(String), 43(Long), 2024-11-13T00:19:37.432752100(LocalDateTime), 2024-11-13T00:19:37.432752100(LocalDateTime)
<==    Updates: 1
Releasing transactional SqlSession [org.apache.ibatis.session.defaults.DefaultSqlSession@63b4a896]
Transaction synchronization committing SqlSession [org.apache.ibatis.session.defaults.DefaultSqlSession@63b4a896]
Transaction synchronization deregistering SqlSession [org.apache.ibatis.session.defaults.DefaultSqlSession@63b4a896]
Transaction synchronization closing SqlSession [org.apache.ibatis.session.defaults.DefaultSqlSession@63b4a896]
Creating a new SqlSession
Registering transaction synchronization for SqlSession [org.apache.ibatis.session.defaults.DefaultSqlSession@b89cbf9]
JDBC Connection [HikariProxyConnection@563876034 wrapping com.mysql.cj.jdbc.ConnectionImpl@247d44b4] will be managed by Spring
==>  Preparing: INSERT INTO `tb_post` (content, author_id, publish_at, last_update) VALUES (?, ?, ?, ?)
==> Parameters: 《只狼：影逝二度》的忍者冒险，考验着我的耐心与技巧。(String), 89(Long), 2024-11-13T00:19:37.441752600(LocalDateTime), 2024-11-13T00:19:37.441752600(LocalDateTime)
<==    Updates: 1
Releasing transactional SqlSession [org.apache.ibatis.session.defaults.DefaultSqlSession@b89cbf9]
Transaction synchronization committing SqlSession [org.apache.ibatis.session.defaults.DefaultSqlSession@b89cbf9]
Transaction synchronization deregistering SqlSession [org.apache.ibatis.session.defaults.DefaultSqlSession@b89cbf9]
Transaction synchronization closing SqlSession [org.apache.ibatis.session.defaults.DefaultSqlSession@b89cbf9]
Creating a new SqlSession
Registering transaction synchronization for SqlSession [org.apache.ibatis.session.defaults.DefaultSqlSession@38a6ca39]
JDBC Connection [HikariProxyConnection@248410628 wrapping com.mysql.cj.jdbc.ConnectionImpl@247d44b4] will be managed by Spring
==>  Preparing: INSERT INTO `tb_post` (content, author_id, publish_at, last_update) VALUES (?, ?, ?, ?)
==> Parameters: 《超级马里奥奥德赛》的创意关卡，让我体验了马里奥的奇妙之旅。(String), 12(Long), 2024-11-13T00:19:37.446201200(LocalDateTime), 2024-11-13T00:19:37.446201200(LocalDateTime)
<==    Updates: 1
Releasing transactional SqlSession [org.apache.ibatis.session.defaults.DefaultSqlSession@38a6ca39]
Transaction synchronization committing SqlSession [org.apache.ibatis.session.defaults.DefaultSqlSession@38a6ca39]
Transaction synchronization deregistering SqlSession [org.apache.ibatis.session.defaults.DefaultSqlSession@38a6ca39]
Transaction synchronization closing SqlSession [org.apache.ibatis.session.defaults.DefaultSqlSession@38a6ca39]
Creating a new SqlSession
Registering transaction synchronization for SqlSession [org.apache.ibatis.session.defaults.DefaultSqlSession@3be88cbf]
JDBC Connection [HikariProxyConnection@1143287451 wrapping com.mysql.cj.jdbc.ConnectionImpl@247d44b4] will be managed by Spring
==>  Preparing: INSERT INTO `tb_post` (content, author_id, publish_at, last_update) VALUES (?, ?, ?, ?)
==> Parameters: 《勇者斗恶龙》系列的经典角色扮演，让我体验了史诗般的冒险。(String), 21(Long), 2024-11-13T00:19:37.461303(LocalDateTime), 2024-11-13T00:19:37.461303(LocalDateTime)
<==    Updates: 1
Releasing transactional SqlSession [org.apache.ibatis.session.defaults.DefaultSqlSession@3be88cbf]
Transaction synchronization committing SqlSession [org.apache.ibatis.session.defaults.DefaultSqlSession@3be88cbf]
Transaction synchronization deregistering SqlSession [org.apache.ibatis.session.defaults.DefaultSqlSession@3be88cbf]
Transaction synchronization closing SqlSession [org.apache.ibatis.session.defaults.DefaultSqlSession@3be88cbf]
Creating a new SqlSession
Registering transaction synchronization for SqlSession [org.apache.ibatis.session.defaults.DefaultSqlSession@62672ad5]
JDBC Connection [HikariProxyConnection@1275203160 wrapping com.mysql.cj.jdbc.ConnectionImpl@247d44b4] will be managed by Spring
==>  Preparing: INSERT INTO `tb_post` (content, author_id, publish_at, last_update) VALUES (?, ?, ?, ?)
==> Parameters: 《超级机器人大战》系列的机甲战斗，让我热血沸腾。(String), 37(Long), 2024-11-13T00:19:37.470301700(LocalDateTime), 2024-11-13T00:19:37.470301700(LocalDateTime)
<==    Updates: 1
Releasing transactional SqlSession [org.apache.ibatis.session.defaults.DefaultSqlSession@62672ad5]
Transaction synchronization committing SqlSession [org.apache.ibatis.session.defaults.DefaultSqlSession@62672ad5]
Transaction synchronization deregistering SqlSession [org.apache.ibatis.session.defaults.DefaultSqlSession@62672ad5]
Transaction synchronization closing SqlSession [org.apache.ibatis.session.defaults.DefaultSqlSession@62672ad5]
Creating a new SqlSession
Registering transaction synchronization for SqlSession [org.apache.ibatis.session.defaults.DefaultSqlSession@6f65b61d]
JDBC Connection [HikariProxyConnection@398110471 wrapping com.mysql.cj.jdbc.ConnectionImpl@247d44b4] will be managed by Spring
==>  Preparing: INSERT INTO `tb_post` (content, author_id, publish_at, last_update) VALUES (?, ?, ?, ?)
==> Parameters: 《逆转裁判》系列的法庭辩论，让我体验了成为律师的快感。(String), 29(Long), 2024-11-13T00:19:37.478790400(LocalDateTime), 2024-11-13T00:19:37.478790400(LocalDateTime)
<==    Updates: 1
Releasing transactional SqlSession [org.apache.ibatis.session.defaults.DefaultSqlSession@6f65b61d]
Transaction synchronization committing SqlSession [org.apache.ibatis.session.defaults.DefaultSqlSession@6f65b61d]
Transaction synchronization deregistering SqlSession [org.apache.ibatis.session.defaults.DefaultSqlSession@6f65b61d]
Transaction synchronization closing SqlSession [org.apache.ibatis.session.defaults.DefaultSqlSession@6f65b61d]
Creating a new SqlSession
Registering transaction synchronization for SqlSession [org.apache.ibatis.session.defaults.DefaultSqlSession@45ed58b]
JDBC Connection [HikariProxyConnection@2080214930 wrapping com.mysql.cj.jdbc.ConnectionImpl@247d44b4] will be managed by Spring
==>  Preparing: INSERT INTO `tb_post` (content, author_id, publish_at, last_update) VALUES (?, ?, ?, ?)
==> Parameters: 《女神异闻录5》的都市冒险，让我沉迷于角色的成长与故事。(String), 85(Long), 2024-11-13T00:19:37.488860200(LocalDateTime), 2024-11-13T00:19:37.488860200(LocalDateTime)
<==    Updates: 1
Releasing transactional SqlSession [org.apache.ibatis.session.defaults.DefaultSqlSession@45ed58b]
Transaction synchronization committing SqlSession [org.apache.ibatis.session.defaults.DefaultSqlSession@45ed58b]
Transaction synchronization deregistering SqlSession [org.apache.ibatis.session.defaults.DefaultSqlSession@45ed58b]
Transaction synchronization closing SqlSession [org.apache.ibatis.session.defaults.DefaultSqlSession@45ed58b]
Creating a new SqlSession
Registering transaction synchronization for SqlSession [org.apache.ibatis.session.defaults.DefaultSqlSession@78b888df]
JDBC Connection [HikariProxyConnection@1449109458 wrapping com.mysql.cj.jdbc.ConnectionImpl@247d44b4] will be managed by Spring
==>  Preparing: INSERT INTO `tb_post` (content, author_id, publish_at, last_update) VALUES (?, ?, ?, ?)
==> Parameters: 《如龙》系列的日本黑帮文化，让我体验了不同的生活。(String), 88(Long), 2024-11-13T00:19:37.493000900(LocalDateTime), 2024-11-13T00:19:37.493000900(LocalDateTime)
<==    Updates: 1
Releasing transactional SqlSession [org.apache.ibatis.session.defaults.DefaultSqlSession@78b888df]
Transaction synchronization committing SqlSession [org.apache.ibatis.session.defaults.DefaultSqlSession@78b888df]
Transaction synchronization deregistering SqlSession [org.apache.ibatis.session.defaults.DefaultSqlSession@78b888df]
Transaction synchronization closing SqlSession [org.apache.ibatis.session.defaults.DefaultSqlSession@78b888df]
Creating a new SqlSession
Registering transaction synchronization for SqlSession [org.apache.ibatis.session.defaults.DefaultSqlSession@3d268a2c]
JDBC Connection [HikariProxyConnection@1923373937 wrapping com.mysql.cj.jdbc.ConnectionImpl@247d44b4] will be managed by Spring
==>  Preparing: INSERT INTO `tb_post` (content, author_id, publish_at, last_update) VALUES (?, ?, ?, ?)
==> Parameters: 《洛克人11》的经典平台挑战，让我回忆起了童年的游戏时光。(String), 74(Long), 2024-11-13T00:19:37.493000900(LocalDateTime), 2024-11-13T00:19:37.493000900(LocalDateTime)
<==    Updates: 1
Releasing transactional SqlSession [org.apache.ibatis.session.defaults.DefaultSqlSession@3d268a2c]
Transaction synchronization committing SqlSession [org.apache.ibatis.session.defaults.DefaultSqlSession@3d268a2c]
Transaction synchronization deregistering SqlSession [org.apache.ibatis.session.defaults.DefaultSqlSession@3d268a2c]
Transaction synchronization closing SqlSession [org.apache.ibatis.session.defaults.DefaultSqlSession@3d268a2c]
Creating a new SqlSession
Registering transaction synchronization for SqlSession [org.apache.ibatis.session.defaults.DefaultSqlSession@47541b42]
JDBC Connection [HikariProxyConnection@1104932907 wrapping com.mysql.cj.jdbc.ConnectionImpl@247d44b4] will be managed by Spring
==>  Preparing: INSERT INTO `tb_post` (content, author_id, publish_at, last_update) VALUES (?, ?, ?, ?)
==> Parameters: 《暗黑破坏神3》的刷宝乐趣，让我沉迷于无尽的战斗。(String), 57(Long), 2024-11-13T00:19:37.519218700(LocalDateTime), 2024-11-13T00:19:37.519218700(LocalDateTime)
<==    Updates: 1
Releasing transactional SqlSession [org.apache.ibatis.session.defaults.DefaultSqlSession@47541b42]
Transaction synchronization committing SqlSession [org.apache.ibatis.session.defaults.DefaultSqlSession@47541b42]
Transaction synchronization deregistering SqlSession [org.apache.ibatis.session.defaults.DefaultSqlSession@47541b42]
Transaction synchronization closing SqlSession [org.apache.ibatis.session.defaults.DefaultSqlSession@47541b42]
Creating a new SqlSession
Registering transaction synchronization for SqlSession [org.apache.ibatis.session.defaults.DefaultSqlSession@4708acc6]
JDBC Connection [HikariProxyConnection@1963215099 wrapping com.mysql.cj.jdbc.ConnectionImpl@247d44b4] will be managed by Spring
==>  Preparing: INSERT INTO `tb_post` (content, author_id, publish_at, last_update) VALUES (?, ?, ?, ?)
==> Parameters: 《彩虹六号：围攻》的战术射击，让我体验了团队合作的重要性。(String), 42(Long), 2024-11-13T00:19:37.524185100(LocalDateTime), 2024-11-13T00:19:37.524185100(LocalDateTime)
<==    Updates: 1
Releasing transactional SqlSession [org.apache.ibatis.session.defaults.DefaultSqlSession@4708acc6]
Transaction synchronization committing SqlSession [org.apache.ibatis.session.defaults.DefaultSqlSession@4708acc6]
Transaction synchronization deregistering SqlSession [org.apache.ibatis.session.defaults.DefaultSqlSession@4708acc6]
Transaction synchronization closing SqlSession [org.apache.ibatis.session.defaults.DefaultSqlSession@4708acc6]
Creating a new SqlSession
Registering transaction synchronization for SqlSession [org.apache.ibatis.session.defaults.DefaultSqlSession@4b60ff1c]
JDBC Connection [HikariProxyConnection@447362054 wrapping com.mysql.cj.jdbc.ConnectionImpl@247d44b4] will be managed by Spring
==>  Preparing: INSERT INTO `tb_post` (content, author_id, publish_at, last_update) VALUES (?, ?, ?, ?)
==> Parameters: 《全境封锁2》的末日生存，让我感受到了合作的力量。(String), 8(Long), 2024-11-13T00:19:37.530072100(LocalDateTime), 2024-11-13T00:19:37.530072100(LocalDateTime)
<==    Updates: 1
Releasing transactional SqlSession [org.apache.ibatis.session.defaults.DefaultSqlSession@4b60ff1c]
Transaction synchronization committing SqlSession [org.apache.ibatis.session.defaults.DefaultSqlSession@4b60ff1c]
Transaction synchronization deregistering SqlSession [org.apache.ibatis.session.defaults.DefaultSqlSession@4b60ff1c]
Transaction synchronization closing SqlSession [org.apache.ibatis.session.defaults.DefaultSqlSession@4b60ff1c]
Creating a new SqlSession
Registering transaction synchronization for SqlSession [org.apache.ibatis.session.defaults.DefaultSqlSession@828e2d8]
JDBC Connection [HikariProxyConnection@1418621168 wrapping com.mysql.cj.jdbc.ConnectionImpl@247d44b4] will be managed by Spring
==>  Preparing: INSERT INTO `tb_post` (content, author_id, publish_at, last_update) VALUES (?, ?, ?, ?)
==> Parameters: 《荣耀战魂》的冷兵器战斗，让我体验了古代战争的残酷。(String), 53(Long), 2024-11-13T00:19:37.537065200(LocalDateTime), 2024-11-13T00:19:37.537065200(LocalDateTime)
<==    Updates: 1
Releasing transactional SqlSession [org.apache.ibatis.session.defaults.DefaultSqlSession@828e2d8]
Transaction synchronization committing SqlSession [org.apache.ibatis.session.defaults.DefaultSqlSession@828e2d8]
Transaction synchronization deregistering SqlSession [org.apache.ibatis.session.defaults.DefaultSqlSession@828e2d8]
Transaction synchronization closing SqlSession [org.apache.ibatis.session.defaults.DefaultSqlSession@828e2d8]
Creating a new SqlSession
Registering transaction synchronization for SqlSession [org.apache.ibatis.session.defaults.DefaultSqlSession@686ee555]
JDBC Connection [HikariProxyConnection@1195913745 wrapping com.mysql.cj.jdbc.ConnectionImpl@247d44b4] will be managed by Spring
==>  Preparing: INSERT INTO `tb_post` (content, author_id, publish_at, last_update) VALUES (?, ?, ?, ?)
==> Parameters: 《舞力全开》的舞蹈挑战，是我家庭聚会的必备游戏。(String), 12(Long), 2024-11-13T00:19:37.542929900(LocalDateTime), 2024-11-13T00:19:37.542929900(LocalDateTime)
<==    Updates: 1
Releasing transactional SqlSession [org.apache.ibatis.session.defaults.DefaultSqlSession@686ee555]
Transaction synchronization committing SqlSession [org.apache.ibatis.session.defaults.DefaultSqlSession@686ee555]
Transaction synchronization deregistering SqlSession [org.apache.ibatis.session.defaults.DefaultSqlSession@686ee555]
Transaction synchronization closing SqlSession [org.apache.ibatis.session.defaults.DefaultSqlSession@686ee555]
Creating a new SqlSession
Registering transaction synchronization for SqlSession [org.apache.ibatis.session.defaults.DefaultSqlSession@58e46572]
JDBC Connection [HikariProxyConnection@100350254 wrapping com.mysql.cj.jdbc.ConnectionImpl@247d44b4] will be managed by Spring
==>  Preparing: INSERT INTO `tb_post` (content, author_id, publish_at, last_update) VALUES (?, ?, ?, ?)
==> Parameters: 《火箭联盟》的足球与赛车结合，让我体验了独特的竞技乐趣。(String), 19(Long), 2024-11-13T00:19:37.542929900(LocalDateTime), 2024-11-13T00:19:37.542929900(LocalDateTime)
<==    Updates: 1
Releasing transactional SqlSession [org.apache.ibatis.session.defaults.DefaultSqlSession@58e46572]
Transaction synchronization committing SqlSession [org.apache.ibatis.session.defaults.DefaultSqlSession@58e46572]
Transaction synchronization deregistering SqlSession [org.apache.ibatis.session.defaults.DefaultSqlSession@58e46572]
Transaction synchronization closing SqlSession [org.apache.ibatis.session.defaults.DefaultSqlSession@58e46572]
Creating a new SqlSession
Registering transaction synchronization for SqlSession [org.apache.ibatis.session.defaults.DefaultSqlSession@6c80b1d2]
JDBC Connection [HikariProxyConnection@440708502 wrapping com.mysql.cj.jdbc.ConnectionImpl@247d44b4] will be managed by Spring
==>  Preparing: INSERT INTO `tb_post` (content, author_id, publish_at, last_update) VALUES (?, ?, ?, ?)
==> Parameters: 《空洞骑士》的地下世界探险，让我感受到了挑战与发现的乐趣。(String), 34(Long), 2024-11-13T00:19:37.542929900(LocalDateTime), 2024-11-13T00:19:37.542929900(LocalDateTime)
<==    Updates: 1
Releasing transactional SqlSession [org.apache.ibatis.session.defaults.DefaultSqlSession@6c80b1d2]
Transaction synchronization committing SqlSession [org.apache.ibatis.session.defaults.DefaultSqlSession@6c80b1d2]
Transaction synchronization deregistering SqlSession [org.apache.ibatis.session.defaults.DefaultSqlSession@6c80b1d2]
Transaction synchronization closing SqlSession [org.apache.ibatis.session.defaults.DefaultSqlSession@6c80b1d2]
Creating a new SqlSession
Registering transaction synchronization for SqlSession [org.apache.ibatis.session.defaults.DefaultSqlSession@45bb502f]
JDBC Connection [HikariProxyConnection@2117395558 wrapping com.mysql.cj.jdbc.ConnectionImpl@247d44b4] will be managed by Spring
==>  Preparing: INSERT INTO `tb_post` (content, author_id, publish_at, last_update) VALUES (?, ?, ?, ?)
==> Parameters: 《神界：原罪2》的回合制战斗，让我体验了策略与角色扮演的结合。(String), 46(Long), 2024-11-13T00:19:37.561130500(LocalDateTime), 2024-11-13T00:19:37.561130500(LocalDateTime)
<==    Updates: 1
Releasing transactional SqlSession [org.apache.ibatis.session.defaults.DefaultSqlSession@45bb502f]
Transaction synchronization committing SqlSession [org.apache.ibatis.session.defaults.DefaultSqlSession@45bb502f]
Transaction synchronization deregistering SqlSession [org.apache.ibatis.session.defaults.DefaultSqlSession@45bb502f]
Transaction synchronization closing SqlSession [org.apache.ibatis.session.defaults.DefaultSqlSession@45bb502f]
Creating a new SqlSession
Registering transaction synchronization for SqlSession [org.apache.ibatis.session.defaults.DefaultSqlSession@2cf6dd4d]
JDBC Connection [HikariProxyConnection@671206579 wrapping com.mysql.cj.jdbc.ConnectionImpl@247d44b4] will be managed by Spring
==>  Preparing: INSERT INTO `tb_post` (content, author_id, publish_at, last_update) VALUES (?, ?, ?, ?)
==> Parameters: 《幽浮2》的战术策略，让我体验了外星战争的紧张与刺激。(String), 74(Long), 2024-11-13T00:19:37.567132300(LocalDateTime), 2024-11-13T00:19:37.567132300(LocalDateTime)
<==    Updates: 1
Releasing transactional SqlSession [org.apache.ibatis.session.defaults.DefaultSqlSession@2cf6dd4d]
Transaction synchronization committing SqlSession [org.apache.ibatis.session.defaults.DefaultSqlSession@2cf6dd4d]
Transaction synchronization deregistering SqlSession [org.apache.ibatis.session.defaults.DefaultSqlSession@2cf6dd4d]
Transaction synchronization closing SqlSession [org.apache.ibatis.session.defaults.DefaultSqlSession@2cf6dd4d]
Creating a new SqlSession
Registering transaction synchronization for SqlSession [org.apache.ibatis.session.defaults.DefaultSqlSession@6d4062fd]
JDBC Connection [HikariProxyConnection@143661029 wrapping com.mysql.cj.jdbc.ConnectionImpl@247d44b4] will be managed by Spring
==>  Preparing: INSERT INTO `tb_post` (content, author_id, publish_at, last_update) VALUES (?, ?, ?, ?)
==> Parameters: 《刺客信条：奥德赛》的古希腊世界，让我体验了历史的深度。(String), 82(Long), 2024-11-13T00:19:37.572128500(LocalDateTime), 2024-11-13T00:19:37.572128500(LocalDateTime)
<==    Updates: 1
Releasing transactional SqlSession [org.apache.ibatis.session.defaults.DefaultSqlSession@6d4062fd]
Transaction synchronization committing SqlSession [org.apache.ibatis.session.defaults.DefaultSqlSession@6d4062fd]
Transaction synchronization deregistering SqlSession [org.apache.ibatis.session.defaults.DefaultSqlSession@6d4062fd]
Transaction synchronization closing SqlSession [org.apache.ibatis.session.defaults.DefaultSqlSession@6d4062fd]
Creating a new SqlSession
Registering transaction synchronization for SqlSession [org.apache.ibatis.session.defaults.DefaultSqlSession@5339cdc6]
JDBC Connection [HikariProxyConnection@176257014 wrapping com.mysql.cj.jdbc.ConnectionImpl@247d44b4] will be managed by Spring
==>  Preparing: INSERT INTO `tb_post` (content, author_id, publish_at, last_update) VALUES (?, ?, ?, ?)
==> Parameters: 《地平线：西之绝境》的机械生物，让我对游戏世界充满了好奇。(String), 35(Long), 2024-11-13T00:19:37.577929200(LocalDateTime), 2024-11-13T00:19:37.577929200(LocalDateTime)
<==    Updates: 1
Releasing transactional SqlSession [org.apache.ibatis.session.defaults.DefaultSqlSession@5339cdc6]
Transaction synchronization committing SqlSession [org.apache.ibatis.session.defaults.DefaultSqlSession@5339cdc6]
Transaction synchronization deregistering SqlSession [org.apache.ibatis.session.defaults.DefaultSqlSession@5339cdc6]
Transaction synchronization closing SqlSession [org.apache.ibatis.session.defaults.DefaultSqlSession@5339cdc6]
Creating a new SqlSession
Registering transaction synchronization for SqlSession [org.apache.ibatis.session.defaults.DefaultSqlSession@4b4a3114]
JDBC Connection [HikariProxyConnection@1960113474 wrapping com.mysql.cj.jdbc.ConnectionImpl@247d44b4] will be managed by Spring
==>  Preparing: INSERT INTO `tb_post` (content, author_id, publish_at, last_update) VALUES (?, ?, ?, ?)
==> Parameters: 《绝地求生：未来之役》的科幻元素，让我体验了未来战场的战斗。(String), 57(Long), 2024-11-13T00:19:37.583971(LocalDateTime), 2024-11-13T00:19:37.583971(LocalDateTime)
<==    Updates: 1
Releasing transactional SqlSession [org.apache.ibatis.session.defaults.DefaultSqlSession@4b4a3114]
Transaction synchronization committing SqlSession [org.apache.ibatis.session.defaults.DefaultSqlSession@4b4a3114]
Transaction synchronization deregistering SqlSession [org.apache.ibatis.session.defaults.DefaultSqlSession@4b4a3114]
Transaction synchronization closing SqlSession [org.apache.ibatis.session.defaults.DefaultSqlSession@4b4a3114]
Creating a new SqlSession
Registering transaction synchronization for SqlSession [org.apache.ibatis.session.defaults.DefaultSqlSession@7c1e5d14]
JDBC Connection [HikariProxyConnection@1201632138 wrapping com.mysql.cj.jdbc.ConnectionImpl@247d44b4] will be managed by Spring
==>  Preparing: INSERT INTO `tb_post` (content, author_id, publish_at, last_update) VALUES (?, ?, ?, ?)
==> Parameters: 《塞尔达传说：荒野之息》的自由探索，让我沉迷于海拉尔的美景。(String), 15(Long), 2024-11-13T00:19:37.588971100(LocalDateTime), 2024-11-13T00:19:37.588971100(LocalDateTime)
<==    Updates: 1
Releasing transactional SqlSession [org.apache.ibatis.session.defaults.DefaultSqlSession@7c1e5d14]
Transaction synchronization committing SqlSession [org.apache.ibatis.session.defaults.DefaultSqlSession@7c1e5d14]
Transaction synchronization deregistering SqlSession [org.apache.ibatis.session.defaults.DefaultSqlSession@7c1e5d14]
Transaction synchronization closing SqlSession [org.apache.ibatis.session.defaults.DefaultSqlSession@7c1e5d14]
Creating a new SqlSession
Registering transaction synchronization for SqlSession [org.apache.ibatis.session.defaults.DefaultSqlSession@489e1887]
JDBC Connection [HikariProxyConnection@1855520016 wrapping com.mysql.cj.jdbc.ConnectionImpl@247d44b4] will be managed by Spring
==>  Preparing: INSERT INTO `tb_post` (content, author_id, publish_at, last_update) VALUES (?, ?, ?, ?)
==> Parameters: 《怪物猎人：世界》的狩猎挑战，让我体验了与巨兽的搏斗。(String), 52(Long), 2024-11-13T00:19:37.592927100(LocalDateTime), 2024-11-13T00:19:37.592927100(LocalDateTime)
<==    Updates: 1
Releasing transactional SqlSession [org.apache.ibatis.session.defaults.DefaultSqlSession@489e1887]
Transaction synchronization committing SqlSession [org.apache.ibatis.session.defaults.DefaultSqlSession@489e1887]
Transaction synchronization deregistering SqlSession [org.apache.ibatis.session.defaults.DefaultSqlSession@489e1887]
Transaction synchronization closing SqlSession [org.apache.ibatis.session.defaults.DefaultSqlSession@489e1887]
Creating a new SqlSession
Registering transaction synchronization for SqlSession [org.apache.ibatis.session.defaults.DefaultSqlSession@7f088b5c]
JDBC Connection [HikariProxyConnection@345250566 wrapping com.mysql.cj.jdbc.ConnectionImpl@247d44b4] will be managed by Spring
==>  Preparing: INSERT INTO `tb_post` (content, author_id, publish_at, last_update) VALUES (?, ?, ?, ?)
==> Parameters: 《最终幻想14》的 MMORPG 体验，让我与朋友们共同冒险。(String), 83(Long), 2024-11-13T00:19:37.596563400(LocalDateTime), 2024-11-13T00:19:37.596563400(LocalDateTime)
<==    Updates: 1
Releasing transactional SqlSession [org.apache.ibatis.session.defaults.DefaultSqlSession@7f088b5c]
Transaction synchronization committing SqlSession [org.apache.ibatis.session.defaults.DefaultSqlSession@7f088b5c]
Transaction synchronization deregistering SqlSession [org.apache.ibatis.session.defaults.DefaultSqlSession@7f088b5c]
Transaction synchronization closing SqlSession [org.apache.ibatis.session.defaults.DefaultSqlSession@7f088b5c]
Creating a new SqlSession
Registering transaction synchronization for SqlSession [org.apache.ibatis.session.defaults.DefaultSqlSession@1cdbc986]
JDBC Connection [HikariProxyConnection@1847234168 wrapping com.mysql.cj.jdbc.ConnectionImpl@247d44b4] will be managed by Spring
==>  Preparing: INSERT INTO `tb_post` (content, author_id, publish_at, last_update) VALUES (?, ?, ?, ?)
==> Parameters: 《战争机器5》的合作射击，让我与队友们共同面对敌人。(String), 49(Long), 2024-11-13T00:19:37.616235800(LocalDateTime), 2024-11-13T00:19:37.616235800(LocalDateTime)
<==    Updates: 1
Releasing transactional SqlSession [org.apache.ibatis.session.defaults.DefaultSqlSession@1cdbc986]
Transaction synchronization committing SqlSession [org.apache.ibatis.session.defaults.DefaultSqlSession@1cdbc986]
Transaction synchronization deregistering SqlSession [org.apache.ibatis.session.defaults.DefaultSqlSession@1cdbc986]
Transaction synchronization closing SqlSession [org.apache.ibatis.session.defaults.DefaultSqlSession@1cdbc986]
Creating a new SqlSession
Registering transaction synchronization for SqlSession [org.apache.ibatis.session.defaults.DefaultSqlSession@2d2697a8]
JDBC Connection [HikariProxyConnection@771201346 wrapping com.mysql.cj.jdbc.ConnectionImpl@247d44b4] will be managed by Spring
==>  Preparing: INSERT INTO `tb_post` (content, author_id, publish_at, last_update) VALUES (?, ?, ?, ?)
==> Parameters: 《命运2》的宇宙冒险，让我体验了科幻与射击的完美结合。(String), 71(Long), 2024-11-13T00:19:37.626388(LocalDateTime), 2024-11-13T00:19:37.626388(LocalDateTime)
<==    Updates: 1
Releasing transactional SqlSession [org.apache.ibatis.session.defaults.DefaultSqlSession@2d2697a8]
Transaction synchronization committing SqlSession [org.apache.ibatis.session.defaults.DefaultSqlSession@2d2697a8]
Transaction synchronization deregistering SqlSession [org.apache.ibatis.session.defaults.DefaultSqlSession@2d2697a8]
Transaction synchronization closing SqlSession [org.apache.ibatis.session.defaults.DefaultSqlSession@2d2697a8]
Creating a new SqlSession
Registering transaction synchronization for SqlSession [org.apache.ibatis.session.defaults.DefaultSqlSession@5d04adc1]
JDBC Connection [HikariProxyConnection@879654573 wrapping com.mysql.cj.jdbc.ConnectionImpl@247d44b4] will be managed by Spring
==>  Preparing: INSERT INTO `tb_post` (content, author_id, publish_at, last_update) VALUES (?, ?, ?, ?)
==> Parameters: 《无主之地3》的枪械与宝藏，让我沉迷于射击与探索的乐趣。(String), 70(Long), 2024-11-13T00:19:37.636964200(LocalDateTime), 2024-11-13T00:19:37.636964200(LocalDateTime)
<==    Updates: 1
Releasing transactional SqlSession [org.apache.ibatis.session.defaults.DefaultSqlSession@5d04adc1]
Transaction synchronization committing SqlSession [org.apache.ibatis.session.defaults.DefaultSqlSession@5d04adc1]
Transaction synchronization deregistering SqlSession [org.apache.ibatis.session.defaults.DefaultSqlSession@5d04adc1]
Transaction synchronization closing SqlSession [org.apache.ibatis.session.defaults.DefaultSqlSession@5d04adc1]
Creating a new SqlSession
Registering transaction synchronization for SqlSession [org.apache.ibatis.session.defaults.DefaultSqlSession@331fe6d4]
JDBC Connection [HikariProxyConnection@1431590087 wrapping com.mysql.cj.jdbc.ConnectionImpl@247d44b4] will be managed by Spring
==>  Preparing: INSERT INTO `tb_post` (content, author_id, publish_at, last_update) VALUES (?, ?, ?, ?)
==> Parameters: 《死亡细胞》的 roguelike 元素，让我每次游戏都有新的体验。(String), 70(Long), 2024-11-13T00:19:37.647016100(LocalDateTime), 2024-11-13T00:19:37.647016100(LocalDateTime)
<==    Updates: 1
Releasing transactional SqlSession [org.apache.ibatis.session.defaults.DefaultSqlSession@331fe6d4]
Transaction synchronization committing SqlSession [org.apache.ibatis.session.defaults.DefaultSqlSession@331fe6d4]
Transaction synchronization deregistering SqlSession [org.apache.ibatis.session.defaults.DefaultSqlSession@331fe6d4]
Transaction synchronization closing SqlSession [org.apache.ibatis.session.defaults.DefaultSqlSession@331fe6d4]
Creating a new SqlSession
Registering transaction synchronization for SqlSession [org.apache.ibatis.session.defaults.DefaultSqlSession@3b6098fd]
JDBC Connection [HikariProxyConnection@1277271172 wrapping com.mysql.cj.jdbc.ConnectionImpl@247d44b4] will be managed by Spring
==>  Preparing: INSERT INTO `tb_post` (content, author_id, publish_at, last_update) VALUES (?, ?, ?, ?)
==> Parameters: 《星露谷物语》的农场生活，让我体验了田园的宁静与满足。(String), 18(Long), 2024-11-13T00:19:37.649946500(LocalDateTime), 2024-11-13T00:19:37.649946500(LocalDateTime)
<==    Updates: 1
Releasing transactional SqlSession [org.apache.ibatis.session.defaults.DefaultSqlSession@3b6098fd]
Transaction synchronization committing SqlSession [org.apache.ibatis.session.defaults.DefaultSqlSession@3b6098fd]
Transaction synchronization deregistering SqlSession [org.apache.ibatis.session.defaults.DefaultSqlSession@3b6098fd]
Transaction synchronization closing SqlSession [org.apache.ibatis.session.defaults.DefaultSqlSession@3b6098fd]
Creating a new SqlSession
Registering transaction synchronization for SqlSession [org.apache.ibatis.session.defaults.DefaultSqlSession@701153c1]
JDBC Connection [HikariProxyConnection@373415859 wrapping com.mysql.cj.jdbc.ConnectionImpl@247d44b4] will be managed by Spring
==>  Preparing: INSERT INTO `tb_post` (content, author_id, publish_at, last_update) VALUES (?, ?, ?, ?)
==> Parameters: 《守望先锋2》的新英雄与新地图，让我期待不已。(String), 40(Long), 2024-11-13T00:19:37.671388900(LocalDateTime), 2024-11-13T00:19:37.671388900(LocalDateTime)
<==    Updates: 1
Releasing transactional SqlSession [org.apache.ibatis.session.defaults.DefaultSqlSession@701153c1]
Transaction synchronization committing SqlSession [org.apache.ibatis.session.defaults.DefaultSqlSession@701153c1]
Transaction synchronization deregistering SqlSession [org.apache.ibatis.session.defaults.DefaultSqlSession@701153c1]
Transaction synchronization closing SqlSession [org.apache.ibatis.session.defaults.DefaultSqlSession@701153c1]
Creating a new SqlSession
Registering transaction synchronization for SqlSession [org.apache.ibatis.session.defaults.DefaultSqlSession@22b581a5]
JDBC Connection [HikariProxyConnection@1661048214 wrapping com.mysql.cj.jdbc.ConnectionImpl@247d44b4] will be managed by Spring
==>  Preparing: INSERT INTO `tb_post` (content, author_id, publish_at, last_update) VALUES (?, ?, ?, ?)
==> Parameters: 《Apex Legends》的新季节更新，带来了新的挑战与乐趣。(String), 56(Long), 2024-11-13T00:19:37.685922900(LocalDateTime), 2024-11-13T00:19:37.685922900(LocalDateTime)
<==    Updates: 1
Releasing transactional SqlSession [org.apache.ibatis.session.defaults.DefaultSqlSession@22b581a5]
Transaction synchronization committing SqlSession [org.apache.ibatis.session.defaults.DefaultSqlSession@22b581a5]
Transaction synchronization deregistering SqlSession [org.apache.ibatis.session.defaults.DefaultSqlSession@22b581a5]
Transaction synchronization closing SqlSession [org.apache.ibatis.session.defaults.DefaultSqlSession@22b581a5]
Creating a new SqlSession
Registering transaction synchronization for SqlSession [org.apache.ibatis.session.defaults.DefaultSqlSession@51bba775]
JDBC Connection [HikariProxyConnection@1008830640 wrapping com.mysql.cj.jdbc.ConnectionImpl@247d44b4] will be managed by Spring
==>  Preparing: INSERT INTO `tb_post` (content, author_id, publish_at, last_update) VALUES (?, ?, ?, ?)
==> Parameters: 《堡垒之夜》的季节性活动，总是让我充满期待。(String), 43(Long), 2024-11-13T00:19:37.692908100(LocalDateTime), 2024-11-13T00:19:37.692908100(LocalDateTime)
<==    Updates: 1
Releasing transactional SqlSession [org.apache.ibatis.session.defaults.DefaultSqlSession@51bba775]
Transaction synchronization committing SqlSession [org.apache.ibatis.session.defaults.DefaultSqlSession@51bba775]
Transaction synchronization deregistering SqlSession [org.apache.ibatis.session.defaults.DefaultSqlSession@51bba775]
Transaction synchronization closing SqlSession [org.apache.ibatis.session.defaults.DefaultSqlSession@51bba775]
Creating a new SqlSession
Registering transaction synchronization for SqlSession [org.apache.ibatis.session.defaults.DefaultSqlSession@7bbab46e]
JDBC Connection [HikariProxyConnection@1909317132 wrapping com.mysql.cj.jdbc.ConnectionImpl@247d44b4] will be managed by Spring
==>  Preparing: INSERT INTO `tb_post` (content, author_id, publish_at, last_update) VALUES (?, ?, ?, ?)
==> Parameters: 《英雄联盟：激斗峡谷》的快节奏 MOBA，让我体验了策略与操作的较量。(String), 100(Long), 2024-11-13T00:19:37.692908100(LocalDateTime), 2024-11-13T00:19:37.692908100(LocalDateTime)
<==    Updates: 1
Releasing transactional SqlSession [org.apache.ibatis.session.defaults.DefaultSqlSession@7bbab46e]
Transaction synchronization committing SqlSession [org.apache.ibatis.session.defaults.DefaultSqlSession@7bbab46e]
Transaction synchronization deregistering SqlSession [org.apache.ibatis.session.defaults.DefaultSqlSession@7bbab46e]
Transaction synchronization closing SqlSession [org.apache.ibatis.session.defaults.DefaultSqlSession@7bbab46e]
Creating a new SqlSession
Registering transaction synchronization for SqlSession [org.apache.ibatis.session.defaults.DefaultSqlSession@30a8ac50]
JDBC Connection [HikariProxyConnection@126973884 wrapping com.mysql.cj.jdbc.ConnectionImpl@247d44b4] will be managed by Spring
==>  Preparing: INSERT INTO `tb_post` (content, author_id, publish_at, last_update) VALUES (?, ?, ?, ?)
==> Parameters: 《原神》的开放世界与角色收集，让我沉迷于提瓦特的冒险。(String), 66(Long), 2024-11-13T00:19:37.714325400(LocalDateTime), 2024-11-13T00:19:37.714325400(LocalDateTime)
<==    Updates: 1
Releasing transactional SqlSession [org.apache.ibatis.session.defaults.DefaultSqlSession@30a8ac50]
Transaction synchronization committing SqlSession [org.apache.ibatis.session.defaults.DefaultSqlSession@30a8ac50]
Transaction synchronization deregistering SqlSession [org.apache.ibatis.session.defaults.DefaultSqlSession@30a8ac50]
Transaction synchronization closing SqlSession [org.apache.ibatis.session.defaults.DefaultSqlSession@30a8ac50]
Creating a new SqlSession
Registering transaction synchronization for SqlSession [org.apache.ibatis.session.defaults.DefaultSqlSession@34e700f4]
JDBC Connection [HikariProxyConnection@518017014 wrapping com.mysql.cj.jdbc.ConnectionImpl@247d44b4] will be managed by Spring
==>  Preparing: INSERT INTO `tb_post` (content, author_id, publish_at, last_update) VALUES (?, ?, ?, ?)
==> Parameters: 《赛博朋克2077》的夜城探索，让我体验了赛博朋克的魅力。(String), 43(Long), 2024-11-13T00:19:37.723323700(LocalDateTime), 2024-11-13T00:19:37.723323700(LocalDateTime)
<==    Updates: 1
Releasing transactional SqlSession [org.apache.ibatis.session.defaults.DefaultSqlSession@34e700f4]
Transaction synchronization committing SqlSession [org.apache.ibatis.session.defaults.DefaultSqlSession@34e700f4]
Transaction synchronization deregistering SqlSession [org.apache.ibatis.session.defaults.DefaultSqlSession@34e700f4]
Transaction synchronization closing SqlSession [org.apache.ibatis.session.defaults.DefaultSqlSession@34e700f4]
Creating a new SqlSession
Registering transaction synchronization for SqlSession [org.apache.ibatis.session.defaults.DefaultSqlSession@3bbab2c9]
JDBC Connection [HikariProxyConnection@1650273133 wrapping com.mysql.cj.jdbc.ConnectionImpl@247d44b4] will be managed by Spring
==>  Preparing: INSERT INTO `tb_post` (content, author_id, publish_at, last_update) VALUES (?, ?, ?, ?)
==> Parameters: 《漫威蜘蛛侠》的纽约市冒险，让我体验了成为超级英雄的快感。(String), 49(Long), 2024-11-13T00:19:37.733091900(LocalDateTime), 2024-11-13T00:19:37.733091900(LocalDateTime)
<==    Updates: 1
Releasing transactional SqlSession [org.apache.ibatis.session.defaults.DefaultSqlSession@3bbab2c9]
Transaction synchronization committing SqlSession [org.apache.ibatis.session.defaults.DefaultSqlSession@3bbab2c9]
Transaction synchronization deregistering SqlSession [org.apache.ibatis.session.defaults.DefaultSqlSession@3bbab2c9]
Transaction synchronization closing SqlSession [org.apache.ibatis.session.defaults.DefaultSqlSession@3bbab2c9]
Creating a new SqlSession
Registering transaction synchronization for SqlSession [org.apache.ibatis.session.defaults.DefaultSqlSession@4eb43d2f]
JDBC Connection [HikariProxyConnection@1348429073 wrapping com.mysql.cj.jdbc.ConnectionImpl@247d44b4] will be managed by Spring
==>  Preparing: INSERT INTO `tb_post` (content, author_id, publish_at, last_update) VALUES (?, ?, ?, ?)
==> Parameters: 《荒野大镖客：救赎2》的西部世界，让我体验了牛仔的生活与挑战。(String), 66(Long), 2024-11-13T00:19:37.740096600(LocalDateTime), 2024-11-13T00:19:37.740096600(LocalDateTime)
<==    Updates: 1
Releasing transactional SqlSession [org.apache.ibatis.session.defaults.DefaultSqlSession@4eb43d2f]
Transaction synchronization committing SqlSession [org.apache.ibatis.session.defaults.DefaultSqlSession@4eb43d2f]
Transaction synchronization deregistering SqlSession [org.apache.ibatis.session.defaults.DefaultSqlSession@4eb43d2f]
Transaction synchronization closing SqlSession [org.apache.ibatis.session.defaults.DefaultSqlSession@4eb43d2f]
Creating a new SqlSession
Registering transaction synchronization for SqlSession [org.apache.ibatis.session.defaults.DefaultSqlSession@5c70eda4]
JDBC Connection [HikariProxyConnection@310578723 wrapping com.mysql.cj.jdbc.ConnectionImpl@247d44b4] will be managed by Spring
==>  Preparing: INSERT INTO `tb_post` (content, author_id, publish_at, last_update) VALUES (?, ?, ?, ?)
==> Parameters: 《Splatoon 2》的色彩大战，充满了创意与乐趣。(String), 99(Long), 2024-11-13T00:19:37.746280800(LocalDateTime), 2024-11-13T00:19:37.746280800(LocalDateTime)
<==    Updates: 1
Releasing transactional SqlSession [org.apache.ibatis.session.defaults.DefaultSqlSession@5c70eda4]
Transaction synchronization committing SqlSession [org.apache.ibatis.session.defaults.DefaultSqlSession@5c70eda4]
Transaction synchronization deregistering SqlSession [org.apache.ibatis.session.defaults.DefaultSqlSession@5c70eda4]
Transaction synchronization closing SqlSession [org.apache.ibatis.session.defaults.DefaultSqlSession@5c70eda4]
Creating a new SqlSession
Registering transaction synchronization for SqlSession [org.apache.ibatis.session.defaults.DefaultSqlSession@4707d60a]
JDBC Connection [HikariProxyConnection@961312738 wrapping com.mysql.cj.jdbc.ConnectionImpl@247d44b4] will be managed by Spring
==>  Preparing: INSERT INTO `tb_post` (content, author_id, publish_at, last_update) VALUES (?, ?, ?, ?)
==> Parameters: 《光环：无限》的宇宙战争，让我体验了科幻射击的刺激。(String), 21(Long), 2024-11-13T00:19:37.746280800(LocalDateTime), 2024-11-13T00:19:37.746280800(LocalDateTime)
<==    Updates: 1
Releasing transactional SqlSession [org.apache.ibatis.session.defaults.DefaultSqlSession@4707d60a]
Transaction synchronization committing SqlSession [org.apache.ibatis.session.defaults.DefaultSqlSession@4707d60a]
Transaction synchronization deregistering SqlSession [org.apache.ibatis.session.defaults.DefaultSqlSession@4707d60a]
Transaction synchronization closing SqlSession [org.apache.ibatis.session.defaults.DefaultSqlSession@4707d60a]
Creating a new SqlSession
Registering transaction synchronization for SqlSession [org.apache.ibatis.session.defaults.DefaultSqlSession@6d8cbd1a]
JDBC Connection [HikariProxyConnection@1751171072 wrapping com.mysql.cj.jdbc.ConnectionImpl@247d44b4] will be managed by Spring
==>  Preparing: INSERT INTO `tb_post` (content, author_id, publish_at, last_update) VALUES (?, ?, ?, ?)
==> Parameters: 《地铁：离去》的末世生存，让我感受到了生存的艰难。(String), 79(Long), 2024-11-13T00:19:37.746280800(LocalDateTime), 2024-11-13T00:19:37.746280800(LocalDateTime)
<==    Updates: 1
Releasing transactional SqlSession [org.apache.ibatis.session.defaults.DefaultSqlSession@6d8cbd1a]
Transaction synchronization committing SqlSession [org.apache.ibatis.session.defaults.DefaultSqlSession@6d8cbd1a]
Transaction synchronization deregistering SqlSession [org.apache.ibatis.session.defaults.DefaultSqlSession@6d8cbd1a]
Transaction synchronization closing SqlSession [org.apache.ibatis.session.defaults.DefaultSqlSession@6d8cbd1a]
Creating a new SqlSession
Registering transaction synchronization for SqlSession [org.apache.ibatis.session.defaults.DefaultSqlSession@293988dc]
JDBC Connection [HikariProxyConnection@104844321 wrapping com.mysql.cj.jdbc.ConnectionImpl@247d44b4] will be managed by Spring
==>  Preparing: INSERT INTO `tb_post` (content, author_id, publish_at, last_update) VALUES (?, ?, ?, ?)
==> Parameters: 《死亡搁浅》的连接主题，让我思考了人与人之间的关系。(String), 33(Long), 2024-11-13T00:19:37.762157800(LocalDateTime), 2024-11-13T00:19:37.762157800(LocalDateTime)
<==    Updates: 1
Releasing transactional SqlSession [org.apache.ibatis.session.defaults.DefaultSqlSession@293988dc]
Transaction synchronization committing SqlSession [org.apache.ibatis.session.defaults.DefaultSqlSession@293988dc]
Transaction synchronization deregistering SqlSession [org.apache.ibatis.session.defaults.DefaultSqlSession@293988dc]
Transaction synchronization closing SqlSession [org.apache.ibatis.session.defaults.DefaultSqlSession@293988dc]
Creating a new SqlSession
Registering transaction synchronization for SqlSession [org.apache.ibatis.session.defaults.DefaultSqlSession@34fde3a3]
JDBC Connection [HikariProxyConnection@1570126267 wrapping com.mysql.cj.jdbc.ConnectionImpl@247d44b4] will be managed by Spring
==>  Preparing: INSERT INTO `tb_post` (content, author_id, publish_at, last_update) VALUES (?, ?, ?, ?)
==> Parameters: 《荒野乱斗》的快节奏对战，让我爱不释手。(String), 83(Long), 2024-11-13T00:19:37.768161200(LocalDateTime), 2024-11-13T00:19:37.768161200(LocalDateTime)
<==    Updates: 1
Releasing transactional SqlSession [org.apache.ibatis.session.defaults.DefaultSqlSession@34fde3a3]
Transaction synchronization committing SqlSession [org.apache.ibatis.session.defaults.DefaultSqlSession@34fde3a3]
Transaction synchronization deregistering SqlSession [org.apache.ibatis.session.defaults.DefaultSqlSession@34fde3a3]
Transaction synchronization closing SqlSession [org.apache.ibatis.session.defaults.DefaultSqlSession@34fde3a3]
Creating a new SqlSession
Registering transaction synchronization for SqlSession [org.apache.ibatis.session.defaults.DefaultSqlSession@35ef158f]
JDBC Connection [HikariProxyConnection@349015546 wrapping com.mysql.cj.jdbc.ConnectionImpl@247d44b4] will be managed by Spring
==>  Preparing: INSERT INTO `tb_post` (content, author_id, publish_at, last_update) VALUES (?, ?, ?, ?)
==> Parameters: 《光环：士官长合集》的经典回顾，让我重温了士官长的传奇。(String), 37(Long), 2024-11-13T00:19:37.773157300(LocalDateTime), 2024-11-13T00:19:37.773157300(LocalDateTime)
<==    Updates: 1
Releasing transactional SqlSession [org.apache.ibatis.session.defaults.DefaultSqlSession@35ef158f]
Transaction synchronization committing SqlSession [org.apache.ibatis.session.defaults.DefaultSqlSession@35ef158f]
Transaction synchronization deregistering SqlSession [org.apache.ibatis.session.defaults.DefaultSqlSession@35ef158f]
Transaction synchronization closing SqlSession [org.apache.ibatis.session.defaults.DefaultSqlSession@35ef158f]
Creating a new SqlSession
Registering transaction synchronization for SqlSession [org.apache.ibatis.session.defaults.DefaultSqlSession@b42d1c8]
JDBC Connection [HikariProxyConnection@905830050 wrapping com.mysql.cj.jdbc.ConnectionImpl@247d44b4] will be managed by Spring
==>  Preparing: INSERT INTO `tb_post` (content, author_id, publish_at, last_update) VALUES (?, ?, ?, ?)
==> Parameters: 《极限竞速：地平线》的驾驶体验，让我爱上了赛车文化。(String), 78(Long), 2024-11-13T00:19:37.779888400(LocalDateTime), 2024-11-13T00:19:37.779888400(LocalDateTime)
<==    Updates: 1
Releasing transactional SqlSession [org.apache.ibatis.session.defaults.DefaultSqlSession@b42d1c8]
Transaction synchronization committing SqlSession [org.apache.ibatis.session.defaults.DefaultSqlSession@b42d1c8]
Transaction synchronization deregistering SqlSession [org.apache.ibatis.session.defaults.DefaultSqlSession@b42d1c8]
Transaction synchronization closing SqlSession [org.apache.ibatis.session.defaults.DefaultSqlSession@b42d1c8]
Creating a new SqlSession
Registering transaction synchronization for SqlSession [org.apache.ibatis.session.defaults.DefaultSqlSession@608448e7]
JDBC Connection [HikariProxyConnection@1336724276 wrapping com.mysql.cj.jdbc.ConnectionImpl@247d44b4] will be managed by Spring
==>  Preparing: INSERT INTO `tb_post` (content, author_id, publish_at, last_update) VALUES (?, ?, ?, ?)
==> Parameters: 《上古卷轴5：天际》的自由探索，让我沉迷于天际省的美景。(String), 76(Long), 2024-11-13T00:19:37.785888500(LocalDateTime), 2024-11-13T00:19:37.785888500(LocalDateTime)
<==    Updates: 1
Releasing transactional SqlSession [org.apache.ibatis.session.defaults.DefaultSqlSession@608448e7]
Transaction synchronization committing SqlSession [org.apache.ibatis.session.defaults.DefaultSqlSession@608448e7]
Transaction synchronization deregistering SqlSession [org.apache.ibatis.session.defaults.DefaultSqlSession@608448e7]
Transaction synchronization closing SqlSession [org.apache.ibatis.session.defaults.DefaultSqlSession@608448e7]
Creating a new SqlSession
Registering transaction synchronization for SqlSession [org.apache.ibatis.session.defaults.DefaultSqlSession@6971c6b7]
JDBC Connection [HikariProxyConnection@1261940766 wrapping com.mysql.cj.jdbc.ConnectionImpl@247d44b4] will be managed by Spring
==>  Preparing: INSERT INTO `tb_post` (content, author_id, publish_at, last_update) VALUES (?, ?, ?, ?)
==> Parameters: 《辐射4》的废土世界，让我体验了生存的挑战。(String), 41(Long), 2024-11-13T00:19:37.791890(LocalDateTime), 2024-11-13T00:19:37.791890(LocalDateTime)
<==    Updates: 1
Releasing transactional SqlSession [org.apache.ibatis.session.defaults.DefaultSqlSession@6971c6b7]
Transaction synchronization committing SqlSession [org.apache.ibatis.session.defaults.DefaultSqlSession@6971c6b7]
Transaction synchronization deregistering SqlSession [org.apache.ibatis.session.defaults.DefaultSqlSession@6971c6b7]
Transaction synchronization closing SqlSession [org.apache.ibatis.session.defaults.DefaultSqlSession@6971c6b7]
Creating a new SqlSession
Registering transaction synchronization for SqlSession [org.apache.ibatis.session.defaults.DefaultSqlSession@42599b84]
JDBC Connection [HikariProxyConnection@629334547 wrapping com.mysql.cj.jdbc.ConnectionImpl@247d44b4] will be managed by Spring
==>  Preparing: INSERT INTO `tb_post` (content, author_id, publish_at, last_update) VALUES (?, ?, ?, ?)
==> Parameters: 《文明》系列的策略布局，让我体验了建设帝国的乐趣。(String), 84(Long), 2024-11-13T00:19:37.792891600(LocalDateTime), 2024-11-13T00:19:37.792891600(LocalDateTime)
<==    Updates: 1
Releasing transactional SqlSession [org.apache.ibatis.session.defaults.DefaultSqlSession@42599b84]
Transaction synchronization committing SqlSession [org.apache.ibatis.session.defaults.DefaultSqlSession@42599b84]
Transaction synchronization deregistering SqlSession [org.apache.ibatis.session.defaults.DefaultSqlSession@42599b84]
Transaction synchronization closing SqlSession [org.apache.ibatis.session.defaults.DefaultSqlSession@42599b84]
Creating a new SqlSession
Registering transaction synchronization for SqlSession [org.apache.ibatis.session.defaults.DefaultSqlSession@335cd031]
JDBC Connection [HikariProxyConnection@783446161 wrapping com.mysql.cj.jdbc.ConnectionImpl@247d44b4] will be managed by Spring
==>  Preparing: INSERT INTO `tb_post` (content, author_id, publish_at, last_update) VALUES (?, ?, ?, ?)
==> Parameters: 《缺氧》的太空殖民，考验着我的生存与资源管理能力。(String), 68(Long), 2024-11-13T00:19:37.792891600(LocalDateTime), 2024-11-13T00:19:37.792891600(LocalDateTime)
<==    Updates: 1
Releasing transactional SqlSession [org.apache.ibatis.session.defaults.DefaultSqlSession@335cd031]
Transaction synchronization committing SqlSession [org.apache.ibatis.session.defaults.DefaultSqlSession@335cd031]
Transaction synchronization deregistering SqlSession [org.apache.ibatis.session.defaults.DefaultSqlSession@335cd031]
Transaction synchronization closing SqlSession [org.apache.ibatis.session.defaults.DefaultSqlSession@335cd031]
Creating a new SqlSession
Registering transaction synchronization for SqlSession [org.apache.ibatis.session.defaults.DefaultSqlSession@63fef83c]
JDBC Connection [HikariProxyConnection@1384193473 wrapping com.mysql.cj.jdbc.ConnectionImpl@247d44b4] will be managed by Spring
==>  Preparing: INSERT INTO `tb_post` (content, author_id, publish_at, last_update) VALUES (?, ?, ?, ?)
==> Parameters: 《王国之心》系列的迪士尼世界，让我重温了童年的经典。(String), 73(Long), 2024-11-13T00:19:37.810042100(LocalDateTime), 2024-11-13T00:19:37.810042100(LocalDateTime)
<==    Updates: 1
Releasing transactional SqlSession [org.apache.ibatis.session.defaults.DefaultSqlSession@63fef83c]
Transaction synchronization committing SqlSession [org.apache.ibatis.session.defaults.DefaultSqlSession@63fef83c]
Transaction synchronization deregistering SqlSession [org.apache.ibatis.session.defaults.DefaultSqlSession@63fef83c]
Transaction synchronization closing SqlSession [org.apache.ibatis.session.defaults.DefaultSqlSession@63fef83c]
Creating a new SqlSession
Registering transaction synchronization for SqlSession [org.apache.ibatis.session.defaults.DefaultSqlSession@2c69ea30]
JDBC Connection [HikariProxyConnection@897584618 wrapping com.mysql.cj.jdbc.ConnectionImpl@247d44b4] will be managed by Spring
==>  Preparing: INSERT INTO `tb_post` (content, author_id, publish_at, last_update) VALUES (?, ?, ?, ?)
==> Parameters: 《尼尔：自动人形》的深刻故事，让我思考了生命的意义。(String), 87(Long), 2024-11-13T00:19:37.816041100(LocalDateTime), 2024-11-13T00:19:37.817042100(LocalDateTime)
<==    Updates: 1
Releasing transactional SqlSession [org.apache.ibatis.session.defaults.DefaultSqlSession@2c69ea30]
Transaction synchronization committing SqlSession [org.apache.ibatis.session.defaults.DefaultSqlSession@2c69ea30]
Transaction synchronization deregistering SqlSession [org.apache.ibatis.session.defaults.DefaultSqlSession@2c69ea30]
Transaction synchronization closing SqlSession [org.apache.ibatis.session.defaults.DefaultSqlSession@2c69ea30]
Creating a new SqlSession
Registering transaction synchronization for SqlSession [org.apache.ibatis.session.defaults.DefaultSqlSession@4a723adf]
JDBC Connection [HikariProxyConnection@583777927 wrapping com.mysql.cj.jdbc.ConnectionImpl@247d44b4] will be managed by Spring
==>  Preparing: INSERT INTO `tb_post` (content, author_id, publish_at, last_update) VALUES (?, ?, ?, ?)
==> Parameters: 《绝地求生：刺激战场》的战术竞技，让我体验了生存游戏的刺激。(String), 30(Long), 2024-11-13T00:19:37.824043700(LocalDateTime), 2024-11-13T00:19:37.824043700(LocalDateTime)
<==    Updates: 1
Releasing transactional SqlSession [org.apache.ibatis.session.defaults.DefaultSqlSession@4a723adf]
Transaction synchronization committing SqlSession [org.apache.ibatis.session.defaults.DefaultSqlSession@4a723adf]
Transaction synchronization deregistering SqlSession [org.apache.ibatis.session.defaults.DefaultSqlSession@4a723adf]
Transaction synchronization closing SqlSession [org.apache.ibatis.session.defaults.DefaultSqlSession@4a723adf]
Creating a new SqlSession
Registering transaction synchronization for SqlSession [org.apache.ibatis.session.defaults.DefaultSqlSession@26864891]
JDBC Connection [HikariProxyConnection@106013593 wrapping com.mysql.cj.jdbc.ConnectionImpl@247d44b4] will be managed by Spring
==>  Preparing: INSERT INTO `tb_post` (content, author_id, publish_at, last_update) VALUES (?, ?, ?, ?)
==> Parameters: 《塞尔达无双：灾厄启示录》的动作战斗，让我感受到了无双系列的魅力。(String), 4(Long), 2024-11-13T00:19:37.835842500(LocalDateTime), 2024-11-13T00:19:37.835842500(LocalDateTime)
<==    Updates: 1
Releasing transactional SqlSession [org.apache.ibatis.session.defaults.DefaultSqlSession@26864891]
Transaction synchronization committing SqlSession [org.apache.ibatis.session.defaults.DefaultSqlSession@26864891]
Transaction synchronization deregistering SqlSession [org.apache.ibatis.session.defaults.DefaultSqlSession@26864891]
Transaction synchronization closing SqlSession [org.apache.ibatis.session.defaults.DefaultSqlSession@26864891]
Creating a new SqlSession
Registering transaction synchronization for SqlSession [org.apache.ibatis.session.defaults.DefaultSqlSession@3bb186b]
JDBC Connection [HikariProxyConnection@228585933 wrapping com.mysql.cj.jdbc.ConnectionImpl@247d44b4] will be managed by Spring
==>  Preparing: INSERT INTO `tb_post` (content, author_id, publish_at, last_update) VALUES (?, ?, ?, ?)
==> Parameters: 《鬼泣5》的华丽战斗，让我沉浸在恶魔猎人的世界中。(String), 73(Long), 2024-11-13T00:19:37.842901300(LocalDateTime), 2024-11-13T00:19:37.842901300(LocalDateTime)
<==    Updates: 1
Releasing transactional SqlSession [org.apache.ibatis.session.defaults.DefaultSqlSession@3bb186b]
Transaction synchronization committing SqlSession [org.apache.ibatis.session.defaults.DefaultSqlSession@3bb186b]
Transaction synchronization deregistering SqlSession [org.apache.ibatis.session.defaults.DefaultSqlSession@3bb186b]
Transaction synchronization closing SqlSession [org.apache.ibatis.session.defaults.DefaultSqlSession@3bb186b]
Creating a new SqlSession
Registering transaction synchronization for SqlSession [org.apache.ibatis.session.defaults.DefaultSqlSession@162c89ac]
JDBC Connection [HikariProxyConnection@1867673489 wrapping com.mysql.cj.jdbc.ConnectionImpl@247d44b4] will be managed by Spring
==>  Preparing: INSERT INTO `tb_post` (content, author_id, publish_at, last_update) VALUES (?, ?, ?, ?)
==> Parameters: 《只狼：影逝二度》的忍者冒险，考验着我的耐心与技巧。(String), 54(Long), 2024-11-13T00:19:37.842901300(LocalDateTime), 2024-11-13T00:19:37.842901300(LocalDateTime)
<==    Updates: 1
Releasing transactional SqlSession [org.apache.ibatis.session.defaults.DefaultSqlSession@162c89ac]
Transaction synchronization committing SqlSession [org.apache.ibatis.session.defaults.DefaultSqlSession@162c89ac]
Transaction synchronization deregistering SqlSession [org.apache.ibatis.session.defaults.DefaultSqlSession@162c89ac]
Transaction synchronization closing SqlSession [org.apache.ibatis.session.defaults.DefaultSqlSession@162c89ac]
Creating a new SqlSession
Registering transaction synchronization for SqlSession [org.apache.ibatis.session.defaults.DefaultSqlSession@489a722d]
JDBC Connection [HikariProxyConnection@142115220 wrapping com.mysql.cj.jdbc.ConnectionImpl@247d44b4] will be managed by Spring
==>  Preparing: INSERT INTO `tb_post` (content, author_id, publish_at, last_update) VALUES (?, ?, ?, ?)
==> Parameters: 《超级马里奥奥德赛》的创意关卡，让我体验了马里奥的奇妙之旅。(String), 87(Long), 2024-11-13T00:19:37.866167400(LocalDateTime), 2024-11-13T00:19:37.866167400(LocalDateTime)
<==    Updates: 1
Releasing transactional SqlSession [org.apache.ibatis.session.defaults.DefaultSqlSession@489a722d]
Transaction synchronization committing SqlSession [org.apache.ibatis.session.defaults.DefaultSqlSession@489a722d]
Transaction synchronization deregistering SqlSession [org.apache.ibatis.session.defaults.DefaultSqlSession@489a722d]
Transaction synchronization closing SqlSession [org.apache.ibatis.session.defaults.DefaultSqlSession@489a722d]
Creating a new SqlSession
Registering transaction synchronization for SqlSession [org.apache.ibatis.session.defaults.DefaultSqlSession@306a9cd8]
JDBC Connection [HikariProxyConnection@803286723 wrapping com.mysql.cj.jdbc.ConnectionImpl@247d44b4] will be managed by Spring
==>  Preparing: INSERT INTO `tb_post` (content, author_id, publish_at, last_update) VALUES (?, ?, ?, ?)
==> Parameters: 每一次看到奥运圣火点燃，心中的激情也随之被点燃。(String), 1(Long), 2024-11-13T00:19:37.878619500(LocalDateTime), 2024-11-13T00:19:37.878619500(LocalDateTime)
<==    Updates: 1
Releasing transactional SqlSession [org.apache.ibatis.session.defaults.DefaultSqlSession@306a9cd8]
Transaction synchronization committing SqlSession [org.apache.ibatis.session.defaults.DefaultSqlSession@306a9cd8]
Transaction synchronization deregistering SqlSession [org.apache.ibatis.session.defaults.DefaultSqlSession@306a9cd8]
Transaction synchronization closing SqlSession [org.apache.ibatis.session.defaults.DefaultSqlSession@306a9cd8]
Creating a new SqlSession
Registering transaction synchronization for SqlSession [org.apache.ibatis.session.defaults.DefaultSqlSession@6921ce3f]
JDBC Connection [HikariProxyConnection@2064279993 wrapping com.mysql.cj.jdbc.ConnectionImpl@247d44b4] will be managed by Spring
==>  Preparing: INSERT INTO `tb_post` (content, author_id, publish_at, last_update) VALUES (?, ?, ?, ?)
==> Parameters: 奥运精神激励着我们追求卓越，无论在赛场还是生活中。(String), 75(Long), 2024-11-13T00:19:37.888619600(LocalDateTime), 2024-11-13T00:19:37.888619600(LocalDateTime)
<==    Updates: 1
Releasing transactional SqlSession [org.apache.ibatis.session.defaults.DefaultSqlSession@6921ce3f]
Transaction synchronization committing SqlSession [org.apache.ibatis.session.defaults.DefaultSqlSession@6921ce3f]
Transaction synchronization deregistering SqlSession [org.apache.ibatis.session.defaults.DefaultSqlSession@6921ce3f]
Transaction synchronization closing SqlSession [org.apache.ibatis.session.defaults.DefaultSqlSession@6921ce3f]
Creating a new SqlSession
Registering transaction synchronization for SqlSession [org.apache.ibatis.session.defaults.DefaultSqlSession@46c5747f]
JDBC Connection [HikariProxyConnection@1340677869 wrapping com.mysql.cj.jdbc.ConnectionImpl@247d44b4] will be managed by Spring
==>  Preparing: INSERT INTO `tb_post` (content, author_id, publish_at, last_update) VALUES (?, ?, ?, ?)
==> Parameters: 运动员们的努力和汗水，是奥运会上最亮丽的风景。(String), 29(Long), 2024-11-13T00:19:37.893456300(LocalDateTime), 2024-11-13T00:19:37.893456300(LocalDateTime)
<==    Updates: 1
Releasing transactional SqlSession [org.apache.ibatis.session.defaults.DefaultSqlSession@46c5747f]
Transaction synchronization committing SqlSession [org.apache.ibatis.session.defaults.DefaultSqlSession@46c5747f]
Transaction synchronization deregistering SqlSession [org.apache.ibatis.session.defaults.DefaultSqlSession@46c5747f]
Transaction synchronization closing SqlSession [org.apache.ibatis.session.defaults.DefaultSqlSession@46c5747f]
Creating a new SqlSession
Registering transaction synchronization for SqlSession [org.apache.ibatis.session.defaults.DefaultSqlSession@655295bd]
JDBC Connection [HikariProxyConnection@930838424 wrapping com.mysql.cj.jdbc.ConnectionImpl@247d44b4] will be managed by Spring
==>  Preparing: INSERT INTO `tb_post` (content, author_id, publish_at, last_update) VALUES (?, ?, ?, ?)
==> Parameters: 不分国界，不分种族，奥运会让世界团结在一起。(String), 79(Long), 2024-11-13T00:19:37.911023400(LocalDateTime), 2024-11-13T00:19:37.911023400(LocalDateTime)
<==    Updates: 1
Releasing transactional SqlSession [org.apache.ibatis.session.defaults.DefaultSqlSession@655295bd]
Transaction synchronization committing SqlSession [org.apache.ibatis.session.defaults.DefaultSqlSession@655295bd]
Transaction synchronization deregistering SqlSession [org.apache.ibatis.session.defaults.DefaultSqlSession@655295bd]
Transaction synchronization closing SqlSession [org.apache.ibatis.session.defaults.DefaultSqlSession@655295bd]
Creating a new SqlSession
Registering transaction synchronization for SqlSession [org.apache.ibatis.session.defaults.DefaultSqlSession@1c63b39a]
JDBC Connection [HikariProxyConnection@469715743 wrapping com.mysql.cj.jdbc.ConnectionImpl@247d44b4] will be managed by Spring
==>  Preparing: INSERT INTO `tb_post` (content, author_id, publish_at, last_update) VALUES (?, ?, ?, ?)
==> Parameters: 每一次的突破和纪录，都是人类潜能的展现。(String), 4(Long), 2024-11-13T00:19:37.922032100(LocalDateTime), 2024-11-13T00:19:37.922032100(LocalDateTime)
<==    Updates: 1
Releasing transactional SqlSession [org.apache.ibatis.session.defaults.DefaultSqlSession@1c63b39a]
Transaction synchronization committing SqlSession [org.apache.ibatis.session.defaults.DefaultSqlSession@1c63b39a]
Transaction synchronization deregistering SqlSession [org.apache.ibatis.session.defaults.DefaultSqlSession@1c63b39a]
Transaction synchronization closing SqlSession [org.apache.ibatis.session.defaults.DefaultSqlSession@1c63b39a]
Creating a new SqlSession
Registering transaction synchronization for SqlSession [org.apache.ibatis.session.defaults.DefaultSqlSession@428440f2]
JDBC Connection [HikariProxyConnection@2121437254 wrapping com.mysql.cj.jdbc.ConnectionImpl@247d44b4] will be managed by Spring
==>  Preparing: INSERT INTO `tb_post` (content, author_id, publish_at, last_update) VALUES (?, ?, ?, ?)
==> Parameters: 看到五星红旗在奥运会上升起，心中无比自豪。(String), 28(Long), 2024-11-13T00:19:37.932095300(LocalDateTime), 2024-11-13T00:19:37.932095300(LocalDateTime)
<==    Updates: 1
Releasing transactional SqlSession [org.apache.ibatis.session.defaults.DefaultSqlSession@428440f2]
Transaction synchronization committing SqlSession [org.apache.ibatis.session.defaults.DefaultSqlSession@428440f2]
Transaction synchronization deregistering SqlSession [org.apache.ibatis.session.defaults.DefaultSqlSession@428440f2]
Transaction synchronization closing SqlSession [org.apache.ibatis.session.defaults.DefaultSqlSession@428440f2]
Creating a new SqlSession
Registering transaction synchronization for SqlSession [org.apache.ibatis.session.defaults.DefaultSqlSession@7ab20a7]
JDBC Connection [HikariProxyConnection@1693356688 wrapping com.mysql.cj.jdbc.ConnectionImpl@247d44b4] will be managed by Spring
==>  Preparing: INSERT INTO `tb_post` (content, author_id, publish_at, last_update) VALUES (?, ?, ?, ?)
==> Parameters: 奥运会不仅是体育竞技，更是文化交流的盛会。(String), 97(Long), 2024-11-13T00:19:37.942096600(LocalDateTime), 2024-11-13T00:19:37.942096600(LocalDateTime)
<==    Updates: 1
Releasing transactional SqlSession [org.apache.ibatis.session.defaults.DefaultSqlSession@7ab20a7]
Transaction synchronization committing SqlSession [org.apache.ibatis.session.defaults.DefaultSqlSession@7ab20a7]
Transaction synchronization deregistering SqlSession [org.apache.ibatis.session.defaults.DefaultSqlSession@7ab20a7]
Transaction synchronization closing SqlSession [org.apache.ibatis.session.defaults.DefaultSqlSession@7ab20a7]
Creating a new SqlSession
Registering transaction synchronization for SqlSession [org.apache.ibatis.session.defaults.DefaultSqlSession@2fc51562]
JDBC Connection [HikariProxyConnection@369237870 wrapping com.mysql.cj.jdbc.ConnectionImpl@247d44b4] will be managed by Spring
==>  Preparing: INSERT INTO `tb_post` (content, author_id, publish_at, last_update) VALUES (?, ?, ?, ?)
==> Parameters: 每一次的起跑，都是对梦想的追逐。(String), 47(Long), 2024-11-13T00:19:37.945603100(LocalDateTime), 2024-11-13T00:19:37.945603100(LocalDateTime)
<==    Updates: 1
Releasing transactional SqlSession [org.apache.ibatis.session.defaults.DefaultSqlSession@2fc51562]
Transaction synchronization committing SqlSession [org.apache.ibatis.session.defaults.DefaultSqlSession@2fc51562]
Transaction synchronization deregistering SqlSession [org.apache.ibatis.session.defaults.DefaultSqlSession@2fc51562]
Transaction synchronization closing SqlSession [org.apache.ibatis.session.defaults.DefaultSqlSession@2fc51562]
Creating a new SqlSession
Registering transaction synchronization for SqlSession [org.apache.ibatis.session.defaults.DefaultSqlSession@27e42fe8]
JDBC Connection [HikariProxyConnection@1903399527 wrapping com.mysql.cj.jdbc.ConnectionImpl@247d44b4] will be managed by Spring
==>  Preparing: INSERT INTO `tb_post` (content, author_id, publish_at, last_update) VALUES (?, ?, ?, ?)
==> Parameters: 无论成败，每一位奥运选手都值得我们尊敬。(String), 89(Long), 2024-11-13T00:19:37.945603100(LocalDateTime), 2024-11-13T00:19:37.945603100(LocalDateTime)
<==    Updates: 1
Releasing transactional SqlSession [org.apache.ibatis.session.defaults.DefaultSqlSession@27e42fe8]
Transaction synchronization committing SqlSession [org.apache.ibatis.session.defaults.DefaultSqlSession@27e42fe8]
Transaction synchronization deregistering SqlSession [org.apache.ibatis.session.defaults.DefaultSqlSession@27e42fe8]
Transaction synchronization closing SqlSession [org.apache.ibatis.session.defaults.DefaultSqlSession@27e42fe8]
Creating a new SqlSession
Registering transaction synchronization for SqlSession [org.apache.ibatis.session.defaults.DefaultSqlSession@17931cc0]
JDBC Connection [HikariProxyConnection@529404054 wrapping com.mysql.cj.jdbc.ConnectionImpl@247d44b4] will be managed by Spring
==>  Preparing: INSERT INTO `tb_post` (content, author_id, publish_at, last_update) VALUES (?, ?, ?, ?)
==> Parameters: 奥运会的志愿者，你们是赛事顺利进行的幕后英雄。(String), 37(Long), 2024-11-13T00:19:37.960300100(LocalDateTime), 2024-11-13T00:19:37.960300100(LocalDateTime)
<==    Updates: 1
Releasing transactional SqlSession [org.apache.ibatis.session.defaults.DefaultSqlSession@17931cc0]
Transaction synchronization committing SqlSession [org.apache.ibatis.session.defaults.DefaultSqlSession@17931cc0]
Transaction synchronization deregistering SqlSession [org.apache.ibatis.session.defaults.DefaultSqlSession@17931cc0]
Transaction synchronization closing SqlSession [org.apache.ibatis.session.defaults.DefaultSqlSession@17931cc0]
Creating a new SqlSession
Registering transaction synchronization for SqlSession [org.apache.ibatis.session.defaults.DefaultSqlSession@14e8304b]
JDBC Connection [HikariProxyConnection@1917732927 wrapping com.mysql.cj.jdbc.ConnectionImpl@247d44b4] will be managed by Spring
==>  Preparing: INSERT INTO `tb_post` (content, author_id, publish_at, last_update) VALUES (?, ?, ?, ?)
==> Parameters: 每一次的跳跃，都是对自我极限的挑战。(String), 26(Long), 2024-11-13T00:19:37.966300600(LocalDateTime), 2024-11-13T00:19:37.966300600(LocalDateTime)
<==    Updates: 1
Releasing transactional SqlSession [org.apache.ibatis.session.defaults.DefaultSqlSession@14e8304b]
Transaction synchronization committing SqlSession [org.apache.ibatis.session.defaults.DefaultSqlSession@14e8304b]
Transaction synchronization deregistering SqlSession [org.apache.ibatis.session.defaults.DefaultSqlSession@14e8304b]
Transaction synchronization closing SqlSession [org.apache.ibatis.session.defaults.DefaultSqlSession@14e8304b]
Creating a new SqlSession
Registering transaction synchronization for SqlSession [org.apache.ibatis.session.defaults.DefaultSqlSession@65145fb7]
JDBC Connection [HikariProxyConnection@1993662895 wrapping com.mysql.cj.jdbc.ConnectionImpl@247d44b4] will be managed by Spring
==>  Preparing: INSERT INTO `tb_post` (content, author_id, publish_at, last_update) VALUES (?, ?, ?, ?)
==> Parameters: 奥运会的开幕式，总是让人期待和震撼。(String), 79(Long), 2024-11-13T00:19:37.971299100(LocalDateTime), 2024-11-13T00:19:37.971299100(LocalDateTime)
<==    Updates: 1
Releasing transactional SqlSession [org.apache.ibatis.session.defaults.DefaultSqlSession@65145fb7]
Transaction synchronization committing SqlSession [org.apache.ibatis.session.defaults.DefaultSqlSession@65145fb7]
Transaction synchronization deregistering SqlSession [org.apache.ibatis.session.defaults.DefaultSqlSession@65145fb7]
Transaction synchronization closing SqlSession [org.apache.ibatis.session.defaults.DefaultSqlSession@65145fb7]
Creating a new SqlSession
Registering transaction synchronization for SqlSession [org.apache.ibatis.session.defaults.DefaultSqlSession@35d44cd3]
JDBC Connection [HikariProxyConnection@1419640349 wrapping com.mysql.cj.jdbc.ConnectionImpl@247d44b4] will be managed by Spring
==>  Preparing: INSERT INTO `tb_post` (content, author_id, publish_at, last_update) VALUES (?, ?, ?, ?)
==> Parameters: 在奥运会上，每一次的合作都是团队精神的体现。(String), 88(Long), 2024-11-13T00:19:37.977495300(LocalDateTime), 2024-11-13T00:19:37.977495300(LocalDateTime)
<==    Updates: 1
Releasing transactional SqlSession [org.apache.ibatis.session.defaults.DefaultSqlSession@35d44cd3]
Transaction synchronization committing SqlSession [org.apache.ibatis.session.defaults.DefaultSqlSession@35d44cd3]
Transaction synchronization deregistering SqlSession [org.apache.ibatis.session.defaults.DefaultSqlSession@35d44cd3]
Transaction synchronization closing SqlSession [org.apache.ibatis.session.defaults.DefaultSqlSession@35d44cd3]
Creating a new SqlSession
Registering transaction synchronization for SqlSession [org.apache.ibatis.session.defaults.DefaultSqlSession@40d0bff1]
JDBC Connection [HikariProxyConnection@1433034352 wrapping com.mysql.cj.jdbc.ConnectionImpl@247d44b4] will be managed by Spring
==>  Preparing: INSERT INTO `tb_post` (content, author_id, publish_at, last_update) VALUES (?, ?, ?, ?)
==> Parameters: 奥运会的赛场上，每一次的坚持都值得赞扬。(String), 69(Long), 2024-11-13T00:19:37.983069800(LocalDateTime), 2024-11-13T00:19:37.983069800(LocalDateTime)
<==    Updates: 1
Releasing transactional SqlSession [org.apache.ibatis.session.defaults.DefaultSqlSession@40d0bff1]
Transaction synchronization committing SqlSession [org.apache.ibatis.session.defaults.DefaultSqlSession@40d0bff1]
Transaction synchronization deregistering SqlSession [org.apache.ibatis.session.defaults.DefaultSqlSession@40d0bff1]
Transaction synchronization closing SqlSession [org.apache.ibatis.session.defaults.DefaultSqlSession@40d0bff1]
Creating a new SqlSession
Registering transaction synchronization for SqlSession [org.apache.ibatis.session.defaults.DefaultSqlSession@4f3a8e3e]
JDBC Connection [HikariProxyConnection@1793185265 wrapping com.mysql.cj.jdbc.ConnectionImpl@247d44b4] will be managed by Spring
==>  Preparing: INSERT INTO `tb_post` (content, author_id, publish_at, last_update) VALUES (?, ?, ?, ?)
==> Parameters: 看到运动员们在赛场上的英姿，我深受鼓舞。(String), 59(Long), 2024-11-13T00:19:37.989072600(LocalDateTime), 2024-11-13T00:19:37.989072600(LocalDateTime)
<==    Updates: 1
Releasing transactional SqlSession [org.apache.ibatis.session.defaults.DefaultSqlSession@4f3a8e3e]
Transaction synchronization committing SqlSession [org.apache.ibatis.session.defaults.DefaultSqlSession@4f3a8e3e]
Transaction synchronization deregistering SqlSession [org.apache.ibatis.session.defaults.DefaultSqlSession@4f3a8e3e]
Transaction synchronization closing SqlSession [org.apache.ibatis.session.defaults.DefaultSqlSession@4f3a8e3e]
Creating a new SqlSession
Registering transaction synchronization for SqlSession [org.apache.ibatis.session.defaults.DefaultSqlSession@28c38eeb]
JDBC Connection [HikariProxyConnection@1115943579 wrapping com.mysql.cj.jdbc.ConnectionImpl@247d44b4] will be managed by Spring
==>  Preparing: INSERT INTO `tb_post` (content, author_id, publish_at, last_update) VALUES (?, ?, ?, ?)
==> Parameters: 奥运会的赛场上，每一次的超越都是自我实现的过程。(String), 57(Long), 2024-11-13T00:19:37.992882800(LocalDateTime), 2024-11-13T00:19:37.992882800(LocalDateTime)
<==    Updates: 1
Releasing transactional SqlSession [org.apache.ibatis.session.defaults.DefaultSqlSession@28c38eeb]
Transaction synchronization committing SqlSession [org.apache.ibatis.session.defaults.DefaultSqlSession@28c38eeb]
Transaction synchronization deregistering SqlSession [org.apache.ibatis.session.defaults.DefaultSqlSession@28c38eeb]
Transaction synchronization closing SqlSession [org.apache.ibatis.session.defaults.DefaultSqlSession@28c38eeb]
Creating a new SqlSession
Registering transaction synchronization for SqlSession [org.apache.ibatis.session.defaults.DefaultSqlSession@627f678d]
JDBC Connection [HikariProxyConnection@1263887658 wrapping com.mysql.cj.jdbc.ConnectionImpl@247d44b4] will be managed by Spring
==>  Preparing: INSERT INTO `tb_post` (content, author_id, publish_at, last_update) VALUES (?, ?, ?, ?)
==> Parameters: 奥运会的火炬传递，传递的是希望和梦想。(String), 96(Long), 2024-11-13T00:19:37.992882800(LocalDateTime), 2024-11-13T00:19:37.992882800(LocalDateTime)
<==    Updates: 1
Releasing transactional SqlSession [org.apache.ibatis.session.defaults.DefaultSqlSession@627f678d]
Transaction synchronization committing SqlSession [org.apache.ibatis.session.defaults.DefaultSqlSession@627f678d]
Transaction synchronization deregistering SqlSession [org.apache.ibatis.session.defaults.DefaultSqlSession@627f678d]
Transaction synchronization closing SqlSession [org.apache.ibatis.session.defaults.DefaultSqlSession@627f678d]
Creating a new SqlSession
Registering transaction synchronization for SqlSession [org.apache.ibatis.session.defaults.DefaultSqlSession@48c584c]
JDBC Connection [HikariProxyConnection@1183694087 wrapping com.mysql.cj.jdbc.ConnectionImpl@247d44b4] will be managed by Spring
==>  Preparing: INSERT INTO `tb_post` (content, author_id, publish_at, last_update) VALUES (?, ?, ?, ?)
==> Parameters: 奥运会的赛场上，每一次的拼搏都是对胜利的渴望。(String), 70(Long), 2024-11-13T00:19:37.992882800(LocalDateTime), 2024-11-13T00:19:37.992882800(LocalDateTime)
<==    Updates: 1
Releasing transactional SqlSession [org.apache.ibatis.session.defaults.DefaultSqlSession@48c584c]
Transaction synchronization committing SqlSession [org.apache.ibatis.session.defaults.DefaultSqlSession@48c584c]
Transaction synchronization deregistering SqlSession [org.apache.ibatis.session.defaults.DefaultSqlSession@48c584c]
Transaction synchronization closing SqlSession [org.apache.ibatis.session.defaults.DefaultSqlSession@48c584c]
Creating a new SqlSession
Registering transaction synchronization for SqlSession [org.apache.ibatis.session.defaults.DefaultSqlSession@2dbfcbe4]
JDBC Connection [HikariProxyConnection@1152035207 wrapping com.mysql.cj.jdbc.ConnectionImpl@247d44b4] will be managed by Spring
==>  Preparing: INSERT INTO `tb_post` (content, author_id, publish_at, last_update) VALUES (?, ?, ?, ?)
==> Parameters: 奥运会的赛场上，每一次的欢呼都是对运动员的支持。(String), 4(Long), 2024-11-13T00:19:38.011035600(LocalDateTime), 2024-11-13T00:19:38.011035600(LocalDateTime)
<==    Updates: 1
Releasing transactional SqlSession [org.apache.ibatis.session.defaults.DefaultSqlSession@2dbfcbe4]
Transaction synchronization committing SqlSession [org.apache.ibatis.session.defaults.DefaultSqlSession@2dbfcbe4]
Transaction synchronization deregistering SqlSession [org.apache.ibatis.session.defaults.DefaultSqlSession@2dbfcbe4]
Transaction synchronization closing SqlSession [org.apache.ibatis.session.defaults.DefaultSqlSession@2dbfcbe4]
Creating a new SqlSession
Registering transaction synchronization for SqlSession [org.apache.ibatis.session.defaults.DefaultSqlSession@7f5b0926]
JDBC Connection [HikariProxyConnection@1218653263 wrapping com.mysql.cj.jdbc.ConnectionImpl@247d44b4] will be managed by Spring
==>  Preparing: INSERT INTO `tb_post` (content, author_id, publish_at, last_update) VALUES (?, ?, ?, ?)
==> Parameters: 奥运会的赛场上，每一次的泪水都是对努力的证明。(String), 11(Long), 2024-11-13T00:19:38.016034500(LocalDateTime), 2024-11-13T00:19:38.016034500(LocalDateTime)
<==    Updates: 1
Releasing transactional SqlSession [org.apache.ibatis.session.defaults.DefaultSqlSession@7f5b0926]
Transaction synchronization committing SqlSession [org.apache.ibatis.session.defaults.DefaultSqlSession@7f5b0926]
Transaction synchronization deregistering SqlSession [org.apache.ibatis.session.defaults.DefaultSqlSession@7f5b0926]
Transaction synchronization closing SqlSession [org.apache.ibatis.session.defaults.DefaultSqlSession@7f5b0926]
Creating a new SqlSession
Registering transaction synchronization for SqlSession [org.apache.ibatis.session.defaults.DefaultSqlSession@f359e65]
JDBC Connection [HikariProxyConnection@42017640 wrapping com.mysql.cj.jdbc.ConnectionImpl@247d44b4] will be managed by Spring
==>  Preparing: INSERT INTO `tb_post` (content, author_id, publish_at, last_update) VALUES (?, ?, ?, ?)
==> Parameters: 奥运会的赛场上，每一次的拥抱都是友谊的见证。(String), 21(Long), 2024-11-13T00:19:38.022031600(LocalDateTime), 2024-11-13T00:19:38.022031600(LocalDateTime)
<==    Updates: 1
Releasing transactional SqlSession [org.apache.ibatis.session.defaults.DefaultSqlSession@f359e65]
Transaction synchronization committing SqlSession [org.apache.ibatis.session.defaults.DefaultSqlSession@f359e65]
Transaction synchronization deregistering SqlSession [org.apache.ibatis.session.defaults.DefaultSqlSession@f359e65]
Transaction synchronization closing SqlSession [org.apache.ibatis.session.defaults.DefaultSqlSession@f359e65]
Creating a new SqlSession
Registering transaction synchronization for SqlSession [org.apache.ibatis.session.defaults.DefaultSqlSession@5016934]
JDBC Connection [HikariProxyConnection@1191979642 wrapping com.mysql.cj.jdbc.ConnectionImpl@247d44b4] will be managed by Spring
==>  Preparing: INSERT INTO `tb_post` (content, author_id, publish_at, last_update) VALUES (?, ?, ?, ?)
==> Parameters: 奥运会的赛场上，每一次的掌声都是对运动员的认可。(String), 49(Long), 2024-11-13T00:19:38.031904500(LocalDateTime), 2024-11-13T00:19:38.031904500(LocalDateTime)
<==    Updates: 1
Releasing transactional SqlSession [org.apache.ibatis.session.defaults.DefaultSqlSession@5016934]
Transaction synchronization committing SqlSession [org.apache.ibatis.session.defaults.DefaultSqlSession@5016934]
Transaction synchronization deregistering SqlSession [org.apache.ibatis.session.defaults.DefaultSqlSession@5016934]
Transaction synchronization closing SqlSession [org.apache.ibatis.session.defaults.DefaultSqlSession@5016934]
Creating a new SqlSession
Registering transaction synchronization for SqlSession [org.apache.ibatis.session.defaults.DefaultSqlSession@273c4b3]
JDBC Connection [HikariProxyConnection@2067610941 wrapping com.mysql.cj.jdbc.ConnectionImpl@247d44b4] will be managed by Spring
==>  Preparing: INSERT INTO `tb_post` (content, author_id, publish_at, last_update) VALUES (?, ?, ?, ?)
==> Parameters: 奥运会的赛场上，每一次的奔跑都是对速度的追求。(String), 33(Long), 2024-11-13T00:19:38.041904900(LocalDateTime), 2024-11-13T00:19:38.041904900(LocalDateTime)
<==    Updates: 1
Releasing transactional SqlSession [org.apache.ibatis.session.defaults.DefaultSqlSession@273c4b3]
Transaction synchronization committing SqlSession [org.apache.ibatis.session.defaults.DefaultSqlSession@273c4b3]
Transaction synchronization deregistering SqlSession [org.apache.ibatis.session.defaults.DefaultSqlSession@273c4b3]
Transaction synchronization closing SqlSession [org.apache.ibatis.session.defaults.DefaultSqlSession@273c4b3]
Creating a new SqlSession
Registering transaction synchronization for SqlSession [org.apache.ibatis.session.defaults.DefaultSqlSession@75c36570]
JDBC Connection [HikariProxyConnection@37276358 wrapping com.mysql.cj.jdbc.ConnectionImpl@247d44b4] will be managed by Spring
==>  Preparing: INSERT INTO `tb_post` (content, author_id, publish_at, last_update) VALUES (?, ?, ?, ?)
==> Parameters: 奥运会的赛场上，每一次的跳跃都是对高度的挑战。(String), 12(Long), 2024-11-13T00:19:38.042882500(LocalDateTime), 2024-11-13T00:19:38.042882500(LocalDateTime)
<==    Updates: 1
Releasing transactional SqlSession [org.apache.ibatis.session.defaults.DefaultSqlSession@75c36570]
Transaction synchronization committing SqlSession [org.apache.ibatis.session.defaults.DefaultSqlSession@75c36570]
Transaction synchronization deregistering SqlSession [org.apache.ibatis.session.defaults.DefaultSqlSession@75c36570]
Transaction synchronization closing SqlSession [org.apache.ibatis.session.defaults.DefaultSqlSession@75c36570]
Creating a new SqlSession
Registering transaction synchronization for SqlSession [org.apache.ibatis.session.defaults.DefaultSqlSession@9d4d221]
JDBC Connection [HikariProxyConnection@824801578 wrapping com.mysql.cj.jdbc.ConnectionImpl@247d44b4] will be managed by Spring
==>  Preparing: INSERT INTO `tb_post` (content, author_id, publish_at, last_update) VALUES (?, ?, ?, ?)
==> Parameters: 奥运会的赛场上，每一次的投掷都是对力量的展现。(String), 44(Long), 2024-11-13T00:19:38.062999700(LocalDateTime), 2024-11-13T00:19:38.062999700(LocalDateTime)
<==    Updates: 1
Releasing transactional SqlSession [org.apache.ibatis.session.defaults.DefaultSqlSession@9d4d221]
Transaction synchronization committing SqlSession [org.apache.ibatis.session.defaults.DefaultSqlSession@9d4d221]
Transaction synchronization deregistering SqlSession [org.apache.ibatis.session.defaults.DefaultSqlSession@9d4d221]
Transaction synchronization closing SqlSession [org.apache.ibatis.session.defaults.DefaultSqlSession@9d4d221]
Creating a new SqlSession
Registering transaction synchronization for SqlSession [org.apache.ibatis.session.defaults.DefaultSqlSession@373c367]
JDBC Connection [HikariProxyConnection@1637434535 wrapping com.mysql.cj.jdbc.ConnectionImpl@247d44b4] will be managed by Spring
==>  Preparing: INSERT INTO `tb_post` (content, author_id, publish_at, last_update) VALUES (?, ?, ?, ?)
==> Parameters: 奥运会的赛场上，每一次的游泳都是对耐力的考验。(String), 96(Long), 2024-11-13T00:19:38.072001800(LocalDateTime), 2024-11-13T00:19:38.072001800(LocalDateTime)
<==    Updates: 1
Releasing transactional SqlSession [org.apache.ibatis.session.defaults.DefaultSqlSession@373c367]
Transaction synchronization committing SqlSession [org.apache.ibatis.session.defaults.DefaultSqlSession@373c367]
Transaction synchronization deregistering SqlSession [org.apache.ibatis.session.defaults.DefaultSqlSession@373c367]
Transaction synchronization closing SqlSession [org.apache.ibatis.session.defaults.DefaultSqlSession@373c367]
Creating a new SqlSession
Registering transaction synchronization for SqlSession [org.apache.ibatis.session.defaults.DefaultSqlSession@2ee949d4]
JDBC Connection [HikariProxyConnection@580441921 wrapping com.mysql.cj.jdbc.ConnectionImpl@247d44b4] will be managed by Spring
==>  Preparing: INSERT INTO `tb_post` (content, author_id, publish_at, last_update) VALUES (?, ?, ?, ?)
==> Parameters: 奥运会的赛场上，每一次的体操都是对技巧的追求。(String), 4(Long), 2024-11-13T00:19:38.081790300(LocalDateTime), 2024-11-13T00:19:38.081790300(LocalDateTime)
<==    Updates: 1
Releasing transactional SqlSession [org.apache.ibatis.session.defaults.DefaultSqlSession@2ee949d4]
Transaction synchronization committing SqlSession [org.apache.ibatis.session.defaults.DefaultSqlSession@2ee949d4]
Transaction synchronization deregistering SqlSession [org.apache.ibatis.session.defaults.DefaultSqlSession@2ee949d4]
Transaction synchronization closing SqlSession [org.apache.ibatis.session.defaults.DefaultSqlSession@2ee949d4]
Creating a new SqlSession
Registering transaction synchronization for SqlSession [org.apache.ibatis.session.defaults.DefaultSqlSession@210e4678]
JDBC Connection [HikariProxyConnection@1434192741 wrapping com.mysql.cj.jdbc.ConnectionImpl@247d44b4] will be managed by Spring
==>  Preparing: INSERT INTO `tb_post` (content, author_id, publish_at, last_update) VALUES (?, ?, ?, ?)
==> Parameters: 奥运会的赛场上，每一次的射击都是对精准的追求。(String), 68(Long), 2024-11-13T00:19:38.091788600(LocalDateTime), 2024-11-13T00:19:38.091788600(LocalDateTime)
<==    Updates: 1
Releasing transactional SqlSession [org.apache.ibatis.session.defaults.DefaultSqlSession@210e4678]
Transaction synchronization committing SqlSession [org.apache.ibatis.session.defaults.DefaultSqlSession@210e4678]
Transaction synchronization deregistering SqlSession [org.apache.ibatis.session.defaults.DefaultSqlSession@210e4678]
Transaction synchronization closing SqlSession [org.apache.ibatis.session.defaults.DefaultSqlSession@210e4678]
Creating a new SqlSession
Registering transaction synchronization for SqlSession [org.apache.ibatis.session.defaults.DefaultSqlSession@68e8bbab]
JDBC Connection [HikariProxyConnection@1730914764 wrapping com.mysql.cj.jdbc.ConnectionImpl@247d44b4] will be managed by Spring
==>  Preparing: INSERT INTO `tb_post` (content, author_id, publish_at, last_update) VALUES (?, ?, ?, ?)
==> Parameters: 奥运会的赛场上，每一次的击剑都是对智慧的较量。(String), 14(Long), 2024-11-13T00:19:38.092875900(LocalDateTime), 2024-11-13T00:19:38.092875900(LocalDateTime)
<==    Updates: 1
Releasing transactional SqlSession [org.apache.ibatis.session.defaults.DefaultSqlSession@68e8bbab]
Transaction synchronization committing SqlSession [org.apache.ibatis.session.defaults.DefaultSqlSession@68e8bbab]
Transaction synchronization deregistering SqlSession [org.apache.ibatis.session.defaults.DefaultSqlSession@68e8bbab]
Transaction synchronization closing SqlSession [org.apache.ibatis.session.defaults.DefaultSqlSession@68e8bbab]
Creating a new SqlSession
Registering transaction synchronization for SqlSession [org.apache.ibatis.session.defaults.DefaultSqlSession@5eabcf77]
JDBC Connection [HikariProxyConnection@703957828 wrapping com.mysql.cj.jdbc.ConnectionImpl@247d44b4] will be managed by Spring
==>  Preparing: INSERT INTO `tb_post` (content, author_id, publish_at, last_update) VALUES (?, ?, ?, ?)
==> Parameters: 奥运会的赛场上，每一次的举重都是对力量的挑战。(String), 82(Long), 2024-11-13T00:19:38.112026300(LocalDateTime), 2024-11-13T00:19:38.112026300(LocalDateTime)
<==    Updates: 1
Releasing transactional SqlSession [org.apache.ibatis.session.defaults.DefaultSqlSession@5eabcf77]
Transaction synchronization committing SqlSession [org.apache.ibatis.session.defaults.DefaultSqlSession@5eabcf77]
Transaction synchronization deregistering SqlSession [org.apache.ibatis.session.defaults.DefaultSqlSession@5eabcf77]
Transaction synchronization closing SqlSession [org.apache.ibatis.session.defaults.DefaultSqlSession@5eabcf77]
Creating a new SqlSession
Registering transaction synchronization for SqlSession [org.apache.ibatis.session.defaults.DefaultSqlSession@48682f91]
JDBC Connection [HikariProxyConnection@901752766 wrapping com.mysql.cj.jdbc.ConnectionImpl@247d44b4] will be managed by Spring
==>  Preparing: INSERT INTO `tb_post` (content, author_id, publish_at, last_update) VALUES (?, ?, ?, ?)
==> Parameters: 奥运会的赛场上，每一次的自行车赛都是对速度和耐力的双重考验。(String), 100(Long), 2024-11-13T00:19:38.122024300(LocalDateTime), 2024-11-13T00:19:38.122024300(LocalDateTime)
<==    Updates: 1
Releasing transactional SqlSession [org.apache.ibatis.session.defaults.DefaultSqlSession@48682f91]
Transaction synchronization committing SqlSession [org.apache.ibatis.session.defaults.DefaultSqlSession@48682f91]
Transaction synchronization deregistering SqlSession [org.apache.ibatis.session.defaults.DefaultSqlSession@48682f91]
Transaction synchronization closing SqlSession [org.apache.ibatis.session.defaults.DefaultSqlSession@48682f91]
Creating a new SqlSession
Registering transaction synchronization for SqlSession [org.apache.ibatis.session.defaults.DefaultSqlSession@1d306d27]
JDBC Connection [HikariProxyConnection@481610448 wrapping com.mysql.cj.jdbc.ConnectionImpl@247d44b4] will be managed by Spring
==>  Preparing: INSERT INTO `tb_post` (content, author_id, publish_at, last_update) VALUES (?, ?, ?, ?)
==> Parameters: 奥运会的赛场上，每一次的马术都是对骑手与马匹默契的展现。(String), 98(Long), 2024-11-13T00:19:38.132025700(LocalDateTime), 2024-11-13T00:19:38.132025700(LocalDateTime)
<==    Updates: 1
Releasing transactional SqlSession [org.apache.ibatis.session.defaults.DefaultSqlSession@1d306d27]
Transaction synchronization committing SqlSession [org.apache.ibatis.session.defaults.DefaultSqlSession@1d306d27]
Transaction synchronization deregistering SqlSession [org.apache.ibatis.session.defaults.DefaultSqlSession@1d306d27]
Transaction synchronization closing SqlSession [org.apache.ibatis.session.defaults.DefaultSqlSession@1d306d27]
Creating a new SqlSession
Registering transaction synchronization for SqlSession [org.apache.ibatis.session.defaults.DefaultSqlSession@2f349170]
JDBC Connection [HikariProxyConnection@842748516 wrapping com.mysql.cj.jdbc.ConnectionImpl@247d44b4] will be managed by Spring
==>  Preparing: INSERT INTO `tb_post` (content, author_id, publish_at, last_update) VALUES (?, ?, ?, ?)
==> Parameters: 奥运会的赛场上，每一次的帆船比赛都是对风和水的驾驭。(String), 24(Long), 2024-11-13T00:19:38.141028400(LocalDateTime), 2024-11-13T00:19:38.141028400(LocalDateTime)
<==    Updates: 1
Releasing transactional SqlSession [org.apache.ibatis.session.defaults.DefaultSqlSession@2f349170]
Transaction synchronization committing SqlSession [org.apache.ibatis.session.defaults.DefaultSqlSession@2f349170]
Transaction synchronization deregistering SqlSession [org.apache.ibatis.session.defaults.DefaultSqlSession@2f349170]
Transaction synchronization closing SqlSession [org.apache.ibatis.session.defaults.DefaultSqlSession@2f349170]
Creating a new SqlSession
Registering transaction synchronization for SqlSession [org.apache.ibatis.session.defaults.DefaultSqlSession@4c131823]
JDBC Connection [HikariProxyConnection@1761307678 wrapping com.mysql.cj.jdbc.ConnectionImpl@247d44b4] will be managed by Spring
==>  Preparing: INSERT INTO `tb_post` (content, author_id, publish_at, last_update) VALUES (?, ?, ?, ?)
==> Parameters: 奥运会的赛场上，每一次的拳击都是对勇气和技巧的考验。(String), 30(Long), 2024-11-13T00:19:38.149539100(LocalDateTime), 2024-11-13T00:19:38.149539100(LocalDateTime)
<==    Updates: 1
Releasing transactional SqlSession [org.apache.ibatis.session.defaults.DefaultSqlSession@4c131823]
Transaction synchronization committing SqlSession [org.apache.ibatis.session.defaults.DefaultSqlSession@4c131823]
Transaction synchronization deregistering SqlSession [org.apache.ibatis.session.defaults.DefaultSqlSession@4c131823]
Transaction synchronization closing SqlSession [org.apache.ibatis.session.defaults.DefaultSqlSession@4c131823]
Creating a new SqlSession
Registering transaction synchronization for SqlSession [org.apache.ibatis.session.defaults.DefaultSqlSession@64bb6ba7]
JDBC Connection [HikariProxyConnection@329829198 wrapping com.mysql.cj.jdbc.ConnectionImpl@247d44b4] will be managed by Spring
==>  Preparing: INSERT INTO `tb_post` (content, author_id, publish_at, last_update) VALUES (?, ?, ?, ?)
==> Parameters: 奥运会的赛场上，每一次的摔跤都是对力量和技巧的较量。(String), 15(Long), 2024-11-13T00:19:38.166321600(LocalDateTime), 2024-11-13T00:19:38.166321600(LocalDateTime)
<==    Updates: 1
Releasing transactional SqlSession [org.apache.ibatis.session.defaults.DefaultSqlSession@64bb6ba7]
Transaction synchronization committing SqlSession [org.apache.ibatis.session.defaults.DefaultSqlSession@64bb6ba7]
Transaction synchronization deregistering SqlSession [org.apache.ibatis.session.defaults.DefaultSqlSession@64bb6ba7]
Transaction synchronization closing SqlSession [org.apache.ibatis.session.defaults.DefaultSqlSession@64bb6ba7]
Creating a new SqlSession
Registering transaction synchronization for SqlSession [org.apache.ibatis.session.defaults.DefaultSqlSession@466f7259]
JDBC Connection [HikariProxyConnection@1203792666 wrapping com.mysql.cj.jdbc.ConnectionImpl@247d44b4] will be managed by Spring
==>  Preparing: INSERT INTO `tb_post` (content, author_id, publish_at, last_update) VALUES (?, ?, ?, ?)
==> Parameters: 奥运会的赛场上，每一次的柔道都是对技巧和策略的挑战。(String), 85(Long), 2024-11-13T00:19:38.172322(LocalDateTime), 2024-11-13T00:19:38.172322(LocalDateTime)
<==    Updates: 1
Releasing transactional SqlSession [org.apache.ibatis.session.defaults.DefaultSqlSession@466f7259]
Transaction synchronization committing SqlSession [org.apache.ibatis.session.defaults.DefaultSqlSession@466f7259]
Transaction synchronization deregistering SqlSession [org.apache.ibatis.session.defaults.DefaultSqlSession@466f7259]
Transaction synchronization closing SqlSession [org.apache.ibatis.session.defaults.DefaultSqlSession@466f7259]
Creating a new SqlSession
Registering transaction synchronization for SqlSession [org.apache.ibatis.session.defaults.DefaultSqlSession@e38b953]
JDBC Connection [HikariProxyConnection@1731883050 wrapping com.mysql.cj.jdbc.ConnectionImpl@247d44b4] will be managed by Spring
==>  Preparing: INSERT INTO `tb_post` (content, author_id, publish_at, last_update) VALUES (?, ?, ?, ?)
==> Parameters: 奥运会的赛场上，每一次的跆拳道都是对速度和力量的展现。(String), 13(Long), 2024-11-13T00:19:38.181507800(LocalDateTime), 2024-11-13T00:19:38.181507800(LocalDateTime)
<==    Updates: 1
Releasing transactional SqlSession [org.apache.ibatis.session.defaults.DefaultSqlSession@e38b953]
Transaction synchronization committing SqlSession [org.apache.ibatis.session.defaults.DefaultSqlSession@e38b953]
Transaction synchronization deregistering SqlSession [org.apache.ibatis.session.defaults.DefaultSqlSession@e38b953]
Transaction synchronization closing SqlSession [org.apache.ibatis.session.defaults.DefaultSqlSession@e38b953]
Creating a new SqlSession
Registering transaction synchronization for SqlSession [org.apache.ibatis.session.defaults.DefaultSqlSession@502f6f6a]
JDBC Connection [HikariProxyConnection@1021710315 wrapping com.mysql.cj.jdbc.ConnectionImpl@247d44b4] will be managed by Spring
==>  Preparing: INSERT INTO `tb_post` (content, author_id, publish_at, last_update) VALUES (?, ?, ?, ?)
==> Parameters: 奥运会的赛场上，每一次的田径都是对人类极限的探索。(String), 39(Long), 2024-11-13T00:19:38.187509600(LocalDateTime), 2024-11-13T00:19:38.187509600(LocalDateTime)
<==    Updates: 1
Releasing transactional SqlSession [org.apache.ibatis.session.defaults.DefaultSqlSession@502f6f6a]
Transaction synchronization committing SqlSession [org.apache.ibatis.session.defaults.DefaultSqlSession@502f6f6a]
Transaction synchronization deregistering SqlSession [org.apache.ibatis.session.defaults.DefaultSqlSession@502f6f6a]
Transaction synchronization closing SqlSession [org.apache.ibatis.session.defaults.DefaultSqlSession@502f6f6a]
Creating a new SqlSession
Registering transaction synchronization for SqlSession [org.apache.ibatis.session.defaults.DefaultSqlSession@293dd4b3]
JDBC Connection [HikariProxyConnection@1364688840 wrapping com.mysql.cj.jdbc.ConnectionImpl@247d44b4] will be managed by Spring
==>  Preparing: INSERT INTO `tb_post` (content, author_id, publish_at, last_update) VALUES (?, ?, ?, ?)
==> Parameters: 奥运会的赛场上，每一次的球类比赛都是对团队协作的考验。(String), 25(Long), 2024-11-13T00:19:38.192859700(LocalDateTime), 2024-11-13T00:19:38.192859700(LocalDateTime)
<==    Updates: 1
Releasing transactional SqlSession [org.apache.ibatis.session.defaults.DefaultSqlSession@293dd4b3]
Transaction synchronization committing SqlSession [org.apache.ibatis.session.defaults.DefaultSqlSession@293dd4b3]
Transaction synchronization deregistering SqlSession [org.apache.ibatis.session.defaults.DefaultSqlSession@293dd4b3]
Transaction synchronization closing SqlSession [org.apache.ibatis.session.defaults.DefaultSqlSession@293dd4b3]
Creating a new SqlSession
Registering transaction synchronization for SqlSession [org.apache.ibatis.session.defaults.DefaultSqlSession@57573880]
JDBC Connection [HikariProxyConnection@804104750 wrapping com.mysql.cj.jdbc.ConnectionImpl@247d44b4] will be managed by Spring
==>  Preparing: INSERT INTO `tb_post` (content, author_id, publish_at, last_update) VALUES (?, ?, ?, ?)
==> Parameters: 奥运会的赛场上，每一次的射箭都是对专注和精准的追求。(String), 56(Long), 2024-11-13T00:19:38.192859700(LocalDateTime), 2024-11-13T00:19:38.192859700(LocalDateTime)
<==    Updates: 1
Releasing transactional SqlSession [org.apache.ibatis.session.defaults.DefaultSqlSession@57573880]
Transaction synchronization committing SqlSession [org.apache.ibatis.session.defaults.DefaultSqlSession@57573880]
Transaction synchronization deregistering SqlSession [org.apache.ibatis.session.defaults.DefaultSqlSession@57573880]
Transaction synchronization closing SqlSession [org.apache.ibatis.session.defaults.DefaultSqlSession@57573880]
Creating a new SqlSession
Registering transaction synchronization for SqlSession [org.apache.ibatis.session.defaults.DefaultSqlSession@72f5fb36]
JDBC Connection [HikariProxyConnection@891455676 wrapping com.mysql.cj.jdbc.ConnectionImpl@247d44b4] will be managed by Spring
==>  Preparing: INSERT INTO `tb_post` (content, author_id, publish_at, last_update) VALUES (?, ?, ?, ?)
==> Parameters: 奥运会的赛场上，每一次的跳水都是对优雅和技巧的展现。(String), 68(Long), 2024-11-13T00:19:38.192859700(LocalDateTime), 2024-11-13T00:19:38.192859700(LocalDateTime)
<==    Updates: 1
Releasing transactional SqlSession [org.apache.ibatis.session.defaults.DefaultSqlSession@72f5fb36]
Transaction synchronization committing SqlSession [org.apache.ibatis.session.defaults.DefaultSqlSession@72f5fb36]
Transaction synchronization deregistering SqlSession [org.apache.ibatis.session.defaults.DefaultSqlSession@72f5fb36]
Transaction synchronization closing SqlSession [org.apache.ibatis.session.defaults.DefaultSqlSession@72f5fb36]
Creating a new SqlSession
Registering transaction synchronization for SqlSession [org.apache.ibatis.session.defaults.DefaultSqlSession@226f472]
JDBC Connection [HikariProxyConnection@2012884428 wrapping com.mysql.cj.jdbc.ConnectionImpl@247d44b4] will be managed by Spring
==>  Preparing: INSERT INTO `tb_post` (content, author_id, publish_at, last_update) VALUES (?, ?, ?, ?)
==> Parameters: 奥运会的赛场上，每一次的花样游泳都是对艺术和运动的结合。(String), 85(Long), 2024-11-13T00:19:38.215271(LocalDateTime), 2024-11-13T00:19:38.215271(LocalDateTime)
<==    Updates: 1
Releasing transactional SqlSession [org.apache.ibatis.session.defaults.DefaultSqlSession@226f472]
Transaction synchronization committing SqlSession [org.apache.ibatis.session.defaults.DefaultSqlSession@226f472]
Transaction synchronization deregistering SqlSession [org.apache.ibatis.session.defaults.DefaultSqlSession@226f472]
Transaction synchronization closing SqlSession [org.apache.ibatis.session.defaults.DefaultSqlSession@226f472]
Creating a new SqlSession
Registering transaction synchronization for SqlSession [org.apache.ibatis.session.defaults.DefaultSqlSession@64648af1]
JDBC Connection [HikariProxyConnection@1255877511 wrapping com.mysql.cj.jdbc.ConnectionImpl@247d44b4] will be managed by Spring
==>  Preparing: INSERT INTO `tb_post` (content, author_id, publish_at, last_update) VALUES (?, ?, ?, ?)
==> Parameters: 奥运会的赛场上，每一次的现代五项都是对运动员全面能力的考验。(String), 76(Long), 2024-11-13T00:19:38.221267500(LocalDateTime), 2024-11-13T00:19:38.221267500(LocalDateTime)
<==    Updates: 1
Releasing transactional SqlSession [org.apache.ibatis.session.defaults.DefaultSqlSession@64648af1]
Transaction synchronization committing SqlSession [org.apache.ibatis.session.defaults.DefaultSqlSession@64648af1]
Transaction synchronization deregistering SqlSession [org.apache.ibatis.session.defaults.DefaultSqlSession@64648af1]
Transaction synchronization closing SqlSession [org.apache.ibatis.session.defaults.DefaultSqlSession@64648af1]
Creating a new SqlSession
Registering transaction synchronization for SqlSession [org.apache.ibatis.session.defaults.DefaultSqlSession@40032b7b]
JDBC Connection [HikariProxyConnection@1873055460 wrapping com.mysql.cj.jdbc.ConnectionImpl@247d44b4] will be managed by Spring
==>  Preparing: INSERT INTO `tb_post` (content, author_id, publish_at, last_update) VALUES (?, ?, ?, ?)
==> Parameters: 奥运会的赛场上，每一次的铁人三项都是对运动员极限的挑战。(String), 93(Long), 2024-11-13T00:19:38.228339(LocalDateTime), 2024-11-13T00:19:38.228339(LocalDateTime)
<==    Updates: 1
Releasing transactional SqlSession [org.apache.ibatis.session.defaults.DefaultSqlSession@40032b7b]
Transaction synchronization committing SqlSession [org.apache.ibatis.session.defaults.DefaultSqlSession@40032b7b]
Transaction synchronization deregistering SqlSession [org.apache.ibatis.session.defaults.DefaultSqlSession@40032b7b]
Transaction synchronization closing SqlSession [org.apache.ibatis.session.defaults.DefaultSqlSession@40032b7b]
Creating a new SqlSession
Registering transaction synchronization for SqlSession [org.apache.ibatis.session.defaults.DefaultSqlSession@3d056418]
JDBC Connection [HikariProxyConnection@1834544402 wrapping com.mysql.cj.jdbc.ConnectionImpl@247d44b4] will be managed by Spring
==>  Preparing: INSERT INTO `tb_post` (content, author_id, publish_at, last_update) VALUES (?, ?, ?, ?)
==> Parameters: 奥运会的赛场上，每一次的皮划艇都是对速度和协调的考验。(String), 44(Long), 2024-11-13T00:19:38.235338300(LocalDateTime), 2024-11-13T00:19:38.235338300(LocalDateTime)
<==    Updates: 1
Releasing transactional SqlSession [org.apache.ibatis.session.defaults.DefaultSqlSession@3d056418]
Transaction synchronization committing SqlSession [org.apache.ibatis.session.defaults.DefaultSqlSession@3d056418]
Transaction synchronization deregistering SqlSession [org.apache.ibatis.session.defaults.DefaultSqlSession@3d056418]
Transaction synchronization closing SqlSession [org.apache.ibatis.session.defaults.DefaultSqlSession@3d056418]
Creating a new SqlSession
Registering transaction synchronization for SqlSession [org.apache.ibatis.session.defaults.DefaultSqlSession@2a5917f6]
JDBC Connection [HikariProxyConnection@1435477578 wrapping com.mysql.cj.jdbc.ConnectionImpl@247d44b4] will be managed by Spring
==>  Preparing: INSERT INTO `tb_post` (content, author_id, publish_at, last_update) VALUES (?, ?, ?, ?)
==> Parameters: 奥运会的赛场上，每一次的赛艇都是对团队节奏的展现。(String), 48(Long), 2024-11-13T00:19:38.241334400(LocalDateTime), 2024-11-13T00:19:38.241334400(LocalDateTime)
<==    Updates: 1
Releasing transactional SqlSession [org.apache.ibatis.session.defaults.DefaultSqlSession@2a5917f6]
Transaction synchronization committing SqlSession [org.apache.ibatis.session.defaults.DefaultSqlSession@2a5917f6]
Transaction synchronization deregistering SqlSession [org.apache.ibatis.session.defaults.DefaultSqlSession@2a5917f6]
Transaction synchronization closing SqlSession [org.apache.ibatis.session.defaults.DefaultSqlSession@2a5917f6]
Creating a new SqlSession
Registering transaction synchronization for SqlSession [org.apache.ibatis.session.defaults.DefaultSqlSession@72769bf5]
JDBC Connection [HikariProxyConnection@2100710350 wrapping com.mysql.cj.jdbc.ConnectionImpl@247d44b4] will be managed by Spring
==>  Preparing: INSERT INTO `tb_post` (content, author_id, publish_at, last_update) VALUES (?, ?, ?, ?)
==> Parameters: 奥运会的赛场上，每一次的高尔夫都是对精准和策略的追求。(String), 27(Long), 2024-11-13T00:19:38.245695(LocalDateTime), 2024-11-13T00:19:38.245695(LocalDateTime)
<==    Updates: 1
Releasing transactional SqlSession [org.apache.ibatis.session.defaults.DefaultSqlSession@72769bf5]
Transaction synchronization committing SqlSession [org.apache.ibatis.session.defaults.DefaultSqlSession@72769bf5]
Transaction synchronization deregistering SqlSession [org.apache.ibatis.session.defaults.DefaultSqlSession@72769bf5]
Transaction synchronization closing SqlSession [org.apache.ibatis.session.defaults.DefaultSqlSession@72769bf5]
Creating a new SqlSession
Registering transaction synchronization for SqlSession [org.apache.ibatis.session.defaults.DefaultSqlSession@189f2184]
JDBC Connection [HikariProxyConnection@1938348365 wrapping com.mysql.cj.jdbc.ConnectionImpl@247d44b4] will be managed by Spring
==>  Preparing: INSERT INTO `tb_post` (content, author_id, publish_at, last_update) VALUES (?, ?, ?, ?)
==> Parameters: 奥运会的赛场上，每一次的网球都是对技巧和耐力的较量。(String), 81(Long), 2024-11-13T00:19:38.245695(LocalDateTime), 2024-11-13T00:19:38.245695(LocalDateTime)
<==    Updates: 1
Releasing transactional SqlSession [org.apache.ibatis.session.defaults.DefaultSqlSession@189f2184]
Transaction synchronization committing SqlSession [org.apache.ibatis.session.defaults.DefaultSqlSession@189f2184]
Transaction synchronization deregistering SqlSession [org.apache.ibatis.session.defaults.DefaultSqlSession@189f2184]
Transaction synchronization closing SqlSession [org.apache.ibatis.session.defaults.DefaultSqlSession@189f2184]
Creating a new SqlSession
Registering transaction synchronization for SqlSession [org.apache.ibatis.session.defaults.DefaultSqlSession@18f493d7]
JDBC Connection [HikariProxyConnection@1245584221 wrapping com.mysql.cj.jdbc.ConnectionImpl@247d44b4] will be managed by Spring
==>  Preparing: INSERT INTO `tb_post` (content, author_id, publish_at, last_update) VALUES (?, ?, ?, ?)
==> Parameters: 奥运会的赛场上，每一次的乒乓球都是对反应和控制的考验。(String), 8(Long), 2024-11-13T00:19:38.265179900(LocalDateTime), 2024-11-13T00:19:38.265179900(LocalDateTime)
<==    Updates: 1
Releasing transactional SqlSession [org.apache.ibatis.session.defaults.DefaultSqlSession@18f493d7]
Transaction synchronization committing SqlSession [org.apache.ibatis.session.defaults.DefaultSqlSession@18f493d7]
Transaction synchronization deregistering SqlSession [org.apache.ibatis.session.defaults.DefaultSqlSession@18f493d7]
Transaction synchronization closing SqlSession [org.apache.ibatis.session.defaults.DefaultSqlSession@18f493d7]
Creating a new SqlSession
Registering transaction synchronization for SqlSession [org.apache.ibatis.session.defaults.DefaultSqlSession@5207747c]
JDBC Connection [HikariProxyConnection@1594639790 wrapping com.mysql.cj.jdbc.ConnectionImpl@247d44b4] will be managed by Spring
==>  Preparing: INSERT INTO `tb_post` (content, author_id, publish_at, last_update) VALUES (?, ?, ?, ?)
==> Parameters: 奥运会的赛场上，每一次的羽毛球都是对速度和灵活性的挑战。(String), 2(Long), 2024-11-13T00:19:38.274192800(LocalDateTime), 2024-11-13T00:19:38.274192800(LocalDateTime)
<==    Updates: 1
Releasing transactional SqlSession [org.apache.ibatis.session.defaults.DefaultSqlSession@5207747c]
Transaction synchronization committing SqlSession [org.apache.ibatis.session.defaults.DefaultSqlSession@5207747c]
Transaction synchronization deregistering SqlSession [org.apache.ibatis.session.defaults.DefaultSqlSession@5207747c]
Transaction synchronization closing SqlSession [org.apache.ibatis.session.defaults.DefaultSqlSession@5207747c]
Creating a new SqlSession
Registering transaction synchronization for SqlSession [org.apache.ibatis.session.defaults.DefaultSqlSession@2c2dfde3]
JDBC Connection [HikariProxyConnection@1188216422 wrapping com.mysql.cj.jdbc.ConnectionImpl@247d44b4] will be managed by Spring
==>  Preparing: INSERT INTO `tb_post` (content, author_id, publish_at, last_update) VALUES (?, ?, ?, ?)
==> Parameters: 奥运会的赛场上，每一次的排球都是对团队合作和战术的考验。(String), 20(Long), 2024-11-13T00:19:38.285865800(LocalDateTime), 2024-11-13T00:19:38.285865800(LocalDateTime)
<==    Updates: 1
Releasing transactional SqlSession [org.apache.ibatis.session.defaults.DefaultSqlSession@2c2dfde3]
Transaction synchronization committing SqlSession [org.apache.ibatis.session.defaults.DefaultSqlSession@2c2dfde3]
Transaction synchronization deregistering SqlSession [org.apache.ibatis.session.defaults.DefaultSqlSession@2c2dfde3]
Transaction synchronization closing SqlSession [org.apache.ibatis.session.defaults.DefaultSqlSession@2c2dfde3]
Creating a new SqlSession
Registering transaction synchronization for SqlSession [org.apache.ibatis.session.defaults.DefaultSqlSession@4c541b00]
JDBC Connection [HikariProxyConnection@1643219351 wrapping com.mysql.cj.jdbc.ConnectionImpl@247d44b4] will be managed by Spring
==>  Preparing: INSERT INTO `tb_post` (content, author_id, publish_at, last_update) VALUES (?, ?, ?, ?)
==> Parameters: 奥运会的赛场上，每一次的沙滩排球都是对阳光和沙滩的享受。(String), 90(Long), 2024-11-13T00:19:38.292823400(LocalDateTime), 2024-11-13T00:19:38.292823400(LocalDateTime)
<==    Updates: 1
Releasing transactional SqlSession [org.apache.ibatis.session.defaults.DefaultSqlSession@4c541b00]
Transaction synchronization committing SqlSession [org.apache.ibatis.session.defaults.DefaultSqlSession@4c541b00]
Transaction synchronization deregistering SqlSession [org.apache.ibatis.session.defaults.DefaultSqlSession@4c541b00]
Transaction synchronization closing SqlSession [org.apache.ibatis.session.defaults.DefaultSqlSession@4c541b00]
Creating a new SqlSession
Registering transaction synchronization for SqlSession [org.apache.ibatis.session.defaults.DefaultSqlSession@13c36d48]
JDBC Connection [HikariProxyConnection@253658963 wrapping com.mysql.cj.jdbc.ConnectionImpl@247d44b4] will be managed by Spring
==>  Preparing: INSERT INTO `tb_post` (content, author_id, publish_at, last_update) VALUES (?, ?, ?, ?)
==> Parameters: 奥运会的赛场上，每一次的手球都是对力量和敏捷的展现。(String), 92(Long), 2024-11-13T00:19:38.292823400(LocalDateTime), 2024-11-13T00:19:38.292823400(LocalDateTime)
<==    Updates: 1
Releasing transactional SqlSession [org.apache.ibatis.session.defaults.DefaultSqlSession@13c36d48]
Transaction synchronization committing SqlSession [org.apache.ibatis.session.defaults.DefaultSqlSession@13c36d48]
Transaction synchronization deregistering SqlSession [org.apache.ibatis.session.defaults.DefaultSqlSession@13c36d48]
Transaction synchronization closing SqlSession [org.apache.ibatis.session.defaults.DefaultSqlSession@13c36d48]
Creating a new SqlSession
Registering transaction synchronization for SqlSession [org.apache.ibatis.session.defaults.DefaultSqlSession@7f39bcb5]
JDBC Connection [HikariProxyConnection@622406510 wrapping com.mysql.cj.jdbc.ConnectionImpl@247d44b4] will be managed by Spring
==>  Preparing: INSERT INTO `tb_post` (content, author_id, publish_at, last_update) VALUES (?, ?, ?, ?)
==> Parameters: 奥运会的赛场上，每一次的篮球都是对团队精神和个人技巧的结合。(String), 63(Long), 2024-11-13T00:19:38.314018700(LocalDateTime), 2024-11-13T00:19:38.314018700(LocalDateTime)
<==    Updates: 1
Releasing transactional SqlSession [org.apache.ibatis.session.defaults.DefaultSqlSession@7f39bcb5]
Transaction synchronization committing SqlSession [org.apache.ibatis.session.defaults.DefaultSqlSession@7f39bcb5]
Transaction synchronization deregistering SqlSession [org.apache.ibatis.session.defaults.DefaultSqlSession@7f39bcb5]
Transaction synchronization closing SqlSession [org.apache.ibatis.session.defaults.DefaultSqlSession@7f39bcb5]
Creating a new SqlSession
Registering transaction synchronization for SqlSession [org.apache.ibatis.session.defaults.DefaultSqlSession@20ed6de]
JDBC Connection [HikariProxyConnection@1481793628 wrapping com.mysql.cj.jdbc.ConnectionImpl@247d44b4] will be managed by Spring
==>  Preparing: INSERT INTO `tb_post` (content, author_id, publish_at, last_update) VALUES (?, ?, ?, ?)
==> Parameters: 奥运会的赛场上，每一次的足球都是对策略和耐力的考验。(String), 92(Long), 2024-11-13T00:19:38.324010600(LocalDateTime), 2024-11-13T00:19:38.324010600(LocalDateTime)
<==    Updates: 1
Releasing transactional SqlSession [org.apache.ibatis.session.defaults.DefaultSqlSession@20ed6de]
Transaction synchronization committing SqlSession [org.apache.ibatis.session.defaults.DefaultSqlSession@20ed6de]
Transaction synchronization deregistering SqlSession [org.apache.ibatis.session.defaults.DefaultSqlSession@20ed6de]
Transaction synchronization closing SqlSession [org.apache.ibatis.session.defaults.DefaultSqlSession@20ed6de]
Creating a new SqlSession
Registering transaction synchronization for SqlSession [org.apache.ibatis.session.defaults.DefaultSqlSession@36b6802f]
JDBC Connection [HikariProxyConnection@698687473 wrapping com.mysql.cj.jdbc.ConnectionImpl@247d44b4] will be managed by Spring
==>  Preparing: INSERT INTO `tb_post` (content, author_id, publish_at, last_update) VALUES (?, ?, ?, ?)
==> Parameters: 奥运会的赛场上，每一次的曲棍球都是对速度和团队协作的追求。(String), 62(Long), 2024-11-13T00:19:38.335823200(LocalDateTime), 2024-11-13T00:19:38.335823200(LocalDateTime)
<==    Updates: 1
Releasing transactional SqlSession [org.apache.ibatis.session.defaults.DefaultSqlSession@36b6802f]
Transaction synchronization committing SqlSession [org.apache.ibatis.session.defaults.DefaultSqlSession@36b6802f]
Transaction synchronization deregistering SqlSession [org.apache.ibatis.session.defaults.DefaultSqlSession@36b6802f]
Transaction synchronization closing SqlSession [org.apache.ibatis.session.defaults.DefaultSqlSession@36b6802f]
Creating a new SqlSession
Registering transaction synchronization for SqlSession [org.apache.ibatis.session.defaults.DefaultSqlSession@7892635c]
JDBC Connection [HikariProxyConnection@1922734313 wrapping com.mysql.cj.jdbc.ConnectionImpl@247d44b4] will be managed by Spring
==>  Preparing: INSERT INTO `tb_post` (content, author_id, publish_at, last_update) VALUES (?, ?, ?, ?)
==> Parameters: 奥运会的赛场上，每一次的橄榄球都是对力量和勇气的展现。(String), 97(Long), 2024-11-13T00:19:38.342814800(LocalDateTime), 2024-11-13T00:19:38.342814800(LocalDateTime)
<==    Updates: 1
Releasing transactional SqlSession [org.apache.ibatis.session.defaults.DefaultSqlSession@7892635c]
Transaction synchronization committing SqlSession [org.apache.ibatis.session.defaults.DefaultSqlSession@7892635c]
Transaction synchronization deregistering SqlSession [org.apache.ibatis.session.defaults.DefaultSqlSession@7892635c]
Transaction synchronization closing SqlSession [org.apache.ibatis.session.defaults.DefaultSqlSession@7892635c]
Creating a new SqlSession
Registering transaction synchronization for SqlSession [org.apache.ibatis.session.defaults.DefaultSqlSession@e50e308]
JDBC Connection [HikariProxyConnection@1201691352 wrapping com.mysql.cj.jdbc.ConnectionImpl@247d44b4] will be managed by Spring
==>  Preparing: INSERT INTO `tb_post` (content, author_id, publish_at, last_update) VALUES (?, ?, ?, ?)
==> Parameters: 奥运会的赛场上，每一次的棒球和垒球都是对技巧和战术的较量。(String), 80(Long), 2024-11-13T00:19:38.342814800(LocalDateTime), 2024-11-13T00:19:38.342814800(LocalDateTime)
<==    Updates: 1
Releasing transactional SqlSession [org.apache.ibatis.session.defaults.DefaultSqlSession@e50e308]
Transaction synchronization committing SqlSession [org.apache.ibatis.session.defaults.DefaultSqlSession@e50e308]
Transaction synchronization deregistering SqlSession [org.apache.ibatis.session.defaults.DefaultSqlSession@e50e308]
Transaction synchronization closing SqlSession [org.apache.ibatis.session.defaults.DefaultSqlSession@e50e308]
Creating a new SqlSession
Registering transaction synchronization for SqlSession [org.apache.ibatis.session.defaults.DefaultSqlSession@21523e1b]
JDBC Connection [HikariProxyConnection@504485692 wrapping com.mysql.cj.jdbc.ConnectionImpl@247d44b4] will be managed by Spring
==>  Preparing: INSERT INTO `tb_post` (content, author_id, publish_at, last_update) VALUES (?, ?, ?, ?)
==> Parameters: 奥运会的赛场上，每一次的现代五项都是对运动员全面能力的考验。(String), 96(Long), 2024-11-13T00:19:38.364915700(LocalDateTime), 2024-11-13T00:19:38.364915700(LocalDateTime)
<==    Updates: 1
Releasing transactional SqlSession [org.apache.ibatis.session.defaults.DefaultSqlSession@21523e1b]
Transaction synchronization committing SqlSession [org.apache.ibatis.session.defaults.DefaultSqlSession@21523e1b]
Transaction synchronization deregistering SqlSession [org.apache.ibatis.session.defaults.DefaultSqlSession@21523e1b]
Transaction synchronization closing SqlSession [org.apache.ibatis.session.defaults.DefaultSqlSession@21523e1b]
Creating a new SqlSession
Registering transaction synchronization for SqlSession [org.apache.ibatis.session.defaults.DefaultSqlSession@388ad8aa]
JDBC Connection [HikariProxyConnection@1321697288 wrapping com.mysql.cj.jdbc.ConnectionImpl@247d44b4] will be managed by Spring
==>  Preparing: INSERT INTO `tb_post` (content, author_id, publish_at, last_update) VALUES (?, ?, ?, ?)
==> Parameters: 奥运会的赛场上，每一次的艺术体操都是对力量和优雅的结合。(String), 40(Long), 2024-11-13T00:19:38.373912100(LocalDateTime), 2024-11-13T00:19:38.373912100(LocalDateTime)
<==    Updates: 1
Releasing transactional SqlSession [org.apache.ibatis.session.defaults.DefaultSqlSession@388ad8aa]
Transaction synchronization committing SqlSession [org.apache.ibatis.session.defaults.DefaultSqlSession@388ad8aa]
Transaction synchronization deregistering SqlSession [org.apache.ibatis.session.defaults.DefaultSqlSession@388ad8aa]
Transaction synchronization closing SqlSession [org.apache.ibatis.session.defaults.DefaultSqlSession@388ad8aa]
Creating a new SqlSession
Registering transaction synchronization for SqlSession [org.apache.ibatis.session.defaults.DefaultSqlSession@5e6b2641]
JDBC Connection [HikariProxyConnection@519407035 wrapping com.mysql.cj.jdbc.ConnectionImpl@247d44b4] will be managed by Spring
==>  Preparing: INSERT INTO `tb_post` (content, author_id, publish_at, last_update) VALUES (?, ?, ?, ?)
==> Parameters: 奥运会的赛场上，每一次的竞走都是对耐力和技巧的挑战。(String), 16(Long), 2024-11-13T00:19:38.384908(LocalDateTime), 2024-11-13T00:19:38.384908(LocalDateTime)
<==    Updates: 1
Releasing transactional SqlSession [org.apache.ibatis.session.defaults.DefaultSqlSession@5e6b2641]
Transaction synchronization committing SqlSession [org.apache.ibatis.session.defaults.DefaultSqlSession@5e6b2641]
Transaction synchronization deregistering SqlSession [org.apache.ibatis.session.defaults.DefaultSqlSession@5e6b2641]
Transaction synchronization closing SqlSession [org.apache.ibatis.session.defaults.DefaultSqlSession@5e6b2641]
Creating a new SqlSession
Registering transaction synchronization for SqlSession [org.apache.ibatis.session.defaults.DefaultSqlSession@16a3d9a7]
JDBC Connection [HikariProxyConnection@227501473 wrapping com.mysql.cj.jdbc.ConnectionImpl@247d44b4] will be managed by Spring
==>  Preparing: INSERT INTO `tb_post` (content, author_id, publish_at, last_update) VALUES (?, ?, ?, ?)
==> Parameters: 奥运会的赛场上，每一次的马拉松都是对人类极限的探索。(String), 94(Long), 2024-11-13T00:19:38.392820200(LocalDateTime), 2024-11-13T00:19:38.392820200(LocalDateTime)
<==    Updates: 1
Releasing transactional SqlSession [org.apache.ibatis.session.defaults.DefaultSqlSession@16a3d9a7]
Transaction synchronization committing SqlSession [org.apache.ibatis.session.defaults.DefaultSqlSession@16a3d9a7]
Transaction synchronization deregistering SqlSession [org.apache.ibatis.session.defaults.DefaultSqlSession@16a3d9a7]
Transaction synchronization closing SqlSession [org.apache.ibatis.session.defaults.DefaultSqlSession@16a3d9a7]
Creating a new SqlSession
Registering transaction synchronization for SqlSession [org.apache.ibatis.session.defaults.DefaultSqlSession@362109d0]
JDBC Connection [HikariProxyConnection@913354539 wrapping com.mysql.cj.jdbc.ConnectionImpl@247d44b4] will be managed by Spring
==>  Preparing: INSERT INTO `tb_post` (content, author_id, publish_at, last_update) VALUES (?, ?, ?, ?)
==> Parameters: 奥运会的赛场上，每一次的高山滑雪都是对速度和技巧的考验。(String), 14(Long), 2024-11-13T00:19:38.392820200(LocalDateTime), 2024-11-13T00:19:38.392820200(LocalDateTime)
<==    Updates: 1
Releasing transactional SqlSession [org.apache.ibatis.session.defaults.DefaultSqlSession@362109d0]
Transaction synchronization committing SqlSession [org.apache.ibatis.session.defaults.DefaultSqlSession@362109d0]
Transaction synchronization deregistering SqlSession [org.apache.ibatis.session.defaults.DefaultSqlSession@362109d0]
Transaction synchronization closing SqlSession [org.apache.ibatis.session.defaults.DefaultSqlSession@362109d0]
Creating a new SqlSession
Registering transaction synchronization for SqlSession [org.apache.ibatis.session.defaults.DefaultSqlSession@2cc9a5a2]
JDBC Connection [HikariProxyConnection@1251743887 wrapping com.mysql.cj.jdbc.ConnectionImpl@247d44b4] will be managed by Spring
==>  Preparing: INSERT INTO `tb_post` (content, author_id, publish_at, last_update) VALUES (?, ?, ?, ?)
==> Parameters: 奥运会的赛场上，每一次的自由式滑雪都是对空中技巧的追求。(String), 85(Long), 2024-11-13T00:19:38.392820200(LocalDateTime), 2024-11-13T00:19:38.392820200(LocalDateTime)
<==    Updates: 1
Releasing transactional SqlSession [org.apache.ibatis.session.defaults.DefaultSqlSession@2cc9a5a2]
Transaction synchronization committing SqlSession [org.apache.ibatis.session.defaults.DefaultSqlSession@2cc9a5a2]
Transaction synchronization deregistering SqlSession [org.apache.ibatis.session.defaults.DefaultSqlSession@2cc9a5a2]
Transaction synchronization closing SqlSession [org.apache.ibatis.session.defaults.DefaultSqlSession@2cc9a5a2]
Creating a new SqlSession
Registering transaction synchronization for SqlSession [org.apache.ibatis.session.defaults.DefaultSqlSession@4a59d584]
JDBC Connection [HikariProxyConnection@568725229 wrapping com.mysql.cj.jdbc.ConnectionImpl@247d44b4] will be managed by Spring
==>  Preparing: INSERT INTO `tb_post` (content, author_id, publish_at, last_update) VALUES (?, ?, ?, ?)
==> Parameters: 奥运会的赛场上，每一次的单板滑雪都是对雪地技巧的挑战。(String), 61(Long), 2024-11-13T00:19:38.410956100(LocalDateTime), 2024-11-13T00:19:38.410956100(LocalDateTime)
<==    Updates: 1
Releasing transactional SqlSession [org.apache.ibatis.session.defaults.DefaultSqlSession@4a59d584]
Transaction synchronization committing SqlSession [org.apache.ibatis.session.defaults.DefaultSqlSession@4a59d584]
Transaction synchronization deregistering SqlSession [org.apache.ibatis.session.defaults.DefaultSqlSession@4a59d584]
Transaction synchronization closing SqlSession [org.apache.ibatis.session.defaults.DefaultSqlSession@4a59d584]
Creating a new SqlSession
Registering transaction synchronization for SqlSession [org.apache.ibatis.session.defaults.DefaultSqlSession@1007954a]
JDBC Connection [HikariProxyConnection@900402163 wrapping com.mysql.cj.jdbc.ConnectionImpl@247d44b4] will be managed by Spring
==>  Preparing: INSERT INTO `tb_post` (content, author_id, publish_at, last_update) VALUES (?, ?, ?, ?)
==> Parameters: 奥运会的赛场上，每一次的冰球都是对速度和团队合作的考验。(String), 53(Long), 2024-11-13T00:19:38.415964200(LocalDateTime), 2024-11-13T00:19:38.415964200(LocalDateTime)
<==    Updates: 1
Releasing transactional SqlSession [org.apache.ibatis.session.defaults.DefaultSqlSession@1007954a]
Transaction synchronization committing SqlSession [org.apache.ibatis.session.defaults.DefaultSqlSession@1007954a]
Transaction synchronization deregistering SqlSession [org.apache.ibatis.session.defaults.DefaultSqlSession@1007954a]
Transaction synchronization closing SqlSession [org.apache.ibatis.session.defaults.DefaultSqlSession@1007954a]
Creating a new SqlSession
Registering transaction synchronization for SqlSession [org.apache.ibatis.session.defaults.DefaultSqlSession@1b68e626]
JDBC Connection [HikariProxyConnection@1747564695 wrapping com.mysql.cj.jdbc.ConnectionImpl@247d44b4] will be managed by Spring
==>  Preparing: INSERT INTO `tb_post` (content, author_id, publish_at, last_update) VALUES (?, ?, ?, ?)
==> Parameters: 奥运会的赛场上，每一次的花样滑冰都是对艺术和技巧的结合。(String), 61(Long), 2024-11-13T00:19:38.421957700(LocalDateTime), 2024-11-13T00:19:38.421957700(LocalDateTime)
<==    Updates: 1
Releasing transactional SqlSession [org.apache.ibatis.session.defaults.DefaultSqlSession@1b68e626]
Transaction synchronization committing SqlSession [org.apache.ibatis.session.defaults.DefaultSqlSession@1b68e626]
Transaction synchronization deregistering SqlSession [org.apache.ibatis.session.defaults.DefaultSqlSession@1b68e626]
Transaction synchronization closing SqlSession [org.apache.ibatis.session.defaults.DefaultSqlSession@1b68e626]
Creating a new SqlSession
Registering transaction synchronization for SqlSession [org.apache.ibatis.session.defaults.DefaultSqlSession@7701b695]
JDBC Connection [HikariProxyConnection@1941322007 wrapping com.mysql.cj.jdbc.ConnectionImpl@247d44b4] will be managed by Spring
==>  Preparing: INSERT INTO `tb_post` (content, author_id, publish_at, last_update) VALUES (?, ?, ?, ?)
==> Parameters: 奥运会的赛场上，每一次的速度滑冰都是对速度和耐力的追求。(String), 91(Long), 2024-11-13T00:19:38.427881200(LocalDateTime), 2024-11-13T00:19:38.427881200(LocalDateTime)
<==    Updates: 1
Releasing transactional SqlSession [org.apache.ibatis.session.defaults.DefaultSqlSession@7701b695]
Transaction synchronization committing SqlSession [org.apache.ibatis.session.defaults.DefaultSqlSession@7701b695]
Transaction synchronization deregistering SqlSession [org.apache.ibatis.session.defaults.DefaultSqlSession@7701b695]
Transaction synchronization closing SqlSession [org.apache.ibatis.session.defaults.DefaultSqlSession@7701b695]
Creating a new SqlSession
Registering transaction synchronization for SqlSession [org.apache.ibatis.session.defaults.DefaultSqlSession@40a360e6]
JDBC Connection [HikariProxyConnection@931419851 wrapping com.mysql.cj.jdbc.ConnectionImpl@247d44b4] will be managed by Spring
==>  Preparing: INSERT INTO `tb_post` (content, author_id, publish_at, last_update) VALUES (?, ?, ?, ?)
==> Parameters: 奥运会的赛场上，每一次的短道速滑都是对技巧和策略的较量。(String), 44(Long), 2024-11-13T00:19:38.435876900(LocalDateTime), 2024-11-13T00:19:38.435876900(LocalDateTime)
<==    Updates: 1
Releasing transactional SqlSession [org.apache.ibatis.session.defaults.DefaultSqlSession@40a360e6]
Transaction synchronization committing SqlSession [org.apache.ibatis.session.defaults.DefaultSqlSession@40a360e6]
Transaction synchronization deregistering SqlSession [org.apache.ibatis.session.defaults.DefaultSqlSession@40a360e6]
Transaction synchronization closing SqlSession [org.apache.ibatis.session.defaults.DefaultSqlSession@40a360e6]
Creating a new SqlSession
Registering transaction synchronization for SqlSession [org.apache.ibatis.session.defaults.DefaultSqlSession@200cbb63]
JDBC Connection [HikariProxyConnection@2054592756 wrapping com.mysql.cj.jdbc.ConnectionImpl@247d44b4] will be managed by Spring
==>  Preparing: INSERT INTO `tb_post` (content, author_id, publish_at, last_update) VALUES (?, ?, ?, ?)
==> Parameters: 奥运会的赛场上，每一次的冰壶都是对策略和精准的追求。(String), 15(Long), 2024-11-13T00:19:38.441875200(LocalDateTime), 2024-11-13T00:19:38.441875200(LocalDateTime)
<==    Updates: 1
Releasing transactional SqlSession [org.apache.ibatis.session.defaults.DefaultSqlSession@200cbb63]
Transaction synchronization committing SqlSession [org.apache.ibatis.session.defaults.DefaultSqlSession@200cbb63]
Transaction synchronization deregistering SqlSession [org.apache.ibatis.session.defaults.DefaultSqlSession@200cbb63]
Transaction synchronization closing SqlSession [org.apache.ibatis.session.defaults.DefaultSqlSession@200cbb63]
Creating a new SqlSession
Registering transaction synchronization for SqlSession [org.apache.ibatis.session.defaults.DefaultSqlSession@3d9dc84d]
JDBC Connection [HikariProxyConnection@1735356636 wrapping com.mysql.cj.jdbc.ConnectionImpl@247d44b4] will be managed by Spring
==>  Preparing: INSERT INTO `tb_post` (content, author_id, publish_at, last_update) VALUES (?, ?, ?, ?)
==> Parameters: 奥运会的赛场上，每一次的冬季两项都是对耐力和精准的考验。(String), 41(Long), 2024-11-13T00:19:38.450567600(LocalDateTime), 2024-11-13T00:19:38.450567600(LocalDateTime)
<==    Updates: 1
Releasing transactional SqlSession [org.apache.ibatis.session.defaults.DefaultSqlSession@3d9dc84d]
Transaction synchronization committing SqlSession [org.apache.ibatis.session.defaults.DefaultSqlSession@3d9dc84d]
Transaction synchronization deregistering SqlSession [org.apache.ibatis.session.defaults.DefaultSqlSession@3d9dc84d]
Transaction synchronization closing SqlSession [org.apache.ibatis.session.defaults.DefaultSqlSession@3d9dc84d]
Creating a new SqlSession
Registering transaction synchronization for SqlSession [org.apache.ibatis.session.defaults.DefaultSqlSession@172f2717]
JDBC Connection [HikariProxyConnection@618612741 wrapping com.mysql.cj.jdbc.ConnectionImpl@247d44b4] will be managed by Spring
==>  Preparing: INSERT INTO `tb_post` (content, author_id, publish_at, last_update) VALUES (?, ?, ?, ?)
==> Parameters: 奥运会的赛场上，每一次的雪橇都是对速度和控制的追求。(String), 50(Long), 2024-11-13T00:19:38.450567600(LocalDateTime), 2024-11-13T00:19:38.450567600(LocalDateTime)
<==    Updates: 1
Releasing transactional SqlSession [org.apache.ibatis.session.defaults.DefaultSqlSession@172f2717]
Transaction synchronization committing SqlSession [org.apache.ibatis.session.defaults.DefaultSqlSession@172f2717]
Transaction synchronization deregistering SqlSession [org.apache.ibatis.session.defaults.DefaultSqlSession@172f2717]
Transaction synchronization closing SqlSession [org.apache.ibatis.session.defaults.DefaultSqlSession@172f2717]
Creating a new SqlSession
Registering transaction synchronization for SqlSession [org.apache.ibatis.session.defaults.DefaultSqlSession@ca31ad7]
JDBC Connection [HikariProxyConnection@224770660 wrapping com.mysql.cj.jdbc.ConnectionImpl@247d44b4] will be managed by Spring
==>  Preparing: INSERT INTO `tb_post` (content, author_id, publish_at, last_update) VALUES (?, ?, ?, ?)
==> Parameters: 奥运会的赛场上，每一次的高山滑雪和冬季两项都是对自然的征服。(String), 82(Long), 2024-11-13T00:19:38.463297800(LocalDateTime), 2024-11-13T00:19:38.463297800(LocalDateTime)
<==    Updates: 1
Releasing transactional SqlSession [org.apache.ibatis.session.defaults.DefaultSqlSession@ca31ad7]
Transaction synchronization committing SqlSession [org.apache.ibatis.session.defaults.DefaultSqlSession@ca31ad7]
Transaction synchronization deregistering SqlSession [org.apache.ibatis.session.defaults.DefaultSqlSession@ca31ad7]
Transaction synchronization closing SqlSession [org.apache.ibatis.session.defaults.DefaultSqlSession@ca31ad7]
Creating a new SqlSession
Registering transaction synchronization for SqlSession [org.apache.ibatis.session.defaults.DefaultSqlSession@21a14c45]
JDBC Connection [HikariProxyConnection@1170685449 wrapping com.mysql.cj.jdbc.ConnectionImpl@247d44b4] will be managed by Spring
==>  Preparing: INSERT INTO `tb_post` (content, author_id, publish_at, last_update) VALUES (?, ?, ?, ?)
==> Parameters: 奥运会的赛场上，每一次的北欧两项都是对运动员全面能力的挑战。(String), 5(Long), 2024-11-13T00:19:38.470303200(LocalDateTime), 2024-11-13T00:19:38.470303200(LocalDateTime)
<==    Updates: 1
Releasing transactional SqlSession [org.apache.ibatis.session.defaults.DefaultSqlSession@21a14c45]
Transaction synchronization committing SqlSession [org.apache.ibatis.session.defaults.DefaultSqlSession@21a14c45]
Transaction synchronization deregistering SqlSession [org.apache.ibatis.session.defaults.DefaultSqlSession@21a14c45]
Transaction synchronization closing SqlSession [org.apache.ibatis.session.defaults.DefaultSqlSession@21a14c45]
Creating a new SqlSession
Registering transaction synchronization for SqlSession [org.apache.ibatis.session.defaults.DefaultSqlSession@ac6da02]
JDBC Connection [HikariProxyConnection@1376793254 wrapping com.mysql.cj.jdbc.ConnectionImpl@247d44b4] will be managed by Spring
==>  Preparing: INSERT INTO `tb_post` (content, author_id, publish_at, last_update) VALUES (?, ?, ?, ?)
==> Parameters: 奥运会的赛场上，每一次的滑板都是对城市街头文化的展现。(String), 8(Long), 2024-11-13T00:19:38.479458300(LocalDateTime), 2024-11-13T00:19:38.479458300(LocalDateTime)
<==    Updates: 1
Releasing transactional SqlSession [org.apache.ibatis.session.defaults.DefaultSqlSession@ac6da02]
Transaction synchronization committing SqlSession [org.apache.ibatis.session.defaults.DefaultSqlSession@ac6da02]
Transaction synchronization deregistering SqlSession [org.apache.ibatis.session.defaults.DefaultSqlSession@ac6da02]
Transaction synchronization closing SqlSession [org.apache.ibatis.session.defaults.DefaultSqlSession@ac6da02]
Creating a new SqlSession
Registering transaction synchronization for SqlSession [org.apache.ibatis.session.defaults.DefaultSqlSession@3e455d01]
JDBC Connection [HikariProxyConnection@975904548 wrapping com.mysql.cj.jdbc.ConnectionImpl@247d44b4] will be managed by Spring
==>  Preparing: INSERT INTO `tb_post` (content, author_id, publish_at, last_update) VALUES (?, ?, ?, ?)
==> Parameters: 奥运会的赛场上，每一次的攀岩都是对高度和技巧的挑战。(String), 92(Long), 2024-11-13T00:19:38.489453200(LocalDateTime), 2024-11-13T00:19:38.489453200(LocalDateTime)
<==    Updates: 1
Releasing transactional SqlSession [org.apache.ibatis.session.defaults.DefaultSqlSession@3e455d01]
Transaction synchronization committing SqlSession [org.apache.ibatis.session.defaults.DefaultSqlSession@3e455d01]
Transaction synchronization deregistering SqlSession [org.apache.ibatis.session.defaults.DefaultSqlSession@3e455d01]
Transaction synchronization closing SqlSession [org.apache.ibatis.session.defaults.DefaultSqlSession@3e455d01]
Creating a new SqlSession
Registering transaction synchronization for SqlSession [org.apache.ibatis.session.defaults.DefaultSqlSession@609f136b]
JDBC Connection [HikariProxyConnection@1817135330 wrapping com.mysql.cj.jdbc.ConnectionImpl@247d44b4] will be managed by Spring
==>  Preparing: INSERT INTO `tb_post` (content, author_id, publish_at, last_update) VALUES (?, ?, ?, ?)
==> Parameters: 奥运会的赛场上，每一次的冲浪都是对海洋力量的驾驭。(String), 3(Long), 2024-11-13T00:19:38.492826600(LocalDateTime), 2024-11-13T00:19:38.492826600(LocalDateTime)
<==    Updates: 1
Releasing transactional SqlSession [org.apache.ibatis.session.defaults.DefaultSqlSession@609f136b]
Transaction synchronization committing SqlSession [org.apache.ibatis.session.defaults.DefaultSqlSession@609f136b]
Transaction synchronization deregistering SqlSession [org.apache.ibatis.session.defaults.DefaultSqlSession@609f136b]
Transaction synchronization closing SqlSession [org.apache.ibatis.session.defaults.DefaultSqlSession@609f136b]
Creating a new SqlSession
Registering transaction synchronization for SqlSession [org.apache.ibatis.session.defaults.DefaultSqlSession@3c55e9d4]
JDBC Connection [HikariProxyConnection@877046592 wrapping com.mysql.cj.jdbc.ConnectionImpl@247d44b4] will be managed by Spring
==>  Preparing: INSERT INTO `tb_post` (content, author_id, publish_at, last_update) VALUES (?, ?, ?, ?)
==> Parameters: 奥运会的赛场上，每一次的空手道都是对力量和尊重的展现。(String), 92(Long), 2024-11-13T00:19:38.511040500(LocalDateTime), 2024-11-13T00:19:38.511040500(LocalDateTime)
<==    Updates: 1
Releasing transactional SqlSession [org.apache.ibatis.session.defaults.DefaultSqlSession@3c55e9d4]
Transaction synchronization committing SqlSession [org.apache.ibatis.session.defaults.DefaultSqlSession@3c55e9d4]
Transaction synchronization deregistering SqlSession [org.apache.ibatis.session.defaults.DefaultSqlSession@3c55e9d4]
Transaction synchronization closing SqlSession [org.apache.ibatis.session.defaults.DefaultSqlSession@3c55e9d4]
Creating a new SqlSession
Registering transaction synchronization for SqlSession [org.apache.ibatis.session.defaults.DefaultSqlSession@344eaf7e]
JDBC Connection [HikariProxyConnection@260794179 wrapping com.mysql.cj.jdbc.ConnectionImpl@247d44b4] will be managed by Spring
==>  Preparing: INSERT INTO `tb_post` (content, author_id, publish_at, last_update) VALUES (?, ?, ?, ?)
==> Parameters: 奥运会的赛场上，每一次的滑板都是对年轻和活力的体现。(String), 8(Long), 2024-11-13T00:19:38.521036600(LocalDateTime), 2024-11-13T00:19:38.521036600(LocalDateTime)
<==    Updates: 1
Releasing transactional SqlSession [org.apache.ibatis.session.defaults.DefaultSqlSession@344eaf7e]
Transaction synchronization committing SqlSession [org.apache.ibatis.session.defaults.DefaultSqlSession@344eaf7e]
Transaction synchronization deregistering SqlSession [org.apache.ibatis.session.defaults.DefaultSqlSession@344eaf7e]
Transaction synchronization closing SqlSession [org.apache.ibatis.session.defaults.DefaultSqlSession@344eaf7e]
Creating a new SqlSession
Registering transaction synchronization for SqlSession [org.apache.ibatis.session.defaults.DefaultSqlSession@834529e]
JDBC Connection [HikariProxyConnection@1332205096 wrapping com.mysql.cj.jdbc.ConnectionImpl@247d44b4] will be managed by Spring
==>  Preparing: INSERT INTO `tb_post` (content, author_id, publish_at, last_update) VALUES (?, ?, ?, ?)
==> Parameters: 奥运会的赛场上，每一次的棒垒球都是对技巧和策略的较量。(String), 61(Long), 2024-11-13T00:19:38.530727500(LocalDateTime), 2024-11-13T00:19:38.530727500(LocalDateTime)
<==    Updates: 1
Releasing transactional SqlSession [org.apache.ibatis.session.defaults.DefaultSqlSession@834529e]
Transaction synchronization committing SqlSession [org.apache.ibatis.session.defaults.DefaultSqlSession@834529e]
Transaction synchronization deregistering SqlSession [org.apache.ibatis.session.defaults.DefaultSqlSession@834529e]
Transaction synchronization closing SqlSession [org.apache.ibatis.session.defaults.DefaultSqlSession@834529e]
Creating a new SqlSession
Registering transaction synchronization for SqlSession [org.apache.ibatis.session.defaults.DefaultSqlSession@4414ee28]
JDBC Connection [HikariProxyConnection@480909414 wrapping com.mysql.cj.jdbc.ConnectionImpl@247d44b4] will be managed by Spring
==>  Preparing: INSERT INTO `tb_post` (content, author_id, publish_at, last_update) VALUES (?, ?, ?, ?)
==> Parameters: 奥运会的赛场上，每一次的电子竞技都是对反应和团队合作的考验。(String), 29(Long), 2024-11-13T00:19:38.539724600(LocalDateTime), 2024-11-13T00:19:38.539724600(LocalDateTime)
<==    Updates: 1
Releasing transactional SqlSession [org.apache.ibatis.session.defaults.DefaultSqlSession@4414ee28]
Transaction synchronization committing SqlSession [org.apache.ibatis.session.defaults.DefaultSqlSession@4414ee28]
Transaction synchronization deregistering SqlSession [org.apache.ibatis.session.defaults.DefaultSqlSession@4414ee28]
Transaction synchronization closing SqlSession [org.apache.ibatis.session.defaults.DefaultSqlSession@4414ee28]
Creating a new SqlSession
Registering transaction synchronization for SqlSession [org.apache.ibatis.session.defaults.DefaultSqlSession@4c1c134]
JDBC Connection [HikariProxyConnection@1673394221 wrapping com.mysql.cj.jdbc.ConnectionImpl@247d44b4] will be managed by Spring
==>  Preparing: INSERT INTO `tb_post` (content, author_id, publish_at, last_update) VALUES (?, ?, ?, ?)
==> Parameters: 奥运会的赛场上，每一次的马术都是对骑手与马匹默契的展现。(String), 97(Long), 2024-11-13T00:19:38.546024300(LocalDateTime), 2024-11-13T00:19:38.546024300(LocalDateTime)
<==    Updates: 1
Releasing transactional SqlSession [org.apache.ibatis.session.defaults.DefaultSqlSession@4c1c134]
Transaction synchronization committing SqlSession [org.apache.ibatis.session.defaults.DefaultSqlSession@4c1c134]
Transaction synchronization deregistering SqlSession [org.apache.ibatis.session.defaults.DefaultSqlSession@4c1c134]
Transaction synchronization closing SqlSession [org.apache.ibatis.session.defaults.DefaultSqlSession@4c1c134]
Creating a new SqlSession
Registering transaction synchronization for SqlSession [org.apache.ibatis.session.defaults.DefaultSqlSession@7be95197]
JDBC Connection [HikariProxyConnection@1247221014 wrapping com.mysql.cj.jdbc.ConnectionImpl@247d44b4] will be managed by Spring
==>  Preparing: INSERT INTO `tb_post` (content, author_id, publish_at, last_update) VALUES (?, ?, ?, ?)
==> Parameters: 奥运会的赛场上，每一次的射箭都是对专注和精准的追求。(String), 60(Long), 2024-11-13T00:19:38.562196700(LocalDateTime), 2024-11-13T00:19:38.562196700(LocalDateTime)
<==    Updates: 1
Releasing transactional SqlSession [org.apache.ibatis.session.defaults.DefaultSqlSession@7be95197]
Transaction synchronization committing SqlSession [org.apache.ibatis.session.defaults.DefaultSqlSession@7be95197]
Transaction synchronization deregistering SqlSession [org.apache.ibatis.session.defaults.DefaultSqlSession@7be95197]
Transaction synchronization closing SqlSession [org.apache.ibatis.session.defaults.DefaultSqlSession@7be95197]
Creating a new SqlSession
Registering transaction synchronization for SqlSession [org.apache.ibatis.session.defaults.DefaultSqlSession@63f609a4]
JDBC Connection [HikariProxyConnection@1636639121 wrapping com.mysql.cj.jdbc.ConnectionImpl@247d44b4] will be managed by Spring
==>  Preparing: INSERT INTO `tb_post` (content, author_id, publish_at, last_update) VALUES (?, ?, ?, ?)
==> Parameters: 奥运会的赛场上，每一次的举重都是对力量和决心的展现。(String), 85(Long), 2024-11-13T00:19:38.572196400(LocalDateTime), 2024-11-13T00:19:38.572196400(LocalDateTime)
<==    Updates: 1
Releasing transactional SqlSession [org.apache.ibatis.session.defaults.DefaultSqlSession@63f609a4]
Transaction synchronization committing SqlSession [org.apache.ibatis.session.defaults.DefaultSqlSession@63f609a4]
Transaction synchronization deregistering SqlSession [org.apache.ibatis.session.defaults.DefaultSqlSession@63f609a4]
Transaction synchronization closing SqlSession [org.apache.ibatis.session.defaults.DefaultSqlSession@63f609a4]
Creating a new SqlSession
Registering transaction synchronization for SqlSession [org.apache.ibatis.session.defaults.DefaultSqlSession@1c12f0f4]
JDBC Connection [HikariProxyConnection@526035976 wrapping com.mysql.cj.jdbc.ConnectionImpl@247d44b4] will be managed by Spring
==>  Preparing: INSERT INTO `tb_post` (content, author_id, publish_at, last_update) VALUES (?, ?, ?, ?)
==> Parameters: 奥运会的赛场上，每一次的跆拳道都是对速度和力量的挑战。(String), 80(Long), 2024-11-13T00:19:38.581757900(LocalDateTime), 2024-11-13T00:19:38.581757900(LocalDateTime)
<==    Updates: 1
Releasing transactional SqlSession [org.apache.ibatis.session.defaults.DefaultSqlSession@1c12f0f4]
Transaction synchronization committing SqlSession [org.apache.ibatis.session.defaults.DefaultSqlSession@1c12f0f4]
Transaction synchronization deregistering SqlSession [org.apache.ibatis.session.defaults.DefaultSqlSession@1c12f0f4]
Transaction synchronization closing SqlSession [org.apache.ibatis.session.defaults.DefaultSqlSession@1c12f0f4]
Creating a new SqlSession
Registering transaction synchronization for SqlSession [org.apache.ibatis.session.defaults.DefaultSqlSession@42e14655]
JDBC Connection [HikariProxyConnection@671546968 wrapping com.mysql.cj.jdbc.ConnectionImpl@247d44b4] will be managed by Spring
==>  Preparing: INSERT INTO `tb_post` (content, author_id, publish_at, last_update) VALUES (?, ?, ?, ?)
==> Parameters: 奥运会的赛场上，每一次的田径都是对人类极限的探索。(String), 41(Long), 2024-11-13T00:19:38.591757800(LocalDateTime), 2024-11-13T00:19:38.591757800(LocalDateTime)
<==    Updates: 1
Releasing transactional SqlSession [org.apache.ibatis.session.defaults.DefaultSqlSession@42e14655]
Transaction synchronization committing SqlSession [org.apache.ibatis.session.defaults.DefaultSqlSession@42e14655]
Transaction synchronization deregistering SqlSession [org.apache.ibatis.session.defaults.DefaultSqlSession@42e14655]
Transaction synchronization closing SqlSession [org.apache.ibatis.session.defaults.DefaultSqlSession@42e14655]
Creating a new SqlSession
Registering transaction synchronization for SqlSession [org.apache.ibatis.session.defaults.DefaultSqlSession@39153b05]
JDBC Connection [HikariProxyConnection@855329415 wrapping com.mysql.cj.jdbc.ConnectionImpl@247d44b4] will be managed by Spring
==>  Preparing: INSERT INTO `tb_post` (content, author_id, publish_at, last_update) VALUES (?, ?, ?, ?)
==> Parameters: 奥运会的赛场上，每一次的球类比赛都是对团队协作的考验。(String), 30(Long), 2024-11-13T00:19:38.593402100(LocalDateTime), 2024-11-13T00:19:38.593402100(LocalDateTime)
<==    Updates: 1
Releasing transactional SqlSession [org.apache.ibatis.session.defaults.DefaultSqlSession@39153b05]
Transaction synchronization committing SqlSession [org.apache.ibatis.session.defaults.DefaultSqlSession@39153b05]
Transaction synchronization deregistering SqlSession [org.apache.ibatis.session.defaults.DefaultSqlSession@39153b05]
Transaction synchronization closing SqlSession [org.apache.ibatis.session.defaults.DefaultSqlSession@39153b05]
Creating a new SqlSession
Registering transaction synchronization for SqlSession [org.apache.ibatis.session.defaults.DefaultSqlSession@76ac3ad0]
JDBC Connection [HikariProxyConnection@1341485339 wrapping com.mysql.cj.jdbc.ConnectionImpl@247d44b4] will be managed by Spring
==>  Preparing: INSERT INTO `tb_post` (content, author_id, publish_at, last_update) VALUES (?, ?, ?, ?)
==> Parameters: 奥运会的赛场上，每一次的水上运动都是对水的驾驭。(String), 20(Long), 2024-11-13T00:19:38.610998600(LocalDateTime), 2024-11-13T00:19:38.610998600(LocalDateTime)
<==    Updates: 1
Releasing transactional SqlSession [org.apache.ibatis.session.defaults.DefaultSqlSession@76ac3ad0]
Transaction synchronization committing SqlSession [org.apache.ibatis.session.defaults.DefaultSqlSession@76ac3ad0]
Transaction synchronization deregistering SqlSession [org.apache.ibatis.session.defaults.DefaultSqlSession@76ac3ad0]
Transaction synchronization closing SqlSession [org.apache.ibatis.session.defaults.DefaultSqlSession@76ac3ad0]
Creating a new SqlSession
Registering transaction synchronization for SqlSession [org.apache.ibatis.session.defaults.DefaultSqlSession@3687f6b6]
JDBC Connection [HikariProxyConnection@1237796102 wrapping com.mysql.cj.jdbc.ConnectionImpl@247d44b4] will be managed by Spring
==>  Preparing: INSERT INTO `tb_post` (content, author_id, publish_at, last_update) VALUES (?, ?, ?, ?)
==> Parameters: 奥运会的赛场上，每一次的冬季运动都是对冰雪世界的征服。(String), 8(Long), 2024-11-13T00:19:38.616996200(LocalDateTime), 2024-11-13T00:19:38.616996200(LocalDateTime)
<==    Updates: 1
Releasing transactional SqlSession [org.apache.ibatis.session.defaults.DefaultSqlSession@3687f6b6]
Transaction synchronization committing SqlSession [org.apache.ibatis.session.defaults.DefaultSqlSession@3687f6b6]
Transaction synchronization deregistering SqlSession [org.apache.ibatis.session.defaults.DefaultSqlSession@3687f6b6]
Transaction synchronization closing SqlSession [org.apache.ibatis.session.defaults.DefaultSqlSession@3687f6b6]
Creating a new SqlSession
Registering transaction synchronization for SqlSession [org.apache.ibatis.session.defaults.DefaultSqlSession@149e457]
JDBC Connection [HikariProxyConnection@347392698 wrapping com.mysql.cj.jdbc.ConnectionImpl@247d44b4] will be managed by Spring
==>  Preparing: INSERT INTO `tb_post` (content, author_id, publish_at, last_update) VALUES (?, ?, ?, ?)
==> Parameters: 奥运会的赛场上，每一次的体操都是对力量和优雅的结合。(String), 49(Long), 2024-11-13T00:19:38.622995200(LocalDateTime), 2024-11-13T00:19:38.622995200(LocalDateTime)
<==    Updates: 1
Releasing transactional SqlSession [org.apache.ibatis.session.defaults.DefaultSqlSession@149e457]
Transaction synchronization committing SqlSession [org.apache.ibatis.session.defaults.DefaultSqlSession@149e457]
Transaction synchronization deregistering SqlSession [org.apache.ibatis.session.defaults.DefaultSqlSession@149e457]
Transaction synchronization closing SqlSession [org.apache.ibatis.session.defaults.DefaultSqlSession@149e457]
Creating a new SqlSession
Registering transaction synchronization for SqlSession [org.apache.ibatis.session.defaults.DefaultSqlSession@37e9d191]
JDBC Connection [HikariProxyConnection@667585114 wrapping com.mysql.cj.jdbc.ConnectionImpl@247d44b4] will be managed by Spring
==>  Preparing: INSERT INTO `tb_post` (content, author_id, publish_at, last_update) VALUES (?, ?, ?, ?)
==> Parameters: 奥运会的赛场上，每一次的击剑都是对智慧和技巧的较量。(String), 55(Long), 2024-11-13T00:19:38.630815800(LocalDateTime), 2024-11-13T00:19:38.630815800(LocalDateTime)
<==    Updates: 1
Releasing transactional SqlSession [org.apache.ibatis.session.defaults.DefaultSqlSession@37e9d191]
Transaction synchronization committing SqlSession [org.apache.ibatis.session.defaults.DefaultSqlSession@37e9d191]
Transaction synchronization deregistering SqlSession [org.apache.ibatis.session.defaults.DefaultSqlSession@37e9d191]
Transaction synchronization closing SqlSession [org.apache.ibatis.session.defaults.DefaultSqlSession@37e9d191]
Creating a new SqlSession
Registering transaction synchronization for SqlSession [org.apache.ibatis.session.defaults.DefaultSqlSession@4f74edbf]
JDBC Connection [HikariProxyConnection@1558825448 wrapping com.mysql.cj.jdbc.ConnectionImpl@247d44b4] will be managed by Spring
==>  Preparing: INSERT INTO `tb_post` (content, author_id, publish_at, last_update) VALUES (?, ?, ?, ?)
==> Parameters: 奥运会的赛场上，每一次的自行车赛都是对速度和耐力的考验。(String), 9(Long), 2024-11-13T00:19:38.636815500(LocalDateTime), 2024-11-13T00:19:38.636815500(LocalDateTime)
<==    Updates: 1
Releasing transactional SqlSession [org.apache.ibatis.session.defaults.DefaultSqlSession@4f74edbf]
Transaction synchronization committing SqlSession [org.apache.ibatis.session.defaults.DefaultSqlSession@4f74edbf]
Transaction synchronization deregistering SqlSession [org.apache.ibatis.session.defaults.DefaultSqlSession@4f74edbf]
Transaction synchronization closing SqlSession [org.apache.ibatis.session.defaults.DefaultSqlSession@4f74edbf]
Creating a new SqlSession
Registering transaction synchronization for SqlSession [org.apache.ibatis.session.defaults.DefaultSqlSession@9063080]
JDBC Connection [HikariProxyConnection@1113747078 wrapping com.mysql.cj.jdbc.ConnectionImpl@247d44b4] will be managed by Spring
==>  Preparing: INSERT INTO `tb_post` (content, author_id, publish_at, last_update) VALUES (?, ?, ?, ?)
==> Parameters: 奥运会的赛场上，每一次的拳击都是对勇气和力量的展现。(String), 81(Long), 2024-11-13T00:19:38.642773700(LocalDateTime), 2024-11-13T00:19:38.642773700(LocalDateTime)
<==    Updates: 1
Releasing transactional SqlSession [org.apache.ibatis.session.defaults.DefaultSqlSession@9063080]
Transaction synchronization committing SqlSession [org.apache.ibatis.session.defaults.DefaultSqlSession@9063080]
Transaction synchronization deregistering SqlSession [org.apache.ibatis.session.defaults.DefaultSqlSession@9063080]
Transaction synchronization closing SqlSession [org.apache.ibatis.session.defaults.DefaultSqlSession@9063080]
Creating a new SqlSession
Registering transaction synchronization for SqlSession [org.apache.ibatis.session.defaults.DefaultSqlSession@48971262]
JDBC Connection [HikariProxyConnection@1979088869 wrapping com.mysql.cj.jdbc.ConnectionImpl@247d44b4] will be managed by Spring
==>  Preparing: INSERT INTO `tb_post` (content, author_id, publish_at, last_update) VALUES (?, ?, ?, ?)
==> Parameters: 奥运会的赛场上，每一次的摔跤都是对技巧和力量的挑战。(String), 22(Long), 2024-11-13T00:19:38.642773700(LocalDateTime), 2024-11-13T00:19:38.642773700(LocalDateTime)
<==    Updates: 1
Releasing transactional SqlSession [org.apache.ibatis.session.defaults.DefaultSqlSession@48971262]
Transaction synchronization committing SqlSession [org.apache.ibatis.session.defaults.DefaultSqlSession@48971262]
Transaction synchronization deregistering SqlSession [org.apache.ibatis.session.defaults.DefaultSqlSession@48971262]
Transaction synchronization closing SqlSession [org.apache.ibatis.session.defaults.DefaultSqlSession@48971262]
Creating a new SqlSession
Registering transaction synchronization for SqlSession [org.apache.ibatis.session.defaults.DefaultSqlSession@1fcb01f8]
JDBC Connection [HikariProxyConnection@1676552337 wrapping com.mysql.cj.jdbc.ConnectionImpl@247d44b4] will be managed by Spring
==>  Preparing: INSERT INTO `tb_post` (content, author_id, publish_at, last_update) VALUES (?, ?, ?, ?)
==> Parameters: 奥运会的赛场上，每一次的柔道都是对策略和尊重的展现。(String), 42(Long), 2024-11-13T00:19:38.642773700(LocalDateTime), 2024-11-13T00:19:38.642773700(LocalDateTime)
<==    Updates: 1
Releasing transactional SqlSession [org.apache.ibatis.session.defaults.DefaultSqlSession@1fcb01f8]
Transaction synchronization committing SqlSession [org.apache.ibatis.session.defaults.DefaultSqlSession@1fcb01f8]
Transaction synchronization deregistering SqlSession [org.apache.ibatis.session.defaults.DefaultSqlSession@1fcb01f8]
Transaction synchronization closing SqlSession [org.apache.ibatis.session.defaults.DefaultSqlSession@1fcb01f8]
Creating a new SqlSession
Registering transaction synchronization for SqlSession [org.apache.ibatis.session.defaults.DefaultSqlSession@35fea0cd]
JDBC Connection [HikariProxyConnection@382934088 wrapping com.mysql.cj.jdbc.ConnectionImpl@247d44b4] will be managed by Spring
==>  Preparing: INSERT INTO `tb_post` (content, author_id, publish_at, last_update) VALUES (?, ?, ?, ?)
==> Parameters: 奥运会的赛场上，每一次的射击都是对精准和冷静的追求。(String), 75(Long), 2024-11-13T00:19:38.658402500(LocalDateTime), 2024-11-13T00:19:38.658402500(LocalDateTime)
<==    Updates: 1
Releasing transactional SqlSession [org.apache.ibatis.session.defaults.DefaultSqlSession@35fea0cd]
Transaction synchronization committing SqlSession [org.apache.ibatis.session.defaults.DefaultSqlSession@35fea0cd]
Transaction synchronization deregistering SqlSession [org.apache.ibatis.session.defaults.DefaultSqlSession@35fea0cd]
Transaction synchronization closing SqlSession [org.apache.ibatis.session.defaults.DefaultSqlSession@35fea0cd]
Creating a new SqlSession
Registering transaction synchronization for SqlSession [org.apache.ibatis.session.defaults.DefaultSqlSession@2ab40d2d]
JDBC Connection [HikariProxyConnection@230035651 wrapping com.mysql.cj.jdbc.ConnectionImpl@247d44b4] will be managed by Spring
==>  Preparing: INSERT INTO `tb_post` (content, author_id, publish_at, last_update) VALUES (?, ?, ?, ?)
==> Parameters: 奥运会的赛场上，每一次的举重都是对极限和力量的挑战。(String), 14(Long), 2024-11-13T00:19:38.664955700(LocalDateTime), 2024-11-13T00:19:38.664955700(LocalDateTime)
<==    Updates: 1
Releasing transactional SqlSession [org.apache.ibatis.session.defaults.DefaultSqlSession@2ab40d2d]
Transaction synchronization committing SqlSession [org.apache.ibatis.session.defaults.DefaultSqlSession@2ab40d2d]
Transaction synchronization deregistering SqlSession [org.apache.ibatis.session.defaults.DefaultSqlSession@2ab40d2d]
Transaction synchronization closing SqlSession [org.apache.ibatis.session.defaults.DefaultSqlSession@2ab40d2d]
Creating a new SqlSession
Registering transaction synchronization for SqlSession [org.apache.ibatis.session.defaults.DefaultSqlSession@50c20b15]
JDBC Connection [HikariProxyConnection@470758061 wrapping com.mysql.cj.jdbc.ConnectionImpl@247d44b4] will be managed by Spring
==>  Preparing: INSERT INTO `tb_post` (content, author_id, publish_at, last_update) VALUES (?, ?, ?, ?)
==> Parameters: 奥运会的赛场上，每一次的铁人三项都是对运动员全面能力的考验。(String), 70(Long), 2024-11-13T00:19:38.670953900(LocalDateTime), 2024-11-13T00:19:38.670953900(LocalDateTime)
<==    Updates: 1
Releasing transactional SqlSession [org.apache.ibatis.session.defaults.DefaultSqlSession@50c20b15]
Transaction synchronization committing SqlSession [org.apache.ibatis.session.defaults.DefaultSqlSession@50c20b15]
Transaction synchronization deregistering SqlSession [org.apache.ibatis.session.defaults.DefaultSqlSession@50c20b15]
Transaction synchronization closing SqlSession [org.apache.ibatis.session.defaults.DefaultSqlSession@50c20b15]
Creating a new SqlSession
Registering transaction synchronization for SqlSession [org.apache.ibatis.session.defaults.DefaultSqlSession@e870ac9]
JDBC Connection [HikariProxyConnection@1891006529 wrapping com.mysql.cj.jdbc.ConnectionImpl@247d44b4] will be managed by Spring
==>  Preparing: INSERT INTO `tb_post` (content, author_id, publish_at, last_update) VALUES (?, ?, ?, ?)
==> Parameters: 奥运会的赛场上，每一次的皮划艇都是对速度和协调的追求。(String), 63(Long), 2024-11-13T00:19:38.676920800(LocalDateTime), 2024-11-13T00:19:38.676920800(LocalDateTime)
<==    Updates: 1
Releasing transactional SqlSession [org.apache.ibatis.session.defaults.DefaultSqlSession@e870ac9]
Transaction synchronization committing SqlSession [org.apache.ibatis.session.defaults.DefaultSqlSession@e870ac9]
Transaction synchronization deregistering SqlSession [org.apache.ibatis.session.defaults.DefaultSqlSession@e870ac9]
Transaction synchronization closing SqlSession [org.apache.ibatis.session.defaults.DefaultSqlSession@e870ac9]
Creating a new SqlSession
Registering transaction synchronization for SqlSession [org.apache.ibatis.session.defaults.DefaultSqlSession@61c946a0]
JDBC Connection [HikariProxyConnection@2055199770 wrapping com.mysql.cj.jdbc.ConnectionImpl@247d44b4] will be managed by Spring
==>  Preparing: INSERT INTO `tb_post` (content, author_id, publish_at, last_update) VALUES (?, ?, ?, ?)
==> Parameters: 奥运会的赛场上，每一次的赛艇都是对团队精神和节奏的展现。(String), 25(Long), 2024-11-13T00:19:38.685927800(LocalDateTime), 2024-11-13T00:19:38.685927800(LocalDateTime)
<==    Updates: 1
Releasing transactional SqlSession [org.apache.ibatis.session.defaults.DefaultSqlSession@61c946a0]
Transaction synchronization committing SqlSession [org.apache.ibatis.session.defaults.DefaultSqlSession@61c946a0]
Transaction synchronization deregistering SqlSession [org.apache.ibatis.session.defaults.DefaultSqlSession@61c946a0]
Transaction synchronization closing SqlSession [org.apache.ibatis.session.defaults.DefaultSqlSession@61c946a0]
Creating a new SqlSession
Registering transaction synchronization for SqlSession [org.apache.ibatis.session.defaults.DefaultSqlSession@53791a39]
JDBC Connection [HikariProxyConnection@1385354263 wrapping com.mysql.cj.jdbc.ConnectionImpl@247d44b4] will be managed by Spring
==>  Preparing: INSERT INTO `tb_post` (content, author_id, publish_at, last_update) VALUES (?, ?, ?, ?)
==> Parameters: 最新研究发现：深海微生物可能有助于开发新型抗生素。(String), 85(Long), 2024-11-13T00:19:38.692792700(LocalDateTime), 2024-11-13T00:19:38.692792700(LocalDateTime)
<==    Updates: 1
Releasing transactional SqlSession [org.apache.ibatis.session.defaults.DefaultSqlSession@53791a39]
Transaction synchronization committing SqlSession [org.apache.ibatis.session.defaults.DefaultSqlSession@53791a39]
Transaction synchronization deregistering SqlSession [org.apache.ibatis.session.defaults.DefaultSqlSession@53791a39]
Transaction synchronization closing SqlSession [org.apache.ibatis.session.defaults.DefaultSqlSession@53791a39]
Creating a new SqlSession
Registering transaction synchronization for SqlSession [org.apache.ibatis.session.defaults.DefaultSqlSession@19544627]
JDBC Connection [HikariProxyConnection@2122245047 wrapping com.mysql.cj.jdbc.ConnectionImpl@247d44b4] will be managed by Spring
==>  Preparing: INSERT INTO `tb_post` (content, author_id, publish_at, last_update) VALUES (?, ?, ?, ?)
==> Parameters: 本地企业家启动新项目，旨在减少城市交通拥堵。(String), 17(Long), 2024-11-13T00:19:38.692792700(LocalDateTime), 2024-11-13T00:19:38.692792700(LocalDateTime)
<==    Updates: 1
Releasing transactional SqlSession [org.apache.ibatis.session.defaults.DefaultSqlSession@19544627]
Transaction synchronization committing SqlSession [org.apache.ibatis.session.defaults.DefaultSqlSession@19544627]
Transaction synchronization deregistering SqlSession [org.apache.ibatis.session.defaults.DefaultSqlSession@19544627]
Transaction synchronization closing SqlSession [org.apache.ibatis.session.defaults.DefaultSqlSession@19544627]
Creating a new SqlSession
Registering transaction synchronization for SqlSession [org.apache.ibatis.session.defaults.DefaultSqlSession@2b6d9650]
JDBC Connection [HikariProxyConnection@1101450654 wrapping com.mysql.cj.jdbc.ConnectionImpl@247d44b4] will be managed by Spring
==>  Preparing: INSERT INTO `tb_post` (content, author_id, publish_at, last_update) VALUES (?, ?, ?, ?)
==> Parameters: 科学家警告：全球变暖可能导致极端天气事件频发。(String), 22(Long), 2024-11-13T00:19:38.719200700(LocalDateTime), 2024-11-13T00:19:38.719200700(LocalDateTime)
<==    Updates: 1
Releasing transactional SqlSession [org.apache.ibatis.session.defaults.DefaultSqlSession@2b6d9650]
Transaction synchronization committing SqlSession [org.apache.ibatis.session.defaults.DefaultSqlSession@2b6d9650]
Transaction synchronization deregistering SqlSession [org.apache.ibatis.session.defaults.DefaultSqlSession@2b6d9650]
Transaction synchronization closing SqlSession [org.apache.ibatis.session.defaults.DefaultSqlSession@2b6d9650]
Creating a new SqlSession
Registering transaction synchronization for SqlSession [org.apache.ibatis.session.defaults.DefaultSqlSession@314b0d53]
JDBC Connection [HikariProxyConnection@43472661 wrapping com.mysql.cj.jdbc.ConnectionImpl@247d44b4] will be managed by Spring
==>  Preparing: INSERT INTO `tb_post` (content, author_id, publish_at, last_update) VALUES (?, ?, ?, ?)
==> Parameters: 新技术突破：太阳能电池效率达到历史新高。(String), 3(Long), 2024-11-13T00:19:38.728938(LocalDateTime), 2024-11-13T00:19:38.728938(LocalDateTime)
<==    Updates: 1
Releasing transactional SqlSession [org.apache.ibatis.session.defaults.DefaultSqlSession@314b0d53]
Transaction synchronization committing SqlSession [org.apache.ibatis.session.defaults.DefaultSqlSession@314b0d53]
Transaction synchronization deregistering SqlSession [org.apache.ibatis.session.defaults.DefaultSqlSession@314b0d53]
Transaction synchronization closing SqlSession [org.apache.ibatis.session.defaults.DefaultSqlSession@314b0d53]
Creating a new SqlSession
Registering transaction synchronization for SqlSession [org.apache.ibatis.session.defaults.DefaultSqlSession@5f65a6d7]
JDBC Connection [HikariProxyConnection@1170370809 wrapping com.mysql.cj.jdbc.ConnectionImpl@247d44b4] will be managed by Spring
==>  Preparing: INSERT INTO `tb_post` (content, author_id, publish_at, last_update) VALUES (?, ?, ?, ?)
==> Parameters: 国际空间站宇航员完成首次全女性太空行走。(String), 41(Long), 2024-11-13T00:19:38.737930800(LocalDateTime), 2024-11-13T00:19:38.737930800(LocalDateTime)
<==    Updates: 1
Releasing transactional SqlSession [org.apache.ibatis.session.defaults.DefaultSqlSession@5f65a6d7]
Transaction synchronization committing SqlSession [org.apache.ibatis.session.defaults.DefaultSqlSession@5f65a6d7]
Transaction synchronization deregistering SqlSession [org.apache.ibatis.session.defaults.DefaultSqlSession@5f65a6d7]
Transaction synchronization closing SqlSession [org.apache.ibatis.session.defaults.DefaultSqlSession@5f65a6d7]
Creating a new SqlSession
Registering transaction synchronization for SqlSession [org.apache.ibatis.session.defaults.DefaultSqlSession@4dbeae45]
JDBC Connection [HikariProxyConnection@1754164558 wrapping com.mysql.cj.jdbc.ConnectionImpl@247d44b4] will be managed by Spring
==>  Preparing: INSERT INTO `tb_post` (content, author_id, publish_at, last_update) VALUES (?, ?, ?, ?)
==> Parameters: 新政策出台：政府将加大对可再生能源的投资。(String), 84(Long), 2024-11-13T00:19:38.746096500(LocalDateTime), 2024-11-13T00:19:38.746096500(LocalDateTime)
<==    Updates: 1
Releasing transactional SqlSession [org.apache.ibatis.session.defaults.DefaultSqlSession@4dbeae45]
Transaction synchronization committing SqlSession [org.apache.ibatis.session.defaults.DefaultSqlSession@4dbeae45]
Transaction synchronization deregistering SqlSession [org.apache.ibatis.session.defaults.DefaultSqlSession@4dbeae45]
Transaction synchronization closing SqlSession [org.apache.ibatis.session.defaults.DefaultSqlSession@4dbeae45]
Creating a new SqlSession
Registering transaction synchronization for SqlSession [org.apache.ibatis.session.defaults.DefaultSqlSession@2a2cdba0]
JDBC Connection [HikariProxyConnection@1527270476 wrapping com.mysql.cj.jdbc.ConnectionImpl@247d44b4] will be managed by Spring
==>  Preparing: INSERT INTO `tb_post` (content, author_id, publish_at, last_update) VALUES (?, ?, ?, ?)
==> Parameters: 本地学校引入创新课程，培养学生的STEM技能。(String), 62(Long), 2024-11-13T00:19:38.746096500(LocalDateTime), 2024-11-13T00:19:38.746096500(LocalDateTime)
<==    Updates: 1
Releasing transactional SqlSession [org.apache.ibatis.session.defaults.DefaultSqlSession@2a2cdba0]
Transaction synchronization committing SqlSession [org.apache.ibatis.session.defaults.DefaultSqlSession@2a2cdba0]
Transaction synchronization deregistering SqlSession [org.apache.ibatis.session.defaults.DefaultSqlSession@2a2cdba0]
Transaction synchronization closing SqlSession [org.apache.ibatis.session.defaults.DefaultSqlSession@2a2cdba0]
Creating a new SqlSession
Registering transaction synchronization for SqlSession [org.apache.ibatis.session.defaults.DefaultSqlSession@4ff3af97]
JDBC Connection [HikariProxyConnection@978218406 wrapping com.mysql.cj.jdbc.ConnectionImpl@247d44b4] will be managed by Spring
==>  Preparing: INSERT INTO `tb_post` (content, author_id, publish_at, last_update) VALUES (?, ?, ?, ?)
==> Parameters: 医疗突破：新型疗法为癌症患者带来新希望。(String), 25(Long), 2024-11-13T00:19:38.766257600(LocalDateTime), 2024-11-13T00:19:38.766257600(LocalDateTime)
<==    Updates: 1
Releasing transactional SqlSession [org.apache.ibatis.session.defaults.DefaultSqlSession@4ff3af97]
Transaction synchronization committing SqlSession [org.apache.ibatis.session.defaults.DefaultSqlSession@4ff3af97]
Transaction synchronization deregistering SqlSession [org.apache.ibatis.session.defaults.DefaultSqlSession@4ff3af97]
Transaction synchronization closing SqlSession [org.apache.ibatis.session.defaults.DefaultSqlSession@4ff3af97]
Creating a new SqlSession
Registering transaction synchronization for SqlSession [org.apache.ibatis.session.defaults.DefaultSqlSession@70eced1f]
JDBC Connection [HikariProxyConnection@1286094531 wrapping com.mysql.cj.jdbc.ConnectionImpl@247d44b4] will be managed by Spring
==>  Preparing: INSERT INTO `tb_post` (content, author_id, publish_at, last_update) VALUES (?, ?, ?, ?)
==> Parameters: 考古学家在古埃及遗址发现罕见的法老王陵墓。(String), 42(Long), 2024-11-13T00:19:38.776338600(LocalDateTime), 2024-11-13T00:19:38.776338600(LocalDateTime)
<==    Updates: 1
Releasing transactional SqlSession [org.apache.ibatis.session.defaults.DefaultSqlSession@70eced1f]
Transaction synchronization committing SqlSession [org.apache.ibatis.session.defaults.DefaultSqlSession@70eced1f]
Transaction synchronization deregistering SqlSession [org.apache.ibatis.session.defaults.DefaultSqlSession@70eced1f]
Transaction synchronization closing SqlSession [org.apache.ibatis.session.defaults.DefaultSqlSession@70eced1f]
Creating a new SqlSession
Registering transaction synchronization for SqlSession [org.apache.ibatis.session.defaults.DefaultSqlSession@1da53092]
JDBC Connection [HikariProxyConnection@63556276 wrapping com.mysql.cj.jdbc.ConnectionImpl@247d44b4] will be managed by Spring
==>  Preparing: INSERT INTO `tb_post` (content, author_id, publish_at, last_update) VALUES (?, ?, ?, ?)
==> Parameters: 科技公司发布新款智能手机，功能全面升级。(String), 52(Long), 2024-11-13T00:19:38.787063400(LocalDateTime), 2024-11-13T00:19:38.787063400(LocalDateTime)
<==    Updates: 1
Releasing transactional SqlSession [org.apache.ibatis.session.defaults.DefaultSqlSession@1da53092]
Transaction synchronization committing SqlSession [org.apache.ibatis.session.defaults.DefaultSqlSession@1da53092]
Transaction synchronization deregistering SqlSession [org.apache.ibatis.session.defaults.DefaultSqlSession@1da53092]
Transaction synchronization closing SqlSession [org.apache.ibatis.session.defaults.DefaultSqlSession@1da53092]
Creating a new SqlSession
Registering transaction synchronization for SqlSession [org.apache.ibatis.session.defaults.DefaultSqlSession@dfe2875]
JDBC Connection [HikariProxyConnection@1367173304 wrapping com.mysql.cj.jdbc.ConnectionImpl@247d44b4] will be managed by Spring
==>  Preparing: INSERT INTO `tb_post` (content, author_id, publish_at, last_update) VALUES (?, ?, ?, ?)
==> Parameters: 环保组织发起清洁行动，保护本地河流免受污染。(String), 46(Long), 2024-11-13T00:19:38.792773600(LocalDateTime), 2024-11-13T00:19:38.792773600(LocalDateTime)
<==    Updates: 1
Releasing transactional SqlSession [org.apache.ibatis.session.defaults.DefaultSqlSession@dfe2875]
Transaction synchronization committing SqlSession [org.apache.ibatis.session.defaults.DefaultSqlSession@dfe2875]
Transaction synchronization deregistering SqlSession [org.apache.ibatis.session.defaults.DefaultSqlSession@dfe2875]
Transaction synchronization closing SqlSession [org.apache.ibatis.session.defaults.DefaultSqlSession@dfe2875]
Creating a new SqlSession
Registering transaction synchronization for SqlSession [org.apache.ibatis.session.defaults.DefaultSqlSession@1a983294]
JDBC Connection [HikariProxyConnection@2033711470 wrapping com.mysql.cj.jdbc.ConnectionImpl@247d44b4] will be managed by Spring
==>  Preparing: INSERT INTO `tb_post` (content, author_id, publish_at, last_update) VALUES (?, ?, ?, ?)
==> Parameters: 新研究表明：健康饮食可以显著降低心脏病风险。(String), 55(Long), 2024-11-13T00:19:38.792773600(LocalDateTime), 2024-11-13T00:19:38.792773600(LocalDateTime)
<==    Updates: 1
Releasing transactional SqlSession [org.apache.ibatis.session.defaults.DefaultSqlSession@1a983294]
Transaction synchronization committing SqlSession [org.apache.ibatis.session.defaults.DefaultSqlSession@1a983294]
Transaction synchronization deregistering SqlSession [org.apache.ibatis.session.defaults.DefaultSqlSession@1a983294]
Transaction synchronization closing SqlSession [org.apache.ibatis.session.defaults.DefaultSqlSession@1a983294]
Creating a new SqlSession
Registering transaction synchronization for SqlSession [org.apache.ibatis.session.defaults.DefaultSqlSession@7baf7a9d]
JDBC Connection [HikariProxyConnection@663196952 wrapping com.mysql.cj.jdbc.ConnectionImpl@247d44b4] will be managed by Spring
==>  Preparing: INSERT INTO `tb_post` (content, author_id, publish_at, last_update) VALUES (?, ?, ?, ?)
==> Parameters: 国际会议召开，讨论全球经济合作与发展。(String), 55(Long), 2024-11-13T00:19:38.812862300(LocalDateTime), 2024-11-13T00:19:38.812862300(LocalDateTime)
<==    Updates: 1
Releasing transactional SqlSession [org.apache.ibatis.session.defaults.DefaultSqlSession@7baf7a9d]
Transaction synchronization committing SqlSession [org.apache.ibatis.session.defaults.DefaultSqlSession@7baf7a9d]
Transaction synchronization deregistering SqlSession [org.apache.ibatis.session.defaults.DefaultSqlSession@7baf7a9d]
Transaction synchronization closing SqlSession [org.apache.ibatis.session.defaults.DefaultSqlSession@7baf7a9d]
Creating a new SqlSession
Registering transaction synchronization for SqlSession [org.apache.ibatis.session.defaults.DefaultSqlSession@4f7bc9a3]
JDBC Connection [HikariProxyConnection@217658289 wrapping com.mysql.cj.jdbc.ConnectionImpl@247d44b4] will be managed by Spring
==>  Preparing: INSERT INTO `tb_post` (content, author_id, publish_at, last_update) VALUES (?, ?, ?, ?)
==> Parameters: 本地艺术家举办展览，展示传统与现代艺术的融合。(String), 78(Long), 2024-11-13T00:19:38.817855600(LocalDateTime), 2024-11-13T00:19:38.817855600(LocalDateTime)
<==    Updates: 1
Releasing transactional SqlSession [org.apache.ibatis.session.defaults.DefaultSqlSession@4f7bc9a3]
Transaction synchronization committing SqlSession [org.apache.ibatis.session.defaults.DefaultSqlSession@4f7bc9a3]
Transaction synchronization deregistering SqlSession [org.apache.ibatis.session.defaults.DefaultSqlSession@4f7bc9a3]
Transaction synchronization closing SqlSession [org.apache.ibatis.session.defaults.DefaultSqlSession@4f7bc9a3]
Creating a new SqlSession
Registering transaction synchronization for SqlSession [org.apache.ibatis.session.defaults.DefaultSqlSession@33e80a27]
JDBC Connection [HikariProxyConnection@937943177 wrapping com.mysql.cj.jdbc.ConnectionImpl@247d44b4] will be managed by Spring
==>  Preparing: INSERT INTO `tb_post` (content, author_id, publish_at, last_update) VALUES (?, ?, ?, ?)
==> Parameters: 科学家在南极洲发现新物种，对生物多样性研究具有重要意义。(String), 78(Long), 2024-11-13T00:19:38.822855800(LocalDateTime), 2024-11-13T00:19:38.822855800(LocalDateTime)
<==    Updates: 1
Releasing transactional SqlSession [org.apache.ibatis.session.defaults.DefaultSqlSession@33e80a27]
Transaction synchronization committing SqlSession [org.apache.ibatis.session.defaults.DefaultSqlSession@33e80a27]
Transaction synchronization deregistering SqlSession [org.apache.ibatis.session.defaults.DefaultSqlSession@33e80a27]
Transaction synchronization closing SqlSession [org.apache.ibatis.session.defaults.DefaultSqlSession@33e80a27]
Creating a new SqlSession
Registering transaction synchronization for SqlSession [org.apache.ibatis.session.defaults.DefaultSqlSession@13515709]
JDBC Connection [HikariProxyConnection@1090718753 wrapping com.mysql.cj.jdbc.ConnectionImpl@247d44b4] will be managed by Spring
==>  Preparing: INSERT INTO `tb_post` (content, author_id, publish_at, last_update) VALUES (?, ?, ?, ?)
==> Parameters: 政府推出新计划，旨在提高国民的健康和福祉。(String), 67(Long), 2024-11-13T00:19:38.827699600(LocalDateTime), 2024-11-13T00:19:38.827699600(LocalDateTime)
<==    Updates: 1
Releasing transactional SqlSession [org.apache.ibatis.session.defaults.DefaultSqlSession@13515709]
Transaction synchronization committing SqlSession [org.apache.ibatis.session.defaults.DefaultSqlSession@13515709]
Transaction synchronization deregistering SqlSession [org.apache.ibatis.session.defaults.DefaultSqlSession@13515709]
Transaction synchronization closing SqlSession [org.apache.ibatis.session.defaults.DefaultSqlSession@13515709]
Creating a new SqlSession
Registering transaction synchronization for SqlSession [org.apache.ibatis.session.defaults.DefaultSqlSession@6ea4b4b2]
JDBC Connection [HikariProxyConnection@938903489 wrapping com.mysql.cj.jdbc.ConnectionImpl@247d44b4] will be managed by Spring
==>  Preparing: INSERT INTO `tb_post` (content, author_id, publish_at, last_update) VALUES (?, ?, ?, ?)
==> Parameters: 新型电动汽车上市，续航里程创行业纪录。(String), 68(Long), 2024-11-13T00:19:38.833697700(LocalDateTime), 2024-11-13T00:19:38.833697700(LocalDateTime)
<==    Updates: 1
Releasing transactional SqlSession [org.apache.ibatis.session.defaults.DefaultSqlSession@6ea4b4b2]
Transaction synchronization committing SqlSession [org.apache.ibatis.session.defaults.DefaultSqlSession@6ea4b4b2]
Transaction synchronization deregistering SqlSession [org.apache.ibatis.session.defaults.DefaultSqlSession@6ea4b4b2]
Transaction synchronization closing SqlSession [org.apache.ibatis.session.defaults.DefaultSqlSession@6ea4b4b2]
Creating a new SqlSession
Registering transaction synchronization for SqlSession [org.apache.ibatis.session.defaults.DefaultSqlSession@2b9bacb8]
JDBC Connection [HikariProxyConnection@1820277494 wrapping com.mysql.cj.jdbc.ConnectionImpl@247d44b4] will be managed by Spring
==>  Preparing: INSERT INTO `tb_post` (content, author_id, publish_at, last_update) VALUES (?, ?, ?, ?)
==> Parameters: 本地社区中心举办免费健康检查活动。(String), 27(Long), 2024-11-13T00:19:38.838700100(LocalDateTime), 2024-11-13T00:19:38.838700100(LocalDateTime)
<==    Updates: 1
Releasing transactional SqlSession [org.apache.ibatis.session.defaults.DefaultSqlSession@2b9bacb8]
Transaction synchronization committing SqlSession [org.apache.ibatis.session.defaults.DefaultSqlSession@2b9bacb8]
Transaction synchronization deregistering SqlSession [org.apache.ibatis.session.defaults.DefaultSqlSession@2b9bacb8]
Transaction synchronization closing SqlSession [org.apache.ibatis.session.defaults.DefaultSqlSession@2b9bacb8]
Creating a new SqlSession
Registering transaction synchronization for SqlSession [org.apache.ibatis.session.defaults.DefaultSqlSession@6b862f17]
JDBC Connection [HikariProxyConnection@1646807380 wrapping com.mysql.cj.jdbc.ConnectionImpl@247d44b4] will be managed by Spring
==>  Preparing: INSERT INTO `tb_post` (content, author_id, publish_at, last_update) VALUES (?, ?, ?, ?)
==> Parameters: 国际研究团队在治疗阿尔茨海默病方面取得进展。(String), 20(Long), 2024-11-13T00:19:38.842753200(LocalDateTime), 2024-11-13T00:19:38.842753200(LocalDateTime)
<==    Updates: 1
Releasing transactional SqlSession [org.apache.ibatis.session.defaults.DefaultSqlSession@6b862f17]
Transaction synchronization committing SqlSession [org.apache.ibatis.session.defaults.DefaultSqlSession@6b862f17]
Transaction synchronization deregistering SqlSession [org.apache.ibatis.session.defaults.DefaultSqlSession@6b862f17]
Transaction synchronization closing SqlSession [org.apache.ibatis.session.defaults.DefaultSqlSession@6b862f17]
Creating a new SqlSession
Registering transaction synchronization for SqlSession [org.apache.ibatis.session.defaults.DefaultSqlSession@301c0aae]
JDBC Connection [HikariProxyConnection@1950531169 wrapping com.mysql.cj.jdbc.ConnectionImpl@247d44b4] will be managed by Spring
==>  Preparing: INSERT INTO `tb_post` (content, author_id, publish_at, last_update) VALUES (?, ?, ?, ?)
==> Parameters: 科技公司宣布新合作，共同开发人工智能技术。(String), 5(Long), 2024-11-13T00:19:38.842753200(LocalDateTime), 2024-11-13T00:19:38.842753200(LocalDateTime)
<==    Updates: 1
Releasing transactional SqlSession [org.apache.ibatis.session.defaults.DefaultSqlSession@301c0aae]
Transaction synchronization committing SqlSession [org.apache.ibatis.session.defaults.DefaultSqlSession@301c0aae]
Transaction synchronization deregistering SqlSession [org.apache.ibatis.session.defaults.DefaultSqlSession@301c0aae]
Transaction synchronization closing SqlSession [org.apache.ibatis.session.defaults.DefaultSqlSession@301c0aae]
Creating a new SqlSession
Registering transaction synchronization for SqlSession [org.apache.ibatis.session.defaults.DefaultSqlSession@5d18a787]
JDBC Connection [HikariProxyConnection@1254593146 wrapping com.mysql.cj.jdbc.ConnectionImpl@247d44b4] will be managed by Spring
==>  Preparing: INSERT INTO `tb_post` (content, author_id, publish_at, last_update) VALUES (?, ?, ?, ?)
==> Parameters: 本地图书馆举办阅读推广活动，鼓励儿童阅读。(String), 36(Long), 2024-11-13T00:19:38.842753200(LocalDateTime), 2024-11-13T00:19:38.842753200(LocalDateTime)
<==    Updates: 1
Releasing transactional SqlSession [org.apache.ibatis.session.defaults.DefaultSqlSession@5d18a787]
Transaction synchronization committing SqlSession [org.apache.ibatis.session.defaults.DefaultSqlSession@5d18a787]
Transaction synchronization deregistering SqlSession [org.apache.ibatis.session.defaults.DefaultSqlSession@5d18a787]
Transaction synchronization closing SqlSession [org.apache.ibatis.session.defaults.DefaultSqlSession@5d18a787]
Creating a new SqlSession
Registering transaction synchronization for SqlSession [org.apache.ibatis.session.defaults.DefaultSqlSession@446dc997]
JDBC Connection [HikariProxyConnection@1770082598 wrapping com.mysql.cj.jdbc.ConnectionImpl@247d44b4] will be managed by Spring
==>  Preparing: INSERT INTO `tb_post` (content, author_id, publish_at, last_update) VALUES (?, ?, ?, ?)
==> Parameters: 新研究表明：适量运动有助于提高工作效率。(String), 4(Long), 2024-11-13T00:19:38.860791(LocalDateTime), 2024-11-13T00:19:38.860791(LocalDateTime)
<==    Updates: 1
Releasing transactional SqlSession [org.apache.ibatis.session.defaults.DefaultSqlSession@446dc997]
Transaction synchronization committing SqlSession [org.apache.ibatis.session.defaults.DefaultSqlSession@446dc997]
Transaction synchronization deregistering SqlSession [org.apache.ibatis.session.defaults.DefaultSqlSession@446dc997]
Transaction synchronization closing SqlSession [org.apache.ibatis.session.defaults.DefaultSqlSession@446dc997]
Creating a new SqlSession
Registering transaction synchronization for SqlSession [org.apache.ibatis.session.defaults.DefaultSqlSession@29422e61]
JDBC Connection [HikariProxyConnection@458898362 wrapping com.mysql.cj.jdbc.ConnectionImpl@247d44b4] will be managed by Spring
==>  Preparing: INSERT INTO `tb_post` (content, author_id, publish_at, last_update) VALUES (?, ?, ?, ?)
==> Parameters: 政府投资新基础设施项目，以促进地区经济发展。(String), 76(Long), 2024-11-13T00:19:38.864789100(LocalDateTime), 2024-11-13T00:19:38.864789100(LocalDateTime)
<==    Updates: 1
Releasing transactional SqlSession [org.apache.ibatis.session.defaults.DefaultSqlSession@29422e61]
Transaction synchronization committing SqlSession [org.apache.ibatis.session.defaults.DefaultSqlSession@29422e61]
Transaction synchronization deregistering SqlSession [org.apache.ibatis.session.defaults.DefaultSqlSession@29422e61]
Transaction synchronization closing SqlSession [org.apache.ibatis.session.defaults.DefaultSqlSession@29422e61]
Creating a new SqlSession
Registering transaction synchronization for SqlSession [org.apache.ibatis.session.defaults.DefaultSqlSession@22a89db]
JDBC Connection [HikariProxyConnection@570616184 wrapping com.mysql.cj.jdbc.ConnectionImpl@247d44b4] will be managed by Spring
==>  Preparing: INSERT INTO `tb_post` (content, author_id, publish_at, last_update) VALUES (?, ?, ?, ?)
==> Parameters: 本地动物园引进濒危物种，加强保护和研究工作。(String), 53(Long), 2024-11-13T00:19:38.870788900(LocalDateTime), 2024-11-13T00:19:38.870788900(LocalDateTime)
<==    Updates: 1
Releasing transactional SqlSession [org.apache.ibatis.session.defaults.DefaultSqlSession@22a89db]
Transaction synchronization committing SqlSession [org.apache.ibatis.session.defaults.DefaultSqlSession@22a89db]
Transaction synchronization deregistering SqlSession [org.apache.ibatis.session.defaults.DefaultSqlSession@22a89db]
Transaction synchronization closing SqlSession [org.apache.ibatis.session.defaults.DefaultSqlSession@22a89db]
Creating a new SqlSession
Registering transaction synchronization for SqlSession [org.apache.ibatis.session.defaults.DefaultSqlSession@1912ba29]
JDBC Connection [HikariProxyConnection@1656169097 wrapping com.mysql.cj.jdbc.ConnectionImpl@247d44b4] will be managed by Spring
==>  Preparing: INSERT INTO `tb_post` (content, author_id, publish_at, last_update) VALUES (?, ?, ?, ?)
==> Parameters: 国际科学家团队在量子计算领域取得重大突破。(String), 22(Long), 2024-11-13T00:19:38.876206900(LocalDateTime), 2024-11-13T00:19:38.876206900(LocalDateTime)
<==    Updates: 1
Releasing transactional SqlSession [org.apache.ibatis.session.defaults.DefaultSqlSession@1912ba29]
Transaction synchronization committing SqlSession [org.apache.ibatis.session.defaults.DefaultSqlSession@1912ba29]
Transaction synchronization deregistering SqlSession [org.apache.ibatis.session.defaults.DefaultSqlSession@1912ba29]
Transaction synchronization closing SqlSession [org.apache.ibatis.session.defaults.DefaultSqlSession@1912ba29]
Creating a new SqlSession
Registering transaction synchronization for SqlSession [org.apache.ibatis.session.defaults.DefaultSqlSession@3d3e9163]
JDBC Connection [HikariProxyConnection@1966678913 wrapping com.mysql.cj.jdbc.ConnectionImpl@247d44b4] will be managed by Spring
==>  Preparing: INSERT INTO `tb_post` (content, author_id, publish_at, last_update) VALUES (?, ?, ?, ?)
==> Parameters: 新法律通过，加强了对消费者隐私权的保护。(String), 82(Long), 2024-11-13T00:19:38.880647500(LocalDateTime), 2024-11-13T00:19:38.880647500(LocalDateTime)
<==    Updates: 1
Releasing transactional SqlSession [org.apache.ibatis.session.defaults.DefaultSqlSession@3d3e9163]
Transaction synchronization committing SqlSession [org.apache.ibatis.session.defaults.DefaultSqlSession@3d3e9163]
Transaction synchronization deregistering SqlSession [org.apache.ibatis.session.defaults.DefaultSqlSession@3d3e9163]
Transaction synchronization closing SqlSession [org.apache.ibatis.session.defaults.DefaultSqlSession@3d3e9163]
Creating a new SqlSession
Registering transaction synchronization for SqlSession [org.apache.ibatis.session.defaults.DefaultSqlSession@e8ef60b]
JDBC Connection [HikariProxyConnection@1829589319 wrapping com.mysql.cj.jdbc.ConnectionImpl@247d44b4] will be managed by Spring
==>  Preparing: INSERT INTO `tb_post` (content, author_id, publish_at, last_update) VALUES (?, ?, ?, ?)
==> Parameters: 本地医院引进先进医疗设备，提高诊疗水平。(String), 93(Long), 2024-11-13T00:19:38.885647400(LocalDateTime), 2024-11-13T00:19:38.885647400(LocalDateTime)
<==    Updates: 1
Releasing transactional SqlSession [org.apache.ibatis.session.defaults.DefaultSqlSession@e8ef60b]
Transaction synchronization committing SqlSession [org.apache.ibatis.session.defaults.DefaultSqlSession@e8ef60b]
Transaction synchronization deregistering SqlSession [org.apache.ibatis.session.defaults.DefaultSqlSession@e8ef60b]
Transaction synchronization closing SqlSession [org.apache.ibatis.session.defaults.DefaultSqlSession@e8ef60b]
Creating a new SqlSession
Registering transaction synchronization for SqlSession [org.apache.ibatis.session.defaults.DefaultSqlSession@6e21b6f8]
JDBC Connection [HikariProxyConnection@1272438966 wrapping com.mysql.cj.jdbc.ConnectionImpl@247d44b4] will be managed by Spring
==>  Preparing: INSERT INTO `tb_post` (content, author_id, publish_at, last_update) VALUES (?, ?, ?, ?)
==> Parameters: 国际合作项目启动，旨在解决全球水资源短缺问题。(String), 35(Long), 2024-11-13T00:19:38.894786300(LocalDateTime), 2024-11-13T00:19:38.894786300(LocalDateTime)
<==    Updates: 1
Releasing transactional SqlSession [org.apache.ibatis.session.defaults.DefaultSqlSession@6e21b6f8]
Transaction synchronization committing SqlSession [org.apache.ibatis.session.defaults.DefaultSqlSession@6e21b6f8]
Transaction synchronization deregistering SqlSession [org.apache.ibatis.session.defaults.DefaultSqlSession@6e21b6f8]
Transaction synchronization closing SqlSession [org.apache.ibatis.session.defaults.DefaultSqlSession@6e21b6f8]
Creating a new SqlSession
Registering transaction synchronization for SqlSession [org.apache.ibatis.session.defaults.DefaultSqlSession@2ca3a203]
JDBC Connection [HikariProxyConnection@342139255 wrapping com.mysql.cj.jdbc.ConnectionImpl@247d44b4] will be managed by Spring
==>  Preparing: INSERT INTO `tb_post` (content, author_id, publish_at, last_update) VALUES (?, ?, ?, ?)
==> Parameters: 科技公司推出新应用程序，改善用户日常生活。(String), 22(Long), 2024-11-13T00:19:38.894786300(LocalDateTime), 2024-11-13T00:19:38.894786300(LocalDateTime)
<==    Updates: 1
Releasing transactional SqlSession [org.apache.ibatis.session.defaults.DefaultSqlSession@2ca3a203]
Transaction synchronization committing SqlSession [org.apache.ibatis.session.defaults.DefaultSqlSession@2ca3a203]
Transaction synchronization deregistering SqlSession [org.apache.ibatis.session.defaults.DefaultSqlSession@2ca3a203]
Transaction synchronization closing SqlSession [org.apache.ibatis.session.defaults.DefaultSqlSession@2ca3a203]
Creating a new SqlSession
Registering transaction synchronization for SqlSession [org.apache.ibatis.session.defaults.DefaultSqlSession@54c9c09c]
JDBC Connection [HikariProxyConnection@1406391812 wrapping com.mysql.cj.jdbc.ConnectionImpl@247d44b4] will be managed by Spring
==>  Preparing: INSERT INTO `tb_post` (content, author_id, publish_at, last_update) VALUES (?, ?, ?, ?)
==> Parameters: 本地政府推出新计划，支持小型企业发展。(String), 10(Long), 2024-11-13T00:19:38.913012400(LocalDateTime), 2024-11-13T00:19:38.913012400(LocalDateTime)
<==    Updates: 1
Releasing transactional SqlSession [org.apache.ibatis.session.defaults.DefaultSqlSession@54c9c09c]
Transaction synchronization committing SqlSession [org.apache.ibatis.session.defaults.DefaultSqlSession@54c9c09c]
Transaction synchronization deregistering SqlSession [org.apache.ibatis.session.defaults.DefaultSqlSession@54c9c09c]
Transaction synchronization closing SqlSession [org.apache.ibatis.session.defaults.DefaultSqlSession@54c9c09c]
Creating a new SqlSession
Registering transaction synchronization for SqlSession [org.apache.ibatis.session.defaults.DefaultSqlSession@6965c32]
JDBC Connection [HikariProxyConnection@1651397972 wrapping com.mysql.cj.jdbc.ConnectionImpl@247d44b4] will be managed by Spring
==>  Preparing: INSERT INTO `tb_post` (content, author_id, publish_at, last_update) VALUES (?, ?, ?, ?)
==> Parameters: 新研究表明：城市绿化有助于降低居民压力水平。(String), 72(Long), 2024-11-13T00:19:38.922014500(LocalDateTime), 2024-11-13T00:19:38.922014500(LocalDateTime)
<==    Updates: 1
Releasing transactional SqlSession [org.apache.ibatis.session.defaults.DefaultSqlSession@6965c32]
Transaction synchronization committing SqlSession [org.apache.ibatis.session.defaults.DefaultSqlSession@6965c32]
Transaction synchronization deregistering SqlSession [org.apache.ibatis.session.defaults.DefaultSqlSession@6965c32]
Transaction synchronization closing SqlSession [org.apache.ibatis.session.defaults.DefaultSqlSession@6965c32]
Creating a new SqlSession
Registering transaction synchronization for SqlSession [org.apache.ibatis.session.defaults.DefaultSqlSession@57dd4bc9]
JDBC Connection [HikariProxyConnection@870423529 wrapping com.mysql.cj.jdbc.ConnectionImpl@247d44b4] will be managed by Spring
==>  Preparing: INSERT INTO `tb_post` (content, author_id, publish_at, last_update) VALUES (?, ?, ?, ?)
==> Parameters: 国际体育赛事将在本市举行，预计将吸引数万观众。(String), 59(Long), 2024-11-13T00:19:38.930555500(LocalDateTime), 2024-11-13T00:19:38.930555500(LocalDateTime)
<==    Updates: 1
Releasing transactional SqlSession [org.apache.ibatis.session.defaults.DefaultSqlSession@57dd4bc9]
Transaction synchronization committing SqlSession [org.apache.ibatis.session.defaults.DefaultSqlSession@57dd4bc9]
Transaction synchronization deregistering SqlSession [org.apache.ibatis.session.defaults.DefaultSqlSession@57dd4bc9]
Transaction synchronization closing SqlSession [org.apache.ibatis.session.defaults.DefaultSqlSession@57dd4bc9]
Creating a new SqlSession
Registering transaction synchronization for SqlSession [org.apache.ibatis.session.defaults.DefaultSqlSession@5f6dd89c]
JDBC Connection [HikariProxyConnection@462507574 wrapping com.mysql.cj.jdbc.ConnectionImpl@247d44b4] will be managed by Spring
==>  Preparing: INSERT INTO `tb_post` (content, author_id, publish_at, last_update) VALUES (?, ?, ?, ?)
==> Parameters: 政府推出新教育政策，旨在提高学生的科学素养。(String), 19(Long), 2024-11-13T00:19:38.939555300(LocalDateTime), 2024-11-13T00:19:38.939555300(LocalDateTime)
<==    Updates: 1
Releasing transactional SqlSession [org.apache.ibatis.session.defaults.DefaultSqlSession@5f6dd89c]
Transaction synchronization committing SqlSession [org.apache.ibatis.session.defaults.DefaultSqlSession@5f6dd89c]
Transaction synchronization deregistering SqlSession [org.apache.ibatis.session.defaults.DefaultSqlSession@5f6dd89c]
Transaction synchronization closing SqlSession [org.apache.ibatis.session.defaults.DefaultSqlSession@5f6dd89c]
Creating a new SqlSession
Registering transaction synchronization for SqlSession [org.apache.ibatis.session.defaults.DefaultSqlSession@19740583]
JDBC Connection [HikariProxyConnection@1041340782 wrapping com.mysql.cj.jdbc.ConnectionImpl@247d44b4] will be managed by Spring
==>  Preparing: INSERT INTO `tb_post` (content, author_id, publish_at, last_update) VALUES (?, ?, ?, ?)
==> Parameters: 本地博物馆举办特别展览，探索古代文明。(String), 49(Long), 2024-11-13T00:19:38.945737200(LocalDateTime), 2024-11-13T00:19:38.945737200(LocalDateTime)
<==    Updates: 1
Releasing transactional SqlSession [org.apache.ibatis.session.defaults.DefaultSqlSession@19740583]
Transaction synchronization committing SqlSession [org.apache.ibatis.session.defaults.DefaultSqlSession@19740583]
Transaction synchronization deregistering SqlSession [org.apache.ibatis.session.defaults.DefaultSqlSession@19740583]
Transaction synchronization closing SqlSession [org.apache.ibatis.session.defaults.DefaultSqlSession@19740583]
Creating a new SqlSession
Registering transaction synchronization for SqlSession [org.apache.ibatis.session.defaults.DefaultSqlSession@64cbc28e]
JDBC Connection [HikariProxyConnection@1212327555 wrapping com.mysql.cj.jdbc.ConnectionImpl@247d44b4] will be managed by Spring
==>  Preparing: INSERT INTO `tb_post` (content, author_id, publish_at, last_update) VALUES (?, ?, ?, ?)
==> Parameters: 科技公司宣布新投资，以扩大其在本地的业务。(String), 51(Long), 2024-11-13T00:19:38.945737200(LocalDateTime), 2024-11-13T00:19:38.945737200(LocalDateTime)
<==    Updates: 1
Releasing transactional SqlSession [org.apache.ibatis.session.defaults.DefaultSqlSession@64cbc28e]
Transaction synchronization committing SqlSession [org.apache.ibatis.session.defaults.DefaultSqlSession@64cbc28e]
Transaction synchronization deregistering SqlSession [org.apache.ibatis.session.defaults.DefaultSqlSession@64cbc28e]
Transaction synchronization closing SqlSession [org.apache.ibatis.session.defaults.DefaultSqlSession@64cbc28e]
Creating a new SqlSession
Registering transaction synchronization for SqlSession [org.apache.ibatis.session.defaults.DefaultSqlSession@16c3e494]
JDBC Connection [HikariProxyConnection@793543665 wrapping com.mysql.cj.jdbc.ConnectionImpl@247d44b4] will be managed by Spring
==>  Preparing: INSERT INTO `tb_post` (content, author_id, publish_at, last_update) VALUES (?, ?, ?, ?)
==> Parameters: 新研究表明：社交互动对老年人的心理健康至关重要。(String), 82(Long), 2024-11-13T00:19:38.970098(LocalDateTime), 2024-11-13T00:19:38.970098(LocalDateTime)
<==    Updates: 1
Releasing transactional SqlSession [org.apache.ibatis.session.defaults.DefaultSqlSession@16c3e494]
Transaction synchronization committing SqlSession [org.apache.ibatis.session.defaults.DefaultSqlSession@16c3e494]
Transaction synchronization deregistering SqlSession [org.apache.ibatis.session.defaults.DefaultSqlSession@16c3e494]
Transaction synchronization closing SqlSession [org.apache.ibatis.session.defaults.DefaultSqlSession@16c3e494]
Creating a new SqlSession
Registering transaction synchronization for SqlSession [org.apache.ibatis.session.defaults.DefaultSqlSession@59eff566]
JDBC Connection [HikariProxyConnection@1340636345 wrapping com.mysql.cj.jdbc.ConnectionImpl@247d44b4] will be managed by Spring
==>  Preparing: INSERT INTO `tb_post` (content, author_id, publish_at, last_update) VALUES (?, ?, ?, ?)
==> Parameters: 政府推出新措施，以减少交通事故和提高道路安全。(String), 9(Long), 2024-11-13T00:19:38.979958600(LocalDateTime), 2024-11-13T00:19:38.979958600(LocalDateTime)
<==    Updates: 1
Releasing transactional SqlSession [org.apache.ibatis.session.defaults.DefaultSqlSession@59eff566]
Transaction synchronization committing SqlSession [org.apache.ibatis.session.defaults.DefaultSqlSession@59eff566]
Transaction synchronization deregistering SqlSession [org.apache.ibatis.session.defaults.DefaultSqlSession@59eff566]
Transaction synchronization closing SqlSession [org.apache.ibatis.session.defaults.DefaultSqlSession@59eff566]
Creating a new SqlSession
Registering transaction synchronization for SqlSession [org.apache.ibatis.session.defaults.DefaultSqlSession@672e4658]
JDBC Connection [HikariProxyConnection@202397970 wrapping com.mysql.cj.jdbc.ConnectionImpl@247d44b4] will be managed by Spring
==>  Preparing: INSERT INTO `tb_post` (content, author_id, publish_at, last_update) VALUES (?, ?, ?, ?)
==> Parameters: 本地剧院上演经典剧目，受到观众热烈欢迎。(String), 31(Long), 2024-11-13T00:19:38.989959900(LocalDateTime), 2024-11-13T00:19:38.989959900(LocalDateTime)
<==    Updates: 1
Releasing transactional SqlSession [org.apache.ibatis.session.defaults.DefaultSqlSession@672e4658]
Transaction synchronization committing SqlSession [org.apache.ibatis.session.defaults.DefaultSqlSession@672e4658]
Transaction synchronization deregistering SqlSession [org.apache.ibatis.session.defaults.DefaultSqlSession@672e4658]
Transaction synchronization closing SqlSession [org.apache.ibatis.session.defaults.DefaultSqlSession@672e4658]
Creating a new SqlSession
Registering transaction synchronization for SqlSession [org.apache.ibatis.session.defaults.DefaultSqlSession@58338338]
JDBC Connection [HikariProxyConnection@1771217223 wrapping com.mysql.cj.jdbc.ConnectionImpl@247d44b4] will be managed by Spring
==>  Preparing: INSERT INTO `tb_post` (content, author_id, publish_at, last_update) VALUES (?, ?, ?, ?)
==> Parameters: 国际环保组织呼吁采取行动，应对气候变化。(String), 81(Long), 2024-11-13T00:19:38.995405800(LocalDateTime), 2024-11-13T00:19:38.995405800(LocalDateTime)
<==    Updates: 1
Releasing transactional SqlSession [org.apache.ibatis.session.defaults.DefaultSqlSession@58338338]
Transaction synchronization committing SqlSession [org.apache.ibatis.session.defaults.DefaultSqlSession@58338338]
Transaction synchronization deregistering SqlSession [org.apache.ibatis.session.defaults.DefaultSqlSession@58338338]
Transaction synchronization closing SqlSession [org.apache.ibatis.session.defaults.DefaultSqlSession@58338338]
Creating a new SqlSession
Registering transaction synchronization for SqlSession [org.apache.ibatis.session.defaults.DefaultSqlSession@31048b3d]
JDBC Connection [HikariProxyConnection@361642617 wrapping com.mysql.cj.jdbc.ConnectionImpl@247d44b4] will be managed by Spring
==>  Preparing: INSERT INTO `tb_post` (content, author_id, publish_at, last_update) VALUES (?, ?, ?, ?)
==> Parameters: 科技公司发布新报告，展示其在可持续发展方面的进展。(String), 80(Long), 2024-11-13T00:19:39.010888900(LocalDateTime), 2024-11-13T00:19:39.010888900(LocalDateTime)
<==    Updates: 1
Releasing transactional SqlSession [org.apache.ibatis.session.defaults.DefaultSqlSession@31048b3d]
Transaction synchronization committing SqlSession [org.apache.ibatis.session.defaults.DefaultSqlSession@31048b3d]
Transaction synchronization deregistering SqlSession [org.apache.ibatis.session.defaults.DefaultSqlSession@31048b3d]
Transaction synchronization closing SqlSession [org.apache.ibatis.session.defaults.DefaultSqlSession@31048b3d]
Creating a new SqlSession
Registering transaction synchronization for SqlSession [org.apache.ibatis.session.defaults.DefaultSqlSession@267a0b6a]
JDBC Connection [HikariProxyConnection@1359191753 wrapping com.mysql.cj.jdbc.ConnectionImpl@247d44b4] will be managed by Spring
==>  Preparing: INSERT INTO `tb_post` (content, author_id, publish_at, last_update) VALUES (?, ?, ?, ?)
==> Parameters: 本地学校开展环保活动，教育学生保护环境。(String), 9(Long), 2024-11-13T00:19:39.020888400(LocalDateTime), 2024-11-13T00:19:39.020888400(LocalDateTime)
<==    Updates: 1
Releasing transactional SqlSession [org.apache.ibatis.session.defaults.DefaultSqlSession@267a0b6a]
Transaction synchronization committing SqlSession [org.apache.ibatis.session.defaults.DefaultSqlSession@267a0b6a]
Transaction synchronization deregistering SqlSession [org.apache.ibatis.session.defaults.DefaultSqlSession@267a0b6a]
Transaction synchronization closing SqlSession [org.apache.ibatis.session.defaults.DefaultSqlSession@267a0b6a]
Creating a new SqlSession
Registering transaction synchronization for SqlSession [org.apache.ibatis.session.defaults.DefaultSqlSession@3f1dadeb]
JDBC Connection [HikariProxyConnection@1585558534 wrapping com.mysql.cj.jdbc.ConnectionImpl@247d44b4] will be managed by Spring
==>  Preparing: INSERT INTO `tb_post` (content, author_id, publish_at, last_update) VALUES (?, ?, ?, ?)
==> Parameters: 新药物试验成功，为治疗罕见疾病带来希望。(String), 5(Long), 2024-11-13T00:19:39.029785100(LocalDateTime), 2024-11-13T00:19:39.029785100(LocalDateTime)
<==    Updates: 1
Releasing transactional SqlSession [org.apache.ibatis.session.defaults.DefaultSqlSession@3f1dadeb]
Transaction synchronization committing SqlSession [org.apache.ibatis.session.defaults.DefaultSqlSession@3f1dadeb]
Transaction synchronization deregistering SqlSession [org.apache.ibatis.session.defaults.DefaultSqlSession@3f1dadeb]
Transaction synchronization closing SqlSession [org.apache.ibatis.session.defaults.DefaultSqlSession@3f1dadeb]
Creating a new SqlSession
Registering transaction synchronization for SqlSession [org.apache.ibatis.session.defaults.DefaultSqlSession@336b7da4]
JDBC Connection [HikariProxyConnection@511291644 wrapping com.mysql.cj.jdbc.ConnectionImpl@247d44b4] will be managed by Spring
==>  Preparing: INSERT INTO `tb_post` (content, author_id, publish_at, last_update) VALUES (?, ?, ?, ?)
==> Parameters: 政府推出新计划，以支持农业和农村发展。(String), 29(Long), 2024-11-13T00:19:39.034782200(LocalDateTime), 2024-11-13T00:19:39.034782200(LocalDateTime)
<==    Updates: 1
Releasing transactional SqlSession [org.apache.ibatis.session.defaults.DefaultSqlSession@336b7da4]
Transaction synchronization committing SqlSession [org.apache.ibatis.session.defaults.DefaultSqlSession@336b7da4]
Transaction synchronization deregistering SqlSession [org.apache.ibatis.session.defaults.DefaultSqlSession@336b7da4]
Transaction synchronization closing SqlSession [org.apache.ibatis.session.defaults.DefaultSqlSession@336b7da4]
Creating a new SqlSession
Registering transaction synchronization for SqlSession [org.apache.ibatis.session.defaults.DefaultSqlSession@70c3c5d7]
JDBC Connection [HikariProxyConnection@1384149246 wrapping com.mysql.cj.jdbc.ConnectionImpl@247d44b4] will be managed by Spring
==>  Preparing: INSERT INTO `tb_post` (content, author_id, publish_at, last_update) VALUES (?, ?, ?, ?)
==> Parameters: 本地艺术家获得国际奖项，表彰其在艺术领域的贡献。(String), 85(Long), 2024-11-13T00:19:39.039785300(LocalDateTime), 2024-11-13T00:19:39.039785300(LocalDateTime)
<==    Updates: 1
Releasing transactional SqlSession [org.apache.ibatis.session.defaults.DefaultSqlSession@70c3c5d7]
Transaction synchronization committing SqlSession [org.apache.ibatis.session.defaults.DefaultSqlSession@70c3c5d7]
Transaction synchronization deregistering SqlSession [org.apache.ibatis.session.defaults.DefaultSqlSession@70c3c5d7]
Transaction synchronization closing SqlSession [org.apache.ibatis.session.defaults.DefaultSqlSession@70c3c5d7]
Creating a new SqlSession
Registering transaction synchronization for SqlSession [org.apache.ibatis.session.defaults.DefaultSqlSession@36134f3]
JDBC Connection [HikariProxyConnection@1406008073 wrapping com.mysql.cj.jdbc.ConnectionImpl@247d44b4] will be managed by Spring
==>  Preparing: INSERT INTO `tb_post` (content, author_id, publish_at, last_update) VALUES (?, ?, ?, ?)
==> Parameters: 新研究表明：改善睡眠质量有助于提高学习效率。(String), 8(Long), 2024-11-13T00:19:39.042717500(LocalDateTime), 2024-11-13T00:19:39.042717500(LocalDateTime)
<==    Updates: 1
Releasing transactional SqlSession [org.apache.ibatis.session.defaults.DefaultSqlSession@36134f3]
Transaction synchronization committing SqlSession [org.apache.ibatis.session.defaults.DefaultSqlSession@36134f3]
Transaction synchronization deregistering SqlSession [org.apache.ibatis.session.defaults.DefaultSqlSession@36134f3]
Transaction synchronization closing SqlSession [org.apache.ibatis.session.defaults.DefaultSqlSession@36134f3]
Creating a new SqlSession
Registering transaction synchronization for SqlSession [org.apache.ibatis.session.defaults.DefaultSqlSession@457547a1]
JDBC Connection [HikariProxyConnection@671920308 wrapping com.mysql.cj.jdbc.ConnectionImpl@247d44b4] will be managed by Spring
==>  Preparing: INSERT INTO `tb_post` (content, author_id, publish_at, last_update) VALUES (?, ?, ?, ?)
==> Parameters: 政府投资新交通项目，以提高城市流动性。(String), 31(Long), 2024-11-13T00:19:39.042717500(LocalDateTime), 2024-11-13T00:19:39.042717500(LocalDateTime)
<==    Updates: 1
Releasing transactional SqlSession [org.apache.ibatis.session.defaults.DefaultSqlSession@457547a1]
Transaction synchronization committing SqlSession [org.apache.ibatis.session.defaults.DefaultSqlSession@457547a1]
Transaction synchronization deregistering SqlSession [org.apache.ibatis.session.defaults.DefaultSqlSession@457547a1]
Transaction synchronization closing SqlSession [org.apache.ibatis.session.defaults.DefaultSqlSession@457547a1]
Creating a new SqlSession
Registering transaction synchronization for SqlSession [org.apache.ibatis.session.defaults.DefaultSqlSession@61a369cf]
JDBC Connection [HikariProxyConnection@1706840265 wrapping com.mysql.cj.jdbc.ConnectionImpl@247d44b4] will be managed by Spring
==>  Preparing: INSERT INTO `tb_post` (content, author_id, publish_at, last_update) VALUES (?, ?, ?, ?)
==> Parameters: 本地社区举办文化节，庆祝多元文化。(String), 89(Long), 2024-11-13T00:19:39.042717500(LocalDateTime), 2024-11-13T00:19:39.042717500(LocalDateTime)
<==    Updates: 1
Releasing transactional SqlSession [org.apache.ibatis.session.defaults.DefaultSqlSession@61a369cf]
Transaction synchronization committing SqlSession [org.apache.ibatis.session.defaults.DefaultSqlSession@61a369cf]
Transaction synchronization deregistering SqlSession [org.apache.ibatis.session.defaults.DefaultSqlSession@61a369cf]
Transaction synchronization closing SqlSession [org.apache.ibatis.session.defaults.DefaultSqlSession@61a369cf]
Creating a new SqlSession
Registering transaction synchronization for SqlSession [org.apache.ibatis.session.defaults.DefaultSqlSession@12b962b1]
JDBC Connection [HikariProxyConnection@772070337 wrapping com.mysql.cj.jdbc.ConnectionImpl@247d44b4] will be managed by Spring
==>  Preparing: INSERT INTO `tb_post` (content, author_id, publish_at, last_update) VALUES (?, ?, ?, ?)
==> Parameters: 国际科学家团队在基因编辑技术方面取得新进展。(String), 68(Long), 2024-11-13T00:19:39.064076600(LocalDateTime), 2024-11-13T00:19:39.064076600(LocalDateTime)
<==    Updates: 1
Releasing transactional SqlSession [org.apache.ibatis.session.defaults.DefaultSqlSession@12b962b1]
Transaction synchronization committing SqlSession [org.apache.ibatis.session.defaults.DefaultSqlSession@12b962b1]
Transaction synchronization deregistering SqlSession [org.apache.ibatis.session.defaults.DefaultSqlSession@12b962b1]
Transaction synchronization closing SqlSession [org.apache.ibatis.session.defaults.DefaultSqlSession@12b962b1]
Creating a new SqlSession
Registering transaction synchronization for SqlSession [org.apache.ibatis.session.defaults.DefaultSqlSession@3e1c566d]
JDBC Connection [HikariProxyConnection@1026064252 wrapping com.mysql.cj.jdbc.ConnectionImpl@247d44b4] will be managed by Spring
==>  Preparing: INSERT INTO `tb_post` (content, author_id, publish_at, last_update) VALUES (?, ?, ?, ?)
==> Parameters: 科技公司推出新服务，以提高客户满意度。(String), 3(Long), 2024-11-13T00:19:39.070077(LocalDateTime), 2024-11-13T00:19:39.070077(LocalDateTime)
<==    Updates: 1
Releasing transactional SqlSession [org.apache.ibatis.session.defaults.DefaultSqlSession@3e1c566d]
Transaction synchronization committing SqlSession [org.apache.ibatis.session.defaults.DefaultSqlSession@3e1c566d]
Transaction synchronization deregistering SqlSession [org.apache.ibatis.session.defaults.DefaultSqlSession@3e1c566d]
Transaction synchronization closing SqlSession [org.apache.ibatis.session.defaults.DefaultSqlSession@3e1c566d]
Creating a new SqlSession
Registering transaction synchronization for SqlSession [org.apache.ibatis.session.defaults.DefaultSqlSession@5d16bb07]
JDBC Connection [HikariProxyConnection@907191821 wrapping com.mysql.cj.jdbc.ConnectionImpl@247d44b4] will be managed by Spring
==>  Preparing: INSERT INTO `tb_post` (content, author_id, publish_at, last_update) VALUES (?, ?, ?, ?)
==> Parameters: 本地政府推出新计划，以减少城市贫困。(String), 64(Long), 2024-11-13T00:19:39.076261300(LocalDateTime), 2024-11-13T00:19:39.076261300(LocalDateTime)
<==    Updates: 1
Releasing transactional SqlSession [org.apache.ibatis.session.defaults.DefaultSqlSession@5d16bb07]
Transaction synchronization committing SqlSession [org.apache.ibatis.session.defaults.DefaultSqlSession@5d16bb07]
Transaction synchronization deregistering SqlSession [org.apache.ibatis.session.defaults.DefaultSqlSession@5d16bb07]
Transaction synchronization closing SqlSession [org.apache.ibatis.session.defaults.DefaultSqlSession@5d16bb07]
Creating a new SqlSession
Registering transaction synchronization for SqlSession [org.apache.ibatis.session.defaults.DefaultSqlSession@77c4aeb6]
JDBC Connection [HikariProxyConnection@134432690 wrapping com.mysql.cj.jdbc.ConnectionImpl@247d44b4] will be managed by Spring
==>  Preparing: INSERT INTO `tb_post` (content, author_id, publish_at, last_update) VALUES (?, ?, ?, ?)
==> Parameters: 新研究表明：户外活动对儿童发展有益。(String), 20(Long), 2024-11-13T00:19:39.081924300(LocalDateTime), 2024-11-13T00:19:39.081924300(LocalDateTime)
<==    Updates: 1
Releasing transactional SqlSession [org.apache.ibatis.session.defaults.DefaultSqlSession@77c4aeb6]
Transaction synchronization committing SqlSession [org.apache.ibatis.session.defaults.DefaultSqlSession@77c4aeb6]
Transaction synchronization deregistering SqlSession [org.apache.ibatis.session.defaults.DefaultSqlSession@77c4aeb6]
Transaction synchronization closing SqlSession [org.apache.ibatis.session.defaults.DefaultSqlSession@77c4aeb6]
Creating a new SqlSession
Registering transaction synchronization for SqlSession [org.apache.ibatis.session.defaults.DefaultSqlSession@220a7f95]
JDBC Connection [HikariProxyConnection@206750562 wrapping com.mysql.cj.jdbc.ConnectionImpl@247d44b4] will be managed by Spring
==>  Preparing: INSERT INTO `tb_post` (content, author_id, publish_at, last_update) VALUES (?, ?, ?, ?)
==> Parameters: 国际会议召开，讨论全球健康问题。(String), 50(Long), 2024-11-13T00:19:39.087924600(LocalDateTime), 2024-11-13T00:19:39.087924600(LocalDateTime)
<==    Updates: 1
Releasing transactional SqlSession [org.apache.ibatis.session.defaults.DefaultSqlSession@220a7f95]
Transaction synchronization committing SqlSession [org.apache.ibatis.session.defaults.DefaultSqlSession@220a7f95]
Transaction synchronization deregistering SqlSession [org.apache.ibatis.session.defaults.DefaultSqlSession@220a7f95]
Transaction synchronization closing SqlSession [org.apache.ibatis.session.defaults.DefaultSqlSession@220a7f95]
Creating a new SqlSession
Registering transaction synchronization for SqlSession [org.apache.ibatis.session.defaults.DefaultSqlSession@a49cdd6]
JDBC Connection [HikariProxyConnection@630085121 wrapping com.mysql.cj.jdbc.ConnectionImpl@247d44b4] will be managed by Spring
==>  Preparing: INSERT INTO `tb_post` (content, author_id, publish_at, last_update) VALUES (?, ?, ?, ?)
==> Parameters: 本地企业推出新产品，以满足市场需求。(String), 86(Long), 2024-11-13T00:19:39.092728300(LocalDateTime), 2024-11-13T00:19:39.092728300(LocalDateTime)
<==    Updates: 1
Releasing transactional SqlSession [org.apache.ibatis.session.defaults.DefaultSqlSession@a49cdd6]
Transaction synchronization committing SqlSession [org.apache.ibatis.session.defaults.DefaultSqlSession@a49cdd6]
Transaction synchronization deregistering SqlSession [org.apache.ibatis.session.defaults.DefaultSqlSession@a49cdd6]
Transaction synchronization closing SqlSession [org.apache.ibatis.session.defaults.DefaultSqlSession@a49cdd6]
Creating a new SqlSession
Registering transaction synchronization for SqlSession [org.apache.ibatis.session.defaults.DefaultSqlSession@5e2abb58]
JDBC Connection [HikariProxyConnection@1385926209 wrapping com.mysql.cj.jdbc.ConnectionImpl@247d44b4] will be managed by Spring
==>  Preparing: INSERT INTO `tb_post` (content, author_id, publish_at, last_update) VALUES (?, ?, ?, ?)
==> Parameters: 政府推出新政策，以提高能源效率和减少污染。(String), 81(Long), 2024-11-13T00:19:39.092728300(LocalDateTime), 2024-11-13T00:19:39.092728300(LocalDateTime)
<==    Updates: 1
Releasing transactional SqlSession [org.apache.ibatis.session.defaults.DefaultSqlSession@5e2abb58]
Transaction synchronization committing SqlSession [org.apache.ibatis.session.defaults.DefaultSqlSession@5e2abb58]
Transaction synchronization deregistering SqlSession [org.apache.ibatis.session.defaults.DefaultSqlSession@5e2abb58]
Transaction synchronization closing SqlSession [org.apache.ibatis.session.defaults.DefaultSqlSession@5e2abb58]
Creating a new SqlSession
Registering transaction synchronization for SqlSession [org.apache.ibatis.session.defaults.DefaultSqlSession@4bda93f1]
JDBC Connection [HikariProxyConnection@182755121 wrapping com.mysql.cj.jdbc.ConnectionImpl@247d44b4] will be managed by Spring
==>  Preparing: INSERT INTO `tb_post` (content, author_id, publish_at, last_update) VALUES (?, ?, ?, ?)
==> Parameters: 本地慈善组织举办筹款活动，以支持弱势群体。(String), 42(Long), 2024-11-13T00:19:39.109986100(LocalDateTime), 2024-11-13T00:19:39.109986100(LocalDateTime)
<==    Updates: 1
Releasing transactional SqlSession [org.apache.ibatis.session.defaults.DefaultSqlSession@4bda93f1]
Transaction synchronization committing SqlSession [org.apache.ibatis.session.defaults.DefaultSqlSession@4bda93f1]
Transaction synchronization deregistering SqlSession [org.apache.ibatis.session.defaults.DefaultSqlSession@4bda93f1]
Transaction synchronization closing SqlSession [org.apache.ibatis.session.defaults.DefaultSqlSession@4bda93f1]
Creating a new SqlSession
Registering transaction synchronization for SqlSession [org.apache.ibatis.session.defaults.DefaultSqlSession@2778a7c3]
JDBC Connection [HikariProxyConnection@1681475537 wrapping com.mysql.cj.jdbc.ConnectionImpl@247d44b4] will be managed by Spring
==>  Preparing: INSERT INTO `tb_post` (content, author_id, publish_at, last_update) VALUES (?, ?, ?, ?)
==> Parameters: 国际研究团队在气候变化研究方面取得新发现。(String), 54(Long), 2024-11-13T00:19:39.121986(LocalDateTime), 2024-11-13T00:19:39.121986(LocalDateTime)
<==    Updates: 1
Releasing transactional SqlSession [org.apache.ibatis.session.defaults.DefaultSqlSession@2778a7c3]
Transaction synchronization committing SqlSession [org.apache.ibatis.session.defaults.DefaultSqlSession@2778a7c3]
Transaction synchronization deregistering SqlSession [org.apache.ibatis.session.defaults.DefaultSqlSession@2778a7c3]
Transaction synchronization closing SqlSession [org.apache.ibatis.session.defaults.DefaultSqlSession@2778a7c3]
Creating a new SqlSession
Registering transaction synchronization for SqlSession [org.apache.ibatis.session.defaults.DefaultSqlSession@724a80d2]
JDBC Connection [HikariProxyConnection@1420479431 wrapping com.mysql.cj.jdbc.ConnectionImpl@247d44b4] will be managed by Spring
==>  Preparing: INSERT INTO `tb_post` (content, author_id, publish_at, last_update) VALUES (?, ?, ?, ?)
==> Parameters: 新法律通过，以保护濒危动物和植物。(String), 50(Long), 2024-11-13T00:19:39.131693500(LocalDateTime), 2024-11-13T00:19:39.131693500(LocalDateTime)
<==    Updates: 1
Releasing transactional SqlSession [org.apache.ibatis.session.defaults.DefaultSqlSession@724a80d2]
Transaction synchronization committing SqlSession [org.apache.ibatis.session.defaults.DefaultSqlSession@724a80d2]
Transaction synchronization deregistering SqlSession [org.apache.ibatis.session.defaults.DefaultSqlSession@724a80d2]
Transaction synchronization closing SqlSession [org.apache.ibatis.session.defaults.DefaultSqlSession@724a80d2]
Creating a new SqlSession
Registering transaction synchronization for SqlSession [org.apache.ibatis.session.defaults.DefaultSqlSession@79f6b43a]
JDBC Connection [HikariProxyConnection@147858747 wrapping com.mysql.cj.jdbc.ConnectionImpl@247d44b4] will be managed by Spring
==>  Preparing: INSERT INTO `tb_post` (content, author_id, publish_at, last_update) VALUES (?, ?, ?, ?)
==> Parameters: 本地体育队在国际比赛中取得优异成绩。(String), 49(Long), 2024-11-13T00:19:39.141693(LocalDateTime), 2024-11-13T00:19:39.141693(LocalDateTime)
<==    Updates: 1
Releasing transactional SqlSession [org.apache.ibatis.session.defaults.DefaultSqlSession@79f6b43a]
Transaction synchronization committing SqlSession [org.apache.ibatis.session.defaults.DefaultSqlSession@79f6b43a]
Transaction synchronization deregistering SqlSession [org.apache.ibatis.session.defaults.DefaultSqlSession@79f6b43a]
Transaction synchronization closing SqlSession [org.apache.ibatis.session.defaults.DefaultSqlSession@79f6b43a]
Creating a new SqlSession
Registering transaction synchronization for SqlSession [org.apache.ibatis.session.defaults.DefaultSqlSession@3de507af]
JDBC Connection [HikariProxyConnection@880242857 wrapping com.mysql.cj.jdbc.ConnectionImpl@247d44b4] will be managed by Spring
==>  Preparing: INSERT INTO `tb_post` (content, author_id, publish_at, last_update) VALUES (?, ?, ?, ?)
==> Parameters: 政府推出新计划，以提高公共教育质量。(String), 46(Long), 2024-11-13T00:19:39.145634200(LocalDateTime), 2024-11-13T00:19:39.145634200(LocalDateTime)
<==    Updates: 1
Releasing transactional SqlSession [org.apache.ibatis.session.defaults.DefaultSqlSession@3de507af]
Transaction synchronization committing SqlSession [org.apache.ibatis.session.defaults.DefaultSqlSession@3de507af]
Transaction synchronization deregistering SqlSession [org.apache.ibatis.session.defaults.DefaultSqlSession@3de507af]
Transaction synchronization closing SqlSession [org.apache.ibatis.session.defaults.DefaultSqlSession@3de507af]
Creating a new SqlSession
Registering transaction synchronization for SqlSession [org.apache.ibatis.session.defaults.DefaultSqlSession@28ec92c9]
JDBC Connection [HikariProxyConnection@2005496222 wrapping com.mysql.cj.jdbc.ConnectionImpl@247d44b4] will be managed by Spring
==>  Preparing: INSERT INTO `tb_post` (content, author_id, publish_at, last_update) VALUES (?, ?, ?, ?)
==> Parameters: 科技公司宣布新合作，以开发新能源技术。(String), 74(Long), 2024-11-13T00:19:39.162031100(LocalDateTime), 2024-11-13T00:19:39.162031100(LocalDateTime)
<==    Updates: 1
Releasing transactional SqlSession [org.apache.ibatis.session.defaults.DefaultSqlSession@28ec92c9]
Transaction synchronization committing SqlSession [org.apache.ibatis.session.defaults.DefaultSqlSession@28ec92c9]
Transaction synchronization deregistering SqlSession [org.apache.ibatis.session.defaults.DefaultSqlSession@28ec92c9]
Transaction synchronization closing SqlSession [org.apache.ibatis.session.defaults.DefaultSqlSession@28ec92c9]
Creating a new SqlSession
Registering transaction synchronization for SqlSession [org.apache.ibatis.session.defaults.DefaultSqlSession@3edb09b9]
JDBC Connection [HikariProxyConnection@78614515 wrapping com.mysql.cj.jdbc.ConnectionImpl@247d44b4] will be managed by Spring
==>  Preparing: INSERT INTO `tb_post` (content, author_id, publish_at, last_update) VALUES (?, ?, ?, ?)
==> Parameters: 本地艺术家举办展览，展示其最新作品。(String), 42(Long), 2024-11-13T00:19:39.171027700(LocalDateTime), 2024-11-13T00:19:39.171027700(LocalDateTime)
<==    Updates: 1
Releasing transactional SqlSession [org.apache.ibatis.session.defaults.DefaultSqlSession@3edb09b9]
Transaction synchronization committing SqlSession [org.apache.ibatis.session.defaults.DefaultSqlSession@3edb09b9]
Transaction synchronization deregistering SqlSession [org.apache.ibatis.session.defaults.DefaultSqlSession@3edb09b9]
Transaction synchronization closing SqlSession [org.apache.ibatis.session.defaults.DefaultSqlSession@3edb09b9]
Creating a new SqlSession
Registering transaction synchronization for SqlSession [org.apache.ibatis.session.defaults.DefaultSqlSession@b257072]
JDBC Connection [HikariProxyConnection@458308840 wrapping com.mysql.cj.jdbc.ConnectionImpl@247d44b4] will be managed by Spring
==>  Preparing: INSERT INTO `tb_post` (content, author_id, publish_at, last_update) VALUES (?, ?, ?, ?)
==> Parameters: 新研究表明：艺术教育对儿童认知发展有积极影响。(String), 99(Long), 2024-11-13T00:19:39.179740700(LocalDateTime), 2024-11-13T00:19:39.179740700(LocalDateTime)
<==    Updates: 1
Releasing transactional SqlSession [org.apache.ibatis.session.defaults.DefaultSqlSession@b257072]
Transaction synchronization committing SqlSession [org.apache.ibatis.session.defaults.DefaultSqlSession@b257072]
Transaction synchronization deregistering SqlSession [org.apache.ibatis.session.defaults.DefaultSqlSession@b257072]
Transaction synchronization closing SqlSession [org.apache.ibatis.session.defaults.DefaultSqlSession@b257072]
Creating a new SqlSession
Registering transaction synchronization for SqlSession [org.apache.ibatis.session.defaults.DefaultSqlSession@297bbd41]
JDBC Connection [HikariProxyConnection@1740832605 wrapping com.mysql.cj.jdbc.ConnectionImpl@247d44b4] will be managed by Spring
==>  Preparing: INSERT INTO `tb_post` (content, author_id, publish_at, last_update) VALUES (?, ?, ?, ?)
==> Parameters: 政府推出新措施，以提高公共卫生水平。(String), 95(Long), 2024-11-13T00:19:39.189738900(LocalDateTime), 2024-11-13T00:19:39.189738900(LocalDateTime)
<==    Updates: 1
Releasing transactional SqlSession [org.apache.ibatis.session.defaults.DefaultSqlSession@297bbd41]
Transaction synchronization committing SqlSession [org.apache.ibatis.session.defaults.DefaultSqlSession@297bbd41]
Transaction synchronization deregistering SqlSession [org.apache.ibatis.session.defaults.DefaultSqlSession@297bbd41]
Transaction synchronization closing SqlSession [org.apache.ibatis.session.defaults.DefaultSqlSession@297bbd41]
Creating a new SqlSession
Registering transaction synchronization for SqlSession [org.apache.ibatis.session.defaults.DefaultSqlSession@1d0590bc]
JDBC Connection [HikariProxyConnection@47086915 wrapping com.mysql.cj.jdbc.ConnectionImpl@247d44b4] will be managed by Spring
==>  Preparing: INSERT INTO `tb_post` (content, author_id, publish_at, last_update) VALUES (?, ?, ?, ?)
==> Parameters: 本地社区中心举办健康讲座，提高居民健康意识。(String), 4(Long), 2024-11-13T00:19:39.192702200(LocalDateTime), 2024-11-13T00:19:39.192702200(LocalDateTime)
<==    Updates: 1
Releasing transactional SqlSession [org.apache.ibatis.session.defaults.DefaultSqlSession@1d0590bc]
Transaction synchronization committing SqlSession [org.apache.ibatis.session.defaults.DefaultSqlSession@1d0590bc]
Transaction synchronization deregistering SqlSession [org.apache.ibatis.session.defaults.DefaultSqlSession@1d0590bc]
Transaction synchronization closing SqlSession [org.apache.ibatis.session.defaults.DefaultSqlSession@1d0590bc]
Creating a new SqlSession
Registering transaction synchronization for SqlSession [org.apache.ibatis.session.defaults.DefaultSqlSession@16576a6]
JDBC Connection [HikariProxyConnection@499013935 wrapping com.mysql.cj.jdbc.ConnectionImpl@247d44b4] will be managed by Spring
==>  Preparing: INSERT INTO `tb_post` (content, author_id, publish_at, last_update) VALUES (?, ?, ?, ?)
==> Parameters: 国际科学家团队在新材料研究方面取得突破。(String), 58(Long), 2024-11-13T00:19:39.192702200(LocalDateTime), 2024-11-13T00:19:39.192702200(LocalDateTime)
<==    Updates: 1
Releasing transactional SqlSession [org.apache.ibatis.session.defaults.DefaultSqlSession@16576a6]
Transaction synchronization committing SqlSession [org.apache.ibatis.session.defaults.DefaultSqlSession@16576a6]
Transaction synchronization deregistering SqlSession [org.apache.ibatis.session.defaults.DefaultSqlSession@16576a6]
Transaction synchronization closing SqlSession [org.apache.ibatis.session.defaults.DefaultSqlSession@16576a6]
Creating a new SqlSession
Registering transaction synchronization for SqlSession [org.apache.ibatis.session.defaults.DefaultSqlSession@158f0af4]
JDBC Connection [HikariProxyConnection@2055411450 wrapping com.mysql.cj.jdbc.ConnectionImpl@247d44b4] will be managed by Spring
==>  Preparing: INSERT INTO `tb_post` (content, author_id, publish_at, last_update) VALUES (?, ?, ?, ?)
==> Parameters: 新法律通过，以保护消费者权益。(String), 75(Long), 2024-11-13T00:19:39.218860100(LocalDateTime), 2024-11-13T00:19:39.218860100(LocalDateTime)
<==    Updates: 1
Releasing transactional SqlSession [org.apache.ibatis.session.defaults.DefaultSqlSession@158f0af4]
Transaction synchronization committing SqlSession [org.apache.ibatis.session.defaults.DefaultSqlSession@158f0af4]
Transaction synchronization deregistering SqlSession [org.apache.ibatis.session.defaults.DefaultSqlSession@158f0af4]
Transaction synchronization closing SqlSession [org.apache.ibatis.session.defaults.DefaultSqlSession@158f0af4]
Creating a new SqlSession
Registering transaction synchronization for SqlSession [org.apache.ibatis.session.defaults.DefaultSqlSession@29fa465a]
JDBC Connection [HikariProxyConnection@491239265 wrapping com.mysql.cj.jdbc.ConnectionImpl@247d44b4] will be managed by Spring
==>  Preparing: INSERT INTO `tb_post` (content, author_id, publish_at, last_update) VALUES (?, ?, ?, ?)
==> Parameters: 本地医院开展健康促进活动，提高居民健康水平。(String), 76(Long), 2024-11-13T00:19:39.227579200(LocalDateTime), 2024-11-13T00:19:39.227579200(LocalDateTime)
<==    Updates: 1
Releasing transactional SqlSession [org.apache.ibatis.session.defaults.DefaultSqlSession@29fa465a]
Transaction synchronization committing SqlSession [org.apache.ibatis.session.defaults.DefaultSqlSession@29fa465a]
Transaction synchronization deregistering SqlSession [org.apache.ibatis.session.defaults.DefaultSqlSession@29fa465a]
Transaction synchronization closing SqlSession [org.apache.ibatis.session.defaults.DefaultSqlSession@29fa465a]
Creating a new SqlSession
Registering transaction synchronization for SqlSession [org.apache.ibatis.session.defaults.DefaultSqlSession@58f27c37]
JDBC Connection [HikariProxyConnection@1052048853 wrapping com.mysql.cj.jdbc.ConnectionImpl@247d44b4] will be managed by Spring
==>  Preparing: INSERT INTO `tb_post` (content, author_id, publish_at, last_update) VALUES (?, ?, ?, ?)
==> Parameters: 国际合作项目启动，旨在提高全球教育质量。(String), 26(Long), 2024-11-13T00:19:39.236576600(LocalDateTime), 2024-11-13T00:19:39.236576600(LocalDateTime)
<==    Updates: 1
Releasing transactional SqlSession [org.apache.ibatis.session.defaults.DefaultSqlSession@58f27c37]
Transaction synchronization committing SqlSession [org.apache.ibatis.session.defaults.DefaultSqlSession@58f27c37]
Transaction synchronization deregistering SqlSession [org.apache.ibatis.session.defaults.DefaultSqlSession@58f27c37]
Transaction synchronization closing SqlSession [org.apache.ibatis.session.defaults.DefaultSqlSession@58f27c37]
Creating a new SqlSession
Registering transaction synchronization for SqlSession [org.apache.ibatis.session.defaults.DefaultSqlSession@5b5f48d5]
JDBC Connection [HikariProxyConnection@1663265128 wrapping com.mysql.cj.jdbc.ConnectionImpl@247d44b4] will be managed by Spring
==>  Preparing: INSERT INTO `tb_post` (content, author_id, publish_at, last_update) VALUES (?, ?, ?, ?)
==> Parameters: 科技公司推出新工具，以提高工作效率。(String), 36(Long), 2024-11-13T00:19:39.242676200(LocalDateTime), 2024-11-13T00:19:39.242676200(LocalDateTime)
<==    Updates: 1
Releasing transactional SqlSession [org.apache.ibatis.session.defaults.DefaultSqlSession@5b5f48d5]
Transaction synchronization committing SqlSession [org.apache.ibatis.session.defaults.DefaultSqlSession@5b5f48d5]
Transaction synchronization deregistering SqlSession [org.apache.ibatis.session.defaults.DefaultSqlSession@5b5f48d5]
Transaction synchronization closing SqlSession [org.apache.ibatis.session.defaults.DefaultSqlSession@5b5f48d5]
Creating a new SqlSession
Registering transaction synchronization for SqlSession [org.apache.ibatis.session.defaults.DefaultSqlSession@4e0a5606]
JDBC Connection [HikariProxyConnection@43379081 wrapping com.mysql.cj.jdbc.ConnectionImpl@247d44b4] will be managed by Spring
==>  Preparing: INSERT INTO `tb_post` (content, author_id, publish_at, last_update) VALUES (?, ?, ?, ?)
==> Parameters: 本地政府推出新计划，以支持文化和艺术发展。(String), 67(Long), 2024-11-13T00:19:39.242676200(LocalDateTime), 2024-11-13T00:19:39.242676200(LocalDateTime)
<==    Updates: 1
Releasing transactional SqlSession [org.apache.ibatis.session.defaults.DefaultSqlSession@4e0a5606]
Transaction synchronization committing SqlSession [org.apache.ibatis.session.defaults.DefaultSqlSession@4e0a5606]
Transaction synchronization deregistering SqlSession [org.apache.ibatis.session.defaults.DefaultSqlSession@4e0a5606]
Transaction synchronization closing SqlSession [org.apache.ibatis.session.defaults.DefaultSqlSession@4e0a5606]
Creating a new SqlSession
Registering transaction synchronization for SqlSession [org.apache.ibatis.session.defaults.DefaultSqlSession@2aec09a3]
JDBC Connection [HikariProxyConnection@1194164020 wrapping com.mysql.cj.jdbc.ConnectionImpl@247d44b4] will be managed by Spring
==>  Preparing: INSERT INTO `tb_post` (content, author_id, publish_at, last_update) VALUES (?, ?, ?, ?)
==> Parameters: 新研究表明：积极心态有助于提高生活质量。(String), 62(Long), 2024-11-13T00:19:39.242676200(LocalDateTime), 2024-11-13T00:19:39.242676200(LocalDateTime)
<==    Updates: 1
Releasing transactional SqlSession [org.apache.ibatis.session.defaults.DefaultSqlSession@2aec09a3]
Transaction synchronization committing SqlSession [org.apache.ibatis.session.defaults.DefaultSqlSession@2aec09a3]
Transaction synchronization deregistering SqlSession [org.apache.ibatis.session.defaults.DefaultSqlSession@2aec09a3]
Transaction synchronization closing SqlSession [org.apache.ibatis.session.defaults.DefaultSqlSession@2aec09a3]
Creating a new SqlSession
Registering transaction synchronization for SqlSession [org.apache.ibatis.session.defaults.DefaultSqlSession@23b62cc3]
JDBC Connection [HikariProxyConnection@495117206 wrapping com.mysql.cj.jdbc.ConnectionImpl@247d44b4] will be managed by Spring
==>  Preparing: INSERT INTO `tb_post` (content, author_id, publish_at, last_update) VALUES (?, ?, ?, ?)
==> Parameters: 国际会议召开，讨论全球贸易和投资。(String), 97(Long), 2024-11-13T00:19:39.259464500(LocalDateTime), 2024-11-13T00:19:39.259464500(LocalDateTime)
<==    Updates: 1
Releasing transactional SqlSession [org.apache.ibatis.session.defaults.DefaultSqlSession@23b62cc3]
Transaction synchronization committing SqlSession [org.apache.ibatis.session.defaults.DefaultSqlSession@23b62cc3]
Transaction synchronization deregistering SqlSession [org.apache.ibatis.session.defaults.DefaultSqlSession@23b62cc3]
Transaction synchronization closing SqlSession [org.apache.ibatis.session.defaults.DefaultSqlSession@23b62cc3]
Creating a new SqlSession
Registering transaction synchronization for SqlSession [org.apache.ibatis.session.defaults.DefaultSqlSession@747216b6]
JDBC Connection [HikariProxyConnection@898350050 wrapping com.mysql.cj.jdbc.ConnectionImpl@247d44b4] will be managed by Spring
==>  Preparing: INSERT INTO `tb_post` (content, author_id, publish_at, last_update) VALUES (?, ?, ?, ?)
==> Parameters: 本地企业获得国际认可，表彰其在创新方面的成就。(String), 86(Long), 2024-11-13T00:19:39.264899600(LocalDateTime), 2024-11-13T00:19:39.264899600(LocalDateTime)
<==    Updates: 1
Releasing transactional SqlSession [org.apache.ibatis.session.defaults.DefaultSqlSession@747216b6]
Transaction synchronization committing SqlSession [org.apache.ibatis.session.defaults.DefaultSqlSession@747216b6]
Transaction synchronization deregistering SqlSession [org.apache.ibatis.session.defaults.DefaultSqlSession@747216b6]
Transaction synchronization closing SqlSession [org.apache.ibatis.session.defaults.DefaultSqlSession@747216b6]
Creating a new SqlSession
Registering transaction synchronization for SqlSession [org.apache.ibatis.session.defaults.DefaultSqlSession@57bc7f67]
JDBC Connection [HikariProxyConnection@933711092 wrapping com.mysql.cj.jdbc.ConnectionImpl@247d44b4] will be managed by Spring
==>  Preparing: INSERT INTO `tb_post` (content, author_id, publish_at, last_update) VALUES (?, ?, ?, ?)
==> Parameters: 政府推出新政策，以支持绿色技术和可持续发展。(String), 87(Long), 2024-11-13T00:19:39.269903100(LocalDateTime), 2024-11-13T00:19:39.269903100(LocalDateTime)
<==    Updates: 1
Releasing transactional SqlSession [org.apache.ibatis.session.defaults.DefaultSqlSession@57bc7f67]
Transaction synchronization committing SqlSession [org.apache.ibatis.session.defaults.DefaultSqlSession@57bc7f67]
Transaction synchronization deregistering SqlSession [org.apache.ibatis.session.defaults.DefaultSqlSession@57bc7f67]
Transaction synchronization closing SqlSession [org.apache.ibatis.session.defaults.DefaultSqlSession@57bc7f67]
Creating a new SqlSession
Registering transaction synchronization for SqlSession [org.apache.ibatis.session.defaults.DefaultSqlSession@4fb1bffd]
JDBC Connection [HikariProxyConnection@2072260217 wrapping com.mysql.cj.jdbc.ConnectionImpl@247d44b4] will be managed by Spring
==>  Preparing: INSERT INTO `tb_post` (content, author_id, publish_at, last_update) VALUES (?, ?, ?, ?)
==> Parameters: 本地慈善组织发起运动，提高公众对特定疾病的认识。(String), 5(Long), 2024-11-13T00:19:39.274897600(LocalDateTime), 2024-11-13T00:19:39.274897600(LocalDateTime)
<==    Updates: 1
Releasing transactional SqlSession [org.apache.ibatis.session.defaults.DefaultSqlSession@4fb1bffd]
Transaction synchronization committing SqlSession [org.apache.ibatis.session.defaults.DefaultSqlSession@4fb1bffd]
Transaction synchronization deregistering SqlSession [org.apache.ibatis.session.defaults.DefaultSqlSession@4fb1bffd]
Transaction synchronization closing SqlSession [org.apache.ibatis.session.defaults.DefaultSqlSession@4fb1bffd]
Creating a new SqlSession
Registering transaction synchronization for SqlSession [org.apache.ibatis.session.defaults.DefaultSqlSession@ae4a043]
JDBC Connection [HikariProxyConnection@782824055 wrapping com.mysql.cj.jdbc.ConnectionImpl@247d44b4] will be managed by Spring
==>  Preparing: INSERT INTO `tb_post` (content, author_id, publish_at, last_update) VALUES (?, ?, ?, ?)
==> Parameters: 国际研究团队在海洋科学领域取得新进展。(String), 9(Long), 2024-11-13T00:19:39.280965200(LocalDateTime), 2024-11-13T00:19:39.280965200(LocalDateTime)
<==    Updates: 1
Releasing transactional SqlSession [org.apache.ibatis.session.defaults.DefaultSqlSession@ae4a043]
Transaction synchronization committing SqlSession [org.apache.ibatis.session.defaults.DefaultSqlSession@ae4a043]
Transaction synchronization deregistering SqlSession [org.apache.ibatis.session.defaults.DefaultSqlSession@ae4a043]
Transaction synchronization closing SqlSession [org.apache.ibatis.session.defaults.DefaultSqlSession@ae4a043]
Creating a new SqlSession
Registering transaction synchronization for SqlSession [org.apache.ibatis.session.defaults.DefaultSqlSession@405d123c]
JDBC Connection [HikariProxyConnection@2117885681 wrapping com.mysql.cj.jdbc.ConnectionImpl@247d44b4] will be managed by Spring
==>  Preparing: INSERT INTO `tb_post` (content, author_id, publish_at, last_update) VALUES (?, ?, ?, ?)
==> Parameters: 新法律通过，以保护历史遗迹和文化遗产。(String), 16(Long), 2024-11-13T00:19:39.286963900(LocalDateTime), 2024-11-13T00:19:39.286963900(LocalDateTime)
<==    Updates: 1
Releasing transactional SqlSession [org.apache.ibatis.session.defaults.DefaultSqlSession@405d123c]
Transaction synchronization committing SqlSession [org.apache.ibatis.session.defaults.DefaultSqlSession@405d123c]
Transaction synchronization deregistering SqlSession [org.apache.ibatis.session.defaults.DefaultSqlSession@405d123c]
Transaction synchronization closing SqlSession [org.apache.ibatis.session.defaults.DefaultSqlSession@405d123c]
Creating a new SqlSession
Registering transaction synchronization for SqlSession [org.apache.ibatis.session.defaults.DefaultSqlSession@3647b274]
JDBC Connection [HikariProxyConnection@1365343123 wrapping com.mysql.cj.jdbc.ConnectionImpl@247d44b4] will be managed by Spring
==>  Preparing: INSERT INTO `tb_post` (content, author_id, publish_at, last_update) VALUES (?, ?, ?, ?)
==> Parameters: 本地体育赛事吸引众多国际选手参加。(String), 3(Long), 2024-11-13T00:19:39.291975100(LocalDateTime), 2024-11-13T00:19:39.291975100(LocalDateTime)
<==    Updates: 1
Releasing transactional SqlSession [org.apache.ibatis.session.defaults.DefaultSqlSession@3647b274]
Transaction synchronization committing SqlSession [org.apache.ibatis.session.defaults.DefaultSqlSession@3647b274]
Transaction synchronization deregistering SqlSession [org.apache.ibatis.session.defaults.DefaultSqlSession@3647b274]
Transaction synchronization closing SqlSession [org.apache.ibatis.session.defaults.DefaultSqlSession@3647b274]
Creating a new SqlSession
Registering transaction synchronization for SqlSession [org.apache.ibatis.session.defaults.DefaultSqlSession@7ebf5bf]
JDBC Connection [HikariProxyConnection@1185567380 wrapping com.mysql.cj.jdbc.ConnectionImpl@247d44b4] will be managed by Spring
==>  Preparing: INSERT INTO `tb_post` (content, author_id, publish_at, last_update) VALUES (?, ?, ?, ?)
==> Parameters: 政府推出新计划，以提高老年人的生活质量。(String), 41(Long), 2024-11-13T00:19:39.293944200(LocalDateTime), 2024-11-13T00:19:39.293944200(LocalDateTime)
<==    Updates: 1
Releasing transactional SqlSession [org.apache.ibatis.session.defaults.DefaultSqlSession@7ebf5bf]
Transaction synchronization committing SqlSession [org.apache.ibatis.session.defaults.DefaultSqlSession@7ebf5bf]
Transaction synchronization deregistering SqlSession [org.apache.ibatis.session.defaults.DefaultSqlSession@7ebf5bf]
Transaction synchronization closing SqlSession [org.apache.ibatis.session.defaults.DefaultSqlSession@7ebf5bf]
Creating a new SqlSession
Registering transaction synchronization for SqlSession [org.apache.ibatis.session.defaults.DefaultSqlSession@48c56b42]
JDBC Connection [HikariProxyConnection@1181497822 wrapping com.mysql.cj.jdbc.ConnectionImpl@247d44b4] will be managed by Spring
==>  Preparing: INSERT INTO `tb_post` (content, author_id, publish_at, last_update) VALUES (?, ?, ?, ?)
==> Parameters: 科技公司宣布新投资，以促进本地经济发展。(String), 1(Long), 2024-11-13T00:19:39.293944200(LocalDateTime), 2024-11-13T00:19:39.293944200(LocalDateTime)
<==    Updates: 1
Releasing transactional SqlSession [org.apache.ibatis.session.defaults.DefaultSqlSession@48c56b42]
Transaction synchronization committing SqlSession [org.apache.ibatis.session.defaults.DefaultSqlSession@48c56b42]
Transaction synchronization deregistering SqlSession [org.apache.ibatis.session.defaults.DefaultSqlSession@48c56b42]
Transaction synchronization closing SqlSession [org.apache.ibatis.session.defaults.DefaultSqlSession@48c56b42]
Creating a new SqlSession
Registering transaction synchronization for SqlSession [org.apache.ibatis.session.defaults.DefaultSqlSession@346d8002]
JDBC Connection [HikariProxyConnection@335583307 wrapping com.mysql.cj.jdbc.ConnectionImpl@247d44b4] will be managed by Spring
==>  Preparing: INSERT INTO `tb_post` (content, author_id, publish_at, last_update) VALUES (?, ?, ?, ?)
==> Parameters: 本地艺术家获得奖项，表彰其在文化领域的贡献。(String), 53(Long), 2024-11-13T00:19:39.311324400(LocalDateTime), 2024-11-13T00:19:39.311324400(LocalDateTime)
<==    Updates: 1
Releasing transactional SqlSession [org.apache.ibatis.session.defaults.DefaultSqlSession@346d8002]
Transaction synchronization committing SqlSession [org.apache.ibatis.session.defaults.DefaultSqlSession@346d8002]
Transaction synchronization deregistering SqlSession [org.apache.ibatis.session.defaults.DefaultSqlSession@346d8002]
Transaction synchronization closing SqlSession [org.apache.ibatis.session.defaults.DefaultSqlSession@346d8002]
Creating a new SqlSession
Registering transaction synchronization for SqlSession [org.apache.ibatis.session.defaults.DefaultSqlSession@1b2213b2]
JDBC Connection [HikariProxyConnection@578479332 wrapping com.mysql.cj.jdbc.ConnectionImpl@247d44b4] will be managed by Spring
==>  Preparing: INSERT INTO `tb_post` (content, author_id, publish_at, last_update) VALUES (?, ?, ?, ?)
==> Parameters: 新药物试验成功，为治疗慢性疾病带来希望。(String), 35(Long), 2024-11-13T00:19:39.319309800(LocalDateTime), 2024-11-13T00:19:39.319309800(LocalDateTime)
<==    Updates: 1
Releasing transactional SqlSession [org.apache.ibatis.session.defaults.DefaultSqlSession@1b2213b2]
Transaction synchronization committing SqlSession [org.apache.ibatis.session.defaults.DefaultSqlSession@1b2213b2]
Transaction synchronization deregistering SqlSession [org.apache.ibatis.session.defaults.DefaultSqlSession@1b2213b2]
Transaction synchronization closing SqlSession [org.apache.ibatis.session.defaults.DefaultSqlSession@1b2213b2]
Creating a new SqlSession
Registering transaction synchronization for SqlSession [org.apache.ibatis.session.defaults.DefaultSqlSession@7c144349]
JDBC Connection [HikariProxyConnection@1056376395 wrapping com.mysql.cj.jdbc.ConnectionImpl@247d44b4] will be managed by Spring
==>  Preparing: INSERT INTO `tb_post` (content, author_id, publish_at, last_update) VALUES (?, ?, ?, ?)
==> Parameters: 政府推出新计划，以支持青年创业和就业。(String), 68(Long), 2024-11-13T00:19:39.327840100(LocalDateTime), 2024-11-13T00:19:39.327840100(LocalDateTime)
<==    Updates: 1
Releasing transactional SqlSession [org.apache.ibatis.session.defaults.DefaultSqlSession@7c144349]
Transaction synchronization committing SqlSession [org.apache.ibatis.session.defaults.DefaultSqlSession@7c144349]
Transaction synchronization deregistering SqlSession [org.apache.ibatis.session.defaults.DefaultSqlSession@7c144349]
Transaction synchronization closing SqlSession [org.apache.ibatis.session.defaults.DefaultSqlSession@7c144349]
Creating a new SqlSession
Registering transaction synchronization for SqlSession [org.apache.ibatis.session.defaults.DefaultSqlSession@12939937]
JDBC Connection [HikariProxyConnection@1333404258 wrapping com.mysql.cj.jdbc.ConnectionImpl@247d44b4] will be managed by Spring
==>  Preparing: INSERT INTO `tb_post` (content, author_id, publish_at, last_update) VALUES (?, ?, ?, ?)
==> Parameters: 本地社区中心举办职业培训课程，提高居民就业技能。(String), 71(Long), 2024-11-13T00:19:39.337821100(LocalDateTime), 2024-11-13T00:19:39.337821100(LocalDateTime)
<==    Updates: 1
Releasing transactional SqlSession [org.apache.ibatis.session.defaults.DefaultSqlSession@12939937]
Transaction synchronization committing SqlSession [org.apache.ibatis.session.defaults.DefaultSqlSession@12939937]
Transaction synchronization deregistering SqlSession [org.apache.ibatis.session.defaults.DefaultSqlSession@12939937]
Transaction synchronization closing SqlSession [org.apache.ibatis.session.defaults.DefaultSqlSession@12939937]
Creating a new SqlSession
Registering transaction synchronization for SqlSession [org.apache.ibatis.session.defaults.DefaultSqlSession@50c442a5]
JDBC Connection [HikariProxyConnection@1070146065 wrapping com.mysql.cj.jdbc.ConnectionImpl@247d44b4] will be managed by Spring
==>  Preparing: INSERT INTO `tb_post` (content, author_id, publish_at, last_update) VALUES (?, ?, ?, ?)
==> Parameters: 国际科学家团队在天文学领域取得重大发现。(String), 53(Long), 2024-11-13T00:19:39.346472100(LocalDateTime), 2024-11-13T00:19:39.346472100(LocalDateTime)
<==    Updates: 1
Releasing transactional SqlSession [org.apache.ibatis.session.defaults.DefaultSqlSession@50c442a5]
Transaction synchronization committing SqlSession [org.apache.ibatis.session.defaults.DefaultSqlSession@50c442a5]
Transaction synchronization deregistering SqlSession [org.apache.ibatis.session.defaults.DefaultSqlSession@50c442a5]
Transaction synchronization closing SqlSession [org.apache.ibatis.session.defaults.DefaultSqlSession@50c442a5]
Creating a new SqlSession
Registering transaction synchronization for SqlSession [org.apache.ibatis.session.defaults.DefaultSqlSession@4781bb01]
JDBC Connection [HikariProxyConnection@278921034 wrapping com.mysql.cj.jdbc.ConnectionImpl@247d44b4] will be managed by Spring
==>  Preparing: INSERT INTO `tb_post` (content, author_id, publish_at, last_update) VALUES (?, ?, ?, ?)
==> Parameters: 新法律通过，以保护网络隐私和数据安全。(String), 23(Long), 2024-11-13T00:19:39.346472100(LocalDateTime), 2024-11-13T00:19:39.346472100(LocalDateTime)
<==    Updates: 1
Releasing transactional SqlSession [org.apache.ibatis.session.defaults.DefaultSqlSession@4781bb01]
Transaction synchronization committing SqlSession [org.apache.ibatis.session.defaults.DefaultSqlSession@4781bb01]
Transaction synchronization deregistering SqlSession [org.apache.ibatis.session.defaults.DefaultSqlSession@4781bb01]
Transaction synchronization closing SqlSession [org.apache.ibatis.session.defaults.DefaultSqlSession@4781bb01]
Creating a new SqlSession
Registering transaction synchronization for SqlSession [org.apache.ibatis.session.defaults.DefaultSqlSession@532782f5]
JDBC Connection [HikariProxyConnection@414732683 wrapping com.mysql.cj.jdbc.ConnectionImpl@247d44b4] will be managed by Spring
==>  Preparing: INSERT INTO `tb_post` (content, author_id, publish_at, last_update) VALUES (?, ?, ?, ?)
==> Parameters: 本地医院开展健康检查活动，提高居民健康意识。(String), 92(Long), 2024-11-13T00:19:39.367124800(LocalDateTime), 2024-11-13T00:19:39.367124800(LocalDateTime)
<==    Updates: 1
Releasing transactional SqlSession [org.apache.ibatis.session.defaults.DefaultSqlSession@532782f5]
Transaction synchronization committing SqlSession [org.apache.ibatis.session.defaults.DefaultSqlSession@532782f5]
Transaction synchronization deregistering SqlSession [org.apache.ibatis.session.defaults.DefaultSqlSession@532782f5]
Transaction synchronization closing SqlSession [org.apache.ibatis.session.defaults.DefaultSqlSession@532782f5]
Creating a new SqlSession
Registering transaction synchronization for SqlSession [org.apache.ibatis.session.defaults.DefaultSqlSession@50572c04]
JDBC Connection [HikariProxyConnection@1678409898 wrapping com.mysql.cj.jdbc.ConnectionImpl@247d44b4] will be managed by Spring
==>  Preparing: INSERT INTO `tb_post` (content, author_id, publish_at, last_update) VALUES (?, ?, ?, ?)
==> Parameters: 国际合作项目启动，旨在提高全球食品安全。(String), 85(Long), 2024-11-13T00:19:39.376858200(LocalDateTime), 2024-11-13T00:19:39.376858200(LocalDateTime)
<==    Updates: 1
Releasing transactional SqlSession [org.apache.ibatis.session.defaults.DefaultSqlSession@50572c04]
Transaction synchronization committing SqlSession [org.apache.ibatis.session.defaults.DefaultSqlSession@50572c04]
Transaction synchronization deregistering SqlSession [org.apache.ibatis.session.defaults.DefaultSqlSession@50572c04]
Transaction synchronization closing SqlSession [org.apache.ibatis.session.defaults.DefaultSqlSession@50572c04]
Creating a new SqlSession
Registering transaction synchronization for SqlSession [org.apache.ibatis.session.defaults.DefaultSqlSession@363751f2]
JDBC Connection [HikariProxyConnection@1818609392 wrapping com.mysql.cj.jdbc.ConnectionImpl@247d44b4] will be managed by Spring
==>  Preparing: INSERT INTO `tb_post` (content, author_id, publish_at, last_update) VALUES (?, ?, ?, ?)
==> Parameters: 科技公司推出新应用，以改善城市交通管理。(String), 13(Long), 2024-11-13T00:19:39.386855800(LocalDateTime), 2024-11-13T00:19:39.386855800(LocalDateTime)
<==    Updates: 1
Releasing transactional SqlSession [org.apache.ibatis.session.defaults.DefaultSqlSession@363751f2]
Transaction synchronization committing SqlSession [org.apache.ibatis.session.defaults.DefaultSqlSession@363751f2]
Transaction synchronization deregistering SqlSession [org.apache.ibatis.session.defaults.DefaultSqlSession@363751f2]
Transaction synchronization closing SqlSession [org.apache.ibatis.session.defaults.DefaultSqlSession@363751f2]
Creating a new SqlSession
Registering transaction synchronization for SqlSession [org.apache.ibatis.session.defaults.DefaultSqlSession@5037f491]
JDBC Connection [HikariProxyConnection@1360767433 wrapping com.mysql.cj.jdbc.ConnectionImpl@247d44b4] will be managed by Spring
==>  Preparing: INSERT INTO `tb_post` (content, author_id, publish_at, last_update) VALUES (?, ?, ?, ?)
==> Parameters: 本地政府推出新计划，以支持环境保护和可持续发展。(String), 42(Long), 2024-11-13T00:19:39.392686700(LocalDateTime), 2024-11-13T00:19:39.392686700(LocalDateTime)
<==    Updates: 1
Releasing transactional SqlSession [org.apache.ibatis.session.defaults.DefaultSqlSession@5037f491]
Transaction synchronization committing SqlSession [org.apache.ibatis.session.defaults.DefaultSqlSession@5037f491]
Transaction synchronization deregistering SqlSession [org.apache.ibatis.session.defaults.DefaultSqlSession@5037f491]
Transaction synchronization closing SqlSession [org.apache.ibatis.session.defaults.DefaultSqlSession@5037f491]
Creating a new SqlSession
Registering transaction synchronization for SqlSession [org.apache.ibatis.session.defaults.DefaultSqlSession@7fcc8d9f]
JDBC Connection [HikariProxyConnection@298222185 wrapping com.mysql.cj.jdbc.ConnectionImpl@247d44b4] will be managed by Spring
==>  Preparing: INSERT INTO `tb_post` (content, author_id, publish_at, last_update) VALUES (?, ?, ?, ?)
==> Parameters: 新研究表明：社区参与对城市规划至关重要。(String), 46(Long), 2024-11-13T00:19:39.392686700(LocalDateTime), 2024-11-13T00:19:39.392686700(LocalDateTime)
<==    Updates: 1
Releasing transactional SqlSession [org.apache.ibatis.session.defaults.DefaultSqlSession@7fcc8d9f]
Transaction synchronization committing SqlSession [org.apache.ibatis.session.defaults.DefaultSqlSession@7fcc8d9f]
Transaction synchronization deregistering SqlSession [org.apache.ibatis.session.defaults.DefaultSqlSession@7fcc8d9f]
Transaction synchronization closing SqlSession [org.apache.ibatis.session.defaults.DefaultSqlSession@7fcc8d9f]
Creating a new SqlSession
Registering transaction synchronization for SqlSession [org.apache.ibatis.session.defaults.DefaultSqlSession@3ae5cbb9]
JDBC Connection [HikariProxyConnection@2142703252 wrapping com.mysql.cj.jdbc.ConnectionImpl@247d44b4] will be managed by Spring
==>  Preparing: INSERT INTO `tb_post` (content, author_id, publish_at, last_update) VALUES (?, ?, ?, ?)
==> Parameters: 国际会议召开，讨论全球能源问题。(String), 34(Long), 2024-11-13T00:19:39.414800400(LocalDateTime), 2024-11-13T00:19:39.414800400(LocalDateTime)
<==    Updates: 1
Releasing transactional SqlSession [org.apache.ibatis.session.defaults.DefaultSqlSession@3ae5cbb9]
Transaction synchronization committing SqlSession [org.apache.ibatis.session.defaults.DefaultSqlSession@3ae5cbb9]
Transaction synchronization deregistering SqlSession [org.apache.ibatis.session.defaults.DefaultSqlSession@3ae5cbb9]
Transaction synchronization closing SqlSession [org.apache.ibatis.session.defaults.DefaultSqlSession@3ae5cbb9]
Creating a new SqlSession
Registering transaction synchronization for SqlSession [org.apache.ibatis.session.defaults.DefaultSqlSession@7f2d4ffc]
JDBC Connection [HikariProxyConnection@518225018 wrapping com.mysql.cj.jdbc.ConnectionImpl@247d44b4] will be managed by Spring
==>  Preparing: INSERT INTO `tb_post` (content, author_id, publish_at, last_update) VALUES (?, ?, ?, ?)
==> Parameters: 本地企业推出新服务，以满足消费者需求。(String), 44(Long), 2024-11-13T00:19:39.423800900(LocalDateTime), 2024-11-13T00:19:39.423800900(LocalDateTime)
<==    Updates: 1
Releasing transactional SqlSession [org.apache.ibatis.session.defaults.DefaultSqlSession@7f2d4ffc]
Transaction synchronization committing SqlSession [org.apache.ibatis.session.defaults.DefaultSqlSession@7f2d4ffc]
Transaction synchronization deregistering SqlSession [org.apache.ibatis.session.defaults.DefaultSqlSession@7f2d4ffc]
Transaction synchronization closing SqlSession [org.apache.ibatis.session.defaults.DefaultSqlSession@7f2d4ffc]
Creating a new SqlSession
Registering transaction synchronization for SqlSession [org.apache.ibatis.session.defaults.DefaultSqlSession@2d05d022]
JDBC Connection [HikariProxyConnection@2146593577 wrapping com.mysql.cj.jdbc.ConnectionImpl@247d44b4] will be managed by Spring
==>  Preparing: INSERT INTO `tb_post` (content, author_id, publish_at, last_update) VALUES (?, ?, ?, ?)
==> Parameters: 政府推出新政策，以提高公共安全和减少犯罪。(String), 11(Long), 2024-11-13T00:19:39.434675800(LocalDateTime), 2024-11-13T00:19:39.434675800(LocalDateTime)
<==    Updates: 1
Releasing transactional SqlSession [org.apache.ibatis.session.defaults.DefaultSqlSession@2d05d022]
Transaction synchronization committing SqlSession [org.apache.ibatis.session.defaults.DefaultSqlSession@2d05d022]
Transaction synchronization deregistering SqlSession [org.apache.ibatis.session.defaults.DefaultSqlSession@2d05d022]
Transaction synchronization closing SqlSession [org.apache.ibatis.session.defaults.DefaultSqlSession@2d05d022]
Creating a new SqlSession
Registering transaction synchronization for SqlSession [org.apache.ibatis.session.defaults.DefaultSqlSession@2aa85cc4]
JDBC Connection [HikariProxyConnection@881662558 wrapping com.mysql.cj.jdbc.ConnectionImpl@247d44b4] will be managed by Spring
==>  Preparing: INSERT INTO `tb_post` (content, author_id, publish_at, last_update) VALUES (?, ?, ?, ?)
==> Parameters: 本地慈善组织举办活动，支持教育和儿童福利。(String), 71(Long), 2024-11-13T00:19:39.443789100(LocalDateTime), 2024-11-13T00:19:39.443789100(LocalDateTime)
<==    Updates: 1
Releasing transactional SqlSession [org.apache.ibatis.session.defaults.DefaultSqlSession@2aa85cc4]
Transaction synchronization committing SqlSession [org.apache.ibatis.session.defaults.DefaultSqlSession@2aa85cc4]
Transaction synchronization deregistering SqlSession [org.apache.ibatis.session.defaults.DefaultSqlSession@2aa85cc4]
Transaction synchronization closing SqlSession [org.apache.ibatis.session.defaults.DefaultSqlSession@2aa85cc4]
Creating a new SqlSession
Registering transaction synchronization for SqlSession [org.apache.ibatis.session.defaults.DefaultSqlSession@2f89b44e]
JDBC Connection [HikariProxyConnection@791217259 wrapping com.mysql.cj.jdbc.ConnectionImpl@247d44b4] will be managed by Spring
==>  Preparing: INSERT INTO `tb_post` (content, author_id, publish_at, last_update) VALUES (?, ?, ?, ?)
==> Parameters: 国际研究团队在生物技术领域取得新进展。(String), 100(Long), 2024-11-13T00:19:39.445957100(LocalDateTime), 2024-11-13T00:19:39.445957100(LocalDateTime)
<==    Updates: 1
Releasing transactional SqlSession [org.apache.ibatis.session.defaults.DefaultSqlSession@2f89b44e]
Transaction synchronization committing SqlSession [org.apache.ibatis.session.defaults.DefaultSqlSession@2f89b44e]
Transaction synchronization deregistering SqlSession [org.apache.ibatis.session.defaults.DefaultSqlSession@2f89b44e]
Transaction synchronization closing SqlSession [org.apache.ibatis.session.defaults.DefaultSqlSession@2f89b44e]
Creating a new SqlSession
Registering transaction synchronization for SqlSession [org.apache.ibatis.session.defaults.DefaultSqlSession@6b5fdbd0]
JDBC Connection [HikariProxyConnection@1485505184 wrapping com.mysql.cj.jdbc.ConnectionImpl@247d44b4] will be managed by Spring
==>  Preparing: INSERT INTO `tb_post` (content, author_id, publish_at, last_update) VALUES (?, ?, ?, ?)
==> Parameters: 新法律通过，以保护环境和减少污染。(String), 40(Long), 2024-11-13T00:19:39.445957100(LocalDateTime), 2024-11-13T00:19:39.445957100(LocalDateTime)
<==    Updates: 1
Releasing transactional SqlSession [org.apache.ibatis.session.defaults.DefaultSqlSession@6b5fdbd0]
Transaction synchronization committing SqlSession [org.apache.ibatis.session.defaults.DefaultSqlSession@6b5fdbd0]
Transaction synchronization deregistering SqlSession [org.apache.ibatis.session.defaults.DefaultSqlSession@6b5fdbd0]
Transaction synchronization closing SqlSession [org.apache.ibatis.session.defaults.DefaultSqlSession@6b5fdbd0]
Creating a new SqlSession
Registering transaction synchronization for SqlSession [org.apache.ibatis.session.defaults.DefaultSqlSession@2c3a2935]
JDBC Connection [HikariProxyConnection@138099139 wrapping com.mysql.cj.jdbc.ConnectionImpl@247d44b4] will be managed by Spring
==>  Preparing: INSERT INTO `tb_post` (content, author_id, publish_at, last_update) VALUES (?, ?, ?, ?)
==> Parameters: 本地体育赛事创下参与人数新纪录。(String), 68(Long), 2024-11-13T00:19:39.463928300(LocalDateTime), 2024-11-13T00:19:39.463928300(LocalDateTime)
<==    Updates: 1
Releasing transactional SqlSession [org.apache.ibatis.session.defaults.DefaultSqlSession@2c3a2935]
Transaction synchronization committing SqlSession [org.apache.ibatis.session.defaults.DefaultSqlSession@2c3a2935]
Transaction synchronization deregistering SqlSession [org.apache.ibatis.session.defaults.DefaultSqlSession@2c3a2935]
Transaction synchronization closing SqlSession [org.apache.ibatis.session.defaults.DefaultSqlSession@2c3a2935]
Creating a new SqlSession
Registering transaction synchronization for SqlSession [org.apache.ibatis.session.defaults.DefaultSqlSession@6bd5aa8b]
JDBC Connection [HikariProxyConnection@389524672 wrapping com.mysql.cj.jdbc.ConnectionImpl@247d44b4] will be managed by Spring
==>  Preparing: INSERT INTO `tb_post` (content, author_id, publish_at, last_update) VALUES (?, ?, ?, ?)
==> Parameters: 政府推出新计划，以提高国民的数字素养。(String), 9(Long), 2024-11-13T00:19:39.470928700(LocalDateTime), 2024-11-13T00:19:39.470928700(LocalDateTime)
<==    Updates: 1
Releasing transactional SqlSession [org.apache.ibatis.session.defaults.DefaultSqlSession@6bd5aa8b]
Transaction synchronization committing SqlSession [org.apache.ibatis.session.defaults.DefaultSqlSession@6bd5aa8b]
Transaction synchronization deregistering SqlSession [org.apache.ibatis.session.defaults.DefaultSqlSession@6bd5aa8b]
Transaction synchronization closing SqlSession [org.apache.ibatis.session.defaults.DefaultSqlSession@6bd5aa8b]
Creating a new SqlSession
Registering transaction synchronization for SqlSession [org.apache.ibatis.session.defaults.DefaultSqlSession@47e02a89]
JDBC Connection [HikariProxyConnection@599060649 wrapping com.mysql.cj.jdbc.ConnectionImpl@247d44b4] will be managed by Spring
==>  Preparing: INSERT INTO `tb_post` (content, author_id, publish_at, last_update) VALUES (?, ?, ?, ?)
==> Parameters: 科技公司宣布新合作，以开发先进的医疗设备。(String), 59(Long), 2024-11-13T00:19:39.476553200(LocalDateTime), 2024-11-13T00:19:39.476553200(LocalDateTime)
<==    Updates: 1
Releasing transactional SqlSession [org.apache.ibatis.session.defaults.DefaultSqlSession@47e02a89]
Transaction synchronization committing SqlSession [org.apache.ibatis.session.defaults.DefaultSqlSession@47e02a89]
Transaction synchronization deregistering SqlSession [org.apache.ibatis.session.defaults.DefaultSqlSession@47e02a89]
Transaction synchronization closing SqlSession [org.apache.ibatis.session.defaults.DefaultSqlSession@47e02a89]
Creating a new SqlSession
Registering transaction synchronization for SqlSession [org.apache.ibatis.session.defaults.DefaultSqlSession@652855c4]
JDBC Connection [HikariProxyConnection@581647931 wrapping com.mysql.cj.jdbc.ConnectionImpl@247d44b4] will be managed by Spring
==>  Preparing: INSERT INTO `tb_post` (content, author_id, publish_at, last_update) VALUES (?, ?, ?, ?)
==> Parameters: 探索古老的城堡，每一砖一瓦都诉说着历史的故事。(String), 75(Long), 2024-11-13T00:19:39.481599600(LocalDateTime), 2024-11-13T00:19:39.481599600(LocalDateTime)
<==    Updates: 1
Releasing transactional SqlSession [org.apache.ibatis.session.defaults.DefaultSqlSession@652855c4]
Transaction synchronization committing SqlSession [org.apache.ibatis.session.defaults.DefaultSqlSession@652855c4]
Transaction synchronization deregistering SqlSession [org.apache.ibatis.session.defaults.DefaultSqlSession@652855c4]
Transaction synchronization closing SqlSession [org.apache.ibatis.session.defaults.DefaultSqlSession@652855c4]
Creating a new SqlSession
Registering transaction synchronization for SqlSession [org.apache.ibatis.session.defaults.DefaultSqlSession@1928208d]
JDBC Connection [HikariProxyConnection@321854853 wrapping com.mysql.cj.jdbc.ConnectionImpl@247d44b4] will be managed by Spring
==>  Preparing: INSERT INTO `tb_post` (content, author_id, publish_at, last_update) VALUES (?, ?, ?, ?)
==> Parameters: 在沙滩上留下脚印，让海浪带走我的烦恼。(String), 79(Long), 2024-11-13T00:19:39.486607100(LocalDateTime), 2024-11-13T00:19:39.486607100(LocalDateTime)
<==    Updates: 1
Releasing transactional SqlSession [org.apache.ibatis.session.defaults.DefaultSqlSession@1928208d]
Transaction synchronization committing SqlSession [org.apache.ibatis.session.defaults.DefaultSqlSession@1928208d]
Transaction synchronization deregistering SqlSession [org.apache.ibatis.session.defaults.DefaultSqlSession@1928208d]
Transaction synchronization closing SqlSession [org.apache.ibatis.session.defaults.DefaultSqlSession@1928208d]
Creating a new SqlSession
Registering transaction synchronization for SqlSession [org.apache.ibatis.session.defaults.DefaultSqlSession@3c84c32f]
JDBC Connection [HikariProxyConnection@2120486917 wrapping com.mysql.cj.jdbc.ConnectionImpl@247d44b4] will be managed by Spring
==>  Preparing: INSERT INTO `tb_post` (content, author_id, publish_at, last_update) VALUES (?, ?, ?, ?)
==> Parameters: 徒步穿越丛林，寻找隐藏在大自然中的宝藏。(String), 14(Long), 2024-11-13T00:19:39.491601600(LocalDateTime), 2024-11-13T00:19:39.491601600(LocalDateTime)
<==    Updates: 1
Releasing transactional SqlSession [org.apache.ibatis.session.defaults.DefaultSqlSession@3c84c32f]
Transaction synchronization committing SqlSession [org.apache.ibatis.session.defaults.DefaultSqlSession@3c84c32f]
Transaction synchronization deregistering SqlSession [org.apache.ibatis.session.defaults.DefaultSqlSession@3c84c32f]
Transaction synchronization closing SqlSession [org.apache.ibatis.session.defaults.DefaultSqlSession@3c84c32f]
Creating a new SqlSession
Registering transaction synchronization for SqlSession [org.apache.ibatis.session.defaults.DefaultSqlSession@42014a]
JDBC Connection [HikariProxyConnection@217257457 wrapping com.mysql.cj.jdbc.ConnectionImpl@247d44b4] will be managed by Spring
==>  Preparing: INSERT INTO `tb_post` (content, author_id, publish_at, last_update) VALUES (?, ?, ?, ?)
==> Parameters: 站在山顶，呼吸着清新的空气，感受着自由的风。(String), 89(Long), 2024-11-13T00:19:39.492661100(LocalDateTime), 2024-11-13T00:19:39.492661100(LocalDateTime)
<==    Updates: 1
Releasing transactional SqlSession [org.apache.ibatis.session.defaults.DefaultSqlSession@42014a]
Transaction synchronization committing SqlSession [org.apache.ibatis.session.defaults.DefaultSqlSession@42014a]
Transaction synchronization deregistering SqlSession [org.apache.ibatis.session.defaults.DefaultSqlSession@42014a]
Transaction synchronization closing SqlSession [org.apache.ibatis.session.defaults.DefaultSqlSession@42014a]
Creating a new SqlSession
Registering transaction synchronization for SqlSession [org.apache.ibatis.session.defaults.DefaultSqlSession@7597ae32]
JDBC Connection [HikariProxyConnection@1012785532 wrapping com.mysql.cj.jdbc.ConnectionImpl@247d44b4] will be managed by Spring
==>  Preparing: INSERT INTO `tb_post` (content, author_id, publish_at, last_update) VALUES (?, ?, ?, ?)
==> Parameters: 在古老的图书馆里，沉浸在书海中，享受知识的洗礼。(String), 57(Long), 2024-11-13T00:19:39.492661100(LocalDateTime), 2024-11-13T00:19:39.492661100(LocalDateTime)
<==    Updates: 1
Releasing transactional SqlSession [org.apache.ibatis.session.defaults.DefaultSqlSession@7597ae32]
Transaction synchronization committing SqlSession [org.apache.ibatis.session.defaults.DefaultSqlSession@7597ae32]
Transaction synchronization deregistering SqlSession [org.apache.ibatis.session.defaults.DefaultSqlSession@7597ae32]
Transaction synchronization closing SqlSession [org.apache.ibatis.session.defaults.DefaultSqlSession@7597ae32]
Creating a new SqlSession
Registering transaction synchronization for SqlSession [org.apache.ibatis.session.defaults.DefaultSqlSession@63069995]
JDBC Connection [HikariProxyConnection@285961336 wrapping com.mysql.cj.jdbc.ConnectionImpl@247d44b4] will be managed by Spring
==>  Preparing: INSERT INTO `tb_post` (content, author_id, publish_at, last_update) VALUES (?, ?, ?, ?)
==> Parameters: 品尝当地美食，每一口都是对味蕾的盛宴。(String), 73(Long), 2024-11-13T00:19:39.492661100(LocalDateTime), 2024-11-13T00:19:39.492661100(LocalDateTime)
<==    Updates: 1
Releasing transactional SqlSession [org.apache.ibatis.session.defaults.DefaultSqlSession@63069995]
Transaction synchronization committing SqlSession [org.apache.ibatis.session.defaults.DefaultSqlSession@63069995]
Transaction synchronization deregistering SqlSession [org.apache.ibatis.session.defaults.DefaultSqlSession@63069995]
Transaction synchronization closing SqlSession [org.apache.ibatis.session.defaults.DefaultSqlSession@63069995]
Creating a new SqlSession
Registering transaction synchronization for SqlSession [org.apache.ibatis.session.defaults.DefaultSqlSession@7746330a]
JDBC Connection [HikariProxyConnection@623139250 wrapping com.mysql.cj.jdbc.ConnectionImpl@247d44b4] will be managed by Spring
==>  Preparing: INSERT INTO `tb_post` (content, author_id, publish_at, last_update) VALUES (?, ?, ?, ?)
==> Parameters: 在星空下露营，与大自然亲密接触。(String), 18(Long), 2024-11-13T00:19:39.513867800(LocalDateTime), 2024-11-13T00:19:39.513867800(LocalDateTime)
<==    Updates: 1
Releasing transactional SqlSession [org.apache.ibatis.session.defaults.DefaultSqlSession@7746330a]
Transaction synchronization committing SqlSession [org.apache.ibatis.session.defaults.DefaultSqlSession@7746330a]
Transaction synchronization deregistering SqlSession [org.apache.ibatis.session.defaults.DefaultSqlSession@7746330a]
Transaction synchronization closing SqlSession [org.apache.ibatis.session.defaults.DefaultSqlSession@7746330a]
Creating a new SqlSession
Registering transaction synchronization for SqlSession [org.apache.ibatis.session.defaults.DefaultSqlSession@593d5f39]
JDBC Connection [HikariProxyConnection@1327981629 wrapping com.mysql.cj.jdbc.ConnectionImpl@247d44b4] will be managed by Spring
==>  Preparing: INSERT INTO `tb_post` (content, author_id, publish_at, last_update) VALUES (?, ?, ?, ?)
==> Parameters: 乘坐热气球，俯瞰这片美丽的土地。(String), 50(Long), 2024-11-13T00:19:39.517867700(LocalDateTime), 2024-11-13T00:19:39.517867700(LocalDateTime)
<==    Updates: 1
Releasing transactional SqlSession [org.apache.ibatis.session.defaults.DefaultSqlSession@593d5f39]
Transaction synchronization committing SqlSession [org.apache.ibatis.session.defaults.DefaultSqlSession@593d5f39]
Transaction synchronization deregistering SqlSession [org.apache.ibatis.session.defaults.DefaultSqlSession@593d5f39]
Transaction synchronization closing SqlSession [org.apache.ibatis.session.defaults.DefaultSqlSession@593d5f39]
Creating a new SqlSession
Registering transaction synchronization for SqlSession [org.apache.ibatis.session.defaults.DefaultSqlSession@2be49c8c]
JDBC Connection [HikariProxyConnection@838162443 wrapping com.mysql.cj.jdbc.ConnectionImpl@247d44b4] will be managed by Spring
==>  Preparing: INSERT INTO `tb_post` (content, author_id, publish_at, last_update) VALUES (?, ?, ?, ?)
==> Parameters: 在古城的石板路上漫步，感受历史的厚重。(String), 32(Long), 2024-11-13T00:19:39.522867600(LocalDateTime), 2024-11-13T00:19:39.522867600(LocalDateTime)
<==    Updates: 1
Releasing transactional SqlSession [org.apache.ibatis.session.defaults.DefaultSqlSession@2be49c8c]
Transaction synchronization committing SqlSession [org.apache.ibatis.session.defaults.DefaultSqlSession@2be49c8c]
Transaction synchronization deregistering SqlSession [org.apache.ibatis.session.defaults.DefaultSqlSession@2be49c8c]
Transaction synchronization closing SqlSession [org.apache.ibatis.session.defaults.DefaultSqlSession@2be49c8c]
Creating a new SqlSession
Registering transaction synchronization for SqlSession [org.apache.ibatis.session.defaults.DefaultSqlSession@36c45b54]
JDBC Connection [HikariProxyConnection@1046286588 wrapping com.mysql.cj.jdbc.ConnectionImpl@247d44b4] will be managed by Spring
==>  Preparing: INSERT INTO `tb_post` (content, author_id, publish_at, last_update) VALUES (?, ?, ?, ?)
==> Parameters: 在清澈的湖水中划船，享受宁静的午后时光。(String), 43(Long), 2024-11-13T00:19:39.534550200(LocalDateTime), 2024-11-13T00:19:39.534550200(LocalDateTime)
<==    Updates: 1
Releasing transactional SqlSession [org.apache.ibatis.session.defaults.DefaultSqlSession@36c45b54]
Transaction synchronization committing SqlSession [org.apache.ibatis.session.defaults.DefaultSqlSession@36c45b54]
Transaction synchronization deregistering SqlSession [org.apache.ibatis.session.defaults.DefaultSqlSession@36c45b54]
Transaction synchronization closing SqlSession [org.apache.ibatis.session.defaults.DefaultSqlSession@36c45b54]
Creating a new SqlSession
Registering transaction synchronization for SqlSession [org.apache.ibatis.session.defaults.DefaultSqlSession@377a1763]
JDBC Connection [HikariProxyConnection@947633530 wrapping com.mysql.cj.jdbc.ConnectionImpl@247d44b4] will be managed by Spring
==>  Preparing: INSERT INTO `tb_post` (content, author_id, publish_at, last_update) VALUES (?, ?, ?, ?)
==> Parameters: 在瀑布下感受水雾的清新，让心灵得到净化。(String), 24(Long), 2024-11-13T00:19:39.542669500(LocalDateTime), 2024-11-13T00:19:39.542669500(LocalDateTime)
<==    Updates: 1
Releasing transactional SqlSession [org.apache.ibatis.session.defaults.DefaultSqlSession@377a1763]
Transaction synchronization committing SqlSession [org.apache.ibatis.session.defaults.DefaultSqlSession@377a1763]
Transaction synchronization deregistering SqlSession [org.apache.ibatis.session.defaults.DefaultSqlSession@377a1763]
Transaction synchronization closing SqlSession [org.apache.ibatis.session.defaults.DefaultSqlSession@377a1763]
Creating a new SqlSession
Registering transaction synchronization for SqlSession [org.apache.ibatis.session.defaults.DefaultSqlSession@15932faf]
JDBC Connection [HikariProxyConnection@689240342 wrapping com.mysql.cj.jdbc.ConnectionImpl@247d44b4] will be managed by Spring
==>  Preparing: INSERT INTO `tb_post` (content, author_id, publish_at, last_update) VALUES (?, ?, ?, ?)
==> Parameters: 在异国的街头，体验不同的文化和风俗。(String), 34(Long), 2024-11-13T00:19:39.542669500(LocalDateTime), 2024-11-13T00:19:39.542669500(LocalDateTime)
<==    Updates: 1
Releasing transactional SqlSession [org.apache.ibatis.session.defaults.DefaultSqlSession@15932faf]
Transaction synchronization committing SqlSession [org.apache.ibatis.session.defaults.DefaultSqlSession@15932faf]
Transaction synchronization deregistering SqlSession [org.apache.ibatis.session.defaults.DefaultSqlSession@15932faf]
Transaction synchronization closing SqlSession [org.apache.ibatis.session.defaults.DefaultSqlSession@15932faf]
Creating a new SqlSession
Registering transaction synchronization for SqlSession [org.apache.ibatis.session.defaults.DefaultSqlSession@6b02909d]
JDBC Connection [HikariProxyConnection@1111777709 wrapping com.mysql.cj.jdbc.ConnectionImpl@247d44b4] will be managed by Spring
==>  Preparing: INSERT INTO `tb_post` (content, author_id, publish_at, last_update) VALUES (?, ?, ?, ?)
==> Parameters: 在博物馆里，欣赏艺术大师的杰作。(String), 6(Long), 2024-11-13T00:19:39.568177900(LocalDateTime), 2024-11-13T00:19:39.568177900(LocalDateTime)
<==    Updates: 1
Releasing transactional SqlSession [org.apache.ibatis.session.defaults.DefaultSqlSession@6b02909d]
Transaction synchronization committing SqlSession [org.apache.ibatis.session.defaults.DefaultSqlSession@6b02909d]
Transaction synchronization deregistering SqlSession [org.apache.ibatis.session.defaults.DefaultSqlSession@6b02909d]
Transaction synchronization closing SqlSession [org.apache.ibatis.session.defaults.DefaultSqlSession@6b02909d]
Creating a new SqlSession
Registering transaction synchronization for SqlSession [org.apache.ibatis.session.defaults.DefaultSqlSession@664c411d]
JDBC Connection [HikariProxyConnection@1453158516 wrapping com.mysql.cj.jdbc.ConnectionImpl@247d44b4] will be managed by Spring
==>  Preparing: INSERT INTO `tb_post` (content, author_id, publish_at, last_update) VALUES (?, ?, ?, ?)
==> Parameters: 在温泉中放松身心，享受大自然的馈赠。(String), 69(Long), 2024-11-13T00:19:39.577810600(LocalDateTime), 2024-11-13T00:19:39.577810600(LocalDateTime)
<==    Updates: 1
Releasing transactional SqlSession [org.apache.ibatis.session.defaults.DefaultSqlSession@664c411d]
Transaction synchronization committing SqlSession [org.apache.ibatis.session.defaults.DefaultSqlSession@664c411d]
Transaction synchronization deregistering SqlSession [org.apache.ibatis.session.defaults.DefaultSqlSession@664c411d]
Transaction synchronization closing SqlSession [org.apache.ibatis.session.defaults.DefaultSqlSession@664c411d]
Creating a new SqlSession
Registering transaction synchronization for SqlSession [org.apache.ibatis.session.defaults.DefaultSqlSession@14ce13fa]
JDBC Connection [HikariProxyConnection@699017717 wrapping com.mysql.cj.jdbc.ConnectionImpl@247d44b4] will be managed by Spring
==>  Preparing: INSERT INTO `tb_post` (content, author_id, publish_at, last_update) VALUES (?, ?, ?, ?)
==> Parameters: 在滑雪场体验速度与激情，感受雪的纯净。(String), 25(Long), 2024-11-13T00:19:39.587806300(LocalDateTime), 2024-11-13T00:19:39.587806300(LocalDateTime)
<==    Updates: 1
Releasing transactional SqlSession [org.apache.ibatis.session.defaults.DefaultSqlSession@14ce13fa]
Transaction synchronization committing SqlSession [org.apache.ibatis.session.defaults.DefaultSqlSession@14ce13fa]
Transaction synchronization deregistering SqlSession [org.apache.ibatis.session.defaults.DefaultSqlSession@14ce13fa]
Transaction synchronization closing SqlSession [org.apache.ibatis.session.defaults.DefaultSqlSession@14ce13fa]
Creating a new SqlSession
Registering transaction synchronization for SqlSession [org.apache.ibatis.session.defaults.DefaultSqlSession@915c47b]
JDBC Connection [HikariProxyConnection@2055254758 wrapping com.mysql.cj.jdbc.ConnectionImpl@247d44b4] will be managed by Spring
==>  Preparing: INSERT INTO `tb_post` (content, author_id, publish_at, last_update) VALUES (?, ?, ?, ?)
==> Parameters: 在热带岛屿上，享受阳光、沙滩和海浪。(String), 22(Long), 2024-11-13T00:19:39.592703700(LocalDateTime), 2024-11-13T00:19:39.592703700(LocalDateTime)
<==    Updates: 1
Releasing transactional SqlSession [org.apache.ibatis.session.defaults.DefaultSqlSession@915c47b]
Transaction synchronization committing SqlSession [org.apache.ibatis.session.defaults.DefaultSqlSession@915c47b]
Transaction synchronization deregistering SqlSession [org.apache.ibatis.session.defaults.DefaultSqlSession@915c47b]
Transaction synchronization closing SqlSession [org.apache.ibatis.session.defaults.DefaultSqlSession@915c47b]
Creating a new SqlSession
Registering transaction synchronization for SqlSession [org.apache.ibatis.session.defaults.DefaultSqlSession@2aea7775]
JDBC Connection [HikariProxyConnection@479042249 wrapping com.mysql.cj.jdbc.ConnectionImpl@247d44b4] will be managed by Spring
==>  Preparing: INSERT INTO `tb_post` (content, author_id, publish_at, last_update) VALUES (?, ?, ?, ?)
==> Parameters: 在野生动物园，近距离观察野生动物的自然状态。(String), 2(Long), 2024-11-13T00:19:39.592703700(LocalDateTime), 2024-11-13T00:19:39.592703700(LocalDateTime)
<==    Updates: 1
Releasing transactional SqlSession [org.apache.ibatis.session.defaults.DefaultSqlSession@2aea7775]
Transaction synchronization committing SqlSession [org.apache.ibatis.session.defaults.DefaultSqlSession@2aea7775]
Transaction synchronization deregistering SqlSession [org.apache.ibatis.session.defaults.DefaultSqlSession@2aea7775]
Transaction synchronization closing SqlSession [org.apache.ibatis.session.defaults.DefaultSqlSession@2aea7775]
Creating a new SqlSession
Registering transaction synchronization for SqlSession [org.apache.ibatis.session.defaults.DefaultSqlSession@4005e63a]
JDBC Connection [HikariProxyConnection@1903906274 wrapping com.mysql.cj.jdbc.ConnectionImpl@247d44b4] will be managed by Spring
==>  Preparing: INSERT INTO `tb_post` (content, author_id, publish_at, last_update) VALUES (?, ?, ?, ?)
==> Parameters: 在古镇的小巷中，寻找那些被遗忘的故事。(String), 79(Long), 2024-11-13T00:19:39.618823(LocalDateTime), 2024-11-13T00:19:39.618823(LocalDateTime)
<==    Updates: 1
Releasing transactional SqlSession [org.apache.ibatis.session.defaults.DefaultSqlSession@4005e63a]
Transaction synchronization committing SqlSession [org.apache.ibatis.session.defaults.DefaultSqlSession@4005e63a]
Transaction synchronization deregistering SqlSession [org.apache.ibatis.session.defaults.DefaultSqlSession@4005e63a]
Transaction synchronization closing SqlSession [org.apache.ibatis.session.defaults.DefaultSqlSession@4005e63a]
Creating a new SqlSession
Registering transaction synchronization for SqlSession [org.apache.ibatis.session.defaults.DefaultSqlSession@213a2fe3]
JDBC Connection [HikariProxyConnection@693181689 wrapping com.mysql.cj.jdbc.ConnectionImpl@247d44b4] will be managed by Spring
==>  Preparing: INSERT INTO `tb_post` (content, author_id, publish_at, last_update) VALUES (?, ?, ?, ?)
==> Parameters: 在国家公园，徒步探索自然的奥秘。(String), 1(Long), 2024-11-13T00:19:39.628921(LocalDateTime), 2024-11-13T00:19:39.628921(LocalDateTime)
<==    Updates: 1
Releasing transactional SqlSession [org.apache.ibatis.session.defaults.DefaultSqlSession@213a2fe3]
Transaction synchronization committing SqlSession [org.apache.ibatis.session.defaults.DefaultSqlSession@213a2fe3]
Transaction synchronization deregistering SqlSession [org.apache.ibatis.session.defaults.DefaultSqlSession@213a2fe3]
Transaction synchronization closing SqlSession [org.apache.ibatis.session.defaults.DefaultSqlSession@213a2fe3]
Creating a new SqlSession
Registering transaction synchronization for SqlSession [org.apache.ibatis.session.defaults.DefaultSqlSession@6cf633eb]
JDBC Connection [HikariProxyConnection@1393827135 wrapping com.mysql.cj.jdbc.ConnectionImpl@247d44b4] will be managed by Spring
==>  Preparing: INSERT INTO `tb_post` (content, author_id, publish_at, last_update) VALUES (?, ?, ?, ?)
==> Parameters: 在海边的日落中，感受一天的结束和宁静。(String), 74(Long), 2024-11-13T00:19:39.638921600(LocalDateTime), 2024-11-13T00:19:39.638921600(LocalDateTime)
<==    Updates: 1
Releasing transactional SqlSession [org.apache.ibatis.session.defaults.DefaultSqlSession@6cf633eb]
Transaction synchronization committing SqlSession [org.apache.ibatis.session.defaults.DefaultSqlSession@6cf633eb]
Transaction synchronization deregistering SqlSession [org.apache.ibatis.session.defaults.DefaultSqlSession@6cf633eb]
Transaction synchronization closing SqlSession [org.apache.ibatis.session.defaults.DefaultSqlSession@6cf633eb]
Creating a new SqlSession
Registering transaction synchronization for SqlSession [org.apache.ibatis.session.defaults.DefaultSqlSession@c54e23b]
JDBC Connection [HikariProxyConnection@1323948789 wrapping com.mysql.cj.jdbc.ConnectionImpl@247d44b4] will be managed by Spring
==>  Preparing: INSERT INTO `tb_post` (content, author_id, publish_at, last_update) VALUES (?, ?, ?, ?)
==> Parameters: 在古老的寺庙里，寻找内心的平静和宁静。(String), 3(Long), 2024-11-13T00:19:39.648463800(LocalDateTime), 2024-11-13T00:19:39.648463800(LocalDateTime)
<==    Updates: 1
Releasing transactional SqlSession [org.apache.ibatis.session.defaults.DefaultSqlSession@c54e23b]
Transaction synchronization committing SqlSession [org.apache.ibatis.session.defaults.DefaultSqlSession@c54e23b]
Transaction synchronization deregistering SqlSession [org.apache.ibatis.session.defaults.DefaultSqlSession@c54e23b]
Transaction synchronization closing SqlSession [org.apache.ibatis.session.defaults.DefaultSqlSession@c54e23b]
Creating a new SqlSession
Registering transaction synchronization for SqlSession [org.apache.ibatis.session.defaults.DefaultSqlSession@156b31d]
JDBC Connection [HikariProxyConnection@212402311 wrapping com.mysql.cj.jdbc.ConnectionImpl@247d44b4] will be managed by Spring
==>  Preparing: INSERT INTO `tb_post` (content, author_id, publish_at, last_update) VALUES (?, ?, ?, ?)
==> Parameters: 在葡萄酒庄园，品尝醇香的美酒。(String), 12(Long), 2024-11-13T00:19:39.648463800(LocalDateTime), 2024-11-13T00:19:39.648463800(LocalDateTime)
<==    Updates: 1
Releasing transactional SqlSession [org.apache.ibatis.session.defaults.DefaultSqlSession@156b31d]
Transaction synchronization committing SqlSession [org.apache.ibatis.session.defaults.DefaultSqlSession@156b31d]
Transaction synchronization deregistering SqlSession [org.apache.ibatis.session.defaults.DefaultSqlSession@156b31d]
Transaction synchronization closing SqlSession [org.apache.ibatis.session.defaults.DefaultSqlSession@156b31d]
Creating a new SqlSession
Registering transaction synchronization for SqlSession [org.apache.ibatis.session.defaults.DefaultSqlSession@2b0df4ba]
JDBC Connection [HikariProxyConnection@307252553 wrapping com.mysql.cj.jdbc.ConnectionImpl@247d44b4] will be managed by Spring
==>  Preparing: INSERT INTO `tb_post` (content, author_id, publish_at, last_update) VALUES (?, ?, ?, ?)
==> Parameters: 在雪山脚下，感受大自然的壮丽和力量。(String), 24(Long), 2024-11-13T00:19:39.664028800(LocalDateTime), 2024-11-13T00:19:39.664028800(LocalDateTime)
<==    Updates: 1
Releasing transactional SqlSession [org.apache.ibatis.session.defaults.DefaultSqlSession@2b0df4ba]
Transaction synchronization committing SqlSession [org.apache.ibatis.session.defaults.DefaultSqlSession@2b0df4ba]
Transaction synchronization deregistering SqlSession [org.apache.ibatis.session.defaults.DefaultSqlSession@2b0df4ba]
Transaction synchronization closing SqlSession [org.apache.ibatis.session.defaults.DefaultSqlSession@2b0df4ba]
Creating a new SqlSession
Registering transaction synchronization for SqlSession [org.apache.ibatis.session.defaults.DefaultSqlSession@76afb9d]
JDBC Connection [HikariProxyConnection@2009641590 wrapping com.mysql.cj.jdbc.ConnectionImpl@247d44b4] will be managed by Spring
==>  Preparing: INSERT INTO `tb_post` (content, author_id, publish_at, last_update) VALUES (?, ?, ?, ?)
==> Parameters: 在热带雨林中，探索生物多样性的奇迹。(String), 5(Long), 2024-11-13T00:19:39.670028300(LocalDateTime), 2024-11-13T00:19:39.670028300(LocalDateTime)
<==    Updates: 1
Releasing transactional SqlSession [org.apache.ibatis.session.defaults.DefaultSqlSession@76afb9d]
Transaction synchronization committing SqlSession [org.apache.ibatis.session.defaults.DefaultSqlSession@76afb9d]
Transaction synchronization deregistering SqlSession [org.apache.ibatis.session.defaults.DefaultSqlSession@76afb9d]
Transaction synchronization closing SqlSession [org.apache.ibatis.session.defaults.DefaultSqlSession@76afb9d]
Creating a new SqlSession
Registering transaction synchronization for SqlSession [org.apache.ibatis.session.defaults.DefaultSqlSession@7671c02d]
JDBC Connection [HikariProxyConnection@1252310945 wrapping com.mysql.cj.jdbc.ConnectionImpl@247d44b4] will be managed by Spring
==>  Preparing: INSERT INTO `tb_post` (content, author_id, publish_at, last_update) VALUES (?, ?, ?, ?)
==> Parameters: 在沙漠中，感受无边无际的沙海和寂静。(String), 76(Long), 2024-11-13T00:19:39.675026300(LocalDateTime), 2024-11-13T00:19:39.675026300(LocalDateTime)
<==    Updates: 1
Releasing transactional SqlSession [org.apache.ibatis.session.defaults.DefaultSqlSession@7671c02d]
Transaction synchronization committing SqlSession [org.apache.ibatis.session.defaults.DefaultSqlSession@7671c02d]
Transaction synchronization deregistering SqlSession [org.apache.ibatis.session.defaults.DefaultSqlSession@7671c02d]
Transaction synchronization closing SqlSession [org.apache.ibatis.session.defaults.DefaultSqlSession@7671c02d]
Creating a new SqlSession
Registering transaction synchronization for SqlSession [org.apache.ibatis.session.defaults.DefaultSqlSession@59ac94ad]
JDBC Connection [HikariProxyConnection@293171996 wrapping com.mysql.cj.jdbc.ConnectionImpl@247d44b4] will be managed by Spring
==>  Preparing: INSERT INTO `tb_post` (content, author_id, publish_at, last_update) VALUES (?, ?, ?, ?)
==> Parameters: 在海边的度假村，享受悠闲的假期。(String), 59(Long), 2024-11-13T00:19:39.681535700(LocalDateTime), 2024-11-13T00:19:39.681535700(LocalDateTime)
<==    Updates: 1
Releasing transactional SqlSession [org.apache.ibatis.session.defaults.DefaultSqlSession@59ac94ad]
Transaction synchronization committing SqlSession [org.apache.ibatis.session.defaults.DefaultSqlSession@59ac94ad]
Transaction synchronization deregistering SqlSession [org.apache.ibatis.session.defaults.DefaultSqlSession@59ac94ad]
Transaction synchronization closing SqlSession [org.apache.ibatis.session.defaults.DefaultSqlSession@59ac94ad]
Creating a new SqlSession
Registering transaction synchronization for SqlSession [org.apache.ibatis.session.defaults.DefaultSqlSession@500e995b]
JDBC Connection [HikariProxyConnection@1239297220 wrapping com.mysql.cj.jdbc.ConnectionImpl@247d44b4] will be managed by Spring
==>  Preparing: INSERT INTO `tb_post` (content, author_id, publish_at, last_update) VALUES (?, ?, ?, ?)
==> Parameters: 在古城墙下，感受历史的沧桑和变迁。(String), 61(Long), 2024-11-13T00:19:39.686534500(LocalDateTime), 2024-11-13T00:19:39.686534500(LocalDateTime)
<==    Updates: 1
Releasing transactional SqlSession [org.apache.ibatis.session.defaults.DefaultSqlSession@500e995b]
Transaction synchronization committing SqlSession [org.apache.ibatis.session.defaults.DefaultSqlSession@500e995b]
Transaction synchronization deregistering SqlSession [org.apache.ibatis.session.defaults.DefaultSqlSession@500e995b]
Transaction synchronization closing SqlSession [org.apache.ibatis.session.defaults.DefaultSqlSession@500e995b]
Creating a new SqlSession
Registering transaction synchronization for SqlSession [org.apache.ibatis.session.defaults.DefaultSqlSession@1147a8de]
JDBC Connection [HikariProxyConnection@1945802665 wrapping com.mysql.cj.jdbc.ConnectionImpl@247d44b4] will be managed by Spring
==>  Preparing: INSERT INTO `tb_post` (content, author_id, publish_at, last_update) VALUES (?, ?, ?, ?)
==> Parameters: 在乡村的小路上，体验田园生活的宁静和美好。(String), 56(Long), 2024-11-13T00:19:39.692668100(LocalDateTime), 2024-11-13T00:19:39.692668100(LocalDateTime)
<==    Updates: 1
Releasing transactional SqlSession [org.apache.ibatis.session.defaults.DefaultSqlSession@1147a8de]
Transaction synchronization committing SqlSession [org.apache.ibatis.session.defaults.DefaultSqlSession@1147a8de]
Transaction synchronization deregistering SqlSession [org.apache.ibatis.session.defaults.DefaultSqlSession@1147a8de]
Transaction synchronization closing SqlSession [org.apache.ibatis.session.defaults.DefaultSqlSession@1147a8de]
Creating a new SqlSession
Registering transaction synchronization for SqlSession [org.apache.ibatis.session.defaults.DefaultSqlSession@3435b6d8]
JDBC Connection [HikariProxyConnection@1728999331 wrapping com.mysql.cj.jdbc.ConnectionImpl@247d44b4] will be managed by Spring
==>  Preparing: INSERT INTO `tb_post` (content, author_id, publish_at, last_update) VALUES (?, ?, ?, ?)
==> Parameters: 在主题公园，享受刺激的游乐设施和欢乐的氛围。(String), 67(Long), 2024-11-13T00:19:39.714960(LocalDateTime), 2024-11-13T00:19:39.714960(LocalDateTime)
<==    Updates: 1
Releasing transactional SqlSession [org.apache.ibatis.session.defaults.DefaultSqlSession@3435b6d8]
Transaction synchronization committing SqlSession [org.apache.ibatis.session.defaults.DefaultSqlSession@3435b6d8]
Transaction synchronization deregistering SqlSession [org.apache.ibatis.session.defaults.DefaultSqlSession@3435b6d8]
Transaction synchronization closing SqlSession [org.apache.ibatis.session.defaults.DefaultSqlSession@3435b6d8]
Creating a new SqlSession
Registering transaction synchronization for SqlSession [org.apache.ibatis.session.defaults.DefaultSqlSession@76cf849f]
JDBC Connection [HikariProxyConnection@1806206363 wrapping com.mysql.cj.jdbc.ConnectionImpl@247d44b4] will be managed by Spring
==>  Preparing: INSERT INTO `tb_post` (content, author_id, publish_at, last_update) VALUES (?, ?, ?, ?)
==> Parameters: 在艺术画廊，欣赏现代艺术的创新和多样性。(String), 79(Long), 2024-11-13T00:19:39.722959800(LocalDateTime), 2024-11-13T00:19:39.722959800(LocalDateTime)
<==    Updates: 1
Releasing transactional SqlSession [org.apache.ibatis.session.defaults.DefaultSqlSession@76cf849f]
Transaction synchronization committing SqlSession [org.apache.ibatis.session.defaults.DefaultSqlSession@76cf849f]
Transaction synchronization deregistering SqlSession [org.apache.ibatis.session.defaults.DefaultSqlSession@76cf849f]
Transaction synchronization closing SqlSession [org.apache.ibatis.session.defaults.DefaultSqlSession@76cf849f]
Creating a new SqlSession
Registering transaction synchronization for SqlSession [org.apache.ibatis.session.defaults.DefaultSqlSession@1fcef7]
JDBC Connection [HikariProxyConnection@594176554 wrapping com.mysql.cj.jdbc.ConnectionImpl@247d44b4] will be managed by Spring
==>  Preparing: INSERT INTO `tb_post` (content, author_id, publish_at, last_update) VALUES (?, ?, ?, ?)
==> Parameters: 在历史遗迹中，感受古代文明的智慧和辉煌。(String), 63(Long), 2024-11-13T00:19:39.729669700(LocalDateTime), 2024-11-13T00:19:39.729669700(LocalDateTime)
<==    Updates: 1
Releasing transactional SqlSession [org.apache.ibatis.session.defaults.DefaultSqlSession@1fcef7]
Transaction synchronization committing SqlSession [org.apache.ibatis.session.defaults.DefaultSqlSession@1fcef7]
Transaction synchronization deregistering SqlSession [org.apache.ibatis.session.defaults.DefaultSqlSession@1fcef7]
Transaction synchronization closing SqlSession [org.apache.ibatis.session.defaults.DefaultSqlSession@1fcef7]
Creating a new SqlSession
Registering transaction synchronization for SqlSession [org.apache.ibatis.session.defaults.DefaultSqlSession@5854e526]
JDBC Connection [HikariProxyConnection@109519361 wrapping com.mysql.cj.jdbc.ConnectionImpl@247d44b4] will be managed by Spring
==>  Preparing: INSERT INTO `tb_post` (content, author_id, publish_at, last_update) VALUES (?, ?, ?, ?)
==> Parameters: 在海滨城市，享受海鲜大餐和海风的吹拂。(String), 44(Long), 2024-11-13T00:19:39.735678900(LocalDateTime), 2024-11-13T00:19:39.735678900(LocalDateTime)
<==    Updates: 1
Releasing transactional SqlSession [org.apache.ibatis.session.defaults.DefaultSqlSession@5854e526]
Transaction synchronization committing SqlSession [org.apache.ibatis.session.defaults.DefaultSqlSession@5854e526]
Transaction synchronization deregistering SqlSession [org.apache.ibatis.session.defaults.DefaultSqlSession@5854e526]
Transaction synchronization closing SqlSession [org.apache.ibatis.session.defaults.DefaultSqlSession@5854e526]
Creating a new SqlSession
Registering transaction synchronization for SqlSession [org.apache.ibatis.session.defaults.DefaultSqlSession@4e293c35]
JDBC Connection [HikariProxyConnection@1085982244 wrapping com.mysql.cj.jdbc.ConnectionImpl@247d44b4] will be managed by Spring
==>  Preparing: INSERT INTO `tb_post` (content, author_id, publish_at, last_update) VALUES (?, ?, ?, ?)
==> Parameters: 在山间的小木屋，享受与世隔绝的宁静。(String), 74(Long), 2024-11-13T00:19:39.740669100(LocalDateTime), 2024-11-13T00:19:39.740669100(LocalDateTime)
<==    Updates: 1
Releasing transactional SqlSession [org.apache.ibatis.session.defaults.DefaultSqlSession@4e293c35]
Transaction synchronization committing SqlSession [org.apache.ibatis.session.defaults.DefaultSqlSession@4e293c35]
Transaction synchronization deregistering SqlSession [org.apache.ibatis.session.defaults.DefaultSqlSession@4e293c35]
Transaction synchronization closing SqlSession [org.apache.ibatis.session.defaults.DefaultSqlSession@4e293c35]
Creating a new SqlSession
Registering transaction synchronization for SqlSession [org.apache.ibatis.session.defaults.DefaultSqlSession@613d42ab]
JDBC Connection [HikariProxyConnection@746092315 wrapping com.mysql.cj.jdbc.ConnectionImpl@247d44b4] will be managed by Spring
==>  Preparing: INSERT INTO `tb_post` (content, author_id, publish_at, last_update) VALUES (?, ?, ?, ?)
==> Parameters: 在河流的源头，感受生命的起源和流动。(String), 82(Long), 2024-11-13T00:19:39.745576700(LocalDateTime), 2024-11-13T00:19:39.745576700(LocalDateTime)
<==    Updates: 1
Releasing transactional SqlSession [org.apache.ibatis.session.defaults.DefaultSqlSession@613d42ab]
Transaction synchronization committing SqlSession [org.apache.ibatis.session.defaults.DefaultSqlSession@613d42ab]
Transaction synchronization deregistering SqlSession [org.apache.ibatis.session.defaults.DefaultSqlSession@613d42ab]
Transaction synchronization closing SqlSession [org.apache.ibatis.session.defaults.DefaultSqlSession@613d42ab]
Creating a new SqlSession
Registering transaction synchronization for SqlSession [org.apache.ibatis.session.defaults.DefaultSqlSession@77035caa]
JDBC Connection [HikariProxyConnection@1981638559 wrapping com.mysql.cj.jdbc.ConnectionImpl@247d44b4] will be managed by Spring
==>  Preparing: INSERT INTO `tb_post` (content, author_id, publish_at, last_update) VALUES (?, ?, ?, ?)
==> Parameters: 在古老的教堂里，感受神圣和庄严的氛围。(String), 23(Long), 2024-11-13T00:19:39.759717900(LocalDateTime), 2024-11-13T00:19:39.759717900(LocalDateTime)
<==    Updates: 1
Releasing transactional SqlSession [org.apache.ibatis.session.defaults.DefaultSqlSession@77035caa]
Transaction synchronization committing SqlSession [org.apache.ibatis.session.defaults.DefaultSqlSession@77035caa]
Transaction synchronization deregistering SqlSession [org.apache.ibatis.session.defaults.DefaultSqlSession@77035caa]
Transaction synchronization closing SqlSession [org.apache.ibatis.session.defaults.DefaultSqlSession@77035caa]
Creating a new SqlSession
Registering transaction synchronization for SqlSession [org.apache.ibatis.session.defaults.DefaultSqlSession@1eb3a6a3]
JDBC Connection [HikariProxyConnection@459899620 wrapping com.mysql.cj.jdbc.ConnectionImpl@247d44b4] will be managed by Spring
==>  Preparing: INSERT INTO `tb_post` (content, author_id, publish_at, last_update) VALUES (?, ?, ?, ?)
==> Parameters: 在花园中，欣赏四季花卉的美丽和芬芳。(String), 4(Long), 2024-11-13T00:19:39.768717700(LocalDateTime), 2024-11-13T00:19:39.768717700(LocalDateTime)
<==    Updates: 1
Releasing transactional SqlSession [org.apache.ibatis.session.defaults.DefaultSqlSession@1eb3a6a3]
Transaction synchronization committing SqlSession [org.apache.ibatis.session.defaults.DefaultSqlSession@1eb3a6a3]
Transaction synchronization deregistering SqlSession [org.apache.ibatis.session.defaults.DefaultSqlSession@1eb3a6a3]
Transaction synchronization closing SqlSession [org.apache.ibatis.session.defaults.DefaultSqlSession@1eb3a6a3]
Creating a new SqlSession
Registering transaction synchronization for SqlSession [org.apache.ibatis.session.defaults.DefaultSqlSession@49c3487f]
JDBC Connection [HikariProxyConnection@1673559727 wrapping com.mysql.cj.jdbc.ConnectionImpl@247d44b4] will be managed by Spring
==>  Preparing: INSERT INTO `tb_post` (content, author_id, publish_at, last_update) VALUES (?, ?, ?, ?)
==> Parameters: 在海岸线上，感受海浪的拍打和海风的吹拂。(String), 77(Long), 2024-11-13T00:19:39.777462700(LocalDateTime), 2024-11-13T00:19:39.777462700(LocalDateTime)
<==    Updates: 1
Releasing transactional SqlSession [org.apache.ibatis.session.defaults.DefaultSqlSession@49c3487f]
Transaction synchronization committing SqlSession [org.apache.ibatis.session.defaults.DefaultSqlSession@49c3487f]
Transaction synchronization deregistering SqlSession [org.apache.ibatis.session.defaults.DefaultSqlSession@49c3487f]
Transaction synchronization closing SqlSession [org.apache.ibatis.session.defaults.DefaultSqlSession@49c3487f]
Creating a new SqlSession
Registering transaction synchronization for SqlSession [org.apache.ibatis.session.defaults.DefaultSqlSession@2daf650b]
JDBC Connection [HikariProxyConnection@1595746058 wrapping com.mysql.cj.jdbc.ConnectionImpl@247d44b4] will be managed by Spring
==>  Preparing: INSERT INTO `tb_post` (content, author_id, publish_at, last_update) VALUES (?, ?, ?, ?)
==> Parameters: 在滑雪度假村，享受冬日的浪漫和乐趣。(String), 53(Long), 2024-11-13T00:19:39.867843600(LocalDateTime), 2024-11-13T00:19:39.867843600(LocalDateTime)
<==    Updates: 1
Releasing transactional SqlSession [org.apache.ibatis.session.defaults.DefaultSqlSession@2daf650b]
Transaction synchronization committing SqlSession [org.apache.ibatis.session.defaults.DefaultSqlSession@2daf650b]
Transaction synchronization deregistering SqlSession [org.apache.ibatis.session.defaults.DefaultSqlSession@2daf650b]
Transaction synchronization closing SqlSession [org.apache.ibatis.session.defaults.DefaultSqlSession@2daf650b]
Creating a new SqlSession
Registering transaction synchronization for SqlSession [org.apache.ibatis.session.defaults.DefaultSqlSession@4e7d77ec]
JDBC Connection [HikariProxyConnection@1967467265 wrapping com.mysql.cj.jdbc.ConnectionImpl@247d44b4] will be managed by Spring
==>  Preparing: INSERT INTO `tb_post` (content, author_id, publish_at, last_update) VALUES (?, ?, ?, ?)
==> Parameters: 在热带海滩上，享受阳光浴和清凉的海水。(String), 66(Long), 2024-11-13T00:19:39.877723800(LocalDateTime), 2024-11-13T00:19:39.877723800(LocalDateTime)
<==    Updates: 1
Releasing transactional SqlSession [org.apache.ibatis.session.defaults.DefaultSqlSession@4e7d77ec]
Transaction synchronization committing SqlSession [org.apache.ibatis.session.defaults.DefaultSqlSession@4e7d77ec]
Transaction synchronization deregistering SqlSession [org.apache.ibatis.session.defaults.DefaultSqlSession@4e7d77ec]
Transaction synchronization closing SqlSession [org.apache.ibatis.session.defaults.DefaultSqlSession@4e7d77ec]
Creating a new SqlSession
Registering transaction synchronization for SqlSession [org.apache.ibatis.session.defaults.DefaultSqlSession@fd07138]
JDBC Connection [HikariProxyConnection@1662314855 wrapping com.mysql.cj.jdbc.ConnectionImpl@247d44b4] will be managed by Spring
==>  Preparing: INSERT INTO `tb_post` (content, author_id, publish_at, last_update) VALUES (?, ?, ?, ?)
==> Parameters: 在城市的最高点，俯瞰整个城市的繁华和活力。(String), 68(Long), 2024-11-13T00:19:39.886720700(LocalDateTime), 2024-11-13T00:19:39.886720700(LocalDateTime)
<==    Updates: 1
Releasing transactional SqlSession [org.apache.ibatis.session.defaults.DefaultSqlSession@fd07138]
Transaction synchronization committing SqlSession [org.apache.ibatis.session.defaults.DefaultSqlSession@fd07138]
Transaction synchronization deregistering SqlSession [org.apache.ibatis.session.defaults.DefaultSqlSession@fd07138]
Transaction synchronization closing SqlSession [org.apache.ibatis.session.defaults.DefaultSqlSession@fd07138]
Creating a new SqlSession
Registering transaction synchronization for SqlSession [org.apache.ibatis.session.defaults.DefaultSqlSession@1d0b4b69]
JDBC Connection [HikariProxyConnection@426229810 wrapping com.mysql.cj.jdbc.ConnectionImpl@247d44b4] will be managed by Spring
==>  Preparing: INSERT INTO `tb_post` (content, author_id, publish_at, last_update) VALUES (?, ?, ?, ?)
==> Parameters: 在古老的宫殿里，感受皇室的奢华和权力。(String), 70(Long), 2024-11-13T00:19:39.892669800(LocalDateTime), 2024-11-13T00:19:39.892669800(LocalDateTime)
<==    Updates: 1
Releasing transactional SqlSession [org.apache.ibatis.session.defaults.DefaultSqlSession@1d0b4b69]
Transaction synchronization committing SqlSession [org.apache.ibatis.session.defaults.DefaultSqlSession@1d0b4b69]
Transaction synchronization deregistering SqlSession [org.apache.ibatis.session.defaults.DefaultSqlSession@1d0b4b69]
Transaction synchronization closing SqlSession [org.apache.ibatis.session.defaults.DefaultSqlSession@1d0b4b69]
Creating a new SqlSession
Registering transaction synchronization for SqlSession [org.apache.ibatis.session.defaults.DefaultSqlSession@628190ec]
JDBC Connection [HikariProxyConnection@1769445348 wrapping com.mysql.cj.jdbc.ConnectionImpl@247d44b4] will be managed by Spring
==>  Preparing: INSERT INTO `tb_post` (content, author_id, publish_at, last_update) VALUES (?, ?, ?, ?)
==> Parameters: 在乡村的田野中，体验收获的喜悦和自然的赠予。(String), 67(Long), 2024-11-13T00:19:39.892669800(LocalDateTime), 2024-11-13T00:19:39.892669800(LocalDateTime)
<==    Updates: 1
Releasing transactional SqlSession [org.apache.ibatis.session.defaults.DefaultSqlSession@628190ec]
Transaction synchronization committing SqlSession [org.apache.ibatis.session.defaults.DefaultSqlSession@628190ec]
Transaction synchronization deregistering SqlSession [org.apache.ibatis.session.defaults.DefaultSqlSession@628190ec]
Transaction synchronization closing SqlSession [org.apache.ibatis.session.defaults.DefaultSqlSession@628190ec]
Creating a new SqlSession
Registering transaction synchronization for SqlSession [org.apache.ibatis.session.defaults.DefaultSqlSession@16750a5e]
JDBC Connection [HikariProxyConnection@640592192 wrapping com.mysql.cj.jdbc.ConnectionImpl@247d44b4] will be managed by Spring
==>  Preparing: INSERT INTO `tb_post` (content, author_id, publish_at, last_update) VALUES (?, ?, ?, ?)
==> Parameters: 在湖泊的岸边，享受宁静的垂钓时光。(String), 85(Long), 2024-11-13T00:19:39.914830300(LocalDateTime), 2024-11-13T00:19:39.914830300(LocalDateTime)
<==    Updates: 1
Releasing transactional SqlSession [org.apache.ibatis.session.defaults.DefaultSqlSession@16750a5e]
Transaction synchronization committing SqlSession [org.apache.ibatis.session.defaults.DefaultSqlSession@16750a5e]
Transaction synchronization deregistering SqlSession [org.apache.ibatis.session.defaults.DefaultSqlSession@16750a5e]
Transaction synchronization closing SqlSession [org.apache.ibatis.session.defaults.DefaultSqlSession@16750a5e]
Creating a new SqlSession
Registering transaction synchronization for SqlSession [org.apache.ibatis.session.defaults.DefaultSqlSession@54eea16c]
JDBC Connection [HikariProxyConnection@1737341118 wrapping com.mysql.cj.jdbc.ConnectionImpl@247d44b4] will be managed by Spring
==>  Preparing: INSERT INTO `tb_post` (content, author_id, publish_at, last_update) VALUES (?, ?, ?, ?)
==> Parameters: 在森林中的小径，探索自然的神秘和宁静。(String), 91(Long), 2024-11-13T00:19:39.923835100(LocalDateTime), 2024-11-13T00:19:39.923835100(LocalDateTime)
<==    Updates: 1
Releasing transactional SqlSession [org.apache.ibatis.session.defaults.DefaultSqlSession@54eea16c]
Transaction synchronization committing SqlSession [org.apache.ibatis.session.defaults.DefaultSqlSession@54eea16c]
Transaction synchronization deregistering SqlSession [org.apache.ibatis.session.defaults.DefaultSqlSession@54eea16c]
Transaction synchronization closing SqlSession [org.apache.ibatis.session.defaults.DefaultSqlSession@54eea16c]
Creating a new SqlSession
Registering transaction synchronization for SqlSession [org.apache.ibatis.session.defaults.DefaultSqlSession@1a56cb99]
JDBC Connection [HikariProxyConnection@1523346593 wrapping com.mysql.cj.jdbc.ConnectionImpl@247d44b4] will be managed by Spring
==>  Preparing: INSERT INTO `tb_post` (content, author_id, publish_at, last_update) VALUES (?, ?, ?, ?)
==> Parameters: 在火山脚下，感受地球的力量和活力。(String), 30(Long), 2024-11-13T00:19:39.935823400(LocalDateTime), 2024-11-13T00:19:39.935823400(LocalDateTime)
<==    Updates: 1
Releasing transactional SqlSession [org.apache.ibatis.session.defaults.DefaultSqlSession@1a56cb99]
Transaction synchronization committing SqlSession [org.apache.ibatis.session.defaults.DefaultSqlSession@1a56cb99]
Transaction synchronization deregistering SqlSession [org.apache.ibatis.session.defaults.DefaultSqlSession@1a56cb99]
Transaction synchronization closing SqlSession [org.apache.ibatis.session.defaults.DefaultSqlSession@1a56cb99]
Creating a new SqlSession
Registering transaction synchronization for SqlSession [org.apache.ibatis.session.defaults.DefaultSqlSession@a479c0c]
JDBC Connection [HikariProxyConnection@846919473 wrapping com.mysql.cj.jdbc.ConnectionImpl@247d44b4] will be managed by Spring
==>  Preparing: INSERT INTO `tb_post` (content, author_id, publish_at, last_update) VALUES (?, ?, ?, ?)
==> Parameters: 在海滨的酒吧，享受海风和音乐的陪伴。(String), 9(Long), 2024-11-13T00:19:39.945090600(LocalDateTime), 2024-11-13T00:19:39.945090600(LocalDateTime)
<==    Updates: 1
Releasing transactional SqlSession [org.apache.ibatis.session.defaults.DefaultSqlSession@a479c0c]
Transaction synchronization committing SqlSession [org.apache.ibatis.session.defaults.DefaultSqlSession@a479c0c]
Transaction synchronization deregistering SqlSession [org.apache.ibatis.session.defaults.DefaultSqlSession@a479c0c]
Transaction synchronization closing SqlSession [org.apache.ibatis.session.defaults.DefaultSqlSession@a479c0c]
Creating a new SqlSession
Registering transaction synchronization for SqlSession [org.apache.ibatis.session.defaults.DefaultSqlSession@10fa270e]
JDBC Connection [HikariProxyConnection@1371955400 wrapping com.mysql.cj.jdbc.ConnectionImpl@247d44b4] will be managed by Spring
==>  Preparing: INSERT INTO `tb_post` (content, author_id, publish_at, last_update) VALUES (?, ?, ?, ?)
==> Parameters: 在城市的老街区，寻找那些被遗忘的故事和文化。(String), 21(Long), 2024-11-13T00:19:39.946176400(LocalDateTime), 2024-11-13T00:19:39.946176400(LocalDateTime)
<==    Updates: 1
Releasing transactional SqlSession [org.apache.ibatis.session.defaults.DefaultSqlSession@10fa270e]
Transaction synchronization committing SqlSession [org.apache.ibatis.session.defaults.DefaultSqlSession@10fa270e]
Transaction synchronization deregistering SqlSession [org.apache.ibatis.session.defaults.DefaultSqlSession@10fa270e]
Transaction synchronization closing SqlSession [org.apache.ibatis.session.defaults.DefaultSqlSession@10fa270e]
Creating a new SqlSession
Registering transaction synchronization for SqlSession [org.apache.ibatis.session.defaults.DefaultSqlSession@1985f8e3]
JDBC Connection [HikariProxyConnection@980595401 wrapping com.mysql.cj.jdbc.ConnectionImpl@247d44b4] will be managed by Spring
==>  Preparing: INSERT INTO `tb_post` (content, author_id, publish_at, last_update) VALUES (?, ?, ?, ?)
==> Parameters: 在山间的温泉，享受温泉水的疗愈和放松。(String), 76(Long), 2024-11-13T00:19:39.963839600(LocalDateTime), 2024-11-13T00:19:39.963839600(LocalDateTime)
<==    Updates: 1
Releasing transactional SqlSession [org.apache.ibatis.session.defaults.DefaultSqlSession@1985f8e3]
Transaction synchronization committing SqlSession [org.apache.ibatis.session.defaults.DefaultSqlSession@1985f8e3]
Transaction synchronization deregistering SqlSession [org.apache.ibatis.session.defaults.DefaultSqlSession@1985f8e3]
Transaction synchronization closing SqlSession [org.apache.ibatis.session.defaults.DefaultSqlSession@1985f8e3]
Creating a new SqlSession
Registering transaction synchronization for SqlSession [org.apache.ibatis.session.defaults.DefaultSqlSession@53d3ae89]
JDBC Connection [HikariProxyConnection@197678392 wrapping com.mysql.cj.jdbc.ConnectionImpl@247d44b4] will be managed by Spring
==>  Preparing: INSERT INTO `tb_post` (content, author_id, publish_at, last_update) VALUES (?, ?, ?, ?)
==> Parameters: 在城市的夜景中，感受灯光的璀璨和城市的活力。(String), 87(Long), 2024-11-13T00:19:39.968836500(LocalDateTime), 2024-11-13T00:19:39.968836500(LocalDateTime)
<==    Updates: 1
Releasing transactional SqlSession [org.apache.ibatis.session.defaults.DefaultSqlSession@53d3ae89]
Transaction synchronization committing SqlSession [org.apache.ibatis.session.defaults.DefaultSqlSession@53d3ae89]
Transaction synchronization deregistering SqlSession [org.apache.ibatis.session.defaults.DefaultSqlSession@53d3ae89]
Transaction synchronization closing SqlSession [org.apache.ibatis.session.defaults.DefaultSqlSession@53d3ae89]
Creating a new SqlSession
Registering transaction synchronization for SqlSession [org.apache.ibatis.session.defaults.DefaultSqlSession@18d76c14]
JDBC Connection [HikariProxyConnection@1880223456 wrapping com.mysql.cj.jdbc.ConnectionImpl@247d44b4] will be managed by Spring
==>  Preparing: INSERT INTO `tb_post` (content, author_id, publish_at, last_update) VALUES (?, ?, ?, ?)
==> Parameters: 在乡村的果园，品尝新鲜的水果和体验农耕的乐趣。(String), 13(Long), 2024-11-13T00:19:39.973844300(LocalDateTime), 2024-11-13T00:19:39.973844300(LocalDateTime)
<==    Updates: 1
Releasing transactional SqlSession [org.apache.ibatis.session.defaults.DefaultSqlSession@18d76c14]
Transaction synchronization committing SqlSession [org.apache.ibatis.session.defaults.DefaultSqlSession@18d76c14]
Transaction synchronization deregistering SqlSession [org.apache.ibatis.session.defaults.DefaultSqlSession@18d76c14]
Transaction synchronization closing SqlSession [org.apache.ibatis.session.defaults.DefaultSqlSession@18d76c14]
Creating a new SqlSession
Registering transaction synchronization for SqlSession [org.apache.ibatis.session.defaults.DefaultSqlSession@5beda06e]
JDBC Connection [HikariProxyConnection@1184331817 wrapping com.mysql.cj.jdbc.ConnectionImpl@247d44b4] will be managed by Spring
==>  Preparing: INSERT INTO `tb_post` (content, author_id, publish_at, last_update) VALUES (?, ?, ?, ?)
==> Parameters: 在沙漠的绿洲，感受生命的顽强和自然的奇迹。(String), 65(Long), 2024-11-13T00:19:39.979958800(LocalDateTime), 2024-11-13T00:19:39.979958800(LocalDateTime)
<==    Updates: 1
Releasing transactional SqlSession [org.apache.ibatis.session.defaults.DefaultSqlSession@5beda06e]
Transaction synchronization committing SqlSession [org.apache.ibatis.session.defaults.DefaultSqlSession@5beda06e]
Transaction synchronization deregistering SqlSession [org.apache.ibatis.session.defaults.DefaultSqlSession@5beda06e]
Transaction synchronization closing SqlSession [org.apache.ibatis.session.defaults.DefaultSqlSession@5beda06e]
Creating a new SqlSession
Registering transaction synchronization for SqlSession [org.apache.ibatis.session.defaults.DefaultSqlSession@17da6e45]
JDBC Connection [HikariProxyConnection@367698638 wrapping com.mysql.cj.jdbc.ConnectionImpl@247d44b4] will be managed by Spring
==>  Preparing: INSERT INTO `tb_post` (content, author_id, publish_at, last_update) VALUES (?, ?, ?, ?)
==> Parameters: 在城市的公园，享受城市的绿肺和休闲的时光。(String), 45(Long), 2024-11-13T00:19:39.985006400(LocalDateTime), 2024-11-13T00:19:39.985006400(LocalDateTime)
<==    Updates: 1
Releasing transactional SqlSession [org.apache.ibatis.session.defaults.DefaultSqlSession@17da6e45]
Transaction synchronization committing SqlSession [org.apache.ibatis.session.defaults.DefaultSqlSession@17da6e45]
Transaction synchronization deregistering SqlSession [org.apache.ibatis.session.defaults.DefaultSqlSession@17da6e45]
Transaction synchronization closing SqlSession [org.apache.ibatis.session.defaults.DefaultSqlSession@17da6e45]
Creating a new SqlSession
Registering transaction synchronization for SqlSession [org.apache.ibatis.session.defaults.DefaultSqlSession@3b25ce5e]
JDBC Connection [HikariProxyConnection@461640598 wrapping com.mysql.cj.jdbc.ConnectionImpl@247d44b4] will be managed by Spring
==>  Preparing: INSERT INTO `tb_post` (content, author_id, publish_at, last_update) VALUES (?, ?, ?, ?)
==> Parameters: 在山间的小溪，感受清澈的溪水和自然的宁静。(String), 14(Long), 2024-11-13T00:19:39.990990(LocalDateTime), 2024-11-13T00:19:39.990990(LocalDateTime)
<==    Updates: 1
Releasing transactional SqlSession [org.apache.ibatis.session.defaults.DefaultSqlSession@3b25ce5e]
Transaction synchronization committing SqlSession [org.apache.ibatis.session.defaults.DefaultSqlSession@3b25ce5e]
Transaction synchronization deregistering SqlSession [org.apache.ibatis.session.defaults.DefaultSqlSession@3b25ce5e]
Transaction synchronization closing SqlSession [org.apache.ibatis.session.defaults.DefaultSqlSession@3b25ce5e]
Creating a new SqlSession
Registering transaction synchronization for SqlSession [org.apache.ibatis.session.defaults.DefaultSqlSession@796d0b43]
JDBC Connection [HikariProxyConnection@1120858287 wrapping com.mysql.cj.jdbc.ConnectionImpl@247d44b4] will be managed by Spring
==>  Preparing: INSERT INTO `tb_post` (content, author_id, publish_at, last_update) VALUES (?, ?, ?, ?)
==> Parameters: 在城市的博物馆，了解城市的历史和文化。(String), 44(Long), 2024-11-13T00:19:39.992671800(LocalDateTime), 2024-11-13T00:19:39.992671800(LocalDateTime)
<==    Updates: 1
Releasing transactional SqlSession [org.apache.ibatis.session.defaults.DefaultSqlSession@796d0b43]
Transaction synchronization committing SqlSession [org.apache.ibatis.session.defaults.DefaultSqlSession@796d0b43]
Transaction synchronization deregistering SqlSession [org.apache.ibatis.session.defaults.DefaultSqlSession@796d0b43]
Transaction synchronization closing SqlSession [org.apache.ibatis.session.defaults.DefaultSqlSession@796d0b43]
Creating a new SqlSession
Registering transaction synchronization for SqlSession [org.apache.ibatis.session.defaults.DefaultSqlSession@623cd12e]
JDBC Connection [HikariProxyConnection@1517664980 wrapping com.mysql.cj.jdbc.ConnectionImpl@247d44b4] will be managed by Spring
==>  Preparing: INSERT INTO `tb_post` (content, author_id, publish_at, last_update) VALUES (?, ?, ?, ?)
==> Parameters: 在乡村的民宿，体验家的温暖和乡村的宁静。(String), 11(Long), 2024-11-13T00:19:39.992671800(LocalDateTime), 2024-11-13T00:19:39.992671800(LocalDateTime)
<==    Updates: 1
Releasing transactional SqlSession [org.apache.ibatis.session.defaults.DefaultSqlSession@623cd12e]
Transaction synchronization committing SqlSession [org.apache.ibatis.session.defaults.DefaultSqlSession@623cd12e]
Transaction synchronization deregistering SqlSession [org.apache.ibatis.session.defaults.DefaultSqlSession@623cd12e]
Transaction synchronization closing SqlSession [org.apache.ibatis.session.defaults.DefaultSqlSession@623cd12e]
Creating a new SqlSession
Registering transaction synchronization for SqlSession [org.apache.ibatis.session.defaults.DefaultSqlSession@34e4a136]
JDBC Connection [HikariProxyConnection@665743262 wrapping com.mysql.cj.jdbc.ConnectionImpl@247d44b4] will be managed by Spring
==>  Preparing: INSERT INTO `tb_post` (content, author_id, publish_at, last_update) VALUES (?, ?, ?, ?)
==> Parameters: 在城市的摩天大楼，感受现代都市的繁华和力量。(String), 71(Long), 2024-11-13T00:19:40.008297(LocalDateTime), 2024-11-13T00:19:40.008297(LocalDateTime)
<==    Updates: 1
Releasing transactional SqlSession [org.apache.ibatis.session.defaults.DefaultSqlSession@34e4a136]
Transaction synchronization committing SqlSession [org.apache.ibatis.session.defaults.DefaultSqlSession@34e4a136]
Transaction synchronization deregistering SqlSession [org.apache.ibatis.session.defaults.DefaultSqlSession@34e4a136]
Transaction synchronization closing SqlSession [org.apache.ibatis.session.defaults.DefaultSqlSession@34e4a136]
Creating a new SqlSession
Registering transaction synchronization for SqlSession [org.apache.ibatis.session.defaults.DefaultSqlSession@1da2219c]
JDBC Connection [HikariProxyConnection@1935076497 wrapping com.mysql.cj.jdbc.ConnectionImpl@247d44b4] will be managed by Spring
==>  Preparing: INSERT INTO `tb_post` (content, author_id, publish_at, last_update) VALUES (?, ?, ?, ?)
==> Parameters: 在乡村的田野，感受四季的变化和自然的赠予。(String), 32(Long), 2024-11-13T00:19:40.014262100(LocalDateTime), 2024-11-13T00:19:40.014262100(LocalDateTime)
<==    Updates: 1
Releasing transactional SqlSession [org.apache.ibatis.session.defaults.DefaultSqlSession@1da2219c]
Transaction synchronization committing SqlSession [org.apache.ibatis.session.defaults.DefaultSqlSession@1da2219c]
Transaction synchronization deregistering SqlSession [org.apache.ibatis.session.defaults.DefaultSqlSession@1da2219c]
Transaction synchronization closing SqlSession [org.apache.ibatis.session.defaults.DefaultSqlSession@1da2219c]
Creating a new SqlSession
Registering transaction synchronization for SqlSession [org.apache.ibatis.session.defaults.DefaultSqlSession@5915ab69]
JDBC Connection [HikariProxyConnection@597739507 wrapping com.mysql.cj.jdbc.ConnectionImpl@247d44b4] will be managed by Spring
==>  Preparing: INSERT INTO `tb_post` (content, author_id, publish_at, last_update) VALUES (?, ?, ?, ?)
==> Parameters: 在山间的古道，寻找历史的足迹和自然的美景。(String), 57(Long), 2024-11-13T00:19:40.019259800(LocalDateTime), 2024-11-13T00:19:40.019259800(LocalDateTime)
<==    Updates: 1
Releasing transactional SqlSession [org.apache.ibatis.session.defaults.DefaultSqlSession@5915ab69]
Transaction synchronization committing SqlSession [org.apache.ibatis.session.defaults.DefaultSqlSession@5915ab69]
Transaction synchronization deregistering SqlSession [org.apache.ibatis.session.defaults.DefaultSqlSession@5915ab69]
Transaction synchronization closing SqlSession [org.apache.ibatis.session.defaults.DefaultSqlSession@5915ab69]
Creating a new SqlSession
Registering transaction synchronization for SqlSession [org.apache.ibatis.session.defaults.DefaultSqlSession@7475f57e]
JDBC Connection [HikariProxyConnection@255640288 wrapping com.mysql.cj.jdbc.ConnectionImpl@247d44b4] will be managed by Spring
==>  Preparing: INSERT INTO `tb_post` (content, author_id, publish_at, last_update) VALUES (?, ?, ?, ?)
==> Parameters: 在城市的美术馆，欣赏艺术作品的美丽和创意。(String), 69(Long), 2024-11-13T00:19:40.024258700(LocalDateTime), 2024-11-13T00:19:40.024258700(LocalDateTime)
<==    Updates: 1
Releasing transactional SqlSession [org.apache.ibatis.session.defaults.DefaultSqlSession@7475f57e]
Transaction synchronization committing SqlSession [org.apache.ibatis.session.defaults.DefaultSqlSession@7475f57e]
Transaction synchronization deregistering SqlSession [org.apache.ibatis.session.defaults.DefaultSqlSession@7475f57e]
Transaction synchronization closing SqlSession [org.apache.ibatis.session.defaults.DefaultSqlSession@7475f57e]
Creating a new SqlSession
Registering transaction synchronization for SqlSession [org.apache.ibatis.session.defaults.DefaultSqlSession@3020f22]
JDBC Connection [HikariProxyConnection@1247260007 wrapping com.mysql.cj.jdbc.ConnectionImpl@247d44b4] will be managed by Spring
==>  Preparing: INSERT INTO `tb_post` (content, author_id, publish_at, last_update) VALUES (?, ?, ?, ?)
==> Parameters: 在乡村的集市，体验当地的风土人情和购买手工艺品。(String), 54(Long), 2024-11-13T00:19:40.033697600(LocalDateTime), 2024-11-13T00:19:40.033697600(LocalDateTime)
<==    Updates: 1
Releasing transactional SqlSession [org.apache.ibatis.session.defaults.DefaultSqlSession@3020f22]
Transaction synchronization committing SqlSession [org.apache.ibatis.session.defaults.DefaultSqlSession@3020f22]
Transaction synchronization deregistering SqlSession [org.apache.ibatis.session.defaults.DefaultSqlSession@3020f22]
Transaction synchronization closing SqlSession [org.apache.ibatis.session.defaults.DefaultSqlSession@3020f22]
Creating a new SqlSession
Registering transaction synchronization for SqlSession [org.apache.ibatis.session.defaults.DefaultSqlSession@616d9a6d]
JDBC Connection [HikariProxyConnection@1387584124 wrapping com.mysql.cj.jdbc.ConnectionImpl@247d44b4] will be managed by Spring
==>  Preparing: INSERT INTO `tb_post` (content, author_id, publish_at, last_update) VALUES (?, ?, ?, ?)
==> Parameters: 在沙漠的星空下，感受宇宙的浩瀚和神秘。(String), 75(Long), 2024-11-13T00:19:40.042591100(LocalDateTime), 2024-11-13T00:19:40.042591100(LocalDateTime)
<==    Updates: 1
Releasing transactional SqlSession [org.apache.ibatis.session.defaults.DefaultSqlSession@616d9a6d]
Transaction synchronization committing SqlSession [org.apache.ibatis.session.defaults.DefaultSqlSession@616d9a6d]
Transaction synchronization deregistering SqlSession [org.apache.ibatis.session.defaults.DefaultSqlSession@616d9a6d]
Transaction synchronization closing SqlSession [org.apache.ibatis.session.defaults.DefaultSqlSession@616d9a6d]
Creating a new SqlSession
Registering transaction synchronization for SqlSession [org.apache.ibatis.session.defaults.DefaultSqlSession@6c6fdf5d]
JDBC Connection [HikariProxyConnection@1496199518 wrapping com.mysql.cj.jdbc.ConnectionImpl@247d44b4] will be managed by Spring
==>  Preparing: INSERT INTO `tb_post` (content, author_id, publish_at, last_update) VALUES (?, ?, ?, ?)
==> Parameters: 在城市的步行街，享受购物的乐趣和城市的繁华。(String), 38(Long), 2024-11-13T00:19:40.042591100(LocalDateTime), 2024-11-13T00:19:40.042591100(LocalDateTime)
<==    Updates: 1
Releasing transactional SqlSession [org.apache.ibatis.session.defaults.DefaultSqlSession@6c6fdf5d]
Transaction synchronization committing SqlSession [org.apache.ibatis.session.defaults.DefaultSqlSession@6c6fdf5d]
Transaction synchronization deregistering SqlSession [org.apache.ibatis.session.defaults.DefaultSqlSession@6c6fdf5d]
Transaction synchronization closing SqlSession [org.apache.ibatis.session.defaults.DefaultSqlSession@6c6fdf5d]
Creating a new SqlSession
Registering transaction synchronization for SqlSession [org.apache.ibatis.session.defaults.DefaultSqlSession@610115e8]
JDBC Connection [HikariProxyConnection@318705231 wrapping com.mysql.cj.jdbc.ConnectionImpl@247d44b4] will be managed by Spring
==>  Preparing: INSERT INTO `tb_post` (content, author_id, publish_at, last_update) VALUES (?, ?, ?, ?)
==> Parameters: 在乡村的酒庄，品尝当地的美酒和了解酿酒的文化。(String), 86(Long), 2024-11-13T00:19:40.061697(LocalDateTime), 2024-11-13T00:19:40.061697(LocalDateTime)
<==    Updates: 1
Releasing transactional SqlSession [org.apache.ibatis.session.defaults.DefaultSqlSession@610115e8]
Transaction synchronization committing SqlSession [org.apache.ibatis.session.defaults.DefaultSqlSession@610115e8]
Transaction synchronization deregistering SqlSession [org.apache.ibatis.session.defaults.DefaultSqlSession@610115e8]
Transaction synchronization closing SqlSession [org.apache.ibatis.session.defaults.DefaultSqlSession@610115e8]
Creating a new SqlSession
Registering transaction synchronization for SqlSession [org.apache.ibatis.session.defaults.DefaultSqlSession@2d33aa31]
JDBC Connection [HikariProxyConnection@1862108076 wrapping com.mysql.cj.jdbc.ConnectionImpl@247d44b4] will be managed by Spring
==>  Preparing: INSERT INTO `tb_post` (content, author_id, publish_at, last_update) VALUES (?, ?, ?, ?)
==> Parameters: 在山间的观景台，俯瞰整个山谷的美丽和宁静。(String), 25(Long), 2024-11-13T00:19:40.071694300(LocalDateTime), 2024-11-13T00:19:40.071694300(LocalDateTime)
<==    Updates: 1
Releasing transactional SqlSession [org.apache.ibatis.session.defaults.DefaultSqlSession@2d33aa31]
Transaction synchronization committing SqlSession [org.apache.ibatis.session.defaults.DefaultSqlSession@2d33aa31]
Transaction synchronization deregistering SqlSession [org.apache.ibatis.session.defaults.DefaultSqlSession@2d33aa31]
Transaction synchronization closing SqlSession [org.apache.ibatis.session.defaults.DefaultSqlSession@2d33aa31]
Creating a new SqlSession
Registering transaction synchronization for SqlSession [org.apache.ibatis.session.defaults.DefaultSqlSession@443819d5]
JDBC Connection [HikariProxyConnection@596872362 wrapping com.mysql.cj.jdbc.ConnectionImpl@247d44b4] will be managed by Spring
==>  Preparing: INSERT INTO `tb_post` (content, author_id, publish_at, last_update) VALUES (?, ?, ?, ?)
==> Parameters: 在城市的剧院，享受戏剧和音乐的表演。(String), 92(Long), 2024-11-13T00:19:40.080588800(LocalDateTime), 2024-11-13T00:19:40.080588800(LocalDateTime)
<==    Updates: 1
Releasing transactional SqlSession [org.apache.ibatis.session.defaults.DefaultSqlSession@443819d5]
Transaction synchronization committing SqlSession [org.apache.ibatis.session.defaults.DefaultSqlSession@443819d5]
Transaction synchronization deregistering SqlSession [org.apache.ibatis.session.defaults.DefaultSqlSession@443819d5]
Transaction synchronization closing SqlSession [org.apache.ibatis.session.defaults.DefaultSqlSession@443819d5]
Creating a new SqlSession
Registering transaction synchronization for SqlSession [org.apache.ibatis.session.defaults.DefaultSqlSession@76958827]
JDBC Connection [HikariProxyConnection@1915050045 wrapping com.mysql.cj.jdbc.ConnectionImpl@247d44b4] will be managed by Spring
==>  Preparing: INSERT INTO `tb_post` (content, author_id, publish_at, last_update) VALUES (?, ?, ?, ?)
==> Parameters: 在乡村的农场，体验农耕的生活和收获的乐趣。(String), 19(Long), 2024-11-13T00:19:40.090586200(LocalDateTime), 2024-11-13T00:19:40.090586200(LocalDateTime)
<==    Updates: 1
Releasing transactional SqlSession [org.apache.ibatis.session.defaults.DefaultSqlSession@76958827]
Transaction synchronization committing SqlSession [org.apache.ibatis.session.defaults.DefaultSqlSession@76958827]
Transaction synchronization deregistering SqlSession [org.apache.ibatis.session.defaults.DefaultSqlSession@76958827]
Transaction synchronization closing SqlSession [org.apache.ibatis.session.defaults.DefaultSqlSession@76958827]
Creating a new SqlSession
Registering transaction synchronization for SqlSession [org.apache.ibatis.session.defaults.DefaultSqlSession@297db6ad]
JDBC Connection [HikariProxyConnection@342425950 wrapping com.mysql.cj.jdbc.ConnectionImpl@247d44b4] will be managed by Spring
==>  Preparing: INSERT INTO `tb_post` (content, author_id, publish_at, last_update) VALUES (?, ?, ?, ?)
==> Parameters: 在城市的图书馆，享受阅读的宁静和知识的海洋。(String), 73(Long), 2024-11-13T00:19:40.092590200(LocalDateTime), 2024-11-13T00:19:40.092590200(LocalDateTime)
<==    Updates: 1
Releasing transactional SqlSession [org.apache.ibatis.session.defaults.DefaultSqlSession@297db6ad]
Transaction synchronization committing SqlSession [org.apache.ibatis.session.defaults.DefaultSqlSession@297db6ad]
Transaction synchronization deregistering SqlSession [org.apache.ibatis.session.defaults.DefaultSqlSession@297db6ad]
Transaction synchronization closing SqlSession [org.apache.ibatis.session.defaults.DefaultSqlSession@297db6ad]
Creating a new SqlSession
Registering transaction synchronization for SqlSession [org.apache.ibatis.session.defaults.DefaultSqlSession@6296c184]
JDBC Connection [HikariProxyConnection@198087635 wrapping com.mysql.cj.jdbc.ConnectionImpl@247d44b4] will be managed by Spring
==>  Preparing: INSERT INTO `tb_post` (content, author_id, publish_at, last_update) VALUES (?, ?, ?, ?)
==> Parameters: 在乡村的花园，欣赏花卉的美丽和自然的芬芳。(String), 64(Long), 2024-11-13T00:19:40.111849200(LocalDateTime), 2024-11-13T00:19:40.111849200(LocalDateTime)
<==    Updates: 1
Releasing transactional SqlSession [org.apache.ibatis.session.defaults.DefaultSqlSession@6296c184]
Transaction synchronization committing SqlSession [org.apache.ibatis.session.defaults.DefaultSqlSession@6296c184]
Transaction synchronization deregistering SqlSession [org.apache.ibatis.session.defaults.DefaultSqlSession@6296c184]
Transaction synchronization closing SqlSession [org.apache.ibatis.session.defaults.DefaultSqlSession@6296c184]
Creating a new SqlSession
Registering transaction synchronization for SqlSession [org.apache.ibatis.session.defaults.DefaultSqlSession@3a02172a]
JDBC Connection [HikariProxyConnection@168903628 wrapping com.mysql.cj.jdbc.ConnectionImpl@247d44b4] will be managed by Spring
==>  Preparing: INSERT INTO `tb_post` (content, author_id, publish_at, last_update) VALUES (?, ?, ?, ?)
==> Parameters: 在城市的咖啡馆，享受咖啡的香气和城市的慢生活。(String), 99(Long), 2024-11-13T00:19:40.121849400(LocalDateTime), 2024-11-13T00:19:40.121849400(LocalDateTime)
<==    Updates: 1
Releasing transactional SqlSession [org.apache.ibatis.session.defaults.DefaultSqlSession@3a02172a]
Transaction synchronization committing SqlSession [org.apache.ibatis.session.defaults.DefaultSqlSession@3a02172a]
Transaction synchronization deregistering SqlSession [org.apache.ibatis.session.defaults.DefaultSqlSession@3a02172a]
Transaction synchronization closing SqlSession [org.apache.ibatis.session.defaults.DefaultSqlSession@3a02172a]
Creating a new SqlSession
Registering transaction synchronization for SqlSession [org.apache.ibatis.session.defaults.DefaultSqlSession@674b2703]
JDBC Connection [HikariProxyConnection@782432613 wrapping com.mysql.cj.jdbc.ConnectionImpl@247d44b4] will be managed by Spring
==>  Preparing: INSERT INTO `tb_post` (content, author_id, publish_at, last_update) VALUES (?, ?, ?, ?)
==> Parameters: 在乡村的河流，享受漂流的刺激和河水的清凉。(String), 16(Long), 2024-11-13T00:19:40.130710400(LocalDateTime), 2024-11-13T00:19:40.130710400(LocalDateTime)
<==    Updates: 1
Releasing transactional SqlSession [org.apache.ibatis.session.defaults.DefaultSqlSession@674b2703]
Transaction synchronization committing SqlSession [org.apache.ibatis.session.defaults.DefaultSqlSession@674b2703]
Transaction synchronization deregistering SqlSession [org.apache.ibatis.session.defaults.DefaultSqlSession@674b2703]
Transaction synchronization closing SqlSession [org.apache.ibatis.session.defaults.DefaultSqlSession@674b2703]
Creating a new SqlSession
Registering transaction synchronization for SqlSession [org.apache.ibatis.session.defaults.DefaultSqlSession@3b870ed3]
JDBC Connection [HikariProxyConnection@1289258679 wrapping com.mysql.cj.jdbc.ConnectionImpl@247d44b4] will be managed by Spring
==>  Preparing: INSERT INTO `tb_post` (content, author_id, publish_at, last_update) VALUES (?, ?, ?, ?)
==> Parameters: 在沙漠的沙丘，感受沙漠的广阔和自然的威力。(String), 82(Long), 2024-11-13T00:19:40.140711(LocalDateTime), 2024-11-13T00:19:40.140711(LocalDateTime)
<==    Updates: 1
Releasing transactional SqlSession [org.apache.ibatis.session.defaults.DefaultSqlSession@3b870ed3]
Transaction synchronization committing SqlSession [org.apache.ibatis.session.defaults.DefaultSqlSession@3b870ed3]
Transaction synchronization deregistering SqlSession [org.apache.ibatis.session.defaults.DefaultSqlSession@3b870ed3]
Transaction synchronization closing SqlSession [org.apache.ibatis.session.defaults.DefaultSqlSession@3b870ed3]
Creating a new SqlSession
Registering transaction synchronization for SqlSession [org.apache.ibatis.session.defaults.DefaultSqlSession@6affa355]
JDBC Connection [HikariProxyConnection@1490951586 wrapping com.mysql.cj.jdbc.ConnectionImpl@247d44b4] will be managed by Spring
==>  Preparing: INSERT INTO `tb_post` (content, author_id, publish_at, last_update) VALUES (?, ?, ?, ?)
==> Parameters: 在城市的广场，享受节日的庆典和人们的欢乐。(String), 83(Long), 2024-11-13T00:19:40.146047600(LocalDateTime), 2024-11-13T00:19:40.146047600(LocalDateTime)
<==    Updates: 1
Releasing transactional SqlSession [org.apache.ibatis.session.defaults.DefaultSqlSession@6affa355]
Transaction synchronization committing SqlSession [org.apache.ibatis.session.defaults.DefaultSqlSession@6affa355]
Transaction synchronization deregistering SqlSession [org.apache.ibatis.session.defaults.DefaultSqlSession@6affa355]
Transaction synchronization closing SqlSession [org.apache.ibatis.session.defaults.DefaultSqlSession@6affa355]
Creating a new SqlSession
Registering transaction synchronization for SqlSession [org.apache.ibatis.session.defaults.DefaultSqlSession@54a1a6a8]
JDBC Connection [HikariProxyConnection@674594755 wrapping com.mysql.cj.jdbc.ConnectionImpl@247d44b4] will be managed by Spring
==>  Preparing: INSERT INTO `tb_post` (content, author_id, publish_at, last_update) VALUES (?, ?, ?, ?)
==> Parameters: 在乡村的山丘，享受徒步的乐趣和山顶的美景。(String), 98(Long), 2024-11-13T00:19:40.160747500(LocalDateTime), 2024-11-13T00:19:40.160747500(LocalDateTime)
<==    Updates: 1
Releasing transactional SqlSession [org.apache.ibatis.session.defaults.DefaultSqlSession@54a1a6a8]
Transaction synchronization committing SqlSession [org.apache.ibatis.session.defaults.DefaultSqlSession@54a1a6a8]
Transaction synchronization deregistering SqlSession [org.apache.ibatis.session.defaults.DefaultSqlSession@54a1a6a8]
Transaction synchronization closing SqlSession [org.apache.ibatis.session.defaults.DefaultSqlSession@54a1a6a8]
Creating a new SqlSession
Registering transaction synchronization for SqlSession [org.apache.ibatis.session.defaults.DefaultSqlSession@d833770]
JDBC Connection [HikariProxyConnection@904699177 wrapping com.mysql.cj.jdbc.ConnectionImpl@247d44b4] will be managed by Spring
==>  Preparing: INSERT INTO `tb_post` (content, author_id, publish_at, last_update) VALUES (?, ?, ?, ?)
==> Parameters: 在城市的购物中心，享受购物的便利和时尚的潮流。(String), 40(Long), 2024-11-13T00:19:40.169749700(LocalDateTime), 2024-11-13T00:19:40.169749700(LocalDateTime)
<==    Updates: 1
Releasing transactional SqlSession [org.apache.ibatis.session.defaults.DefaultSqlSession@d833770]
Transaction synchronization committing SqlSession [org.apache.ibatis.session.defaults.DefaultSqlSession@d833770]
Transaction synchronization deregistering SqlSession [org.apache.ibatis.session.defaults.DefaultSqlSession@d833770]
Transaction synchronization closing SqlSession [org.apache.ibatis.session.defaults.DefaultSqlSession@d833770]
Creating a new SqlSession
Registering transaction synchronization for SqlSession [org.apache.ibatis.session.defaults.DefaultSqlSession@7a3c541e]
JDBC Connection [HikariProxyConnection@1082487729 wrapping com.mysql.cj.jdbc.ConnectionImpl@247d44b4] will be managed by Spring
==>  Preparing: INSERT INTO `tb_post` (content, author_id, publish_at, last_update) VALUES (?, ?, ?, ?)
==> Parameters: 在乡村的森林，享受徒步探险和呼吸新鲜空气。(String), 100(Long), 2024-11-13T00:19:40.177745700(LocalDateTime), 2024-11-13T00:19:40.177745700(LocalDateTime)
<==    Updates: 1
Releasing transactional SqlSession [org.apache.ibatis.session.defaults.DefaultSqlSession@7a3c541e]
Transaction synchronization committing SqlSession [org.apache.ibatis.session.defaults.DefaultSqlSession@7a3c541e]
Transaction synchronization deregistering SqlSession [org.apache.ibatis.session.defaults.DefaultSqlSession@7a3c541e]
Transaction synchronization closing SqlSession [org.apache.ibatis.session.defaults.DefaultSqlSession@7a3c541e]
Creating a new SqlSession
Registering transaction synchronization for SqlSession [org.apache.ibatis.session.defaults.DefaultSqlSession@2ca8bd50]
JDBC Connection [HikariProxyConnection@742474488 wrapping com.mysql.cj.jdbc.ConnectionImpl@247d44b4] will be managed by Spring
==>  Preparing: INSERT INTO `tb_post` (content, author_id, publish_at, last_update) VALUES (?, ?, ?, ?)
==> Parameters: 在城市的夜景中，感受灯光的璀璨和城市的活力。(String), 82(Long), 2024-11-13T00:19:40.183739700(LocalDateTime), 2024-11-13T00:19:40.183739700(LocalDateTime)
<==    Updates: 1
Releasing transactional SqlSession [org.apache.ibatis.session.defaults.DefaultSqlSession@2ca8bd50]
Transaction synchronization committing SqlSession [org.apache.ibatis.session.defaults.DefaultSqlSession@2ca8bd50]
Transaction synchronization deregistering SqlSession [org.apache.ibatis.session.defaults.DefaultSqlSession@2ca8bd50]
Transaction synchronization closing SqlSession [org.apache.ibatis.session.defaults.DefaultSqlSession@2ca8bd50]
Creating a new SqlSession
Registering transaction synchronization for SqlSession [org.apache.ibatis.session.defaults.DefaultSqlSession@a49995f]
JDBC Connection [HikariProxyConnection@344247127 wrapping com.mysql.cj.jdbc.ConnectionImpl@247d44b4] will be managed by Spring
==>  Preparing: INSERT INTO `tb_post` (content, author_id, publish_at, last_update) VALUES (?, ?, ?, ?)
==> Parameters: 在乡村的湖泊，享受划船的乐趣和湖水的宁静。(String), 55(Long), 2024-11-13T00:19:40.189741500(LocalDateTime), 2024-11-13T00:19:40.189741500(LocalDateTime)
<==    Updates: 1
Releasing transactional SqlSession [org.apache.ibatis.session.defaults.DefaultSqlSession@a49995f]
Transaction synchronization committing SqlSession [org.apache.ibatis.session.defaults.DefaultSqlSession@a49995f]
Transaction synchronization deregistering SqlSession [org.apache.ibatis.session.defaults.DefaultSqlSession@a49995f]
Transaction synchronization closing SqlSession [org.apache.ibatis.session.defaults.DefaultSqlSession@a49995f]
Creating a new SqlSession
Registering transaction synchronization for SqlSession [org.apache.ibatis.session.defaults.DefaultSqlSession@3edc999f]
JDBC Connection [HikariProxyConnection@982180610 wrapping com.mysql.cj.jdbc.ConnectionImpl@247d44b4] will be managed by Spring
==>  Preparing: INSERT INTO `tb_post` (content, author_id, publish_at, last_update) VALUES (?, ?, ?, ?)
==> Parameters: 在城市的公园，享受野餐的乐趣和家庭的团聚。(String), 22(Long), 2024-11-13T00:19:40.192609400(LocalDateTime), 2024-11-13T00:19:40.192609400(LocalDateTime)
<==    Updates: 1
Releasing transactional SqlSession [org.apache.ibatis.session.defaults.DefaultSqlSession@3edc999f]
Transaction synchronization committing SqlSession [org.apache.ibatis.session.defaults.DefaultSqlSession@3edc999f]
Transaction synchronization deregistering SqlSession [org.apache.ibatis.session.defaults.DefaultSqlSession@3edc999f]
Transaction synchronization closing SqlSession [org.apache.ibatis.session.defaults.DefaultSqlSession@3edc999f]
Creating a new SqlSession
Registering transaction synchronization for SqlSession [org.apache.ibatis.session.defaults.DefaultSqlSession@32ff3c98]
JDBC Connection [HikariProxyConnection@538906244 wrapping com.mysql.cj.jdbc.ConnectionImpl@247d44b4] will be managed by Spring
==>  Preparing: INSERT INTO `tb_post` (content, author_id, publish_at, last_update) VALUES (?, ?, ?, ?)
==> Parameters: 在乡村的小路，享受骑行的自由和乡村的风景。(String), 54(Long), 2024-11-13T00:19:40.192609400(LocalDateTime), 2024-11-13T00:19:40.192609400(LocalDateTime)
<==    Updates: 1
Releasing transactional SqlSession [org.apache.ibatis.session.defaults.DefaultSqlSession@32ff3c98]
Transaction synchronization committing SqlSession [org.apache.ibatis.session.defaults.DefaultSqlSession@32ff3c98]
Transaction synchronization deregistering SqlSession [org.apache.ibatis.session.defaults.DefaultSqlSession@32ff3c98]
Transaction synchronization closing SqlSession [org.apache.ibatis.session.defaults.DefaultSqlSession@32ff3c98]
Creating a new SqlSession
Registering transaction synchronization for SqlSession [org.apache.ibatis.session.defaults.DefaultSqlSession@40fd25c7]
JDBC Connection [HikariProxyConnection@20366246 wrapping com.mysql.cj.jdbc.ConnectionImpl@247d44b4] will be managed by Spring
==>  Preparing: INSERT INTO `tb_post` (content, author_id, publish_at, last_update) VALUES (?, ?, ?, ?)
==> Parameters: 在城市的街头艺术，感受城市的创意和活力。(String), 78(Long), 2024-11-13T00:19:40.208233900(LocalDateTime), 2024-11-13T00:19:40.208233900(LocalDateTime)
<==    Updates: 1
Releasing transactional SqlSession [org.apache.ibatis.session.defaults.DefaultSqlSession@40fd25c7]
Transaction synchronization committing SqlSession [org.apache.ibatis.session.defaults.DefaultSqlSession@40fd25c7]
Transaction synchronization deregistering SqlSession [org.apache.ibatis.session.defaults.DefaultSqlSession@40fd25c7]
Transaction synchronization closing SqlSession [org.apache.ibatis.session.defaults.DefaultSqlSession@40fd25c7]
Creating a new SqlSession
Registering transaction synchronization for SqlSession [org.apache.ibatis.session.defaults.DefaultSqlSession@16a30d66]
JDBC Connection [HikariProxyConnection@204836658 wrapping com.mysql.cj.jdbc.ConnectionImpl@247d44b4] will be managed by Spring
==>  Preparing: INSERT INTO `tb_post` (content, author_id, publish_at, last_update) VALUES (?, ?, ?, ?)
==> Parameters: 在乡村的农场，体验采摘的乐趣和自然的赠予。(String), 89(Long), 2024-11-13T00:19:40.214883300(LocalDateTime), 2024-11-13T00:19:40.214883300(LocalDateTime)
<==    Updates: 1
Releasing transactional SqlSession [org.apache.ibatis.session.defaults.DefaultSqlSession@16a30d66]
Transaction synchronization committing SqlSession [org.apache.ibatis.session.defaults.DefaultSqlSession@16a30d66]
Transaction synchronization deregistering SqlSession [org.apache.ibatis.session.defaults.DefaultSqlSession@16a30d66]
Transaction synchronization closing SqlSession [org.apache.ibatis.session.defaults.DefaultSqlSession@16a30d66]
Creating a new SqlSession
Registering transaction synchronization for SqlSession [org.apache.ibatis.session.defaults.DefaultSqlSession@f81bd2c]
JDBC Connection [HikariProxyConnection@886790453 wrapping com.mysql.cj.jdbc.ConnectionImpl@247d44b4] will be managed by Spring
==>  Preparing: INSERT INTO `tb_post` (content, author_id, publish_at, last_update) VALUES (?, ?, ?, ?)
==> Parameters: 在城市的天际线，感受城市的宏伟和现代。(String), 43(Long), 2024-11-13T00:19:40.219880900(LocalDateTime), 2024-11-13T00:19:40.219880900(LocalDateTime)
<==    Updates: 1
Releasing transactional SqlSession [org.apache.ibatis.session.defaults.DefaultSqlSession@f81bd2c]
Transaction synchronization committing SqlSession [org.apache.ibatis.session.defaults.DefaultSqlSession@f81bd2c]
Transaction synchronization deregistering SqlSession [org.apache.ibatis.session.defaults.DefaultSqlSession@f81bd2c]
Transaction synchronization closing SqlSession [org.apache.ibatis.session.defaults.DefaultSqlSession@f81bd2c]
Creating a new SqlSession
Registering transaction synchronization for SqlSession [org.apache.ibatis.session.defaults.DefaultSqlSession@545e200b]
JDBC Connection [HikariProxyConnection@459555273 wrapping com.mysql.cj.jdbc.ConnectionImpl@247d44b4] will be managed by Spring
==>  Preparing: INSERT INTO `tb_post` (content, author_id, publish_at, last_update) VALUES (?, ?, ?, ?)
==> Parameters: 在乡村的果园，享受新鲜水果的美味和田园的宁静。(String), 50(Long), 2024-11-13T00:19:40.226067(LocalDateTime), 2024-11-13T00:19:40.226067(LocalDateTime)
<==    Updates: 1
Releasing transactional SqlSession [org.apache.ibatis.session.defaults.DefaultSqlSession@545e200b]
Transaction synchronization committing SqlSession [org.apache.ibatis.session.defaults.DefaultSqlSession@545e200b]
Transaction synchronization deregistering SqlSession [org.apache.ibatis.session.defaults.DefaultSqlSession@545e200b]
Transaction synchronization closing SqlSession [org.apache.ibatis.session.defaults.DefaultSqlSession@545e200b]
Creating a new SqlSession
Registering transaction synchronization for SqlSession [org.apache.ibatis.session.defaults.DefaultSqlSession@6419726f]
JDBC Connection [HikariProxyConnection@104794426 wrapping com.mysql.cj.jdbc.ConnectionImpl@247d44b4] will be managed by Spring
==>  Preparing: INSERT INTO `tb_post` (content, author_id, publish_at, last_update) VALUES (?, ?, ?, ?)
==> Parameters: 在城市的河岸，享受散步的悠闲和河水的宁静。(String), 8(Long), 2024-11-13T00:19:40.231646400(LocalDateTime), 2024-11-13T00:19:40.231646400(LocalDateTime)
<==    Updates: 1
Releasing transactional SqlSession [org.apache.ibatis.session.defaults.DefaultSqlSession@6419726f]
Transaction synchronization committing SqlSession [org.apache.ibatis.session.defaults.DefaultSqlSession@6419726f]
Transaction synchronization deregistering SqlSession [org.apache.ibatis.session.defaults.DefaultSqlSession@6419726f]
Transaction synchronization closing SqlSession [org.apache.ibatis.session.defaults.DefaultSqlSession@6419726f]
Creating a new SqlSession
Registering transaction synchronization for SqlSession [org.apache.ibatis.session.defaults.DefaultSqlSession@3986b56]
JDBC Connection [HikariProxyConnection@1161809122 wrapping com.mysql.cj.jdbc.ConnectionImpl@247d44b4] will be managed by Spring
==>  Preparing: INSERT INTO `tb_post` (content, author_id, publish_at, last_update) VALUES (?, ?, ?, ?)
==> Parameters: 在乡村的山谷，享受徒步探险和自然的美景。(String), 91(Long), 2024-11-13T00:19:40.237647200(LocalDateTime), 2024-11-13T00:19:40.237647200(LocalDateTime)
<==    Updates: 1
Releasing transactional SqlSession [org.apache.ibatis.session.defaults.DefaultSqlSession@3986b56]
Transaction synchronization committing SqlSession [org.apache.ibatis.session.defaults.DefaultSqlSession@3986b56]
Transaction synchronization deregistering SqlSession [org.apache.ibatis.session.defaults.DefaultSqlSession@3986b56]
Transaction synchronization closing SqlSession [org.apache.ibatis.session.defaults.DefaultSqlSession@3986b56]
Creating a new SqlSession
Registering transaction synchronization for SqlSession [org.apache.ibatis.session.defaults.DefaultSqlSession@45dbbb97]
JDBC Connection [HikariProxyConnection@590398917 wrapping com.mysql.cj.jdbc.ConnectionImpl@247d44b4] will be managed by Spring
==>  Preparing: INSERT INTO `tb_post` (content, author_id, publish_at, last_update) VALUES (?, ?, ?, ?)
==> Parameters: 在城市的博物馆，了解城市的历史和文化。(String), 26(Long), 2024-11-13T00:19:40.242570100(LocalDateTime), 2024-11-13T00:19:40.242570100(LocalDateTime)
<==    Updates: 1
Releasing transactional SqlSession [org.apache.ibatis.session.defaults.DefaultSqlSession@45dbbb97]
Transaction synchronization committing SqlSession [org.apache.ibatis.session.defaults.DefaultSqlSession@45dbbb97]
Transaction synchronization deregistering SqlSession [org.apache.ibatis.session.defaults.DefaultSqlSession@45dbbb97]
Transaction synchronization closing SqlSession [org.apache.ibatis.session.defaults.DefaultSqlSession@45dbbb97]
Creating a new SqlSession
Registering transaction synchronization for SqlSession [org.apache.ibatis.session.defaults.DefaultSqlSession@97842a0]
JDBC Connection [HikariProxyConnection@1096977231 wrapping com.mysql.cj.jdbc.ConnectionImpl@247d44b4] will be managed by Spring
==>  Preparing: INSERT INTO `tb_post` (content, author_id, publish_at, last_update) VALUES (?, ?, ?, ?)
==> Parameters: 在乡村的山顶，享受日出的壮丽和自然的宁静。(String), 42(Long), 2024-11-13T00:19:40.242570100(LocalDateTime), 2024-11-13T00:19:40.242570100(LocalDateTime)
<==    Updates: 1
Releasing transactional SqlSession [org.apache.ibatis.session.defaults.DefaultSqlSession@97842a0]
Transaction synchronization committing SqlSession [org.apache.ibatis.session.defaults.DefaultSqlSession@97842a0]
Transaction synchronization deregistering SqlSession [org.apache.ibatis.session.defaults.DefaultSqlSession@97842a0]
Transaction synchronization closing SqlSession [org.apache.ibatis.session.defaults.DefaultSqlSession@97842a0]
Creating a new SqlSession
Registering transaction synchronization for SqlSession [org.apache.ibatis.session.defaults.DefaultSqlSession@36e7b91c]
JDBC Connection [HikariProxyConnection@500153041 wrapping com.mysql.cj.jdbc.ConnectionImpl@247d44b4] will be managed by Spring
==>  Preparing: INSERT INTO `tb_post` (content, author_id, publish_at, last_update) VALUES (?, ?, ?, ?)
==> Parameters: 在城市的老街区，寻找那些被遗忘的故事和文化。(String), 35(Long), 2024-11-13T00:19:40.242570100(LocalDateTime), 2024-11-13T00:19:40.242570100(LocalDateTime)
<==    Updates: 1
Releasing transactional SqlSession [org.apache.ibatis.session.defaults.DefaultSqlSession@36e7b91c]
Transaction synchronization committing SqlSession [org.apache.ibatis.session.defaults.DefaultSqlSession@36e7b91c]
Transaction synchronization deregistering SqlSession [org.apache.ibatis.session.defaults.DefaultSqlSession@36e7b91c]
Transaction synchronization closing SqlSession [org.apache.ibatis.session.defaults.DefaultSqlSession@36e7b91c]
Creating a new SqlSession
Registering transaction synchronization for SqlSession [org.apache.ibatis.session.defaults.DefaultSqlSession@2258228f]
JDBC Connection [HikariProxyConnection@1949334269 wrapping com.mysql.cj.jdbc.ConnectionImpl@247d44b4] will be managed by Spring
==>  Preparing: INSERT INTO `tb_post` (content, author_id, publish_at, last_update) VALUES (?, ?, ?, ?)
==> Parameters: 在乡村的花园，欣赏花卉的美丽和自然的芬芳。(String), 17(Long), 2024-11-13T00:19:40.258193500(LocalDateTime), 2024-11-13T00:19:40.258193500(LocalDateTime)
<==    Updates: 1
Releasing transactional SqlSession [org.apache.ibatis.session.defaults.DefaultSqlSession@2258228f]
Transaction synchronization committing SqlSession [org.apache.ibatis.session.defaults.DefaultSqlSession@2258228f]
Transaction synchronization deregistering SqlSession [org.apache.ibatis.session.defaults.DefaultSqlSession@2258228f]
Transaction synchronization closing SqlSession [org.apache.ibatis.session.defaults.DefaultSqlSession@2258228f]
Creating a new SqlSession
Registering transaction synchronization for SqlSession [org.apache.ibatis.session.defaults.DefaultSqlSession@43ab4e83]
JDBC Connection [HikariProxyConnection@1865370526 wrapping com.mysql.cj.jdbc.ConnectionImpl@247d44b4] will be managed by Spring
==>  Preparing: INSERT INTO `tb_post` (content, author_id, publish_at, last_update) VALUES (?, ?, ?, ?)
==> Parameters: 在城市的摩天轮，俯瞰整个城市的繁华和活力。(String), 50(Long), 2024-11-13T00:19:40.269782700(LocalDateTime), 2024-11-13T00:19:40.269782700(LocalDateTime)
<==    Updates: 1
Releasing transactional SqlSession [org.apache.ibatis.session.defaults.DefaultSqlSession@43ab4e83]
Transaction synchronization committing SqlSession [org.apache.ibatis.session.defaults.DefaultSqlSession@43ab4e83]
Transaction synchronization deregistering SqlSession [org.apache.ibatis.session.defaults.DefaultSqlSession@43ab4e83]
Transaction synchronization closing SqlSession [org.apache.ibatis.session.defaults.DefaultSqlSession@43ab4e83]
Creating a new SqlSession
Registering transaction synchronization for SqlSession [org.apache.ibatis.session.defaults.DefaultSqlSession@5bdfae42]
JDBC Connection [HikariProxyConnection@2056843526 wrapping com.mysql.cj.jdbc.ConnectionImpl@247d44b4] will be managed by Spring
==>  Preparing: INSERT INTO `tb_post` (content, author_id, publish_at, last_update) VALUES (?, ?, ?, ?)
==> Parameters: 在乡村的田野，体验农耕的生活和收获的乐趣。(String), 92(Long), 2024-11-13T00:19:40.278630400(LocalDateTime), 2024-11-13T00:19:40.278630400(LocalDateTime)
<==    Updates: 1
Releasing transactional SqlSession [org.apache.ibatis.session.defaults.DefaultSqlSession@5bdfae42]
Transaction synchronization committing SqlSession [org.apache.ibatis.session.defaults.DefaultSqlSession@5bdfae42]
Transaction synchronization deregistering SqlSession [org.apache.ibatis.session.defaults.DefaultSqlSession@5bdfae42]
Transaction synchronization closing SqlSession [org.apache.ibatis.session.defaults.DefaultSqlSession@5bdfae42]
Creating a new SqlSession
Registering transaction synchronization for SqlSession [org.apache.ibatis.session.defaults.DefaultSqlSession@406cf37f]
JDBC Connection [HikariProxyConnection@122609790 wrapping com.mysql.cj.jdbc.ConnectionImpl@247d44b4] will be managed by Spring
==>  Preparing: INSERT INTO `tb_post` (content, author_id, publish_at, last_update) VALUES (?, ?, ?, ?)
==> Parameters: 在城市的夜景中，感受灯光的璀璨和城市的活力。(String), 65(Long), 2024-11-13T00:19:40.287629700(LocalDateTime), 2024-11-13T00:19:40.287629700(LocalDateTime)
<==    Updates: 1
Releasing transactional SqlSession [org.apache.ibatis.session.defaults.DefaultSqlSession@406cf37f]
Transaction synchronization committing SqlSession [org.apache.ibatis.session.defaults.DefaultSqlSession@406cf37f]
Transaction synchronization deregistering SqlSession [org.apache.ibatis.session.defaults.DefaultSqlSession@406cf37f]
Transaction synchronization closing SqlSession [org.apache.ibatis.session.defaults.DefaultSqlSession@406cf37f]
Creating a new SqlSession
Registering transaction synchronization for SqlSession [org.apache.ibatis.session.defaults.DefaultSqlSession@5078e308]
JDBC Connection [HikariProxyConnection@1730613461 wrapping com.mysql.cj.jdbc.ConnectionImpl@247d44b4] will be managed by Spring
==>  Preparing: INSERT INTO `tb_post` (content, author_id, publish_at, last_update) VALUES (?, ?, ?, ?)
==> Parameters: 在乡村的森林，享受徒步探险和呼吸新鲜空气。(String), 12(Long), 2024-11-13T00:19:40.372953300(LocalDateTime), 2024-11-13T00:19:40.372953300(LocalDateTime)
<==    Updates: 1
Releasing transactional SqlSession [org.apache.ibatis.session.defaults.DefaultSqlSession@5078e308]
Transaction synchronization committing SqlSession [org.apache.ibatis.session.defaults.DefaultSqlSession@5078e308]
Transaction synchronization deregistering SqlSession [org.apache.ibatis.session.defaults.DefaultSqlSession@5078e308]
Transaction synchronization closing SqlSession [org.apache.ibatis.session.defaults.DefaultSqlSession@5078e308]
Creating a new SqlSession
Registering transaction synchronization for SqlSession [org.apache.ibatis.session.defaults.DefaultSqlSession@1ac9c3cc]
JDBC Connection [HikariProxyConnection@1770925242 wrapping com.mysql.cj.jdbc.ConnectionImpl@247d44b4] will be managed by Spring
==>  Preparing: INSERT INTO `tb_post` (content, author_id, publish_at, last_update) VALUES (?, ?, ?, ?)
==> Parameters: 在城市的步行街，享受购物的乐趣和城市的繁华。(String), 67(Long), 2024-11-13T00:19:40.382462600(LocalDateTime), 2024-11-13T00:19:40.382462600(LocalDateTime)
<==    Updates: 1
Releasing transactional SqlSession [org.apache.ibatis.session.defaults.DefaultSqlSession@1ac9c3cc]
Transaction synchronization committing SqlSession [org.apache.ibatis.session.defaults.DefaultSqlSession@1ac9c3cc]
Transaction synchronization deregistering SqlSession [org.apache.ibatis.session.defaults.DefaultSqlSession@1ac9c3cc]
Transaction synchronization closing SqlSession [org.apache.ibatis.session.defaults.DefaultSqlSession@1ac9c3cc]
Creating a new SqlSession
Registering transaction synchronization for SqlSession [org.apache.ibatis.session.defaults.DefaultSqlSession@43f4621b]
JDBC Connection [HikariProxyConnection@349454099 wrapping com.mysql.cj.jdbc.ConnectionImpl@247d44b4] will be managed by Spring
==>  Preparing: INSERT INTO `tb_post` (content, author_id, publish_at, last_update) VALUES (?, ?, ?, ?)
==> Parameters: 在乡村的河流，享受漂流的刺激和河水的清凉。(String), 64(Long), 2024-11-13T00:19:40.391469600(LocalDateTime), 2024-11-13T00:19:40.391469600(LocalDateTime)
<==    Updates: 1
Releasing transactional SqlSession [org.apache.ibatis.session.defaults.DefaultSqlSession@43f4621b]
Transaction synchronization committing SqlSession [org.apache.ibatis.session.defaults.DefaultSqlSession@43f4621b]
Transaction synchronization deregistering SqlSession [org.apache.ibatis.session.defaults.DefaultSqlSession@43f4621b]
Transaction synchronization closing SqlSession [org.apache.ibatis.session.defaults.DefaultSqlSession@43f4621b]
Creating a new SqlSession
Registering transaction synchronization for SqlSession [org.apache.ibatis.session.defaults.DefaultSqlSession@140e003e]
JDBC Connection [HikariProxyConnection@401299041 wrapping com.mysql.cj.jdbc.ConnectionImpl@247d44b4] will be managed by Spring
==>  Preparing: INSERT INTO `tb_post` (content, author_id, publish_at, last_update) VALUES (?, ?, ?, ?)
==> Parameters: 在城市的广场，享受节日的庆典和人们的欢乐。(String), 43(Long), 2024-11-13T00:19:40.392587100(LocalDateTime), 2024-11-13T00:19:40.392587100(LocalDateTime)
<==    Updates: 1
Releasing transactional SqlSession [org.apache.ibatis.session.defaults.DefaultSqlSession@140e003e]
Transaction synchronization committing SqlSession [org.apache.ibatis.session.defaults.DefaultSqlSession@140e003e]
Transaction synchronization deregistering SqlSession [org.apache.ibatis.session.defaults.DefaultSqlSession@140e003e]
Transaction synchronization closing SqlSession [org.apache.ibatis.session.defaults.DefaultSqlSession@140e003e]
Creating a new SqlSession
Registering transaction synchronization for SqlSession [org.apache.ibatis.session.defaults.DefaultSqlSession@1a99d328]
JDBC Connection [HikariProxyConnection@833568546 wrapping com.mysql.cj.jdbc.ConnectionImpl@247d44b4] will be managed by Spring
==>  Preparing: INSERT INTO `tb_post` (content, author_id, publish_at, last_update) VALUES (?, ?, ?, ?)
==> Parameters: 在乡村的山丘，享受徒步的乐趣和山顶的美景。(String), 66(Long), 2024-11-13T00:19:40.410681400(LocalDateTime), 2024-11-13T00:19:40.410681400(LocalDateTime)
<==    Updates: 1
Releasing transactional SqlSession [org.apache.ibatis.session.defaults.DefaultSqlSession@1a99d328]
Transaction synchronization committing SqlSession [org.apache.ibatis.session.defaults.DefaultSqlSession@1a99d328]
Transaction synchronization deregistering SqlSession [org.apache.ibatis.session.defaults.DefaultSqlSession@1a99d328]
Transaction synchronization closing SqlSession [org.apache.ibatis.session.defaults.DefaultSqlSession@1a99d328]
Creating a new SqlSession
Registering transaction synchronization for SqlSession [org.apache.ibatis.session.defaults.DefaultSqlSession@99ace98]
JDBC Connection [HikariProxyConnection@568148058 wrapping com.mysql.cj.jdbc.ConnectionImpl@247d44b4] will be managed by Spring
==>  Preparing: INSERT INTO `tb_post` (content, author_id, publish_at, last_update) VALUES (?, ?, ?, ?)
==> Parameters: 在城市的购物中心，享受购物的便利和时尚的潮流。(String), 75(Long), 2024-11-13T00:19:40.420681900(LocalDateTime), 2024-11-13T00:19:40.420681900(LocalDateTime)
<==    Updates: 1
Releasing transactional SqlSession [org.apache.ibatis.session.defaults.DefaultSqlSession@99ace98]
Transaction synchronization committing SqlSession [org.apache.ibatis.session.defaults.DefaultSqlSession@99ace98]
Transaction synchronization deregistering SqlSession [org.apache.ibatis.session.defaults.DefaultSqlSession@99ace98]
Transaction synchronization closing SqlSession [org.apache.ibatis.session.defaults.DefaultSqlSession@99ace98]
Creating a new SqlSession
Registering transaction synchronization for SqlSession [org.apache.ibatis.session.defaults.DefaultSqlSession@ab5d5c8]
JDBC Connection [HikariProxyConnection@2022000417 wrapping com.mysql.cj.jdbc.ConnectionImpl@247d44b4] will be managed by Spring
==>  Preparing: INSERT INTO `tb_post` (content, author_id, publish_at, last_update) VALUES (?, ?, ?, ?)
==> Parameters: 在乡村的小路，享受骑行的自由和乡村的风景。(String), 91(Long), 2024-11-13T00:19:40.429770600(LocalDateTime), 2024-11-13T00:19:40.429770600(LocalDateTime)
<==    Updates: 1
Releasing transactional SqlSession [org.apache.ibatis.session.defaults.DefaultSqlSession@ab5d5c8]
Transaction synchronization committing SqlSession [org.apache.ibatis.session.defaults.DefaultSqlSession@ab5d5c8]
Transaction synchronization deregistering SqlSession [org.apache.ibatis.session.defaults.DefaultSqlSession@ab5d5c8]
Transaction synchronization closing SqlSession [org.apache.ibatis.session.defaults.DefaultSqlSession@ab5d5c8]
Creating a new SqlSession
Registering transaction synchronization for SqlSession [org.apache.ibatis.session.defaults.DefaultSqlSession@78fcc4ef]
JDBC Connection [HikariProxyConnection@388527192 wrapping com.mysql.cj.jdbc.ConnectionImpl@247d44b4] will be managed by Spring
==>  Preparing: INSERT INTO `tb_post` (content, author_id, publish_at, last_update) VALUES (?, ?, ?, ?)
==> Parameters: 在城市的街头艺术，感受城市的创意和活力。(String), 11(Long), 2024-11-13T00:19:40.439770300(LocalDateTime), 2024-11-13T00:19:40.439770300(LocalDateTime)
<==    Updates: 1
Releasing transactional SqlSession [org.apache.ibatis.session.defaults.DefaultSqlSession@78fcc4ef]
Transaction synchronization committing SqlSession [org.apache.ibatis.session.defaults.DefaultSqlSession@78fcc4ef]
Transaction synchronization deregistering SqlSession [org.apache.ibatis.session.defaults.DefaultSqlSession@78fcc4ef]
Transaction synchronization closing SqlSession [org.apache.ibatis.session.defaults.DefaultSqlSession@78fcc4ef]
]]></system-out>
    <system-err><![CDATA[WARNING: A Java agent has been loaded dynamically (D:\apache-maven-3.9.9\repository\net\bytebuddy\byte-buddy-agent\1.14.19\byte-buddy-agent-1.14.19.jar)
WARNING: If a serviceability tool is in use, please run with -XX:+EnableDynamicAgentLoading to hide this warning
WARNING: If a serviceability tool is not in use, please run with -Djdk.instrument.traceUsage for more information
WARNING: Dynamic loading of agents will be disallowed by default in a future release
]]></system-err>
  </testcase>
</testsuite>